[2024-10-21T06:07:01.704+0000] {local_task_job_runner.py:123} INFO - ::group::Pre task execution logs
[2024-10-21T06:07:01.749+0000] {taskinstance.py:2612} INFO - Dependencies all met for dep_context=non-requeueable deps ti=<TaskInstance: table_dag.submit_table manual__2024-10-21T06:06:57.205957+00:00 [queued]>
[2024-10-21T06:07:01.763+0000] {taskinstance.py:2612} INFO - Dependencies all met for dep_context=requeueable deps ti=<TaskInstance: table_dag.submit_table manual__2024-10-21T06:06:57.205957+00:00 [queued]>
[2024-10-21T06:07:01.765+0000] {taskinstance.py:2865} INFO - Starting attempt 1 of 1
[2024-10-21T06:07:01.789+0000] {taskinstance.py:2888} INFO - Executing <Task(PinotTableSubmitOperator): submit_table> on 2024-10-21 06:06:57.205957+00:00
[2024-10-21T06:07:01.801+0000] {warnings.py:112} WARNING - /home/***/.local/lib/python3.12/site-packages/***/task/task_runner/standard_task_runner.py:70: DeprecationWarning: This process (pid=270) is multi-threaded, use of fork() may lead to deadlocks in the child.
  pid = os.fork()

[2024-10-21T06:07:01.804+0000] {standard_task_runner.py:72} INFO - Started process 272 to run task
[2024-10-21T06:07:01.804+0000] {standard_task_runner.py:104} INFO - Running: ['***', 'tasks', 'run', 'table_dag', 'submit_table', 'manual__2024-10-21T06:06:57.205957+00:00', '--job-id', '176', '--raw', '--subdir', 'DAGS_FOLDER/table_dag.py', '--cfg-path', '/tmp/tmp6y77713g']
[2024-10-21T06:07:01.805+0000] {standard_task_runner.py:105} INFO - Job 176: Subtask submit_table
[2024-10-21T06:07:01.872+0000] {task_command.py:467} INFO - Running <TaskInstance: table_dag.submit_table manual__2024-10-21T06:06:57.205957+00:00 [running]> on host b5fa23871e33
[2024-10-21T06:07:01.980+0000] {taskinstance.py:3131} INFO - Exporting env vars: AIRFLOW_CTX_DAG_OWNER='saisunny' AIRFLOW_CTX_DAG_ID='table_dag' AIRFLOW_CTX_TASK_ID='submit_table' AIRFLOW_CTX_EXECUTION_DATE='2024-10-21T06:06:57.205957+00:00' AIRFLOW_CTX_TRY_NUMBER='1' AIRFLOW_CTX_DAG_RUN_ID='manual__2024-10-21T06:06:57.205957+00:00'
[2024-10-21T06:07:01.982+0000] {logging_mixin.py:190} INFO - Task instance is in running state
[2024-10-21T06:07:01.983+0000] {logging_mixin.py:190} INFO -  Previous state of the Task instance: queued
[2024-10-21T06:07:01.984+0000] {logging_mixin.py:190} INFO - Current task name:submit_table state:running start_date:2024-10-21 06:07:01.750413+00:00
[2024-10-21T06:07:01.984+0000] {logging_mixin.py:190} INFO - Dag name:table_dag and current dag run status:running
[2024-10-21T06:07:01.985+0000] {taskinstance.py:731} INFO - ::endgroup::
[2024-10-21T06:07:02.373+0000] {pinot_table_operator.py:30} INFO - /opt/***/dags/tables/account_dim.json Table Successfully Submitted To Apache Pinot!
[2024-10-21T06:07:02.545+0000] {pinot_table_operator.py:30} INFO - /opt/***/dags/tables/branch_dim.json Table Successfully Submitted To Apache Pinot!
[2024-10-21T06:07:02.720+0000] {pinot_table_operator.py:30} INFO - /opt/***/dags/tables/customer_dim.json Table Successfully Submitted To Apache Pinot!
[2024-10-21T06:07:04.476+0000] {pinot_table_operator.py:30} INFO - /opt/***/dags/tables/transaction_facts.json Table Successfully Submitted To Apache Pinot!
[2024-10-21T06:07:04.512+0000] {taskinstance.py:340} INFO - ::group::Post task execution logs
[2024-10-21T06:07:04.514+0000] {taskinstance.py:352} INFO - Marking task as SUCCESS. dag_id=table_dag, task_id=submit_table, run_id=manual__2024-10-21T06:06:57.205957+00:00, execution_date=20241021T060657, start_date=20241021T060701, end_date=20241021T060704
[2024-10-21T06:07:04.544+0000] {logging_mixin.py:190} INFO - Task instance in success state
[2024-10-21T06:07:04.546+0000] {logging_mixin.py:190} INFO -  Previous state of the Task instance: running
[2024-10-21T06:07:04.547+0000] {logging_mixin.py:190} INFO - Dag name:table_dag queued_at:2024-10-21 06:06:57.224568+00:00
[2024-10-21T06:07:04.549+0000] {logging_mixin.py:190} INFO - Task hostname:b5fa23871e33 operator:PinotTableSubmitOperator
[2024-10-21T06:07:04.580+0000] {local_task_job_runner.py:266} INFO - Task exited with return code 0
[2024-10-21T06:07:04.639+0000] {taskinstance.py:3900} INFO - 0 downstream tasks scheduled from follow-on schedule check
[2024-10-21T06:07:04.644+0000] {local_task_job_runner.py:245} INFO - ::endgroup::
