[2024-10-21T05:36:20.366+0000] {local_task_job_runner.py:123} INFO - ::group::Pre task execution logs
[2024-10-21T05:36:20.400+0000] {taskinstance.py:2612} INFO - Dependencies all met for dep_context=non-requeueable deps ti=<TaskInstance: table_dag.submit_table manual__2024-10-21T05:36:14.201338+00:00 [queued]>
[2024-10-21T05:36:20.413+0000] {taskinstance.py:2612} INFO - Dependencies all met for dep_context=requeueable deps ti=<TaskInstance: table_dag.submit_table manual__2024-10-21T05:36:14.201338+00:00 [queued]>
[2024-10-21T05:36:20.414+0000] {taskinstance.py:2865} INFO - Starting attempt 1 of 1
[2024-10-21T05:36:20.437+0000] {taskinstance.py:2888} INFO - Executing <Task(PinotTableSubmitOperator): submit_table> on 2024-10-21 05:36:14.201338+00:00
[2024-10-21T05:36:20.450+0000] {warnings.py:112} WARNING - /home/***/.local/lib/python3.12/site-packages/***/task/task_runner/standard_task_runner.py:70: DeprecationWarning: This process (pid=398) is multi-threaded, use of fork() may lead to deadlocks in the child.
  pid = os.fork()

[2024-10-21T05:36:20.453+0000] {standard_task_runner.py:72} INFO - Started process 400 to run task
[2024-10-21T05:36:20.453+0000] {standard_task_runner.py:104} INFO - Running: ['***', 'tasks', 'run', 'table_dag', 'submit_table', 'manual__2024-10-21T05:36:14.201338+00:00', '--job-id', '154', '--raw', '--subdir', 'DAGS_FOLDER/table_dag.py', '--cfg-path', '/tmp/tmpiy4xaxem']
[2024-10-21T05:36:20.455+0000] {standard_task_runner.py:105} INFO - Job 154: Subtask submit_table
[2024-10-21T05:36:20.530+0000] {task_command.py:467} INFO - Running <TaskInstance: table_dag.submit_table manual__2024-10-21T05:36:14.201338+00:00 [running]> on host b5fa23871e33
[2024-10-21T05:36:20.738+0000] {taskinstance.py:3131} INFO - Exporting env vars: AIRFLOW_CTX_DAG_OWNER='saisunny' AIRFLOW_CTX_DAG_ID='table_dag' AIRFLOW_CTX_TASK_ID='submit_table' AIRFLOW_CTX_EXECUTION_DATE='2024-10-21T05:36:14.201338+00:00' AIRFLOW_CTX_TRY_NUMBER='1' AIRFLOW_CTX_DAG_RUN_ID='manual__2024-10-21T05:36:14.201338+00:00'
[2024-10-21T05:36:20.744+0000] {logging_mixin.py:190} INFO - Task instance is in running state
[2024-10-21T05:36:20.746+0000] {logging_mixin.py:190} INFO -  Previous state of the Task instance: queued
[2024-10-21T05:36:20.748+0000] {logging_mixin.py:190} INFO - Current task name:submit_table state:running start_date:2024-10-21 05:36:20.401917+00:00
[2024-10-21T05:36:20.749+0000] {logging_mixin.py:190} INFO - Dag name:table_dag and current dag run status:running
[2024-10-21T05:36:20.750+0000] {taskinstance.py:731} INFO - ::endgroup::
[2024-10-21T05:36:21.759+0000] {pinot_table_operator.py:32} ERROR - /opt/***/dags/tables/account_dim.json Table Submission Failed To Submit With 409 - {"code":409,"error":"Table config for account_dim_OFFLINE already exists. If this is unexpected, try deleting the table to remove all metadata associated with it."}
[2024-10-21T05:36:21.763+0000] {pinot_table_operator.py:38} ERROR - An Error Occurred: /opt/***/dags/tables/account_dim.json Table Submission Failed To Submit With 409
[2024-10-21T05:36:21.791+0000] {taskinstance.py:340} INFO - ::group::Post task execution logs
[2024-10-21T05:36:21.792+0000] {taskinstance.py:352} INFO - Marking task as SUCCESS. dag_id=table_dag, task_id=submit_table, run_id=manual__2024-10-21T05:36:14.201338+00:00, execution_date=20241021T053614, start_date=20241021T053620, end_date=20241021T053621
[2024-10-21T05:36:21.821+0000] {logging_mixin.py:190} INFO - Task instance in success state
[2024-10-21T05:36:21.823+0000] {logging_mixin.py:190} INFO -  Previous state of the Task instance: running
[2024-10-21T05:36:21.824+0000] {logging_mixin.py:190} INFO - Dag name:table_dag queued_at:2024-10-21 05:36:14.224180+00:00
[2024-10-21T05:36:21.825+0000] {logging_mixin.py:190} INFO - Task hostname:b5fa23871e33 operator:PinotTableSubmitOperator
[2024-10-21T05:36:21.852+0000] {local_task_job_runner.py:266} INFO - Task exited with return code 0
[2024-10-21T05:36:21.886+0000] {taskinstance.py:3900} INFO - 0 downstream tasks scheduled from follow-on schedule check
[2024-10-21T05:36:21.890+0000] {local_task_job_runner.py:245} INFO - ::endgroup::
