[2024-10-21T05:35:48.320+0000] {local_task_job_runner.py:123} INFO - ::group::Pre task execution logs
[2024-10-21T05:35:48.357+0000] {taskinstance.py:2612} INFO - Dependencies all met for dep_context=non-requeueable deps ti=<TaskInstance: transaction_facts_generator.generate_txn_fact_data manual__2024-10-21T05:35:43.250136+00:00 [queued]>
[2024-10-21T05:35:48.371+0000] {taskinstance.py:2612} INFO - Dependencies all met for dep_context=requeueable deps ti=<TaskInstance: transaction_facts_generator.generate_txn_fact_data manual__2024-10-21T05:35:43.250136+00:00 [queued]>
[2024-10-21T05:35:48.373+0000] {taskinstance.py:2865} INFO - Starting attempt 1 of 1
[2024-10-21T05:35:48.393+0000] {taskinstance.py:2888} INFO - Executing <Task(KafkaProduceOperator): generate_txn_fact_data> on 2024-10-21 05:35:43.250136+00:00
[2024-10-21T05:35:48.407+0000] {warnings.py:112} WARNING - /home/***/.local/lib/python3.12/site-packages/***/task/task_runner/standard_task_runner.py:70: DeprecationWarning: This process (pid=382) is multi-threaded, use of fork() may lead to deadlocks in the child.
  pid = os.fork()

[2024-10-21T05:35:48.410+0000] {standard_task_runner.py:72} INFO - Started process 384 to run task
[2024-10-21T05:35:48.410+0000] {standard_task_runner.py:104} INFO - Running: ['***', 'tasks', 'run', 'transaction_facts_generator', 'generate_txn_fact_data', 'manual__2024-10-21T05:35:43.250136+00:00', '--job-id', '152', '--raw', '--subdir', 'DAGS_FOLDER/transaction_facts_generator.py', '--cfg-path', '/tmp/tmpiv72qm_m']
[2024-10-21T05:35:48.412+0000] {standard_task_runner.py:105} INFO - Job 152: Subtask generate_txn_fact_data
[2024-10-21T05:35:48.484+0000] {task_command.py:467} INFO - Running <TaskInstance: transaction_facts_generator.generate_txn_fact_data manual__2024-10-21T05:35:43.250136+00:00 [running]> on host b5fa23871e33
[2024-10-21T05:35:48.594+0000] {taskinstance.py:3131} INFO - Exporting env vars: AIRFLOW_CTX_DAG_OWNER='saisunny' AIRFLOW_CTX_DAG_ID='transaction_facts_generator' AIRFLOW_CTX_TASK_ID='generate_txn_fact_data' AIRFLOW_CTX_EXECUTION_DATE='2024-10-21T05:35:43.250136+00:00' AIRFLOW_CTX_TRY_NUMBER='1' AIRFLOW_CTX_DAG_RUN_ID='manual__2024-10-21T05:35:43.250136+00:00'
[2024-10-21T05:35:48.596+0000] {logging_mixin.py:190} INFO - Task instance is in running state
[2024-10-21T05:35:48.597+0000] {logging_mixin.py:190} INFO -  Previous state of the Task instance: queued
[2024-10-21T05:35:48.598+0000] {logging_mixin.py:190} INFO - Current task name:generate_txn_fact_data state:running start_date:2024-10-21 05:35:48.358514+00:00
[2024-10-21T05:35:48.599+0000] {logging_mixin.py:190} INFO - Dag name:transaction_facts_generator and current dag run status:running
[2024-10-21T05:35:48.600+0000] {taskinstance.py:731} INFO - ::endgroup::
[2024-10-21T05:35:48.604+0000] {conn.py:362} INFO - <BrokerConnection node_id=bootstrap-0 host=kafka_broker:9092 <connecting> [IPv4 ('172.20.0.9', 9092)]>: connecting to kafka_broker:9092 [('172.20.0.9', 9092) IPv4]
[2024-10-21T05:35:48.605+0000] {conn.py:957} INFO - Probing node bootstrap-0 broker version
[2024-10-21T05:35:48.607+0000] {conn.py:393} INFO - <BrokerConnection node_id=bootstrap-0 host=kafka_broker:9092 <connecting> [IPv4 ('172.20.0.9', 9092)]>: Connection complete.
[2024-10-21T05:35:48.725+0000] {conn.py:1019} INFO - Broker version identified as 2.5.0
[2024-10-21T05:35:48.726+0000] {conn.py:1020} INFO - Set configuration api_version=(2, 5, 0) to skip auto check_version requests on startup
[2024-10-21T05:35:48.735+0000] {kafka_operator.py:62} INFO - Produced row: {'transaction_id': 'T000000', 'transaction_type': 'Debit', 'currency': 'INR', 'branch_id': 'B00053', 'transaction_date': 1709184948733, 'transaction_amount': 3469.06, 'exchange_rate': 1.1696, 'customer_id': 'C00017', 'account_id': 'A00087'} of 0
[2024-10-21T05:35:48.737+0000] {kafka_operator.py:62} INFO - Produced row: {'transaction_id': 'T000001', 'transaction_type': 'Transfer', 'currency': 'USD', 'branch_id': 'B00066', 'transaction_date': 1705728948736, 'transaction_amount': 9293.94, 'exchange_rate': 0.7071, 'customer_id': 'C00041', 'account_id': 'A00052'} of 1
[2024-10-21T05:35:48.738+0000] {conn.py:362} INFO - <BrokerConnection node_id=0 host=kafka_broker:9092 <connecting> [IPv4 ('172.20.0.9', 9092)]>: connecting to kafka_broker:9092 [('172.20.0.9', 9092) IPv4]
[2024-10-21T05:35:48.738+0000] {kafka_operator.py:62} INFO - Produced row: {'transaction_id': 'T000002', 'transaction_type': 'Debit', 'currency': 'GBP', 'branch_id': 'B00050', 'transaction_date': 1723959348738, 'transaction_amount': 2964.62, 'exchange_rate': 0.9376, 'customer_id': 'C00049', 'account_id': 'A00069'} of 2
[2024-10-21T05:35:48.740+0000] {conn.py:393} INFO - <BrokerConnection node_id=0 host=kafka_broker:9092 <connecting> [IPv4 ('172.20.0.9', 9092)]>: Connection complete.
[2024-10-21T05:35:48.741+0000] {kafka_operator.py:62} INFO - Produced row: {'transaction_id': 'T000003', 'transaction_type': 'Transfer', 'currency': 'EUR', 'branch_id': 'B00009', 'transaction_date': 1711085748740, 'transaction_amount': 3564.28, 'exchange_rate': 1.2545, 'customer_id': 'C00079', 'account_id': 'A00032'} of 3
[2024-10-21T05:35:48.741+0000] {conn.py:673} INFO - <BrokerConnection node_id=bootstrap-0 host=kafka_broker:9092 <connected> [IPv4 ('172.20.0.9', 9092)]>: Closing connection. 
[2024-10-21T05:35:48.743+0000] {kafka_operator.py:62} INFO - Produced row: {'transaction_id': 'T000004', 'transaction_type': 'Withdrawal', 'currency': 'USD', 'branch_id': 'B00079', 'transaction_date': 1699335348742, 'transaction_amount': 3497.4, 'exchange_rate': 1.0929, 'customer_id': 'C00065', 'account_id': 'A00077'} of 4
[2024-10-21T05:35:48.748+0000] {kafka_operator.py:62} INFO - Produced row: {'transaction_id': 'T000005', 'transaction_type': 'Debit', 'currency': 'GBP', 'branch_id': 'B00088', 'transaction_date': 1717997748748, 'transaction_amount': 7290.91, 'exchange_rate': 0.8404, 'customer_id': 'C00085', 'account_id': 'A00099'} of 5
[2024-10-21T05:35:48.750+0000] {kafka_operator.py:62} INFO - Produced row: {'transaction_id': 'T000006', 'transaction_type': 'Transfer', 'currency': 'INR', 'branch_id': 'B00082', 'transaction_date': 1729143348750, 'transaction_amount': 386.81, 'exchange_rate': 0.9618, 'customer_id': 'C00040', 'account_id': 'A00023'} of 6
[2024-10-21T05:35:48.752+0000] {kafka_operator.py:62} INFO - Produced row: {'transaction_id': 'T000007', 'transaction_type': 'Transfer', 'currency': 'USD', 'branch_id': 'B00067', 'transaction_date': 1708148148752, 'transaction_amount': 2100.43, 'exchange_rate': 1.086, 'customer_id': 'C00020', 'account_id': 'A00053'} of 7
[2024-10-21T05:35:48.754+0000] {kafka_operator.py:62} INFO - Produced row: {'transaction_id': 'T000008', 'transaction_type': 'Deposit', 'currency': 'INR', 'branch_id': 'B00060', 'transaction_date': 1721367348754, 'transaction_amount': 1621.55, 'exchange_rate': 1.3954, 'customer_id': 'C00017', 'account_id': 'A00025'} of 8
[2024-10-21T05:35:48.756+0000] {kafka_operator.py:62} INFO - Produced row: {'transaction_id': 'T000009', 'transaction_type': 'Withdrawal', 'currency': 'EUR', 'branch_id': 'B00059', 'transaction_date': 1708839348756, 'transaction_amount': 174.47, 'exchange_rate': 1.1807, 'customer_id': 'C00076', 'account_id': 'A00026'} of 9
[2024-10-21T05:35:48.759+0000] {kafka_operator.py:62} INFO - Produced row: {'transaction_id': 'T000010', 'transaction_type': 'Deposit', 'currency': 'USD', 'branch_id': 'B00012', 'transaction_date': 1722231348758, 'transaction_amount': 6723.7, 'exchange_rate': 1.3268, 'customer_id': 'C00001', 'account_id': 'A00063'} of 10
[2024-10-21T05:35:48.761+0000] {kafka_operator.py:62} INFO - Produced row: {'transaction_id': 'T000011', 'transaction_type': 'Credit', 'currency': 'INR', 'branch_id': 'B00062', 'transaction_date': 1704951348761, 'transaction_amount': 8175.32, 'exchange_rate': 0.6874, 'customer_id': 'C00060', 'account_id': 'A00097'} of 11
[2024-10-21T05:35:48.763+0000] {kafka_operator.py:62} INFO - Produced row: {'transaction_id': 'T000012', 'transaction_type': 'Deposit', 'currency': 'EUR', 'branch_id': 'B00089', 'transaction_date': 1717220148763, 'transaction_amount': 1032.32, 'exchange_rate': 0.8642, 'customer_id': 'C00001', 'account_id': 'A00063'} of 12
[2024-10-21T05:35:48.765+0000] {kafka_operator.py:62} INFO - Produced row: {'transaction_id': 'T000013', 'transaction_type': 'Transfer', 'currency': 'INR', 'branch_id': 'B00098', 'transaction_date': 1719639348765, 'transaction_amount': 1272.66, 'exchange_rate': 1.2657, 'customer_id': 'C00086', 'account_id': 'A00086'} of 13
[2024-10-21T05:35:48.766+0000] {kafka_operator.py:62} INFO - Produced row: {'transaction_id': 'T000014', 'transaction_type': 'Transfer', 'currency': 'GBP', 'branch_id': 'B00026', 'transaction_date': 1723440948766, 'transaction_amount': 752.88, 'exchange_rate': 0.6925, 'customer_id': 'C00010', 'account_id': 'A00095'} of 14
[2024-10-21T05:35:48.767+0000] {kafka_operator.py:62} INFO - Produced row: {'transaction_id': 'T000015', 'transaction_type': 'Deposit', 'currency': 'GBP', 'branch_id': 'B00093', 'transaction_date': 1708234548767, 'transaction_amount': 2072.12, 'exchange_rate': 0.6716, 'customer_id': 'C00099', 'account_id': 'A00062'} of 15
[2024-10-21T05:35:48.768+0000] {kafka_operator.py:62} INFO - Produced row: {'transaction_id': 'T000016', 'transaction_type': 'Debit', 'currency': 'USD', 'branch_id': 'B00021', 'transaction_date': 1713764148768, 'transaction_amount': 6025.44, 'exchange_rate': 0.8247, 'customer_id': 'C00096', 'account_id': 'A00097'} of 16
[2024-10-21T05:35:48.770+0000] {kafka_operator.py:62} INFO - Produced row: {'transaction_id': 'T000017', 'transaction_type': 'Transfer', 'currency': 'INR', 'branch_id': 'B00040', 'transaction_date': 1718343348769, 'transaction_amount': 5072.32, 'exchange_rate': 0.8461, 'customer_id': 'C00096', 'account_id': 'A00063'} of 17
[2024-10-21T05:35:48.771+0000] {kafka_operator.py:62} INFO - Produced row: {'transaction_id': 'T000018', 'transaction_type': 'Debit', 'currency': 'INR', 'branch_id': 'B00048', 'transaction_date': 1717392948771, 'transaction_amount': 6088.58, 'exchange_rate': 1.1948, 'customer_id': 'C00094', 'account_id': 'A00086'} of 18
[2024-10-21T05:35:48.772+0000] {kafka_operator.py:62} INFO - Produced row: {'transaction_id': 'T000019', 'transaction_type': 'Deposit', 'currency': 'GBP', 'branch_id': 'B00035', 'transaction_date': 1718084148772, 'transaction_amount': 2056.57, 'exchange_rate': 1.3686, 'customer_id': 'C00007', 'account_id': 'A00057'} of 19
[2024-10-21T05:35:48.773+0000] {kafka_operator.py:62} INFO - Produced row: {'transaction_id': 'T000020', 'transaction_type': 'Deposit', 'currency': 'INR', 'branch_id': 'B00087', 'transaction_date': 1722490548773, 'transaction_amount': 9028.18, 'exchange_rate': 1.0993, 'customer_id': 'C00071', 'account_id': 'A00041'} of 20
[2024-10-21T05:35:48.774+0000] {kafka_operator.py:62} INFO - Produced row: {'transaction_id': 'T000021', 'transaction_type': 'Deposit', 'currency': 'INR', 'branch_id': 'B00015', 'transaction_date': 1715232948774, 'transaction_amount': 3931.05, 'exchange_rate': 1.049, 'customer_id': 'C00052', 'account_id': 'A00023'} of 21
[2024-10-21T05:35:48.775+0000] {kafka_operator.py:62} INFO - Produced row: {'transaction_id': 'T000022', 'transaction_type': 'Deposit', 'currency': 'EUR', 'branch_id': 'B00058', 'transaction_date': 1727501748775, 'transaction_amount': 8250.61, 'exchange_rate': 0.7454, 'customer_id': 'C00037', 'account_id': 'A00030'} of 22
[2024-10-21T05:35:48.776+0000] {kafka_operator.py:62} INFO - Produced row: {'transaction_id': 'T000023', 'transaction_type': 'Withdrawal', 'currency': 'INR', 'branch_id': 'B00094', 'transaction_date': 1728452148776, 'transaction_amount': 3771.67, 'exchange_rate': 1.3145, 'customer_id': 'C00053', 'account_id': 'A00093'} of 23
[2024-10-21T05:35:48.777+0000] {kafka_operator.py:62} INFO - Produced row: {'transaction_id': 'T000024', 'transaction_type': 'Withdrawal', 'currency': 'EUR', 'branch_id': 'B00038', 'transaction_date': 1712122548777, 'transaction_amount': 3216.99, 'exchange_rate': 0.8708, 'customer_id': 'C00017', 'account_id': 'A00042'} of 24
[2024-10-21T05:35:48.778+0000] {kafka_operator.py:62} INFO - Produced row: {'transaction_id': 'T000025', 'transaction_type': 'Withdrawal', 'currency': 'GBP', 'branch_id': 'B00044', 'transaction_date': 1716528948778, 'transaction_amount': 2385.37, 'exchange_rate': 1.3783, 'customer_id': 'C00045', 'account_id': 'A00083'} of 25
[2024-10-21T05:35:48.779+0000] {kafka_operator.py:62} INFO - Produced row: {'transaction_id': 'T000026', 'transaction_type': 'Credit', 'currency': 'GBP', 'branch_id': 'B00040', 'transaction_date': 1713677748779, 'transaction_amount': 8980.82, 'exchange_rate': 0.7567, 'customer_id': 'C00034', 'account_id': 'A00070'} of 26
[2024-10-21T05:35:48.781+0000] {kafka_operator.py:62} INFO - Produced row: {'transaction_id': 'T000027', 'transaction_type': 'Credit', 'currency': 'GBP', 'branch_id': 'B00065', 'transaction_date': 1715751348780, 'transaction_amount': 1807.73, 'exchange_rate': 0.7338, 'customer_id': 'C00066', 'account_id': 'A00022'} of 27
[2024-10-21T05:35:48.782+0000] {kafka_operator.py:62} INFO - Produced row: {'transaction_id': 'T000028', 'transaction_type': 'Debit', 'currency': 'EUR', 'branch_id': 'B00022', 'transaction_date': 1724218548782, 'transaction_amount': 8123.57, 'exchange_rate': 0.5809, 'customer_id': 'C00097', 'account_id': 'A00051'} of 28
[2024-10-21T05:35:48.783+0000] {kafka_operator.py:62} INFO - Produced row: {'transaction_id': 'T000029', 'transaction_type': 'Withdrawal', 'currency': 'USD', 'branch_id': 'B00045', 'transaction_date': 1713677748783, 'transaction_amount': 6416.56, 'exchange_rate': 1.0817, 'customer_id': 'C00050', 'account_id': 'A00069'} of 29
[2024-10-21T05:35:48.784+0000] {kafka_operator.py:62} INFO - Produced row: {'transaction_id': 'T000030', 'transaction_type': 'Withdrawal', 'currency': 'INR', 'branch_id': 'B00039', 'transaction_date': 1727674548784, 'transaction_amount': 5956.09, 'exchange_rate': 1.0503, 'customer_id': 'C00070', 'account_id': 'A00063'} of 30
[2024-10-21T05:35:48.785+0000] {kafka_operator.py:62} INFO - Produced row: {'transaction_id': 'T000031', 'transaction_type': 'Transfer', 'currency': 'GBP', 'branch_id': 'B00009', 'transaction_date': 1711604148785, 'transaction_amount': 5120.05, 'exchange_rate': 0.802, 'customer_id': 'C00013', 'account_id': 'A00067'} of 31
[2024-10-21T05:35:48.786+0000] {kafka_operator.py:62} INFO - Produced row: {'transaction_id': 'T000032', 'transaction_type': 'Deposit', 'currency': 'INR', 'branch_id': 'B00005', 'transaction_date': 1722144948786, 'transaction_amount': 2637.93, 'exchange_rate': 0.6321, 'customer_id': 'C00087', 'account_id': 'A00054'} of 32
[2024-10-21T05:35:48.787+0000] {kafka_operator.py:62} INFO - Produced row: {'transaction_id': 'T000033', 'transaction_type': 'Transfer', 'currency': 'INR', 'branch_id': 'B00075', 'transaction_date': 1723095348787, 'transaction_amount': 4738.57, 'exchange_rate': 0.6268, 'customer_id': 'C00057', 'account_id': 'A00060'} of 33
[2024-10-21T05:35:48.788+0000] {kafka_operator.py:62} INFO - Produced row: {'transaction_id': 'T000034', 'transaction_type': 'Debit', 'currency': 'GBP', 'branch_id': 'B00058', 'transaction_date': 1705901748788, 'transaction_amount': 4547.12, 'exchange_rate': 0.7145, 'customer_id': 'C00050', 'account_id': 'A00038'} of 34
[2024-10-21T05:35:48.790+0000] {kafka_operator.py:62} INFO - Produced row: {'transaction_id': 'T000035', 'transaction_type': 'Transfer', 'currency': 'USD', 'branch_id': 'B00070', 'transaction_date': 1720244148789, 'transaction_amount': 632.53, 'exchange_rate': 0.7276, 'customer_id': 'C00081', 'account_id': 'A00089'} of 35
[2024-10-21T05:35:48.791+0000] {kafka_operator.py:62} INFO - Produced row: {'transaction_id': 'T000036', 'transaction_type': 'Withdrawal', 'currency': 'USD', 'branch_id': 'B00044', 'transaction_date': 1721194548791, 'transaction_amount': 846.7, 'exchange_rate': 1.4503, 'customer_id': 'C00100', 'account_id': 'A00052'} of 36
[2024-10-21T05:35:48.792+0000] {kafka_operator.py:62} INFO - Produced row: {'transaction_id': 'T000037', 'transaction_type': 'Deposit', 'currency': 'USD', 'branch_id': 'B00046', 'transaction_date': 1721453748792, 'transaction_amount': 259.94, 'exchange_rate': 1.0944, 'customer_id': 'C00059', 'account_id': 'A00028'} of 37
[2024-10-21T05:35:48.793+0000] {kafka_operator.py:62} INFO - Produced row: {'transaction_id': 'T000038', 'transaction_type': 'Debit', 'currency': 'EUR', 'branch_id': 'B00068', 'transaction_date': 1699853748793, 'transaction_amount': 8308.9, 'exchange_rate': 1.4434, 'customer_id': 'C00058', 'account_id': 'A00026'} of 38
[2024-10-21T05:35:48.794+0000] {kafka_operator.py:62} INFO - Produced row: {'transaction_id': 'T000039', 'transaction_type': 'Transfer', 'currency': 'GBP', 'branch_id': 'B00075', 'transaction_date': 1717392948794, 'transaction_amount': 1644.89, 'exchange_rate': 1.2265, 'customer_id': 'C00092', 'account_id': 'A00038'} of 39
[2024-10-21T05:35:48.795+0000] {kafka_operator.py:62} INFO - Produced row: {'transaction_id': 'T000040', 'transaction_type': 'Debit', 'currency': 'INR', 'branch_id': 'B00024', 'transaction_date': 1704864948795, 'transaction_amount': 6128.68, 'exchange_rate': 1.3746, 'customer_id': 'C00041', 'account_id': 'A00072'} of 40
[2024-10-21T05:35:48.797+0000] {kafka_operator.py:62} INFO - Produced row: {'transaction_id': 'T000041', 'transaction_type': 'Transfer', 'currency': 'INR', 'branch_id': 'B00029', 'transaction_date': 1727847348796, 'transaction_amount': 2016.94, 'exchange_rate': 0.5694, 'customer_id': 'C00093', 'account_id': 'A00040'} of 41
[2024-10-21T05:35:48.798+0000] {kafka_operator.py:62} INFO - Produced row: {'transaction_id': 'T000042', 'transaction_type': 'Debit', 'currency': 'INR', 'branch_id': 'B00039', 'transaction_date': 1714196148798, 'transaction_amount': 881.06, 'exchange_rate': 1.2936, 'customer_id': 'C00028', 'account_id': 'A00088'} of 42
[2024-10-21T05:35:48.799+0000] {kafka_operator.py:62} INFO - Produced row: {'transaction_id': 'T000043', 'transaction_type': 'Withdrawal', 'currency': 'USD', 'branch_id': 'B00083', 'transaction_date': 1726724148799, 'transaction_amount': 6648.39, 'exchange_rate': 0.814, 'customer_id': 'C00035', 'account_id': 'A00064'} of 43
[2024-10-21T05:35:48.800+0000] {kafka_operator.py:62} INFO - Produced row: {'transaction_id': 'T000044', 'transaction_type': 'Withdrawal', 'currency': 'GBP', 'branch_id': 'B00067', 'transaction_date': 1721194548800, 'transaction_amount': 2797.52, 'exchange_rate': 1.3968, 'customer_id': 'C00085', 'account_id': 'A00057'} of 44
[2024-10-21T05:35:48.801+0000] {kafka_operator.py:62} INFO - Produced row: {'transaction_id': 'T000045', 'transaction_type': 'Withdrawal', 'currency': 'GBP', 'branch_id': 'B00014', 'transaction_date': 1713677748801, 'transaction_amount': 811.08, 'exchange_rate': 1.2053, 'customer_id': 'C00088', 'account_id': 'A00046'} of 45
[2024-10-21T05:35:48.803+0000] {kafka_operator.py:62} INFO - Produced row: {'transaction_id': 'T000046', 'transaction_type': 'Transfer', 'currency': 'EUR', 'branch_id': 'B00036', 'transaction_date': 1722663348802, 'transaction_amount': 3780.34, 'exchange_rate': 0.7055, 'customer_id': 'C00039', 'account_id': 'A00027'} of 46
[2024-10-21T05:35:48.803+0000] {kafka_operator.py:62} INFO - Produced row: {'transaction_id': 'T000047', 'transaction_type': 'Credit', 'currency': 'GBP', 'branch_id': 'B00056', 'transaction_date': 1728624948803, 'transaction_amount': 1554.7, 'exchange_rate': 1.3631, 'customer_id': 'C00064', 'account_id': 'A00042'} of 47
[2024-10-21T05:35:48.804+0000] {kafka_operator.py:62} INFO - Produced row: {'transaction_id': 'T000048', 'transaction_type': 'Credit', 'currency': 'EUR', 'branch_id': 'B00093', 'transaction_date': 1718343348804, 'transaction_amount': 5310.13, 'exchange_rate': 0.8257, 'customer_id': 'C00048', 'account_id': 'A00089'} of 48
[2024-10-21T05:35:48.805+0000] {kafka_operator.py:62} INFO - Produced row: {'transaction_id': 'T000049', 'transaction_type': 'Withdrawal', 'currency': 'GBP', 'branch_id': 'B00060', 'transaction_date': 1704260148805, 'transaction_amount': 7064.0, 'exchange_rate': 0.8873, 'customer_id': 'C00093', 'account_id': 'A00066'} of 49
[2024-10-21T05:35:48.806+0000] {kafka_operator.py:62} INFO - Produced row: {'transaction_id': 'T000050', 'transaction_type': 'Debit', 'currency': 'USD', 'branch_id': 'B00037', 'transaction_date': 1724650548806, 'transaction_amount': 8245.29, 'exchange_rate': 1.3068, 'customer_id': 'C00100', 'account_id': 'A00054'} of 50
[2024-10-21T05:35:48.809+0000] {kafka_operator.py:62} INFO - Produced row: {'transaction_id': 'T000051', 'transaction_type': 'Debit', 'currency': 'GBP', 'branch_id': 'B00028', 'transaction_date': 1723872948808, 'transaction_amount': 3594.9, 'exchange_rate': 0.596, 'customer_id': 'C00038', 'account_id': 'A00006'} of 51
[2024-10-21T05:35:48.810+0000] {kafka_operator.py:62} INFO - Produced row: {'transaction_id': 'T000052', 'transaction_type': 'Transfer', 'currency': 'USD', 'branch_id': 'B00033', 'transaction_date': 1713591348810, 'transaction_amount': 3201.91, 'exchange_rate': 0.8705, 'customer_id': 'C00082', 'account_id': 'A00064'} of 52
[2024-10-21T05:35:48.817+0000] {kafka_operator.py:62} INFO - Produced row: {'transaction_id': 'T000053', 'transaction_type': 'Deposit', 'currency': 'USD', 'branch_id': 'B00052', 'transaction_date': 1718775348816, 'transaction_amount': 8337.52, 'exchange_rate': 1.084, 'customer_id': 'C00099', 'account_id': 'A00013'} of 53
[2024-10-21T05:35:48.819+0000] {kafka_operator.py:62} INFO - Produced row: {'transaction_id': 'T000054', 'transaction_type': 'Transfer', 'currency': 'GBP', 'branch_id': 'B00022', 'transaction_date': 1725428148818, 'transaction_amount': 8277.8, 'exchange_rate': 1.0784, 'customer_id': 'C00004', 'account_id': 'A00018'} of 54
[2024-10-21T05:35:48.820+0000] {kafka_operator.py:62} INFO - Produced row: {'transaction_id': 'T000055', 'transaction_type': 'Debit', 'currency': 'GBP', 'branch_id': 'B00003', 'transaction_date': 1710135348820, 'transaction_amount': 7298.86, 'exchange_rate': 1.3815, 'customer_id': 'C00070', 'account_id': 'A00011'} of 55
[2024-10-21T05:35:48.821+0000] {kafka_operator.py:62} INFO - Produced row: {'transaction_id': 'T000056', 'transaction_type': 'Withdrawal', 'currency': 'INR', 'branch_id': 'B00064', 'transaction_date': 1715405748821, 'transaction_amount': 1219.07, 'exchange_rate': 0.5342, 'customer_id': 'C00050', 'account_id': 'A00007'} of 56
[2024-10-21T05:35:48.823+0000] {kafka_operator.py:62} INFO - Produced row: {'transaction_id': 'T000057', 'transaction_type': 'Debit', 'currency': 'USD', 'branch_id': 'B00048', 'transaction_date': 1710135348822, 'transaction_amount': 6527.79, 'exchange_rate': 0.947, 'customer_id': 'C00025', 'account_id': 'A00030'} of 57
[2024-10-21T05:35:48.824+0000] {kafka_operator.py:62} INFO - Produced row: {'transaction_id': 'T000058', 'transaction_type': 'Credit', 'currency': 'EUR', 'branch_id': 'B00056', 'transaction_date': 1712381748823, 'transaction_amount': 890.77, 'exchange_rate': 0.5793, 'customer_id': 'C00071', 'account_id': 'A00098'} of 58
[2024-10-21T05:35:48.825+0000] {kafka_operator.py:62} INFO - Produced row: {'transaction_id': 'T000059', 'transaction_type': 'Credit', 'currency': 'EUR', 'branch_id': 'B00067', 'transaction_date': 1705037748824, 'transaction_amount': 6085.49, 'exchange_rate': 1.1193, 'customer_id': 'C00028', 'account_id': 'A00094'} of 59
[2024-10-21T05:35:48.826+0000] {kafka_operator.py:62} INFO - Produced row: {'transaction_id': 'T000060', 'transaction_type': 'Transfer', 'currency': 'USD', 'branch_id': 'B00090', 'transaction_date': 1713850548826, 'transaction_amount': 9662.58, 'exchange_rate': 0.8302, 'customer_id': 'C00094', 'account_id': 'A00065'} of 60
[2024-10-21T05:35:48.827+0000] {kafka_operator.py:62} INFO - Produced row: {'transaction_id': 'T000061', 'transaction_type': 'Deposit', 'currency': 'GBP', 'branch_id': 'B00093', 'transaction_date': 1709876148827, 'transaction_amount': 2534.55, 'exchange_rate': 1.4736, 'customer_id': 'C00055', 'account_id': 'A00052'} of 61
[2024-10-21T05:35:48.829+0000] {kafka_operator.py:62} INFO - Produced row: {'transaction_id': 'T000062', 'transaction_type': 'Withdrawal', 'currency': 'EUR', 'branch_id': 'B00022', 'transaction_date': 1704692148829, 'transaction_amount': 6051.36, 'exchange_rate': 0.9447, 'customer_id': 'C00053', 'account_id': 'A00069'} of 62
[2024-10-21T05:35:48.831+0000] {kafka_operator.py:62} INFO - Produced row: {'transaction_id': 'T000063', 'transaction_type': 'Deposit', 'currency': 'USD', 'branch_id': 'B00046', 'transaction_date': 1701754548831, 'transaction_amount': 3879.25, 'exchange_rate': 0.8655, 'customer_id': 'C00068', 'account_id': 'A00044'} of 63
[2024-10-21T05:35:48.833+0000] {kafka_operator.py:62} INFO - Produced row: {'transaction_id': 'T000064', 'transaction_type': 'Deposit', 'currency': 'USD', 'branch_id': 'B00062', 'transaction_date': 1725946548833, 'transaction_amount': 9167.67, 'exchange_rate': 1.0463, 'customer_id': 'C00041', 'account_id': 'A00006'} of 64
[2024-10-21T05:35:48.835+0000] {kafka_operator.py:62} INFO - Produced row: {'transaction_id': 'T000065', 'transaction_type': 'Transfer', 'currency': 'EUR', 'branch_id': 'B00042', 'transaction_date': 1705037748835, 'transaction_amount': 5058.06, 'exchange_rate': 1.3868, 'customer_id': 'C00049', 'account_id': 'A00070'} of 65
[2024-10-21T05:35:48.838+0000] {kafka_operator.py:62} INFO - Produced row: {'transaction_id': 'T000066', 'transaction_type': 'Transfer', 'currency': 'USD', 'branch_id': 'B00019', 'transaction_date': 1705642548837, 'transaction_amount': 4101.72, 'exchange_rate': 0.7056, 'customer_id': 'C00066', 'account_id': 'A00076'} of 66
[2024-10-21T05:35:48.839+0000] {kafka_operator.py:62} INFO - Produced row: {'transaction_id': 'T000067', 'transaction_type': 'Credit', 'currency': 'USD', 'branch_id': 'B00020', 'transaction_date': 1714800948839, 'transaction_amount': 1463.17, 'exchange_rate': 0.9194, 'customer_id': 'C00023', 'account_id': 'A00088'} of 67
[2024-10-21T05:35:48.840+0000] {kafka_operator.py:62} INFO - Produced row: {'transaction_id': 'T000068', 'transaction_type': 'Credit', 'currency': 'GBP', 'branch_id': 'B00053', 'transaction_date': 1718948148840, 'transaction_amount': 7858.69, 'exchange_rate': 0.6361, 'customer_id': 'C00019', 'account_id': 'A00049'} of 68
[2024-10-21T05:35:48.842+0000] {kafka_operator.py:62} INFO - Produced row: {'transaction_id': 'T000069', 'transaction_type': 'Deposit', 'currency': 'INR', 'branch_id': 'B00058', 'transaction_date': 1716010548842, 'transaction_amount': 2489.33, 'exchange_rate': 0.645, 'customer_id': 'C00029', 'account_id': 'A00023'} of 69
[2024-10-21T05:35:48.843+0000] {kafka_operator.py:62} INFO - Produced row: {'transaction_id': 'T000070', 'transaction_type': 'Transfer', 'currency': 'USD', 'branch_id': 'B00078', 'transaction_date': 1708320948843, 'transaction_amount': 3517.58, 'exchange_rate': 1.1876, 'customer_id': 'C00091', 'account_id': 'A00078'} of 70
[2024-10-21T05:35:48.845+0000] {kafka_operator.py:62} INFO - Produced row: {'transaction_id': 'T000071', 'transaction_type': 'Credit', 'currency': 'INR', 'branch_id': 'B00073', 'transaction_date': 1724650548845, 'transaction_amount': 5013.51, 'exchange_rate': 0.7036, 'customer_id': 'C00005', 'account_id': 'A00047'} of 71
[2024-10-21T05:35:48.846+0000] {kafka_operator.py:62} INFO - Produced row: {'transaction_id': 'T000072', 'transaction_type': 'Credit', 'currency': 'GBP', 'branch_id': 'B00030', 'transaction_date': 1697952948846, 'transaction_amount': 1623.44, 'exchange_rate': 1.4878, 'customer_id': 'C00064', 'account_id': 'A00041'} of 72
[2024-10-21T05:35:48.849+0000] {kafka_operator.py:62} INFO - Produced row: {'transaction_id': 'T000073', 'transaction_type': 'Debit', 'currency': 'USD', 'branch_id': 'B00057', 'transaction_date': 1698989748848, 'transaction_amount': 2451.61, 'exchange_rate': 1.1982, 'customer_id': 'C00058', 'account_id': 'A00040'} of 73
[2024-10-21T05:35:48.850+0000] {kafka_operator.py:62} INFO - Produced row: {'transaction_id': 'T000074', 'transaction_type': 'Deposit', 'currency': 'USD', 'branch_id': 'B00085', 'transaction_date': 1727328948850, 'transaction_amount': 8712.71, 'exchange_rate': 1.3681, 'customer_id': 'C00074', 'account_id': 'A00042'} of 74
[2024-10-21T05:35:48.852+0000] {kafka_operator.py:62} INFO - Produced row: {'transaction_id': 'T000075', 'transaction_type': 'Debit', 'currency': 'INR', 'branch_id': 'B00099', 'transaction_date': 1723872948852, 'transaction_amount': 9843.98, 'exchange_rate': 0.907, 'customer_id': 'C00064', 'account_id': 'A00045'} of 75
[2024-10-21T05:35:48.854+0000] {kafka_operator.py:62} INFO - Produced row: {'transaction_id': 'T000076', 'transaction_type': 'Withdrawal', 'currency': 'GBP', 'branch_id': 'B00071', 'transaction_date': 1728970548854, 'transaction_amount': 9992.96, 'exchange_rate': 0.5711, 'customer_id': 'C00069', 'account_id': 'A00022'} of 76
[2024-10-21T05:35:48.856+0000] {kafka_operator.py:62} INFO - Produced row: {'transaction_id': 'T000077', 'transaction_type': 'Debit', 'currency': 'USD', 'branch_id': 'B00048', 'transaction_date': 1715492148856, 'transaction_amount': 8318.96, 'exchange_rate': 1.2882, 'customer_id': 'C00029', 'account_id': 'A00054'} of 77
[2024-10-21T05:35:48.858+0000] {kafka_operator.py:62} INFO - Produced row: {'transaction_id': 'T000078', 'transaction_type': 'Debit', 'currency': 'INR', 'branch_id': 'B00028', 'transaction_date': 1725946548858, 'transaction_amount': 2022.37, 'exchange_rate': 0.911, 'customer_id': 'C00015', 'account_id': 'A00093'} of 78
[2024-10-21T05:35:48.860+0000] {kafka_operator.py:62} INFO - Produced row: {'transaction_id': 'T000079', 'transaction_type': 'Credit', 'currency': 'INR', 'branch_id': 'B00099', 'transaction_date': 1701063348860, 'transaction_amount': 398.52, 'exchange_rate': 1.2038, 'customer_id': 'C00013', 'account_id': 'A00031'} of 79
[2024-10-21T05:35:48.862+0000] {kafka_operator.py:62} INFO - Produced row: {'transaction_id': 'T000080', 'transaction_type': 'Transfer', 'currency': 'USD', 'branch_id': 'B00032', 'transaction_date': 1717652148862, 'transaction_amount': 1337.22, 'exchange_rate': 1.4344, 'customer_id': 'C00081', 'account_id': 'A00027'} of 80
[2024-10-21T05:35:48.864+0000] {kafka_operator.py:62} INFO - Produced row: {'transaction_id': 'T000081', 'transaction_type': 'Withdrawal', 'currency': 'INR', 'branch_id': 'B00047', 'transaction_date': 1699248948864, 'transaction_amount': 2613.03, 'exchange_rate': 0.6001, 'customer_id': 'C00066', 'account_id': 'A00078'} of 81
[2024-10-21T05:35:48.866+0000] {kafka_operator.py:62} INFO - Produced row: {'transaction_id': 'T000082', 'transaction_type': 'Transfer', 'currency': 'INR', 'branch_id': 'B00098', 'transaction_date': 1728884148866, 'transaction_amount': 7775.97, 'exchange_rate': 1.1844, 'customer_id': 'C00066', 'account_id': 'A00080'} of 82
[2024-10-21T05:35:48.867+0000] {kafka_operator.py:62} INFO - Produced row: {'transaction_id': 'T000083', 'transaction_type': 'Withdrawal', 'currency': 'GBP', 'branch_id': 'B00089', 'transaction_date': 1708580148867, 'transaction_amount': 5474.34, 'exchange_rate': 1.1122, 'customer_id': 'C00081', 'account_id': 'A00052'} of 83
[2024-10-21T05:35:48.869+0000] {kafka_operator.py:62} INFO - Produced row: {'transaction_id': 'T000084', 'transaction_type': 'Credit', 'currency': 'USD', 'branch_id': 'B00019', 'transaction_date': 1710999348869, 'transaction_amount': 6843.47, 'exchange_rate': 0.8691, 'customer_id': 'C00084', 'account_id': 'A00018'} of 84
[2024-10-21T05:35:48.871+0000] {kafka_operator.py:62} INFO - Produced row: {'transaction_id': 'T000085', 'transaction_type': 'Transfer', 'currency': 'USD', 'branch_id': 'B00088', 'transaction_date': 1718516148870, 'transaction_amount': 8852.84, 'exchange_rate': 1.2169, 'customer_id': 'C00058', 'account_id': 'A00083'} of 85
[2024-10-21T05:35:48.872+0000] {kafka_operator.py:62} INFO - Produced row: {'transaction_id': 'T000086', 'transaction_type': 'Credit', 'currency': 'INR', 'branch_id': 'B00061', 'transaction_date': 1714455348872, 'transaction_amount': 623.06, 'exchange_rate': 1.3021, 'customer_id': 'C00045', 'account_id': 'A00071'} of 86
[2024-10-21T05:35:48.875+0000] {kafka_operator.py:62} INFO - Produced row: {'transaction_id': 'T000087', 'transaction_type': 'Deposit', 'currency': 'GBP', 'branch_id': 'B00088', 'transaction_date': 1727501748875, 'transaction_amount': 667.24, 'exchange_rate': 0.8627, 'customer_id': 'C00017', 'account_id': 'A00057'} of 87
[2024-10-21T05:35:48.876+0000] {kafka_operator.py:62} INFO - Produced row: {'transaction_id': 'T000088', 'transaction_type': 'Deposit', 'currency': 'USD', 'branch_id': 'B00014', 'transaction_date': 1721367348876, 'transaction_amount': 9275.51, 'exchange_rate': 0.9303, 'customer_id': 'C00025', 'account_id': 'A00036'} of 88
[2024-10-21T05:35:48.878+0000] {kafka_operator.py:62} INFO - Produced row: {'transaction_id': 'T000089', 'transaction_type': 'Deposit', 'currency': 'INR', 'branch_id': 'B00068', 'transaction_date': 1713332148878, 'transaction_amount': 8302.99, 'exchange_rate': 0.9461, 'customer_id': 'C00100', 'account_id': 'A00051'} of 89
[2024-10-21T05:35:48.880+0000] {kafka_operator.py:62} INFO - Produced row: {'transaction_id': 'T000090', 'transaction_type': 'Transfer', 'currency': 'USD', 'branch_id': 'B00065', 'transaction_date': 1715319348880, 'transaction_amount': 6984.66, 'exchange_rate': 0.7685, 'customer_id': 'C00048', 'account_id': 'A00008'} of 90
[2024-10-21T05:35:48.881+0000] {kafka_operator.py:62} INFO - Produced row: {'transaction_id': 'T000091', 'transaction_type': 'Transfer', 'currency': 'INR', 'branch_id': 'B00014', 'transaction_date': 1702272948881, 'transaction_amount': 8458.64, 'exchange_rate': 1.1814, 'customer_id': 'C00034', 'account_id': 'A00073'} of 91
[2024-10-21T05:35:48.883+0000] {kafka_operator.py:62} INFO - Produced row: {'transaction_id': 'T000092', 'transaction_type': 'Deposit', 'currency': 'EUR', 'branch_id': 'B00048', 'transaction_date': 1712122548883, 'transaction_amount': 2951.84, 'exchange_rate': 0.7219, 'customer_id': 'C00044', 'account_id': 'A00017'} of 92
[2024-10-21T05:35:48.885+0000] {kafka_operator.py:62} INFO - Produced row: {'transaction_id': 'T000093', 'transaction_type': 'Deposit', 'currency': 'EUR', 'branch_id': 'B00098', 'transaction_date': 1723268148885, 'transaction_amount': 9107.6, 'exchange_rate': 1.2815, 'customer_id': 'C00022', 'account_id': 'A00091'} of 93
[2024-10-21T05:35:48.887+0000] {kafka_operator.py:62} INFO - Produced row: {'transaction_id': 'T000094', 'transaction_type': 'Transfer', 'currency': 'GBP', 'branch_id': 'B00087', 'transaction_date': 1706074548887, 'transaction_amount': 4794.02, 'exchange_rate': 1.1858, 'customer_id': 'C00006', 'account_id': 'A00009'} of 94
[2024-10-21T05:35:48.889+0000] {kafka_operator.py:62} INFO - Produced row: {'transaction_id': 'T000095', 'transaction_type': 'Debit', 'currency': 'EUR', 'branch_id': 'B00053', 'transaction_date': 1713504948889, 'transaction_amount': 244.51, 'exchange_rate': 0.6806, 'customer_id': 'C00064', 'account_id': 'A00071'} of 95
[2024-10-21T05:35:48.891+0000] {kafka_operator.py:62} INFO - Produced row: {'transaction_id': 'T000096', 'transaction_type': 'Deposit', 'currency': 'EUR', 'branch_id': 'B00033', 'transaction_date': 1717392948891, 'transaction_amount': 5884.79, 'exchange_rate': 0.8162, 'customer_id': 'C00045', 'account_id': 'A00028'} of 96
[2024-10-21T05:35:48.893+0000] {kafka_operator.py:62} INFO - Produced row: {'transaction_id': 'T000097', 'transaction_type': 'Transfer', 'currency': 'USD', 'branch_id': 'B00004', 'transaction_date': 1701754548893, 'transaction_amount': 4599.61, 'exchange_rate': 1.033, 'customer_id': 'C00041', 'account_id': 'A00017'} of 97
[2024-10-21T05:35:48.895+0000] {kafka_operator.py:62} INFO - Produced row: {'transaction_id': 'T000098', 'transaction_type': 'Debit', 'currency': 'USD', 'branch_id': 'B00071', 'transaction_date': 1708148148895, 'transaction_amount': 655.36, 'exchange_rate': 1.4157, 'customer_id': 'C00065', 'account_id': 'A00077'} of 98
[2024-10-21T05:35:48.897+0000] {kafka_operator.py:62} INFO - Produced row: {'transaction_id': 'T000099', 'transaction_type': 'Withdrawal', 'currency': 'EUR', 'branch_id': 'B00088', 'transaction_date': 1703050548897, 'transaction_amount': 5279.57, 'exchange_rate': 1.1502, 'customer_id': 'C00043', 'account_id': 'A00090'} of 99
[2024-10-21T05:35:48.900+0000] {kafka_operator.py:62} INFO - Produced row: {'transaction_id': 'T000100', 'transaction_type': 'Withdrawal', 'currency': 'GBP', 'branch_id': 'B00027', 'transaction_date': 1707629748900, 'transaction_amount': 5389.8, 'exchange_rate': 0.8783, 'customer_id': 'C00026', 'account_id': 'A00100'} of 100
[2024-10-21T05:35:48.903+0000] {kafka_operator.py:65} INFO - Produced 100 records of transaction which has been sent to the transaction_facts topic!
[2024-10-21T05:35:48.904+0000] {conn.py:673} INFO - <BrokerConnection node_id=0 host=kafka_broker:9092 <connected> [IPv4 ('172.20.0.9', 9092)]>: Closing connection. 
[2024-10-21T05:35:48.919+0000] {taskinstance.py:340} INFO - ::group::Post task execution logs
[2024-10-21T05:35:48.920+0000] {taskinstance.py:352} INFO - Marking task as SUCCESS. dag_id=transaction_facts_generator, task_id=generate_txn_fact_data, run_id=manual__2024-10-21T05:35:43.250136+00:00, execution_date=20241021T053543, start_date=20241021T053548, end_date=20241021T053548
[2024-10-21T05:35:48.935+0000] {logging_mixin.py:190} INFO - Task instance in success state
[2024-10-21T05:35:48.936+0000] {logging_mixin.py:190} INFO -  Previous state of the Task instance: running
[2024-10-21T05:35:48.937+0000] {logging_mixin.py:190} INFO - Dag name:transaction_facts_generator queued_at:2024-10-21 05:35:43.286516+00:00
[2024-10-21T05:35:48.938+0000] {logging_mixin.py:190} INFO - Task hostname:b5fa23871e33 operator:KafkaProduceOperator
[2024-10-21T05:35:48.956+0000] {local_task_job_runner.py:266} INFO - Task exited with return code 0
[2024-10-21T05:35:48.981+0000] {taskinstance.py:3900} INFO - 0 downstream tasks scheduled from follow-on schedule check
[2024-10-21T05:35:48.983+0000] {local_task_job_runner.py:245} INFO - ::endgroup::
