[2024-10-21T05:32:17.248+0000] {local_task_job_runner.py:123} INFO - ::group::Pre task execution logs
[2024-10-21T05:32:17.275+0000] {taskinstance.py:2612} INFO - Dependencies all met for dep_context=non-requeueable deps ti=<TaskInstance: transaction_facts_generator.generate_txn_fact_data scheduled__2024-10-20T00:00:00+00:00 [queued]>
[2024-10-21T05:32:17.297+0000] {taskinstance.py:2612} INFO - Dependencies all met for dep_context=requeueable deps ti=<TaskInstance: transaction_facts_generator.generate_txn_fact_data scheduled__2024-10-20T00:00:00+00:00 [queued]>
[2024-10-21T05:32:17.299+0000] {taskinstance.py:2865} INFO - Starting attempt 1 of 1
[2024-10-21T05:32:17.321+0000] {taskinstance.py:2888} INFO - Executing <Task(KafkaProduceOperator): generate_txn_fact_data> on 2024-10-20 00:00:00+00:00
[2024-10-21T05:32:17.331+0000] {warnings.py:112} WARNING - /home/***/.local/lib/python3.12/site-packages/***/task/task_runner/standard_task_runner.py:70: DeprecationWarning: This process (pid=304) is multi-threaded, use of fork() may lead to deadlocks in the child.
  pid = os.fork()

[2024-10-21T05:32:17.333+0000] {standard_task_runner.py:72} INFO - Started process 306 to run task
[2024-10-21T05:32:17.334+0000] {standard_task_runner.py:104} INFO - Running: ['***', 'tasks', 'run', 'transaction_facts_generator', 'generate_txn_fact_data', 'scheduled__2024-10-20T00:00:00+00:00', '--job-id', '145', '--raw', '--subdir', 'DAGS_FOLDER/transaction_facts_generator.py', '--cfg-path', '/tmp/tmpnlx2ecc2']
[2024-10-21T05:32:17.335+0000] {standard_task_runner.py:105} INFO - Job 145: Subtask generate_txn_fact_data
[2024-10-21T05:32:17.405+0000] {task_command.py:467} INFO - Running <TaskInstance: transaction_facts_generator.generate_txn_fact_data scheduled__2024-10-20T00:00:00+00:00 [running]> on host b5fa23871e33
[2024-10-21T05:32:17.529+0000] {taskinstance.py:3131} INFO - Exporting env vars: AIRFLOW_CTX_DAG_OWNER='saisunny' AIRFLOW_CTX_DAG_ID='transaction_facts_generator' AIRFLOW_CTX_TASK_ID='generate_txn_fact_data' AIRFLOW_CTX_EXECUTION_DATE='2024-10-20T00:00:00+00:00' AIRFLOW_CTX_TRY_NUMBER='1' AIRFLOW_CTX_DAG_RUN_ID='scheduled__2024-10-20T00:00:00+00:00'
[2024-10-21T05:32:17.531+0000] {logging_mixin.py:190} INFO - Task instance is in running state
[2024-10-21T05:32:17.531+0000] {logging_mixin.py:190} INFO -  Previous state of the Task instance: queued
[2024-10-21T05:32:17.532+0000] {logging_mixin.py:190} INFO - Current task name:generate_txn_fact_data state:running start_date:2024-10-21 05:32:17.278611+00:00
[2024-10-21T05:32:17.533+0000] {logging_mixin.py:190} INFO - Dag name:transaction_facts_generator and current dag run status:running
[2024-10-21T05:32:17.534+0000] {taskinstance.py:731} INFO - ::endgroup::
[2024-10-21T05:32:17.538+0000] {conn.py:362} INFO - <BrokerConnection node_id=bootstrap-0 host=kafka_broker:9092 <connecting> [IPv4 ('172.20.0.9', 9092)]>: connecting to kafka_broker:9092 [('172.20.0.9', 9092) IPv4]
[2024-10-21T05:32:17.539+0000] {conn.py:957} INFO - Probing node bootstrap-0 broker version
[2024-10-21T05:32:17.542+0000] {conn.py:393} INFO - <BrokerConnection node_id=bootstrap-0 host=kafka_broker:9092 <connecting> [IPv4 ('172.20.0.9', 9092)]>: Connection complete.
[2024-10-21T05:32:17.648+0000] {conn.py:1019} INFO - Broker version identified as 2.5.0
[2024-10-21T05:32:17.649+0000] {conn.py:1020} INFO - Set configuration api_version=(2, 5, 0) to skip auto check_version requests on startup
[2024-10-21T05:32:17.659+0000] {kafka_operator.py:62} INFO - Produced row: {'transaction_id': 'T000000', 'transaction_type': 'Credit', 'currency': 'INR', 'branch_id': 'B00095', 'transaction_date': 1724563937656, 'transaction_amount': 1316.02, 'exchange_rate': 0.8646, 'customer_id': 'C00099', 'account_id': 'A00007'} of 0
[2024-10-21T05:32:17.662+0000] {kafka_operator.py:62} INFO - Produced row: {'transaction_id': 'T000001', 'transaction_type': 'Deposit', 'currency': 'INR', 'branch_id': 'B00075', 'transaction_date': 1716355937661, 'transaction_amount': 916.95, 'exchange_rate': 0.711, 'customer_id': 'C00057', 'account_id': 'A00098'} of 1
[2024-10-21T05:32:17.663+0000] {conn.py:362} INFO - <BrokerConnection node_id=0 host=kafka_broker:9092 <connecting> [IPv4 ('172.20.0.9', 9092)]>: connecting to kafka_broker:9092 [('172.20.0.9', 9092) IPv4]
[2024-10-21T05:32:17.664+0000] {kafka_operator.py:62} INFO - Produced row: {'transaction_id': 'T000002', 'transaction_type': 'Debit', 'currency': 'USD', 'branch_id': 'B00008', 'transaction_date': 1699767137663, 'transaction_amount': 3912.74, 'exchange_rate': 1.2723, 'customer_id': 'C00042', 'account_id': 'A00099'} of 2
[2024-10-21T05:32:17.666+0000] {conn.py:393} INFO - <BrokerConnection node_id=0 host=kafka_broker:9092 <connecting> [IPv4 ('172.20.0.9', 9092)]>: Connection complete.
[2024-10-21T05:32:17.668+0000] {kafka_operator.py:62} INFO - Produced row: {'transaction_id': 'T000003', 'transaction_type': 'Credit', 'currency': 'GBP', 'branch_id': 'B00021', 'transaction_date': 1718602337668, 'transaction_amount': 4498.3, 'exchange_rate': 1.368, 'customer_id': 'C00031', 'account_id': 'A00058'} of 3
[2024-10-21T05:32:17.671+0000] {conn.py:673} INFO - <BrokerConnection node_id=bootstrap-0 host=kafka_broker:9092 <connected> [IPv4 ('172.20.0.9', 9092)]>: Closing connection. 
[2024-10-21T05:32:17.673+0000] {kafka_operator.py:62} INFO - Produced row: {'transaction_id': 'T000004', 'transaction_type': 'Withdrawal', 'currency': 'GBP', 'branch_id': 'B00009', 'transaction_date': 1701754337672, 'transaction_amount': 5553.0, 'exchange_rate': 1.1846, 'customer_id': 'C00084', 'account_id': 'A00046'} of 4
[2024-10-21T05:32:17.681+0000] {kafka_operator.py:62} INFO - Produced row: {'transaction_id': 'T000005', 'transaction_type': 'Transfer', 'currency': 'INR', 'branch_id': 'B00059', 'transaction_date': 1700890337680, 'transaction_amount': 5123.64, 'exchange_rate': 1.2538, 'customer_id': 'C00042', 'account_id': 'A00048'} of 5
[2024-10-21T05:32:17.688+0000] {kafka_operator.py:62} INFO - Produced row: {'transaction_id': 'T000006', 'transaction_type': 'Withdrawal', 'currency': 'USD', 'branch_id': 'B00091', 'transaction_date': 1717047137685, 'transaction_amount': 7690.85, 'exchange_rate': 0.543, 'customer_id': 'C00090', 'account_id': 'A00084'} of 6
[2024-10-21T05:32:17.692+0000] {kafka_operator.py:62} INFO - Produced row: {'transaction_id': 'T000007', 'transaction_type': 'Deposit', 'currency': 'INR', 'branch_id': 'B00072', 'transaction_date': 1713245537692, 'transaction_amount': 2351.95, 'exchange_rate': 0.897, 'customer_id': 'C00078', 'account_id': 'A00079'} of 7
[2024-10-21T05:32:17.696+0000] {kafka_operator.py:62} INFO - Produced row: {'transaction_id': 'T000008', 'transaction_type': 'Transfer', 'currency': 'EUR', 'branch_id': 'B00009', 'transaction_date': 1711517537695, 'transaction_amount': 6226.98, 'exchange_rate': 0.7732, 'customer_id': 'C00060', 'account_id': 'A00014'} of 8
[2024-10-21T05:32:17.700+0000] {kafka_operator.py:62} INFO - Produced row: {'transaction_id': 'T000009', 'transaction_type': 'Transfer', 'currency': 'USD', 'branch_id': 'B00052', 'transaction_date': 1700544737699, 'transaction_amount': 2133.65, 'exchange_rate': 1.376, 'customer_id': 'C00040', 'account_id': 'A00022'} of 9
[2024-10-21T05:32:17.702+0000] {kafka_operator.py:62} INFO - Produced row: {'transaction_id': 'T000010', 'transaction_type': 'Transfer', 'currency': 'USD', 'branch_id': 'B00020', 'transaction_date': 1717651937702, 'transaction_amount': 8992.93, 'exchange_rate': 1.4013, 'customer_id': 'C00060', 'account_id': 'A00039'} of 10
[2024-10-21T05:32:17.704+0000] {kafka_operator.py:62} INFO - Produced row: {'transaction_id': 'T000011', 'transaction_type': 'Debit', 'currency': 'USD', 'branch_id': 'B00015', 'transaction_date': 1712813537703, 'transaction_amount': 2293.81, 'exchange_rate': 1.3862, 'customer_id': 'C00023', 'account_id': 'A00099'} of 11
[2024-10-21T05:32:17.705+0000] {kafka_operator.py:62} INFO - Produced row: {'transaction_id': 'T000012', 'transaction_type': 'Withdrawal', 'currency': 'EUR', 'branch_id': 'B00078', 'transaction_date': 1708752737705, 'transaction_amount': 6675.77, 'exchange_rate': 1.2952, 'customer_id': 'C00089', 'account_id': 'A00058'} of 12
[2024-10-21T05:32:17.706+0000] {kafka_operator.py:62} INFO - Produced row: {'transaction_id': 'T000013', 'transaction_type': 'Deposit', 'currency': 'INR', 'branch_id': 'B00007', 'transaction_date': 1722922337706, 'transaction_amount': 218.15, 'exchange_rate': 0.7161, 'customer_id': 'C00075', 'account_id': 'A00052'} of 13
[2024-10-21T05:32:17.708+0000] {kafka_operator.py:62} INFO - Produced row: {'transaction_id': 'T000014', 'transaction_type': 'Transfer', 'currency': 'INR', 'branch_id': 'B00014', 'transaction_date': 1720416737707, 'transaction_amount': 9453.95, 'exchange_rate': 1.3608, 'customer_id': 'C00048', 'account_id': 'A00087'} of 14
[2024-10-21T05:32:17.709+0000] {kafka_operator.py:62} INFO - Produced row: {'transaction_id': 'T000015', 'transaction_type': 'Credit', 'currency': 'EUR', 'branch_id': 'B00076', 'transaction_date': 1702877537709, 'transaction_amount': 7124.27, 'exchange_rate': 0.8536, 'customer_id': 'C00060', 'account_id': 'A00060'} of 15
[2024-10-21T05:32:17.711+0000] {kafka_operator.py:62} INFO - Produced row: {'transaction_id': 'T000016', 'transaction_type': 'Withdrawal', 'currency': 'GBP', 'branch_id': 'B00007', 'transaction_date': 1716874337710, 'transaction_amount': 3268.15, 'exchange_rate': 1.4365, 'customer_id': 'C00003', 'account_id': 'A00036'} of 16
[2024-10-21T05:32:17.712+0000] {kafka_operator.py:62} INFO - Produced row: {'transaction_id': 'T000017', 'transaction_type': 'Deposit', 'currency': 'INR', 'branch_id': 'B00059', 'transaction_date': 1701149537712, 'transaction_amount': 4143.67, 'exchange_rate': 1.0666, 'customer_id': 'C00074', 'account_id': 'A00069'} of 17
[2024-10-21T05:32:17.713+0000] {kafka_operator.py:62} INFO - Produced row: {'transaction_id': 'T000018', 'transaction_type': 'Credit', 'currency': 'GBP', 'branch_id': 'B00074', 'transaction_date': 1704691937713, 'transaction_amount': 491.62, 'exchange_rate': 1.4461, 'customer_id': 'C00051', 'account_id': 'A00026'} of 18
[2024-10-21T05:32:17.715+0000] {kafka_operator.py:62} INFO - Produced row: {'transaction_id': 'T000019', 'transaction_type': 'Withdrawal', 'currency': 'EUR', 'branch_id': 'B00037', 'transaction_date': 1724477537715, 'transaction_amount': 2377.32, 'exchange_rate': 1.2454, 'customer_id': 'C00050', 'account_id': 'A00040'} of 19
[2024-10-21T05:32:17.716+0000] {kafka_operator.py:62} INFO - Produced row: {'transaction_id': 'T000020', 'transaction_type': 'Debit', 'currency': 'GBP', 'branch_id': 'B00079', 'transaction_date': 1722922337716, 'transaction_amount': 4043.29, 'exchange_rate': 1.3441, 'customer_id': 'C00071', 'account_id': 'A00094'} of 20
[2024-10-21T05:32:17.718+0000] {kafka_operator.py:62} INFO - Produced row: {'transaction_id': 'T000021', 'transaction_type': 'Credit', 'currency': 'USD', 'branch_id': 'B00084', 'transaction_date': 1714973537718, 'transaction_amount': 2728.51, 'exchange_rate': 0.7732, 'customer_id': 'C00098', 'account_id': 'A00056'} of 21
[2024-10-21T05:32:17.720+0000] {kafka_operator.py:62} INFO - Produced row: {'transaction_id': 'T000022', 'transaction_type': 'Transfer', 'currency': 'USD', 'branch_id': 'B00087', 'transaction_date': 1707715937720, 'transaction_amount': 4573.93, 'exchange_rate': 0.5278, 'customer_id': 'C00030', 'account_id': 'A00012'} of 22
[2024-10-21T05:32:17.722+0000] {kafka_operator.py:62} INFO - Produced row: {'transaction_id': 'T000023', 'transaction_type': 'Debit', 'currency': 'INR', 'branch_id': 'B00100', 'transaction_date': 1702359137722, 'transaction_amount': 9488.77, 'exchange_rate': 1.1598, 'customer_id': 'C00067', 'account_id': 'A00001'} of 23
[2024-10-21T05:32:17.726+0000] {kafka_operator.py:62} INFO - Produced row: {'transaction_id': 'T000024', 'transaction_type': 'Credit', 'currency': 'GBP', 'branch_id': 'B00074', 'transaction_date': 1715923937725, 'transaction_amount': 4871.75, 'exchange_rate': 1.4974, 'customer_id': 'C00093', 'account_id': 'A00099'} of 24
[2024-10-21T05:32:17.729+0000] {kafka_operator.py:62} INFO - Produced row: {'transaction_id': 'T000025', 'transaction_type': 'Deposit', 'currency': 'GBP', 'branch_id': 'B00089', 'transaction_date': 1701322337729, 'transaction_amount': 1020.45, 'exchange_rate': 1.0762, 'customer_id': 'C00080', 'account_id': 'A00023'} of 25
[2024-10-21T05:32:17.731+0000] {kafka_operator.py:62} INFO - Produced row: {'transaction_id': 'T000026', 'transaction_type': 'Credit', 'currency': 'USD', 'branch_id': 'B00019', 'transaction_date': 1718602337731, 'transaction_amount': 8226.72, 'exchange_rate': 0.7241, 'customer_id': 'C00067', 'account_id': 'A00016'} of 26
[2024-10-21T05:32:17.732+0000] {kafka_operator.py:62} INFO - Produced row: {'transaction_id': 'T000027', 'transaction_type': 'Withdrawal', 'currency': 'USD', 'branch_id': 'B00046', 'transaction_date': 1721885537732, 'transaction_amount': 5760.86, 'exchange_rate': 0.9699, 'customer_id': 'C00038', 'account_id': 'A00092'} of 27
[2024-10-21T05:32:17.734+0000] {kafka_operator.py:62} INFO - Produced row: {'transaction_id': 'T000028', 'transaction_type': 'Transfer', 'currency': 'GBP', 'branch_id': 'B00098', 'transaction_date': 1707370337733, 'transaction_amount': 4711.46, 'exchange_rate': 1.3244, 'customer_id': 'C00042', 'account_id': 'A00082'} of 28
[2024-10-21T05:32:17.735+0000] {kafka_operator.py:62} INFO - Produced row: {'transaction_id': 'T000029', 'transaction_type': 'Credit', 'currency': 'USD', 'branch_id': 'B00088', 'transaction_date': 1714455137735, 'transaction_amount': 8991.55, 'exchange_rate': 1.022, 'customer_id': 'C00081', 'account_id': 'A00046'} of 29
[2024-10-21T05:32:17.736+0000] {kafka_operator.py:62} INFO - Produced row: {'transaction_id': 'T000030', 'transaction_type': 'Withdrawal', 'currency': 'EUR', 'branch_id': 'B00003', 'transaction_date': 1726983137736, 'transaction_amount': 3937.27, 'exchange_rate': 1.357, 'customer_id': 'C00005', 'account_id': 'A00058'} of 30
[2024-10-21T05:32:17.738+0000] {kafka_operator.py:62} INFO - Produced row: {'transaction_id': 'T000031', 'transaction_type': 'Transfer', 'currency': 'INR', 'branch_id': 'B00093', 'transaction_date': 1702359137738, 'transaction_amount': 2246.88, 'exchange_rate': 1.4549, 'customer_id': 'C00024', 'account_id': 'A00013'} of 31
[2024-10-21T05:32:17.739+0000] {kafka_operator.py:62} INFO - Produced row: {'transaction_id': 'T000032', 'transaction_type': 'Debit', 'currency': 'USD', 'branch_id': 'B00028', 'transaction_date': 1722317537739, 'transaction_amount': 2238.05, 'exchange_rate': 0.5796, 'customer_id': 'C00032', 'account_id': 'A00029'} of 32
[2024-10-21T05:32:17.741+0000] {kafka_operator.py:62} INFO - Produced row: {'transaction_id': 'T000033', 'transaction_type': 'Withdrawal', 'currency': 'INR', 'branch_id': 'B00025', 'transaction_date': 1706333537740, 'transaction_amount': 6693.03, 'exchange_rate': 0.7569, 'customer_id': 'C00093', 'account_id': 'A00070'} of 33
[2024-10-21T05:32:17.742+0000] {kafka_operator.py:62} INFO - Produced row: {'transaction_id': 'T000034', 'transaction_type': 'Debit', 'currency': 'GBP', 'branch_id': 'B00040', 'transaction_date': 1710307937742, 'transaction_amount': 2517.2, 'exchange_rate': 0.7835, 'customer_id': 'C00094', 'account_id': 'A00085'} of 34
[2024-10-21T05:32:17.743+0000] {kafka_operator.py:62} INFO - Produced row: {'transaction_id': 'T000035', 'transaction_type': 'Debit', 'currency': 'EUR', 'branch_id': 'B00020', 'transaction_date': 1707370337743, 'transaction_amount': 9601.45, 'exchange_rate': 1.369, 'customer_id': 'C00025', 'account_id': 'A00089'} of 35
[2024-10-21T05:32:17.745+0000] {kafka_operator.py:62} INFO - Produced row: {'transaction_id': 'T000036', 'transaction_type': 'Transfer', 'currency': 'GBP', 'branch_id': 'B00026', 'transaction_date': 1718602337744, 'transaction_amount': 2980.63, 'exchange_rate': 0.8959, 'customer_id': 'C00096', 'account_id': 'A00030'} of 36
[2024-10-21T05:32:17.746+0000] {kafka_operator.py:62} INFO - Produced row: {'transaction_id': 'T000037', 'transaction_type': 'Deposit', 'currency': 'GBP', 'branch_id': 'B00017', 'transaction_date': 1724650337746, 'transaction_amount': 414.39, 'exchange_rate': 0.6041, 'customer_id': 'C00004', 'account_id': 'A00030'} of 37
[2024-10-21T05:32:17.748+0000] {kafka_operator.py:62} INFO - Produced row: {'transaction_id': 'T000038', 'transaction_type': 'Withdrawal', 'currency': 'INR', 'branch_id': 'B00014', 'transaction_date': 1703482337748, 'transaction_amount': 1250.4, 'exchange_rate': 0.9732, 'customer_id': 'C00023', 'account_id': 'A00007'} of 38
[2024-10-21T05:32:17.751+0000] {kafka_operator.py:62} INFO - Produced row: {'transaction_id': 'T000039', 'transaction_type': 'Transfer', 'currency': 'GBP', 'branch_id': 'B00030', 'transaction_date': 1705037537751, 'transaction_amount': 1342.83, 'exchange_rate': 0.6379, 'customer_id': 'C00002', 'account_id': 'A00044'} of 39
[2024-10-21T05:32:17.754+0000] {kafka_operator.py:62} INFO - Produced row: {'transaction_id': 'T000040', 'transaction_type': 'Transfer', 'currency': 'INR', 'branch_id': 'B00099', 'transaction_date': 1717306337753, 'transaction_amount': 3786.59, 'exchange_rate': 1.1622, 'customer_id': 'C00071', 'account_id': 'A00035'} of 40
[2024-10-21T05:32:17.755+0000] {kafka_operator.py:62} INFO - Produced row: {'transaction_id': 'T000041', 'transaction_type': 'Deposit', 'currency': 'INR', 'branch_id': 'B00060', 'transaction_date': 1698125537755, 'transaction_amount': 2871.33, 'exchange_rate': 1.4497, 'customer_id': 'C00059', 'account_id': 'A00034'} of 41
[2024-10-21T05:32:17.757+0000] {kafka_operator.py:62} INFO - Produced row: {'transaction_id': 'T000042', 'transaction_type': 'Transfer', 'currency': 'USD', 'branch_id': 'B00032', 'transaction_date': 1716701537757, 'transaction_amount': 5587.84, 'exchange_rate': 0.6956, 'customer_id': 'C00056', 'account_id': 'A00058'} of 42
[2024-10-21T05:32:17.759+0000] {kafka_operator.py:62} INFO - Produced row: {'transaction_id': 'T000043', 'transaction_type': 'Debit', 'currency': 'INR', 'branch_id': 'B00068', 'transaction_date': 1727933537759, 'transaction_amount': 2304.64, 'exchange_rate': 1.2313, 'customer_id': 'C00062', 'account_id': 'A00097'} of 43
[2024-10-21T05:32:17.761+0000] {kafka_operator.py:62} INFO - Produced row: {'transaction_id': 'T000044', 'transaction_type': 'Withdrawal', 'currency': 'USD', 'branch_id': 'B00091', 'transaction_date': 1700803937761, 'transaction_amount': 6716.18, 'exchange_rate': 1.4693, 'customer_id': 'C00083', 'account_id': 'A00095'} of 44
[2024-10-21T05:32:17.762+0000] {kafka_operator.py:62} INFO - Produced row: {'transaction_id': 'T000045', 'transaction_type': 'Credit', 'currency': 'USD', 'branch_id': 'B00039', 'transaction_date': 1716355937762, 'transaction_amount': 3007.6, 'exchange_rate': 0.6231, 'customer_id': 'C00015', 'account_id': 'A00018'} of 45
[2024-10-21T05:32:17.764+0000] {kafka_operator.py:62} INFO - Produced row: {'transaction_id': 'T000046', 'transaction_type': 'Credit', 'currency': 'INR', 'branch_id': 'B00025', 'transaction_date': 1711171937763, 'transaction_amount': 2032.46, 'exchange_rate': 1.4535, 'customer_id': 'C00080', 'account_id': 'A00019'} of 46
[2024-10-21T05:32:17.765+0000] {kafka_operator.py:62} INFO - Produced row: {'transaction_id': 'T000047', 'transaction_type': 'Deposit', 'currency': 'INR', 'branch_id': 'B00018', 'transaction_date': 1712381537764, 'transaction_amount': 8523.23, 'exchange_rate': 1.4491, 'customer_id': 'C00091', 'account_id': 'A00038'} of 47
[2024-10-21T05:32:17.766+0000] {kafka_operator.py:62} INFO - Produced row: {'transaction_id': 'T000048', 'transaction_type': 'Debit', 'currency': 'INR', 'branch_id': 'B00010', 'transaction_date': 1727242337766, 'transaction_amount': 7780.82, 'exchange_rate': 1.0726, 'customer_id': 'C00010', 'account_id': 'A00032'} of 48
[2024-10-21T05:32:17.768+0000] {kafka_operator.py:62} INFO - Produced row: {'transaction_id': 'T000049', 'transaction_type': 'Deposit', 'currency': 'EUR', 'branch_id': 'B00082', 'transaction_date': 1705123937768, 'transaction_amount': 462.45, 'exchange_rate': 0.6889, 'customer_id': 'C00002', 'account_id': 'A00039'} of 49
[2024-10-21T05:32:17.770+0000] {kafka_operator.py:62} INFO - Produced row: {'transaction_id': 'T000050', 'transaction_type': 'Transfer', 'currency': 'INR', 'branch_id': 'B00044', 'transaction_date': 1703482337770, 'transaction_amount': 907.25, 'exchange_rate': 0.7345, 'customer_id': 'C00022', 'account_id': 'A00039'} of 50
[2024-10-21T05:32:17.781+0000] {kafka_operator.py:62} INFO - Produced row: {'transaction_id': 'T000051', 'transaction_type': 'Debit', 'currency': 'GBP', 'branch_id': 'B00033', 'transaction_date': 1723527137778, 'transaction_amount': 2919.17, 'exchange_rate': 0.6123, 'customer_id': 'C00097', 'account_id': 'A00053'} of 51
[2024-10-21T05:32:17.784+0000] {kafka_operator.py:62} INFO - Produced row: {'transaction_id': 'T000052', 'transaction_type': 'Credit', 'currency': 'EUR', 'branch_id': 'B00043', 'transaction_date': 1713418337784, 'transaction_amount': 6474.69, 'exchange_rate': 0.8455, 'customer_id': 'C00001', 'account_id': 'A00042'} of 52
[2024-10-21T05:32:17.787+0000] {kafka_operator.py:62} INFO - Produced row: {'transaction_id': 'T000053', 'transaction_type': 'Debit', 'currency': 'USD', 'branch_id': 'B00068', 'transaction_date': 1705123937787, 'transaction_amount': 2655.84, 'exchange_rate': 1.3544, 'customer_id': 'C00081', 'account_id': 'A00046'} of 53
[2024-10-21T05:32:17.791+0000] {kafka_operator.py:62} INFO - Produced row: {'transaction_id': 'T000054', 'transaction_type': 'Credit', 'currency': 'INR', 'branch_id': 'B00095', 'transaction_date': 1710912737790, 'transaction_amount': 866.22, 'exchange_rate': 0.8337, 'customer_id': 'C00037', 'account_id': 'A00100'} of 54
[2024-10-21T05:32:17.793+0000] {kafka_operator.py:62} INFO - Produced row: {'transaction_id': 'T000055', 'transaction_type': 'Debit', 'currency': 'USD', 'branch_id': 'B00048', 'transaction_date': 1720762337793, 'transaction_amount': 4460.88, 'exchange_rate': 1.4702, 'customer_id': 'C00014', 'account_id': 'A00086'} of 55
[2024-10-21T05:32:17.796+0000] {kafka_operator.py:62} INFO - Produced row: {'transaction_id': 'T000056', 'transaction_type': 'Deposit', 'currency': 'GBP', 'branch_id': 'B00038', 'transaction_date': 1704173537795, 'transaction_amount': 5229.42, 'exchange_rate': 1.2433, 'customer_id': 'C00065', 'account_id': 'A00092'} of 56
[2024-10-21T05:32:17.798+0000] {kafka_operator.py:62} INFO - Produced row: {'transaction_id': 'T000057', 'transaction_type': 'Credit', 'currency': 'EUR', 'branch_id': 'B00006', 'transaction_date': 1699335137798, 'transaction_amount': 7072.63, 'exchange_rate': 1.4745, 'customer_id': 'C00093', 'account_id': 'A00072'} of 57
[2024-10-21T05:32:17.801+0000] {kafka_operator.py:62} INFO - Produced row: {'transaction_id': 'T000058', 'transaction_type': 'Deposit', 'currency': 'EUR', 'branch_id': 'B00089', 'transaction_date': 1728365537800, 'transaction_amount': 1705.53, 'exchange_rate': 1.1453, 'customer_id': 'C00045', 'account_id': 'A00061'} of 58
[2024-10-21T05:32:17.803+0000] {kafka_operator.py:62} INFO - Produced row: {'transaction_id': 'T000059', 'transaction_type': 'Deposit', 'currency': 'INR', 'branch_id': 'B00042', 'transaction_date': 1727501537802, 'transaction_amount': 2233.03, 'exchange_rate': 1.1731, 'customer_id': 'C00024', 'account_id': 'A00078'} of 59
[2024-10-21T05:32:17.804+0000] {kafka_operator.py:62} INFO - Produced row: {'transaction_id': 'T000060', 'transaction_type': 'Deposit', 'currency': 'USD', 'branch_id': 'B00088', 'transaction_date': 1716528737804, 'transaction_amount': 9371.88, 'exchange_rate': 1.2795, 'customer_id': 'C00045', 'account_id': 'A00026'} of 60
[2024-10-21T05:32:17.806+0000] {kafka_operator.py:62} INFO - Produced row: {'transaction_id': 'T000061', 'transaction_type': 'Debit', 'currency': 'USD', 'branch_id': 'B00037', 'transaction_date': 1702704737806, 'transaction_amount': 1899.41, 'exchange_rate': 0.5368, 'customer_id': 'C00091', 'account_id': 'A00009'} of 61
[2024-10-21T05:32:17.808+0000] {kafka_operator.py:62} INFO - Produced row: {'transaction_id': 'T000062', 'transaction_type': 'Withdrawal', 'currency': 'INR', 'branch_id': 'B00053', 'transaction_date': 1729056737808, 'transaction_amount': 2840.38, 'exchange_rate': 1.3982, 'customer_id': 'C00025', 'account_id': 'A00081'} of 62
[2024-10-21T05:32:17.811+0000] {kafka_operator.py:62} INFO - Produced row: {'transaction_id': 'T000063', 'transaction_type': 'Withdrawal', 'currency': 'EUR', 'branch_id': 'B00023', 'transaction_date': 1711949537810, 'transaction_amount': 6772.56, 'exchange_rate': 1.1476, 'customer_id': 'C00002', 'account_id': 'A00020'} of 63
[2024-10-21T05:32:17.812+0000] {kafka_operator.py:62} INFO - Produced row: {'transaction_id': 'T000064', 'transaction_type': 'Debit', 'currency': 'GBP', 'branch_id': 'B00046', 'transaction_date': 1717738337812, 'transaction_amount': 2690.75, 'exchange_rate': 1.2074, 'customer_id': 'C00094', 'account_id': 'A00064'} of 64
[2024-10-21T05:32:17.814+0000] {kafka_operator.py:62} INFO - Produced row: {'transaction_id': 'T000065', 'transaction_type': 'Transfer', 'currency': 'USD', 'branch_id': 'B00051', 'transaction_date': 1715232737813, 'transaction_amount': 465.63, 'exchange_rate': 0.5949, 'customer_id': 'C00014', 'account_id': 'A00034'} of 65
[2024-10-21T05:32:17.815+0000] {kafka_operator.py:62} INFO - Produced row: {'transaction_id': 'T000066', 'transaction_type': 'Transfer', 'currency': 'EUR', 'branch_id': 'B00043', 'transaction_date': 1727847137815, 'transaction_amount': 3725.36, 'exchange_rate': 0.8599, 'customer_id': 'C00003', 'account_id': 'A00068'} of 66
[2024-10-21T05:32:17.816+0000] {kafka_operator.py:62} INFO - Produced row: {'transaction_id': 'T000067', 'transaction_type': 'Debit', 'currency': 'INR', 'branch_id': 'B00038', 'transaction_date': 1723872737816, 'transaction_amount': 3803.15, 'exchange_rate': 0.6611, 'customer_id': 'C00016', 'account_id': 'A00030'} of 67
[2024-10-21T05:32:17.820+0000] {kafka_operator.py:62} INFO - Produced row: {'transaction_id': 'T000068', 'transaction_type': 'Deposit', 'currency': 'INR', 'branch_id': 'B00092', 'transaction_date': 1704519137819, 'transaction_amount': 9463.7, 'exchange_rate': 1.0218, 'customer_id': 'C00070', 'account_id': 'A00065'} of 68
[2024-10-21T05:32:17.822+0000] {kafka_operator.py:62} INFO - Produced row: {'transaction_id': 'T000069', 'transaction_type': 'Debit', 'currency': 'USD', 'branch_id': 'B00073', 'transaction_date': 1724909537821, 'transaction_amount': 3198.41, 'exchange_rate': 0.9866, 'customer_id': 'C00036', 'account_id': 'A00026'} of 69
[2024-10-21T05:32:17.824+0000] {kafka_operator.py:62} INFO - Produced row: {'transaction_id': 'T000070', 'transaction_type': 'Withdrawal', 'currency': 'INR', 'branch_id': 'B00061', 'transaction_date': 1714973537823, 'transaction_amount': 7225.54, 'exchange_rate': 1.2873, 'customer_id': 'C00054', 'account_id': 'A00017'} of 70
[2024-10-21T05:32:17.827+0000] {kafka_operator.py:62} INFO - Produced row: {'transaction_id': 'T000071', 'transaction_type': 'Debit', 'currency': 'EUR', 'branch_id': 'B00020', 'transaction_date': 1726983137826, 'transaction_amount': 8696.65, 'exchange_rate': 0.901, 'customer_id': 'C00089', 'account_id': 'A00088'} of 71
[2024-10-21T05:32:17.830+0000] {kafka_operator.py:62} INFO - Produced row: {'transaction_id': 'T000072', 'transaction_type': 'Deposit', 'currency': 'EUR', 'branch_id': 'B00052', 'transaction_date': 1705123937828, 'transaction_amount': 5960.99, 'exchange_rate': 0.5014, 'customer_id': 'C00071', 'account_id': 'A00024'} of 72
[2024-10-21T05:32:17.832+0000] {kafka_operator.py:62} INFO - Produced row: {'transaction_id': 'T000073', 'transaction_type': 'Debit', 'currency': 'USD', 'branch_id': 'B00016', 'transaction_date': 1698039137831, 'transaction_amount': 3762.37, 'exchange_rate': 1.0844, 'customer_id': 'C00049', 'account_id': 'A00050'} of 73
[2024-10-21T05:32:17.834+0000] {kafka_operator.py:62} INFO - Produced row: {'transaction_id': 'T000074', 'transaction_type': 'Debit', 'currency': 'GBP', 'branch_id': 'B00072', 'transaction_date': 1697952737834, 'transaction_amount': 4196.45, 'exchange_rate': 0.5017, 'customer_id': 'C00017', 'account_id': 'A00096'} of 74
[2024-10-21T05:32:17.835+0000] {kafka_operator.py:62} INFO - Produced row: {'transaction_id': 'T000075', 'transaction_type': 'Credit', 'currency': 'GBP', 'branch_id': 'B00070', 'transaction_date': 1708493537835, 'transaction_amount': 1444.5, 'exchange_rate': 0.9066, 'customer_id': 'C00022', 'account_id': 'A00071'} of 75
[2024-10-21T05:32:17.838+0000] {kafka_operator.py:62} INFO - Produced row: {'transaction_id': 'T000076', 'transaction_type': 'Credit', 'currency': 'USD', 'branch_id': 'B00049', 'transaction_date': 1706679137836, 'transaction_amount': 826.57, 'exchange_rate': 0.8661, 'customer_id': 'C00086', 'account_id': 'A00058'} of 76
[2024-10-21T05:32:17.840+0000] {kafka_operator.py:62} INFO - Produced row: {'transaction_id': 'T000077', 'transaction_type': 'Withdrawal', 'currency': 'GBP', 'branch_id': 'B00066', 'transaction_date': 1714455137840, 'transaction_amount': 293.23, 'exchange_rate': 0.9023, 'customer_id': 'C00065', 'account_id': 'A00071'} of 77
[2024-10-21T05:32:17.843+0000] {kafka_operator.py:62} INFO - Produced row: {'transaction_id': 'T000078', 'transaction_type': 'Withdrawal', 'currency': 'INR', 'branch_id': 'B00092', 'transaction_date': 1719725537843, 'transaction_amount': 3395.94, 'exchange_rate': 0.8258, 'customer_id': 'C00072', 'account_id': 'A00014'} of 78
[2024-10-21T05:32:17.845+0000] {kafka_operator.py:62} INFO - Produced row: {'transaction_id': 'T000079', 'transaction_type': 'Credit', 'currency': 'USD', 'branch_id': 'B00092', 'transaction_date': 1701840737845, 'transaction_amount': 2612.99, 'exchange_rate': 1.0547, 'customer_id': 'C00055', 'account_id': 'A00083'} of 79
[2024-10-21T05:32:17.846+0000] {kafka_operator.py:62} INFO - Produced row: {'transaction_id': 'T000080', 'transaction_type': 'Withdrawal', 'currency': 'USD', 'branch_id': 'B00058', 'transaction_date': 1711863137846, 'transaction_amount': 3071.77, 'exchange_rate': 1.1422, 'customer_id': 'C00061', 'account_id': 'A00087'} of 80
[2024-10-21T05:32:17.848+0000] {kafka_operator.py:62} INFO - Produced row: {'transaction_id': 'T000081', 'transaction_type': 'Withdrawal', 'currency': 'USD', 'branch_id': 'B00042', 'transaction_date': 1718170337848, 'transaction_amount': 16.67, 'exchange_rate': 0.5099, 'customer_id': 'C00075', 'account_id': 'A00037'} of 81
[2024-10-21T05:32:17.849+0000] {kafka_operator.py:62} INFO - Produced row: {'transaction_id': 'T000082', 'transaction_type': 'Transfer', 'currency': 'EUR', 'branch_id': 'B00023', 'transaction_date': 1700717537849, 'transaction_amount': 9785.56, 'exchange_rate': 0.6291, 'customer_id': 'C00054', 'account_id': 'A00013'} of 82
[2024-10-21T05:32:17.852+0000] {kafka_operator.py:62} INFO - Produced row: {'transaction_id': 'T000083', 'transaction_type': 'Debit', 'currency': 'EUR', 'branch_id': 'B00041', 'transaction_date': 1700112737852, 'transaction_amount': 1684.85, 'exchange_rate': 0.6163, 'customer_id': 'C00031', 'account_id': 'A00031'} of 83
[2024-10-21T05:32:17.854+0000] {kafka_operator.py:62} INFO - Produced row: {'transaction_id': 'T000084', 'transaction_type': 'Withdrawal', 'currency': 'USD', 'branch_id': 'B00074', 'transaction_date': 1703741537854, 'transaction_amount': 2028.11, 'exchange_rate': 0.6721, 'customer_id': 'C00052', 'account_id': 'A00080'} of 84
[2024-10-21T05:32:17.857+0000] {kafka_operator.py:62} INFO - Produced row: {'transaction_id': 'T000085', 'transaction_type': 'Debit', 'currency': 'EUR', 'branch_id': 'B00078', 'transaction_date': 1711517537856, 'transaction_amount': 2557.59, 'exchange_rate': 0.5336, 'customer_id': 'C00082', 'account_id': 'A00066'} of 85
[2024-10-21T05:32:17.859+0000] {kafka_operator.py:62} INFO - Produced row: {'transaction_id': 'T000086', 'transaction_type': 'Credit', 'currency': 'INR', 'branch_id': 'B00008', 'transaction_date': 1706419937859, 'transaction_amount': 4956.86, 'exchange_rate': 0.7313, 'customer_id': 'C00059', 'account_id': 'A00089'} of 86
[2024-10-21T05:32:17.861+0000] {kafka_operator.py:62} INFO - Produced row: {'transaction_id': 'T000087', 'transaction_type': 'Credit', 'currency': 'INR', 'branch_id': 'B00011', 'transaction_date': 1705728737861, 'transaction_amount': 4203.59, 'exchange_rate': 0.7424, 'customer_id': 'C00048', 'account_id': 'A00016'} of 87
[2024-10-21T05:32:17.863+0000] {kafka_operator.py:62} INFO - Produced row: {'transaction_id': 'T000088', 'transaction_type': 'Debit', 'currency': 'USD', 'branch_id': 'B00065', 'transaction_date': 1723527137862, 'transaction_amount': 2535.5, 'exchange_rate': 1.1215, 'customer_id': 'C00045', 'account_id': 'A00014'} of 88
[2024-10-21T05:32:17.865+0000] {kafka_operator.py:62} INFO - Produced row: {'transaction_id': 'T000089', 'transaction_type': 'Transfer', 'currency': 'EUR', 'branch_id': 'B00067', 'transaction_date': 1717392737865, 'transaction_amount': 6724.76, 'exchange_rate': 0.8673, 'customer_id': 'C00095', 'account_id': 'A00053'} of 89
[2024-10-21T05:32:17.867+0000] {kafka_operator.py:62} INFO - Produced row: {'transaction_id': 'T000090', 'transaction_type': 'Credit', 'currency': 'EUR', 'branch_id': 'B00032', 'transaction_date': 1720157537867, 'transaction_amount': 8242.07, 'exchange_rate': 1.433, 'customer_id': 'C00090', 'account_id': 'A00064'} of 90
[2024-10-21T05:32:17.869+0000] {kafka_operator.py:62} INFO - Produced row: {'transaction_id': 'T000091', 'transaction_type': 'Deposit', 'currency': 'EUR', 'branch_id': 'B00053', 'transaction_date': 1723008737869, 'transaction_amount': 1530.89, 'exchange_rate': 0.8825, 'customer_id': 'C00083', 'account_id': 'A00005'} of 91
[2024-10-21T05:32:17.871+0000] {kafka_operator.py:62} INFO - Produced row: {'transaction_id': 'T000092', 'transaction_type': 'Transfer', 'currency': 'USD', 'branch_id': 'B00004', 'transaction_date': 1709011937871, 'transaction_amount': 8629.23, 'exchange_rate': 0.6387, 'customer_id': 'C00095', 'account_id': 'A00006'} of 92
[2024-10-21T05:32:17.874+0000] {kafka_operator.py:62} INFO - Produced row: {'transaction_id': 'T000093', 'transaction_type': 'Credit', 'currency': 'EUR', 'branch_id': 'B00093', 'transaction_date': 1709530337874, 'transaction_amount': 6262.9, 'exchange_rate': 1.464, 'customer_id': 'C00051', 'account_id': 'A00031'} of 93
[2024-10-21T05:32:17.878+0000] {kafka_operator.py:62} INFO - Produced row: {'transaction_id': 'T000094', 'transaction_type': 'Deposit', 'currency': 'EUR', 'branch_id': 'B00077', 'transaction_date': 1726119137877, 'transaction_amount': 5788.26, 'exchange_rate': 0.9934, 'customer_id': 'C00081', 'account_id': 'A00057'} of 94
[2024-10-21T05:32:17.881+0000] {kafka_operator.py:62} INFO - Produced row: {'transaction_id': 'T000095', 'transaction_type': 'Deposit', 'currency': 'GBP', 'branch_id': 'B00062', 'transaction_date': 1724218337880, 'transaction_amount': 8957.11, 'exchange_rate': 1.0702, 'customer_id': 'C00024', 'account_id': 'A00094'} of 95
[2024-10-21T05:32:17.883+0000] {kafka_operator.py:62} INFO - Produced row: {'transaction_id': 'T000096', 'transaction_type': 'Transfer', 'currency': 'INR', 'branch_id': 'B00002', 'transaction_date': 1708925537883, 'transaction_amount': 8740.28, 'exchange_rate': 1.2436, 'customer_id': 'C00029', 'account_id': 'A00100'} of 96
[2024-10-21T05:32:17.885+0000] {kafka_operator.py:62} INFO - Produced row: {'transaction_id': 'T000097', 'transaction_type': 'Transfer', 'currency': 'INR', 'branch_id': 'B00063', 'transaction_date': 1702963937885, 'transaction_amount': 8897.5, 'exchange_rate': 1.1194, 'customer_id': 'C00024', 'account_id': 'A00074'} of 97
[2024-10-21T05:32:17.888+0000] {kafka_operator.py:62} INFO - Produced row: {'transaction_id': 'T000098', 'transaction_type': 'Deposit', 'currency': 'EUR', 'branch_id': 'B00021', 'transaction_date': 1710653537888, 'transaction_amount': 5963.78, 'exchange_rate': 0.5046, 'customer_id': 'C00058', 'account_id': 'A00044'} of 98
[2024-10-21T05:32:17.889+0000] {kafka_operator.py:62} INFO - Produced row: {'transaction_id': 'T000099', 'transaction_type': 'Withdrawal', 'currency': 'USD', 'branch_id': 'B00037', 'transaction_date': 1718775137889, 'transaction_amount': 2558.78, 'exchange_rate': 0.6088, 'customer_id': 'C00053', 'account_id': 'A00007'} of 99
[2024-10-21T05:32:17.891+0000] {kafka_operator.py:62} INFO - Produced row: {'transaction_id': 'T000100', 'transaction_type': 'Transfer', 'currency': 'USD', 'branch_id': 'B00018', 'transaction_date': 1719034337891, 'transaction_amount': 2823.47, 'exchange_rate': 0.7193, 'customer_id': 'C00023', 'account_id': 'A00035'} of 100
[2024-10-21T05:32:17.893+0000] {kafka_operator.py:65} INFO - Produced 100 records of transaction which has been sent to the transaction_facts topic!
[2024-10-21T05:32:17.895+0000] {conn.py:673} INFO - <BrokerConnection node_id=0 host=kafka_broker:9092 <connected> [IPv4 ('172.20.0.9', 9092)]>: Closing connection. 
[2024-10-21T05:32:17.916+0000] {taskinstance.py:340} INFO - ::group::Post task execution logs
[2024-10-21T05:32:17.918+0000] {taskinstance.py:352} INFO - Marking task as SUCCESS. dag_id=transaction_facts_generator, task_id=generate_txn_fact_data, run_id=scheduled__2024-10-20T00:00:00+00:00, execution_date=20241020T000000, start_date=20241021T053217, end_date=20241021T053217
[2024-10-21T05:32:17.941+0000] {logging_mixin.py:190} INFO - Task instance in success state
[2024-10-21T05:32:17.942+0000] {logging_mixin.py:190} INFO -  Previous state of the Task instance: running
[2024-10-21T05:32:17.943+0000] {logging_mixin.py:190} INFO - Dag name:transaction_facts_generator queued_at:2024-10-21 05:32:12.529816+00:00
[2024-10-21T05:32:17.944+0000] {logging_mixin.py:190} INFO - Task hostname:b5fa23871e33 operator:KafkaProduceOperator
[2024-10-21T05:32:17.994+0000] {local_task_job_runner.py:266} INFO - Task exited with return code 0
[2024-10-21T05:32:18.023+0000] {taskinstance.py:3900} INFO - 0 downstream tasks scheduled from follow-on schedule check
[2024-10-21T05:32:18.027+0000] {local_task_job_runner.py:245} INFO - ::endgroup::
