[2024-10-21T00:18:10.844+0000] {local_task_job_runner.py:123} INFO - ::group::Pre task execution logs
[2024-10-21T00:18:10.994+0000] {taskinstance.py:2612} INFO - Dependencies all met for dep_context=non-requeueable deps ti=<TaskInstance: schema_dag.submit_schema scheduled__2024-10-18T00:00:00+00:00 [queued]>
[2024-10-21T00:18:11.066+0000] {taskinstance.py:2612} INFO - Dependencies all met for dep_context=requeueable deps ti=<TaskInstance: schema_dag.submit_schema scheduled__2024-10-18T00:00:00+00:00 [queued]>
[2024-10-21T00:18:11.071+0000] {taskinstance.py:2865} INFO - Starting attempt 1 of 1
[2024-10-21T00:18:11.181+0000] {taskinstance.py:2888} INFO - Executing <Task(PinotSchemaSubmitOperator): submit_schema> on 2024-10-18 00:00:00+00:00
[2024-10-21T00:18:11.223+0000] {warnings.py:112} WARNING - /home/***/.local/lib/python3.12/site-packages/***/task/task_runner/standard_task_runner.py:70: DeprecationWarning: This process (pid=1095) is multi-threaded, use of fork() may lead to deadlocks in the child.
  pid = os.fork()

[2024-10-21T00:18:11.249+0000] {standard_task_runner.py:72} INFO - Started process 1111 to run task
[2024-10-21T00:18:11.247+0000] {standard_task_runner.py:104} INFO - Running: ['***', 'tasks', 'run', 'schema_dag', 'submit_schema', 'scheduled__2024-10-18T00:00:00+00:00', '--job-id', '122', '--raw', '--subdir', 'DAGS_FOLDER/schema_dag.py', '--cfg-path', '/tmp/tmp7pi7k2b1']
[2024-10-21T00:18:11.255+0000] {standard_task_runner.py:105} INFO - Job 122: Subtask submit_schema
[2024-10-21T00:18:11.866+0000] {task_command.py:467} INFO - Running <TaskInstance: schema_dag.submit_schema scheduled__2024-10-18T00:00:00+00:00 [running]> on host b5fa23871e33
[2024-10-21T00:18:12.438+0000] {taskinstance.py:3131} INFO - Exporting env vars: AIRFLOW_CTX_DAG_OWNER='saisunny' AIRFLOW_CTX_DAG_ID='schema_dag' AIRFLOW_CTX_TASK_ID='submit_schema' AIRFLOW_CTX_EXECUTION_DATE='2024-10-18T00:00:00+00:00' AIRFLOW_CTX_TRY_NUMBER='1' AIRFLOW_CTX_DAG_RUN_ID='scheduled__2024-10-18T00:00:00+00:00'
[2024-10-21T00:18:12.446+0000] {logging_mixin.py:190} INFO - Task instance is in running state
[2024-10-21T00:18:12.448+0000] {logging_mixin.py:190} INFO -  Previous state of the Task instance: queued
[2024-10-21T00:18:12.462+0000] {logging_mixin.py:190} INFO - Current task name:submit_schema state:running start_date:2024-10-21 00:18:11.006317+00:00
[2024-10-21T00:18:12.469+0000] {logging_mixin.py:190} INFO - Dag name:schema_dag and current dag run status:running
[2024-10-21T00:18:12.477+0000] {taskinstance.py:731} INFO - ::endgroup::
[2024-10-21T00:18:13.408+0000] {pinot_schema_operator.py:30} INFO - /opt/***/dags/schemas/account_dim_schema.json Schema Successfully Submitted To Apache Pinot!
[2024-10-21T00:18:13.894+0000] {pinot_schema_operator.py:30} INFO - /opt/***/dags/schemas/branch_dim_schema.json Schema Successfully Submitted To Apache Pinot!
[2024-10-21T00:18:14.184+0000] {pinot_schema_operator.py:30} INFO - /opt/***/dags/schemas/customer_dim_schema.json Schema Successfully Submitted To Apache Pinot!
[2024-10-21T00:18:14.888+0000] {pinot_schema_operator.py:30} INFO - /opt/***/dags/schemas/transaction_facts_schema.json Schema Successfully Submitted To Apache Pinot!
[2024-10-21T00:18:15.043+0000] {taskinstance.py:340} INFO - ::group::Post task execution logs
[2024-10-21T00:18:15.047+0000] {taskinstance.py:352} INFO - Marking task as SUCCESS. dag_id=schema_dag, task_id=submit_schema, run_id=scheduled__2024-10-18T00:00:00+00:00, execution_date=20241018T000000, start_date=20241021T001811, end_date=20241021T001815
[2024-10-21T00:18:15.184+0000] {logging_mixin.py:190} INFO - Task instance in success state
[2024-10-21T00:18:15.189+0000] {logging_mixin.py:190} INFO -  Previous state of the Task instance: running
[2024-10-21T00:18:15.193+0000] {logging_mixin.py:190} INFO - Dag name:schema_dag queued_at:2024-10-21 00:17:48.932688+00:00
[2024-10-21T00:18:15.195+0000] {logging_mixin.py:190} INFO - Task hostname:b5fa23871e33 operator:PinotSchemaSubmitOperator
[2024-10-21T00:18:15.299+0000] {local_task_job_runner.py:266} INFO - Task exited with return code 0
[2024-10-21T00:18:15.452+0000] {taskinstance.py:3900} INFO - 0 downstream tasks scheduled from follow-on schedule check
[2024-10-21T00:18:15.460+0000] {local_task_job_runner.py:245} INFO - ::endgroup::
