[2024-10-25T07:16:09.673+0000] {local_task_job_runner.py:123} INFO - ::group::Pre task execution logs
[2024-10-25T07:16:09.775+0000] {taskinstance.py:2612} INFO - Dependencies all met for dep_context=non-requeueable deps ti=<TaskInstance: account_dim_generator.generate_account_dim_data scheduled__2024-10-21T00:00:00+00:00 [queued]>
[2024-10-25T07:16:09.853+0000] {taskinstance.py:2612} INFO - Dependencies all met for dep_context=requeueable deps ti=<TaskInstance: account_dim_generator.generate_account_dim_data scheduled__2024-10-21T00:00:00+00:00 [queued]>
[2024-10-25T07:16:09.861+0000] {taskinstance.py:2865} INFO - Starting attempt 1 of 1
[2024-10-25T07:16:09.998+0000] {taskinstance.py:2888} INFO - Executing <Task(PythonOperator): generate_account_dim_data> on 2024-10-21 00:00:00+00:00
[2024-10-25T07:16:10.052+0000] {standard_task_runner.py:104} INFO - Running: ['***', 'tasks', 'run', 'account_dim_generator', 'generate_account_dim_data', 'scheduled__2024-10-21T00:00:00+00:00', '--job-id', '216', '--raw', '--subdir', 'DAGS_FOLDER/account_dim_generator.py', '--cfg-path', '/tmp/tmpeq3oba25']
[2024-10-25T07:16:10.060+0000] {standard_task_runner.py:105} INFO - Job 216: Subtask generate_account_dim_data
[2024-10-25T07:16:10.066+0000] {warnings.py:112} WARNING - /home/***/.local/lib/python3.12/site-packages/***/task/task_runner/standard_task_runner.py:70: DeprecationWarning: This process (pid=127) is multi-threaded, use of fork() may lead to deadlocks in the child.
  pid = os.fork()

[2024-10-25T07:16:10.100+0000] {standard_task_runner.py:72} INFO - Started process 195 to run task
[2024-10-25T07:16:10.352+0000] {task_command.py:467} INFO - Running <TaskInstance: account_dim_generator.generate_account_dim_data scheduled__2024-10-21T00:00:00+00:00 [running]> on host d993b9f280d5
[2024-10-25T07:16:10.895+0000] {taskinstance.py:3131} INFO - Exporting env vars: AIRFLOW_CTX_DAG_OWNER='saisunny' AIRFLOW_CTX_DAG_ID='account_dim_generator' AIRFLOW_CTX_TASK_ID='generate_account_dim_data' AIRFLOW_CTX_EXECUTION_DATE='2024-10-21T00:00:00+00:00' AIRFLOW_CTX_TRY_NUMBER='1' AIRFLOW_CTX_DAG_RUN_ID='scheduled__2024-10-21T00:00:00+00:00'
[2024-10-25T07:16:10.926+0000] {logging_mixin.py:190} INFO - Task instance is in running state
[2024-10-25T07:16:10.934+0000] {logging_mixin.py:190} INFO -  Previous state of the Task instance: queued
[2024-10-25T07:16:10.940+0000] {logging_mixin.py:190} INFO - Current task name:generate_account_dim_data state:running start_date:2024-10-25 07:16:09.777379+00:00
[2024-10-25T07:16:10.954+0000] {logging_mixin.py:190} INFO - Dag name:account_dim_generator and current dag run status:running
[2024-10-25T07:16:10.957+0000] {taskinstance.py:731} INFO - ::endgroup::
[2024-10-25T07:16:11.104+0000] {logging_mixin.py:190} INFO - CSV file ./account_dim_large_data.csv with 50 rows has been generated successfully!
[2024-10-25T07:16:11.115+0000] {python.py:240} INFO - Done. Returned value was: None
[2024-10-25T07:16:11.210+0000] {taskinstance.py:340} INFO - ::group::Post task execution logs
[2024-10-25T07:16:11.223+0000] {taskinstance.py:352} INFO - Marking task as SUCCESS. dag_id=account_dim_generator, task_id=generate_account_dim_data, run_id=scheduled__2024-10-21T00:00:00+00:00, execution_date=20241021T000000, start_date=20241025T071609, end_date=20241025T071611
[2024-10-25T07:16:11.324+0000] {logging_mixin.py:190} INFO - Task instance in success state
[2024-10-25T07:16:11.337+0000] {logging_mixin.py:190} INFO -  Previous state of the Task instance: running
[2024-10-25T07:16:11.346+0000] {logging_mixin.py:190} INFO - Dag name:account_dim_generator queued_at:2024-10-25 07:14:40.213853+00:00
[2024-10-25T07:16:11.348+0000] {logging_mixin.py:190} INFO - Task hostname:d993b9f280d5 operator:PythonOperator
[2024-10-25T07:16:11.468+0000] {local_task_job_runner.py:266} INFO - Task exited with return code 0
[2024-10-25T07:16:11.557+0000] {local_task_job_runner.py:245} INFO - ::endgroup::
