[2024-10-21T05:31:39.991+0000] {local_task_job_runner.py:123} INFO - ::group::Pre task execution logs
[2024-10-21T05:31:40.022+0000] {taskinstance.py:2612} INFO - Dependencies all met for dep_context=non-requeueable deps ti=<TaskInstance: account_dim_generator.generate_account_dim_data scheduled__2024-10-20T00:00:00+00:00 [queued]>
[2024-10-21T05:31:40.037+0000] {taskinstance.py:2612} INFO - Dependencies all met for dep_context=requeueable deps ti=<TaskInstance: account_dim_generator.generate_account_dim_data scheduled__2024-10-20T00:00:00+00:00 [queued]>
[2024-10-21T05:31:40.039+0000] {taskinstance.py:2865} INFO - Starting attempt 1 of 1
[2024-10-21T05:31:40.064+0000] {taskinstance.py:2888} INFO - Executing <Task(PythonOperator): generate_account_dim_data> on 2024-10-20 00:00:00+00:00
[2024-10-21T05:31:40.076+0000] {warnings.py:112} WARNING - /home/***/.local/lib/python3.12/site-packages/***/task/task_runner/standard_task_runner.py:70: DeprecationWarning: This process (pid=286) is multi-threaded, use of fork() may lead to deadlocks in the child.
  pid = os.fork()

[2024-10-21T05:31:40.080+0000] {standard_task_runner.py:72} INFO - Started process 291 to run task
[2024-10-21T05:31:40.084+0000] {standard_task_runner.py:104} INFO - Running: ['***', 'tasks', 'run', 'account_dim_generator', 'generate_account_dim_data', 'scheduled__2024-10-20T00:00:00+00:00', '--job-id', '143', '--raw', '--subdir', 'DAGS_FOLDER/account_dim_generator.py', '--cfg-path', '/tmp/tmp5a0637dh']
[2024-10-21T05:31:40.086+0000] {standard_task_runner.py:105} INFO - Job 143: Subtask generate_account_dim_data
[2024-10-21T05:31:40.183+0000] {task_command.py:467} INFO - Running <TaskInstance: account_dim_generator.generate_account_dim_data scheduled__2024-10-20T00:00:00+00:00 [running]> on host b5fa23871e33
[2024-10-21T05:31:40.360+0000] {taskinstance.py:3131} INFO - Exporting env vars: AIRFLOW_CTX_DAG_OWNER='saisunny' AIRFLOW_CTX_DAG_ID='account_dim_generator' AIRFLOW_CTX_TASK_ID='generate_account_dim_data' AIRFLOW_CTX_EXECUTION_DATE='2024-10-20T00:00:00+00:00' AIRFLOW_CTX_TRY_NUMBER='1' AIRFLOW_CTX_DAG_RUN_ID='scheduled__2024-10-20T00:00:00+00:00'
[2024-10-21T05:31:40.364+0000] {logging_mixin.py:190} INFO - Task instance is in running state
[2024-10-21T05:31:40.365+0000] {logging_mixin.py:190} INFO -  Previous state of the Task instance: queued
[2024-10-21T05:31:40.366+0000] {logging_mixin.py:190} INFO - Current task name:generate_account_dim_data state:running start_date:2024-10-21 05:31:40.023772+00:00
[2024-10-21T05:31:40.367+0000] {logging_mixin.py:190} INFO - Dag name:account_dim_generator and current dag run status:running
[2024-10-21T05:31:40.368+0000] {taskinstance.py:731} INFO - ::endgroup::
[2024-10-21T05:31:40.387+0000] {logging_mixin.py:190} INFO - CSV file ./account_dim_large_data.csv with 50 rows has been generated successfully!
[2024-10-21T05:31:40.388+0000] {python.py:240} INFO - Done. Returned value was: None
[2024-10-21T05:31:40.408+0000] {taskinstance.py:340} INFO - ::group::Post task execution logs
[2024-10-21T05:31:40.410+0000] {taskinstance.py:352} INFO - Marking task as SUCCESS. dag_id=account_dim_generator, task_id=generate_account_dim_data, run_id=scheduled__2024-10-20T00:00:00+00:00, execution_date=20241020T000000, start_date=20241021T053140, end_date=20241021T053140
[2024-10-21T05:31:40.427+0000] {logging_mixin.py:190} INFO - Task instance in success state
[2024-10-21T05:31:40.429+0000] {logging_mixin.py:190} INFO -  Previous state of the Task instance: running
[2024-10-21T05:31:40.430+0000] {logging_mixin.py:190} INFO - Dag name:account_dim_generator queued_at:2024-10-21 05:31:31.780353+00:00
[2024-10-21T05:31:40.431+0000] {logging_mixin.py:190} INFO - Task hostname:b5fa23871e33 operator:PythonOperator
[2024-10-21T05:31:40.468+0000] {local_task_job_runner.py:266} INFO - Task exited with return code 0
[2024-10-21T05:31:40.500+0000] {taskinstance.py:3900} INFO - 0 downstream tasks scheduled from follow-on schedule check
[2024-10-21T05:31:40.505+0000] {local_task_job_runner.py:245} INFO - ::endgroup::
