[2024-10-19T21:31:43.451+0000] {local_task_job_runner.py:123} INFO - ::group::Pre task execution logs
[2024-10-19T21:31:43.498+0000] {taskinstance.py:2612} INFO - Dependencies all met for dep_context=non-requeueable deps ti=<TaskInstance: customer_dim_generator.generate_customer_dim_data scheduled__2024-10-17T00:00:00+00:00 [queued]>
[2024-10-19T21:31:43.522+0000] {taskinstance.py:2612} INFO - Dependencies all met for dep_context=requeueable deps ti=<TaskInstance: customer_dim_generator.generate_customer_dim_data scheduled__2024-10-17T00:00:00+00:00 [queued]>
[2024-10-19T21:31:43.524+0000] {taskinstance.py:2865} INFO - Starting attempt 1 of 1
[2024-10-19T21:31:43.567+0000] {taskinstance.py:2888} INFO - Executing <Task(PythonOperator): generate_customer_dim_data> on 2024-10-17 00:00:00+00:00
[2024-10-19T21:31:43.598+0000] {warnings.py:112} WARNING - /home/***/.local/lib/python3.12/site-packages/***/task/task_runner/standard_task_runner.py:70: DeprecationWarning: This process (pid=81) is multi-threaded, use of fork() may lead to deadlocks in the child.
  pid = os.fork()

[2024-10-19T21:31:43.608+0000] {standard_task_runner.py:104} INFO - Running: ['***', 'tasks', 'run', 'customer_dim_generator', 'generate_customer_dim_data', 'scheduled__2024-10-17T00:00:00+00:00', '--job-id', '21', '--raw', '--subdir', 'DAGS_FOLDER/customer_dim_generator.py', '--cfg-path', '/tmp/tmpxry_3qq0']
[2024-10-19T21:31:43.610+0000] {standard_task_runner.py:72} INFO - Started process 92 to run task
[2024-10-19T21:31:43.611+0000] {standard_task_runner.py:105} INFO - Job 21: Subtask generate_customer_dim_data
[2024-10-19T21:31:43.924+0000] {task_command.py:467} INFO - Running <TaskInstance: customer_dim_generator.generate_customer_dim_data scheduled__2024-10-17T00:00:00+00:00 [running]> on host 04154260680e
[2024-10-19T21:31:45.149+0000] {taskinstance.py:3131} INFO - Exporting env vars: AIRFLOW_CTX_DAG_OWNER='saisunny' AIRFLOW_CTX_DAG_ID='customer_dim_generator' AIRFLOW_CTX_TASK_ID='generate_customer_dim_data' AIRFLOW_CTX_EXECUTION_DATE='2024-10-17T00:00:00+00:00' AIRFLOW_CTX_TRY_NUMBER='1' AIRFLOW_CTX_DAG_RUN_ID='scheduled__2024-10-17T00:00:00+00:00'
[2024-10-19T21:31:45.153+0000] {logging_mixin.py:190} INFO - Task instance is in running state
[2024-10-19T21:31:45.159+0000] {logging_mixin.py:190} INFO -  Previous state of the Task instance: queued
[2024-10-19T21:31:45.162+0000] {logging_mixin.py:190} INFO - Current task name:generate_customer_dim_data state:running start_date:2024-10-19 21:31:43.500576+00:00
[2024-10-19T21:31:45.167+0000] {logging_mixin.py:190} INFO - Dag name:customer_dim_generator and current dag run status:running
[2024-10-19T21:31:45.169+0000] {taskinstance.py:731} INFO - ::endgroup::
[2024-10-19T21:31:45.290+0000] {logging_mixin.py:190} INFO - CSV file ./customer_dim_large_data.csv with 100 rows has been generated successfully!
[2024-10-19T21:31:45.292+0000] {python.py:240} INFO - Done. Returned value was: None
[2024-10-19T21:31:45.361+0000] {taskinstance.py:340} INFO - ::group::Post task execution logs
[2024-10-19T21:31:45.372+0000] {taskinstance.py:352} INFO - Marking task as SUCCESS. dag_id=customer_dim_generator, task_id=generate_customer_dim_data, run_id=scheduled__2024-10-17T00:00:00+00:00, execution_date=20241017T000000, start_date=20241019T213143, end_date=20241019T213145
[2024-10-19T21:31:45.418+0000] {logging_mixin.py:190} INFO - Task instance in success state
[2024-10-19T21:31:45.433+0000] {logging_mixin.py:190} INFO -  Previous state of the Task instance: running
[2024-10-19T21:31:45.442+0000] {logging_mixin.py:190} INFO - Dag name:customer_dim_generator queued_at:2024-10-19 21:31:17.335005+00:00
[2024-10-19T21:31:45.447+0000] {logging_mixin.py:190} INFO - Task hostname:04154260680e operator:PythonOperator
[2024-10-19T21:31:45.543+0000] {local_task_job_runner.py:266} INFO - Task exited with return code 0
[2024-10-19T21:31:45.657+0000] {local_task_job_runner.py:245} INFO - ::endgroup::
