[2024-10-21T05:43:46.236+0000] {local_task_job_runner.py:123} INFO - ::group::Pre task execution logs
[2024-10-21T05:43:46.412+0000] {taskinstance.py:2612} INFO - Dependencies all met for dep_context=non-requeueable deps ti=<TaskInstance: dimension_batch_ingestion.ingest_customer_data manual__2024-10-21T05:43:17.612261+00:00 [queued]>
[2024-10-21T05:43:46.526+0000] {taskinstance.py:2612} INFO - Dependencies all met for dep_context=requeueable deps ti=<TaskInstance: dimension_batch_ingestion.ingest_customer_data manual__2024-10-21T05:43:17.612261+00:00 [queued]>
[2024-10-21T05:43:46.546+0000] {taskinstance.py:2865} INFO - Starting attempt 1 of 1
[2024-10-21T05:43:46.820+0000] {taskinstance.py:2888} INFO - Executing <Task(BashOperator): ingest_customer_data> on 2024-10-21 05:43:17.612261+00:00
[2024-10-21T05:43:46.901+0000] {standard_task_runner.py:104} INFO - Running: ['***', 'tasks', 'run', 'dimension_batch_ingestion', 'ingest_customer_data', 'manual__2024-10-21T05:43:17.612261+00:00', '--job-id', '163', '--raw', '--subdir', 'DAGS_FOLDER/loader_dag.py', '--cfg-path', '/tmp/tmppqt3wn5q']
[2024-10-21T05:43:46.912+0000] {standard_task_runner.py:105} INFO - Job 163: Subtask ingest_customer_data
[2024-10-21T05:43:46.891+0000] {warnings.py:112} WARNING - /home/***/.local/lib/python3.12/site-packages/***/task/task_runner/standard_task_runner.py:70: DeprecationWarning: This process (pid=520) is multi-threaded, use of fork() may lead to deadlocks in the child.
  pid = os.fork()

[2024-10-21T05:43:46.921+0000] {standard_task_runner.py:72} INFO - Started process 532 to run task
[2024-10-21T05:43:47.295+0000] {task_command.py:467} INFO - Running <TaskInstance: dimension_batch_ingestion.ingest_customer_data manual__2024-10-21T05:43:17.612261+00:00 [running]> on host b5fa23871e33
[2024-10-21T05:43:48.065+0000] {taskinstance.py:3131} INFO - Exporting env vars: AIRFLOW_CTX_DAG_OWNER='saisunny' AIRFLOW_CTX_DAG_ID='dimension_batch_ingestion' AIRFLOW_CTX_TASK_ID='ingest_customer_data' AIRFLOW_CTX_EXECUTION_DATE='2024-10-21T05:43:17.612261+00:00' AIRFLOW_CTX_TRY_NUMBER='1' AIRFLOW_CTX_DAG_RUN_ID='manual__2024-10-21T05:43:17.612261+00:00'
[2024-10-21T05:43:48.085+0000] {logging_mixin.py:190} INFO - Task instance is in running state
[2024-10-21T05:43:48.087+0000] {logging_mixin.py:190} INFO -  Previous state of the Task instance: queued
[2024-10-21T05:43:48.089+0000] {logging_mixin.py:190} INFO - Current task name:ingest_customer_data state:running start_date:2024-10-21 05:43:46.421540+00:00
[2024-10-21T05:43:48.091+0000] {logging_mixin.py:190} INFO - Dag name:dimension_batch_ingestion and current dag run status:running
[2024-10-21T05:43:48.095+0000] {taskinstance.py:731} INFO - ::endgroup::
[2024-10-21T05:43:48.114+0000] {subprocess.py:63} INFO - Tmp dir root location: /tmp
[2024-10-21T05:43:48.121+0000] {subprocess.py:75} INFO - Running command: ['/usr/bin/bash', '-c', 'curl -X POST -F file=@/opt/***/customer_dim_large_data.csv -H "Content-Type: multipart/form-data"  "http://pinot-controller:9000/ingestFromFile?tableNameWithType=customer_dim_OFFLINE&batchConfigMapStr=%7B%22inputFormat%22%3A%22csv%22%2C%22recordReader.prop.delimiter%22%3A%22%2C%22%7D"']
[2024-10-21T05:43:48.211+0000] {subprocess.py:86} INFO - Output:
[2024-10-21T05:43:48.316+0000] {subprocess.py:93} INFO -   % Total    % Received % Xferd  Average Speed   Time    Time     Time  Current
[2024-10-21T05:43:48.319+0000] {subprocess.py:93} INFO -                                  Dload  Upload   Total   Spent    Left  Speed
[2024-10-21T05:43:58.266+0000] {subprocess.py:93} INFO -   0     0    0     0    0     0      0      0 --:--:-- --:--:-- --:--:--     0100  8465    0     0  100  8465      0   6999  0:00:01  0:00:01 --:--:--  7007100  8465    0     0  100  8465      0   3829  0:00:02  0:00:02 --:--:--  3832100  8465    0     0  100  8465      0   2635  0:00:03  0:00:03 --:--:--  2636100  8465    0     0  100  8465      0   2009  0:00:04  0:00:04 --:--:--  2009100  8465    0     0  100  8465      0   1622  0:00:05  0:00:05 --:--:--  1622100  8465    0     0  100  8465      0   1361  0:00:06  0:00:06 --:--:--     0100  8465    0     0  100  8465      0   1172  0:00:07  0:00:07 --:--:--     0100  8465    0     0  100  8465      0   1029  0:00:08  0:00:08 --:--:--     0100  8465    0     0  100  8465      0    917  0:00:09  0:00:09 --:--:--     0100  8576  100   111  100  8465     11    850  0:00:10  0:00:09  0:00:01    23100  8576  100   111  100  8465     11    850  0:00:10  0:00:09  0:00:01    29
[2024-10-21T05:43:58.359+0000] {subprocess.py:93} INFO - {"status":"Successfully ingested file into table: customer_dim_OFFLINE as segment: customer_dim_1729489430320"}
[2024-10-21T05:43:58.365+0000] {subprocess.py:97} INFO - Command exited with return code 0
[2024-10-21T05:43:58.601+0000] {taskinstance.py:340} INFO - ::group::Post task execution logs
[2024-10-21T05:43:58.603+0000] {taskinstance.py:352} INFO - Marking task as SUCCESS. dag_id=dimension_batch_ingestion, task_id=ingest_customer_data, run_id=manual__2024-10-21T05:43:17.612261+00:00, execution_date=20241021T054317, start_date=20241021T054346, end_date=20241021T054358
[2024-10-21T05:43:58.728+0000] {logging_mixin.py:190} INFO - Task instance in success state
[2024-10-21T05:43:58.742+0000] {logging_mixin.py:190} INFO -  Previous state of the Task instance: running
[2024-10-21T05:43:58.746+0000] {logging_mixin.py:190} INFO - Dag name:dimension_batch_ingestion queued_at:2024-10-21 05:43:17.629285+00:00
[2024-10-21T05:43:58.751+0000] {logging_mixin.py:190} INFO - Task hostname:b5fa23871e33 operator:BashOperator
[2024-10-21T05:43:58.828+0000] {local_task_job_runner.py:266} INFO - Task exited with return code 0
[2024-10-21T05:43:59.003+0000] {taskinstance.py:3900} INFO - 0 downstream tasks scheduled from follow-on schedule check
[2024-10-21T05:43:59.081+0000] {local_task_job_runner.py:245} INFO - ::endgroup::
