[2024-10-16T06:57:16.718+0000] {local_task_job_runner.py:123} INFO - ::group::Pre task execution logs
[2024-10-16T06:57:16.757+0000] {taskinstance.py:2612} INFO - Dependencies all met for dep_context=non-requeueable deps ti=<TaskInstance: customer_dim_generator.generate_customer_dim_data manual__2024-10-16T06:57:11.577987+00:00 [queued]>
[2024-10-16T06:57:16.776+0000] {taskinstance.py:2612} INFO - Dependencies all met for dep_context=requeueable deps ti=<TaskInstance: customer_dim_generator.generate_customer_dim_data manual__2024-10-16T06:57:11.577987+00:00 [queued]>
[2024-10-16T06:57:16.778+0000] {taskinstance.py:2865} INFO - Starting attempt 1 of 1
[2024-10-16T06:57:16.801+0000] {taskinstance.py:2888} INFO - Executing <Task(PythonOperator): generate_customer_dim_data> on 2024-10-16 06:57:11.577987+00:00
[2024-10-16T06:57:16.815+0000] {warnings.py:112} WARNING - /home/***/.local/lib/python3.12/site-packages/***/task/task_runner/standard_task_runner.py:70: DeprecationWarning: This process (pid=102) is multi-threaded, use of fork() may lead to deadlocks in the child.
  pid = os.fork()

[2024-10-16T06:57:16.824+0000] {standard_task_runner.py:72} INFO - Started process 104 to run task
[2024-10-16T06:57:16.825+0000] {standard_task_runner.py:104} INFO - Running: ['***', 'tasks', 'run', 'customer_dim_generator', 'generate_customer_dim_data', 'manual__2024-10-16T06:57:11.577987+00:00', '--job-id', '18', '--raw', '--subdir', 'DAGS_FOLDER/customer_dim_generator.py', '--cfg-path', '/tmp/tmpdllilfu0']
[2024-10-16T06:57:16.827+0000] {standard_task_runner.py:105} INFO - Job 18: Subtask generate_customer_dim_data
[2024-10-16T06:57:16.906+0000] {task_command.py:467} INFO - Running <TaskInstance: customer_dim_generator.generate_customer_dim_data manual__2024-10-16T06:57:11.577987+00:00 [running]> on host 04154260680e
[2024-10-16T06:57:17.038+0000] {taskinstance.py:3131} INFO - Exporting env vars: AIRFLOW_CTX_DAG_OWNER='saisunny' AIRFLOW_CTX_DAG_ID='customer_dim_generator' AIRFLOW_CTX_TASK_ID='generate_customer_dim_data' AIRFLOW_CTX_EXECUTION_DATE='2024-10-16T06:57:11.577987+00:00' AIRFLOW_CTX_TRY_NUMBER='1' AIRFLOW_CTX_DAG_RUN_ID='manual__2024-10-16T06:57:11.577987+00:00'
[2024-10-16T06:57:17.040+0000] {logging_mixin.py:190} INFO - Task instance is in running state
[2024-10-16T06:57:17.041+0000] {logging_mixin.py:190} INFO -  Previous state of the Task instance: queued
[2024-10-16T06:57:17.042+0000] {logging_mixin.py:190} INFO - Current task name:generate_customer_dim_data state:running start_date:2024-10-16 06:57:16.759078+00:00
[2024-10-16T06:57:17.042+0000] {logging_mixin.py:190} INFO - Dag name:customer_dim_generator and current dag run status:running
[2024-10-16T06:57:17.043+0000] {taskinstance.py:731} INFO - ::endgroup::
[2024-10-16T06:57:17.058+0000] {logging_mixin.py:190} INFO - CSV file ./customer_dim_large_data.csv with 100 rows has been generated successfully!
[2024-10-16T06:57:17.059+0000] {python.py:240} INFO - Done. Returned value was: None
[2024-10-16T06:57:17.078+0000] {taskinstance.py:340} INFO - ::group::Post task execution logs
[2024-10-16T06:57:17.079+0000] {taskinstance.py:352} INFO - Marking task as SUCCESS. dag_id=customer_dim_generator, task_id=generate_customer_dim_data, run_id=manual__2024-10-16T06:57:11.577987+00:00, execution_date=20241016T065711, start_date=20241016T065716, end_date=20241016T065717
[2024-10-16T06:57:17.096+0000] {logging_mixin.py:190} INFO - Task instance in success state
[2024-10-16T06:57:17.097+0000] {logging_mixin.py:190} INFO -  Previous state of the Task instance: running
[2024-10-16T06:57:17.098+0000] {logging_mixin.py:190} INFO - Dag name:customer_dim_generator queued_at:2024-10-16 06:57:11.614381+00:00
[2024-10-16T06:57:17.099+0000] {logging_mixin.py:190} INFO - Task hostname:04154260680e operator:PythonOperator
[2024-10-16T06:57:17.124+0000] {local_task_job_runner.py:266} INFO - Task exited with return code 0
[2024-10-16T06:57:17.151+0000] {taskinstance.py:3900} INFO - 0 downstream tasks scheduled from follow-on schedule check
[2024-10-16T06:57:17.155+0000] {local_task_job_runner.py:245} INFO - ::endgroup::
