[2024-10-21T19:37:50.063+0000] {local_task_job_runner.py:123} INFO - ::group::Pre task execution logs
[2024-10-21T19:37:50.089+0000] {taskinstance.py:2612} INFO - Dependencies all met for dep_context=non-requeueable deps ti=<TaskInstance: dimension_batch_ingestion.ingest_customer_data manual__2024-10-21T19:37:23.865436+00:00 [queued]>
[2024-10-21T19:37:50.105+0000] {taskinstance.py:2612} INFO - Dependencies all met for dep_context=requeueable deps ti=<TaskInstance: dimension_batch_ingestion.ingest_customer_data manual__2024-10-21T19:37:23.865436+00:00 [queued]>
[2024-10-21T19:37:50.106+0000] {taskinstance.py:2865} INFO - Starting attempt 1 of 1
[2024-10-21T19:37:50.126+0000] {taskinstance.py:2888} INFO - Executing <Task(BashOperator): ingest_customer_data> on 2024-10-21 19:37:23.865436+00:00
[2024-10-21T19:37:50.139+0000] {warnings.py:112} WARNING - /home/***/.local/lib/python3.12/site-packages/***/task/task_runner/standard_task_runner.py:70: DeprecationWarning: This process (pid=255) is multi-threaded, use of fork() may lead to deadlocks in the child.
  pid = os.fork()

[2024-10-21T19:37:50.142+0000] {standard_task_runner.py:72} INFO - Started process 263 to run task
[2024-10-21T19:37:50.143+0000] {standard_task_runner.py:104} INFO - Running: ['***', 'tasks', 'run', 'dimension_batch_ingestion', 'ingest_customer_data', 'manual__2024-10-21T19:37:23.865436+00:00', '--job-id', '191', '--raw', '--subdir', 'DAGS_FOLDER/loader_dag.py', '--cfg-path', '/tmp/tmpysvmrvrl']
[2024-10-21T19:37:50.145+0000] {standard_task_runner.py:105} INFO - Job 191: Subtask ingest_customer_data
[2024-10-21T19:37:50.236+0000] {task_command.py:467} INFO - Running <TaskInstance: dimension_batch_ingestion.ingest_customer_data manual__2024-10-21T19:37:23.865436+00:00 [running]> on host b5877bc8e957
[2024-10-21T19:37:50.410+0000] {taskinstance.py:3131} INFO - Exporting env vars: AIRFLOW_CTX_DAG_OWNER='saisunny' AIRFLOW_CTX_DAG_ID='dimension_batch_ingestion' AIRFLOW_CTX_TASK_ID='ingest_customer_data' AIRFLOW_CTX_EXECUTION_DATE='2024-10-21T19:37:23.865436+00:00' AIRFLOW_CTX_TRY_NUMBER='1' AIRFLOW_CTX_DAG_RUN_ID='manual__2024-10-21T19:37:23.865436+00:00'
[2024-10-21T19:37:50.413+0000] {logging_mixin.py:190} INFO - Task instance is in running state
[2024-10-21T19:37:50.414+0000] {logging_mixin.py:190} INFO -  Previous state of the Task instance: queued
[2024-10-21T19:37:50.417+0000] {logging_mixin.py:190} INFO - Current task name:ingest_customer_data state:running start_date:2024-10-21 19:37:50.090588+00:00
[2024-10-21T19:37:50.418+0000] {logging_mixin.py:190} INFO - Dag name:dimension_batch_ingestion and current dag run status:running
[2024-10-21T19:37:50.419+0000] {taskinstance.py:731} INFO - ::endgroup::
[2024-10-21T19:37:50.423+0000] {subprocess.py:63} INFO - Tmp dir root location: /tmp
[2024-10-21T19:37:50.425+0000] {subprocess.py:75} INFO - Running command: ['/usr/bin/bash', '-c', 'curl -X POST -F file=@/opt/***/customer_dim_large_data.csv -H "Content-Type: multipart/form-data"  "http://pinot-controller:9000/ingestFromFile?tableNameWithType=customer_dim_OFFLINE&batchConfigMapStr=%7B%22inputFormat%22%3A%22csv%22%2C%22recordReader.prop.delimiter%22%3A%22%2C%22%7D"']
[2024-10-21T19:37:50.451+0000] {subprocess.py:86} INFO - Output:
[2024-10-21T19:37:50.483+0000] {subprocess.py:93} INFO -   % Total    % Received % Xferd  Average Speed   Time    Time     Time  Current
[2024-10-21T19:37:50.484+0000] {subprocess.py:93} INFO -                                  Dload  Upload   Total   Spent    Left  Speed
[2024-10-21T19:37:56.767+0000] {subprocess.py:93} INFO -   0     0    0     0    0     0      0      0 --:--:-- --:--:-- --:--:--     0100  8465    0     0  100  8465      0  41792 --:--:-- --:--:-- --:--:-- 41699100  8465    0     0  100  8465      0   7031  0:00:01  0:00:01 --:--:--  7030100  8465    0     0  100  8465      0   3838  0:00:02  0:00:02 --:--:--  3839100  8465    0     0  100  8465      0   2640  0:00:03  0:00:03 --:--:--  2639100  8465    0     0  100  8465      0   2011  0:00:04  0:00:04 --:--:--  2011100  8465    0     0  100  8465      0   1625  0:00:05  0:00:05 --:--:--     0100  8465    0     0  100  8465      0   1363  0:00:06  0:00:06 --:--:--     0100  8576  100   111  100  8465     17   1347  0:00:06  0:00:06 --:--:--    27
[2024-10-21T19:37:56.770+0000] {subprocess.py:93} INFO - {"status":"Successfully ingested file into table: customer_dim_OFFLINE as segment: customer_dim_1729539470766"}
[2024-10-21T19:37:56.772+0000] {subprocess.py:97} INFO - Command exited with return code 0
[2024-10-21T19:37:56.832+0000] {taskinstance.py:340} INFO - ::group::Post task execution logs
[2024-10-21T19:37:56.834+0000] {taskinstance.py:352} INFO - Marking task as SUCCESS. dag_id=dimension_batch_ingestion, task_id=ingest_customer_data, run_id=manual__2024-10-21T19:37:23.865436+00:00, execution_date=20241021T193723, start_date=20241021T193750, end_date=20241021T193756
[2024-10-21T19:37:56.864+0000] {logging_mixin.py:190} INFO - Task instance in success state
[2024-10-21T19:37:56.865+0000] {logging_mixin.py:190} INFO -  Previous state of the Task instance: running
[2024-10-21T19:37:56.866+0000] {logging_mixin.py:190} INFO - Dag name:dimension_batch_ingestion queued_at:2024-10-21 19:37:23.895527+00:00
[2024-10-21T19:37:56.867+0000] {logging_mixin.py:190} INFO - Task hostname:b5877bc8e957 operator:BashOperator
[2024-10-21T19:37:56.912+0000] {local_task_job_runner.py:266} INFO - Task exited with return code 0
[2024-10-21T19:37:56.928+0000] {local_task_job_runner.py:245} INFO - ::endgroup::
