[2024-10-21T00:19:20.512+0000] {local_task_job_runner.py:123} INFO - ::group::Pre task execution logs
[2024-10-21T00:19:20.647+0000] {taskinstance.py:2612} INFO - Dependencies all met for dep_context=non-requeueable deps ti=<TaskInstance: table_dag.submit_table scheduled__2024-10-18T00:00:00+00:00 [queued]>
[2024-10-21T00:19:20.774+0000] {taskinstance.py:2612} INFO - Dependencies all met for dep_context=requeueable deps ti=<TaskInstance: table_dag.submit_table scheduled__2024-10-18T00:00:00+00:00 [queued]>
[2024-10-21T00:19:20.786+0000] {taskinstance.py:2865} INFO - Starting attempt 1 of 1
[2024-10-21T00:19:20.900+0000] {taskinstance.py:2888} INFO - Executing <Task(PinotTableSubmitOperator): submit_table> on 2024-10-18 00:00:00+00:00
[2024-10-21T00:19:20.945+0000] {warnings.py:112} WARNING - /home/***/.local/lib/python3.12/site-packages/***/task/task_runner/standard_task_runner.py:70: DeprecationWarning: This process (pid=1126) is multi-threaded, use of fork() may lead to deadlocks in the child.
  pid = os.fork()

[2024-10-21T00:19:20.976+0000] {standard_task_runner.py:72} INFO - Started process 1147 to run task
[2024-10-21T00:19:20.976+0000] {standard_task_runner.py:104} INFO - Running: ['***', 'tasks', 'run', 'table_dag', 'submit_table', 'scheduled__2024-10-18T00:00:00+00:00', '--job-id', '126', '--raw', '--subdir', 'DAGS_FOLDER/table_dag.py', '--cfg-path', '/tmp/tmpx31owl1d']
[2024-10-21T00:19:20.992+0000] {standard_task_runner.py:105} INFO - Job 126: Subtask submit_table
[2024-10-21T00:19:21.415+0000] {task_command.py:467} INFO - Running <TaskInstance: table_dag.submit_table scheduled__2024-10-18T00:00:00+00:00 [running]> on host b5fa23871e33
[2024-10-21T00:19:21.948+0000] {taskinstance.py:3131} INFO - Exporting env vars: AIRFLOW_CTX_DAG_OWNER='saisunny' AIRFLOW_CTX_DAG_ID='table_dag' AIRFLOW_CTX_TASK_ID='submit_table' AIRFLOW_CTX_EXECUTION_DATE='2024-10-18T00:00:00+00:00' AIRFLOW_CTX_TRY_NUMBER='1' AIRFLOW_CTX_DAG_RUN_ID='scheduled__2024-10-18T00:00:00+00:00'
[2024-10-21T00:19:21.964+0000] {logging_mixin.py:190} INFO - Task instance is in running state
[2024-10-21T00:19:21.966+0000] {logging_mixin.py:190} INFO -  Previous state of the Task instance: queued
[2024-10-21T00:19:21.968+0000] {logging_mixin.py:190} INFO - Current task name:submit_table state:running start_date:2024-10-21 00:19:20.679091+00:00
[2024-10-21T00:19:21.975+0000] {logging_mixin.py:190} INFO - Dag name:table_dag and current dag run status:running
[2024-10-21T00:19:21.981+0000] {taskinstance.py:731} INFO - ::endgroup::
[2024-10-21T00:19:22.271+0000] {pinot_table_operator.py:32} ERROR - /opt/***/dags/tables/account_dim.json Table Submission Failed To Submit With 409 - {"code":409,"error":"Table config for account_dim_OFFLINE already exists. If this is unexpected, try deleting the table to remove all metadata associated with it."}
[2024-10-21T00:19:22.277+0000] {pinot_table_operator.py:38} ERROR - An Error Occurred: /opt/***/dags/tables/account_dim.json Table Submission Failed To Submit With 409
[2024-10-21T00:19:22.387+0000] {taskinstance.py:340} INFO - ::group::Post task execution logs
[2024-10-21T00:19:22.390+0000] {taskinstance.py:352} INFO - Marking task as SUCCESS. dag_id=table_dag, task_id=submit_table, run_id=scheduled__2024-10-18T00:00:00+00:00, execution_date=20241018T000000, start_date=20241021T001920, end_date=20241021T001922
[2024-10-21T00:19:22.451+0000] {logging_mixin.py:190} INFO - Task instance in success state
[2024-10-21T00:19:22.466+0000] {logging_mixin.py:190} INFO -  Previous state of the Task instance: running
[2024-10-21T00:19:22.470+0000] {logging_mixin.py:190} INFO - Dag name:table_dag queued_at:2024-10-21 00:18:10.539253+00:00
[2024-10-21T00:19:22.485+0000] {logging_mixin.py:190} INFO - Task hostname:b5fa23871e33 operator:PinotTableSubmitOperator
[2024-10-21T00:19:22.574+0000] {local_task_job_runner.py:266} INFO - Task exited with return code 0
[2024-10-21T00:19:22.685+0000] {taskinstance.py:3900} INFO - 0 downstream tasks scheduled from follow-on schedule check
[2024-10-21T00:19:22.691+0000] {local_task_job_runner.py:245} INFO - ::endgroup::
