[2024-10-21T05:39:24.026+0000] {local_task_job_runner.py:123} INFO - ::group::Pre task execution logs
[2024-10-21T05:39:24.048+0000] {taskinstance.py:2612} INFO - Dependencies all met for dep_context=non-requeueable deps ti=<TaskInstance: table_dag.submit_table manual__2024-10-21T05:39:19.158163+00:00 [queued]>
[2024-10-21T05:39:24.056+0000] {taskinstance.py:2612} INFO - Dependencies all met for dep_context=requeueable deps ti=<TaskInstance: table_dag.submit_table manual__2024-10-21T05:39:19.158163+00:00 [queued]>
[2024-10-21T05:39:24.057+0000] {taskinstance.py:2865} INFO - Starting attempt 1 of 1
[2024-10-21T05:39:24.072+0000] {taskinstance.py:2888} INFO - Executing <Task(PinotTableSubmitOperator): submit_table> on 2024-10-21 05:39:19.158163+00:00
[2024-10-21T05:39:24.081+0000] {warnings.py:112} WARNING - /home/***/.local/lib/python3.12/site-packages/***/task/task_runner/standard_task_runner.py:70: DeprecationWarning: This process (pid=438) is multi-threaded, use of fork() may lead to deadlocks in the child.
  pid = os.fork()

[2024-10-21T05:39:24.083+0000] {standard_task_runner.py:72} INFO - Started process 440 to run task
[2024-10-21T05:39:24.083+0000] {standard_task_runner.py:104} INFO - Running: ['***', 'tasks', 'run', 'table_dag', 'submit_table', 'manual__2024-10-21T05:39:19.158163+00:00', '--job-id', '155', '--raw', '--subdir', 'DAGS_FOLDER/table_dag.py', '--cfg-path', '/tmp/tmp6cz5cqj2']
[2024-10-21T05:39:24.085+0000] {standard_task_runner.py:105} INFO - Job 155: Subtask submit_table
[2024-10-21T05:39:24.130+0000] {task_command.py:467} INFO - Running <TaskInstance: table_dag.submit_table manual__2024-10-21T05:39:19.158163+00:00 [running]> on host b5fa23871e33
[2024-10-21T05:39:24.217+0000] {taskinstance.py:3131} INFO - Exporting env vars: AIRFLOW_CTX_DAG_OWNER='saisunny' AIRFLOW_CTX_DAG_ID='table_dag' AIRFLOW_CTX_TASK_ID='submit_table' AIRFLOW_CTX_EXECUTION_DATE='2024-10-21T05:39:19.158163+00:00' AIRFLOW_CTX_TRY_NUMBER='1' AIRFLOW_CTX_DAG_RUN_ID='manual__2024-10-21T05:39:19.158163+00:00'
[2024-10-21T05:39:24.219+0000] {logging_mixin.py:190} INFO - Task instance is in running state
[2024-10-21T05:39:24.219+0000] {logging_mixin.py:190} INFO -  Previous state of the Task instance: queued
[2024-10-21T05:39:24.220+0000] {logging_mixin.py:190} INFO - Current task name:submit_table state:running start_date:2024-10-21 05:39:24.049103+00:00
[2024-10-21T05:39:24.221+0000] {logging_mixin.py:190} INFO - Dag name:table_dag and current dag run status:running
[2024-10-21T05:39:24.222+0000] {taskinstance.py:731} INFO - ::endgroup::
[2024-10-21T05:39:24.339+0000] {pinot_table_operator.py:30} INFO - /opt/***/dags/tables/account_dim.json Table Successfully Submitted To Apache Pinot!
[2024-10-21T05:39:24.404+0000] {pinot_table_operator.py:30} INFO - /opt/***/dags/tables/branch_dim.json Table Successfully Submitted To Apache Pinot!
[2024-10-21T05:39:24.474+0000] {pinot_table_operator.py:30} INFO - /opt/***/dags/tables/customer_dim.json Table Successfully Submitted To Apache Pinot!
[2024-10-21T05:39:24.671+0000] {pinot_table_operator.py:30} INFO - /opt/***/dags/tables/transaction_facts.json Table Successfully Submitted To Apache Pinot!
[2024-10-21T05:39:24.687+0000] {taskinstance.py:340} INFO - ::group::Post task execution logs
[2024-10-21T05:39:24.689+0000] {taskinstance.py:352} INFO - Marking task as SUCCESS. dag_id=table_dag, task_id=submit_table, run_id=manual__2024-10-21T05:39:19.158163+00:00, execution_date=20241021T053919, start_date=20241021T053924, end_date=20241021T053924
[2024-10-21T05:39:24.705+0000] {logging_mixin.py:190} INFO - Task instance in success state
[2024-10-21T05:39:24.706+0000] {logging_mixin.py:190} INFO -  Previous state of the Task instance: running
[2024-10-21T05:39:24.707+0000] {logging_mixin.py:190} INFO - Dag name:table_dag queued_at:2024-10-21 05:39:19.180257+00:00
[2024-10-21T05:39:24.707+0000] {logging_mixin.py:190} INFO - Task hostname:b5fa23871e33 operator:PinotTableSubmitOperator
[2024-10-21T05:39:24.741+0000] {local_task_job_runner.py:266} INFO - Task exited with return code 0
[2024-10-21T05:39:24.780+0000] {taskinstance.py:3900} INFO - 0 downstream tasks scheduled from follow-on schedule check
[2024-10-21T05:39:24.784+0000] {local_task_job_runner.py:245} INFO - ::endgroup::
