[2024-10-21T00:18:10.758+0000] {local_task_job_runner.py:123} INFO - ::group::Pre task execution logs
[2024-10-21T00:18:10.875+0000] {taskinstance.py:2612} INFO - Dependencies all met for dep_context=non-requeueable deps ti=<TaskInstance: schema_dag.submit_schema scheduled__2024-10-19T00:00:00+00:00 [queued]>
[2024-10-21T00:18:10.939+0000] {taskinstance.py:2612} INFO - Dependencies all met for dep_context=requeueable deps ti=<TaskInstance: schema_dag.submit_schema scheduled__2024-10-19T00:00:00+00:00 [queued]>
[2024-10-21T00:18:10.946+0000] {taskinstance.py:2865} INFO - Starting attempt 1 of 1
[2024-10-21T00:18:11.032+0000] {taskinstance.py:2888} INFO - Executing <Task(PinotSchemaSubmitOperator): submit_schema> on 2024-10-19 00:00:00+00:00
[2024-10-21T00:18:11.085+0000] {warnings.py:112} WARNING - /home/***/.local/lib/python3.12/site-packages/***/task/task_runner/standard_task_runner.py:70: DeprecationWarning: This process (pid=1096) is multi-threaded, use of fork() may lead to deadlocks in the child.
  pid = os.fork()

[2024-10-21T00:18:11.100+0000] {standard_task_runner.py:72} INFO - Started process 1109 to run task
[2024-10-21T00:18:11.097+0000] {standard_task_runner.py:104} INFO - Running: ['***', 'tasks', 'run', 'schema_dag', 'submit_schema', 'scheduled__2024-10-19T00:00:00+00:00', '--job-id', '120', '--raw', '--subdir', 'DAGS_FOLDER/schema_dag.py', '--cfg-path', '/tmp/tmpubbuxw52']
[2024-10-21T00:18:11.104+0000] {standard_task_runner.py:105} INFO - Job 120: Subtask submit_schema
[2024-10-21T00:18:11.697+0000] {task_command.py:467} INFO - Running <TaskInstance: schema_dag.submit_schema scheduled__2024-10-19T00:00:00+00:00 [running]> on host b5fa23871e33
[2024-10-21T00:18:12.254+0000] {taskinstance.py:3131} INFO - Exporting env vars: AIRFLOW_CTX_DAG_OWNER='saisunny' AIRFLOW_CTX_DAG_ID='schema_dag' AIRFLOW_CTX_TASK_ID='submit_schema' AIRFLOW_CTX_EXECUTION_DATE='2024-10-19T00:00:00+00:00' AIRFLOW_CTX_TRY_NUMBER='1' AIRFLOW_CTX_DAG_RUN_ID='scheduled__2024-10-19T00:00:00+00:00'
[2024-10-21T00:18:12.262+0000] {logging_mixin.py:190} INFO - Task instance is in running state
[2024-10-21T00:18:12.264+0000] {logging_mixin.py:190} INFO -  Previous state of the Task instance: queued
[2024-10-21T00:18:12.278+0000] {logging_mixin.py:190} INFO - Current task name:submit_schema state:running start_date:2024-10-21 00:18:10.877299+00:00
[2024-10-21T00:18:12.281+0000] {logging_mixin.py:190} INFO - Dag name:schema_dag and current dag run status:running
[2024-10-21T00:18:12.283+0000] {taskinstance.py:731} INFO - ::endgroup::
[2024-10-21T00:18:13.410+0000] {pinot_schema_operator.py:30} INFO - /opt/***/dags/schemas/account_dim_schema.json Schema Successfully Submitted To Apache Pinot!
[2024-10-21T00:18:13.908+0000] {pinot_schema_operator.py:30} INFO - /opt/***/dags/schemas/branch_dim_schema.json Schema Successfully Submitted To Apache Pinot!
[2024-10-21T00:18:14.181+0000] {pinot_schema_operator.py:30} INFO - /opt/***/dags/schemas/customer_dim_schema.json Schema Successfully Submitted To Apache Pinot!
[2024-10-21T00:18:15.008+0000] {pinot_schema_operator.py:30} INFO - /opt/***/dags/schemas/transaction_facts_schema.json Schema Successfully Submitted To Apache Pinot!
[2024-10-21T00:18:15.106+0000] {taskinstance.py:340} INFO - ::group::Post task execution logs
[2024-10-21T00:18:15.122+0000] {taskinstance.py:352} INFO - Marking task as SUCCESS. dag_id=schema_dag, task_id=submit_schema, run_id=scheduled__2024-10-19T00:00:00+00:00, execution_date=20241019T000000, start_date=20241021T001810, end_date=20241021T001815
[2024-10-21T00:18:15.262+0000] {logging_mixin.py:190} INFO - Task instance in success state
[2024-10-21T00:18:15.287+0000] {logging_mixin.py:190} INFO -  Previous state of the Task instance: running
[2024-10-21T00:18:15.293+0000] {logging_mixin.py:190} INFO - Dag name:schema_dag queued_at:2024-10-21 00:17:49.163933+00:00
[2024-10-21T00:18:15.319+0000] {logging_mixin.py:190} INFO - Task hostname:b5fa23871e33 operator:PinotSchemaSubmitOperator
[2024-10-21T00:18:15.419+0000] {local_task_job_runner.py:266} INFO - Task exited with return code 0
[2024-10-21T00:18:15.504+0000] {local_task_job_runner.py:245} INFO - ::endgroup::
