[2024-10-21T06:09:21.121+0000] {local_task_job_runner.py:123} INFO - ::group::Pre task execution logs
[2024-10-21T06:09:21.231+0000] {taskinstance.py:2612} INFO - Dependencies all met for dep_context=non-requeueable deps ti=<TaskInstance: dimension_batch_ingestion.ingest_customer_data manual__2024-10-21T06:08:35.651875+00:00 [queued]>
[2024-10-21T06:09:21.318+0000] {taskinstance.py:2612} INFO - Dependencies all met for dep_context=requeueable deps ti=<TaskInstance: dimension_batch_ingestion.ingest_customer_data manual__2024-10-21T06:08:35.651875+00:00 [queued]>
[2024-10-21T06:09:21.333+0000] {taskinstance.py:2865} INFO - Starting attempt 1 of 1
[2024-10-21T06:09:21.478+0000] {taskinstance.py:2888} INFO - Executing <Task(BashOperator): ingest_customer_data> on 2024-10-21 06:08:35.651875+00:00
[2024-10-21T06:09:21.532+0000] {warnings.py:112} WARNING - /home/***/.local/lib/python3.12/site-packages/***/task/task_runner/standard_task_runner.py:70: DeprecationWarning: This process (pid=292) is multi-threaded, use of fork() may lead to deadlocks in the child.
  pid = os.fork()

[2024-10-21T06:09:21.566+0000] {standard_task_runner.py:72} INFO - Started process 309 to run task
[2024-10-21T06:09:21.571+0000] {standard_task_runner.py:104} INFO - Running: ['***', 'tasks', 'run', 'dimension_batch_ingestion', 'ingest_customer_data', 'manual__2024-10-21T06:08:35.651875+00:00', '--job-id', '179', '--raw', '--subdir', 'DAGS_FOLDER/loader_dag.py', '--cfg-path', '/tmp/tmpfs5lawx5']
[2024-10-21T06:09:21.578+0000] {standard_task_runner.py:105} INFO - Job 179: Subtask ingest_customer_data
[2024-10-21T06:09:22.195+0000] {task_command.py:467} INFO - Running <TaskInstance: dimension_batch_ingestion.ingest_customer_data manual__2024-10-21T06:08:35.651875+00:00 [running]> on host b5fa23871e33
[2024-10-21T06:09:22.795+0000] {taskinstance.py:3131} INFO - Exporting env vars: AIRFLOW_CTX_DAG_OWNER='saisunny' AIRFLOW_CTX_DAG_ID='dimension_batch_ingestion' AIRFLOW_CTX_TASK_ID='ingest_customer_data' AIRFLOW_CTX_EXECUTION_DATE='2024-10-21T06:08:35.651875+00:00' AIRFLOW_CTX_TRY_NUMBER='1' AIRFLOW_CTX_DAG_RUN_ID='manual__2024-10-21T06:08:35.651875+00:00'
[2024-10-21T06:09:22.800+0000] {logging_mixin.py:190} INFO - Task instance is in running state
[2024-10-21T06:09:22.806+0000] {logging_mixin.py:190} INFO -  Previous state of the Task instance: queued
[2024-10-21T06:09:22.814+0000] {logging_mixin.py:190} INFO - Current task name:ingest_customer_data state:running start_date:2024-10-21 06:09:21.244167+00:00
[2024-10-21T06:09:22.823+0000] {logging_mixin.py:190} INFO - Dag name:dimension_batch_ingestion and current dag run status:running
[2024-10-21T06:09:22.830+0000] {taskinstance.py:731} INFO - ::endgroup::
[2024-10-21T06:09:22.847+0000] {subprocess.py:63} INFO - Tmp dir root location: /tmp
[2024-10-21T06:09:22.857+0000] {subprocess.py:75} INFO - Running command: ['/usr/bin/bash', '-c', 'curl -X POST -F file=@/opt/***/customer_dim_large_data.csv -H "Content-Type: multipart/form-data"  "http://pinot-controller:9000/ingestFromFile?tableNameWithType=customer_dim_OFFLINE&batchConfigMapStr=%7B%22inputFormat%22%3A%22csv%22%2C%22recordReader.prop.delimiter%22%3A%22%2C%22%7D"']
[2024-10-21T06:09:22.941+0000] {subprocess.py:86} INFO - Output:
[2024-10-21T06:09:23.139+0000] {subprocess.py:93} INFO -   % Total    % Received % Xferd  Average Speed   Time    Time     Time  Current
[2024-10-21T06:09:23.141+0000] {subprocess.py:93} INFO -                                  Dload  Upload   Total   Spent    Left  Speed
[2024-10-21T06:09:23.786+0000] {subprocess.py:93} INFO -   0     0    0     0    0     0      0      0 --:--:-- --:--:-- --:--:--     0100  8576  100   111  100  8465    174  13343 --:--:-- --:--:-- --:--:-- 13548100  8576  100   111  100  8465    173  13202 --:--:-- --:--:-- --:--:-- 13400
[2024-10-21T06:09:23.816+0000] {subprocess.py:93} INFO - {"status":"Successfully ingested file into table: customer_dim_OFFLINE as segment: customer_dim_1729490963199"}
[2024-10-21T06:09:23.821+0000] {subprocess.py:97} INFO - Command exited with return code 0
[2024-10-21T06:09:23.994+0000] {taskinstance.py:340} INFO - ::group::Post task execution logs
[2024-10-21T06:09:23.998+0000] {taskinstance.py:352} INFO - Marking task as SUCCESS. dag_id=dimension_batch_ingestion, task_id=ingest_customer_data, run_id=manual__2024-10-21T06:08:35.651875+00:00, execution_date=20241021T060835, start_date=20241021T060921, end_date=20241021T060923
[2024-10-21T06:09:24.111+0000] {logging_mixin.py:190} INFO - Task instance in success state
[2024-10-21T06:09:24.113+0000] {logging_mixin.py:190} INFO -  Previous state of the Task instance: running
[2024-10-21T06:09:24.115+0000] {logging_mixin.py:190} INFO - Dag name:dimension_batch_ingestion queued_at:2024-10-21 06:08:35.688780+00:00
[2024-10-21T06:09:24.116+0000] {logging_mixin.py:190} INFO - Task hostname:b5fa23871e33 operator:BashOperator
[2024-10-21T06:09:24.207+0000] {local_task_job_runner.py:266} INFO - Task exited with return code 0
[2024-10-21T06:09:24.355+0000] {taskinstance.py:3900} INFO - 0 downstream tasks scheduled from follow-on schedule check
[2024-10-21T06:09:24.403+0000] {local_task_job_runner.py:245} INFO - ::endgroup::
