[2024-10-21T06:02:01.498+0000] {local_task_job_runner.py:123} INFO - ::group::Pre task execution logs
[2024-10-21T06:02:01.558+0000] {taskinstance.py:2612} INFO - Dependencies all met for dep_context=non-requeueable deps ti=<TaskInstance: schema_dag.submit_schema manual__2024-10-21T06:01:55.260914+00:00 [queued]>
[2024-10-21T06:02:01.608+0000] {taskinstance.py:2612} INFO - Dependencies all met for dep_context=requeueable deps ti=<TaskInstance: schema_dag.submit_schema manual__2024-10-21T06:01:55.260914+00:00 [queued]>
[2024-10-21T06:02:01.612+0000] {taskinstance.py:2865} INFO - Starting attempt 1 of 1
[2024-10-21T06:02:01.671+0000] {taskinstance.py:2888} INFO - Executing <Task(PinotSchemaSubmitOperator): submit_schema> on 2024-10-21 06:01:55.260914+00:00
[2024-10-21T06:02:01.700+0000] {warnings.py:112} WARNING - /home/***/.local/lib/python3.12/site-packages/***/task/task_runner/standard_task_runner.py:70: DeprecationWarning: This process (pid=205) is multi-threaded, use of fork() may lead to deadlocks in the child.
  pid = os.fork()

[2024-10-21T06:02:01.703+0000] {standard_task_runner.py:72} INFO - Started process 207 to run task
[2024-10-21T06:02:01.707+0000] {standard_task_runner.py:104} INFO - Running: ['***', 'tasks', 'run', 'schema_dag', 'submit_schema', 'manual__2024-10-21T06:01:55.260914+00:00', '--job-id', '174', '--raw', '--subdir', 'DAGS_FOLDER/schema_dag.py', '--cfg-path', '/tmp/tmpzboup8q7']
[2024-10-21T06:02:01.710+0000] {standard_task_runner.py:105} INFO - Job 174: Subtask submit_schema
[2024-10-21T06:02:01.829+0000] {task_command.py:467} INFO - Running <TaskInstance: schema_dag.submit_schema manual__2024-10-21T06:01:55.260914+00:00 [running]> on host b5fa23871e33
[2024-10-21T06:02:02.137+0000] {taskinstance.py:3131} INFO - Exporting env vars: AIRFLOW_CTX_DAG_OWNER='saisunny' AIRFLOW_CTX_DAG_ID='schema_dag' AIRFLOW_CTX_TASK_ID='submit_schema' AIRFLOW_CTX_EXECUTION_DATE='2024-10-21T06:01:55.260914+00:00' AIRFLOW_CTX_TRY_NUMBER='1' AIRFLOW_CTX_DAG_RUN_ID='manual__2024-10-21T06:01:55.260914+00:00'
[2024-10-21T06:02:02.142+0000] {logging_mixin.py:190} INFO - Task instance is in running state
[2024-10-21T06:02:02.144+0000] {logging_mixin.py:190} INFO -  Previous state of the Task instance: queued
[2024-10-21T06:02:02.145+0000] {logging_mixin.py:190} INFO - Current task name:submit_schema state:running start_date:2024-10-21 06:02:01.560092+00:00
[2024-10-21T06:02:02.146+0000] {logging_mixin.py:190} INFO - Dag name:schema_dag and current dag run status:running
[2024-10-21T06:02:02.147+0000] {taskinstance.py:731} INFO - ::endgroup::
[2024-10-21T06:02:02.461+0000] {pinot_schema_operator.py:30} INFO - /opt/***/dags/schemas/account_dim_schema.json Schema Successfully Submitted To Apache Pinot!
[2024-10-21T06:02:02.526+0000] {pinot_schema_operator.py:30} INFO - /opt/***/dags/schemas/branch_dim_schema.json Schema Successfully Submitted To Apache Pinot!
[2024-10-21T06:02:02.611+0000] {pinot_schema_operator.py:30} INFO - /opt/***/dags/schemas/customer_dim_schema.json Schema Successfully Submitted To Apache Pinot!
[2024-10-21T06:02:02.728+0000] {pinot_schema_operator.py:30} INFO - /opt/***/dags/schemas/transaction_facts_schema.json Schema Successfully Submitted To Apache Pinot!
[2024-10-21T06:02:02.786+0000] {taskinstance.py:340} INFO - ::group::Post task execution logs
[2024-10-21T06:02:02.788+0000] {taskinstance.py:352} INFO - Marking task as SUCCESS. dag_id=schema_dag, task_id=submit_schema, run_id=manual__2024-10-21T06:01:55.260914+00:00, execution_date=20241021T060155, start_date=20241021T060201, end_date=20241021T060202
[2024-10-21T06:02:02.829+0000] {logging_mixin.py:190} INFO - Task instance in success state
[2024-10-21T06:02:02.831+0000] {logging_mixin.py:190} INFO -  Previous state of the Task instance: running
[2024-10-21T06:02:02.834+0000] {logging_mixin.py:190} INFO - Dag name:schema_dag queued_at:2024-10-21 06:01:55.283948+00:00
[2024-10-21T06:02:02.836+0000] {logging_mixin.py:190} INFO - Task hostname:b5fa23871e33 operator:PinotSchemaSubmitOperator
[2024-10-21T06:02:02.896+0000] {local_task_job_runner.py:266} INFO - Task exited with return code 0
[2024-10-21T06:02:02.988+0000] {taskinstance.py:3900} INFO - 0 downstream tasks scheduled from follow-on schedule check
[2024-10-21T06:02:02.999+0000] {local_task_job_runner.py:245} INFO - ::endgroup::
