[2024-10-21T05:43:46.269+0000] {local_task_job_runner.py:123} INFO - ::group::Pre task execution logs
[2024-10-21T05:43:46.501+0000] {taskinstance.py:2612} INFO - Dependencies all met for dep_context=non-requeueable deps ti=<TaskInstance: dimension_batch_ingestion.ingest_branch_data manual__2024-10-21T05:43:17.612261+00:00 [queued]>
[2024-10-21T05:43:46.653+0000] {taskinstance.py:2612} INFO - Dependencies all met for dep_context=requeueable deps ti=<TaskInstance: dimension_batch_ingestion.ingest_branch_data manual__2024-10-21T05:43:17.612261+00:00 [queued]>
[2024-10-21T05:43:46.662+0000] {taskinstance.py:2865} INFO - Starting attempt 1 of 1
[2024-10-21T05:43:46.874+0000] {taskinstance.py:2888} INFO - Executing <Task(BashOperator): ingest_branch_data> on 2024-10-21 05:43:17.612261+00:00
[2024-10-21T05:43:46.932+0000] {warnings.py:112} WARNING - /home/***/.local/lib/python3.12/site-packages/***/task/task_runner/standard_task_runner.py:70: DeprecationWarning: This process (pid=521) is multi-threaded, use of fork() may lead to deadlocks in the child.
  pid = os.fork()

[2024-10-21T05:43:46.956+0000] {standard_task_runner.py:72} INFO - Started process 533 to run task
[2024-10-21T05:43:46.962+0000] {standard_task_runner.py:104} INFO - Running: ['***', 'tasks', 'run', 'dimension_batch_ingestion', 'ingest_branch_data', 'manual__2024-10-21T05:43:17.612261+00:00', '--job-id', '162', '--raw', '--subdir', 'DAGS_FOLDER/loader_dag.py', '--cfg-path', '/tmp/tmpdgs6fhk7']
[2024-10-21T05:43:46.976+0000] {standard_task_runner.py:105} INFO - Job 162: Subtask ingest_branch_data
[2024-10-21T05:43:47.865+0000] {task_command.py:467} INFO - Running <TaskInstance: dimension_batch_ingestion.ingest_branch_data manual__2024-10-21T05:43:17.612261+00:00 [running]> on host b5fa23871e33
[2024-10-21T05:43:48.544+0000] {taskinstance.py:3131} INFO - Exporting env vars: AIRFLOW_CTX_DAG_OWNER='saisunny' AIRFLOW_CTX_DAG_ID='dimension_batch_ingestion' AIRFLOW_CTX_TASK_ID='ingest_branch_data' AIRFLOW_CTX_EXECUTION_DATE='2024-10-21T05:43:17.612261+00:00' AIRFLOW_CTX_TRY_NUMBER='1' AIRFLOW_CTX_DAG_RUN_ID='manual__2024-10-21T05:43:17.612261+00:00'
[2024-10-21T05:43:48.556+0000] {logging_mixin.py:190} INFO - Task instance is in running state
[2024-10-21T05:43:48.559+0000] {logging_mixin.py:190} INFO -  Previous state of the Task instance: queued
[2024-10-21T05:43:48.563+0000] {logging_mixin.py:190} INFO - Current task name:ingest_branch_data state:running start_date:2024-10-21 05:43:46.530550+00:00
[2024-10-21T05:43:48.565+0000] {logging_mixin.py:190} INFO - Dag name:dimension_batch_ingestion and current dag run status:running
[2024-10-21T05:43:48.566+0000] {taskinstance.py:731} INFO - ::endgroup::
[2024-10-21T05:43:48.579+0000] {subprocess.py:63} INFO - Tmp dir root location: /tmp
[2024-10-21T05:43:48.587+0000] {subprocess.py:75} INFO - Running command: ['/usr/bin/bash', '-c', 'curl -X POST -F file=@/opt/***/branch_dim_large_data.csv -H "Content-Type: multipart/form-data" "http://pinot-controller:9000/ingestFromFile?tableNameWithType=branch_dim_OFFLINE&batchConfigMapStr=%7B%22inputFormat%22%3A%22csv%22%2C%22recordReader.prop.delimiter%22%3A%22%2C%22%7D"']
[2024-10-21T05:43:48.651+0000] {subprocess.py:86} INFO - Output:
[2024-10-21T05:43:48.700+0000] {subprocess.py:93} INFO -   % Total    % Received % Xferd  Average Speed   Time    Time     Time  Current
[2024-10-21T05:43:48.704+0000] {subprocess.py:93} INFO -                                  Dload  Upload   Total   Spent    Left  Speed
[2024-10-21T05:43:58.468+0000] {subprocess.py:93} INFO -   0     0    0     0    0     0      0      0 --:--:-- --:--:-- --:--:--     0100  4019    0     0  100  4019      0   3331  0:00:01  0:00:01 --:--:--  3335100  4019    0     0  100  4019      0   1820  0:00:02  0:00:02 --:--:--  1821100  4019    0     0  100  4019      0   1252  0:00:03  0:00:03 --:--:--  1252100  4019    0     0  100  4019      0    954  0:00:04  0:00:04 --:--:--   954100  4019    0     0  100  4019      0    770  0:00:05  0:00:05 --:--:--   770100  4019    0     0  100  4019      0    646  0:00:06  0:00:06 --:--:--     0100  4019    0     0  100  4019      0    556  0:00:07  0:00:07 --:--:--     0100  4019    0     0  100  4019      0    488  0:00:08  0:00:08 --:--:--     0100  4019    0     0  100  4019      0    435  0:00:09  0:00:09 --:--:--     0100  4126  100   107  100  4019     10    411  0:00:10  0:00:09  0:00:01    23100  4126  100   107  100  4019     10    411  0:00:10  0:00:09  0:00:01    30
[2024-10-21T05:43:58.474+0000] {subprocess.py:93} INFO - {"status":"Successfully ingested file into table: branch_dim_OFFLINE as segment: branch_dim_1729489430308"}
[2024-10-21T05:43:58.478+0000] {subprocess.py:97} INFO - Command exited with return code 0
[2024-10-21T05:43:58.599+0000] {taskinstance.py:340} INFO - ::group::Post task execution logs
[2024-10-21T05:43:58.601+0000] {taskinstance.py:352} INFO - Marking task as SUCCESS. dag_id=dimension_batch_ingestion, task_id=ingest_branch_data, run_id=manual__2024-10-21T05:43:17.612261+00:00, execution_date=20241021T054317, start_date=20241021T054346, end_date=20241021T054358
[2024-10-21T05:43:58.702+0000] {logging_mixin.py:190} INFO - Task instance in success state
[2024-10-21T05:43:58.715+0000] {logging_mixin.py:190} INFO -  Previous state of the Task instance: running
[2024-10-21T05:43:58.727+0000] {logging_mixin.py:190} INFO - Dag name:dimension_batch_ingestion queued_at:2024-10-21 05:43:17.629285+00:00
[2024-10-21T05:43:58.742+0000] {logging_mixin.py:190} INFO - Task hostname:b5fa23871e33 operator:BashOperator
[2024-10-21T05:43:58.865+0000] {local_task_job_runner.py:266} INFO - Task exited with return code 0
[2024-10-21T05:43:58.983+0000] {local_task_job_runner.py:245} INFO - ::endgroup::
