[2024-10-16T06:56:57.955+0000] {local_task_job_runner.py:123} INFO - ::group::Pre task execution logs
[2024-10-16T06:56:57.976+0000] {taskinstance.py:2612} INFO - Dependencies all met for dep_context=non-requeueable deps ti=<TaskInstance: branch_dim_generator.generate_branch_dim_data manual__2024-10-16T06:56:54.463624+00:00 [queued]>
[2024-10-16T06:56:57.987+0000] {taskinstance.py:2612} INFO - Dependencies all met for dep_context=requeueable deps ti=<TaskInstance: branch_dim_generator.generate_branch_dim_data manual__2024-10-16T06:56:54.463624+00:00 [queued]>
[2024-10-16T06:56:57.989+0000] {taskinstance.py:2865} INFO - Starting attempt 1 of 1
[2024-10-16T06:56:58.014+0000] {taskinstance.py:2888} INFO - Executing <Task(PythonOperator): generate_branch_dim_data> on 2024-10-16 06:56:54.463624+00:00
[2024-10-16T06:56:58.028+0000] {warnings.py:112} WARNING - /home/***/.local/lib/python3.12/site-packages/***/task/task_runner/standard_task_runner.py:70: DeprecationWarning: This process (pid=91) is multi-threaded, use of fork() may lead to deadlocks in the child.
  pid = os.fork()

[2024-10-16T06:56:58.033+0000] {standard_task_runner.py:72} INFO - Started process 93 to run task
[2024-10-16T06:56:58.034+0000] {standard_task_runner.py:104} INFO - Running: ['***', 'tasks', 'run', 'branch_dim_generator', 'generate_branch_dim_data', 'manual__2024-10-16T06:56:54.463624+00:00', '--job-id', '17', '--raw', '--subdir', 'DAGS_FOLDER/branch_dim_generator.py', '--cfg-path', '/tmp/tmpbrtglyu0']
[2024-10-16T06:56:58.037+0000] {standard_task_runner.py:105} INFO - Job 17: Subtask generate_branch_dim_data
[2024-10-16T06:56:58.128+0000] {task_command.py:467} INFO - Running <TaskInstance: branch_dim_generator.generate_branch_dim_data manual__2024-10-16T06:56:54.463624+00:00 [running]> on host 04154260680e
[2024-10-16T06:56:58.243+0000] {taskinstance.py:3131} INFO - Exporting env vars: AIRFLOW_CTX_DAG_OWNER='saisunny' AIRFLOW_CTX_DAG_ID='branch_dim_generator' AIRFLOW_CTX_TASK_ID='generate_branch_dim_data' AIRFLOW_CTX_EXECUTION_DATE='2024-10-16T06:56:54.463624+00:00' AIRFLOW_CTX_TRY_NUMBER='1' AIRFLOW_CTX_DAG_RUN_ID='manual__2024-10-16T06:56:54.463624+00:00'
[2024-10-16T06:56:58.245+0000] {logging_mixin.py:190} INFO - Task instance is in running state
[2024-10-16T06:56:58.246+0000] {logging_mixin.py:190} INFO -  Previous state of the Task instance: queued
[2024-10-16T06:56:58.246+0000] {logging_mixin.py:190} INFO - Current task name:generate_branch_dim_data state:running start_date:2024-10-16 06:56:57.977540+00:00
[2024-10-16T06:56:58.247+0000] {logging_mixin.py:190} INFO - Dag name:branch_dim_generator and current dag run status:running
[2024-10-16T06:56:58.248+0000] {taskinstance.py:731} INFO - ::endgroup::
[2024-10-16T06:56:58.257+0000] {logging_mixin.py:190} INFO - CSV file './branch_dim_large_data.csv' with 50 rows has been generated successfully.
[2024-10-16T06:56:58.257+0000] {python.py:240} INFO - Done. Returned value was: None
[2024-10-16T06:56:58.271+0000] {taskinstance.py:340} INFO - ::group::Post task execution logs
[2024-10-16T06:56:58.272+0000] {taskinstance.py:352} INFO - Marking task as SUCCESS. dag_id=branch_dim_generator, task_id=generate_branch_dim_data, run_id=manual__2024-10-16T06:56:54.463624+00:00, execution_date=20241016T065654, start_date=20241016T065657, end_date=20241016T065658
[2024-10-16T06:56:58.286+0000] {logging_mixin.py:190} INFO - Task instance in success state
[2024-10-16T06:56:58.287+0000] {logging_mixin.py:190} INFO -  Previous state of the Task instance: running
[2024-10-16T06:56:58.288+0000] {logging_mixin.py:190} INFO - Dag name:branch_dim_generator queued_at:2024-10-16 06:56:54.478120+00:00
[2024-10-16T06:56:58.289+0000] {logging_mixin.py:190} INFO - Task hostname:04154260680e operator:PythonOperator
[2024-10-16T06:56:58.334+0000] {local_task_job_runner.py:266} INFO - Task exited with return code 0
[2024-10-16T06:56:58.362+0000] {taskinstance.py:3900} INFO - 0 downstream tasks scheduled from follow-on schedule check
[2024-10-16T06:56:58.366+0000] {local_task_job_runner.py:245} INFO - ::endgroup::
