[2024-10-21T19:36:31.209+0000] {local_task_job_runner.py:123} INFO - ::group::Pre task execution logs
[2024-10-21T19:36:31.233+0000] {taskinstance.py:2612} INFO - Dependencies all met for dep_context=non-requeueable deps ti=<TaskInstance: table_dag.submit_table manual__2024-10-21T19:36:27.276553+00:00 [queued]>
[2024-10-21T19:36:31.247+0000] {taskinstance.py:2612} INFO - Dependencies all met for dep_context=requeueable deps ti=<TaskInstance: table_dag.submit_table manual__2024-10-21T19:36:27.276553+00:00 [queued]>
[2024-10-21T19:36:31.250+0000] {taskinstance.py:2865} INFO - Starting attempt 1 of 1
[2024-10-21T19:36:31.265+0000] {taskinstance.py:2888} INFO - Executing <Task(PinotTableSubmitOperator): submit_table> on 2024-10-21 19:36:27.276553+00:00
[2024-10-21T19:36:31.274+0000] {warnings.py:112} WARNING - /home/***/.local/lib/python3.12/site-packages/***/task/task_runner/standard_task_runner.py:70: DeprecationWarning: This process (pid=235) is multi-threaded, use of fork() may lead to deadlocks in the child.
  pid = os.fork()

[2024-10-21T19:36:31.277+0000] {standard_task_runner.py:72} INFO - Started process 237 to run task
[2024-10-21T19:36:31.277+0000] {standard_task_runner.py:104} INFO - Running: ['***', 'tasks', 'run', 'table_dag', 'submit_table', 'manual__2024-10-21T19:36:27.276553+00:00', '--job-id', '189', '--raw', '--subdir', 'DAGS_FOLDER/table_dag.py', '--cfg-path', '/tmp/tmpo9101s99']
[2024-10-21T19:36:31.278+0000] {standard_task_runner.py:105} INFO - Job 189: Subtask submit_table
[2024-10-21T19:36:31.335+0000] {task_command.py:467} INFO - Running <TaskInstance: table_dag.submit_table manual__2024-10-21T19:36:27.276553+00:00 [running]> on host b5877bc8e957
[2024-10-21T19:36:31.421+0000] {taskinstance.py:3131} INFO - Exporting env vars: AIRFLOW_CTX_DAG_OWNER='saisunny' AIRFLOW_CTX_DAG_ID='table_dag' AIRFLOW_CTX_TASK_ID='submit_table' AIRFLOW_CTX_EXECUTION_DATE='2024-10-21T19:36:27.276553+00:00' AIRFLOW_CTX_TRY_NUMBER='1' AIRFLOW_CTX_DAG_RUN_ID='manual__2024-10-21T19:36:27.276553+00:00'
[2024-10-21T19:36:31.423+0000] {logging_mixin.py:190} INFO - Task instance is in running state
[2024-10-21T19:36:31.424+0000] {logging_mixin.py:190} INFO -  Previous state of the Task instance: queued
[2024-10-21T19:36:31.425+0000] {logging_mixin.py:190} INFO - Current task name:submit_table state:running start_date:2024-10-21 19:36:31.234137+00:00
[2024-10-21T19:36:31.426+0000] {logging_mixin.py:190} INFO - Dag name:table_dag and current dag run status:running
[2024-10-21T19:36:31.427+0000] {taskinstance.py:731} INFO - ::endgroup::
[2024-10-21T19:36:31.967+0000] {pinot_table_operator.py:30} INFO - /opt/***/dags/tables/account_dim.json Table Successfully Submitted To Apache Pinot!
[2024-10-21T19:36:32.103+0000] {pinot_table_operator.py:30} INFO - /opt/***/dags/tables/branch_dim.json Table Successfully Submitted To Apache Pinot!
[2024-10-21T19:36:32.243+0000] {pinot_table_operator.py:30} INFO - /opt/***/dags/tables/customer_dim.json Table Successfully Submitted To Apache Pinot!
[2024-10-21T19:36:34.375+0000] {pinot_table_operator.py:30} INFO - /opt/***/dags/tables/transaction_facts.json Table Successfully Submitted To Apache Pinot!
[2024-10-21T19:36:34.398+0000] {taskinstance.py:340} INFO - ::group::Post task execution logs
[2024-10-21T19:36:34.400+0000] {taskinstance.py:352} INFO - Marking task as SUCCESS. dag_id=table_dag, task_id=submit_table, run_id=manual__2024-10-21T19:36:27.276553+00:00, execution_date=20241021T193627, start_date=20241021T193631, end_date=20241021T193634
[2024-10-21T19:36:34.421+0000] {logging_mixin.py:190} INFO - Task instance in success state
[2024-10-21T19:36:34.422+0000] {logging_mixin.py:190} INFO -  Previous state of the Task instance: running
[2024-10-21T19:36:34.423+0000] {logging_mixin.py:190} INFO - Dag name:table_dag queued_at:2024-10-21 19:36:27.305100+00:00
[2024-10-21T19:36:34.424+0000] {logging_mixin.py:190} INFO - Task hostname:b5877bc8e957 operator:PinotTableSubmitOperator
[2024-10-21T19:36:34.477+0000] {local_task_job_runner.py:266} INFO - Task exited with return code 0
[2024-10-21T19:36:34.500+0000] {local_task_job_runner.py:245} INFO - ::endgroup::
