[2024-10-21T00:48:07.292+0000] {local_task_job_runner.py:123} INFO - ::group::Pre task execution logs
[2024-10-21T00:48:07.331+0000] {taskinstance.py:2612} INFO - Dependencies all met for dep_context=non-requeueable deps ti=<TaskInstance: dimension_batch_ingestion.ingest_customer_data manual__2024-10-21T00:47:57.321349+00:00 [queued]>
[2024-10-21T00:48:07.350+0000] {taskinstance.py:2612} INFO - Dependencies all met for dep_context=requeueable deps ti=<TaskInstance: dimension_batch_ingestion.ingest_customer_data manual__2024-10-21T00:47:57.321349+00:00 [queued]>
[2024-10-21T00:48:07.353+0000] {taskinstance.py:2865} INFO - Starting attempt 1 of 1
[2024-10-21T00:48:07.383+0000] {taskinstance.py:2888} INFO - Executing <Task(BashOperator): ingest_customer_data> on 2024-10-21 00:47:57.321349+00:00
[2024-10-21T00:48:07.406+0000] {standard_task_runner.py:104} INFO - Running: ['***', 'tasks', 'run', 'dimension_batch_ingestion', 'ingest_customer_data', 'manual__2024-10-21T00:47:57.321349+00:00', '--job-id', '135', '--raw', '--subdir', 'DAGS_FOLDER/loader_dag.py', '--cfg-path', '/tmp/tmplxjten9q']
[2024-10-21T00:48:07.403+0000] {warnings.py:112} WARNING - /home/***/.local/lib/python3.12/site-packages/***/task/task_runner/standard_task_runner.py:70: DeprecationWarning: This process (pid=1532) is multi-threaded, use of fork() may lead to deadlocks in the child.
  pid = os.fork()

[2024-10-21T00:48:07.409+0000] {standard_task_runner.py:105} INFO - Job 135: Subtask ingest_customer_data
[2024-10-21T00:48:07.410+0000] {standard_task_runner.py:72} INFO - Started process 1534 to run task
[2024-10-21T00:48:07.578+0000] {task_command.py:467} INFO - Running <TaskInstance: dimension_batch_ingestion.ingest_customer_data manual__2024-10-21T00:47:57.321349+00:00 [running]> on host b5fa23871e33
[2024-10-21T00:48:07.834+0000] {taskinstance.py:3131} INFO - Exporting env vars: AIRFLOW_CTX_DAG_OWNER='saisunny' AIRFLOW_CTX_DAG_ID='dimension_batch_ingestion' AIRFLOW_CTX_TASK_ID='ingest_customer_data' AIRFLOW_CTX_EXECUTION_DATE='2024-10-21T00:47:57.321349+00:00' AIRFLOW_CTX_TRY_NUMBER='1' AIRFLOW_CTX_DAG_RUN_ID='manual__2024-10-21T00:47:57.321349+00:00'
[2024-10-21T00:48:07.841+0000] {logging_mixin.py:190} INFO - Task instance is in running state
[2024-10-21T00:48:07.843+0000] {logging_mixin.py:190} INFO -  Previous state of the Task instance: queued
[2024-10-21T00:48:07.844+0000] {logging_mixin.py:190} INFO - Current task name:ingest_customer_data state:running start_date:2024-10-21 00:48:07.333465+00:00
[2024-10-21T00:48:07.846+0000] {logging_mixin.py:190} INFO - Dag name:dimension_batch_ingestion and current dag run status:running
[2024-10-21T00:48:07.847+0000] {taskinstance.py:731} INFO - ::endgroup::
[2024-10-21T00:48:07.853+0000] {subprocess.py:63} INFO - Tmp dir root location: /tmp
[2024-10-21T00:48:07.856+0000] {subprocess.py:75} INFO - Running command: ['/usr/bin/bash', '-c', 'curl -X POST -F file=@/opt/***/customer_dim_large_data.csv -H "Content-Type: multipart/form-data"  "http://pinot-controller:9000/ingestFromFile?tableNameWithType=customer_dim_OFFLINE&batchConfigMapStr=%7B%22inputFormat%22%3A%22csv%22%2C%22recordReader.prop.delimiter%22%3A%22%2C%22%7D"']
[2024-10-21T00:48:07.888+0000] {subprocess.py:86} INFO - Output:
[2024-10-21T00:48:07.977+0000] {subprocess.py:93} INFO -   % Total    % Received % Xferd  Average Speed   Time    Time     Time  Current
[2024-10-21T00:48:07.978+0000] {subprocess.py:93} INFO -                                  Dload  Upload   Total   Spent    Left  Speed
[2024-10-21T00:48:08.535+0000] {subprocess.py:93} INFO -   0     0    0     0    0     0      0      0 --:--:-- --:--:-- --:--:--     0100  8576  100   111  100  8465    198  15149 --:--:-- --:--:-- --:--:-- 15341100  8576  100   111  100  8465    198  15146 --:--:-- --:--:-- --:--:-- 15341
[2024-10-21T00:48:08.542+0000] {subprocess.py:93} INFO - {"status":"Successfully ingested file into table: customer_dim_OFFLINE as segment: customer_dim_1729471688007"}
[2024-10-21T00:48:08.547+0000] {subprocess.py:97} INFO - Command exited with return code 0
[2024-10-21T00:48:08.614+0000] {taskinstance.py:340} INFO - ::group::Post task execution logs
[2024-10-21T00:48:08.618+0000] {taskinstance.py:352} INFO - Marking task as SUCCESS. dag_id=dimension_batch_ingestion, task_id=ingest_customer_data, run_id=manual__2024-10-21T00:47:57.321349+00:00, execution_date=20241021T004757, start_date=20241021T004807, end_date=20241021T004808
[2024-10-21T00:48:08.646+0000] {logging_mixin.py:190} INFO - Task instance in success state
[2024-10-21T00:48:08.653+0000] {logging_mixin.py:190} INFO -  Previous state of the Task instance: running
[2024-10-21T00:48:08.689+0000] {logging_mixin.py:190} INFO - Dag name:dimension_batch_ingestion queued_at:2024-10-21 00:47:57.358102+00:00
[2024-10-21T00:48:08.705+0000] {logging_mixin.py:190} INFO - Task hostname:b5fa23871e33 operator:BashOperator
[2024-10-21T00:48:08.764+0000] {local_task_job_runner.py:266} INFO - Task exited with return code 0
[2024-10-21T00:48:08.825+0000] {taskinstance.py:3900} INFO - 1 downstream tasks scheduled from follow-on schedule check
[2024-10-21T00:48:08.831+0000] {local_task_job_runner.py:245} INFO - ::endgroup::
