[2024-10-21T06:08:59.377+0000] {local_task_job_runner.py:123} INFO - ::group::Pre task execution logs
[2024-10-21T06:08:59.427+0000] {taskinstance.py:2612} INFO - Dependencies all met for dep_context=non-requeueable deps ti=<TaskInstance: dimension_batch_ingestion.ingest_account_data manual__2024-10-21T06:08:35.651875+00:00 [queued]>
[2024-10-21T06:08:59.452+0000] {taskinstance.py:2612} INFO - Dependencies all met for dep_context=requeueable deps ti=<TaskInstance: dimension_batch_ingestion.ingest_account_data manual__2024-10-21T06:08:35.651875+00:00 [queued]>
[2024-10-21T06:08:59.456+0000] {taskinstance.py:2865} INFO - Starting attempt 1 of 1
[2024-10-21T06:08:59.503+0000] {taskinstance.py:2888} INFO - Executing <Task(BashOperator): ingest_account_data> on 2024-10-21 06:08:35.651875+00:00
[2024-10-21T06:08:59.530+0000] {warnings.py:112} WARNING - /home/***/.local/lib/python3.12/site-packages/***/task/task_runner/standard_task_runner.py:70: DeprecationWarning: This process (pid=288) is multi-threaded, use of fork() may lead to deadlocks in the child.
  pid = os.fork()

[2024-10-21T06:08:59.536+0000] {standard_task_runner.py:104} INFO - Running: ['***', 'tasks', 'run', 'dimension_batch_ingestion', 'ingest_account_data', 'manual__2024-10-21T06:08:35.651875+00:00', '--job-id', '178', '--raw', '--subdir', 'DAGS_FOLDER/loader_dag.py', '--cfg-path', '/tmp/tmp9gzotchw']
[2024-10-21T06:08:59.539+0000] {standard_task_runner.py:72} INFO - Started process 301 to run task
[2024-10-21T06:08:59.543+0000] {standard_task_runner.py:105} INFO - Job 178: Subtask ingest_account_data
[2024-10-21T06:08:59.710+0000] {task_command.py:467} INFO - Running <TaskInstance: dimension_batch_ingestion.ingest_account_data manual__2024-10-21T06:08:35.651875+00:00 [running]> on host b5fa23871e33
[2024-10-21T06:08:59.974+0000] {taskinstance.py:3131} INFO - Exporting env vars: AIRFLOW_CTX_DAG_OWNER='saisunny' AIRFLOW_CTX_DAG_ID='dimension_batch_ingestion' AIRFLOW_CTX_TASK_ID='ingest_account_data' AIRFLOW_CTX_EXECUTION_DATE='2024-10-21T06:08:35.651875+00:00' AIRFLOW_CTX_TRY_NUMBER='1' AIRFLOW_CTX_DAG_RUN_ID='manual__2024-10-21T06:08:35.651875+00:00'
[2024-10-21T06:08:59.978+0000] {logging_mixin.py:190} INFO - Task instance is in running state
[2024-10-21T06:08:59.980+0000] {logging_mixin.py:190} INFO -  Previous state of the Task instance: queued
[2024-10-21T06:08:59.986+0000] {logging_mixin.py:190} INFO - Current task name:ingest_account_data state:running start_date:2024-10-21 06:08:59.428964+00:00
[2024-10-21T06:08:59.987+0000] {logging_mixin.py:190} INFO - Dag name:dimension_batch_ingestion and current dag run status:running
[2024-10-21T06:08:59.989+0000] {taskinstance.py:731} INFO - ::endgroup::
[2024-10-21T06:08:59.992+0000] {subprocess.py:63} INFO - Tmp dir root location: /tmp
[2024-10-21T06:09:00.001+0000] {subprocess.py:75} INFO - Running command: ['/usr/bin/bash', '-c', 'curl -X POST -F file=@/opt/***/account_dim_large_data.csv -H "Content-Type: multipart/form-data" "http://pinot-controller:9000/ingestFromFile?tableNameWithType=account_dim_OFFLINE&batchConfigMapStr=%7B%22inputFormat%22%3A%22csv%22%2C%22recordReader.prop.delimiter%22%3A%22%2C%22%7D"']
[2024-10-21T06:09:00.042+0000] {subprocess.py:86} INFO - Output:
[2024-10-21T06:09:00.108+0000] {subprocess.py:93} INFO -   % Total    % Received % Xferd  Average Speed   Time    Time     Time  Current
[2024-10-21T06:09:00.109+0000] {subprocess.py:93} INFO -                                  Dload  Upload   Total   Spent    Left  Speed
[2024-10-21T06:09:10.964+0000] {subprocess.py:93} INFO -   0     0    0     0    0     0      0      0 --:--:-- --:--:-- --:--:--     0100  2912    0     0  100  2912      0   2414  0:00:01  0:00:01 --:--:--  2416100  2912    0     0  100  2912      0   1319  0:00:02  0:00:02 --:--:--  1320100  2912    0     0  100  2912      0    906  0:00:03  0:00:03 --:--:--   907100  2912    0     0  100  2912      0    691  0:00:04  0:00:04 --:--:--   691100  2912    0     0  100  2912      0    558  0:00:05  0:00:05 --:--:--   558100  2912    0     0  100  2912      0    468  0:00:06  0:00:06 --:--:--     0100  2912    0     0  100  2912      0    403  0:00:07  0:00:07 --:--:--     0100  2912    0     0  100  2912      0    354  0:00:08  0:00:08 --:--:--     0100  2912    0     0  100  2912      0    315  0:00:09  0:00:09 --:--:--     0100  2912    0     0  100  2912      0    284  0:00:10  0:00:10 --:--:--     0100  3021  100   109  100  2912     10    268  0:00:10  0:00:10 --:--:--    23100  3021  100   109  100  2912     10    268  0:00:10  0:00:10 --:--:--    30
[2024-10-21T06:09:11.061+0000] {subprocess.py:93} INFO - {"status":"Successfully ingested file into table: account_dim_OFFLINE as segment: account_dim_1729490940497"}
[2024-10-21T06:09:11.064+0000] {subprocess.py:97} INFO - Command exited with return code 0
[2024-10-21T06:09:11.435+0000] {taskinstance.py:340} INFO - ::group::Post task execution logs
[2024-10-21T06:09:11.451+0000] {taskinstance.py:352} INFO - Marking task as SUCCESS. dag_id=dimension_batch_ingestion, task_id=ingest_account_data, run_id=manual__2024-10-21T06:08:35.651875+00:00, execution_date=20241021T060835, start_date=20241021T060859, end_date=20241021T060911
[2024-10-21T06:09:11.604+0000] {logging_mixin.py:190} INFO - Task instance in success state
[2024-10-21T06:09:11.607+0000] {logging_mixin.py:190} INFO -  Previous state of the Task instance: running
[2024-10-21T06:09:11.612+0000] {logging_mixin.py:190} INFO - Dag name:dimension_batch_ingestion queued_at:2024-10-21 06:08:35.688780+00:00
[2024-10-21T06:09:11.615+0000] {logging_mixin.py:190} INFO - Task hostname:b5fa23871e33 operator:BashOperator
[2024-10-21T06:09:11.779+0000] {local_task_job_runner.py:266} INFO - Task exited with return code 0
[2024-10-21T06:09:12.017+0000] {taskinstance.py:3900} INFO - 0 downstream tasks scheduled from follow-on schedule check
[2024-10-21T06:09:12.041+0000] {local_task_job_runner.py:245} INFO - ::endgroup::
