[2024-10-25T07:15:30.530+0000] {processor.py:186} INFO - Started process (PID=223) to work on /home/airflow/.local/lib/python3.12/site-packages/airflow/example_dags/example_branch_operator.py
[2024-10-25T07:15:30.534+0000] {processor.py:914} INFO - Processing file /home/airflow/.local/lib/python3.12/site-packages/airflow/example_dags/example_branch_operator.py for tasks to queue
[2024-10-25T07:15:30.552+0000] {logging_mixin.py:190} INFO - [2024-10-25T07:15:30.551+0000] {dagbag.py:588} INFO - Filling up the DagBag from /home/airflow/.local/lib/python3.12/site-packages/airflow/example_dags/example_branch_operator.py
[2024-10-25T07:15:30.848+0000] {processor.py:925} INFO - DAG(s) 'example_branch_operator' retrieved from /home/airflow/.local/lib/python3.12/site-packages/airflow/example_dags/example_branch_operator.py
[2024-10-25T07:15:33.423+0000] {logging_mixin.py:190} INFO - [2024-10-25T07:15:33.390+0000] {dag.py:3239} INFO - Sync 1 DAGs
[2024-10-25T07:15:42.427+0000] {logging_mixin.py:190} INFO - [2024-10-25T07:15:42.398+0000] {dag.py:4180} INFO - Setting next_dagrun for example_branch_operator to 2024-10-24 00:00:00+00:00, run_after=2024-10-25 00:00:00+00:00
[2024-10-25T07:15:42.915+0000] {processor.py:208} INFO - Processing /home/airflow/.local/lib/python3.12/site-packages/airflow/example_dags/example_branch_operator.py took 12.421 seconds
[2024-10-25T07:16:19.459+0000] {processor.py:186} INFO - Started process (PID=292) to work on /home/airflow/.local/lib/python3.12/site-packages/airflow/example_dags/example_branch_operator.py
[2024-10-25T07:16:19.462+0000] {processor.py:914} INFO - Processing file /home/airflow/.local/lib/python3.12/site-packages/airflow/example_dags/example_branch_operator.py for tasks to queue
[2024-10-25T07:16:19.468+0000] {logging_mixin.py:190} INFO - [2024-10-25T07:16:19.467+0000] {dagbag.py:588} INFO - Filling up the DagBag from /home/airflow/.local/lib/python3.12/site-packages/airflow/example_dags/example_branch_operator.py
[2024-10-25T07:16:19.529+0000] {processor.py:925} INFO - DAG(s) 'example_branch_operator' retrieved from /home/airflow/.local/lib/python3.12/site-packages/airflow/example_dags/example_branch_operator.py
[2024-10-25T07:16:19.645+0000] {logging_mixin.py:190} INFO - [2024-10-25T07:16:19.644+0000] {dag.py:3239} INFO - Sync 1 DAGs
[2024-10-25T07:16:19.759+0000] {logging_mixin.py:190} INFO - [2024-10-25T07:16:19.758+0000] {dag.py:4180} INFO - Setting next_dagrun for example_branch_operator to 2024-10-24 00:00:00+00:00, run_after=2024-10-25 00:00:00+00:00
[2024-10-25T07:16:19.838+0000] {processor.py:208} INFO - Processing /home/airflow/.local/lib/python3.12/site-packages/airflow/example_dags/example_branch_operator.py took 0.395 seconds
[2024-10-25T07:16:49.950+0000] {processor.py:186} INFO - Started process (PID=360) to work on /home/airflow/.local/lib/python3.12/site-packages/airflow/example_dags/example_branch_operator.py
[2024-10-25T07:16:49.953+0000] {processor.py:914} INFO - Processing file /home/airflow/.local/lib/python3.12/site-packages/airflow/example_dags/example_branch_operator.py for tasks to queue
[2024-10-25T07:16:49.959+0000] {logging_mixin.py:190} INFO - [2024-10-25T07:16:49.958+0000] {dagbag.py:588} INFO - Filling up the DagBag from /home/airflow/.local/lib/python3.12/site-packages/airflow/example_dags/example_branch_operator.py
[2024-10-25T07:16:49.990+0000] {processor.py:925} INFO - DAG(s) 'example_branch_operator' retrieved from /home/airflow/.local/lib/python3.12/site-packages/airflow/example_dags/example_branch_operator.py
[2024-10-25T07:16:50.059+0000] {logging_mixin.py:190} INFO - [2024-10-25T07:16:50.059+0000] {dag.py:3239} INFO - Sync 1 DAGs
[2024-10-25T07:16:50.100+0000] {logging_mixin.py:190} INFO - [2024-10-25T07:16:50.100+0000] {dag.py:4180} INFO - Setting next_dagrun for example_branch_operator to 2024-10-24 00:00:00+00:00, run_after=2024-10-25 00:00:00+00:00
[2024-10-25T07:16:50.143+0000] {processor.py:208} INFO - Processing /home/airflow/.local/lib/python3.12/site-packages/airflow/example_dags/example_branch_operator.py took 0.205 seconds
[2024-10-25T07:17:21.051+0000] {processor.py:186} INFO - Started process (PID=430) to work on /home/airflow/.local/lib/python3.12/site-packages/airflow/example_dags/example_branch_operator.py
[2024-10-25T07:17:21.053+0000] {processor.py:914} INFO - Processing file /home/airflow/.local/lib/python3.12/site-packages/airflow/example_dags/example_branch_operator.py for tasks to queue
[2024-10-25T07:17:21.057+0000] {logging_mixin.py:190} INFO - [2024-10-25T07:17:21.056+0000] {dagbag.py:588} INFO - Filling up the DagBag from /home/airflow/.local/lib/python3.12/site-packages/airflow/example_dags/example_branch_operator.py
[2024-10-25T07:17:21.084+0000] {processor.py:925} INFO - DAG(s) 'example_branch_operator' retrieved from /home/airflow/.local/lib/python3.12/site-packages/airflow/example_dags/example_branch_operator.py
[2024-10-25T07:17:21.128+0000] {logging_mixin.py:190} INFO - [2024-10-25T07:17:21.128+0000] {dag.py:3239} INFO - Sync 1 DAGs
[2024-10-25T07:17:21.183+0000] {logging_mixin.py:190} INFO - [2024-10-25T07:17:21.182+0000] {dag.py:4180} INFO - Setting next_dagrun for example_branch_operator to 2024-10-24 00:00:00+00:00, run_after=2024-10-25 00:00:00+00:00
[2024-10-25T07:17:21.234+0000] {processor.py:208} INFO - Processing /home/airflow/.local/lib/python3.12/site-packages/airflow/example_dags/example_branch_operator.py took 0.192 seconds
[2024-10-25T07:17:51.390+0000] {processor.py:186} INFO - Started process (PID=500) to work on /home/airflow/.local/lib/python3.12/site-packages/airflow/example_dags/example_branch_operator.py
[2024-10-25T07:17:51.392+0000] {processor.py:914} INFO - Processing file /home/airflow/.local/lib/python3.12/site-packages/airflow/example_dags/example_branch_operator.py for tasks to queue
[2024-10-25T07:17:51.396+0000] {logging_mixin.py:190} INFO - [2024-10-25T07:17:51.395+0000] {dagbag.py:588} INFO - Filling up the DagBag from /home/airflow/.local/lib/python3.12/site-packages/airflow/example_dags/example_branch_operator.py
[2024-10-25T07:17:51.421+0000] {processor.py:925} INFO - DAG(s) 'example_branch_operator' retrieved from /home/airflow/.local/lib/python3.12/site-packages/airflow/example_dags/example_branch_operator.py
[2024-10-25T07:17:51.462+0000] {logging_mixin.py:190} INFO - [2024-10-25T07:17:51.462+0000] {dag.py:3239} INFO - Sync 1 DAGs
[2024-10-25T07:17:51.498+0000] {logging_mixin.py:190} INFO - [2024-10-25T07:17:51.497+0000] {dag.py:4180} INFO - Setting next_dagrun for example_branch_operator to 2024-10-24 00:00:00+00:00, run_after=2024-10-25 00:00:00+00:00
[2024-10-25T07:17:51.530+0000] {processor.py:208} INFO - Processing /home/airflow/.local/lib/python3.12/site-packages/airflow/example_dags/example_branch_operator.py took 0.151 seconds
[2024-10-25T07:18:22.398+0000] {processor.py:186} INFO - Started process (PID=569) to work on /home/airflow/.local/lib/python3.12/site-packages/airflow/example_dags/example_branch_operator.py
[2024-10-25T07:18:22.400+0000] {processor.py:914} INFO - Processing file /home/airflow/.local/lib/python3.12/site-packages/airflow/example_dags/example_branch_operator.py for tasks to queue
[2024-10-25T07:18:22.404+0000] {logging_mixin.py:190} INFO - [2024-10-25T07:18:22.403+0000] {dagbag.py:588} INFO - Filling up the DagBag from /home/airflow/.local/lib/python3.12/site-packages/airflow/example_dags/example_branch_operator.py
[2024-10-25T07:18:22.429+0000] {processor.py:925} INFO - DAG(s) 'example_branch_operator' retrieved from /home/airflow/.local/lib/python3.12/site-packages/airflow/example_dags/example_branch_operator.py
[2024-10-25T07:18:22.470+0000] {logging_mixin.py:190} INFO - [2024-10-25T07:18:22.469+0000] {dag.py:3239} INFO - Sync 1 DAGs
[2024-10-25T07:18:22.502+0000] {logging_mixin.py:190} INFO - [2024-10-25T07:18:22.502+0000] {dag.py:4180} INFO - Setting next_dagrun for example_branch_operator to 2024-10-24 00:00:00+00:00, run_after=2024-10-25 00:00:00+00:00
[2024-10-25T07:18:22.533+0000] {processor.py:208} INFO - Processing /home/airflow/.local/lib/python3.12/site-packages/airflow/example_dags/example_branch_operator.py took 0.146 seconds
[2024-10-25T07:18:52.669+0000] {processor.py:186} INFO - Started process (PID=637) to work on /home/airflow/.local/lib/python3.12/site-packages/airflow/example_dags/example_branch_operator.py
[2024-10-25T07:18:52.671+0000] {processor.py:914} INFO - Processing file /home/airflow/.local/lib/python3.12/site-packages/airflow/example_dags/example_branch_operator.py for tasks to queue
[2024-10-25T07:18:52.675+0000] {logging_mixin.py:190} INFO - [2024-10-25T07:18:52.674+0000] {dagbag.py:588} INFO - Filling up the DagBag from /home/airflow/.local/lib/python3.12/site-packages/airflow/example_dags/example_branch_operator.py
[2024-10-25T07:18:52.709+0000] {processor.py:925} INFO - DAG(s) 'example_branch_operator' retrieved from /home/airflow/.local/lib/python3.12/site-packages/airflow/example_dags/example_branch_operator.py
[2024-10-25T07:18:52.763+0000] {logging_mixin.py:190} INFO - [2024-10-25T07:18:52.763+0000] {dag.py:3239} INFO - Sync 1 DAGs
[2024-10-25T07:18:52.824+0000] {logging_mixin.py:190} INFO - [2024-10-25T07:18:52.824+0000] {dag.py:4180} INFO - Setting next_dagrun for example_branch_operator to 2024-10-24 00:00:00+00:00, run_after=2024-10-25 00:00:00+00:00
[2024-10-25T07:18:52.864+0000] {processor.py:208} INFO - Processing /home/airflow/.local/lib/python3.12/site-packages/airflow/example_dags/example_branch_operator.py took 0.208 seconds
[2024-10-25T07:19:23.151+0000] {processor.py:186} INFO - Started process (PID=706) to work on /home/airflow/.local/lib/python3.12/site-packages/airflow/example_dags/example_branch_operator.py
[2024-10-25T07:19:23.153+0000] {processor.py:914} INFO - Processing file /home/airflow/.local/lib/python3.12/site-packages/airflow/example_dags/example_branch_operator.py for tasks to queue
[2024-10-25T07:19:23.159+0000] {logging_mixin.py:190} INFO - [2024-10-25T07:19:23.158+0000] {dagbag.py:588} INFO - Filling up the DagBag from /home/airflow/.local/lib/python3.12/site-packages/airflow/example_dags/example_branch_operator.py
[2024-10-25T07:19:23.186+0000] {processor.py:925} INFO - DAG(s) 'example_branch_operator' retrieved from /home/airflow/.local/lib/python3.12/site-packages/airflow/example_dags/example_branch_operator.py
[2024-10-25T07:19:23.231+0000] {logging_mixin.py:190} INFO - [2024-10-25T07:19:23.231+0000] {dag.py:3239} INFO - Sync 1 DAGs
[2024-10-25T07:19:23.276+0000] {logging_mixin.py:190} INFO - [2024-10-25T07:19:23.275+0000] {dag.py:4180} INFO - Setting next_dagrun for example_branch_operator to 2024-10-24 00:00:00+00:00, run_after=2024-10-25 00:00:00+00:00
[2024-10-25T07:19:23.314+0000] {processor.py:208} INFO - Processing /home/airflow/.local/lib/python3.12/site-packages/airflow/example_dags/example_branch_operator.py took 0.175 seconds
[2024-10-25T07:19:53.579+0000] {processor.py:186} INFO - Started process (PID=775) to work on /home/airflow/.local/lib/python3.12/site-packages/airflow/example_dags/example_branch_operator.py
[2024-10-25T07:19:53.580+0000] {processor.py:914} INFO - Processing file /home/airflow/.local/lib/python3.12/site-packages/airflow/example_dags/example_branch_operator.py for tasks to queue
[2024-10-25T07:19:53.585+0000] {logging_mixin.py:190} INFO - [2024-10-25T07:19:53.584+0000] {dagbag.py:588} INFO - Filling up the DagBag from /home/airflow/.local/lib/python3.12/site-packages/airflow/example_dags/example_branch_operator.py
[2024-10-25T07:19:53.606+0000] {processor.py:925} INFO - DAG(s) 'example_branch_operator' retrieved from /home/airflow/.local/lib/python3.12/site-packages/airflow/example_dags/example_branch_operator.py
[2024-10-25T07:19:53.636+0000] {logging_mixin.py:190} INFO - [2024-10-25T07:19:53.636+0000] {dag.py:3239} INFO - Sync 1 DAGs
[2024-10-25T07:19:53.663+0000] {logging_mixin.py:190} INFO - [2024-10-25T07:19:53.663+0000] {dag.py:4180} INFO - Setting next_dagrun for example_branch_operator to 2024-10-24 00:00:00+00:00, run_after=2024-10-25 00:00:00+00:00
[2024-10-25T07:19:53.688+0000] {processor.py:208} INFO - Processing /home/airflow/.local/lib/python3.12/site-packages/airflow/example_dags/example_branch_operator.py took 0.114 seconds
[2024-10-25T07:20:24.491+0000] {processor.py:186} INFO - Started process (PID=843) to work on /home/airflow/.local/lib/python3.12/site-packages/airflow/example_dags/example_branch_operator.py
[2024-10-25T07:20:24.493+0000] {processor.py:914} INFO - Processing file /home/airflow/.local/lib/python3.12/site-packages/airflow/example_dags/example_branch_operator.py for tasks to queue
[2024-10-25T07:20:24.499+0000] {logging_mixin.py:190} INFO - [2024-10-25T07:20:24.498+0000] {dagbag.py:588} INFO - Filling up the DagBag from /home/airflow/.local/lib/python3.12/site-packages/airflow/example_dags/example_branch_operator.py
[2024-10-25T07:20:24.531+0000] {processor.py:925} INFO - DAG(s) 'example_branch_operator' retrieved from /home/airflow/.local/lib/python3.12/site-packages/airflow/example_dags/example_branch_operator.py
[2024-10-25T07:20:24.572+0000] {logging_mixin.py:190} INFO - [2024-10-25T07:20:24.572+0000] {dag.py:3239} INFO - Sync 1 DAGs
[2024-10-25T07:20:24.606+0000] {logging_mixin.py:190} INFO - [2024-10-25T07:20:24.606+0000] {dag.py:4180} INFO - Setting next_dagrun for example_branch_operator to 2024-10-24 00:00:00+00:00, run_after=2024-10-25 00:00:00+00:00
[2024-10-25T07:20:24.635+0000] {processor.py:208} INFO - Processing /home/airflow/.local/lib/python3.12/site-packages/airflow/example_dags/example_branch_operator.py took 0.153 seconds
[2024-10-25T07:20:54.915+0000] {processor.py:186} INFO - Started process (PID=912) to work on /home/airflow/.local/lib/python3.12/site-packages/airflow/example_dags/example_branch_operator.py
[2024-10-25T07:20:54.916+0000] {processor.py:914} INFO - Processing file /home/airflow/.local/lib/python3.12/site-packages/airflow/example_dags/example_branch_operator.py for tasks to queue
[2024-10-25T07:20:54.919+0000] {logging_mixin.py:190} INFO - [2024-10-25T07:20:54.919+0000] {dagbag.py:588} INFO - Filling up the DagBag from /home/airflow/.local/lib/python3.12/site-packages/airflow/example_dags/example_branch_operator.py
[2024-10-25T07:20:54.941+0000] {processor.py:925} INFO - DAG(s) 'example_branch_operator' retrieved from /home/airflow/.local/lib/python3.12/site-packages/airflow/example_dags/example_branch_operator.py
[2024-10-25T07:20:54.979+0000] {logging_mixin.py:190} INFO - [2024-10-25T07:20:54.979+0000] {dag.py:3239} INFO - Sync 1 DAGs
[2024-10-25T07:20:55.009+0000] {logging_mixin.py:190} INFO - [2024-10-25T07:20:55.009+0000] {dag.py:4180} INFO - Setting next_dagrun for example_branch_operator to 2024-10-24 00:00:00+00:00, run_after=2024-10-25 00:00:00+00:00
[2024-10-25T07:20:55.043+0000] {processor.py:208} INFO - Processing /home/airflow/.local/lib/python3.12/site-packages/airflow/example_dags/example_branch_operator.py took 0.133 seconds
[2024-10-25T07:21:25.282+0000] {processor.py:186} INFO - Started process (PID=987) to work on /home/airflow/.local/lib/python3.12/site-packages/airflow/example_dags/example_branch_operator.py
[2024-10-25T07:21:25.284+0000] {processor.py:914} INFO - Processing file /home/airflow/.local/lib/python3.12/site-packages/airflow/example_dags/example_branch_operator.py for tasks to queue
[2024-10-25T07:21:25.286+0000] {logging_mixin.py:190} INFO - [2024-10-25T07:21:25.286+0000] {dagbag.py:588} INFO - Filling up the DagBag from /home/airflow/.local/lib/python3.12/site-packages/airflow/example_dags/example_branch_operator.py
[2024-10-25T07:21:25.303+0000] {processor.py:925} INFO - DAG(s) 'example_branch_operator' retrieved from /home/airflow/.local/lib/python3.12/site-packages/airflow/example_dags/example_branch_operator.py
[2024-10-25T07:21:25.335+0000] {logging_mixin.py:190} INFO - [2024-10-25T07:21:25.335+0000] {dag.py:3239} INFO - Sync 1 DAGs
[2024-10-25T07:21:25.360+0000] {logging_mixin.py:190} INFO - [2024-10-25T07:21:25.359+0000] {dag.py:4180} INFO - Setting next_dagrun for example_branch_operator to 2024-10-24 00:00:00+00:00, run_after=2024-10-25 00:00:00+00:00
[2024-10-25T07:21:25.384+0000] {processor.py:208} INFO - Processing /home/airflow/.local/lib/python3.12/site-packages/airflow/example_dags/example_branch_operator.py took 0.107 seconds
[2024-10-25T07:21:55.753+0000] {processor.py:186} INFO - Started process (PID=1056) to work on /home/airflow/.local/lib/python3.12/site-packages/airflow/example_dags/example_branch_operator.py
[2024-10-25T07:21:55.754+0000] {processor.py:914} INFO - Processing file /home/airflow/.local/lib/python3.12/site-packages/airflow/example_dags/example_branch_operator.py for tasks to queue
[2024-10-25T07:21:55.758+0000] {logging_mixin.py:190} INFO - [2024-10-25T07:21:55.757+0000] {dagbag.py:588} INFO - Filling up the DagBag from /home/airflow/.local/lib/python3.12/site-packages/airflow/example_dags/example_branch_operator.py
[2024-10-25T07:21:55.772+0000] {processor.py:925} INFO - DAG(s) 'example_branch_operator' retrieved from /home/airflow/.local/lib/python3.12/site-packages/airflow/example_dags/example_branch_operator.py
[2024-10-25T07:21:55.800+0000] {logging_mixin.py:190} INFO - [2024-10-25T07:21:55.800+0000] {dag.py:3239} INFO - Sync 1 DAGs
[2024-10-25T07:21:55.824+0000] {logging_mixin.py:190} INFO - [2024-10-25T07:21:55.824+0000] {dag.py:4180} INFO - Setting next_dagrun for example_branch_operator to 2024-10-24 00:00:00+00:00, run_after=2024-10-25 00:00:00+00:00
[2024-10-25T07:21:55.846+0000] {processor.py:208} INFO - Processing /home/airflow/.local/lib/python3.12/site-packages/airflow/example_dags/example_branch_operator.py took 0.098 seconds
[2024-10-25T07:22:26.602+0000] {processor.py:186} INFO - Started process (PID=1125) to work on /home/airflow/.local/lib/python3.12/site-packages/airflow/example_dags/example_branch_operator.py
[2024-10-25T07:22:26.604+0000] {processor.py:914} INFO - Processing file /home/airflow/.local/lib/python3.12/site-packages/airflow/example_dags/example_branch_operator.py for tasks to queue
[2024-10-25T07:22:26.614+0000] {logging_mixin.py:190} INFO - [2024-10-25T07:22:26.614+0000] {dagbag.py:588} INFO - Filling up the DagBag from /home/airflow/.local/lib/python3.12/site-packages/airflow/example_dags/example_branch_operator.py
[2024-10-25T07:22:26.660+0000] {processor.py:925} INFO - DAG(s) 'example_branch_operator' retrieved from /home/airflow/.local/lib/python3.12/site-packages/airflow/example_dags/example_branch_operator.py
[2024-10-25T07:22:26.715+0000] {logging_mixin.py:190} INFO - [2024-10-25T07:22:26.715+0000] {dag.py:3239} INFO - Sync 1 DAGs
[2024-10-25T07:22:26.764+0000] {logging_mixin.py:190} INFO - [2024-10-25T07:22:26.763+0000] {dag.py:4180} INFO - Setting next_dagrun for example_branch_operator to 2024-10-24 00:00:00+00:00, run_after=2024-10-25 00:00:00+00:00
[2024-10-25T07:22:26.806+0000] {processor.py:208} INFO - Processing /home/airflow/.local/lib/python3.12/site-packages/airflow/example_dags/example_branch_operator.py took 0.218 seconds
[2024-10-25T07:22:57.075+0000] {processor.py:186} INFO - Started process (PID=1193) to work on /home/airflow/.local/lib/python3.12/site-packages/airflow/example_dags/example_branch_operator.py
[2024-10-25T07:22:57.077+0000] {processor.py:914} INFO - Processing file /home/airflow/.local/lib/python3.12/site-packages/airflow/example_dags/example_branch_operator.py for tasks to queue
[2024-10-25T07:22:57.081+0000] {logging_mixin.py:190} INFO - [2024-10-25T07:22:57.081+0000] {dagbag.py:588} INFO - Filling up the DagBag from /home/airflow/.local/lib/python3.12/site-packages/airflow/example_dags/example_branch_operator.py
[2024-10-25T07:22:57.105+0000] {processor.py:925} INFO - DAG(s) 'example_branch_operator' retrieved from /home/airflow/.local/lib/python3.12/site-packages/airflow/example_dags/example_branch_operator.py
[2024-10-25T07:22:57.149+0000] {logging_mixin.py:190} INFO - [2024-10-25T07:22:57.149+0000] {dag.py:3239} INFO - Sync 1 DAGs
[2024-10-25T07:22:57.206+0000] {logging_mixin.py:190} INFO - [2024-10-25T07:22:57.206+0000] {dag.py:4180} INFO - Setting next_dagrun for example_branch_operator to 2024-10-24 00:00:00+00:00, run_after=2024-10-25 00:00:00+00:00
[2024-10-25T07:22:57.238+0000] {processor.py:208} INFO - Processing /home/airflow/.local/lib/python3.12/site-packages/airflow/example_dags/example_branch_operator.py took 0.171 seconds
[2024-10-25T07:23:27.419+0000] {processor.py:186} INFO - Started process (PID=1262) to work on /home/airflow/.local/lib/python3.12/site-packages/airflow/example_dags/example_branch_operator.py
[2024-10-25T07:23:27.421+0000] {processor.py:914} INFO - Processing file /home/airflow/.local/lib/python3.12/site-packages/airflow/example_dags/example_branch_operator.py for tasks to queue
[2024-10-25T07:23:27.424+0000] {logging_mixin.py:190} INFO - [2024-10-25T07:23:27.423+0000] {dagbag.py:588} INFO - Filling up the DagBag from /home/airflow/.local/lib/python3.12/site-packages/airflow/example_dags/example_branch_operator.py
[2024-10-25T07:23:27.441+0000] {processor.py:925} INFO - DAG(s) 'example_branch_operator' retrieved from /home/airflow/.local/lib/python3.12/site-packages/airflow/example_dags/example_branch_operator.py
[2024-10-25T07:23:27.472+0000] {logging_mixin.py:190} INFO - [2024-10-25T07:23:27.472+0000] {dag.py:3239} INFO - Sync 1 DAGs
[2024-10-25T07:23:27.498+0000] {logging_mixin.py:190} INFO - [2024-10-25T07:23:27.498+0000] {dag.py:4180} INFO - Setting next_dagrun for example_branch_operator to 2024-10-24 00:00:00+00:00, run_after=2024-10-25 00:00:00+00:00
[2024-10-25T07:23:27.528+0000] {processor.py:208} INFO - Processing /home/airflow/.local/lib/python3.12/site-packages/airflow/example_dags/example_branch_operator.py took 0.116 seconds
[2024-10-25T07:23:58.113+0000] {processor.py:186} INFO - Started process (PID=1332) to work on /home/airflow/.local/lib/python3.12/site-packages/airflow/example_dags/example_branch_operator.py
[2024-10-25T07:23:58.115+0000] {processor.py:914} INFO - Processing file /home/airflow/.local/lib/python3.12/site-packages/airflow/example_dags/example_branch_operator.py for tasks to queue
[2024-10-25T07:23:58.119+0000] {logging_mixin.py:190} INFO - [2024-10-25T07:23:58.119+0000] {dagbag.py:588} INFO - Filling up the DagBag from /home/airflow/.local/lib/python3.12/site-packages/airflow/example_dags/example_branch_operator.py
[2024-10-25T07:23:58.142+0000] {processor.py:925} INFO - DAG(s) 'example_branch_operator' retrieved from /home/airflow/.local/lib/python3.12/site-packages/airflow/example_dags/example_branch_operator.py
[2024-10-25T07:23:58.179+0000] {logging_mixin.py:190} INFO - [2024-10-25T07:23:58.178+0000] {dag.py:3239} INFO - Sync 1 DAGs
[2024-10-25T07:23:58.210+0000] {logging_mixin.py:190} INFO - [2024-10-25T07:23:58.210+0000] {dag.py:4180} INFO - Setting next_dagrun for example_branch_operator to 2024-10-24 00:00:00+00:00, run_after=2024-10-25 00:00:00+00:00
[2024-10-25T07:23:58.236+0000] {processor.py:208} INFO - Processing /home/airflow/.local/lib/python3.12/site-packages/airflow/example_dags/example_branch_operator.py took 0.130 seconds
[2024-10-25T07:24:28.611+0000] {processor.py:186} INFO - Started process (PID=1401) to work on /home/airflow/.local/lib/python3.12/site-packages/airflow/example_dags/example_branch_operator.py
[2024-10-25T07:24:28.612+0000] {processor.py:914} INFO - Processing file /home/airflow/.local/lib/python3.12/site-packages/airflow/example_dags/example_branch_operator.py for tasks to queue
[2024-10-25T07:24:28.614+0000] {logging_mixin.py:190} INFO - [2024-10-25T07:24:28.614+0000] {dagbag.py:588} INFO - Filling up the DagBag from /home/airflow/.local/lib/python3.12/site-packages/airflow/example_dags/example_branch_operator.py
[2024-10-25T07:24:28.630+0000] {processor.py:925} INFO - DAG(s) 'example_branch_operator' retrieved from /home/airflow/.local/lib/python3.12/site-packages/airflow/example_dags/example_branch_operator.py
[2024-10-25T07:24:28.659+0000] {logging_mixin.py:190} INFO - [2024-10-25T07:24:28.658+0000] {dag.py:3239} INFO - Sync 1 DAGs
[2024-10-25T07:24:28.679+0000] {logging_mixin.py:190} INFO - [2024-10-25T07:24:28.679+0000] {dag.py:4180} INFO - Setting next_dagrun for example_branch_operator to 2024-10-24 00:00:00+00:00, run_after=2024-10-25 00:00:00+00:00
[2024-10-25T07:24:28.700+0000] {processor.py:208} INFO - Processing /home/airflow/.local/lib/python3.12/site-packages/airflow/example_dags/example_branch_operator.py took 0.094 seconds
[2024-10-25T07:24:58.928+0000] {processor.py:186} INFO - Started process (PID=1470) to work on /home/airflow/.local/lib/python3.12/site-packages/airflow/example_dags/example_branch_operator.py
[2024-10-25T07:24:58.929+0000] {processor.py:914} INFO - Processing file /home/airflow/.local/lib/python3.12/site-packages/airflow/example_dags/example_branch_operator.py for tasks to queue
[2024-10-25T07:24:58.933+0000] {logging_mixin.py:190} INFO - [2024-10-25T07:24:58.932+0000] {dagbag.py:588} INFO - Filling up the DagBag from /home/airflow/.local/lib/python3.12/site-packages/airflow/example_dags/example_branch_operator.py
[2024-10-25T07:24:58.952+0000] {processor.py:925} INFO - DAG(s) 'example_branch_operator' retrieved from /home/airflow/.local/lib/python3.12/site-packages/airflow/example_dags/example_branch_operator.py
[2024-10-25T07:24:59.004+0000] {logging_mixin.py:190} INFO - [2024-10-25T07:24:59.004+0000] {dag.py:3239} INFO - Sync 1 DAGs
[2024-10-25T07:24:59.039+0000] {logging_mixin.py:190} INFO - [2024-10-25T07:24:59.039+0000] {dag.py:4180} INFO - Setting next_dagrun for example_branch_operator to 2024-10-24 00:00:00+00:00, run_after=2024-10-25 00:00:00+00:00
[2024-10-25T07:24:59.080+0000] {processor.py:208} INFO - Processing /home/airflow/.local/lib/python3.12/site-packages/airflow/example_dags/example_branch_operator.py took 0.158 seconds
[2024-10-25T07:25:29.273+0000] {processor.py:186} INFO - Started process (PID=1539) to work on /home/airflow/.local/lib/python3.12/site-packages/airflow/example_dags/example_branch_operator.py
[2024-10-25T07:25:29.274+0000] {processor.py:914} INFO - Processing file /home/airflow/.local/lib/python3.12/site-packages/airflow/example_dags/example_branch_operator.py for tasks to queue
[2024-10-25T07:25:29.277+0000] {logging_mixin.py:190} INFO - [2024-10-25T07:25:29.276+0000] {dagbag.py:588} INFO - Filling up the DagBag from /home/airflow/.local/lib/python3.12/site-packages/airflow/example_dags/example_branch_operator.py
[2024-10-25T07:25:29.292+0000] {processor.py:925} INFO - DAG(s) 'example_branch_operator' retrieved from /home/airflow/.local/lib/python3.12/site-packages/airflow/example_dags/example_branch_operator.py
[2024-10-25T07:25:29.320+0000] {logging_mixin.py:190} INFO - [2024-10-25T07:25:29.320+0000] {dag.py:3239} INFO - Sync 1 DAGs
[2024-10-25T07:25:29.341+0000] {logging_mixin.py:190} INFO - [2024-10-25T07:25:29.341+0000] {dag.py:4180} INFO - Setting next_dagrun for example_branch_operator to 2024-10-24 00:00:00+00:00, run_after=2024-10-25 00:00:00+00:00
[2024-10-25T07:25:29.383+0000] {processor.py:208} INFO - Processing /home/airflow/.local/lib/python3.12/site-packages/airflow/example_dags/example_branch_operator.py took 0.114 seconds
[2024-10-25T07:25:59.838+0000] {processor.py:186} INFO - Started process (PID=1608) to work on /home/airflow/.local/lib/python3.12/site-packages/airflow/example_dags/example_branch_operator.py
[2024-10-25T07:25:59.840+0000] {processor.py:914} INFO - Processing file /home/airflow/.local/lib/python3.12/site-packages/airflow/example_dags/example_branch_operator.py for tasks to queue
[2024-10-25T07:25:59.848+0000] {logging_mixin.py:190} INFO - [2024-10-25T07:25:59.847+0000] {dagbag.py:588} INFO - Filling up the DagBag from /home/airflow/.local/lib/python3.12/site-packages/airflow/example_dags/example_branch_operator.py
[2024-10-25T07:25:59.876+0000] {processor.py:925} INFO - DAG(s) 'example_branch_operator' retrieved from /home/airflow/.local/lib/python3.12/site-packages/airflow/example_dags/example_branch_operator.py
[2024-10-25T07:25:59.928+0000] {logging_mixin.py:190} INFO - [2024-10-25T07:25:59.926+0000] {dag.py:3239} INFO - Sync 1 DAGs
[2024-10-25T07:25:59.987+0000] {logging_mixin.py:190} INFO - [2024-10-25T07:25:59.986+0000] {dag.py:4180} INFO - Setting next_dagrun for example_branch_operator to 2024-10-24 00:00:00+00:00, run_after=2024-10-25 00:00:00+00:00
[2024-10-25T07:26:00.040+0000] {processor.py:208} INFO - Processing /home/airflow/.local/lib/python3.12/site-packages/airflow/example_dags/example_branch_operator.py took 0.212 seconds
[2024-10-25T07:26:30.177+0000] {processor.py:186} INFO - Started process (PID=1677) to work on /home/airflow/.local/lib/python3.12/site-packages/airflow/example_dags/example_branch_operator.py
[2024-10-25T07:26:30.179+0000] {processor.py:914} INFO - Processing file /home/airflow/.local/lib/python3.12/site-packages/airflow/example_dags/example_branch_operator.py for tasks to queue
[2024-10-25T07:26:30.185+0000] {logging_mixin.py:190} INFO - [2024-10-25T07:26:30.184+0000] {dagbag.py:588} INFO - Filling up the DagBag from /home/airflow/.local/lib/python3.12/site-packages/airflow/example_dags/example_branch_operator.py
[2024-10-25T07:26:30.227+0000] {processor.py:925} INFO - DAG(s) 'example_branch_operator' retrieved from /home/airflow/.local/lib/python3.12/site-packages/airflow/example_dags/example_branch_operator.py
[2024-10-25T07:26:30.294+0000] {logging_mixin.py:190} INFO - [2024-10-25T07:26:30.293+0000] {dag.py:3239} INFO - Sync 1 DAGs
[2024-10-25T07:26:30.357+0000] {logging_mixin.py:190} INFO - [2024-10-25T07:26:30.356+0000] {dag.py:4180} INFO - Setting next_dagrun for example_branch_operator to 2024-10-24 00:00:00+00:00, run_after=2024-10-25 00:00:00+00:00
[2024-10-25T07:26:30.407+0000] {processor.py:208} INFO - Processing /home/airflow/.local/lib/python3.12/site-packages/airflow/example_dags/example_branch_operator.py took 0.240 seconds
[2024-10-25T07:27:01.206+0000] {processor.py:186} INFO - Started process (PID=1747) to work on /home/airflow/.local/lib/python3.12/site-packages/airflow/example_dags/example_branch_operator.py
[2024-10-25T07:27:01.208+0000] {processor.py:914} INFO - Processing file /home/airflow/.local/lib/python3.12/site-packages/airflow/example_dags/example_branch_operator.py for tasks to queue
[2024-10-25T07:27:01.211+0000] {logging_mixin.py:190} INFO - [2024-10-25T07:27:01.210+0000] {dagbag.py:588} INFO - Filling up the DagBag from /home/airflow/.local/lib/python3.12/site-packages/airflow/example_dags/example_branch_operator.py
[2024-10-25T07:27:01.229+0000] {processor.py:925} INFO - DAG(s) 'example_branch_operator' retrieved from /home/airflow/.local/lib/python3.12/site-packages/airflow/example_dags/example_branch_operator.py
[2024-10-25T07:27:01.261+0000] {logging_mixin.py:190} INFO - [2024-10-25T07:27:01.260+0000] {dag.py:3239} INFO - Sync 1 DAGs
[2024-10-25T07:27:01.287+0000] {logging_mixin.py:190} INFO - [2024-10-25T07:27:01.286+0000] {dag.py:4180} INFO - Setting next_dagrun for example_branch_operator to 2024-10-24 00:00:00+00:00, run_after=2024-10-25 00:00:00+00:00
[2024-10-25T07:27:01.318+0000] {processor.py:208} INFO - Processing /home/airflow/.local/lib/python3.12/site-packages/airflow/example_dags/example_branch_operator.py took 0.117 seconds
[2024-10-25T07:27:31.519+0000] {processor.py:186} INFO - Started process (PID=1816) to work on /home/airflow/.local/lib/python3.12/site-packages/airflow/example_dags/example_branch_operator.py
[2024-10-25T07:27:31.520+0000] {processor.py:914} INFO - Processing file /home/airflow/.local/lib/python3.12/site-packages/airflow/example_dags/example_branch_operator.py for tasks to queue
[2024-10-25T07:27:31.523+0000] {logging_mixin.py:190} INFO - [2024-10-25T07:27:31.523+0000] {dagbag.py:588} INFO - Filling up the DagBag from /home/airflow/.local/lib/python3.12/site-packages/airflow/example_dags/example_branch_operator.py
[2024-10-25T07:27:31.538+0000] {processor.py:925} INFO - DAG(s) 'example_branch_operator' retrieved from /home/airflow/.local/lib/python3.12/site-packages/airflow/example_dags/example_branch_operator.py
[2024-10-25T07:27:31.568+0000] {logging_mixin.py:190} INFO - [2024-10-25T07:27:31.568+0000] {dag.py:3239} INFO - Sync 1 DAGs
[2024-10-25T07:27:31.591+0000] {logging_mixin.py:190} INFO - [2024-10-25T07:27:31.591+0000] {dag.py:4180} INFO - Setting next_dagrun for example_branch_operator to 2024-10-24 00:00:00+00:00, run_after=2024-10-25 00:00:00+00:00
[2024-10-25T07:27:31.680+0000] {processor.py:208} INFO - Processing /home/airflow/.local/lib/python3.12/site-packages/airflow/example_dags/example_branch_operator.py took 0.166 seconds
[2024-10-25T07:28:02.056+0000] {processor.py:186} INFO - Started process (PID=1885) to work on /home/airflow/.local/lib/python3.12/site-packages/airflow/example_dags/example_branch_operator.py
[2024-10-25T07:28:02.058+0000] {processor.py:914} INFO - Processing file /home/airflow/.local/lib/python3.12/site-packages/airflow/example_dags/example_branch_operator.py for tasks to queue
[2024-10-25T07:28:02.061+0000] {logging_mixin.py:190} INFO - [2024-10-25T07:28:02.060+0000] {dagbag.py:588} INFO - Filling up the DagBag from /home/airflow/.local/lib/python3.12/site-packages/airflow/example_dags/example_branch_operator.py
[2024-10-25T07:28:02.076+0000] {processor.py:925} INFO - DAG(s) 'example_branch_operator' retrieved from /home/airflow/.local/lib/python3.12/site-packages/airflow/example_dags/example_branch_operator.py
[2024-10-25T07:28:02.104+0000] {logging_mixin.py:190} INFO - [2024-10-25T07:28:02.104+0000] {dag.py:3239} INFO - Sync 1 DAGs
[2024-10-25T07:28:02.127+0000] {logging_mixin.py:190} INFO - [2024-10-25T07:28:02.126+0000] {dag.py:4180} INFO - Setting next_dagrun for example_branch_operator to 2024-10-24 00:00:00+00:00, run_after=2024-10-25 00:00:00+00:00
[2024-10-25T07:28:02.192+0000] {processor.py:208} INFO - Processing /home/airflow/.local/lib/python3.12/site-packages/airflow/example_dags/example_branch_operator.py took 0.140 seconds
[2024-10-25T07:28:33.200+0000] {processor.py:186} INFO - Started process (PID=1954) to work on /home/airflow/.local/lib/python3.12/site-packages/airflow/example_dags/example_branch_operator.py
[2024-10-25T07:28:33.202+0000] {processor.py:914} INFO - Processing file /home/airflow/.local/lib/python3.12/site-packages/airflow/example_dags/example_branch_operator.py for tasks to queue
[2024-10-25T07:28:33.206+0000] {logging_mixin.py:190} INFO - [2024-10-25T07:28:33.206+0000] {dagbag.py:588} INFO - Filling up the DagBag from /home/airflow/.local/lib/python3.12/site-packages/airflow/example_dags/example_branch_operator.py
[2024-10-25T07:28:33.233+0000] {processor.py:925} INFO - DAG(s) 'example_branch_operator' retrieved from /home/airflow/.local/lib/python3.12/site-packages/airflow/example_dags/example_branch_operator.py
[2024-10-25T07:28:33.314+0000] {logging_mixin.py:190} INFO - [2024-10-25T07:28:33.314+0000] {dag.py:3239} INFO - Sync 1 DAGs
[2024-10-25T07:28:33.366+0000] {logging_mixin.py:190} INFO - [2024-10-25T07:28:33.365+0000] {dag.py:4180} INFO - Setting next_dagrun for example_branch_operator to 2024-10-24 00:00:00+00:00, run_after=2024-10-25 00:00:00+00:00
[2024-10-25T07:28:33.395+0000] {processor.py:208} INFO - Processing /home/airflow/.local/lib/python3.12/site-packages/airflow/example_dags/example_branch_operator.py took 0.204 seconds
[2024-10-25T07:29:03.634+0000] {processor.py:186} INFO - Started process (PID=2023) to work on /home/airflow/.local/lib/python3.12/site-packages/airflow/example_dags/example_branch_operator.py
[2024-10-25T07:29:03.635+0000] {processor.py:914} INFO - Processing file /home/airflow/.local/lib/python3.12/site-packages/airflow/example_dags/example_branch_operator.py for tasks to queue
[2024-10-25T07:29:03.638+0000] {logging_mixin.py:190} INFO - [2024-10-25T07:29:03.638+0000] {dagbag.py:588} INFO - Filling up the DagBag from /home/airflow/.local/lib/python3.12/site-packages/airflow/example_dags/example_branch_operator.py
[2024-10-25T07:29:03.660+0000] {processor.py:925} INFO - DAG(s) 'example_branch_operator' retrieved from /home/airflow/.local/lib/python3.12/site-packages/airflow/example_dags/example_branch_operator.py
[2024-10-25T07:29:03.696+0000] {logging_mixin.py:190} INFO - [2024-10-25T07:29:03.696+0000] {dag.py:3239} INFO - Sync 1 DAGs
[2024-10-25T07:29:03.731+0000] {logging_mixin.py:190} INFO - [2024-10-25T07:29:03.731+0000] {dag.py:4180} INFO - Setting next_dagrun for example_branch_operator to 2024-10-24 00:00:00+00:00, run_after=2024-10-25 00:00:00+00:00
[2024-10-25T07:29:03.762+0000] {processor.py:208} INFO - Processing /home/airflow/.local/lib/python3.12/site-packages/airflow/example_dags/example_branch_operator.py took 0.133 seconds
[2024-10-25T07:29:34.753+0000] {processor.py:186} INFO - Started process (PID=2092) to work on /home/airflow/.local/lib/python3.12/site-packages/airflow/example_dags/example_branch_operator.py
[2024-10-25T07:29:34.754+0000] {processor.py:914} INFO - Processing file /home/airflow/.local/lib/python3.12/site-packages/airflow/example_dags/example_branch_operator.py for tasks to queue
[2024-10-25T07:29:34.757+0000] {logging_mixin.py:190} INFO - [2024-10-25T07:29:34.757+0000] {dagbag.py:588} INFO - Filling up the DagBag from /home/airflow/.local/lib/python3.12/site-packages/airflow/example_dags/example_branch_operator.py
[2024-10-25T07:29:34.775+0000] {processor.py:925} INFO - DAG(s) 'example_branch_operator' retrieved from /home/airflow/.local/lib/python3.12/site-packages/airflow/example_dags/example_branch_operator.py
[2024-10-25T07:29:34.813+0000] {logging_mixin.py:190} INFO - [2024-10-25T07:29:34.813+0000] {dag.py:3239} INFO - Sync 1 DAGs
[2024-10-25T07:29:34.838+0000] {logging_mixin.py:190} INFO - [2024-10-25T07:29:34.837+0000] {dag.py:4180} INFO - Setting next_dagrun for example_branch_operator to 2024-10-24 00:00:00+00:00, run_after=2024-10-25 00:00:00+00:00
[2024-10-25T07:29:34.864+0000] {processor.py:208} INFO - Processing /home/airflow/.local/lib/python3.12/site-packages/airflow/example_dags/example_branch_operator.py took 0.120 seconds
[2024-10-25T07:30:05.027+0000] {processor.py:186} INFO - Started process (PID=2159) to work on /home/airflow/.local/lib/python3.12/site-packages/airflow/example_dags/example_branch_operator.py
[2024-10-25T07:30:05.029+0000] {processor.py:914} INFO - Processing file /home/airflow/.local/lib/python3.12/site-packages/airflow/example_dags/example_branch_operator.py for tasks to queue
[2024-10-25T07:30:05.032+0000] {logging_mixin.py:190} INFO - [2024-10-25T07:30:05.031+0000] {dagbag.py:588} INFO - Filling up the DagBag from /home/airflow/.local/lib/python3.12/site-packages/airflow/example_dags/example_branch_operator.py
[2024-10-25T07:30:05.047+0000] {processor.py:925} INFO - DAG(s) 'example_branch_operator' retrieved from /home/airflow/.local/lib/python3.12/site-packages/airflow/example_dags/example_branch_operator.py
[2024-10-25T07:30:05.071+0000] {logging_mixin.py:190} INFO - [2024-10-25T07:30:05.071+0000] {dag.py:3239} INFO - Sync 1 DAGs
[2024-10-25T07:30:05.097+0000] {logging_mixin.py:190} INFO - [2024-10-25T07:30:05.097+0000] {dag.py:4180} INFO - Setting next_dagrun for example_branch_operator to 2024-10-24 00:00:00+00:00, run_after=2024-10-25 00:00:00+00:00
[2024-10-25T07:30:05.120+0000] {processor.py:208} INFO - Processing /home/airflow/.local/lib/python3.12/site-packages/airflow/example_dags/example_branch_operator.py took 0.097 seconds
[2024-10-25T07:30:35.873+0000] {processor.py:186} INFO - Started process (PID=2228) to work on /home/airflow/.local/lib/python3.12/site-packages/airflow/example_dags/example_branch_operator.py
[2024-10-25T07:30:35.875+0000] {processor.py:914} INFO - Processing file /home/airflow/.local/lib/python3.12/site-packages/airflow/example_dags/example_branch_operator.py for tasks to queue
[2024-10-25T07:30:35.878+0000] {logging_mixin.py:190} INFO - [2024-10-25T07:30:35.877+0000] {dagbag.py:588} INFO - Filling up the DagBag from /home/airflow/.local/lib/python3.12/site-packages/airflow/example_dags/example_branch_operator.py
[2024-10-25T07:30:35.895+0000] {processor.py:925} INFO - DAG(s) 'example_branch_operator' retrieved from /home/airflow/.local/lib/python3.12/site-packages/airflow/example_dags/example_branch_operator.py
[2024-10-25T07:30:35.937+0000] {logging_mixin.py:190} INFO - [2024-10-25T07:30:35.937+0000] {dag.py:3239} INFO - Sync 1 DAGs
[2024-10-25T07:30:35.961+0000] {logging_mixin.py:190} INFO - [2024-10-25T07:30:35.960+0000] {dag.py:4180} INFO - Setting next_dagrun for example_branch_operator to 2024-10-24 00:00:00+00:00, run_after=2024-10-25 00:00:00+00:00
[2024-10-25T07:30:36.173+0000] {processor.py:208} INFO - Processing /home/airflow/.local/lib/python3.12/site-packages/airflow/example_dags/example_branch_operator.py took 0.305 seconds
[2024-10-25T07:31:06.640+0000] {processor.py:186} INFO - Started process (PID=2297) to work on /home/airflow/.local/lib/python3.12/site-packages/airflow/example_dags/example_branch_operator.py
[2024-10-25T07:31:06.641+0000] {processor.py:914} INFO - Processing file /home/airflow/.local/lib/python3.12/site-packages/airflow/example_dags/example_branch_operator.py for tasks to queue
[2024-10-25T07:31:06.646+0000] {logging_mixin.py:190} INFO - [2024-10-25T07:31:06.645+0000] {dagbag.py:588} INFO - Filling up the DagBag from /home/airflow/.local/lib/python3.12/site-packages/airflow/example_dags/example_branch_operator.py
[2024-10-25T07:31:06.662+0000] {processor.py:925} INFO - DAG(s) 'example_branch_operator' retrieved from /home/airflow/.local/lib/python3.12/site-packages/airflow/example_dags/example_branch_operator.py
[2024-10-25T07:31:06.692+0000] {logging_mixin.py:190} INFO - [2024-10-25T07:31:06.692+0000] {dag.py:3239} INFO - Sync 1 DAGs
[2024-10-25T07:31:06.717+0000] {logging_mixin.py:190} INFO - [2024-10-25T07:31:06.717+0000] {dag.py:4180} INFO - Setting next_dagrun for example_branch_operator to 2024-10-24 00:00:00+00:00, run_after=2024-10-25 00:00:00+00:00
[2024-10-25T07:31:06.741+0000] {processor.py:208} INFO - Processing /home/airflow/.local/lib/python3.12/site-packages/airflow/example_dags/example_branch_operator.py took 0.106 seconds
[2024-10-25T07:31:37.082+0000] {processor.py:186} INFO - Started process (PID=2366) to work on /home/airflow/.local/lib/python3.12/site-packages/airflow/example_dags/example_branch_operator.py
[2024-10-25T07:31:37.083+0000] {processor.py:914} INFO - Processing file /home/airflow/.local/lib/python3.12/site-packages/airflow/example_dags/example_branch_operator.py for tasks to queue
[2024-10-25T07:31:37.086+0000] {logging_mixin.py:190} INFO - [2024-10-25T07:31:37.085+0000] {dagbag.py:588} INFO - Filling up the DagBag from /home/airflow/.local/lib/python3.12/site-packages/airflow/example_dags/example_branch_operator.py
[2024-10-25T07:31:37.101+0000] {processor.py:925} INFO - DAG(s) 'example_branch_operator' retrieved from /home/airflow/.local/lib/python3.12/site-packages/airflow/example_dags/example_branch_operator.py
[2024-10-25T07:31:37.129+0000] {logging_mixin.py:190} INFO - [2024-10-25T07:31:37.128+0000] {dag.py:3239} INFO - Sync 1 DAGs
[2024-10-25T07:31:37.151+0000] {logging_mixin.py:190} INFO - [2024-10-25T07:31:37.150+0000] {dag.py:4180} INFO - Setting next_dagrun for example_branch_operator to 2024-10-24 00:00:00+00:00, run_after=2024-10-25 00:00:00+00:00
[2024-10-25T07:31:37.173+0000] {processor.py:208} INFO - Processing /home/airflow/.local/lib/python3.12/site-packages/airflow/example_dags/example_branch_operator.py took 0.096 seconds
[2024-10-25T07:32:51.885+0000] {processor.py:186} INFO - Started process (PID=2451) to work on /home/airflow/.local/lib/python3.12/site-packages/airflow/example_dags/example_branch_operator.py
[2024-10-25T07:32:51.887+0000] {processor.py:914} INFO - Processing file /home/airflow/.local/lib/python3.12/site-packages/airflow/example_dags/example_branch_operator.py for tasks to queue
[2024-10-25T07:32:51.889+0000] {logging_mixin.py:190} INFO - [2024-10-25T07:32:51.888+0000] {dagbag.py:588} INFO - Filling up the DagBag from /home/airflow/.local/lib/python3.12/site-packages/airflow/example_dags/example_branch_operator.py
[2024-10-25T07:32:51.922+0000] {processor.py:925} INFO - DAG(s) 'example_branch_operator' retrieved from /home/airflow/.local/lib/python3.12/site-packages/airflow/example_dags/example_branch_operator.py
[2024-10-25T07:32:51.965+0000] {logging_mixin.py:190} INFO - [2024-10-25T07:32:51.965+0000] {dag.py:3239} INFO - Sync 1 DAGs
[2024-10-25T07:32:52.003+0000] {logging_mixin.py:190} INFO - [2024-10-25T07:32:52.002+0000] {dag.py:4180} INFO - Setting next_dagrun for example_branch_operator to 2024-10-24 00:00:00+00:00, run_after=2024-10-25 00:00:00+00:00
[2024-10-25T07:32:52.036+0000] {processor.py:208} INFO - Processing /home/airflow/.local/lib/python3.12/site-packages/airflow/example_dags/example_branch_operator.py took 0.159 seconds
[2024-10-25T07:33:22.749+0000] {processor.py:186} INFO - Started process (PID=2520) to work on /home/airflow/.local/lib/python3.12/site-packages/airflow/example_dags/example_branch_operator.py
[2024-10-25T07:33:22.750+0000] {processor.py:914} INFO - Processing file /home/airflow/.local/lib/python3.12/site-packages/airflow/example_dags/example_branch_operator.py for tasks to queue
[2024-10-25T07:33:22.752+0000] {logging_mixin.py:190} INFO - [2024-10-25T07:33:22.752+0000] {dagbag.py:588} INFO - Filling up the DagBag from /home/airflow/.local/lib/python3.12/site-packages/airflow/example_dags/example_branch_operator.py
[2024-10-25T07:33:22.769+0000] {processor.py:925} INFO - DAG(s) 'example_branch_operator' retrieved from /home/airflow/.local/lib/python3.12/site-packages/airflow/example_dags/example_branch_operator.py
[2024-10-25T07:33:22.794+0000] {logging_mixin.py:190} INFO - [2024-10-25T07:33:22.794+0000] {dag.py:3239} INFO - Sync 1 DAGs
[2024-10-25T07:33:22.818+0000] {logging_mixin.py:190} INFO - [2024-10-25T07:33:22.817+0000] {dag.py:4180} INFO - Setting next_dagrun for example_branch_operator to 2024-10-24 00:00:00+00:00, run_after=2024-10-25 00:00:00+00:00
[2024-10-25T07:33:22.836+0000] {processor.py:208} INFO - Processing /home/airflow/.local/lib/python3.12/site-packages/airflow/example_dags/example_branch_operator.py took 0.094 seconds
[2024-10-25T07:33:53.747+0000] {processor.py:186} INFO - Started process (PID=2589) to work on /home/airflow/.local/lib/python3.12/site-packages/airflow/example_dags/example_branch_operator.py
[2024-10-25T07:33:53.749+0000] {processor.py:914} INFO - Processing file /home/airflow/.local/lib/python3.12/site-packages/airflow/example_dags/example_branch_operator.py for tasks to queue
[2024-10-25T07:33:53.753+0000] {logging_mixin.py:190} INFO - [2024-10-25T07:33:53.752+0000] {dagbag.py:588} INFO - Filling up the DagBag from /home/airflow/.local/lib/python3.12/site-packages/airflow/example_dags/example_branch_operator.py
[2024-10-25T07:33:53.778+0000] {processor.py:925} INFO - DAG(s) 'example_branch_operator' retrieved from /home/airflow/.local/lib/python3.12/site-packages/airflow/example_dags/example_branch_operator.py
[2024-10-25T07:33:53.817+0000] {logging_mixin.py:190} INFO - [2024-10-25T07:33:53.817+0000] {dag.py:3239} INFO - Sync 1 DAGs
[2024-10-25T07:33:53.849+0000] {logging_mixin.py:190} INFO - [2024-10-25T07:33:53.849+0000] {dag.py:4180} INFO - Setting next_dagrun for example_branch_operator to 2024-10-24 00:00:00+00:00, run_after=2024-10-25 00:00:00+00:00
[2024-10-25T07:33:53.882+0000] {processor.py:208} INFO - Processing /home/airflow/.local/lib/python3.12/site-packages/airflow/example_dags/example_branch_operator.py took 0.145 seconds
[2024-10-25T07:34:24.430+0000] {processor.py:186} INFO - Started process (PID=2658) to work on /home/airflow/.local/lib/python3.12/site-packages/airflow/example_dags/example_branch_operator.py
[2024-10-25T07:34:24.432+0000] {processor.py:914} INFO - Processing file /home/airflow/.local/lib/python3.12/site-packages/airflow/example_dags/example_branch_operator.py for tasks to queue
[2024-10-25T07:34:24.433+0000] {logging_mixin.py:190} INFO - [2024-10-25T07:34:24.433+0000] {dagbag.py:588} INFO - Filling up the DagBag from /home/airflow/.local/lib/python3.12/site-packages/airflow/example_dags/example_branch_operator.py
[2024-10-25T07:34:24.450+0000] {processor.py:925} INFO - DAG(s) 'example_branch_operator' retrieved from /home/airflow/.local/lib/python3.12/site-packages/airflow/example_dags/example_branch_operator.py
[2024-10-25T07:34:24.656+0000] {logging_mixin.py:190} INFO - [2024-10-25T07:34:24.655+0000] {dag.py:3239} INFO - Sync 1 DAGs
[2024-10-25T07:34:24.676+0000] {logging_mixin.py:190} INFO - [2024-10-25T07:34:24.676+0000] {dag.py:4180} INFO - Setting next_dagrun for example_branch_operator to 2024-10-24 00:00:00+00:00, run_after=2024-10-25 00:00:00+00:00
[2024-10-25T07:34:24.694+0000] {processor.py:208} INFO - Processing /home/airflow/.local/lib/python3.12/site-packages/airflow/example_dags/example_branch_operator.py took 0.269 seconds
[2024-10-25T07:34:55.382+0000] {processor.py:186} INFO - Started process (PID=2727) to work on /home/airflow/.local/lib/python3.12/site-packages/airflow/example_dags/example_branch_operator.py
[2024-10-25T07:34:55.383+0000] {processor.py:914} INFO - Processing file /home/airflow/.local/lib/python3.12/site-packages/airflow/example_dags/example_branch_operator.py for tasks to queue
[2024-10-25T07:34:55.385+0000] {logging_mixin.py:190} INFO - [2024-10-25T07:34:55.384+0000] {dagbag.py:588} INFO - Filling up the DagBag from /home/airflow/.local/lib/python3.12/site-packages/airflow/example_dags/example_branch_operator.py
[2024-10-25T07:34:55.401+0000] {processor.py:925} INFO - DAG(s) 'example_branch_operator' retrieved from /home/airflow/.local/lib/python3.12/site-packages/airflow/example_dags/example_branch_operator.py
[2024-10-25T07:34:55.432+0000] {logging_mixin.py:190} INFO - [2024-10-25T07:34:55.432+0000] {dag.py:3239} INFO - Sync 1 DAGs
[2024-10-25T07:34:55.465+0000] {logging_mixin.py:190} INFO - [2024-10-25T07:34:55.464+0000] {dag.py:4180} INFO - Setting next_dagrun for example_branch_operator to 2024-10-24 00:00:00+00:00, run_after=2024-10-25 00:00:00+00:00
[2024-10-25T07:34:55.496+0000] {processor.py:208} INFO - Processing /home/airflow/.local/lib/python3.12/site-packages/airflow/example_dags/example_branch_operator.py took 0.120 seconds
[2024-10-25T07:35:25.826+0000] {processor.py:186} INFO - Started process (PID=2796) to work on /home/airflow/.local/lib/python3.12/site-packages/airflow/example_dags/example_branch_operator.py
[2024-10-25T07:35:25.827+0000] {processor.py:914} INFO - Processing file /home/airflow/.local/lib/python3.12/site-packages/airflow/example_dags/example_branch_operator.py for tasks to queue
[2024-10-25T07:35:25.829+0000] {logging_mixin.py:190} INFO - [2024-10-25T07:35:25.829+0000] {dagbag.py:588} INFO - Filling up the DagBag from /home/airflow/.local/lib/python3.12/site-packages/airflow/example_dags/example_branch_operator.py
[2024-10-25T07:35:25.847+0000] {processor.py:925} INFO - DAG(s) 'example_branch_operator' retrieved from /home/airflow/.local/lib/python3.12/site-packages/airflow/example_dags/example_branch_operator.py
[2024-10-25T07:35:25.877+0000] {logging_mixin.py:190} INFO - [2024-10-25T07:35:25.877+0000] {dag.py:3239} INFO - Sync 1 DAGs
[2024-10-25T07:35:25.898+0000] {logging_mixin.py:190} INFO - [2024-10-25T07:35:25.898+0000] {dag.py:4180} INFO - Setting next_dagrun for example_branch_operator to 2024-10-24 00:00:00+00:00, run_after=2024-10-25 00:00:00+00:00
[2024-10-25T07:35:25.918+0000] {processor.py:208} INFO - Processing /home/airflow/.local/lib/python3.12/site-packages/airflow/example_dags/example_branch_operator.py took 0.098 seconds
[2024-10-25T07:37:56.092+0000] {processor.py:186} INFO - Started process (PID=90) to work on /home/airflow/.local/lib/python3.12/site-packages/airflow/example_dags/example_branch_operator.py
[2024-10-25T07:37:56.093+0000] {processor.py:914} INFO - Processing file /home/airflow/.local/lib/python3.12/site-packages/airflow/example_dags/example_branch_operator.py for tasks to queue
[2024-10-25T07:37:56.097+0000] {logging_mixin.py:190} INFO - [2024-10-25T07:37:56.096+0000] {dagbag.py:588} INFO - Filling up the DagBag from /home/airflow/.local/lib/python3.12/site-packages/airflow/example_dags/example_branch_operator.py
[2024-10-25T07:37:56.115+0000] {processor.py:925} INFO - DAG(s) 'example_branch_operator' retrieved from /home/airflow/.local/lib/python3.12/site-packages/airflow/example_dags/example_branch_operator.py
[2024-10-25T07:37:56.268+0000] {logging_mixin.py:190} INFO - [2024-10-25T07:37:56.268+0000] {dag.py:3239} INFO - Sync 1 DAGs
[2024-10-25T07:37:56.294+0000] {logging_mixin.py:190} INFO - [2024-10-25T07:37:56.294+0000] {dag.py:4180} INFO - Setting next_dagrun for example_branch_operator to 2024-10-24 00:00:00+00:00, run_after=2024-10-25 00:00:00+00:00
[2024-10-25T07:37:56.320+0000] {processor.py:208} INFO - Processing /home/airflow/.local/lib/python3.12/site-packages/airflow/example_dags/example_branch_operator.py took 0.234 seconds
[2024-10-25T07:38:28.320+0000] {processor.py:186} INFO - Started process (PID=160) to work on /home/airflow/.local/lib/python3.12/site-packages/airflow/example_dags/example_branch_operator.py
[2024-10-25T07:38:28.322+0000] {processor.py:914} INFO - Processing file /home/airflow/.local/lib/python3.12/site-packages/airflow/example_dags/example_branch_operator.py for tasks to queue
[2024-10-25T07:38:28.325+0000] {logging_mixin.py:190} INFO - [2024-10-25T07:38:28.324+0000] {dagbag.py:588} INFO - Filling up the DagBag from /home/airflow/.local/lib/python3.12/site-packages/airflow/example_dags/example_branch_operator.py
[2024-10-25T07:38:28.351+0000] {processor.py:925} INFO - DAG(s) 'example_branch_operator' retrieved from /home/airflow/.local/lib/python3.12/site-packages/airflow/example_dags/example_branch_operator.py
[2024-10-25T07:38:28.417+0000] {logging_mixin.py:190} INFO - [2024-10-25T07:38:28.416+0000] {dag.py:3239} INFO - Sync 1 DAGs
[2024-10-25T07:38:28.453+0000] {logging_mixin.py:190} INFO - [2024-10-25T07:38:28.453+0000] {dag.py:4180} INFO - Setting next_dagrun for example_branch_operator to 2024-10-24 00:00:00+00:00, run_after=2024-10-25 00:00:00+00:00
[2024-10-25T07:38:28.479+0000] {processor.py:208} INFO - Processing /home/airflow/.local/lib/python3.12/site-packages/airflow/example_dags/example_branch_operator.py took 0.169 seconds
