[2024-10-25T07:15:04.038+0000] {processor.py:186} INFO - Started process (PID=152) to work on /home/airflow/.local/lib/python3.12/site-packages/airflow/example_dags/example_latest_only.py
[2024-10-25T07:15:04.057+0000] {processor.py:914} INFO - Processing file /home/airflow/.local/lib/python3.12/site-packages/airflow/example_dags/example_latest_only.py for tasks to queue
[2024-10-25T07:15:04.100+0000] {logging_mixin.py:190} INFO - [2024-10-25T07:15:04.098+0000] {dagbag.py:588} INFO - Filling up the DagBag from /home/airflow/.local/lib/python3.12/site-packages/airflow/example_dags/example_latest_only.py
[2024-10-25T07:15:04.338+0000] {processor.py:925} INFO - DAG(s) 'latest_only' retrieved from /home/airflow/.local/lib/python3.12/site-packages/airflow/example_dags/example_latest_only.py
[2024-10-25T07:15:04.773+0000] {logging_mixin.py:190} INFO - [2024-10-25T07:15:04.772+0000] {dag.py:3239} INFO - Sync 1 DAGs
[2024-10-25T07:15:05.699+0000] {logging_mixin.py:190} INFO - [2024-10-25T07:15:05.698+0000] {dag.py:4180} INFO - Setting next_dagrun for latest_only to 2024-10-25 00:00:00+00:00, run_after=2024-10-25 04:00:00+00:00
[2024-10-25T07:15:06.253+0000] {processor.py:208} INFO - Processing /home/airflow/.local/lib/python3.12/site-packages/airflow/example_dags/example_latest_only.py took 2.380 seconds
[2024-10-25T07:16:10.460+0000] {processor.py:186} INFO - Started process (PID=270) to work on /home/airflow/.local/lib/python3.12/site-packages/airflow/example_dags/example_latest_only.py
[2024-10-25T07:16:10.466+0000] {processor.py:914} INFO - Processing file /home/airflow/.local/lib/python3.12/site-packages/airflow/example_dags/example_latest_only.py for tasks to queue
[2024-10-25T07:16:10.481+0000] {logging_mixin.py:190} INFO - [2024-10-25T07:16:10.479+0000] {dagbag.py:588} INFO - Filling up the DagBag from /home/airflow/.local/lib/python3.12/site-packages/airflow/example_dags/example_latest_only.py
[2024-10-25T07:16:10.516+0000] {processor.py:925} INFO - DAG(s) 'latest_only' retrieved from /home/airflow/.local/lib/python3.12/site-packages/airflow/example_dags/example_latest_only.py
[2024-10-25T07:16:10.622+0000] {logging_mixin.py:190} INFO - [2024-10-25T07:16:10.621+0000] {dag.py:3239} INFO - Sync 1 DAGs
[2024-10-25T07:16:10.799+0000] {logging_mixin.py:190} INFO - [2024-10-25T07:16:10.798+0000] {dag.py:4180} INFO - Setting next_dagrun for latest_only to 2024-10-25 00:00:00+00:00, run_after=2024-10-25 04:00:00+00:00
[2024-10-25T07:16:10.883+0000] {processor.py:208} INFO - Processing /home/airflow/.local/lib/python3.12/site-packages/airflow/example_dags/example_latest_only.py took 0.449 seconds
[2024-10-25T07:16:41.293+0000] {processor.py:186} INFO - Started process (PID=339) to work on /home/airflow/.local/lib/python3.12/site-packages/airflow/example_dags/example_latest_only.py
[2024-10-25T07:16:41.296+0000] {processor.py:914} INFO - Processing file /home/airflow/.local/lib/python3.12/site-packages/airflow/example_dags/example_latest_only.py for tasks to queue
[2024-10-25T07:16:41.302+0000] {logging_mixin.py:190} INFO - [2024-10-25T07:16:41.301+0000] {dagbag.py:588} INFO - Filling up the DagBag from /home/airflow/.local/lib/python3.12/site-packages/airflow/example_dags/example_latest_only.py
[2024-10-25T07:16:41.313+0000] {processor.py:925} INFO - DAG(s) 'latest_only' retrieved from /home/airflow/.local/lib/python3.12/site-packages/airflow/example_dags/example_latest_only.py
[2024-10-25T07:16:41.353+0000] {logging_mixin.py:190} INFO - [2024-10-25T07:16:41.353+0000] {dag.py:3239} INFO - Sync 1 DAGs
[2024-10-25T07:16:41.405+0000] {logging_mixin.py:190} INFO - [2024-10-25T07:16:41.404+0000] {dag.py:4180} INFO - Setting next_dagrun for latest_only to 2024-10-25 00:00:00+00:00, run_after=2024-10-25 04:00:00+00:00
[2024-10-25T07:16:41.464+0000] {processor.py:208} INFO - Processing /home/airflow/.local/lib/python3.12/site-packages/airflow/example_dags/example_latest_only.py took 0.180 seconds
[2024-10-25T07:17:11.639+0000] {processor.py:186} INFO - Started process (PID=408) to work on /home/airflow/.local/lib/python3.12/site-packages/airflow/example_dags/example_latest_only.py
[2024-10-25T07:17:11.641+0000] {processor.py:914} INFO - Processing file /home/airflow/.local/lib/python3.12/site-packages/airflow/example_dags/example_latest_only.py for tasks to queue
[2024-10-25T07:17:11.646+0000] {logging_mixin.py:190} INFO - [2024-10-25T07:17:11.645+0000] {dagbag.py:588} INFO - Filling up the DagBag from /home/airflow/.local/lib/python3.12/site-packages/airflow/example_dags/example_latest_only.py
[2024-10-25T07:17:11.660+0000] {processor.py:925} INFO - DAG(s) 'latest_only' retrieved from /home/airflow/.local/lib/python3.12/site-packages/airflow/example_dags/example_latest_only.py
[2024-10-25T07:17:11.690+0000] {logging_mixin.py:190} INFO - [2024-10-25T07:17:11.689+0000] {dag.py:3239} INFO - Sync 1 DAGs
[2024-10-25T07:17:11.724+0000] {logging_mixin.py:190} INFO - [2024-10-25T07:17:11.723+0000] {dag.py:4180} INFO - Setting next_dagrun for latest_only to 2024-10-25 00:00:00+00:00, run_after=2024-10-25 04:00:00+00:00
[2024-10-25T07:17:11.752+0000] {processor.py:208} INFO - Processing /home/airflow/.local/lib/python3.12/site-packages/airflow/example_dags/example_latest_only.py took 0.123 seconds
[2024-10-25T07:17:42.407+0000] {processor.py:186} INFO - Started process (PID=478) to work on /home/airflow/.local/lib/python3.12/site-packages/airflow/example_dags/example_latest_only.py
[2024-10-25T07:17:42.409+0000] {processor.py:914} INFO - Processing file /home/airflow/.local/lib/python3.12/site-packages/airflow/example_dags/example_latest_only.py for tasks to queue
[2024-10-25T07:17:42.415+0000] {logging_mixin.py:190} INFO - [2024-10-25T07:17:42.414+0000] {dagbag.py:588} INFO - Filling up the DagBag from /home/airflow/.local/lib/python3.12/site-packages/airflow/example_dags/example_latest_only.py
[2024-10-25T07:17:42.431+0000] {processor.py:925} INFO - DAG(s) 'latest_only' retrieved from /home/airflow/.local/lib/python3.12/site-packages/airflow/example_dags/example_latest_only.py
[2024-10-25T07:17:42.471+0000] {logging_mixin.py:190} INFO - [2024-10-25T07:17:42.470+0000] {dag.py:3239} INFO - Sync 1 DAGs
[2024-10-25T07:17:42.514+0000] {logging_mixin.py:190} INFO - [2024-10-25T07:17:42.514+0000] {dag.py:4180} INFO - Setting next_dagrun for latest_only to 2024-10-25 00:00:00+00:00, run_after=2024-10-25 04:00:00+00:00
[2024-10-25T07:17:42.552+0000] {processor.py:208} INFO - Processing /home/airflow/.local/lib/python3.12/site-packages/airflow/example_dags/example_latest_only.py took 0.156 seconds
[2024-10-25T07:18:12.680+0000] {processor.py:186} INFO - Started process (PID=547) to work on /home/airflow/.local/lib/python3.12/site-packages/airflow/example_dags/example_latest_only.py
[2024-10-25T07:18:12.683+0000] {processor.py:914} INFO - Processing file /home/airflow/.local/lib/python3.12/site-packages/airflow/example_dags/example_latest_only.py for tasks to queue
[2024-10-25T07:18:12.687+0000] {logging_mixin.py:190} INFO - [2024-10-25T07:18:12.687+0000] {dagbag.py:588} INFO - Filling up the DagBag from /home/airflow/.local/lib/python3.12/site-packages/airflow/example_dags/example_latest_only.py
[2024-10-25T07:18:12.697+0000] {processor.py:925} INFO - DAG(s) 'latest_only' retrieved from /home/airflow/.local/lib/python3.12/site-packages/airflow/example_dags/example_latest_only.py
[2024-10-25T07:18:12.725+0000] {logging_mixin.py:190} INFO - [2024-10-25T07:18:12.725+0000] {dag.py:3239} INFO - Sync 1 DAGs
[2024-10-25T07:18:12.757+0000] {logging_mixin.py:190} INFO - [2024-10-25T07:18:12.757+0000] {dag.py:4180} INFO - Setting next_dagrun for latest_only to 2024-10-25 00:00:00+00:00, run_after=2024-10-25 04:00:00+00:00
[2024-10-25T07:18:12.787+0000] {processor.py:208} INFO - Processing /home/airflow/.local/lib/python3.12/site-packages/airflow/example_dags/example_latest_only.py took 0.116 seconds
[2024-10-25T07:18:43.110+0000] {processor.py:186} INFO - Started process (PID=615) to work on /home/airflow/.local/lib/python3.12/site-packages/airflow/example_dags/example_latest_only.py
[2024-10-25T07:18:43.112+0000] {processor.py:914} INFO - Processing file /home/airflow/.local/lib/python3.12/site-packages/airflow/example_dags/example_latest_only.py for tasks to queue
[2024-10-25T07:18:43.119+0000] {logging_mixin.py:190} INFO - [2024-10-25T07:18:43.118+0000] {dagbag.py:588} INFO - Filling up the DagBag from /home/airflow/.local/lib/python3.12/site-packages/airflow/example_dags/example_latest_only.py
[2024-10-25T07:18:43.131+0000] {processor.py:925} INFO - DAG(s) 'latest_only' retrieved from /home/airflow/.local/lib/python3.12/site-packages/airflow/example_dags/example_latest_only.py
[2024-10-25T07:18:43.164+0000] {logging_mixin.py:190} INFO - [2024-10-25T07:18:43.164+0000] {dag.py:3239} INFO - Sync 1 DAGs
[2024-10-25T07:18:43.196+0000] {logging_mixin.py:190} INFO - [2024-10-25T07:18:43.196+0000] {dag.py:4180} INFO - Setting next_dagrun for latest_only to 2024-10-25 00:00:00+00:00, run_after=2024-10-25 04:00:00+00:00
[2024-10-25T07:18:43.232+0000] {processor.py:208} INFO - Processing /home/airflow/.local/lib/python3.12/site-packages/airflow/example_dags/example_latest_only.py took 0.129 seconds
[2024-10-25T07:19:13.900+0000] {processor.py:186} INFO - Started process (PID=684) to work on /home/airflow/.local/lib/python3.12/site-packages/airflow/example_dags/example_latest_only.py
[2024-10-25T07:19:13.902+0000] {processor.py:914} INFO - Processing file /home/airflow/.local/lib/python3.12/site-packages/airflow/example_dags/example_latest_only.py for tasks to queue
[2024-10-25T07:19:13.907+0000] {logging_mixin.py:190} INFO - [2024-10-25T07:19:13.906+0000] {dagbag.py:588} INFO - Filling up the DagBag from /home/airflow/.local/lib/python3.12/site-packages/airflow/example_dags/example_latest_only.py
[2024-10-25T07:19:13.920+0000] {processor.py:925} INFO - DAG(s) 'latest_only' retrieved from /home/airflow/.local/lib/python3.12/site-packages/airflow/example_dags/example_latest_only.py
[2024-10-25T07:19:13.949+0000] {logging_mixin.py:190} INFO - [2024-10-25T07:19:13.949+0000] {dag.py:3239} INFO - Sync 1 DAGs
[2024-10-25T07:19:13.981+0000] {logging_mixin.py:190} INFO - [2024-10-25T07:19:13.981+0000] {dag.py:4180} INFO - Setting next_dagrun for latest_only to 2024-10-25 00:00:00+00:00, run_after=2024-10-25 04:00:00+00:00
[2024-10-25T07:19:14.012+0000] {processor.py:208} INFO - Processing /home/airflow/.local/lib/python3.12/site-packages/airflow/example_dags/example_latest_only.py took 0.119 seconds
[2024-10-25T07:19:44.812+0000] {processor.py:186} INFO - Started process (PID=753) to work on /home/airflow/.local/lib/python3.12/site-packages/airflow/example_dags/example_latest_only.py
[2024-10-25T07:19:44.814+0000] {processor.py:914} INFO - Processing file /home/airflow/.local/lib/python3.12/site-packages/airflow/example_dags/example_latest_only.py for tasks to queue
[2024-10-25T07:19:44.817+0000] {logging_mixin.py:190} INFO - [2024-10-25T07:19:44.816+0000] {dagbag.py:588} INFO - Filling up the DagBag from /home/airflow/.local/lib/python3.12/site-packages/airflow/example_dags/example_latest_only.py
[2024-10-25T07:19:44.824+0000] {processor.py:925} INFO - DAG(s) 'latest_only' retrieved from /home/airflow/.local/lib/python3.12/site-packages/airflow/example_dags/example_latest_only.py
[2024-10-25T07:19:44.851+0000] {logging_mixin.py:190} INFO - [2024-10-25T07:19:44.851+0000] {dag.py:3239} INFO - Sync 1 DAGs
[2024-10-25T07:19:44.883+0000] {logging_mixin.py:190} INFO - [2024-10-25T07:19:44.883+0000] {dag.py:4180} INFO - Setting next_dagrun for latest_only to 2024-10-25 00:00:00+00:00, run_after=2024-10-25 04:00:00+00:00
[2024-10-25T07:19:44.918+0000] {processor.py:208} INFO - Processing /home/airflow/.local/lib/python3.12/site-packages/airflow/example_dags/example_latest_only.py took 0.111 seconds
[2024-10-25T07:20:15.811+0000] {processor.py:186} INFO - Started process (PID=821) to work on /home/airflow/.local/lib/python3.12/site-packages/airflow/example_dags/example_latest_only.py
[2024-10-25T07:20:15.813+0000] {processor.py:914} INFO - Processing file /home/airflow/.local/lib/python3.12/site-packages/airflow/example_dags/example_latest_only.py for tasks to queue
[2024-10-25T07:20:15.819+0000] {logging_mixin.py:190} INFO - [2024-10-25T07:20:15.818+0000] {dagbag.py:588} INFO - Filling up the DagBag from /home/airflow/.local/lib/python3.12/site-packages/airflow/example_dags/example_latest_only.py
[2024-10-25T07:20:15.825+0000] {processor.py:925} INFO - DAG(s) 'latest_only' retrieved from /home/airflow/.local/lib/python3.12/site-packages/airflow/example_dags/example_latest_only.py
[2024-10-25T07:20:15.848+0000] {logging_mixin.py:190} INFO - [2024-10-25T07:20:15.848+0000] {dag.py:3239} INFO - Sync 1 DAGs
[2024-10-25T07:20:15.870+0000] {logging_mixin.py:190} INFO - [2024-10-25T07:20:15.870+0000] {dag.py:4180} INFO - Setting next_dagrun for latest_only to 2024-10-25 00:00:00+00:00, run_after=2024-10-25 04:00:00+00:00
[2024-10-25T07:20:15.895+0000] {processor.py:208} INFO - Processing /home/airflow/.local/lib/python3.12/site-packages/airflow/example_dags/example_latest_only.py took 0.089 seconds
[2024-10-25T07:20:46.006+0000] {processor.py:186} INFO - Started process (PID=890) to work on /home/airflow/.local/lib/python3.12/site-packages/airflow/example_dags/example_latest_only.py
[2024-10-25T07:20:46.007+0000] {processor.py:914} INFO - Processing file /home/airflow/.local/lib/python3.12/site-packages/airflow/example_dags/example_latest_only.py for tasks to queue
[2024-10-25T07:20:46.011+0000] {logging_mixin.py:190} INFO - [2024-10-25T07:20:46.010+0000] {dagbag.py:588} INFO - Filling up the DagBag from /home/airflow/.local/lib/python3.12/site-packages/airflow/example_dags/example_latest_only.py
[2024-10-25T07:20:46.018+0000] {processor.py:925} INFO - DAG(s) 'latest_only' retrieved from /home/airflow/.local/lib/python3.12/site-packages/airflow/example_dags/example_latest_only.py
[2024-10-25T07:20:46.045+0000] {logging_mixin.py:190} INFO - [2024-10-25T07:20:46.045+0000] {dag.py:3239} INFO - Sync 1 DAGs
[2024-10-25T07:20:46.076+0000] {logging_mixin.py:190} INFO - [2024-10-25T07:20:46.076+0000] {dag.py:4180} INFO - Setting next_dagrun for latest_only to 2024-10-25 00:00:00+00:00, run_after=2024-10-25 04:00:00+00:00
[2024-10-25T07:20:46.104+0000] {processor.py:208} INFO - Processing /home/airflow/.local/lib/python3.12/site-packages/airflow/example_dags/example_latest_only.py took 0.105 seconds
[2024-10-25T07:21:16.511+0000] {processor.py:186} INFO - Started process (PID=959) to work on /home/airflow/.local/lib/python3.12/site-packages/airflow/example_dags/example_latest_only.py
[2024-10-25T07:21:16.512+0000] {processor.py:914} INFO - Processing file /home/airflow/.local/lib/python3.12/site-packages/airflow/example_dags/example_latest_only.py for tasks to queue
[2024-10-25T07:21:16.516+0000] {logging_mixin.py:190} INFO - [2024-10-25T07:21:16.515+0000] {dagbag.py:588} INFO - Filling up the DagBag from /home/airflow/.local/lib/python3.12/site-packages/airflow/example_dags/example_latest_only.py
[2024-10-25T07:21:16.523+0000] {processor.py:925} INFO - DAG(s) 'latest_only' retrieved from /home/airflow/.local/lib/python3.12/site-packages/airflow/example_dags/example_latest_only.py
[2024-10-25T07:21:16.548+0000] {logging_mixin.py:190} INFO - [2024-10-25T07:21:16.547+0000] {dag.py:3239} INFO - Sync 1 DAGs
[2024-10-25T07:21:16.573+0000] {logging_mixin.py:190} INFO - [2024-10-25T07:21:16.573+0000] {dag.py:4180} INFO - Setting next_dagrun for latest_only to 2024-10-25 00:00:00+00:00, run_after=2024-10-25 04:00:00+00:00
[2024-10-25T07:21:16.597+0000] {processor.py:208} INFO - Processing /home/airflow/.local/lib/python3.12/site-packages/airflow/example_dags/example_latest_only.py took 0.091 seconds
[2024-10-25T07:21:46.879+0000] {processor.py:186} INFO - Started process (PID=1028) to work on /home/airflow/.local/lib/python3.12/site-packages/airflow/example_dags/example_latest_only.py
[2024-10-25T07:21:46.880+0000] {processor.py:914} INFO - Processing file /home/airflow/.local/lib/python3.12/site-packages/airflow/example_dags/example_latest_only.py for tasks to queue
[2024-10-25T07:21:46.886+0000] {logging_mixin.py:190} INFO - [2024-10-25T07:21:46.885+0000] {dagbag.py:588} INFO - Filling up the DagBag from /home/airflow/.local/lib/python3.12/site-packages/airflow/example_dags/example_latest_only.py
[2024-10-25T07:21:46.898+0000] {processor.py:925} INFO - DAG(s) 'latest_only' retrieved from /home/airflow/.local/lib/python3.12/site-packages/airflow/example_dags/example_latest_only.py
[2024-10-25T07:21:46.924+0000] {logging_mixin.py:190} INFO - [2024-10-25T07:21:46.924+0000] {dag.py:3239} INFO - Sync 1 DAGs
[2024-10-25T07:21:46.962+0000] {logging_mixin.py:190} INFO - [2024-10-25T07:21:46.962+0000] {dag.py:4180} INFO - Setting next_dagrun for latest_only to 2024-10-25 00:00:00+00:00, run_after=2024-10-25 04:00:00+00:00
[2024-10-25T07:21:47.001+0000] {processor.py:208} INFO - Processing /home/airflow/.local/lib/python3.12/site-packages/airflow/example_dags/example_latest_only.py took 0.128 seconds
[2024-10-25T07:22:17.687+0000] {processor.py:186} INFO - Started process (PID=1097) to work on /home/airflow/.local/lib/python3.12/site-packages/airflow/example_dags/example_latest_only.py
[2024-10-25T07:22:17.689+0000] {processor.py:914} INFO - Processing file /home/airflow/.local/lib/python3.12/site-packages/airflow/example_dags/example_latest_only.py for tasks to queue
[2024-10-25T07:22:17.692+0000] {logging_mixin.py:190} INFO - [2024-10-25T07:22:17.691+0000] {dagbag.py:588} INFO - Filling up the DagBag from /home/airflow/.local/lib/python3.12/site-packages/airflow/example_dags/example_latest_only.py
[2024-10-25T07:22:17.699+0000] {processor.py:925} INFO - DAG(s) 'latest_only' retrieved from /home/airflow/.local/lib/python3.12/site-packages/airflow/example_dags/example_latest_only.py
[2024-10-25T07:22:17.722+0000] {logging_mixin.py:190} INFO - [2024-10-25T07:22:17.722+0000] {dag.py:3239} INFO - Sync 1 DAGs
[2024-10-25T07:22:17.744+0000] {logging_mixin.py:190} INFO - [2024-10-25T07:22:17.744+0000] {dag.py:4180} INFO - Setting next_dagrun for latest_only to 2024-10-25 00:00:00+00:00, run_after=2024-10-25 04:00:00+00:00
[2024-10-25T07:22:17.764+0000] {processor.py:208} INFO - Processing /home/airflow/.local/lib/python3.12/site-packages/airflow/example_dags/example_latest_only.py took 0.082 seconds
[2024-10-25T07:22:48.145+0000] {processor.py:186} INFO - Started process (PID=1166) to work on /home/airflow/.local/lib/python3.12/site-packages/airflow/example_dags/example_latest_only.py
[2024-10-25T07:22:48.146+0000] {processor.py:914} INFO - Processing file /home/airflow/.local/lib/python3.12/site-packages/airflow/example_dags/example_latest_only.py for tasks to queue
[2024-10-25T07:22:48.149+0000] {logging_mixin.py:190} INFO - [2024-10-25T07:22:48.149+0000] {dagbag.py:588} INFO - Filling up the DagBag from /home/airflow/.local/lib/python3.12/site-packages/airflow/example_dags/example_latest_only.py
[2024-10-25T07:22:48.159+0000] {processor.py:925} INFO - DAG(s) 'latest_only' retrieved from /home/airflow/.local/lib/python3.12/site-packages/airflow/example_dags/example_latest_only.py
[2024-10-25T07:22:48.195+0000] {logging_mixin.py:190} INFO - [2024-10-25T07:22:48.195+0000] {dag.py:3239} INFO - Sync 1 DAGs
[2024-10-25T07:22:48.229+0000] {logging_mixin.py:190} INFO - [2024-10-25T07:22:48.229+0000] {dag.py:4180} INFO - Setting next_dagrun for latest_only to 2024-10-25 00:00:00+00:00, run_after=2024-10-25 04:00:00+00:00
[2024-10-25T07:22:48.253+0000] {processor.py:208} INFO - Processing /home/airflow/.local/lib/python3.12/site-packages/airflow/example_dags/example_latest_only.py took 0.115 seconds
[2024-10-25T07:23:18.379+0000] {processor.py:186} INFO - Started process (PID=1235) to work on /home/airflow/.local/lib/python3.12/site-packages/airflow/example_dags/example_latest_only.py
[2024-10-25T07:23:18.381+0000] {processor.py:914} INFO - Processing file /home/airflow/.local/lib/python3.12/site-packages/airflow/example_dags/example_latest_only.py for tasks to queue
[2024-10-25T07:23:18.384+0000] {logging_mixin.py:190} INFO - [2024-10-25T07:23:18.384+0000] {dagbag.py:588} INFO - Filling up the DagBag from /home/airflow/.local/lib/python3.12/site-packages/airflow/example_dags/example_latest_only.py
[2024-10-25T07:23:18.390+0000] {processor.py:925} INFO - DAG(s) 'latest_only' retrieved from /home/airflow/.local/lib/python3.12/site-packages/airflow/example_dags/example_latest_only.py
[2024-10-25T07:23:18.411+0000] {logging_mixin.py:190} INFO - [2024-10-25T07:23:18.411+0000] {dag.py:3239} INFO - Sync 1 DAGs
[2024-10-25T07:23:18.434+0000] {logging_mixin.py:190} INFO - [2024-10-25T07:23:18.434+0000] {dag.py:4180} INFO - Setting next_dagrun for latest_only to 2024-10-25 00:00:00+00:00, run_after=2024-10-25 04:00:00+00:00
[2024-10-25T07:23:18.458+0000] {processor.py:208} INFO - Processing /home/airflow/.local/lib/python3.12/site-packages/airflow/example_dags/example_latest_only.py took 0.084 seconds
[2024-10-25T07:23:49.178+0000] {processor.py:186} INFO - Started process (PID=1304) to work on /home/airflow/.local/lib/python3.12/site-packages/airflow/example_dags/example_latest_only.py
[2024-10-25T07:23:49.180+0000] {processor.py:914} INFO - Processing file /home/airflow/.local/lib/python3.12/site-packages/airflow/example_dags/example_latest_only.py for tasks to queue
[2024-10-25T07:23:49.185+0000] {logging_mixin.py:190} INFO - [2024-10-25T07:23:49.184+0000] {dagbag.py:588} INFO - Filling up the DagBag from /home/airflow/.local/lib/python3.12/site-packages/airflow/example_dags/example_latest_only.py
[2024-10-25T07:23:49.193+0000] {processor.py:925} INFO - DAG(s) 'latest_only' retrieved from /home/airflow/.local/lib/python3.12/site-packages/airflow/example_dags/example_latest_only.py
[2024-10-25T07:23:49.217+0000] {logging_mixin.py:190} INFO - [2024-10-25T07:23:49.217+0000] {dag.py:3239} INFO - Sync 1 DAGs
[2024-10-25T07:23:49.240+0000] {logging_mixin.py:190} INFO - [2024-10-25T07:23:49.240+0000] {dag.py:4180} INFO - Setting next_dagrun for latest_only to 2024-10-25 00:00:00+00:00, run_after=2024-10-25 04:00:00+00:00
[2024-10-25T07:23:49.261+0000] {processor.py:208} INFO - Processing /home/airflow/.local/lib/python3.12/site-packages/airflow/example_dags/example_latest_only.py took 0.088 seconds
[2024-10-25T07:24:20.114+0000] {processor.py:186} INFO - Started process (PID=1373) to work on /home/airflow/.local/lib/python3.12/site-packages/airflow/example_dags/example_latest_only.py
[2024-10-25T07:24:20.115+0000] {processor.py:914} INFO - Processing file /home/airflow/.local/lib/python3.12/site-packages/airflow/example_dags/example_latest_only.py for tasks to queue
[2024-10-25T07:24:20.119+0000] {logging_mixin.py:190} INFO - [2024-10-25T07:24:20.119+0000] {dagbag.py:588} INFO - Filling up the DagBag from /home/airflow/.local/lib/python3.12/site-packages/airflow/example_dags/example_latest_only.py
[2024-10-25T07:24:20.126+0000] {processor.py:925} INFO - DAG(s) 'latest_only' retrieved from /home/airflow/.local/lib/python3.12/site-packages/airflow/example_dags/example_latest_only.py
[2024-10-25T07:24:20.148+0000] {logging_mixin.py:190} INFO - [2024-10-25T07:24:20.148+0000] {dag.py:3239} INFO - Sync 1 DAGs
[2024-10-25T07:24:20.169+0000] {logging_mixin.py:190} INFO - [2024-10-25T07:24:20.169+0000] {dag.py:4180} INFO - Setting next_dagrun for latest_only to 2024-10-25 00:00:00+00:00, run_after=2024-10-25 04:00:00+00:00
[2024-10-25T07:24:20.272+0000] {processor.py:208} INFO - Processing /home/airflow/.local/lib/python3.12/site-packages/airflow/example_dags/example_latest_only.py took 0.163 seconds
[2024-10-25T07:24:50.770+0000] {processor.py:186} INFO - Started process (PID=1442) to work on /home/airflow/.local/lib/python3.12/site-packages/airflow/example_dags/example_latest_only.py
[2024-10-25T07:24:50.772+0000] {processor.py:914} INFO - Processing file /home/airflow/.local/lib/python3.12/site-packages/airflow/example_dags/example_latest_only.py for tasks to queue
[2024-10-25T07:24:50.776+0000] {logging_mixin.py:190} INFO - [2024-10-25T07:24:50.776+0000] {dagbag.py:588} INFO - Filling up the DagBag from /home/airflow/.local/lib/python3.12/site-packages/airflow/example_dags/example_latest_only.py
[2024-10-25T07:24:50.786+0000] {processor.py:925} INFO - DAG(s) 'latest_only' retrieved from /home/airflow/.local/lib/python3.12/site-packages/airflow/example_dags/example_latest_only.py
[2024-10-25T07:24:50.811+0000] {logging_mixin.py:190} INFO - [2024-10-25T07:24:50.811+0000] {dag.py:3239} INFO - Sync 1 DAGs
[2024-10-25T07:24:50.840+0000] {logging_mixin.py:190} INFO - [2024-10-25T07:24:50.840+0000] {dag.py:4180} INFO - Setting next_dagrun for latest_only to 2024-10-25 00:00:00+00:00, run_after=2024-10-25 04:00:00+00:00
[2024-10-25T07:24:50.923+0000] {processor.py:208} INFO - Processing /home/airflow/.local/lib/python3.12/site-packages/airflow/example_dags/example_latest_only.py took 0.161 seconds
[2024-10-25T07:25:21.581+0000] {processor.py:186} INFO - Started process (PID=1511) to work on /home/airflow/.local/lib/python3.12/site-packages/airflow/example_dags/example_latest_only.py
[2024-10-25T07:25:21.582+0000] {processor.py:914} INFO - Processing file /home/airflow/.local/lib/python3.12/site-packages/airflow/example_dags/example_latest_only.py for tasks to queue
[2024-10-25T07:25:21.585+0000] {logging_mixin.py:190} INFO - [2024-10-25T07:25:21.585+0000] {dagbag.py:588} INFO - Filling up the DagBag from /home/airflow/.local/lib/python3.12/site-packages/airflow/example_dags/example_latest_only.py
[2024-10-25T07:25:21.591+0000] {processor.py:925} INFO - DAG(s) 'latest_only' retrieved from /home/airflow/.local/lib/python3.12/site-packages/airflow/example_dags/example_latest_only.py
[2024-10-25T07:25:21.611+0000] {logging_mixin.py:190} INFO - [2024-10-25T07:25:21.611+0000] {dag.py:3239} INFO - Sync 1 DAGs
[2024-10-25T07:25:21.631+0000] {logging_mixin.py:190} INFO - [2024-10-25T07:25:21.630+0000] {dag.py:4180} INFO - Setting next_dagrun for latest_only to 2024-10-25 00:00:00+00:00, run_after=2024-10-25 04:00:00+00:00
[2024-10-25T07:25:21.649+0000] {processor.py:208} INFO - Processing /home/airflow/.local/lib/python3.12/site-packages/airflow/example_dags/example_latest_only.py took 0.072 seconds
[2024-10-25T07:25:52.818+0000] {processor.py:186} INFO - Started process (PID=1580) to work on /home/airflow/.local/lib/python3.12/site-packages/airflow/example_dags/example_latest_only.py
[2024-10-25T07:25:52.825+0000] {processor.py:914} INFO - Processing file /home/airflow/.local/lib/python3.12/site-packages/airflow/example_dags/example_latest_only.py for tasks to queue
[2024-10-25T07:25:52.833+0000] {logging_mixin.py:190} INFO - [2024-10-25T07:25:52.833+0000] {dagbag.py:588} INFO - Filling up the DagBag from /home/airflow/.local/lib/python3.12/site-packages/airflow/example_dags/example_latest_only.py
[2024-10-25T07:25:52.852+0000] {processor.py:925} INFO - DAG(s) 'latest_only' retrieved from /home/airflow/.local/lib/python3.12/site-packages/airflow/example_dags/example_latest_only.py
[2024-10-25T07:25:52.894+0000] {logging_mixin.py:190} INFO - [2024-10-25T07:25:52.893+0000] {dag.py:3239} INFO - Sync 1 DAGs
[2024-10-25T07:25:52.945+0000] {logging_mixin.py:190} INFO - [2024-10-25T07:25:52.945+0000] {dag.py:4180} INFO - Setting next_dagrun for latest_only to 2024-10-25 00:00:00+00:00, run_after=2024-10-25 04:00:00+00:00
[2024-10-25T07:25:53.001+0000] {processor.py:208} INFO - Processing /home/airflow/.local/lib/python3.12/site-packages/airflow/example_dags/example_latest_only.py took 0.192 seconds
[2024-10-25T07:26:23.502+0000] {processor.py:186} INFO - Started process (PID=1649) to work on /home/airflow/.local/lib/python3.12/site-packages/airflow/example_dags/example_latest_only.py
[2024-10-25T07:26:23.504+0000] {processor.py:914} INFO - Processing file /home/airflow/.local/lib/python3.12/site-packages/airflow/example_dags/example_latest_only.py for tasks to queue
[2024-10-25T07:26:23.507+0000] {logging_mixin.py:190} INFO - [2024-10-25T07:26:23.506+0000] {dagbag.py:588} INFO - Filling up the DagBag from /home/airflow/.local/lib/python3.12/site-packages/airflow/example_dags/example_latest_only.py
[2024-10-25T07:26:23.515+0000] {processor.py:925} INFO - DAG(s) 'latest_only' retrieved from /home/airflow/.local/lib/python3.12/site-packages/airflow/example_dags/example_latest_only.py
[2024-10-25T07:26:23.538+0000] {logging_mixin.py:190} INFO - [2024-10-25T07:26:23.538+0000] {dag.py:3239} INFO - Sync 1 DAGs
[2024-10-25T07:26:23.563+0000] {logging_mixin.py:190} INFO - [2024-10-25T07:26:23.563+0000] {dag.py:4180} INFO - Setting next_dagrun for latest_only to 2024-10-25 00:00:00+00:00, run_after=2024-10-25 04:00:00+00:00
[2024-10-25T07:26:23.589+0000] {processor.py:208} INFO - Processing /home/airflow/.local/lib/python3.12/site-packages/airflow/example_dags/example_latest_only.py took 0.092 seconds
[2024-10-25T07:26:53.886+0000] {processor.py:186} INFO - Started process (PID=1719) to work on /home/airflow/.local/lib/python3.12/site-packages/airflow/example_dags/example_latest_only.py
[2024-10-25T07:26:53.887+0000] {processor.py:914} INFO - Processing file /home/airflow/.local/lib/python3.12/site-packages/airflow/example_dags/example_latest_only.py for tasks to queue
[2024-10-25T07:26:53.891+0000] {logging_mixin.py:190} INFO - [2024-10-25T07:26:53.890+0000] {dagbag.py:588} INFO - Filling up the DagBag from /home/airflow/.local/lib/python3.12/site-packages/airflow/example_dags/example_latest_only.py
[2024-10-25T07:26:53.899+0000] {processor.py:925} INFO - DAG(s) 'latest_only' retrieved from /home/airflow/.local/lib/python3.12/site-packages/airflow/example_dags/example_latest_only.py
[2024-10-25T07:26:53.924+0000] {logging_mixin.py:190} INFO - [2024-10-25T07:26:53.924+0000] {dag.py:3239} INFO - Sync 1 DAGs
[2024-10-25T07:26:53.945+0000] {logging_mixin.py:190} INFO - [2024-10-25T07:26:53.945+0000] {dag.py:4180} INFO - Setting next_dagrun for latest_only to 2024-10-25 00:00:00+00:00, run_after=2024-10-25 04:00:00+00:00
[2024-10-25T07:26:53.969+0000] {processor.py:208} INFO - Processing /home/airflow/.local/lib/python3.12/site-packages/airflow/example_dags/example_latest_only.py took 0.089 seconds
[2024-10-25T07:27:24.435+0000] {processor.py:186} INFO - Started process (PID=1788) to work on /home/airflow/.local/lib/python3.12/site-packages/airflow/example_dags/example_latest_only.py
[2024-10-25T07:27:24.436+0000] {processor.py:914} INFO - Processing file /home/airflow/.local/lib/python3.12/site-packages/airflow/example_dags/example_latest_only.py for tasks to queue
[2024-10-25T07:27:24.440+0000] {logging_mixin.py:190} INFO - [2024-10-25T07:27:24.439+0000] {dagbag.py:588} INFO - Filling up the DagBag from /home/airflow/.local/lib/python3.12/site-packages/airflow/example_dags/example_latest_only.py
[2024-10-25T07:27:24.446+0000] {processor.py:925} INFO - DAG(s) 'latest_only' retrieved from /home/airflow/.local/lib/python3.12/site-packages/airflow/example_dags/example_latest_only.py
[2024-10-25T07:27:24.470+0000] {logging_mixin.py:190} INFO - [2024-10-25T07:27:24.470+0000] {dag.py:3239} INFO - Sync 1 DAGs
[2024-10-25T07:27:24.492+0000] {logging_mixin.py:190} INFO - [2024-10-25T07:27:24.492+0000] {dag.py:4180} INFO - Setting next_dagrun for latest_only to 2024-10-25 00:00:00+00:00, run_after=2024-10-25 04:00:00+00:00
[2024-10-25T07:27:24.536+0000] {processor.py:208} INFO - Processing /home/airflow/.local/lib/python3.12/site-packages/airflow/example_dags/example_latest_only.py took 0.106 seconds
[2024-10-25T07:27:54.831+0000] {processor.py:186} INFO - Started process (PID=1857) to work on /home/airflow/.local/lib/python3.12/site-packages/airflow/example_dags/example_latest_only.py
[2024-10-25T07:27:54.834+0000] {processor.py:914} INFO - Processing file /home/airflow/.local/lib/python3.12/site-packages/airflow/example_dags/example_latest_only.py for tasks to queue
[2024-10-25T07:27:54.839+0000] {logging_mixin.py:190} INFO - [2024-10-25T07:27:54.838+0000] {dagbag.py:588} INFO - Filling up the DagBag from /home/airflow/.local/lib/python3.12/site-packages/airflow/example_dags/example_latest_only.py
[2024-10-25T07:27:54.847+0000] {processor.py:925} INFO - DAG(s) 'latest_only' retrieved from /home/airflow/.local/lib/python3.12/site-packages/airflow/example_dags/example_latest_only.py
[2024-10-25T07:27:54.869+0000] {logging_mixin.py:190} INFO - [2024-10-25T07:27:54.869+0000] {dag.py:3239} INFO - Sync 1 DAGs
[2024-10-25T07:27:54.890+0000] {logging_mixin.py:190} INFO - [2024-10-25T07:27:54.890+0000] {dag.py:4180} INFO - Setting next_dagrun for latest_only to 2024-10-25 00:00:00+00:00, run_after=2024-10-25 04:00:00+00:00
[2024-10-25T07:27:54.912+0000] {processor.py:208} INFO - Processing /home/airflow/.local/lib/python3.12/site-packages/airflow/example_dags/example_latest_only.py took 0.090 seconds
[2024-10-25T07:28:25.325+0000] {processor.py:186} INFO - Started process (PID=1926) to work on /home/airflow/.local/lib/python3.12/site-packages/airflow/example_dags/example_latest_only.py
[2024-10-25T07:28:25.326+0000] {processor.py:914} INFO - Processing file /home/airflow/.local/lib/python3.12/site-packages/airflow/example_dags/example_latest_only.py for tasks to queue
[2024-10-25T07:28:25.329+0000] {logging_mixin.py:190} INFO - [2024-10-25T07:28:25.329+0000] {dagbag.py:588} INFO - Filling up the DagBag from /home/airflow/.local/lib/python3.12/site-packages/airflow/example_dags/example_latest_only.py
[2024-10-25T07:28:25.339+0000] {processor.py:925} INFO - DAG(s) 'latest_only' retrieved from /home/airflow/.local/lib/python3.12/site-packages/airflow/example_dags/example_latest_only.py
[2024-10-25T07:28:25.365+0000] {logging_mixin.py:190} INFO - [2024-10-25T07:28:25.364+0000] {dag.py:3239} INFO - Sync 1 DAGs
[2024-10-25T07:28:25.401+0000] {logging_mixin.py:190} INFO - [2024-10-25T07:28:25.401+0000] {dag.py:4180} INFO - Setting next_dagrun for latest_only to 2024-10-25 00:00:00+00:00, run_after=2024-10-25 04:00:00+00:00
[2024-10-25T07:28:25.428+0000] {processor.py:208} INFO - Processing /home/airflow/.local/lib/python3.12/site-packages/airflow/example_dags/example_latest_only.py took 0.109 seconds
[2024-10-25T07:28:56.047+0000] {processor.py:186} INFO - Started process (PID=1995) to work on /home/airflow/.local/lib/python3.12/site-packages/airflow/example_dags/example_latest_only.py
[2024-10-25T07:28:56.049+0000] {processor.py:914} INFO - Processing file /home/airflow/.local/lib/python3.12/site-packages/airflow/example_dags/example_latest_only.py for tasks to queue
[2024-10-25T07:28:56.052+0000] {logging_mixin.py:190} INFO - [2024-10-25T07:28:56.051+0000] {dagbag.py:588} INFO - Filling up the DagBag from /home/airflow/.local/lib/python3.12/site-packages/airflow/example_dags/example_latest_only.py
[2024-10-25T07:28:56.059+0000] {processor.py:925} INFO - DAG(s) 'latest_only' retrieved from /home/airflow/.local/lib/python3.12/site-packages/airflow/example_dags/example_latest_only.py
[2024-10-25T07:28:56.082+0000] {logging_mixin.py:190} INFO - [2024-10-25T07:28:56.081+0000] {dag.py:3239} INFO - Sync 1 DAGs
[2024-10-25T07:28:56.103+0000] {logging_mixin.py:190} INFO - [2024-10-25T07:28:56.103+0000] {dag.py:4180} INFO - Setting next_dagrun for latest_only to 2024-10-25 00:00:00+00:00, run_after=2024-10-25 04:00:00+00:00
[2024-10-25T07:28:56.125+0000] {processor.py:208} INFO - Processing /home/airflow/.local/lib/python3.12/site-packages/airflow/example_dags/example_latest_only.py took 0.082 seconds
[2024-10-25T07:29:26.312+0000] {processor.py:186} INFO - Started process (PID=2064) to work on /home/airflow/.local/lib/python3.12/site-packages/airflow/example_dags/example_latest_only.py
[2024-10-25T07:29:26.314+0000] {processor.py:914} INFO - Processing file /home/airflow/.local/lib/python3.12/site-packages/airflow/example_dags/example_latest_only.py for tasks to queue
[2024-10-25T07:29:26.317+0000] {logging_mixin.py:190} INFO - [2024-10-25T07:29:26.317+0000] {dagbag.py:588} INFO - Filling up the DagBag from /home/airflow/.local/lib/python3.12/site-packages/airflow/example_dags/example_latest_only.py
[2024-10-25T07:29:26.328+0000] {processor.py:925} INFO - DAG(s) 'latest_only' retrieved from /home/airflow/.local/lib/python3.12/site-packages/airflow/example_dags/example_latest_only.py
[2024-10-25T07:29:26.383+0000] {logging_mixin.py:190} INFO - [2024-10-25T07:29:26.383+0000] {dag.py:3239} INFO - Sync 1 DAGs
[2024-10-25T07:29:26.403+0000] {logging_mixin.py:190} INFO - [2024-10-25T07:29:26.403+0000] {dag.py:4180} INFO - Setting next_dagrun for latest_only to 2024-10-25 00:00:00+00:00, run_after=2024-10-25 04:00:00+00:00
[2024-10-25T07:29:26.423+0000] {processor.py:208} INFO - Processing /home/airflow/.local/lib/python3.12/site-packages/airflow/example_dags/example_latest_only.py took 0.117 seconds
[2024-10-25T07:29:56.791+0000] {processor.py:186} INFO - Started process (PID=2138) to work on /home/airflow/.local/lib/python3.12/site-packages/airflow/example_dags/example_latest_only.py
[2024-10-25T07:29:56.792+0000] {processor.py:914} INFO - Processing file /home/airflow/.local/lib/python3.12/site-packages/airflow/example_dags/example_latest_only.py for tasks to queue
[2024-10-25T07:29:56.795+0000] {logging_mixin.py:190} INFO - [2024-10-25T07:29:56.795+0000] {dagbag.py:588} INFO - Filling up the DagBag from /home/airflow/.local/lib/python3.12/site-packages/airflow/example_dags/example_latest_only.py
[2024-10-25T07:29:56.801+0000] {processor.py:925} INFO - DAG(s) 'latest_only' retrieved from /home/airflow/.local/lib/python3.12/site-packages/airflow/example_dags/example_latest_only.py
[2024-10-25T07:29:56.825+0000] {logging_mixin.py:190} INFO - [2024-10-25T07:29:56.824+0000] {dag.py:3239} INFO - Sync 1 DAGs
[2024-10-25T07:29:56.847+0000] {logging_mixin.py:190} INFO - [2024-10-25T07:29:56.847+0000] {dag.py:4180} INFO - Setting next_dagrun for latest_only to 2024-10-25 00:00:00+00:00, run_after=2024-10-25 04:00:00+00:00
[2024-10-25T07:29:56.868+0000] {processor.py:208} INFO - Processing /home/airflow/.local/lib/python3.12/site-packages/airflow/example_dags/example_latest_only.py took 0.082 seconds
[2024-10-25T07:30:27.075+0000] {processor.py:186} INFO - Started process (PID=2206) to work on /home/airflow/.local/lib/python3.12/site-packages/airflow/example_dags/example_latest_only.py
[2024-10-25T07:30:27.076+0000] {processor.py:914} INFO - Processing file /home/airflow/.local/lib/python3.12/site-packages/airflow/example_dags/example_latest_only.py for tasks to queue
[2024-10-25T07:30:27.079+0000] {logging_mixin.py:190} INFO - [2024-10-25T07:30:27.078+0000] {dagbag.py:588} INFO - Filling up the DagBag from /home/airflow/.local/lib/python3.12/site-packages/airflow/example_dags/example_latest_only.py
[2024-10-25T07:30:27.086+0000] {processor.py:925} INFO - DAG(s) 'latest_only' retrieved from /home/airflow/.local/lib/python3.12/site-packages/airflow/example_dags/example_latest_only.py
[2024-10-25T07:30:27.108+0000] {logging_mixin.py:190} INFO - [2024-10-25T07:30:27.107+0000] {dag.py:3239} INFO - Sync 1 DAGs
[2024-10-25T07:30:27.129+0000] {logging_mixin.py:190} INFO - [2024-10-25T07:30:27.128+0000] {dag.py:4180} INFO - Setting next_dagrun for latest_only to 2024-10-25 00:00:00+00:00, run_after=2024-10-25 04:00:00+00:00
[2024-10-25T07:30:27.148+0000] {processor.py:208} INFO - Processing /home/airflow/.local/lib/python3.12/site-packages/airflow/example_dags/example_latest_only.py took 0.078 seconds
[2024-10-25T07:30:57.705+0000] {processor.py:186} INFO - Started process (PID=2275) to work on /home/airflow/.local/lib/python3.12/site-packages/airflow/example_dags/example_latest_only.py
[2024-10-25T07:30:57.706+0000] {processor.py:914} INFO - Processing file /home/airflow/.local/lib/python3.12/site-packages/airflow/example_dags/example_latest_only.py for tasks to queue
[2024-10-25T07:30:57.709+0000] {logging_mixin.py:190} INFO - [2024-10-25T07:30:57.709+0000] {dagbag.py:588} INFO - Filling up the DagBag from /home/airflow/.local/lib/python3.12/site-packages/airflow/example_dags/example_latest_only.py
[2024-10-25T07:30:57.720+0000] {processor.py:925} INFO - DAG(s) 'latest_only' retrieved from /home/airflow/.local/lib/python3.12/site-packages/airflow/example_dags/example_latest_only.py
[2024-10-25T07:30:57.744+0000] {logging_mixin.py:190} INFO - [2024-10-25T07:30:57.744+0000] {dag.py:3239} INFO - Sync 1 DAGs
[2024-10-25T07:30:57.766+0000] {logging_mixin.py:190} INFO - [2024-10-25T07:30:57.766+0000] {dag.py:4180} INFO - Setting next_dagrun for latest_only to 2024-10-25 00:00:00+00:00, run_after=2024-10-25 04:00:00+00:00
[2024-10-25T07:30:57.790+0000] {processor.py:208} INFO - Processing /home/airflow/.local/lib/python3.12/site-packages/airflow/example_dags/example_latest_only.py took 0.091 seconds
[2024-10-25T07:31:28.359+0000] {processor.py:186} INFO - Started process (PID=2344) to work on /home/airflow/.local/lib/python3.12/site-packages/airflow/example_dags/example_latest_only.py
[2024-10-25T07:31:28.360+0000] {processor.py:914} INFO - Processing file /home/airflow/.local/lib/python3.12/site-packages/airflow/example_dags/example_latest_only.py for tasks to queue
[2024-10-25T07:31:28.363+0000] {logging_mixin.py:190} INFO - [2024-10-25T07:31:28.363+0000] {dagbag.py:588} INFO - Filling up the DagBag from /home/airflow/.local/lib/python3.12/site-packages/airflow/example_dags/example_latest_only.py
[2024-10-25T07:31:28.371+0000] {processor.py:925} INFO - DAG(s) 'latest_only' retrieved from /home/airflow/.local/lib/python3.12/site-packages/airflow/example_dags/example_latest_only.py
[2024-10-25T07:31:28.397+0000] {logging_mixin.py:190} INFO - [2024-10-25T07:31:28.397+0000] {dag.py:3239} INFO - Sync 1 DAGs
[2024-10-25T07:31:28.425+0000] {logging_mixin.py:190} INFO - [2024-10-25T07:31:28.425+0000] {dag.py:4180} INFO - Setting next_dagrun for latest_only to 2024-10-25 00:00:00+00:00, run_after=2024-10-25 04:00:00+00:00
[2024-10-25T07:31:28.450+0000] {processor.py:208} INFO - Processing /home/airflow/.local/lib/python3.12/site-packages/airflow/example_dags/example_latest_only.py took 0.096 seconds
[2024-10-25T07:32:46.654+0000] {processor.py:186} INFO - Started process (PID=2429) to work on /home/airflow/.local/lib/python3.12/site-packages/airflow/example_dags/example_latest_only.py
[2024-10-25T07:32:46.657+0000] {processor.py:914} INFO - Processing file /home/airflow/.local/lib/python3.12/site-packages/airflow/example_dags/example_latest_only.py for tasks to queue
[2024-10-25T07:32:46.663+0000] {logging_mixin.py:190} INFO - [2024-10-25T07:32:46.662+0000] {dagbag.py:588} INFO - Filling up the DagBag from /home/airflow/.local/lib/python3.12/site-packages/airflow/example_dags/example_latest_only.py
[2024-10-25T07:32:46.680+0000] {processor.py:925} INFO - DAG(s) 'latest_only' retrieved from /home/airflow/.local/lib/python3.12/site-packages/airflow/example_dags/example_latest_only.py
[2024-10-25T07:32:46.725+0000] {logging_mixin.py:190} INFO - [2024-10-25T07:32:46.724+0000] {dag.py:3239} INFO - Sync 1 DAGs
[2024-10-25T07:32:46.780+0000] {logging_mixin.py:190} INFO - [2024-10-25T07:32:46.780+0000] {dag.py:4180} INFO - Setting next_dagrun for latest_only to 2024-10-25 00:00:00+00:00, run_after=2024-10-25 04:00:00+00:00
[2024-10-25T07:32:46.826+0000] {processor.py:208} INFO - Processing /home/airflow/.local/lib/python3.12/site-packages/airflow/example_dags/example_latest_only.py took 0.188 seconds
[2024-10-25T07:33:17.445+0000] {processor.py:186} INFO - Started process (PID=2498) to work on /home/airflow/.local/lib/python3.12/site-packages/airflow/example_dags/example_latest_only.py
[2024-10-25T07:33:17.447+0000] {processor.py:914} INFO - Processing file /home/airflow/.local/lib/python3.12/site-packages/airflow/example_dags/example_latest_only.py for tasks to queue
[2024-10-25T07:33:17.450+0000] {logging_mixin.py:190} INFO - [2024-10-25T07:33:17.450+0000] {dagbag.py:588} INFO - Filling up the DagBag from /home/airflow/.local/lib/python3.12/site-packages/airflow/example_dags/example_latest_only.py
[2024-10-25T07:33:17.465+0000] {processor.py:925} INFO - DAG(s) 'latest_only' retrieved from /home/airflow/.local/lib/python3.12/site-packages/airflow/example_dags/example_latest_only.py
[2024-10-25T07:33:17.493+0000] {logging_mixin.py:190} INFO - [2024-10-25T07:33:17.493+0000] {dag.py:3239} INFO - Sync 1 DAGs
[2024-10-25T07:33:17.771+0000] {logging_mixin.py:190} INFO - [2024-10-25T07:33:17.770+0000] {dag.py:4180} INFO - Setting next_dagrun for latest_only to 2024-10-25 00:00:00+00:00, run_after=2024-10-25 04:00:00+00:00
[2024-10-25T07:33:17.803+0000] {processor.py:208} INFO - Processing /home/airflow/.local/lib/python3.12/site-packages/airflow/example_dags/example_latest_only.py took 0.367 seconds
[2024-10-25T07:33:47.927+0000] {processor.py:186} INFO - Started process (PID=2567) to work on /home/airflow/.local/lib/python3.12/site-packages/airflow/example_dags/example_latest_only.py
[2024-10-25T07:33:47.929+0000] {processor.py:914} INFO - Processing file /home/airflow/.local/lib/python3.12/site-packages/airflow/example_dags/example_latest_only.py for tasks to queue
[2024-10-25T07:33:47.931+0000] {logging_mixin.py:190} INFO - [2024-10-25T07:33:47.931+0000] {dagbag.py:588} INFO - Filling up the DagBag from /home/airflow/.local/lib/python3.12/site-packages/airflow/example_dags/example_latest_only.py
[2024-10-25T07:33:47.944+0000] {processor.py:925} INFO - DAG(s) 'latest_only' retrieved from /home/airflow/.local/lib/python3.12/site-packages/airflow/example_dags/example_latest_only.py
[2024-10-25T07:33:47.965+0000] {logging_mixin.py:190} INFO - [2024-10-25T07:33:47.965+0000] {dag.py:3239} INFO - Sync 1 DAGs
[2024-10-25T07:33:48.167+0000] {logging_mixin.py:190} INFO - [2024-10-25T07:33:48.167+0000] {dag.py:4180} INFO - Setting next_dagrun for latest_only to 2024-10-25 00:00:00+00:00, run_after=2024-10-25 04:00:00+00:00
[2024-10-25T07:33:48.184+0000] {processor.py:208} INFO - Processing /home/airflow/.local/lib/python3.12/site-packages/airflow/example_dags/example_latest_only.py took 0.267 seconds
[2024-10-25T07:34:19.279+0000] {processor.py:186} INFO - Started process (PID=2636) to work on /home/airflow/.local/lib/python3.12/site-packages/airflow/example_dags/example_latest_only.py
[2024-10-25T07:34:19.281+0000] {processor.py:914} INFO - Processing file /home/airflow/.local/lib/python3.12/site-packages/airflow/example_dags/example_latest_only.py for tasks to queue
[2024-10-25T07:34:19.284+0000] {logging_mixin.py:190} INFO - [2024-10-25T07:34:19.283+0000] {dagbag.py:588} INFO - Filling up the DagBag from /home/airflow/.local/lib/python3.12/site-packages/airflow/example_dags/example_latest_only.py
[2024-10-25T07:34:19.297+0000] {processor.py:925} INFO - DAG(s) 'latest_only' retrieved from /home/airflow/.local/lib/python3.12/site-packages/airflow/example_dags/example_latest_only.py
[2024-10-25T07:34:19.319+0000] {logging_mixin.py:190} INFO - [2024-10-25T07:34:19.318+0000] {dag.py:3239} INFO - Sync 1 DAGs
[2024-10-25T07:34:19.341+0000] {logging_mixin.py:190} INFO - [2024-10-25T07:34:19.341+0000] {dag.py:4180} INFO - Setting next_dagrun for latest_only to 2024-10-25 00:00:00+00:00, run_after=2024-10-25 04:00:00+00:00
[2024-10-25T07:34:19.517+0000] {processor.py:208} INFO - Processing /home/airflow/.local/lib/python3.12/site-packages/airflow/example_dags/example_latest_only.py took 0.243 seconds
[2024-10-25T07:34:49.670+0000] {processor.py:186} INFO - Started process (PID=2705) to work on /home/airflow/.local/lib/python3.12/site-packages/airflow/example_dags/example_latest_only.py
[2024-10-25T07:34:49.672+0000] {processor.py:914} INFO - Processing file /home/airflow/.local/lib/python3.12/site-packages/airflow/example_dags/example_latest_only.py for tasks to queue
[2024-10-25T07:34:49.674+0000] {logging_mixin.py:190} INFO - [2024-10-25T07:34:49.674+0000] {dagbag.py:588} INFO - Filling up the DagBag from /home/airflow/.local/lib/python3.12/site-packages/airflow/example_dags/example_latest_only.py
[2024-10-25T07:34:49.684+0000] {processor.py:925} INFO - DAG(s) 'latest_only' retrieved from /home/airflow/.local/lib/python3.12/site-packages/airflow/example_dags/example_latest_only.py
[2024-10-25T07:34:49.712+0000] {logging_mixin.py:190} INFO - [2024-10-25T07:34:49.712+0000] {dag.py:3239} INFO - Sync 1 DAGs
[2024-10-25T07:34:49.747+0000] {logging_mixin.py:190} INFO - [2024-10-25T07:34:49.747+0000] {dag.py:4180} INFO - Setting next_dagrun for latest_only to 2024-10-25 00:00:00+00:00, run_after=2024-10-25 04:00:00+00:00
[2024-10-25T07:34:49.777+0000] {processor.py:208} INFO - Processing /home/airflow/.local/lib/python3.12/site-packages/airflow/example_dags/example_latest_only.py took 0.115 seconds
[2024-10-25T07:35:20.526+0000] {processor.py:186} INFO - Started process (PID=2774) to work on /home/airflow/.local/lib/python3.12/site-packages/airflow/example_dags/example_latest_only.py
[2024-10-25T07:35:20.527+0000] {processor.py:914} INFO - Processing file /home/airflow/.local/lib/python3.12/site-packages/airflow/example_dags/example_latest_only.py for tasks to queue
[2024-10-25T07:35:20.529+0000] {logging_mixin.py:190} INFO - [2024-10-25T07:35:20.528+0000] {dagbag.py:588} INFO - Filling up the DagBag from /home/airflow/.local/lib/python3.12/site-packages/airflow/example_dags/example_latest_only.py
[2024-10-25T07:35:20.536+0000] {processor.py:925} INFO - DAG(s) 'latest_only' retrieved from /home/airflow/.local/lib/python3.12/site-packages/airflow/example_dags/example_latest_only.py
[2024-10-25T07:35:20.558+0000] {logging_mixin.py:190} INFO - [2024-10-25T07:35:20.558+0000] {dag.py:3239} INFO - Sync 1 DAGs
[2024-10-25T07:35:20.580+0000] {logging_mixin.py:190} INFO - [2024-10-25T07:35:20.580+0000] {dag.py:4180} INFO - Setting next_dagrun for latest_only to 2024-10-25 00:00:00+00:00, run_after=2024-10-25 04:00:00+00:00
[2024-10-25T07:35:20.600+0000] {processor.py:208} INFO - Processing /home/airflow/.local/lib/python3.12/site-packages/airflow/example_dags/example_latest_only.py took 0.078 seconds
[2024-10-25T07:37:53.845+0000] {processor.py:186} INFO - Started process (PID=68) to work on /home/airflow/.local/lib/python3.12/site-packages/airflow/example_dags/example_latest_only.py
[2024-10-25T07:37:53.846+0000] {processor.py:914} INFO - Processing file /home/airflow/.local/lib/python3.12/site-packages/airflow/example_dags/example_latest_only.py for tasks to queue
[2024-10-25T07:37:53.852+0000] {logging_mixin.py:190} INFO - [2024-10-25T07:37:53.852+0000] {dagbag.py:588} INFO - Filling up the DagBag from /home/airflow/.local/lib/python3.12/site-packages/airflow/example_dags/example_latest_only.py
[2024-10-25T07:37:53.860+0000] {processor.py:925} INFO - DAG(s) 'latest_only' retrieved from /home/airflow/.local/lib/python3.12/site-packages/airflow/example_dags/example_latest_only.py
[2024-10-25T07:37:53.888+0000] {logging_mixin.py:190} INFO - [2024-10-25T07:37:53.887+0000] {dag.py:3239} INFO - Sync 1 DAGs
[2024-10-25T07:37:53.913+0000] {logging_mixin.py:190} INFO - [2024-10-25T07:37:53.913+0000] {dag.py:4180} INFO - Setting next_dagrun for latest_only to 2024-10-25 00:00:00+00:00, run_after=2024-10-25 04:00:00+00:00
[2024-10-25T07:37:53.947+0000] {processor.py:208} INFO - Processing /home/airflow/.local/lib/python3.12/site-packages/airflow/example_dags/example_latest_only.py took 0.107 seconds
[2024-10-25T07:38:25.064+0000] {processor.py:186} INFO - Started process (PID=138) to work on /home/airflow/.local/lib/python3.12/site-packages/airflow/example_dags/example_latest_only.py
[2024-10-25T07:38:25.066+0000] {processor.py:914} INFO - Processing file /home/airflow/.local/lib/python3.12/site-packages/airflow/example_dags/example_latest_only.py for tasks to queue
[2024-10-25T07:38:25.069+0000] {logging_mixin.py:190} INFO - [2024-10-25T07:38:25.069+0000] {dagbag.py:588} INFO - Filling up the DagBag from /home/airflow/.local/lib/python3.12/site-packages/airflow/example_dags/example_latest_only.py
[2024-10-25T07:38:25.081+0000] {processor.py:925} INFO - DAG(s) 'latest_only' retrieved from /home/airflow/.local/lib/python3.12/site-packages/airflow/example_dags/example_latest_only.py
[2024-10-25T07:38:25.134+0000] {logging_mixin.py:190} INFO - [2024-10-25T07:38:25.133+0000] {dag.py:3239} INFO - Sync 1 DAGs
[2024-10-25T07:38:25.212+0000] {logging_mixin.py:190} INFO - [2024-10-25T07:38:25.212+0000] {dag.py:4180} INFO - Setting next_dagrun for latest_only to 2024-10-25 00:00:00+00:00, run_after=2024-10-25 04:00:00+00:00
[2024-10-25T07:38:25.289+0000] {processor.py:208} INFO - Processing /home/airflow/.local/lib/python3.12/site-packages/airflow/example_dags/example_latest_only.py took 0.234 seconds
