[2024-10-25T07:15:15.403+0000] {processor.py:186} INFO - Started process (PID=183) to work on /home/airflow/.local/lib/python3.12/site-packages/airflow/example_dags/example_nested_branch_dag.py
[2024-10-25T07:15:15.408+0000] {processor.py:914} INFO - Processing file /home/airflow/.local/lib/python3.12/site-packages/airflow/example_dags/example_nested_branch_dag.py for tasks to queue
[2024-10-25T07:15:15.425+0000] {logging_mixin.py:190} INFO - [2024-10-25T07:15:15.424+0000] {dagbag.py:588} INFO - Filling up the DagBag from /home/airflow/.local/lib/python3.12/site-packages/airflow/example_dags/example_nested_branch_dag.py
[2024-10-25T07:15:15.523+0000] {processor.py:925} INFO - DAG(s) 'example_nested_branch_dag' retrieved from /home/airflow/.local/lib/python3.12/site-packages/airflow/example_dags/example_nested_branch_dag.py
[2024-10-25T07:15:15.981+0000] {logging_mixin.py:190} INFO - [2024-10-25T07:15:15.952+0000] {dag.py:3239} INFO - Sync 1 DAGs
[2024-10-25T07:15:17.524+0000] {logging_mixin.py:190} INFO - [2024-10-25T07:15:17.524+0000] {dag.py:4180} INFO - Setting next_dagrun for example_nested_branch_dag to 2024-10-24 00:00:00+00:00, run_after=2024-10-25 00:00:00+00:00
[2024-10-25T07:15:17.752+0000] {processor.py:208} INFO - Processing /home/airflow/.local/lib/python3.12/site-packages/airflow/example_dags/example_nested_branch_dag.py took 2.408 seconds
[2024-10-25T07:16:14.009+0000] {processor.py:186} INFO - Started process (PID=278) to work on /home/airflow/.local/lib/python3.12/site-packages/airflow/example_dags/example_nested_branch_dag.py
[2024-10-25T07:16:14.022+0000] {processor.py:914} INFO - Processing file /home/airflow/.local/lib/python3.12/site-packages/airflow/example_dags/example_nested_branch_dag.py for tasks to queue
[2024-10-25T07:16:14.159+0000] {logging_mixin.py:190} INFO - [2024-10-25T07:16:14.158+0000] {dagbag.py:588} INFO - Filling up the DagBag from /home/airflow/.local/lib/python3.12/site-packages/airflow/example_dags/example_nested_branch_dag.py
[2024-10-25T07:16:14.235+0000] {processor.py:925} INFO - DAG(s) 'example_nested_branch_dag' retrieved from /home/airflow/.local/lib/python3.12/site-packages/airflow/example_dags/example_nested_branch_dag.py
[2024-10-25T07:16:14.324+0000] {logging_mixin.py:190} INFO - [2024-10-25T07:16:14.324+0000] {dag.py:3239} INFO - Sync 1 DAGs
[2024-10-25T07:16:14.453+0000] {logging_mixin.py:190} INFO - [2024-10-25T07:16:14.452+0000] {dag.py:4180} INFO - Setting next_dagrun for example_nested_branch_dag to 2024-10-24 00:00:00+00:00, run_after=2024-10-25 00:00:00+00:00
[2024-10-25T07:16:14.534+0000] {processor.py:208} INFO - Processing /home/airflow/.local/lib/python3.12/site-packages/airflow/example_dags/example_nested_branch_dag.py took 0.459 seconds
[2024-10-25T07:16:44.822+0000] {processor.py:186} INFO - Started process (PID=347) to work on /home/airflow/.local/lib/python3.12/site-packages/airflow/example_dags/example_nested_branch_dag.py
[2024-10-25T07:16:44.825+0000] {processor.py:914} INFO - Processing file /home/airflow/.local/lib/python3.12/site-packages/airflow/example_dags/example_nested_branch_dag.py for tasks to queue
[2024-10-25T07:16:44.839+0000] {logging_mixin.py:190} INFO - [2024-10-25T07:16:44.838+0000] {dagbag.py:588} INFO - Filling up the DagBag from /home/airflow/.local/lib/python3.12/site-packages/airflow/example_dags/example_nested_branch_dag.py
[2024-10-25T07:16:44.859+0000] {processor.py:925} INFO - DAG(s) 'example_nested_branch_dag' retrieved from /home/airflow/.local/lib/python3.12/site-packages/airflow/example_dags/example_nested_branch_dag.py
[2024-10-25T07:16:44.901+0000] {logging_mixin.py:190} INFO - [2024-10-25T07:16:44.900+0000] {dag.py:3239} INFO - Sync 1 DAGs
[2024-10-25T07:16:44.946+0000] {logging_mixin.py:190} INFO - [2024-10-25T07:16:44.946+0000] {dag.py:4180} INFO - Setting next_dagrun for example_nested_branch_dag to 2024-10-24 00:00:00+00:00, run_after=2024-10-25 00:00:00+00:00
[2024-10-25T07:16:44.986+0000] {processor.py:208} INFO - Processing /home/airflow/.local/lib/python3.12/site-packages/airflow/example_dags/example_nested_branch_dag.py took 0.183 seconds
[2024-10-25T07:17:15.772+0000] {processor.py:186} INFO - Started process (PID=416) to work on /home/airflow/.local/lib/python3.12/site-packages/airflow/example_dags/example_nested_branch_dag.py
[2024-10-25T07:17:15.774+0000] {processor.py:914} INFO - Processing file /home/airflow/.local/lib/python3.12/site-packages/airflow/example_dags/example_nested_branch_dag.py for tasks to queue
[2024-10-25T07:17:15.778+0000] {logging_mixin.py:190} INFO - [2024-10-25T07:17:15.777+0000] {dagbag.py:588} INFO - Filling up the DagBag from /home/airflow/.local/lib/python3.12/site-packages/airflow/example_dags/example_nested_branch_dag.py
[2024-10-25T07:17:15.794+0000] {processor.py:925} INFO - DAG(s) 'example_nested_branch_dag' retrieved from /home/airflow/.local/lib/python3.12/site-packages/airflow/example_dags/example_nested_branch_dag.py
[2024-10-25T07:17:15.828+0000] {logging_mixin.py:190} INFO - [2024-10-25T07:17:15.827+0000] {dag.py:3239} INFO - Sync 1 DAGs
[2024-10-25T07:17:15.862+0000] {logging_mixin.py:190} INFO - [2024-10-25T07:17:15.862+0000] {dag.py:4180} INFO - Setting next_dagrun for example_nested_branch_dag to 2024-10-24 00:00:00+00:00, run_after=2024-10-25 00:00:00+00:00
[2024-10-25T07:17:15.895+0000] {processor.py:208} INFO - Processing /home/airflow/.local/lib/python3.12/site-packages/airflow/example_dags/example_nested_branch_dag.py took 0.131 seconds
[2024-10-25T07:17:46.924+0000] {processor.py:186} INFO - Started process (PID=486) to work on /home/airflow/.local/lib/python3.12/site-packages/airflow/example_dags/example_nested_branch_dag.py
[2024-10-25T07:17:46.927+0000] {processor.py:914} INFO - Processing file /home/airflow/.local/lib/python3.12/site-packages/airflow/example_dags/example_nested_branch_dag.py for tasks to queue
[2024-10-25T07:17:46.933+0000] {logging_mixin.py:190} INFO - [2024-10-25T07:17:46.932+0000] {dagbag.py:588} INFO - Filling up the DagBag from /home/airflow/.local/lib/python3.12/site-packages/airflow/example_dags/example_nested_branch_dag.py
[2024-10-25T07:17:46.955+0000] {processor.py:925} INFO - DAG(s) 'example_nested_branch_dag' retrieved from /home/airflow/.local/lib/python3.12/site-packages/airflow/example_dags/example_nested_branch_dag.py
[2024-10-25T07:17:46.986+0000] {logging_mixin.py:190} INFO - [2024-10-25T07:17:46.986+0000] {dag.py:3239} INFO - Sync 1 DAGs
[2024-10-25T07:17:47.026+0000] {logging_mixin.py:190} INFO - [2024-10-25T07:17:47.025+0000] {dag.py:4180} INFO - Setting next_dagrun for example_nested_branch_dag to 2024-10-24 00:00:00+00:00, run_after=2024-10-25 00:00:00+00:00
[2024-10-25T07:17:47.066+0000] {processor.py:208} INFO - Processing /home/airflow/.local/lib/python3.12/site-packages/airflow/example_dags/example_nested_branch_dag.py took 0.154 seconds
[2024-10-25T07:18:17.873+0000] {processor.py:186} INFO - Started process (PID=555) to work on /home/airflow/.local/lib/python3.12/site-packages/airflow/example_dags/example_nested_branch_dag.py
[2024-10-25T07:18:17.875+0000] {processor.py:914} INFO - Processing file /home/airflow/.local/lib/python3.12/site-packages/airflow/example_dags/example_nested_branch_dag.py for tasks to queue
[2024-10-25T07:18:17.880+0000] {logging_mixin.py:190} INFO - [2024-10-25T07:18:17.879+0000] {dagbag.py:588} INFO - Filling up the DagBag from /home/airflow/.local/lib/python3.12/site-packages/airflow/example_dags/example_nested_branch_dag.py
[2024-10-25T07:18:17.900+0000] {processor.py:925} INFO - DAG(s) 'example_nested_branch_dag' retrieved from /home/airflow/.local/lib/python3.12/site-packages/airflow/example_dags/example_nested_branch_dag.py
[2024-10-25T07:18:17.941+0000] {logging_mixin.py:190} INFO - [2024-10-25T07:18:17.940+0000] {dag.py:3239} INFO - Sync 1 DAGs
[2024-10-25T07:18:17.979+0000] {logging_mixin.py:190} INFO - [2024-10-25T07:18:17.978+0000] {dag.py:4180} INFO - Setting next_dagrun for example_nested_branch_dag to 2024-10-24 00:00:00+00:00, run_after=2024-10-25 00:00:00+00:00
[2024-10-25T07:18:18.021+0000] {processor.py:208} INFO - Processing /home/airflow/.local/lib/python3.12/site-packages/airflow/example_dags/example_nested_branch_dag.py took 0.156 seconds
[2024-10-25T07:18:48.297+0000] {processor.py:186} INFO - Started process (PID=623) to work on /home/airflow/.local/lib/python3.12/site-packages/airflow/example_dags/example_nested_branch_dag.py
[2024-10-25T07:18:48.299+0000] {processor.py:914} INFO - Processing file /home/airflow/.local/lib/python3.12/site-packages/airflow/example_dags/example_nested_branch_dag.py for tasks to queue
[2024-10-25T07:18:48.303+0000] {logging_mixin.py:190} INFO - [2024-10-25T07:18:48.303+0000] {dagbag.py:588} INFO - Filling up the DagBag from /home/airflow/.local/lib/python3.12/site-packages/airflow/example_dags/example_nested_branch_dag.py
[2024-10-25T07:18:48.320+0000] {processor.py:925} INFO - DAG(s) 'example_nested_branch_dag' retrieved from /home/airflow/.local/lib/python3.12/site-packages/airflow/example_dags/example_nested_branch_dag.py
[2024-10-25T07:18:48.352+0000] {logging_mixin.py:190} INFO - [2024-10-25T07:18:48.352+0000] {dag.py:3239} INFO - Sync 1 DAGs
[2024-10-25T07:18:48.391+0000] {logging_mixin.py:190} INFO - [2024-10-25T07:18:48.391+0000] {dag.py:4180} INFO - Setting next_dagrun for example_nested_branch_dag to 2024-10-24 00:00:00+00:00, run_after=2024-10-25 00:00:00+00:00
[2024-10-25T07:18:48.430+0000] {processor.py:208} INFO - Processing /home/airflow/.local/lib/python3.12/site-packages/airflow/example_dags/example_nested_branch_dag.py took 0.145 seconds
[2024-10-25T07:19:18.957+0000] {processor.py:186} INFO - Started process (PID=692) to work on /home/airflow/.local/lib/python3.12/site-packages/airflow/example_dags/example_nested_branch_dag.py
[2024-10-25T07:19:18.958+0000] {processor.py:914} INFO - Processing file /home/airflow/.local/lib/python3.12/site-packages/airflow/example_dags/example_nested_branch_dag.py for tasks to queue
[2024-10-25T07:19:18.962+0000] {logging_mixin.py:190} INFO - [2024-10-25T07:19:18.962+0000] {dagbag.py:588} INFO - Filling up the DagBag from /home/airflow/.local/lib/python3.12/site-packages/airflow/example_dags/example_nested_branch_dag.py
[2024-10-25T07:19:18.981+0000] {processor.py:925} INFO - DAG(s) 'example_nested_branch_dag' retrieved from /home/airflow/.local/lib/python3.12/site-packages/airflow/example_dags/example_nested_branch_dag.py
[2024-10-25T07:19:19.014+0000] {logging_mixin.py:190} INFO - [2024-10-25T07:19:19.013+0000] {dag.py:3239} INFO - Sync 1 DAGs
[2024-10-25T07:19:19.049+0000] {logging_mixin.py:190} INFO - [2024-10-25T07:19:19.049+0000] {dag.py:4180} INFO - Setting next_dagrun for example_nested_branch_dag to 2024-10-24 00:00:00+00:00, run_after=2024-10-25 00:00:00+00:00
[2024-10-25T07:19:19.077+0000] {processor.py:208} INFO - Processing /home/airflow/.local/lib/python3.12/site-packages/airflow/example_dags/example_nested_branch_dag.py took 0.127 seconds
[2024-10-25T07:19:49.552+0000] {processor.py:186} INFO - Started process (PID=761) to work on /home/airflow/.local/lib/python3.12/site-packages/airflow/example_dags/example_nested_branch_dag.py
[2024-10-25T07:19:49.553+0000] {processor.py:914} INFO - Processing file /home/airflow/.local/lib/python3.12/site-packages/airflow/example_dags/example_nested_branch_dag.py for tasks to queue
[2024-10-25T07:19:49.557+0000] {logging_mixin.py:190} INFO - [2024-10-25T07:19:49.556+0000] {dagbag.py:588} INFO - Filling up the DagBag from /home/airflow/.local/lib/python3.12/site-packages/airflow/example_dags/example_nested_branch_dag.py
[2024-10-25T07:19:49.567+0000] {processor.py:925} INFO - DAG(s) 'example_nested_branch_dag' retrieved from /home/airflow/.local/lib/python3.12/site-packages/airflow/example_dags/example_nested_branch_dag.py
[2024-10-25T07:19:49.591+0000] {logging_mixin.py:190} INFO - [2024-10-25T07:19:49.591+0000] {dag.py:3239} INFO - Sync 1 DAGs
[2024-10-25T07:19:49.614+0000] {logging_mixin.py:190} INFO - [2024-10-25T07:19:49.614+0000] {dag.py:4180} INFO - Setting next_dagrun for example_nested_branch_dag to 2024-10-24 00:00:00+00:00, run_after=2024-10-25 00:00:00+00:00
[2024-10-25T07:19:49.635+0000] {processor.py:208} INFO - Processing /home/airflow/.local/lib/python3.12/site-packages/airflow/example_dags/example_nested_branch_dag.py took 0.088 seconds
[2024-10-25T07:20:20.308+0000] {processor.py:186} INFO - Started process (PID=829) to work on /home/airflow/.local/lib/python3.12/site-packages/airflow/example_dags/example_nested_branch_dag.py
[2024-10-25T07:20:20.310+0000] {processor.py:914} INFO - Processing file /home/airflow/.local/lib/python3.12/site-packages/airflow/example_dags/example_nested_branch_dag.py for tasks to queue
[2024-10-25T07:20:20.315+0000] {logging_mixin.py:190} INFO - [2024-10-25T07:20:20.314+0000] {dagbag.py:588} INFO - Filling up the DagBag from /home/airflow/.local/lib/python3.12/site-packages/airflow/example_dags/example_nested_branch_dag.py
[2024-10-25T07:20:20.335+0000] {processor.py:925} INFO - DAG(s) 'example_nested_branch_dag' retrieved from /home/airflow/.local/lib/python3.12/site-packages/airflow/example_dags/example_nested_branch_dag.py
[2024-10-25T07:20:20.372+0000] {logging_mixin.py:190} INFO - [2024-10-25T07:20:20.372+0000] {dag.py:3239} INFO - Sync 1 DAGs
[2024-10-25T07:20:20.417+0000] {logging_mixin.py:190} INFO - [2024-10-25T07:20:20.416+0000] {dag.py:4180} INFO - Setting next_dagrun for example_nested_branch_dag to 2024-10-24 00:00:00+00:00, run_after=2024-10-25 00:00:00+00:00
[2024-10-25T07:20:20.450+0000] {processor.py:208} INFO - Processing /home/airflow/.local/lib/python3.12/site-packages/airflow/example_dags/example_nested_branch_dag.py took 0.150 seconds
[2024-10-25T07:20:51.002+0000] {processor.py:186} INFO - Started process (PID=898) to work on /home/airflow/.local/lib/python3.12/site-packages/airflow/example_dags/example_nested_branch_dag.py
[2024-10-25T07:20:51.003+0000] {processor.py:914} INFO - Processing file /home/airflow/.local/lib/python3.12/site-packages/airflow/example_dags/example_nested_branch_dag.py for tasks to queue
[2024-10-25T07:20:51.008+0000] {logging_mixin.py:190} INFO - [2024-10-25T07:20:51.007+0000] {dagbag.py:588} INFO - Filling up the DagBag from /home/airflow/.local/lib/python3.12/site-packages/airflow/example_dags/example_nested_branch_dag.py
[2024-10-25T07:20:51.017+0000] {processor.py:925} INFO - DAG(s) 'example_nested_branch_dag' retrieved from /home/airflow/.local/lib/python3.12/site-packages/airflow/example_dags/example_nested_branch_dag.py
[2024-10-25T07:20:51.039+0000] {logging_mixin.py:190} INFO - [2024-10-25T07:20:51.038+0000] {dag.py:3239} INFO - Sync 1 DAGs
[2024-10-25T07:20:51.061+0000] {logging_mixin.py:190} INFO - [2024-10-25T07:20:51.061+0000] {dag.py:4180} INFO - Setting next_dagrun for example_nested_branch_dag to 2024-10-24 00:00:00+00:00, run_after=2024-10-25 00:00:00+00:00
[2024-10-25T07:20:51.082+0000] {processor.py:208} INFO - Processing /home/airflow/.local/lib/python3.12/site-packages/airflow/example_dags/example_nested_branch_dag.py took 0.085 seconds
[2024-10-25T07:21:21.299+0000] {processor.py:186} INFO - Started process (PID=967) to work on /home/airflow/.local/lib/python3.12/site-packages/airflow/example_dags/example_nested_branch_dag.py
[2024-10-25T07:21:21.301+0000] {processor.py:914} INFO - Processing file /home/airflow/.local/lib/python3.12/site-packages/airflow/example_dags/example_nested_branch_dag.py for tasks to queue
[2024-10-25T07:21:21.304+0000] {logging_mixin.py:190} INFO - [2024-10-25T07:21:21.304+0000] {dagbag.py:588} INFO - Filling up the DagBag from /home/airflow/.local/lib/python3.12/site-packages/airflow/example_dags/example_nested_branch_dag.py
[2024-10-25T07:21:21.314+0000] {processor.py:925} INFO - DAG(s) 'example_nested_branch_dag' retrieved from /home/airflow/.local/lib/python3.12/site-packages/airflow/example_dags/example_nested_branch_dag.py
[2024-10-25T07:21:21.335+0000] {logging_mixin.py:190} INFO - [2024-10-25T07:21:21.335+0000] {dag.py:3239} INFO - Sync 1 DAGs
[2024-10-25T07:21:21.354+0000] {logging_mixin.py:190} INFO - [2024-10-25T07:21:21.353+0000] {dag.py:4180} INFO - Setting next_dagrun for example_nested_branch_dag to 2024-10-24 00:00:00+00:00, run_after=2024-10-25 00:00:00+00:00
[2024-10-25T07:21:21.371+0000] {processor.py:208} INFO - Processing /home/airflow/.local/lib/python3.12/site-packages/airflow/example_dags/example_nested_branch_dag.py took 0.077 seconds
[2024-10-25T07:21:51.677+0000] {processor.py:186} INFO - Started process (PID=1036) to work on /home/airflow/.local/lib/python3.12/site-packages/airflow/example_dags/example_nested_branch_dag.py
[2024-10-25T07:21:51.678+0000] {processor.py:914} INFO - Processing file /home/airflow/.local/lib/python3.12/site-packages/airflow/example_dags/example_nested_branch_dag.py for tasks to queue
[2024-10-25T07:21:51.681+0000] {logging_mixin.py:190} INFO - [2024-10-25T07:21:51.680+0000] {dagbag.py:588} INFO - Filling up the DagBag from /home/airflow/.local/lib/python3.12/site-packages/airflow/example_dags/example_nested_branch_dag.py
[2024-10-25T07:21:51.690+0000] {processor.py:925} INFO - DAG(s) 'example_nested_branch_dag' retrieved from /home/airflow/.local/lib/python3.12/site-packages/airflow/example_dags/example_nested_branch_dag.py
[2024-10-25T07:21:51.713+0000] {logging_mixin.py:190} INFO - [2024-10-25T07:21:51.713+0000] {dag.py:3239} INFO - Sync 1 DAGs
[2024-10-25T07:21:51.736+0000] {logging_mixin.py:190} INFO - [2024-10-25T07:21:51.736+0000] {dag.py:4180} INFO - Setting next_dagrun for example_nested_branch_dag to 2024-10-24 00:00:00+00:00, run_after=2024-10-25 00:00:00+00:00
[2024-10-25T07:21:51.757+0000] {processor.py:208} INFO - Processing /home/airflow/.local/lib/python3.12/site-packages/airflow/example_dags/example_nested_branch_dag.py took 0.085 seconds
[2024-10-25T07:22:22.370+0000] {processor.py:186} INFO - Started process (PID=1105) to work on /home/airflow/.local/lib/python3.12/site-packages/airflow/example_dags/example_nested_branch_dag.py
[2024-10-25T07:22:22.371+0000] {processor.py:914} INFO - Processing file /home/airflow/.local/lib/python3.12/site-packages/airflow/example_dags/example_nested_branch_dag.py for tasks to queue
[2024-10-25T07:22:22.373+0000] {logging_mixin.py:190} INFO - [2024-10-25T07:22:22.373+0000] {dagbag.py:588} INFO - Filling up the DagBag from /home/airflow/.local/lib/python3.12/site-packages/airflow/example_dags/example_nested_branch_dag.py
[2024-10-25T07:22:22.384+0000] {processor.py:925} INFO - DAG(s) 'example_nested_branch_dag' retrieved from /home/airflow/.local/lib/python3.12/site-packages/airflow/example_dags/example_nested_branch_dag.py
[2024-10-25T07:22:22.404+0000] {logging_mixin.py:190} INFO - [2024-10-25T07:22:22.404+0000] {dag.py:3239} INFO - Sync 1 DAGs
[2024-10-25T07:22:22.426+0000] {logging_mixin.py:190} INFO - [2024-10-25T07:22:22.425+0000] {dag.py:4180} INFO - Setting next_dagrun for example_nested_branch_dag to 2024-10-24 00:00:00+00:00, run_after=2024-10-25 00:00:00+00:00
[2024-10-25T07:22:22.446+0000] {processor.py:208} INFO - Processing /home/airflow/.local/lib/python3.12/site-packages/airflow/example_dags/example_nested_branch_dag.py took 0.081 seconds
[2024-10-25T07:22:52.922+0000] {processor.py:186} INFO - Started process (PID=1174) to work on /home/airflow/.local/lib/python3.12/site-packages/airflow/example_dags/example_nested_branch_dag.py
[2024-10-25T07:22:52.923+0000] {processor.py:914} INFO - Processing file /home/airflow/.local/lib/python3.12/site-packages/airflow/example_dags/example_nested_branch_dag.py for tasks to queue
[2024-10-25T07:22:52.926+0000] {logging_mixin.py:190} INFO - [2024-10-25T07:22:52.925+0000] {dagbag.py:588} INFO - Filling up the DagBag from /home/airflow/.local/lib/python3.12/site-packages/airflow/example_dags/example_nested_branch_dag.py
[2024-10-25T07:22:52.939+0000] {processor.py:925} INFO - DAG(s) 'example_nested_branch_dag' retrieved from /home/airflow/.local/lib/python3.12/site-packages/airflow/example_dags/example_nested_branch_dag.py
[2024-10-25T07:22:52.967+0000] {logging_mixin.py:190} INFO - [2024-10-25T07:22:52.966+0000] {dag.py:3239} INFO - Sync 1 DAGs
[2024-10-25T07:22:52.990+0000] {logging_mixin.py:190} INFO - [2024-10-25T07:22:52.990+0000] {dag.py:4180} INFO - Setting next_dagrun for example_nested_branch_dag to 2024-10-24 00:00:00+00:00, run_after=2024-10-25 00:00:00+00:00
[2024-10-25T07:22:53.013+0000] {processor.py:208} INFO - Processing /home/airflow/.local/lib/python3.12/site-packages/airflow/example_dags/example_nested_branch_dag.py took 0.098 seconds
[2024-10-25T07:23:23.257+0000] {processor.py:186} INFO - Started process (PID=1243) to work on /home/airflow/.local/lib/python3.12/site-packages/airflow/example_dags/example_nested_branch_dag.py
[2024-10-25T07:23:23.260+0000] {processor.py:914} INFO - Processing file /home/airflow/.local/lib/python3.12/site-packages/airflow/example_dags/example_nested_branch_dag.py for tasks to queue
[2024-10-25T07:23:23.263+0000] {logging_mixin.py:190} INFO - [2024-10-25T07:23:23.262+0000] {dagbag.py:588} INFO - Filling up the DagBag from /home/airflow/.local/lib/python3.12/site-packages/airflow/example_dags/example_nested_branch_dag.py
[2024-10-25T07:23:23.278+0000] {processor.py:925} INFO - DAG(s) 'example_nested_branch_dag' retrieved from /home/airflow/.local/lib/python3.12/site-packages/airflow/example_dags/example_nested_branch_dag.py
[2024-10-25T07:23:23.306+0000] {logging_mixin.py:190} INFO - [2024-10-25T07:23:23.306+0000] {dag.py:3239} INFO - Sync 1 DAGs
[2024-10-25T07:23:23.343+0000] {logging_mixin.py:190} INFO - [2024-10-25T07:23:23.342+0000] {dag.py:4180} INFO - Setting next_dagrun for example_nested_branch_dag to 2024-10-24 00:00:00+00:00, run_after=2024-10-25 00:00:00+00:00
[2024-10-25T07:23:23.377+0000] {processor.py:208} INFO - Processing /home/airflow/.local/lib/python3.12/site-packages/airflow/example_dags/example_nested_branch_dag.py took 0.126 seconds
[2024-10-25T07:23:53.876+0000] {processor.py:186} INFO - Started process (PID=1312) to work on /home/airflow/.local/lib/python3.12/site-packages/airflow/example_dags/example_nested_branch_dag.py
[2024-10-25T07:23:53.878+0000] {processor.py:914} INFO - Processing file /home/airflow/.local/lib/python3.12/site-packages/airflow/example_dags/example_nested_branch_dag.py for tasks to queue
[2024-10-25T07:23:53.882+0000] {logging_mixin.py:190} INFO - [2024-10-25T07:23:53.881+0000] {dagbag.py:588} INFO - Filling up the DagBag from /home/airflow/.local/lib/python3.12/site-packages/airflow/example_dags/example_nested_branch_dag.py
[2024-10-25T07:23:53.894+0000] {processor.py:925} INFO - DAG(s) 'example_nested_branch_dag' retrieved from /home/airflow/.local/lib/python3.12/site-packages/airflow/example_dags/example_nested_branch_dag.py
[2024-10-25T07:23:53.922+0000] {logging_mixin.py:190} INFO - [2024-10-25T07:23:53.921+0000] {dag.py:3239} INFO - Sync 1 DAGs
[2024-10-25T07:23:53.963+0000] {logging_mixin.py:190} INFO - [2024-10-25T07:23:53.962+0000] {dag.py:4180} INFO - Setting next_dagrun for example_nested_branch_dag to 2024-10-24 00:00:00+00:00, run_after=2024-10-25 00:00:00+00:00
[2024-10-25T07:23:54.039+0000] {processor.py:208} INFO - Processing /home/airflow/.local/lib/python3.12/site-packages/airflow/example_dags/example_nested_branch_dag.py took 0.171 seconds
[2024-10-25T07:24:24.332+0000] {processor.py:186} INFO - Started process (PID=1381) to work on /home/airflow/.local/lib/python3.12/site-packages/airflow/example_dags/example_nested_branch_dag.py
[2024-10-25T07:24:24.334+0000] {processor.py:914} INFO - Processing file /home/airflow/.local/lib/python3.12/site-packages/airflow/example_dags/example_nested_branch_dag.py for tasks to queue
[2024-10-25T07:24:24.337+0000] {logging_mixin.py:190} INFO - [2024-10-25T07:24:24.337+0000] {dagbag.py:588} INFO - Filling up the DagBag from /home/airflow/.local/lib/python3.12/site-packages/airflow/example_dags/example_nested_branch_dag.py
[2024-10-25T07:24:24.350+0000] {processor.py:925} INFO - DAG(s) 'example_nested_branch_dag' retrieved from /home/airflow/.local/lib/python3.12/site-packages/airflow/example_dags/example_nested_branch_dag.py
[2024-10-25T07:24:24.376+0000] {logging_mixin.py:190} INFO - [2024-10-25T07:24:24.376+0000] {dag.py:3239} INFO - Sync 1 DAGs
[2024-10-25T07:24:24.404+0000] {logging_mixin.py:190} INFO - [2024-10-25T07:24:24.404+0000] {dag.py:4180} INFO - Setting next_dagrun for example_nested_branch_dag to 2024-10-24 00:00:00+00:00, run_after=2024-10-25 00:00:00+00:00
[2024-10-25T07:24:24.434+0000] {processor.py:208} INFO - Processing /home/airflow/.local/lib/python3.12/site-packages/airflow/example_dags/example_nested_branch_dag.py took 0.108 seconds
[2024-10-25T07:24:54.642+0000] {processor.py:186} INFO - Started process (PID=1450) to work on /home/airflow/.local/lib/python3.12/site-packages/airflow/example_dags/example_nested_branch_dag.py
[2024-10-25T07:24:54.644+0000] {processor.py:914} INFO - Processing file /home/airflow/.local/lib/python3.12/site-packages/airflow/example_dags/example_nested_branch_dag.py for tasks to queue
[2024-10-25T07:24:54.646+0000] {logging_mixin.py:190} INFO - [2024-10-25T07:24:54.646+0000] {dagbag.py:588} INFO - Filling up the DagBag from /home/airflow/.local/lib/python3.12/site-packages/airflow/example_dags/example_nested_branch_dag.py
[2024-10-25T07:24:54.657+0000] {processor.py:925} INFO - DAG(s) 'example_nested_branch_dag' retrieved from /home/airflow/.local/lib/python3.12/site-packages/airflow/example_dags/example_nested_branch_dag.py
[2024-10-25T07:24:54.678+0000] {logging_mixin.py:190} INFO - [2024-10-25T07:24:54.678+0000] {dag.py:3239} INFO - Sync 1 DAGs
[2024-10-25T07:24:54.697+0000] {logging_mixin.py:190} INFO - [2024-10-25T07:24:54.697+0000] {dag.py:4180} INFO - Setting next_dagrun for example_nested_branch_dag to 2024-10-24 00:00:00+00:00, run_after=2024-10-25 00:00:00+00:00
[2024-10-25T07:24:54.804+0000] {processor.py:208} INFO - Processing /home/airflow/.local/lib/python3.12/site-packages/airflow/example_dags/example_nested_branch_dag.py took 0.166 seconds
[2024-10-25T07:25:25.250+0000] {processor.py:186} INFO - Started process (PID=1519) to work on /home/airflow/.local/lib/python3.12/site-packages/airflow/example_dags/example_nested_branch_dag.py
[2024-10-25T07:25:25.252+0000] {processor.py:914} INFO - Processing file /home/airflow/.local/lib/python3.12/site-packages/airflow/example_dags/example_nested_branch_dag.py for tasks to queue
[2024-10-25T07:25:25.256+0000] {logging_mixin.py:190} INFO - [2024-10-25T07:25:25.256+0000] {dagbag.py:588} INFO - Filling up the DagBag from /home/airflow/.local/lib/python3.12/site-packages/airflow/example_dags/example_nested_branch_dag.py
[2024-10-25T07:25:25.269+0000] {processor.py:925} INFO - DAG(s) 'example_nested_branch_dag' retrieved from /home/airflow/.local/lib/python3.12/site-packages/airflow/example_dags/example_nested_branch_dag.py
[2024-10-25T07:25:25.296+0000] {logging_mixin.py:190} INFO - [2024-10-25T07:25:25.295+0000] {dag.py:3239} INFO - Sync 1 DAGs
[2024-10-25T07:25:25.326+0000] {logging_mixin.py:190} INFO - [2024-10-25T07:25:25.325+0000] {dag.py:4180} INFO - Setting next_dagrun for example_nested_branch_dag to 2024-10-24 00:00:00+00:00, run_after=2024-10-25 00:00:00+00:00
[2024-10-25T07:25:25.353+0000] {processor.py:208} INFO - Processing /home/airflow/.local/lib/python3.12/site-packages/airflow/example_dags/example_nested_branch_dag.py took 0.110 seconds
[2024-10-25T07:25:56.910+0000] {processor.py:186} INFO - Started process (PID=1594) to work on /home/airflow/.local/lib/python3.12/site-packages/airflow/example_dags/example_nested_branch_dag.py
[2024-10-25T07:25:56.917+0000] {processor.py:914} INFO - Processing file /home/airflow/.local/lib/python3.12/site-packages/airflow/example_dags/example_nested_branch_dag.py for tasks to queue
[2024-10-25T07:25:56.927+0000] {logging_mixin.py:190} INFO - [2024-10-25T07:25:56.925+0000] {dagbag.py:588} INFO - Filling up the DagBag from /home/airflow/.local/lib/python3.12/site-packages/airflow/example_dags/example_nested_branch_dag.py
[2024-10-25T07:25:56.959+0000] {processor.py:925} INFO - DAG(s) 'example_nested_branch_dag' retrieved from /home/airflow/.local/lib/python3.12/site-packages/airflow/example_dags/example_nested_branch_dag.py
[2024-10-25T07:25:57.027+0000] {logging_mixin.py:190} INFO - [2024-10-25T07:25:57.027+0000] {dag.py:3239} INFO - Sync 1 DAGs
[2024-10-25T07:25:57.104+0000] {logging_mixin.py:190} INFO - [2024-10-25T07:25:57.104+0000] {dag.py:4180} INFO - Setting next_dagrun for example_nested_branch_dag to 2024-10-24 00:00:00+00:00, run_after=2024-10-25 00:00:00+00:00
[2024-10-25T07:25:57.158+0000] {processor.py:208} INFO - Processing /home/airflow/.local/lib/python3.12/site-packages/airflow/example_dags/example_nested_branch_dag.py took 0.288 seconds
[2024-10-25T07:26:27.482+0000] {processor.py:186} INFO - Started process (PID=1664) to work on /home/airflow/.local/lib/python3.12/site-packages/airflow/example_dags/example_nested_branch_dag.py
[2024-10-25T07:26:27.484+0000] {processor.py:914} INFO - Processing file /home/airflow/.local/lib/python3.12/site-packages/airflow/example_dags/example_nested_branch_dag.py for tasks to queue
[2024-10-25T07:26:27.486+0000] {logging_mixin.py:190} INFO - [2024-10-25T07:26:27.486+0000] {dagbag.py:588} INFO - Filling up the DagBag from /home/airflow/.local/lib/python3.12/site-packages/airflow/example_dags/example_nested_branch_dag.py
[2024-10-25T07:26:27.497+0000] {processor.py:925} INFO - DAG(s) 'example_nested_branch_dag' retrieved from /home/airflow/.local/lib/python3.12/site-packages/airflow/example_dags/example_nested_branch_dag.py
[2024-10-25T07:26:27.518+0000] {logging_mixin.py:190} INFO - [2024-10-25T07:26:27.517+0000] {dag.py:3239} INFO - Sync 1 DAGs
[2024-10-25T07:26:27.539+0000] {logging_mixin.py:190} INFO - [2024-10-25T07:26:27.539+0000] {dag.py:4180} INFO - Setting next_dagrun for example_nested_branch_dag to 2024-10-24 00:00:00+00:00, run_after=2024-10-25 00:00:00+00:00
[2024-10-25T07:26:27.560+0000] {processor.py:208} INFO - Processing /home/airflow/.local/lib/python3.12/site-packages/airflow/example_dags/example_nested_branch_dag.py took 0.083 seconds
[2024-10-25T07:26:57.931+0000] {processor.py:186} INFO - Started process (PID=1733) to work on /home/airflow/.local/lib/python3.12/site-packages/airflow/example_dags/example_nested_branch_dag.py
[2024-10-25T07:26:57.933+0000] {processor.py:914} INFO - Processing file /home/airflow/.local/lib/python3.12/site-packages/airflow/example_dags/example_nested_branch_dag.py for tasks to queue
[2024-10-25T07:26:57.936+0000] {logging_mixin.py:190} INFO - [2024-10-25T07:26:57.936+0000] {dagbag.py:588} INFO - Filling up the DagBag from /home/airflow/.local/lib/python3.12/site-packages/airflow/example_dags/example_nested_branch_dag.py
[2024-10-25T07:26:57.947+0000] {processor.py:925} INFO - DAG(s) 'example_nested_branch_dag' retrieved from /home/airflow/.local/lib/python3.12/site-packages/airflow/example_dags/example_nested_branch_dag.py
[2024-10-25T07:26:57.970+0000] {logging_mixin.py:190} INFO - [2024-10-25T07:26:57.970+0000] {dag.py:3239} INFO - Sync 1 DAGs
[2024-10-25T07:26:57.993+0000] {logging_mixin.py:190} INFO - [2024-10-25T07:26:57.993+0000] {dag.py:4180} INFO - Setting next_dagrun for example_nested_branch_dag to 2024-10-24 00:00:00+00:00, run_after=2024-10-25 00:00:00+00:00
[2024-10-25T07:26:58.012+0000] {processor.py:208} INFO - Processing /home/airflow/.local/lib/python3.12/site-packages/airflow/example_dags/example_nested_branch_dag.py took 0.086 seconds
[2024-10-25T07:27:28.249+0000] {processor.py:186} INFO - Started process (PID=1802) to work on /home/airflow/.local/lib/python3.12/site-packages/airflow/example_dags/example_nested_branch_dag.py
[2024-10-25T07:27:28.251+0000] {processor.py:914} INFO - Processing file /home/airflow/.local/lib/python3.12/site-packages/airflow/example_dags/example_nested_branch_dag.py for tasks to queue
[2024-10-25T07:27:28.253+0000] {logging_mixin.py:190} INFO - [2024-10-25T07:27:28.253+0000] {dagbag.py:588} INFO - Filling up the DagBag from /home/airflow/.local/lib/python3.12/site-packages/airflow/example_dags/example_nested_branch_dag.py
[2024-10-25T07:27:28.263+0000] {processor.py:925} INFO - DAG(s) 'example_nested_branch_dag' retrieved from /home/airflow/.local/lib/python3.12/site-packages/airflow/example_dags/example_nested_branch_dag.py
[2024-10-25T07:27:28.284+0000] {logging_mixin.py:190} INFO - [2024-10-25T07:27:28.284+0000] {dag.py:3239} INFO - Sync 1 DAGs
[2024-10-25T07:27:28.307+0000] {logging_mixin.py:190} INFO - [2024-10-25T07:27:28.307+0000] {dag.py:4180} INFO - Setting next_dagrun for example_nested_branch_dag to 2024-10-24 00:00:00+00:00, run_after=2024-10-25 00:00:00+00:00
[2024-10-25T07:27:28.351+0000] {processor.py:208} INFO - Processing /home/airflow/.local/lib/python3.12/site-packages/airflow/example_dags/example_nested_branch_dag.py took 0.106 seconds
[2024-10-25T07:27:58.811+0000] {processor.py:186} INFO - Started process (PID=1871) to work on /home/airflow/.local/lib/python3.12/site-packages/airflow/example_dags/example_nested_branch_dag.py
[2024-10-25T07:27:58.812+0000] {processor.py:914} INFO - Processing file /home/airflow/.local/lib/python3.12/site-packages/airflow/example_dags/example_nested_branch_dag.py for tasks to queue
[2024-10-25T07:27:58.815+0000] {logging_mixin.py:190} INFO - [2024-10-25T07:27:58.815+0000] {dagbag.py:588} INFO - Filling up the DagBag from /home/airflow/.local/lib/python3.12/site-packages/airflow/example_dags/example_nested_branch_dag.py
[2024-10-25T07:27:58.825+0000] {processor.py:925} INFO - DAG(s) 'example_nested_branch_dag' retrieved from /home/airflow/.local/lib/python3.12/site-packages/airflow/example_dags/example_nested_branch_dag.py
[2024-10-25T07:27:58.851+0000] {logging_mixin.py:190} INFO - [2024-10-25T07:27:58.851+0000] {dag.py:3239} INFO - Sync 1 DAGs
[2024-10-25T07:27:58.876+0000] {logging_mixin.py:190} INFO - [2024-10-25T07:27:58.876+0000] {dag.py:4180} INFO - Setting next_dagrun for example_nested_branch_dag to 2024-10-24 00:00:00+00:00, run_after=2024-10-25 00:00:00+00:00
[2024-10-25T07:27:58.916+0000] {processor.py:208} INFO - Processing /home/airflow/.local/lib/python3.12/site-packages/airflow/example_dags/example_nested_branch_dag.py took 0.110 seconds
[2024-10-25T07:28:29.687+0000] {processor.py:186} INFO - Started process (PID=1940) to work on /home/airflow/.local/lib/python3.12/site-packages/airflow/example_dags/example_nested_branch_dag.py
[2024-10-25T07:28:29.689+0000] {processor.py:914} INFO - Processing file /home/airflow/.local/lib/python3.12/site-packages/airflow/example_dags/example_nested_branch_dag.py for tasks to queue
[2024-10-25T07:28:29.693+0000] {logging_mixin.py:190} INFO - [2024-10-25T07:28:29.692+0000] {dagbag.py:588} INFO - Filling up the DagBag from /home/airflow/.local/lib/python3.12/site-packages/airflow/example_dags/example_nested_branch_dag.py
[2024-10-25T07:28:29.706+0000] {processor.py:925} INFO - DAG(s) 'example_nested_branch_dag' retrieved from /home/airflow/.local/lib/python3.12/site-packages/airflow/example_dags/example_nested_branch_dag.py
[2024-10-25T07:28:29.730+0000] {logging_mixin.py:190} INFO - [2024-10-25T07:28:29.730+0000] {dag.py:3239} INFO - Sync 1 DAGs
[2024-10-25T07:28:29.753+0000] {logging_mixin.py:190} INFO - [2024-10-25T07:28:29.752+0000] {dag.py:4180} INFO - Setting next_dagrun for example_nested_branch_dag to 2024-10-24 00:00:00+00:00, run_after=2024-10-25 00:00:00+00:00
[2024-10-25T07:28:29.771+0000] {processor.py:208} INFO - Processing /home/airflow/.local/lib/python3.12/site-packages/airflow/example_dags/example_nested_branch_dag.py took 0.091 seconds
[2024-10-25T07:28:59.979+0000] {processor.py:186} INFO - Started process (PID=2009) to work on /home/airflow/.local/lib/python3.12/site-packages/airflow/example_dags/example_nested_branch_dag.py
[2024-10-25T07:28:59.981+0000] {processor.py:914} INFO - Processing file /home/airflow/.local/lib/python3.12/site-packages/airflow/example_dags/example_nested_branch_dag.py for tasks to queue
[2024-10-25T07:28:59.984+0000] {logging_mixin.py:190} INFO - [2024-10-25T07:28:59.984+0000] {dagbag.py:588} INFO - Filling up the DagBag from /home/airflow/.local/lib/python3.12/site-packages/airflow/example_dags/example_nested_branch_dag.py
[2024-10-25T07:28:59.995+0000] {processor.py:925} INFO - DAG(s) 'example_nested_branch_dag' retrieved from /home/airflow/.local/lib/python3.12/site-packages/airflow/example_dags/example_nested_branch_dag.py
[2024-10-25T07:29:00.027+0000] {logging_mixin.py:190} INFO - [2024-10-25T07:29:00.027+0000] {dag.py:3239} INFO - Sync 1 DAGs
[2024-10-25T07:29:00.056+0000] {logging_mixin.py:190} INFO - [2024-10-25T07:29:00.056+0000] {dag.py:4180} INFO - Setting next_dagrun for example_nested_branch_dag to 2024-10-24 00:00:00+00:00, run_after=2024-10-25 00:00:00+00:00
[2024-10-25T07:29:00.087+0000] {processor.py:208} INFO - Processing /home/airflow/.local/lib/python3.12/site-packages/airflow/example_dags/example_nested_branch_dag.py took 0.113 seconds
[2024-10-25T07:29:30.311+0000] {processor.py:186} INFO - Started process (PID=2078) to work on /home/airflow/.local/lib/python3.12/site-packages/airflow/example_dags/example_nested_branch_dag.py
[2024-10-25T07:29:30.312+0000] {processor.py:914} INFO - Processing file /home/airflow/.local/lib/python3.12/site-packages/airflow/example_dags/example_nested_branch_dag.py for tasks to queue
[2024-10-25T07:29:30.315+0000] {logging_mixin.py:190} INFO - [2024-10-25T07:29:30.315+0000] {dagbag.py:588} INFO - Filling up the DagBag from /home/airflow/.local/lib/python3.12/site-packages/airflow/example_dags/example_nested_branch_dag.py
[2024-10-25T07:29:30.327+0000] {processor.py:925} INFO - DAG(s) 'example_nested_branch_dag' retrieved from /home/airflow/.local/lib/python3.12/site-packages/airflow/example_dags/example_nested_branch_dag.py
[2024-10-25T07:29:30.349+0000] {logging_mixin.py:190} INFO - [2024-10-25T07:29:30.348+0000] {dag.py:3239} INFO - Sync 1 DAGs
[2024-10-25T07:29:30.370+0000] {logging_mixin.py:190} INFO - [2024-10-25T07:29:30.370+0000] {dag.py:4180} INFO - Setting next_dagrun for example_nested_branch_dag to 2024-10-24 00:00:00+00:00, run_after=2024-10-25 00:00:00+00:00
[2024-10-25T07:29:30.390+0000] {processor.py:208} INFO - Processing /home/airflow/.local/lib/python3.12/site-packages/airflow/example_dags/example_nested_branch_dag.py took 0.085 seconds
[2024-10-25T07:30:00.682+0000] {processor.py:186} INFO - Started process (PID=2146) to work on /home/airflow/.local/lib/python3.12/site-packages/airflow/example_dags/example_nested_branch_dag.py
[2024-10-25T07:30:00.684+0000] {processor.py:914} INFO - Processing file /home/airflow/.local/lib/python3.12/site-packages/airflow/example_dags/example_nested_branch_dag.py for tasks to queue
[2024-10-25T07:30:00.688+0000] {logging_mixin.py:190} INFO - [2024-10-25T07:30:00.688+0000] {dagbag.py:588} INFO - Filling up the DagBag from /home/airflow/.local/lib/python3.12/site-packages/airflow/example_dags/example_nested_branch_dag.py
[2024-10-25T07:30:00.699+0000] {processor.py:925} INFO - DAG(s) 'example_nested_branch_dag' retrieved from /home/airflow/.local/lib/python3.12/site-packages/airflow/example_dags/example_nested_branch_dag.py
[2024-10-25T07:30:00.720+0000] {logging_mixin.py:190} INFO - [2024-10-25T07:30:00.720+0000] {dag.py:3239} INFO - Sync 1 DAGs
[2024-10-25T07:30:00.741+0000] {logging_mixin.py:190} INFO - [2024-10-25T07:30:00.741+0000] {dag.py:4180} INFO - Setting next_dagrun for example_nested_branch_dag to 2024-10-24 00:00:00+00:00, run_after=2024-10-25 00:00:00+00:00
[2024-10-25T07:30:00.762+0000] {processor.py:208} INFO - Processing /home/airflow/.local/lib/python3.12/site-packages/airflow/example_dags/example_nested_branch_dag.py took 0.086 seconds
[2024-10-25T07:30:31.930+0000] {processor.py:186} INFO - Started process (PID=2214) to work on /home/airflow/.local/lib/python3.12/site-packages/airflow/example_dags/example_nested_branch_dag.py
[2024-10-25T07:30:31.931+0000] {processor.py:914} INFO - Processing file /home/airflow/.local/lib/python3.12/site-packages/airflow/example_dags/example_nested_branch_dag.py for tasks to queue
[2024-10-25T07:30:31.935+0000] {logging_mixin.py:190} INFO - [2024-10-25T07:30:31.935+0000] {dagbag.py:588} INFO - Filling up the DagBag from /home/airflow/.local/lib/python3.12/site-packages/airflow/example_dags/example_nested_branch_dag.py
[2024-10-25T07:30:31.948+0000] {processor.py:925} INFO - DAG(s) 'example_nested_branch_dag' retrieved from /home/airflow/.local/lib/python3.12/site-packages/airflow/example_dags/example_nested_branch_dag.py
[2024-10-25T07:30:31.978+0000] {logging_mixin.py:190} INFO - [2024-10-25T07:30:31.978+0000] {dag.py:3239} INFO - Sync 1 DAGs
[2024-10-25T07:30:32.005+0000] {logging_mixin.py:190} INFO - [2024-10-25T07:30:32.004+0000] {dag.py:4180} INFO - Setting next_dagrun for example_nested_branch_dag to 2024-10-24 00:00:00+00:00, run_after=2024-10-25 00:00:00+00:00
[2024-10-25T07:30:32.037+0000] {processor.py:208} INFO - Processing /home/airflow/.local/lib/python3.12/site-packages/airflow/example_dags/example_nested_branch_dag.py took 0.113 seconds
[2024-10-25T07:31:02.847+0000] {processor.py:186} INFO - Started process (PID=2283) to work on /home/airflow/.local/lib/python3.12/site-packages/airflow/example_dags/example_nested_branch_dag.py
[2024-10-25T07:31:02.849+0000] {processor.py:914} INFO - Processing file /home/airflow/.local/lib/python3.12/site-packages/airflow/example_dags/example_nested_branch_dag.py for tasks to queue
[2024-10-25T07:31:02.854+0000] {logging_mixin.py:190} INFO - [2024-10-25T07:31:02.853+0000] {dagbag.py:588} INFO - Filling up the DagBag from /home/airflow/.local/lib/python3.12/site-packages/airflow/example_dags/example_nested_branch_dag.py
[2024-10-25T07:31:02.878+0000] {processor.py:925} INFO - DAG(s) 'example_nested_branch_dag' retrieved from /home/airflow/.local/lib/python3.12/site-packages/airflow/example_dags/example_nested_branch_dag.py
[2024-10-25T07:31:02.975+0000] {logging_mixin.py:190} INFO - [2024-10-25T07:31:02.974+0000] {dag.py:3239} INFO - Sync 1 DAGs
[2024-10-25T07:31:03.012+0000] {logging_mixin.py:190} INFO - [2024-10-25T07:31:03.012+0000] {dag.py:4180} INFO - Setting next_dagrun for example_nested_branch_dag to 2024-10-24 00:00:00+00:00, run_after=2024-10-25 00:00:00+00:00
[2024-10-25T07:31:03.044+0000] {processor.py:208} INFO - Processing /home/airflow/.local/lib/python3.12/site-packages/airflow/example_dags/example_nested_branch_dag.py took 0.211 seconds
[2024-10-25T07:31:33.586+0000] {processor.py:186} INFO - Started process (PID=2352) to work on /home/airflow/.local/lib/python3.12/site-packages/airflow/example_dags/example_nested_branch_dag.py
[2024-10-25T07:31:33.587+0000] {processor.py:914} INFO - Processing file /home/airflow/.local/lib/python3.12/site-packages/airflow/example_dags/example_nested_branch_dag.py for tasks to queue
[2024-10-25T07:31:33.591+0000] {logging_mixin.py:190} INFO - [2024-10-25T07:31:33.590+0000] {dagbag.py:588} INFO - Filling up the DagBag from /home/airflow/.local/lib/python3.12/site-packages/airflow/example_dags/example_nested_branch_dag.py
[2024-10-25T07:31:33.605+0000] {processor.py:925} INFO - DAG(s) 'example_nested_branch_dag' retrieved from /home/airflow/.local/lib/python3.12/site-packages/airflow/example_dags/example_nested_branch_dag.py
[2024-10-25T07:31:33.660+0000] {logging_mixin.py:190} INFO - [2024-10-25T07:31:33.660+0000] {dag.py:3239} INFO - Sync 1 DAGs
[2024-10-25T07:31:33.683+0000] {logging_mixin.py:190} INFO - [2024-10-25T07:31:33.683+0000] {dag.py:4180} INFO - Setting next_dagrun for example_nested_branch_dag to 2024-10-24 00:00:00+00:00, run_after=2024-10-25 00:00:00+00:00
[2024-10-25T07:31:33.702+0000] {processor.py:208} INFO - Processing /home/airflow/.local/lib/python3.12/site-packages/airflow/example_dags/example_nested_branch_dag.py took 0.123 seconds
[2024-10-25T07:32:49.314+0000] {processor.py:186} INFO - Started process (PID=2437) to work on /home/airflow/.local/lib/python3.12/site-packages/airflow/example_dags/example_nested_branch_dag.py
[2024-10-25T07:32:49.317+0000] {processor.py:914} INFO - Processing file /home/airflow/.local/lib/python3.12/site-packages/airflow/example_dags/example_nested_branch_dag.py for tasks to queue
[2024-10-25T07:32:49.326+0000] {logging_mixin.py:190} INFO - [2024-10-25T07:32:49.325+0000] {dagbag.py:588} INFO - Filling up the DagBag from /home/airflow/.local/lib/python3.12/site-packages/airflow/example_dags/example_nested_branch_dag.py
[2024-10-25T07:32:49.356+0000] {processor.py:925} INFO - DAG(s) 'example_nested_branch_dag' retrieved from /home/airflow/.local/lib/python3.12/site-packages/airflow/example_dags/example_nested_branch_dag.py
[2024-10-25T07:32:49.416+0000] {logging_mixin.py:190} INFO - [2024-10-25T07:32:49.415+0000] {dag.py:3239} INFO - Sync 1 DAGs
[2024-10-25T07:32:49.471+0000] {logging_mixin.py:190} INFO - [2024-10-25T07:32:49.470+0000] {dag.py:4180} INFO - Setting next_dagrun for example_nested_branch_dag to 2024-10-24 00:00:00+00:00, run_after=2024-10-25 00:00:00+00:00
[2024-10-25T07:32:49.520+0000] {processor.py:208} INFO - Processing /home/airflow/.local/lib/python3.12/site-packages/airflow/example_dags/example_nested_branch_dag.py took 0.217 seconds
[2024-10-25T07:33:19.628+0000] {processor.py:186} INFO - Started process (PID=2505) to work on /home/airflow/.local/lib/python3.12/site-packages/airflow/example_dags/example_nested_branch_dag.py
[2024-10-25T07:33:19.629+0000] {processor.py:914} INFO - Processing file /home/airflow/.local/lib/python3.12/site-packages/airflow/example_dags/example_nested_branch_dag.py for tasks to queue
[2024-10-25T07:33:19.632+0000] {logging_mixin.py:190} INFO - [2024-10-25T07:33:19.631+0000] {dagbag.py:588} INFO - Filling up the DagBag from /home/airflow/.local/lib/python3.12/site-packages/airflow/example_dags/example_nested_branch_dag.py
[2024-10-25T07:33:19.646+0000] {processor.py:925} INFO - DAG(s) 'example_nested_branch_dag' retrieved from /home/airflow/.local/lib/python3.12/site-packages/airflow/example_dags/example_nested_branch_dag.py
[2024-10-25T07:33:19.680+0000] {logging_mixin.py:190} INFO - [2024-10-25T07:33:19.680+0000] {dag.py:3239} INFO - Sync 1 DAGs
[2024-10-25T07:33:19.713+0000] {logging_mixin.py:190} INFO - [2024-10-25T07:33:19.713+0000] {dag.py:4180} INFO - Setting next_dagrun for example_nested_branch_dag to 2024-10-24 00:00:00+00:00, run_after=2024-10-25 00:00:00+00:00
[2024-10-25T07:33:19.749+0000] {processor.py:208} INFO - Processing /home/airflow/.local/lib/python3.12/site-packages/airflow/example_dags/example_nested_branch_dag.py took 0.131 seconds
[2024-10-25T07:33:50.291+0000] {processor.py:186} INFO - Started process (PID=2573) to work on /home/airflow/.local/lib/python3.12/site-packages/airflow/example_dags/example_nested_branch_dag.py
[2024-10-25T07:33:50.292+0000] {processor.py:914} INFO - Processing file /home/airflow/.local/lib/python3.12/site-packages/airflow/example_dags/example_nested_branch_dag.py for tasks to queue
[2024-10-25T07:33:50.294+0000] {logging_mixin.py:190} INFO - [2024-10-25T07:33:50.294+0000] {dagbag.py:588} INFO - Filling up the DagBag from /home/airflow/.local/lib/python3.12/site-packages/airflow/example_dags/example_nested_branch_dag.py
[2024-10-25T07:33:50.305+0000] {processor.py:925} INFO - DAG(s) 'example_nested_branch_dag' retrieved from /home/airflow/.local/lib/python3.12/site-packages/airflow/example_dags/example_nested_branch_dag.py
[2024-10-25T07:33:50.332+0000] {logging_mixin.py:190} INFO - [2024-10-25T07:33:50.332+0000] {dag.py:3239} INFO - Sync 1 DAGs
[2024-10-25T07:33:50.566+0000] {logging_mixin.py:190} INFO - [2024-10-25T07:33:50.566+0000] {dag.py:4180} INFO - Setting next_dagrun for example_nested_branch_dag to 2024-10-24 00:00:00+00:00, run_after=2024-10-25 00:00:00+00:00
[2024-10-25T07:33:50.593+0000] {processor.py:208} INFO - Processing /home/airflow/.local/lib/python3.12/site-packages/airflow/example_dags/example_nested_branch_dag.py took 0.306 seconds
[2024-10-25T07:34:21.237+0000] {processor.py:186} INFO - Started process (PID=2642) to work on /home/airflow/.local/lib/python3.12/site-packages/airflow/example_dags/example_nested_branch_dag.py
[2024-10-25T07:34:21.241+0000] {processor.py:914} INFO - Processing file /home/airflow/.local/lib/python3.12/site-packages/airflow/example_dags/example_nested_branch_dag.py for tasks to queue
[2024-10-25T07:34:21.243+0000] {logging_mixin.py:190} INFO - [2024-10-25T07:34:21.243+0000] {dagbag.py:588} INFO - Filling up the DagBag from /home/airflow/.local/lib/python3.12/site-packages/airflow/example_dags/example_nested_branch_dag.py
[2024-10-25T07:34:21.254+0000] {processor.py:925} INFO - DAG(s) 'example_nested_branch_dag' retrieved from /home/airflow/.local/lib/python3.12/site-packages/airflow/example_dags/example_nested_branch_dag.py
[2024-10-25T07:34:21.274+0000] {logging_mixin.py:190} INFO - [2024-10-25T07:34:21.274+0000] {dag.py:3239} INFO - Sync 1 DAGs
[2024-10-25T07:34:21.448+0000] {logging_mixin.py:190} INFO - [2024-10-25T07:34:21.448+0000] {dag.py:4180} INFO - Setting next_dagrun for example_nested_branch_dag to 2024-10-24 00:00:00+00:00, run_after=2024-10-25 00:00:00+00:00
[2024-10-25T07:34:21.470+0000] {processor.py:208} INFO - Processing /home/airflow/.local/lib/python3.12/site-packages/airflow/example_dags/example_nested_branch_dag.py took 0.239 seconds
[2024-10-25T07:34:51.642+0000] {processor.py:186} INFO - Started process (PID=2711) to work on /home/airflow/.local/lib/python3.12/site-packages/airflow/example_dags/example_nested_branch_dag.py
[2024-10-25T07:34:51.644+0000] {processor.py:914} INFO - Processing file /home/airflow/.local/lib/python3.12/site-packages/airflow/example_dags/example_nested_branch_dag.py for tasks to queue
[2024-10-25T07:34:51.647+0000] {logging_mixin.py:190} INFO - [2024-10-25T07:34:51.646+0000] {dagbag.py:588} INFO - Filling up the DagBag from /home/airflow/.local/lib/python3.12/site-packages/airflow/example_dags/example_nested_branch_dag.py
[2024-10-25T07:34:51.658+0000] {processor.py:925} INFO - DAG(s) 'example_nested_branch_dag' retrieved from /home/airflow/.local/lib/python3.12/site-packages/airflow/example_dags/example_nested_branch_dag.py
[2024-10-25T07:34:51.682+0000] {logging_mixin.py:190} INFO - [2024-10-25T07:34:51.682+0000] {dag.py:3239} INFO - Sync 1 DAGs
[2024-10-25T07:34:51.705+0000] {logging_mixin.py:190} INFO - [2024-10-25T07:34:51.705+0000] {dag.py:4180} INFO - Setting next_dagrun for example_nested_branch_dag to 2024-10-24 00:00:00+00:00, run_after=2024-10-25 00:00:00+00:00
[2024-10-25T07:34:51.727+0000] {processor.py:208} INFO - Processing /home/airflow/.local/lib/python3.12/site-packages/airflow/example_dags/example_nested_branch_dag.py took 0.094 seconds
[2024-10-25T07:35:21.997+0000] {processor.py:186} INFO - Started process (PID=2780) to work on /home/airflow/.local/lib/python3.12/site-packages/airflow/example_dags/example_nested_branch_dag.py
[2024-10-25T07:35:21.998+0000] {processor.py:914} INFO - Processing file /home/airflow/.local/lib/python3.12/site-packages/airflow/example_dags/example_nested_branch_dag.py for tasks to queue
[2024-10-25T07:35:22.000+0000] {logging_mixin.py:190} INFO - [2024-10-25T07:35:22.000+0000] {dagbag.py:588} INFO - Filling up the DagBag from /home/airflow/.local/lib/python3.12/site-packages/airflow/example_dags/example_nested_branch_dag.py
[2024-10-25T07:35:22.010+0000] {processor.py:925} INFO - DAG(s) 'example_nested_branch_dag' retrieved from /home/airflow/.local/lib/python3.12/site-packages/airflow/example_dags/example_nested_branch_dag.py
[2024-10-25T07:35:22.032+0000] {logging_mixin.py:190} INFO - [2024-10-25T07:35:22.031+0000] {dag.py:3239} INFO - Sync 1 DAGs
[2024-10-25T07:35:22.057+0000] {logging_mixin.py:190} INFO - [2024-10-25T07:35:22.057+0000] {dag.py:4180} INFO - Setting next_dagrun for example_nested_branch_dag to 2024-10-24 00:00:00+00:00, run_after=2024-10-25 00:00:00+00:00
[2024-10-25T07:35:22.077+0000] {processor.py:208} INFO - Processing /home/airflow/.local/lib/python3.12/site-packages/airflow/example_dags/example_nested_branch_dag.py took 0.085 seconds
[2024-10-25T07:37:54.744+0000] {processor.py:186} INFO - Started process (PID=76) to work on /home/airflow/.local/lib/python3.12/site-packages/airflow/example_dags/example_nested_branch_dag.py
[2024-10-25T07:37:54.746+0000] {processor.py:914} INFO - Processing file /home/airflow/.local/lib/python3.12/site-packages/airflow/example_dags/example_nested_branch_dag.py for tasks to queue
[2024-10-25T07:37:54.750+0000] {logging_mixin.py:190} INFO - [2024-10-25T07:37:54.749+0000] {dagbag.py:588} INFO - Filling up the DagBag from /home/airflow/.local/lib/python3.12/site-packages/airflow/example_dags/example_nested_branch_dag.py
[2024-10-25T07:37:54.762+0000] {processor.py:925} INFO - DAG(s) 'example_nested_branch_dag' retrieved from /home/airflow/.local/lib/python3.12/site-packages/airflow/example_dags/example_nested_branch_dag.py
[2024-10-25T07:37:54.788+0000] {logging_mixin.py:190} INFO - [2024-10-25T07:37:54.788+0000] {dag.py:3239} INFO - Sync 1 DAGs
[2024-10-25T07:37:54.813+0000] {logging_mixin.py:190} INFO - [2024-10-25T07:37:54.813+0000] {dag.py:4180} INFO - Setting next_dagrun for example_nested_branch_dag to 2024-10-24 00:00:00+00:00, run_after=2024-10-25 00:00:00+00:00
[2024-10-25T07:37:54.833+0000] {processor.py:208} INFO - Processing /home/airflow/.local/lib/python3.12/site-packages/airflow/example_dags/example_nested_branch_dag.py took 0.094 seconds
[2024-10-25T07:38:26.603+0000] {processor.py:186} INFO - Started process (PID=146) to work on /home/airflow/.local/lib/python3.12/site-packages/airflow/example_dags/example_nested_branch_dag.py
[2024-10-25T07:38:26.604+0000] {processor.py:914} INFO - Processing file /home/airflow/.local/lib/python3.12/site-packages/airflow/example_dags/example_nested_branch_dag.py for tasks to queue
[2024-10-25T07:38:26.608+0000] {logging_mixin.py:190} INFO - [2024-10-25T07:38:26.607+0000] {dagbag.py:588} INFO - Filling up the DagBag from /home/airflow/.local/lib/python3.12/site-packages/airflow/example_dags/example_nested_branch_dag.py
[2024-10-25T07:38:26.625+0000] {processor.py:925} INFO - DAG(s) 'example_nested_branch_dag' retrieved from /home/airflow/.local/lib/python3.12/site-packages/airflow/example_dags/example_nested_branch_dag.py
[2024-10-25T07:38:26.664+0000] {logging_mixin.py:190} INFO - [2024-10-25T07:38:26.663+0000] {dag.py:3239} INFO - Sync 1 DAGs
[2024-10-25T07:38:26.700+0000] {logging_mixin.py:190} INFO - [2024-10-25T07:38:26.700+0000] {dag.py:4180} INFO - Setting next_dagrun for example_nested_branch_dag to 2024-10-24 00:00:00+00:00, run_after=2024-10-25 00:00:00+00:00
[2024-10-25T07:38:26.722+0000] {processor.py:208} INFO - Processing /home/airflow/.local/lib/python3.12/site-packages/airflow/example_dags/example_nested_branch_dag.py took 0.130 seconds
