[2024-10-25T07:15:10.609+0000] {processor.py:186} INFO - Started process (PID=170) to work on /home/airflow/.local/lib/python3.12/site-packages/airflow/example_dags/example_dataset_alias.py
[2024-10-25T07:15:10.615+0000] {processor.py:914} INFO - Processing file /home/airflow/.local/lib/python3.12/site-packages/airflow/example_dags/example_dataset_alias.py for tasks to queue
[2024-10-25T07:15:10.690+0000] {logging_mixin.py:190} INFO - [2024-10-25T07:15:10.685+0000] {dagbag.py:588} INFO - Filling up the DagBag from /home/airflow/.local/lib/python3.12/site-packages/airflow/example_dags/example_dataset_alias.py
[2024-10-25T07:15:14.269+0000] {processor.py:925} INFO - DAG(s) 'dataset_s3_bucket_consumer', 'dataset_s3_bucket_producer', 'dataset_alias_example_alias_producer', 'dataset_alias_example_alias_consumer' retrieved from /home/airflow/.local/lib/python3.12/site-packages/airflow/example_dags/example_dataset_alias.py
[2024-10-25T07:15:14.483+0000] {logging_mixin.py:190} INFO - [2024-10-25T07:15:14.480+0000] {dag.py:3239} INFO - Sync 4 DAGs
[2024-10-25T07:15:14.662+0000] {logging_mixin.py:190} INFO - [2024-10-25T07:15:14.661+0000] {dag.py:4180} INFO - Setting next_dagrun for dataset_alias_example_alias_consumer to None, run_after=None
[2024-10-25T07:15:14.669+0000] {logging_mixin.py:190} INFO - [2024-10-25T07:15:14.669+0000] {dag.py:4180} INFO - Setting next_dagrun for dataset_alias_example_alias_producer to None, run_after=None
[2024-10-25T07:15:14.679+0000] {logging_mixin.py:190} INFO - [2024-10-25T07:15:14.678+0000] {dag.py:4180} INFO - Setting next_dagrun for dataset_s3_bucket_consumer to None, run_after=None
[2024-10-25T07:15:14.685+0000] {logging_mixin.py:190} INFO - [2024-10-25T07:15:14.685+0000] {dag.py:4180} INFO - Setting next_dagrun for dataset_s3_bucket_producer to None, run_after=None
[2024-10-25T07:15:14.809+0000] {processor.py:208} INFO - Processing /home/airflow/.local/lib/python3.12/site-packages/airflow/example_dags/example_dataset_alias.py took 4.252 seconds
[2024-10-25T07:16:12.503+0000] {processor.py:186} INFO - Started process (PID=275) to work on /home/airflow/.local/lib/python3.12/site-packages/airflow/example_dags/example_dataset_alias.py
[2024-10-25T07:16:12.507+0000] {processor.py:914} INFO - Processing file /home/airflow/.local/lib/python3.12/site-packages/airflow/example_dags/example_dataset_alias.py for tasks to queue
[2024-10-25T07:16:12.514+0000] {logging_mixin.py:190} INFO - [2024-10-25T07:16:12.513+0000] {dagbag.py:588} INFO - Filling up the DagBag from /home/airflow/.local/lib/python3.12/site-packages/airflow/example_dags/example_dataset_alias.py
[2024-10-25T07:16:13.338+0000] {processor.py:925} INFO - DAG(s) 'dataset_s3_bucket_producer', 'dataset_alias_example_alias_producer', 'dataset_alias_example_alias_consumer', 'dataset_s3_bucket_consumer' retrieved from /home/airflow/.local/lib/python3.12/site-packages/airflow/example_dags/example_dataset_alias.py
[2024-10-25T07:16:13.537+0000] {logging_mixin.py:190} INFO - [2024-10-25T07:16:13.536+0000] {dag.py:3239} INFO - Sync 4 DAGs
[2024-10-25T07:16:13.697+0000] {logging_mixin.py:190} INFO - [2024-10-25T07:16:13.697+0000] {dag.py:4180} INFO - Setting next_dagrun for dataset_alias_example_alias_consumer to None, run_after=None
[2024-10-25T07:16:13.711+0000] {logging_mixin.py:190} INFO - [2024-10-25T07:16:13.710+0000] {dag.py:4180} INFO - Setting next_dagrun for dataset_alias_example_alias_producer to None, run_after=None
[2024-10-25T07:16:13.717+0000] {logging_mixin.py:190} INFO - [2024-10-25T07:16:13.717+0000] {dag.py:4180} INFO - Setting next_dagrun for dataset_s3_bucket_consumer to None, run_after=None
[2024-10-25T07:16:13.724+0000] {logging_mixin.py:190} INFO - [2024-10-25T07:16:13.723+0000] {dag.py:4180} INFO - Setting next_dagrun for dataset_s3_bucket_producer to None, run_after=None
[2024-10-25T07:16:13.821+0000] {processor.py:208} INFO - Processing /home/airflow/.local/lib/python3.12/site-packages/airflow/example_dags/example_dataset_alias.py took 1.339 seconds
[2024-10-25T07:16:43.987+0000] {processor.py:186} INFO - Started process (PID=345) to work on /home/airflow/.local/lib/python3.12/site-packages/airflow/example_dags/example_dataset_alias.py
[2024-10-25T07:16:43.990+0000] {processor.py:914} INFO - Processing file /home/airflow/.local/lib/python3.12/site-packages/airflow/example_dags/example_dataset_alias.py for tasks to queue
[2024-10-25T07:16:43.993+0000] {logging_mixin.py:190} INFO - [2024-10-25T07:16:43.993+0000] {dagbag.py:588} INFO - Filling up the DagBag from /home/airflow/.local/lib/python3.12/site-packages/airflow/example_dags/example_dataset_alias.py
[2024-10-25T07:16:44.116+0000] {processor.py:925} INFO - DAG(s) 'dataset_s3_bucket_producer', 'dataset_alias_example_alias_producer', 'dataset_s3_bucket_consumer', 'dataset_alias_example_alias_consumer' retrieved from /home/airflow/.local/lib/python3.12/site-packages/airflow/example_dags/example_dataset_alias.py
[2024-10-25T07:16:44.147+0000] {logging_mixin.py:190} INFO - [2024-10-25T07:16:44.147+0000] {dag.py:3239} INFO - Sync 4 DAGs
[2024-10-25T07:16:44.227+0000] {logging_mixin.py:190} INFO - [2024-10-25T07:16:44.227+0000] {dag.py:4180} INFO - Setting next_dagrun for dataset_alias_example_alias_consumer to None, run_after=None
[2024-10-25T07:16:44.232+0000] {logging_mixin.py:190} INFO - [2024-10-25T07:16:44.232+0000] {dag.py:4180} INFO - Setting next_dagrun for dataset_alias_example_alias_producer to None, run_after=None
[2024-10-25T07:16:44.235+0000] {logging_mixin.py:190} INFO - [2024-10-25T07:16:44.234+0000] {dag.py:4180} INFO - Setting next_dagrun for dataset_s3_bucket_consumer to None, run_after=None
[2024-10-25T07:16:44.237+0000] {logging_mixin.py:190} INFO - [2024-10-25T07:16:44.237+0000] {dag.py:4180} INFO - Setting next_dagrun for dataset_s3_bucket_producer to None, run_after=None
[2024-10-25T07:16:44.298+0000] {processor.py:208} INFO - Processing /home/airflow/.local/lib/python3.12/site-packages/airflow/example_dags/example_dataset_alias.py took 0.280 seconds
[2024-10-25T07:17:15.343+0000] {processor.py:186} INFO - Started process (PID=414) to work on /home/airflow/.local/lib/python3.12/site-packages/airflow/example_dags/example_dataset_alias.py
[2024-10-25T07:17:15.345+0000] {processor.py:914} INFO - Processing file /home/airflow/.local/lib/python3.12/site-packages/airflow/example_dags/example_dataset_alias.py for tasks to queue
[2024-10-25T07:17:15.352+0000] {logging_mixin.py:190} INFO - [2024-10-25T07:17:15.351+0000] {dagbag.py:588} INFO - Filling up the DagBag from /home/airflow/.local/lib/python3.12/site-packages/airflow/example_dags/example_dataset_alias.py
[2024-10-25T07:17:15.554+0000] {processor.py:925} INFO - DAG(s) 'dataset_s3_bucket_producer', 'dataset_alias_example_alias_producer', 'dataset_s3_bucket_consumer', 'dataset_alias_example_alias_consumer' retrieved from /home/airflow/.local/lib/python3.12/site-packages/airflow/example_dags/example_dataset_alias.py
[2024-10-25T07:17:15.602+0000] {logging_mixin.py:190} INFO - [2024-10-25T07:17:15.602+0000] {dag.py:3239} INFO - Sync 4 DAGs
[2024-10-25T07:17:15.645+0000] {logging_mixin.py:190} INFO - [2024-10-25T07:17:15.644+0000] {dag.py:4180} INFO - Setting next_dagrun for dataset_alias_example_alias_consumer to None, run_after=None
[2024-10-25T07:17:15.653+0000] {logging_mixin.py:190} INFO - [2024-10-25T07:17:15.653+0000] {dag.py:4180} INFO - Setting next_dagrun for dataset_alias_example_alias_producer to None, run_after=None
[2024-10-25T07:17:15.656+0000] {logging_mixin.py:190} INFO - [2024-10-25T07:17:15.655+0000] {dag.py:4180} INFO - Setting next_dagrun for dataset_s3_bucket_consumer to None, run_after=None
[2024-10-25T07:17:15.658+0000] {logging_mixin.py:190} INFO - [2024-10-25T07:17:15.658+0000] {dag.py:4180} INFO - Setting next_dagrun for dataset_s3_bucket_producer to None, run_after=None
[2024-10-25T07:17:15.699+0000] {processor.py:208} INFO - Processing /home/airflow/.local/lib/python3.12/site-packages/airflow/example_dags/example_dataset_alias.py took 0.365 seconds
[2024-10-25T07:17:45.995+0000] {processor.py:186} INFO - Started process (PID=484) to work on /home/airflow/.local/lib/python3.12/site-packages/airflow/example_dags/example_dataset_alias.py
[2024-10-25T07:17:45.997+0000] {processor.py:914} INFO - Processing file /home/airflow/.local/lib/python3.12/site-packages/airflow/example_dags/example_dataset_alias.py for tasks to queue
[2024-10-25T07:17:46.003+0000] {logging_mixin.py:190} INFO - [2024-10-25T07:17:46.002+0000] {dagbag.py:588} INFO - Filling up the DagBag from /home/airflow/.local/lib/python3.12/site-packages/airflow/example_dags/example_dataset_alias.py
[2024-10-25T07:17:46.250+0000] {processor.py:925} INFO - DAG(s) 'dataset_s3_bucket_producer', 'dataset_alias_example_alias_consumer', 'dataset_s3_bucket_consumer', 'dataset_alias_example_alias_producer' retrieved from /home/airflow/.local/lib/python3.12/site-packages/airflow/example_dags/example_dataset_alias.py
[2024-10-25T07:17:46.321+0000] {logging_mixin.py:190} INFO - [2024-10-25T07:17:46.320+0000] {dag.py:3239} INFO - Sync 4 DAGs
[2024-10-25T07:17:46.387+0000] {logging_mixin.py:190} INFO - [2024-10-25T07:17:46.386+0000] {dag.py:4180} INFO - Setting next_dagrun for dataset_alias_example_alias_consumer to None, run_after=None
[2024-10-25T07:17:46.399+0000] {logging_mixin.py:190} INFO - [2024-10-25T07:17:46.398+0000] {dag.py:4180} INFO - Setting next_dagrun for dataset_alias_example_alias_producer to None, run_after=None
[2024-10-25T07:17:46.403+0000] {logging_mixin.py:190} INFO - [2024-10-25T07:17:46.402+0000] {dag.py:4180} INFO - Setting next_dagrun for dataset_s3_bucket_consumer to None, run_after=None
[2024-10-25T07:17:46.407+0000] {logging_mixin.py:190} INFO - [2024-10-25T07:17:46.406+0000] {dag.py:4180} INFO - Setting next_dagrun for dataset_s3_bucket_producer to None, run_after=None
[2024-10-25T07:17:46.451+0000] {processor.py:208} INFO - Processing /home/airflow/.local/lib/python3.12/site-packages/airflow/example_dags/example_dataset_alias.py took 0.470 seconds
[2024-10-25T07:18:17.390+0000] {processor.py:186} INFO - Started process (PID=553) to work on /home/airflow/.local/lib/python3.12/site-packages/airflow/example_dags/example_dataset_alias.py
[2024-10-25T07:18:17.394+0000] {processor.py:914} INFO - Processing file /home/airflow/.local/lib/python3.12/site-packages/airflow/example_dags/example_dataset_alias.py for tasks to queue
[2024-10-25T07:18:17.411+0000] {logging_mixin.py:190} INFO - [2024-10-25T07:18:17.410+0000] {dagbag.py:588} INFO - Filling up the DagBag from /home/airflow/.local/lib/python3.12/site-packages/airflow/example_dags/example_dataset_alias.py
[2024-10-25T07:18:17.623+0000] {processor.py:925} INFO - DAG(s) 'dataset_alias_example_alias_consumer', 'dataset_alias_example_alias_producer', 'dataset_s3_bucket_consumer', 'dataset_s3_bucket_producer' retrieved from /home/airflow/.local/lib/python3.12/site-packages/airflow/example_dags/example_dataset_alias.py
[2024-10-25T07:18:17.674+0000] {logging_mixin.py:190} INFO - [2024-10-25T07:18:17.674+0000] {dag.py:3239} INFO - Sync 4 DAGs
[2024-10-25T07:18:17.738+0000] {logging_mixin.py:190} INFO - [2024-10-25T07:18:17.738+0000] {dag.py:4180} INFO - Setting next_dagrun for dataset_alias_example_alias_consumer to None, run_after=None
[2024-10-25T07:18:17.747+0000] {logging_mixin.py:190} INFO - [2024-10-25T07:18:17.747+0000] {dag.py:4180} INFO - Setting next_dagrun for dataset_alias_example_alias_producer to None, run_after=None
[2024-10-25T07:18:17.750+0000] {logging_mixin.py:190} INFO - [2024-10-25T07:18:17.750+0000] {dag.py:4180} INFO - Setting next_dagrun for dataset_s3_bucket_consumer to None, run_after=None
[2024-10-25T07:18:17.753+0000] {logging_mixin.py:190} INFO - [2024-10-25T07:18:17.752+0000] {dag.py:4180} INFO - Setting next_dagrun for dataset_s3_bucket_producer to None, run_after=None
[2024-10-25T07:18:17.800+0000] {processor.py:208} INFO - Processing /home/airflow/.local/lib/python3.12/site-packages/airflow/example_dags/example_dataset_alias.py took 0.422 seconds
[2024-10-25T07:18:47.935+0000] {processor.py:186} INFO - Started process (PID=621) to work on /home/airflow/.local/lib/python3.12/site-packages/airflow/example_dags/example_dataset_alias.py
[2024-10-25T07:18:47.936+0000] {processor.py:914} INFO - Processing file /home/airflow/.local/lib/python3.12/site-packages/airflow/example_dags/example_dataset_alias.py for tasks to queue
[2024-10-25T07:18:47.942+0000] {logging_mixin.py:190} INFO - [2024-10-25T07:18:47.941+0000] {dagbag.py:588} INFO - Filling up the DagBag from /home/airflow/.local/lib/python3.12/site-packages/airflow/example_dags/example_dataset_alias.py
[2024-10-25T07:18:48.103+0000] {processor.py:925} INFO - DAG(s) 'dataset_s3_bucket_consumer', 'dataset_alias_example_alias_consumer', 'dataset_alias_example_alias_producer', 'dataset_s3_bucket_producer' retrieved from /home/airflow/.local/lib/python3.12/site-packages/airflow/example_dags/example_dataset_alias.py
[2024-10-25T07:18:48.139+0000] {logging_mixin.py:190} INFO - [2024-10-25T07:18:48.138+0000] {dag.py:3239} INFO - Sync 4 DAGs
[2024-10-25T07:18:48.173+0000] {logging_mixin.py:190} INFO - [2024-10-25T07:18:48.173+0000] {dag.py:4180} INFO - Setting next_dagrun for dataset_alias_example_alias_consumer to None, run_after=None
[2024-10-25T07:18:48.180+0000] {logging_mixin.py:190} INFO - [2024-10-25T07:18:48.180+0000] {dag.py:4180} INFO - Setting next_dagrun for dataset_alias_example_alias_producer to None, run_after=None
[2024-10-25T07:18:48.183+0000] {logging_mixin.py:190} INFO - [2024-10-25T07:18:48.183+0000] {dag.py:4180} INFO - Setting next_dagrun for dataset_s3_bucket_consumer to None, run_after=None
[2024-10-25T07:18:48.186+0000] {logging_mixin.py:190} INFO - [2024-10-25T07:18:48.186+0000] {dag.py:4180} INFO - Setting next_dagrun for dataset_s3_bucket_producer to None, run_after=None
[2024-10-25T07:18:48.222+0000] {processor.py:208} INFO - Processing /home/airflow/.local/lib/python3.12/site-packages/airflow/example_dags/example_dataset_alias.py took 0.296 seconds
[2024-10-25T07:19:18.652+0000] {processor.py:186} INFO - Started process (PID=690) to work on /home/airflow/.local/lib/python3.12/site-packages/airflow/example_dags/example_dataset_alias.py
[2024-10-25T07:19:18.654+0000] {processor.py:914} INFO - Processing file /home/airflow/.local/lib/python3.12/site-packages/airflow/example_dags/example_dataset_alias.py for tasks to queue
[2024-10-25T07:19:18.657+0000] {logging_mixin.py:190} INFO - [2024-10-25T07:19:18.657+0000] {dagbag.py:588} INFO - Filling up the DagBag from /home/airflow/.local/lib/python3.12/site-packages/airflow/example_dags/example_dataset_alias.py
[2024-10-25T07:19:18.802+0000] {processor.py:925} INFO - DAG(s) 'dataset_s3_bucket_consumer', 'dataset_alias_example_alias_producer', 'dataset_s3_bucket_producer', 'dataset_alias_example_alias_consumer' retrieved from /home/airflow/.local/lib/python3.12/site-packages/airflow/example_dags/example_dataset_alias.py
[2024-10-25T07:19:18.836+0000] {logging_mixin.py:190} INFO - [2024-10-25T07:19:18.835+0000] {dag.py:3239} INFO - Sync 4 DAGs
[2024-10-25T07:19:18.871+0000] {logging_mixin.py:190} INFO - [2024-10-25T07:19:18.871+0000] {dag.py:4180} INFO - Setting next_dagrun for dataset_alias_example_alias_consumer to None, run_after=None
[2024-10-25T07:19:18.877+0000] {logging_mixin.py:190} INFO - [2024-10-25T07:19:18.877+0000] {dag.py:4180} INFO - Setting next_dagrun for dataset_alias_example_alias_producer to None, run_after=None
[2024-10-25T07:19:18.880+0000] {logging_mixin.py:190} INFO - [2024-10-25T07:19:18.880+0000] {dag.py:4180} INFO - Setting next_dagrun for dataset_s3_bucket_consumer to None, run_after=None
[2024-10-25T07:19:18.883+0000] {logging_mixin.py:190} INFO - [2024-10-25T07:19:18.883+0000] {dag.py:4180} INFO - Setting next_dagrun for dataset_s3_bucket_producer to None, run_after=None
[2024-10-25T07:19:18.916+0000] {processor.py:208} INFO - Processing /home/airflow/.local/lib/python3.12/site-packages/airflow/example_dags/example_dataset_alias.py took 0.272 seconds
[2024-10-25T07:19:49.328+0000] {processor.py:186} INFO - Started process (PID=759) to work on /home/airflow/.local/lib/python3.12/site-packages/airflow/example_dags/example_dataset_alias.py
[2024-10-25T07:19:49.330+0000] {processor.py:914} INFO - Processing file /home/airflow/.local/lib/python3.12/site-packages/airflow/example_dags/example_dataset_alias.py for tasks to queue
[2024-10-25T07:19:49.333+0000] {logging_mixin.py:190} INFO - [2024-10-25T07:19:49.333+0000] {dagbag.py:588} INFO - Filling up the DagBag from /home/airflow/.local/lib/python3.12/site-packages/airflow/example_dags/example_dataset_alias.py
[2024-10-25T07:19:49.440+0000] {processor.py:925} INFO - DAG(s) 'dataset_alias_example_alias_consumer', 'dataset_s3_bucket_producer', 'dataset_s3_bucket_consumer', 'dataset_alias_example_alias_producer' retrieved from /home/airflow/.local/lib/python3.12/site-packages/airflow/example_dags/example_dataset_alias.py
[2024-10-25T07:19:49.466+0000] {logging_mixin.py:190} INFO - [2024-10-25T07:19:49.466+0000] {dag.py:3239} INFO - Sync 4 DAGs
[2024-10-25T07:19:49.487+0000] {logging_mixin.py:190} INFO - [2024-10-25T07:19:49.487+0000] {dag.py:4180} INFO - Setting next_dagrun for dataset_alias_example_alias_consumer to None, run_after=None
[2024-10-25T07:19:49.492+0000] {logging_mixin.py:190} INFO - [2024-10-25T07:19:49.491+0000] {dag.py:4180} INFO - Setting next_dagrun for dataset_alias_example_alias_producer to None, run_after=None
[2024-10-25T07:19:49.494+0000] {logging_mixin.py:190} INFO - [2024-10-25T07:19:49.494+0000] {dag.py:4180} INFO - Setting next_dagrun for dataset_s3_bucket_consumer to None, run_after=None
[2024-10-25T07:19:49.497+0000] {logging_mixin.py:190} INFO - [2024-10-25T07:19:49.496+0000] {dag.py:4180} INFO - Setting next_dagrun for dataset_s3_bucket_producer to None, run_after=None
[2024-10-25T07:19:49.524+0000] {processor.py:208} INFO - Processing /home/airflow/.local/lib/python3.12/site-packages/airflow/example_dags/example_dataset_alias.py took 0.202 seconds
[2024-10-25T07:20:20.030+0000] {processor.py:186} INFO - Started process (PID=827) to work on /home/airflow/.local/lib/python3.12/site-packages/airflow/example_dags/example_dataset_alias.py
[2024-10-25T07:20:20.032+0000] {processor.py:914} INFO - Processing file /home/airflow/.local/lib/python3.12/site-packages/airflow/example_dags/example_dataset_alias.py for tasks to queue
[2024-10-25T07:20:20.035+0000] {logging_mixin.py:190} INFO - [2024-10-25T07:20:20.035+0000] {dagbag.py:588} INFO - Filling up the DagBag from /home/airflow/.local/lib/python3.12/site-packages/airflow/example_dags/example_dataset_alias.py
[2024-10-25T07:20:20.166+0000] {processor.py:925} INFO - DAG(s) 'dataset_alias_example_alias_producer', 'dataset_s3_bucket_producer', 'dataset_alias_example_alias_consumer', 'dataset_s3_bucket_consumer' retrieved from /home/airflow/.local/lib/python3.12/site-packages/airflow/example_dags/example_dataset_alias.py
[2024-10-25T07:20:20.207+0000] {logging_mixin.py:190} INFO - [2024-10-25T07:20:20.206+0000] {dag.py:3239} INFO - Sync 4 DAGs
[2024-10-25T07:20:20.240+0000] {logging_mixin.py:190} INFO - [2024-10-25T07:20:20.240+0000] {dag.py:4180} INFO - Setting next_dagrun for dataset_alias_example_alias_consumer to None, run_after=None
[2024-10-25T07:20:20.244+0000] {logging_mixin.py:190} INFO - [2024-10-25T07:20:20.244+0000] {dag.py:4180} INFO - Setting next_dagrun for dataset_alias_example_alias_producer to None, run_after=None
[2024-10-25T07:20:20.246+0000] {logging_mixin.py:190} INFO - [2024-10-25T07:20:20.246+0000] {dag.py:4180} INFO - Setting next_dagrun for dataset_s3_bucket_consumer to None, run_after=None
[2024-10-25T07:20:20.248+0000] {logging_mixin.py:190} INFO - [2024-10-25T07:20:20.248+0000] {dag.py:4180} INFO - Setting next_dagrun for dataset_s3_bucket_producer to None, run_after=None
[2024-10-25T07:20:20.281+0000] {processor.py:208} INFO - Processing /home/airflow/.local/lib/python3.12/site-packages/airflow/example_dags/example_dataset_alias.py took 0.258 seconds
[2024-10-25T07:20:50.794+0000] {processor.py:186} INFO - Started process (PID=896) to work on /home/airflow/.local/lib/python3.12/site-packages/airflow/example_dags/example_dataset_alias.py
[2024-10-25T07:20:50.796+0000] {processor.py:914} INFO - Processing file /home/airflow/.local/lib/python3.12/site-packages/airflow/example_dags/example_dataset_alias.py for tasks to queue
[2024-10-25T07:20:50.798+0000] {logging_mixin.py:190} INFO - [2024-10-25T07:20:50.798+0000] {dagbag.py:588} INFO - Filling up the DagBag from /home/airflow/.local/lib/python3.12/site-packages/airflow/example_dags/example_dataset_alias.py
[2024-10-25T07:20:50.884+0000] {processor.py:925} INFO - DAG(s) 'dataset_alias_example_alias_consumer', 'dataset_alias_example_alias_producer', 'dataset_s3_bucket_consumer', 'dataset_s3_bucket_producer' retrieved from /home/airflow/.local/lib/python3.12/site-packages/airflow/example_dags/example_dataset_alias.py
[2024-10-25T07:20:50.908+0000] {logging_mixin.py:190} INFO - [2024-10-25T07:20:50.907+0000] {dag.py:3239} INFO - Sync 4 DAGs
[2024-10-25T07:20:50.930+0000] {logging_mixin.py:190} INFO - [2024-10-25T07:20:50.930+0000] {dag.py:4180} INFO - Setting next_dagrun for dataset_alias_example_alias_consumer to None, run_after=None
[2024-10-25T07:20:50.934+0000] {logging_mixin.py:190} INFO - [2024-10-25T07:20:50.933+0000] {dag.py:4180} INFO - Setting next_dagrun for dataset_alias_example_alias_producer to None, run_after=None
[2024-10-25T07:20:50.935+0000] {logging_mixin.py:190} INFO - [2024-10-25T07:20:50.935+0000] {dag.py:4180} INFO - Setting next_dagrun for dataset_s3_bucket_consumer to None, run_after=None
[2024-10-25T07:20:50.937+0000] {logging_mixin.py:190} INFO - [2024-10-25T07:20:50.937+0000] {dag.py:4180} INFO - Setting next_dagrun for dataset_s3_bucket_producer to None, run_after=None
[2024-10-25T07:20:50.959+0000] {processor.py:208} INFO - Processing /home/airflow/.local/lib/python3.12/site-packages/airflow/example_dags/example_dataset_alias.py took 0.170 seconds
[2024-10-25T07:21:21.071+0000] {processor.py:186} INFO - Started process (PID=965) to work on /home/airflow/.local/lib/python3.12/site-packages/airflow/example_dags/example_dataset_alias.py
[2024-10-25T07:21:21.073+0000] {processor.py:914} INFO - Processing file /home/airflow/.local/lib/python3.12/site-packages/airflow/example_dags/example_dataset_alias.py for tasks to queue
[2024-10-25T07:21:21.075+0000] {logging_mixin.py:190} INFO - [2024-10-25T07:21:21.075+0000] {dagbag.py:588} INFO - Filling up the DagBag from /home/airflow/.local/lib/python3.12/site-packages/airflow/example_dags/example_dataset_alias.py
[2024-10-25T07:21:21.163+0000] {processor.py:925} INFO - DAG(s) 'dataset_s3_bucket_consumer', 'dataset_s3_bucket_producer', 'dataset_alias_example_alias_consumer', 'dataset_alias_example_alias_producer' retrieved from /home/airflow/.local/lib/python3.12/site-packages/airflow/example_dags/example_dataset_alias.py
[2024-10-25T07:21:21.189+0000] {logging_mixin.py:190} INFO - [2024-10-25T07:21:21.189+0000] {dag.py:3239} INFO - Sync 4 DAGs
[2024-10-25T07:21:21.211+0000] {logging_mixin.py:190} INFO - [2024-10-25T07:21:21.210+0000] {dag.py:4180} INFO - Setting next_dagrun for dataset_alias_example_alias_consumer to None, run_after=None
[2024-10-25T07:21:21.214+0000] {logging_mixin.py:190} INFO - [2024-10-25T07:21:21.214+0000] {dag.py:4180} INFO - Setting next_dagrun for dataset_alias_example_alias_producer to None, run_after=None
[2024-10-25T07:21:21.216+0000] {logging_mixin.py:190} INFO - [2024-10-25T07:21:21.216+0000] {dag.py:4180} INFO - Setting next_dagrun for dataset_s3_bucket_consumer to None, run_after=None
[2024-10-25T07:21:21.218+0000] {logging_mixin.py:190} INFO - [2024-10-25T07:21:21.218+0000] {dag.py:4180} INFO - Setting next_dagrun for dataset_s3_bucket_producer to None, run_after=None
[2024-10-25T07:21:21.245+0000] {processor.py:208} INFO - Processing /home/airflow/.local/lib/python3.12/site-packages/airflow/example_dags/example_dataset_alias.py took 0.178 seconds
[2024-10-25T07:21:51.451+0000] {processor.py:186} INFO - Started process (PID=1034) to work on /home/airflow/.local/lib/python3.12/site-packages/airflow/example_dags/example_dataset_alias.py
[2024-10-25T07:21:51.452+0000] {processor.py:914} INFO - Processing file /home/airflow/.local/lib/python3.12/site-packages/airflow/example_dags/example_dataset_alias.py for tasks to queue
[2024-10-25T07:21:51.455+0000] {logging_mixin.py:190} INFO - [2024-10-25T07:21:51.455+0000] {dagbag.py:588} INFO - Filling up the DagBag from /home/airflow/.local/lib/python3.12/site-packages/airflow/example_dags/example_dataset_alias.py
[2024-10-25T07:21:51.542+0000] {processor.py:925} INFO - DAG(s) 'dataset_s3_bucket_producer', 'dataset_alias_example_alias_producer', 'dataset_alias_example_alias_consumer', 'dataset_s3_bucket_consumer' retrieved from /home/airflow/.local/lib/python3.12/site-packages/airflow/example_dags/example_dataset_alias.py
[2024-10-25T07:21:51.567+0000] {logging_mixin.py:190} INFO - [2024-10-25T07:21:51.567+0000] {dag.py:3239} INFO - Sync 4 DAGs
[2024-10-25T07:21:51.591+0000] {logging_mixin.py:190} INFO - [2024-10-25T07:21:51.591+0000] {dag.py:4180} INFO - Setting next_dagrun for dataset_alias_example_alias_consumer to None, run_after=None
[2024-10-25T07:21:51.595+0000] {logging_mixin.py:190} INFO - [2024-10-25T07:21:51.594+0000] {dag.py:4180} INFO - Setting next_dagrun for dataset_alias_example_alias_producer to None, run_after=None
[2024-10-25T07:21:51.597+0000] {logging_mixin.py:190} INFO - [2024-10-25T07:21:51.597+0000] {dag.py:4180} INFO - Setting next_dagrun for dataset_s3_bucket_consumer to None, run_after=None
[2024-10-25T07:21:51.600+0000] {logging_mixin.py:190} INFO - [2024-10-25T07:21:51.600+0000] {dag.py:4180} INFO - Setting next_dagrun for dataset_s3_bucket_producer to None, run_after=None
[2024-10-25T07:21:51.626+0000] {processor.py:208} INFO - Processing /home/airflow/.local/lib/python3.12/site-packages/airflow/example_dags/example_dataset_alias.py took 0.179 seconds
[2024-10-25T07:22:22.086+0000] {processor.py:186} INFO - Started process (PID=1103) to work on /home/airflow/.local/lib/python3.12/site-packages/airflow/example_dags/example_dataset_alias.py
[2024-10-25T07:22:22.088+0000] {processor.py:914} INFO - Processing file /home/airflow/.local/lib/python3.12/site-packages/airflow/example_dags/example_dataset_alias.py for tasks to queue
[2024-10-25T07:22:22.091+0000] {logging_mixin.py:190} INFO - [2024-10-25T07:22:22.090+0000] {dagbag.py:588} INFO - Filling up the DagBag from /home/airflow/.local/lib/python3.12/site-packages/airflow/example_dags/example_dataset_alias.py
[2024-10-25T07:22:22.232+0000] {processor.py:925} INFO - DAG(s) 'dataset_s3_bucket_producer', 'dataset_alias_example_alias_producer', 'dataset_alias_example_alias_consumer', 'dataset_s3_bucket_consumer' retrieved from /home/airflow/.local/lib/python3.12/site-packages/airflow/example_dags/example_dataset_alias.py
[2024-10-25T07:22:22.268+0000] {logging_mixin.py:190} INFO - [2024-10-25T07:22:22.268+0000] {dag.py:3239} INFO - Sync 4 DAGs
[2024-10-25T07:22:22.295+0000] {logging_mixin.py:190} INFO - [2024-10-25T07:22:22.294+0000] {dag.py:4180} INFO - Setting next_dagrun for dataset_alias_example_alias_consumer to None, run_after=None
[2024-10-25T07:22:22.298+0000] {logging_mixin.py:190} INFO - [2024-10-25T07:22:22.298+0000] {dag.py:4180} INFO - Setting next_dagrun for dataset_alias_example_alias_producer to None, run_after=None
[2024-10-25T07:22:22.302+0000] {logging_mixin.py:190} INFO - [2024-10-25T07:22:22.301+0000] {dag.py:4180} INFO - Setting next_dagrun for dataset_s3_bucket_consumer to None, run_after=None
[2024-10-25T07:22:22.305+0000] {logging_mixin.py:190} INFO - [2024-10-25T07:22:22.304+0000] {dag.py:4180} INFO - Setting next_dagrun for dataset_s3_bucket_producer to None, run_after=None
[2024-10-25T07:22:22.330+0000] {processor.py:208} INFO - Processing /home/airflow/.local/lib/python3.12/site-packages/airflow/example_dags/example_dataset_alias.py took 0.252 seconds
[2024-10-25T07:22:52.615+0000] {processor.py:186} INFO - Started process (PID=1172) to work on /home/airflow/.local/lib/python3.12/site-packages/airflow/example_dags/example_dataset_alias.py
[2024-10-25T07:22:52.616+0000] {processor.py:914} INFO - Processing file /home/airflow/.local/lib/python3.12/site-packages/airflow/example_dags/example_dataset_alias.py for tasks to queue
[2024-10-25T07:22:52.621+0000] {logging_mixin.py:190} INFO - [2024-10-25T07:22:52.621+0000] {dagbag.py:588} INFO - Filling up the DagBag from /home/airflow/.local/lib/python3.12/site-packages/airflow/example_dags/example_dataset_alias.py
[2024-10-25T07:22:52.760+0000] {processor.py:925} INFO - DAG(s) 'dataset_alias_example_alias_consumer', 'dataset_s3_bucket_consumer', 'dataset_alias_example_alias_producer', 'dataset_s3_bucket_producer' retrieved from /home/airflow/.local/lib/python3.12/site-packages/airflow/example_dags/example_dataset_alias.py
[2024-10-25T07:22:52.794+0000] {logging_mixin.py:190} INFO - [2024-10-25T07:22:52.794+0000] {dag.py:3239} INFO - Sync 4 DAGs
[2024-10-25T07:22:52.821+0000] {logging_mixin.py:190} INFO - [2024-10-25T07:22:52.821+0000] {dag.py:4180} INFO - Setting next_dagrun for dataset_alias_example_alias_consumer to None, run_after=None
[2024-10-25T07:22:52.826+0000] {logging_mixin.py:190} INFO - [2024-10-25T07:22:52.826+0000] {dag.py:4180} INFO - Setting next_dagrun for dataset_alias_example_alias_producer to None, run_after=None
[2024-10-25T07:22:52.829+0000] {logging_mixin.py:190} INFO - [2024-10-25T07:22:52.829+0000] {dag.py:4180} INFO - Setting next_dagrun for dataset_s3_bucket_consumer to None, run_after=None
[2024-10-25T07:22:52.832+0000] {logging_mixin.py:190} INFO - [2024-10-25T07:22:52.831+0000] {dag.py:4180} INFO - Setting next_dagrun for dataset_s3_bucket_producer to None, run_after=None
[2024-10-25T07:22:52.866+0000] {processor.py:208} INFO - Processing /home/airflow/.local/lib/python3.12/site-packages/airflow/example_dags/example_dataset_alias.py took 0.259 seconds
[2024-10-25T07:23:22.984+0000] {processor.py:186} INFO - Started process (PID=1241) to work on /home/airflow/.local/lib/python3.12/site-packages/airflow/example_dags/example_dataset_alias.py
[2024-10-25T07:23:22.987+0000] {processor.py:914} INFO - Processing file /home/airflow/.local/lib/python3.12/site-packages/airflow/example_dags/example_dataset_alias.py for tasks to queue
[2024-10-25T07:23:22.991+0000] {logging_mixin.py:190} INFO - [2024-10-25T07:23:22.991+0000] {dagbag.py:588} INFO - Filling up the DagBag from /home/airflow/.local/lib/python3.12/site-packages/airflow/example_dags/example_dataset_alias.py
[2024-10-25T07:23:23.112+0000] {processor.py:925} INFO - DAG(s) 'dataset_s3_bucket_consumer', 'dataset_alias_example_alias_consumer', 'dataset_alias_example_alias_producer', 'dataset_s3_bucket_producer' retrieved from /home/airflow/.local/lib/python3.12/site-packages/airflow/example_dags/example_dataset_alias.py
[2024-10-25T07:23:23.145+0000] {logging_mixin.py:190} INFO - [2024-10-25T07:23:23.144+0000] {dag.py:3239} INFO - Sync 4 DAGs
[2024-10-25T07:23:23.179+0000] {logging_mixin.py:190} INFO - [2024-10-25T07:23:23.179+0000] {dag.py:4180} INFO - Setting next_dagrun for dataset_alias_example_alias_consumer to None, run_after=None
[2024-10-25T07:23:23.184+0000] {logging_mixin.py:190} INFO - [2024-10-25T07:23:23.184+0000] {dag.py:4180} INFO - Setting next_dagrun for dataset_alias_example_alias_producer to None, run_after=None
[2024-10-25T07:23:23.188+0000] {logging_mixin.py:190} INFO - [2024-10-25T07:23:23.187+0000] {dag.py:4180} INFO - Setting next_dagrun for dataset_s3_bucket_consumer to None, run_after=None
[2024-10-25T07:23:23.190+0000] {logging_mixin.py:190} INFO - [2024-10-25T07:23:23.190+0000] {dag.py:4180} INFO - Setting next_dagrun for dataset_s3_bucket_producer to None, run_after=None
[2024-10-25T07:23:23.227+0000] {processor.py:208} INFO - Processing /home/airflow/.local/lib/python3.12/site-packages/airflow/example_dags/example_dataset_alias.py took 0.249 seconds
[2024-10-25T07:23:53.579+0000] {processor.py:186} INFO - Started process (PID=1310) to work on /home/airflow/.local/lib/python3.12/site-packages/airflow/example_dags/example_dataset_alias.py
[2024-10-25T07:23:53.581+0000] {processor.py:914} INFO - Processing file /home/airflow/.local/lib/python3.12/site-packages/airflow/example_dags/example_dataset_alias.py for tasks to queue
[2024-10-25T07:23:53.584+0000] {logging_mixin.py:190} INFO - [2024-10-25T07:23:53.584+0000] {dagbag.py:588} INFO - Filling up the DagBag from /home/airflow/.local/lib/python3.12/site-packages/airflow/example_dags/example_dataset_alias.py
[2024-10-25T07:23:53.670+0000] {processor.py:925} INFO - DAG(s) 'dataset_alias_example_alias_producer', 'dataset_alias_example_alias_consumer', 'dataset_s3_bucket_producer', 'dataset_s3_bucket_consumer' retrieved from /home/airflow/.local/lib/python3.12/site-packages/airflow/example_dags/example_dataset_alias.py
[2024-10-25T07:23:53.691+0000] {logging_mixin.py:190} INFO - [2024-10-25T07:23:53.691+0000] {dag.py:3239} INFO - Sync 4 DAGs
[2024-10-25T07:23:53.710+0000] {logging_mixin.py:190} INFO - [2024-10-25T07:23:53.709+0000] {dag.py:4180} INFO - Setting next_dagrun for dataset_alias_example_alias_consumer to None, run_after=None
[2024-10-25T07:23:53.712+0000] {logging_mixin.py:190} INFO - [2024-10-25T07:23:53.712+0000] {dag.py:4180} INFO - Setting next_dagrun for dataset_alias_example_alias_producer to None, run_after=None
[2024-10-25T07:23:53.714+0000] {logging_mixin.py:190} INFO - [2024-10-25T07:23:53.714+0000] {dag.py:4180} INFO - Setting next_dagrun for dataset_s3_bucket_consumer to None, run_after=None
[2024-10-25T07:23:53.716+0000] {logging_mixin.py:190} INFO - [2024-10-25T07:23:53.715+0000] {dag.py:4180} INFO - Setting next_dagrun for dataset_s3_bucket_producer to None, run_after=None
[2024-10-25T07:23:53.806+0000] {processor.py:208} INFO - Processing /home/airflow/.local/lib/python3.12/site-packages/airflow/example_dags/example_dataset_alias.py took 0.232 seconds
[2024-10-25T07:24:24.055+0000] {processor.py:186} INFO - Started process (PID=1379) to work on /home/airflow/.local/lib/python3.12/site-packages/airflow/example_dags/example_dataset_alias.py
[2024-10-25T07:24:24.057+0000] {processor.py:914} INFO - Processing file /home/airflow/.local/lib/python3.12/site-packages/airflow/example_dags/example_dataset_alias.py for tasks to queue
[2024-10-25T07:24:24.060+0000] {logging_mixin.py:190} INFO - [2024-10-25T07:24:24.060+0000] {dagbag.py:588} INFO - Filling up the DagBag from /home/airflow/.local/lib/python3.12/site-packages/airflow/example_dags/example_dataset_alias.py
[2024-10-25T07:24:24.172+0000] {processor.py:925} INFO - DAG(s) 'dataset_alias_example_alias_producer', 'dataset_s3_bucket_producer', 'dataset_s3_bucket_consumer', 'dataset_alias_example_alias_consumer' retrieved from /home/airflow/.local/lib/python3.12/site-packages/airflow/example_dags/example_dataset_alias.py
[2024-10-25T07:24:24.205+0000] {logging_mixin.py:190} INFO - [2024-10-25T07:24:24.205+0000] {dag.py:3239} INFO - Sync 4 DAGs
[2024-10-25T07:24:24.231+0000] {logging_mixin.py:190} INFO - [2024-10-25T07:24:24.231+0000] {dag.py:4180} INFO - Setting next_dagrun for dataset_alias_example_alias_consumer to None, run_after=None
[2024-10-25T07:24:24.235+0000] {logging_mixin.py:190} INFO - [2024-10-25T07:24:24.235+0000] {dag.py:4180} INFO - Setting next_dagrun for dataset_alias_example_alias_producer to None, run_after=None
[2024-10-25T07:24:24.238+0000] {logging_mixin.py:190} INFO - [2024-10-25T07:24:24.237+0000] {dag.py:4180} INFO - Setting next_dagrun for dataset_s3_bucket_consumer to None, run_after=None
[2024-10-25T07:24:24.240+0000] {logging_mixin.py:190} INFO - [2024-10-25T07:24:24.240+0000] {dag.py:4180} INFO - Setting next_dagrun for dataset_s3_bucket_producer to None, run_after=None
[2024-10-25T07:24:24.274+0000] {processor.py:208} INFO - Processing /home/airflow/.local/lib/python3.12/site-packages/airflow/example_dags/example_dataset_alias.py took 0.224 seconds
[2024-10-25T07:24:54.407+0000] {processor.py:186} INFO - Started process (PID=1448) to work on /home/airflow/.local/lib/python3.12/site-packages/airflow/example_dags/example_dataset_alias.py
[2024-10-25T07:24:54.408+0000] {processor.py:914} INFO - Processing file /home/airflow/.local/lib/python3.12/site-packages/airflow/example_dags/example_dataset_alias.py for tasks to queue
[2024-10-25T07:24:54.412+0000] {logging_mixin.py:190} INFO - [2024-10-25T07:24:54.412+0000] {dagbag.py:588} INFO - Filling up the DagBag from /home/airflow/.local/lib/python3.12/site-packages/airflow/example_dags/example_dataset_alias.py
[2024-10-25T07:24:54.498+0000] {processor.py:925} INFO - DAG(s) 'dataset_alias_example_alias_producer', 'dataset_s3_bucket_consumer', 'dataset_alias_example_alias_consumer', 'dataset_s3_bucket_producer' retrieved from /home/airflow/.local/lib/python3.12/site-packages/airflow/example_dags/example_dataset_alias.py
[2024-10-25T07:24:54.519+0000] {logging_mixin.py:190} INFO - [2024-10-25T07:24:54.519+0000] {dag.py:3239} INFO - Sync 4 DAGs
[2024-10-25T07:24:54.541+0000] {logging_mixin.py:190} INFO - [2024-10-25T07:24:54.541+0000] {dag.py:4180} INFO - Setting next_dagrun for dataset_alias_example_alias_consumer to None, run_after=None
[2024-10-25T07:24:54.544+0000] {logging_mixin.py:190} INFO - [2024-10-25T07:24:54.544+0000] {dag.py:4180} INFO - Setting next_dagrun for dataset_alias_example_alias_producer to None, run_after=None
[2024-10-25T07:24:54.546+0000] {logging_mixin.py:190} INFO - [2024-10-25T07:24:54.546+0000] {dag.py:4180} INFO - Setting next_dagrun for dataset_s3_bucket_consumer to None, run_after=None
[2024-10-25T07:24:54.548+0000] {logging_mixin.py:190} INFO - [2024-10-25T07:24:54.548+0000] {dag.py:4180} INFO - Setting next_dagrun for dataset_s3_bucket_producer to None, run_after=None
[2024-10-25T07:24:54.576+0000] {processor.py:208} INFO - Processing /home/airflow/.local/lib/python3.12/site-packages/airflow/example_dags/example_dataset_alias.py took 0.176 seconds
[2024-10-25T07:25:24.966+0000] {processor.py:186} INFO - Started process (PID=1517) to work on /home/airflow/.local/lib/python3.12/site-packages/airflow/example_dags/example_dataset_alias.py
[2024-10-25T07:25:24.967+0000] {processor.py:914} INFO - Processing file /home/airflow/.local/lib/python3.12/site-packages/airflow/example_dags/example_dataset_alias.py for tasks to queue
[2024-10-25T07:25:24.971+0000] {logging_mixin.py:190} INFO - [2024-10-25T07:25:24.970+0000] {dagbag.py:588} INFO - Filling up the DagBag from /home/airflow/.local/lib/python3.12/site-packages/airflow/example_dags/example_dataset_alias.py
[2024-10-25T07:25:25.095+0000] {processor.py:925} INFO - DAG(s) 'dataset_s3_bucket_producer', 'dataset_s3_bucket_consumer', 'dataset_alias_example_alias_producer', 'dataset_alias_example_alias_consumer' retrieved from /home/airflow/.local/lib/python3.12/site-packages/airflow/example_dags/example_dataset_alias.py
[2024-10-25T07:25:25.129+0000] {logging_mixin.py:190} INFO - [2024-10-25T07:25:25.129+0000] {dag.py:3239} INFO - Sync 4 DAGs
[2024-10-25T07:25:25.157+0000] {logging_mixin.py:190} INFO - [2024-10-25T07:25:25.157+0000] {dag.py:4180} INFO - Setting next_dagrun for dataset_alias_example_alias_consumer to None, run_after=None
[2024-10-25T07:25:25.161+0000] {logging_mixin.py:190} INFO - [2024-10-25T07:25:25.161+0000] {dag.py:4180} INFO - Setting next_dagrun for dataset_alias_example_alias_producer to None, run_after=None
[2024-10-25T07:25:25.163+0000] {logging_mixin.py:190} INFO - [2024-10-25T07:25:25.163+0000] {dag.py:4180} INFO - Setting next_dagrun for dataset_s3_bucket_consumer to None, run_after=None
[2024-10-25T07:25:25.165+0000] {logging_mixin.py:190} INFO - [2024-10-25T07:25:25.165+0000] {dag.py:4180} INFO - Setting next_dagrun for dataset_s3_bucket_producer to None, run_after=None
[2024-10-25T07:25:25.193+0000] {processor.py:208} INFO - Processing /home/airflow/.local/lib/python3.12/site-packages/airflow/example_dags/example_dataset_alias.py took 0.234 seconds
[2024-10-25T07:25:55.305+0000] {processor.py:186} INFO - Started process (PID=1586) to work on /home/airflow/.local/lib/python3.12/site-packages/airflow/example_dags/example_dataset_alias.py
[2024-10-25T07:25:55.307+0000] {processor.py:914} INFO - Processing file /home/airflow/.local/lib/python3.12/site-packages/airflow/example_dags/example_dataset_alias.py for tasks to queue
[2024-10-25T07:25:55.312+0000] {logging_mixin.py:190} INFO - [2024-10-25T07:25:55.312+0000] {dagbag.py:588} INFO - Filling up the DagBag from /home/airflow/.local/lib/python3.12/site-packages/airflow/example_dags/example_dataset_alias.py
[2024-10-25T07:25:55.557+0000] {processor.py:925} INFO - DAG(s) 'dataset_alias_example_alias_consumer', 'dataset_s3_bucket_producer', 'dataset_alias_example_alias_producer', 'dataset_s3_bucket_consumer' retrieved from /home/airflow/.local/lib/python3.12/site-packages/airflow/example_dags/example_dataset_alias.py
[2024-10-25T07:25:55.637+0000] {logging_mixin.py:190} INFO - [2024-10-25T07:25:55.636+0000] {dag.py:3239} INFO - Sync 4 DAGs
[2024-10-25T07:25:55.799+0000] {logging_mixin.py:190} INFO - [2024-10-25T07:25:55.797+0000] {dag.py:4180} INFO - Setting next_dagrun for dataset_alias_example_alias_consumer to None, run_after=None
[2024-10-25T07:25:55.823+0000] {logging_mixin.py:190} INFO - [2024-10-25T07:25:55.822+0000] {dag.py:4180} INFO - Setting next_dagrun for dataset_alias_example_alias_producer to None, run_after=None
[2024-10-25T07:25:55.831+0000] {logging_mixin.py:190} INFO - [2024-10-25T07:25:55.831+0000] {dag.py:4180} INFO - Setting next_dagrun for dataset_s3_bucket_consumer to None, run_after=None
[2024-10-25T07:25:55.835+0000] {logging_mixin.py:190} INFO - [2024-10-25T07:25:55.835+0000] {dag.py:4180} INFO - Setting next_dagrun for dataset_s3_bucket_producer to None, run_after=None
[2024-10-25T07:25:56.789+0000] {processor.py:208} INFO - Processing /home/airflow/.local/lib/python3.12/site-packages/airflow/example_dags/example_dataset_alias.py took 1.496 seconds
[2024-10-25T07:26:27.229+0000] {processor.py:186} INFO - Started process (PID=1662) to work on /home/airflow/.local/lib/python3.12/site-packages/airflow/example_dags/example_dataset_alias.py
[2024-10-25T07:26:27.230+0000] {processor.py:914} INFO - Processing file /home/airflow/.local/lib/python3.12/site-packages/airflow/example_dags/example_dataset_alias.py for tasks to queue
[2024-10-25T07:26:27.233+0000] {logging_mixin.py:190} INFO - [2024-10-25T07:26:27.232+0000] {dagbag.py:588} INFO - Filling up the DagBag from /home/airflow/.local/lib/python3.12/site-packages/airflow/example_dags/example_dataset_alias.py
[2024-10-25T07:26:27.351+0000] {processor.py:925} INFO - DAG(s) 'dataset_alias_example_alias_producer', 'dataset_alias_example_alias_consumer', 'dataset_s3_bucket_consumer', 'dataset_s3_bucket_producer' retrieved from /home/airflow/.local/lib/python3.12/site-packages/airflow/example_dags/example_dataset_alias.py
[2024-10-25T07:26:27.380+0000] {logging_mixin.py:190} INFO - [2024-10-25T07:26:27.380+0000] {dag.py:3239} INFO - Sync 4 DAGs
[2024-10-25T07:26:27.402+0000] {logging_mixin.py:190} INFO - [2024-10-25T07:26:27.402+0000] {dag.py:4180} INFO - Setting next_dagrun for dataset_alias_example_alias_consumer to None, run_after=None
[2024-10-25T07:26:27.407+0000] {logging_mixin.py:190} INFO - [2024-10-25T07:26:27.407+0000] {dag.py:4180} INFO - Setting next_dagrun for dataset_alias_example_alias_producer to None, run_after=None
[2024-10-25T07:26:27.409+0000] {logging_mixin.py:190} INFO - [2024-10-25T07:26:27.409+0000] {dag.py:4180} INFO - Setting next_dagrun for dataset_s3_bucket_consumer to None, run_after=None
[2024-10-25T07:26:27.411+0000] {logging_mixin.py:190} INFO - [2024-10-25T07:26:27.411+0000] {dag.py:4180} INFO - Setting next_dagrun for dataset_s3_bucket_producer to None, run_after=None
[2024-10-25T07:26:27.436+0000] {processor.py:208} INFO - Processing /home/airflow/.local/lib/python3.12/site-packages/airflow/example_dags/example_dataset_alias.py took 0.213 seconds
[2024-10-25T07:26:57.664+0000] {processor.py:186} INFO - Started process (PID=1731) to work on /home/airflow/.local/lib/python3.12/site-packages/airflow/example_dags/example_dataset_alias.py
[2024-10-25T07:26:57.665+0000] {processor.py:914} INFO - Processing file /home/airflow/.local/lib/python3.12/site-packages/airflow/example_dags/example_dataset_alias.py for tasks to queue
[2024-10-25T07:26:57.672+0000] {logging_mixin.py:190} INFO - [2024-10-25T07:26:57.671+0000] {dagbag.py:588} INFO - Filling up the DagBag from /home/airflow/.local/lib/python3.12/site-packages/airflow/example_dags/example_dataset_alias.py
[2024-10-25T07:26:57.781+0000] {processor.py:925} INFO - DAG(s) 'dataset_s3_bucket_consumer', 'dataset_s3_bucket_producer', 'dataset_alias_example_alias_consumer', 'dataset_alias_example_alias_producer' retrieved from /home/airflow/.local/lib/python3.12/site-packages/airflow/example_dags/example_dataset_alias.py
[2024-10-25T07:26:57.813+0000] {logging_mixin.py:190} INFO - [2024-10-25T07:26:57.813+0000] {dag.py:3239} INFO - Sync 4 DAGs
[2024-10-25T07:26:57.842+0000] {logging_mixin.py:190} INFO - [2024-10-25T07:26:57.841+0000] {dag.py:4180} INFO - Setting next_dagrun for dataset_alias_example_alias_consumer to None, run_after=None
[2024-10-25T07:26:57.846+0000] {logging_mixin.py:190} INFO - [2024-10-25T07:26:57.845+0000] {dag.py:4180} INFO - Setting next_dagrun for dataset_alias_example_alias_producer to None, run_after=None
[2024-10-25T07:26:57.848+0000] {logging_mixin.py:190} INFO - [2024-10-25T07:26:57.848+0000] {dag.py:4180} INFO - Setting next_dagrun for dataset_s3_bucket_consumer to None, run_after=None
[2024-10-25T07:26:57.851+0000] {logging_mixin.py:190} INFO - [2024-10-25T07:26:57.850+0000] {dag.py:4180} INFO - Setting next_dagrun for dataset_s3_bucket_producer to None, run_after=None
[2024-10-25T07:26:57.878+0000] {processor.py:208} INFO - Processing /home/airflow/.local/lib/python3.12/site-packages/airflow/example_dags/example_dataset_alias.py took 0.225 seconds
[2024-10-25T07:27:28.019+0000] {processor.py:186} INFO - Started process (PID=1800) to work on /home/airflow/.local/lib/python3.12/site-packages/airflow/example_dags/example_dataset_alias.py
[2024-10-25T07:27:28.021+0000] {processor.py:914} INFO - Processing file /home/airflow/.local/lib/python3.12/site-packages/airflow/example_dags/example_dataset_alias.py for tasks to queue
[2024-10-25T07:27:28.025+0000] {logging_mixin.py:190} INFO - [2024-10-25T07:27:28.024+0000] {dagbag.py:588} INFO - Filling up the DagBag from /home/airflow/.local/lib/python3.12/site-packages/airflow/example_dags/example_dataset_alias.py
[2024-10-25T07:27:28.116+0000] {processor.py:925} INFO - DAG(s) 'dataset_alias_example_alias_consumer', 'dataset_alias_example_alias_producer', 'dataset_s3_bucket_producer', 'dataset_s3_bucket_consumer' retrieved from /home/airflow/.local/lib/python3.12/site-packages/airflow/example_dags/example_dataset_alias.py
[2024-10-25T07:27:28.143+0000] {logging_mixin.py:190} INFO - [2024-10-25T07:27:28.142+0000] {dag.py:3239} INFO - Sync 4 DAGs
[2024-10-25T07:27:28.164+0000] {logging_mixin.py:190} INFO - [2024-10-25T07:27:28.163+0000] {dag.py:4180} INFO - Setting next_dagrun for dataset_alias_example_alias_consumer to None, run_after=None
[2024-10-25T07:27:28.167+0000] {logging_mixin.py:190} INFO - [2024-10-25T07:27:28.166+0000] {dag.py:4180} INFO - Setting next_dagrun for dataset_alias_example_alias_producer to None, run_after=None
[2024-10-25T07:27:28.169+0000] {logging_mixin.py:190} INFO - [2024-10-25T07:27:28.169+0000] {dag.py:4180} INFO - Setting next_dagrun for dataset_s3_bucket_consumer to None, run_after=None
[2024-10-25T07:27:28.171+0000] {logging_mixin.py:190} INFO - [2024-10-25T07:27:28.171+0000] {dag.py:4180} INFO - Setting next_dagrun for dataset_s3_bucket_producer to None, run_after=None
[2024-10-25T07:27:28.196+0000] {processor.py:208} INFO - Processing /home/airflow/.local/lib/python3.12/site-packages/airflow/example_dags/example_dataset_alias.py took 0.181 seconds
[2024-10-25T07:27:58.547+0000] {processor.py:186} INFO - Started process (PID=1869) to work on /home/airflow/.local/lib/python3.12/site-packages/airflow/example_dags/example_dataset_alias.py
[2024-10-25T07:27:58.549+0000] {processor.py:914} INFO - Processing file /home/airflow/.local/lib/python3.12/site-packages/airflow/example_dags/example_dataset_alias.py for tasks to queue
[2024-10-25T07:27:58.553+0000] {logging_mixin.py:190} INFO - [2024-10-25T07:27:58.553+0000] {dagbag.py:588} INFO - Filling up the DagBag from /home/airflow/.local/lib/python3.12/site-packages/airflow/example_dags/example_dataset_alias.py
[2024-10-25T07:27:58.638+0000] {processor.py:925} INFO - DAG(s) 'dataset_alias_example_alias_consumer', 'dataset_alias_example_alias_producer', 'dataset_s3_bucket_consumer', 'dataset_s3_bucket_producer' retrieved from /home/airflow/.local/lib/python3.12/site-packages/airflow/example_dags/example_dataset_alias.py
[2024-10-25T07:27:58.662+0000] {logging_mixin.py:190} INFO - [2024-10-25T07:27:58.661+0000] {dag.py:3239} INFO - Sync 4 DAGs
[2024-10-25T07:27:58.687+0000] {logging_mixin.py:190} INFO - [2024-10-25T07:27:58.686+0000] {dag.py:4180} INFO - Setting next_dagrun for dataset_alias_example_alias_consumer to None, run_after=None
[2024-10-25T07:27:58.689+0000] {logging_mixin.py:190} INFO - [2024-10-25T07:27:58.689+0000] {dag.py:4180} INFO - Setting next_dagrun for dataset_alias_example_alias_producer to None, run_after=None
[2024-10-25T07:27:58.692+0000] {logging_mixin.py:190} INFO - [2024-10-25T07:27:58.691+0000] {dag.py:4180} INFO - Setting next_dagrun for dataset_s3_bucket_consumer to None, run_after=None
[2024-10-25T07:27:58.694+0000] {logging_mixin.py:190} INFO - [2024-10-25T07:27:58.694+0000] {dag.py:4180} INFO - Setting next_dagrun for dataset_s3_bucket_producer to None, run_after=None
[2024-10-25T07:27:58.744+0000] {processor.py:208} INFO - Processing /home/airflow/.local/lib/python3.12/site-packages/airflow/example_dags/example_dataset_alias.py took 0.202 seconds
[2024-10-25T07:28:29.093+0000] {processor.py:186} INFO - Started process (PID=1938) to work on /home/airflow/.local/lib/python3.12/site-packages/airflow/example_dags/example_dataset_alias.py
[2024-10-25T07:28:29.095+0000] {processor.py:914} INFO - Processing file /home/airflow/.local/lib/python3.12/site-packages/airflow/example_dags/example_dataset_alias.py for tasks to queue
[2024-10-25T07:28:29.098+0000] {logging_mixin.py:190} INFO - [2024-10-25T07:28:29.098+0000] {dagbag.py:588} INFO - Filling up the DagBag from /home/airflow/.local/lib/python3.12/site-packages/airflow/example_dags/example_dataset_alias.py
[2024-10-25T07:28:29.262+0000] {processor.py:925} INFO - DAG(s) 'dataset_alias_example_alias_producer', 'dataset_s3_bucket_consumer', 'dataset_s3_bucket_producer', 'dataset_alias_example_alias_consumer' retrieved from /home/airflow/.local/lib/python3.12/site-packages/airflow/example_dags/example_dataset_alias.py
[2024-10-25T07:28:29.289+0000] {logging_mixin.py:190} INFO - [2024-10-25T07:28:29.289+0000] {dag.py:3239} INFO - Sync 4 DAGs
[2024-10-25T07:28:29.635+0000] {logging_mixin.py:190} INFO - [2024-10-25T07:28:29.635+0000] {dag.py:4180} INFO - Setting next_dagrun for dataset_alias_example_alias_consumer to None, run_after=None
[2024-10-25T07:28:29.639+0000] {logging_mixin.py:190} INFO - [2024-10-25T07:28:29.638+0000] {dag.py:4180} INFO - Setting next_dagrun for dataset_alias_example_alias_producer to None, run_after=None
[2024-10-25T07:28:29.641+0000] {logging_mixin.py:190} INFO - [2024-10-25T07:28:29.640+0000] {dag.py:4180} INFO - Setting next_dagrun for dataset_s3_bucket_consumer to None, run_after=None
[2024-10-25T07:28:29.643+0000] {logging_mixin.py:190} INFO - [2024-10-25T07:28:29.642+0000] {dag.py:4180} INFO - Setting next_dagrun for dataset_s3_bucket_producer to None, run_after=None
[2024-10-25T07:28:29.668+0000] {processor.py:208} INFO - Processing /home/airflow/.local/lib/python3.12/site-packages/airflow/example_dags/example_dataset_alias.py took 0.580 seconds
[2024-10-25T07:28:59.753+0000] {processor.py:186} INFO - Started process (PID=2007) to work on /home/airflow/.local/lib/python3.12/site-packages/airflow/example_dags/example_dataset_alias.py
[2024-10-25T07:28:59.755+0000] {processor.py:914} INFO - Processing file /home/airflow/.local/lib/python3.12/site-packages/airflow/example_dags/example_dataset_alias.py for tasks to queue
[2024-10-25T07:28:59.758+0000] {logging_mixin.py:190} INFO - [2024-10-25T07:28:59.758+0000] {dagbag.py:588} INFO - Filling up the DagBag from /home/airflow/.local/lib/python3.12/site-packages/airflow/example_dags/example_dataset_alias.py
[2024-10-25T07:28:59.856+0000] {processor.py:925} INFO - DAG(s) 'dataset_s3_bucket_producer', 'dataset_alias_example_alias_producer', 'dataset_alias_example_alias_consumer', 'dataset_s3_bucket_consumer' retrieved from /home/airflow/.local/lib/python3.12/site-packages/airflow/example_dags/example_dataset_alias.py
[2024-10-25T07:28:59.883+0000] {logging_mixin.py:190} INFO - [2024-10-25T07:28:59.883+0000] {dag.py:3239} INFO - Sync 4 DAGs
[2024-10-25T07:28:59.905+0000] {logging_mixin.py:190} INFO - [2024-10-25T07:28:59.905+0000] {dag.py:4180} INFO - Setting next_dagrun for dataset_alias_example_alias_consumer to None, run_after=None
[2024-10-25T07:28:59.909+0000] {logging_mixin.py:190} INFO - [2024-10-25T07:28:59.908+0000] {dag.py:4180} INFO - Setting next_dagrun for dataset_alias_example_alias_producer to None, run_after=None
[2024-10-25T07:28:59.911+0000] {logging_mixin.py:190} INFO - [2024-10-25T07:28:59.911+0000] {dag.py:4180} INFO - Setting next_dagrun for dataset_s3_bucket_consumer to None, run_after=None
[2024-10-25T07:28:59.914+0000] {logging_mixin.py:190} INFO - [2024-10-25T07:28:59.914+0000] {dag.py:4180} INFO - Setting next_dagrun for dataset_s3_bucket_producer to None, run_after=None
[2024-10-25T07:28:59.943+0000] {processor.py:208} INFO - Processing /home/airflow/.local/lib/python3.12/site-packages/airflow/example_dags/example_dataset_alias.py took 0.196 seconds
[2024-10-25T07:29:30.139+0000] {processor.py:186} INFO - Started process (PID=2077) to work on /home/airflow/.local/lib/python3.12/site-packages/airflow/example_dags/example_dataset_alias.py
[2024-10-25T07:29:30.140+0000] {processor.py:914} INFO - Processing file /home/airflow/.local/lib/python3.12/site-packages/airflow/example_dags/example_dataset_alias.py for tasks to queue
[2024-10-25T07:29:30.143+0000] {logging_mixin.py:190} INFO - [2024-10-25T07:29:30.143+0000] {dagbag.py:588} INFO - Filling up the DagBag from /home/airflow/.local/lib/python3.12/site-packages/airflow/example_dags/example_dataset_alias.py
[2024-10-25T07:29:30.224+0000] {processor.py:925} INFO - DAG(s) 'dataset_alias_example_alias_producer', 'dataset_alias_example_alias_consumer', 'dataset_s3_bucket_consumer', 'dataset_s3_bucket_producer' retrieved from /home/airflow/.local/lib/python3.12/site-packages/airflow/example_dags/example_dataset_alias.py
[2024-10-25T07:29:30.243+0000] {logging_mixin.py:190} INFO - [2024-10-25T07:29:30.243+0000] {dag.py:3239} INFO - Sync 4 DAGs
[2024-10-25T07:29:30.262+0000] {logging_mixin.py:190} INFO - [2024-10-25T07:29:30.262+0000] {dag.py:4180} INFO - Setting next_dagrun for dataset_alias_example_alias_consumer to None, run_after=None
[2024-10-25T07:29:30.266+0000] {logging_mixin.py:190} INFO - [2024-10-25T07:29:30.265+0000] {dag.py:4180} INFO - Setting next_dagrun for dataset_alias_example_alias_producer to None, run_after=None
[2024-10-25T07:29:30.268+0000] {logging_mixin.py:190} INFO - [2024-10-25T07:29:30.268+0000] {dag.py:4180} INFO - Setting next_dagrun for dataset_s3_bucket_consumer to None, run_after=None
[2024-10-25T07:29:30.270+0000] {logging_mixin.py:190} INFO - [2024-10-25T07:29:30.270+0000] {dag.py:4180} INFO - Setting next_dagrun for dataset_s3_bucket_producer to None, run_after=None
[2024-10-25T07:29:30.299+0000] {processor.py:208} INFO - Processing /home/airflow/.local/lib/python3.12/site-packages/airflow/example_dags/example_dataset_alias.py took 0.165 seconds
[2024-10-25T07:30:00.444+0000] {processor.py:186} INFO - Started process (PID=2144) to work on /home/airflow/.local/lib/python3.12/site-packages/airflow/example_dags/example_dataset_alias.py
[2024-10-25T07:30:00.445+0000] {processor.py:914} INFO - Processing file /home/airflow/.local/lib/python3.12/site-packages/airflow/example_dags/example_dataset_alias.py for tasks to queue
[2024-10-25T07:30:00.449+0000] {logging_mixin.py:190} INFO - [2024-10-25T07:30:00.449+0000] {dagbag.py:588} INFO - Filling up the DagBag from /home/airflow/.local/lib/python3.12/site-packages/airflow/example_dags/example_dataset_alias.py
[2024-10-25T07:30:00.570+0000] {processor.py:925} INFO - DAG(s) 'dataset_s3_bucket_consumer', 'dataset_alias_example_alias_consumer', 'dataset_alias_example_alias_producer', 'dataset_s3_bucket_producer' retrieved from /home/airflow/.local/lib/python3.12/site-packages/airflow/example_dags/example_dataset_alias.py
[2024-10-25T07:30:00.595+0000] {logging_mixin.py:190} INFO - [2024-10-25T07:30:00.595+0000] {dag.py:3239} INFO - Sync 4 DAGs
[2024-10-25T07:30:00.619+0000] {logging_mixin.py:190} INFO - [2024-10-25T07:30:00.618+0000] {dag.py:4180} INFO - Setting next_dagrun for dataset_alias_example_alias_consumer to None, run_after=None
[2024-10-25T07:30:00.623+0000] {logging_mixin.py:190} INFO - [2024-10-25T07:30:00.622+0000] {dag.py:4180} INFO - Setting next_dagrun for dataset_alias_example_alias_producer to None, run_after=None
[2024-10-25T07:30:00.626+0000] {logging_mixin.py:190} INFO - [2024-10-25T07:30:00.626+0000] {dag.py:4180} INFO - Setting next_dagrun for dataset_s3_bucket_consumer to None, run_after=None
[2024-10-25T07:30:00.629+0000] {logging_mixin.py:190} INFO - [2024-10-25T07:30:00.628+0000] {dag.py:4180} INFO - Setting next_dagrun for dataset_s3_bucket_producer to None, run_after=None
[2024-10-25T07:30:00.658+0000] {processor.py:208} INFO - Processing /home/airflow/.local/lib/python3.12/site-packages/airflow/example_dags/example_dataset_alias.py took 0.221 seconds
[2024-10-25T07:30:31.600+0000] {processor.py:186} INFO - Started process (PID=2212) to work on /home/airflow/.local/lib/python3.12/site-packages/airflow/example_dags/example_dataset_alias.py
[2024-10-25T07:30:31.602+0000] {processor.py:914} INFO - Processing file /home/airflow/.local/lib/python3.12/site-packages/airflow/example_dags/example_dataset_alias.py for tasks to queue
[2024-10-25T07:30:31.606+0000] {logging_mixin.py:190} INFO - [2024-10-25T07:30:31.605+0000] {dagbag.py:588} INFO - Filling up the DagBag from /home/airflow/.local/lib/python3.12/site-packages/airflow/example_dags/example_dataset_alias.py
[2024-10-25T07:30:31.734+0000] {processor.py:925} INFO - DAG(s) 'dataset_s3_bucket_consumer', 'dataset_alias_example_alias_consumer', 'dataset_s3_bucket_producer', 'dataset_alias_example_alias_producer' retrieved from /home/airflow/.local/lib/python3.12/site-packages/airflow/example_dags/example_dataset_alias.py
[2024-10-25T07:30:31.767+0000] {logging_mixin.py:190} INFO - [2024-10-25T07:30:31.766+0000] {dag.py:3239} INFO - Sync 4 DAGs
[2024-10-25T07:30:31.803+0000] {logging_mixin.py:190} INFO - [2024-10-25T07:30:31.803+0000] {dag.py:4180} INFO - Setting next_dagrun for dataset_alias_example_alias_consumer to None, run_after=None
[2024-10-25T07:30:31.810+0000] {logging_mixin.py:190} INFO - [2024-10-25T07:30:31.810+0000] {dag.py:4180} INFO - Setting next_dagrun for dataset_alias_example_alias_producer to None, run_after=None
[2024-10-25T07:30:31.814+0000] {logging_mixin.py:190} INFO - [2024-10-25T07:30:31.814+0000] {dag.py:4180} INFO - Setting next_dagrun for dataset_s3_bucket_consumer to None, run_after=None
[2024-10-25T07:30:31.818+0000] {logging_mixin.py:190} INFO - [2024-10-25T07:30:31.817+0000] {dag.py:4180} INFO - Setting next_dagrun for dataset_s3_bucket_producer to None, run_after=None
[2024-10-25T07:30:31.854+0000] {processor.py:208} INFO - Processing /home/airflow/.local/lib/python3.12/site-packages/airflow/example_dags/example_dataset_alias.py took 0.263 seconds
[2024-10-25T07:31:02.194+0000] {processor.py:186} INFO - Started process (PID=2281) to work on /home/airflow/.local/lib/python3.12/site-packages/airflow/example_dags/example_dataset_alias.py
[2024-10-25T07:31:02.196+0000] {processor.py:914} INFO - Processing file /home/airflow/.local/lib/python3.12/site-packages/airflow/example_dags/example_dataset_alias.py for tasks to queue
[2024-10-25T07:31:02.199+0000] {logging_mixin.py:190} INFO - [2024-10-25T07:31:02.199+0000] {dagbag.py:588} INFO - Filling up the DagBag from /home/airflow/.local/lib/python3.12/site-packages/airflow/example_dags/example_dataset_alias.py
[2024-10-25T07:31:02.327+0000] {processor.py:925} INFO - DAG(s) 'dataset_s3_bucket_consumer', 'dataset_s3_bucket_producer', 'dataset_alias_example_alias_consumer', 'dataset_alias_example_alias_producer' retrieved from /home/airflow/.local/lib/python3.12/site-packages/airflow/example_dags/example_dataset_alias.py
[2024-10-25T07:31:02.631+0000] {logging_mixin.py:190} INFO - [2024-10-25T07:31:02.630+0000] {dag.py:3239} INFO - Sync 4 DAGs
[2024-10-25T07:31:02.657+0000] {logging_mixin.py:190} INFO - [2024-10-25T07:31:02.656+0000] {dag.py:4180} INFO - Setting next_dagrun for dataset_alias_example_alias_consumer to None, run_after=None
[2024-10-25T07:31:02.662+0000] {logging_mixin.py:190} INFO - [2024-10-25T07:31:02.662+0000] {dag.py:4180} INFO - Setting next_dagrun for dataset_alias_example_alias_producer to None, run_after=None
[2024-10-25T07:31:02.665+0000] {logging_mixin.py:190} INFO - [2024-10-25T07:31:02.665+0000] {dag.py:4180} INFO - Setting next_dagrun for dataset_s3_bucket_consumer to None, run_after=None
[2024-10-25T07:31:02.669+0000] {logging_mixin.py:190} INFO - [2024-10-25T07:31:02.669+0000] {dag.py:4180} INFO - Setting next_dagrun for dataset_s3_bucket_producer to None, run_after=None
[2024-10-25T07:31:02.714+0000] {processor.py:208} INFO - Processing /home/airflow/.local/lib/python3.12/site-packages/airflow/example_dags/example_dataset_alias.py took 0.526 seconds
[2024-10-25T07:31:32.964+0000] {processor.py:186} INFO - Started process (PID=2350) to work on /home/airflow/.local/lib/python3.12/site-packages/airflow/example_dags/example_dataset_alias.py
[2024-10-25T07:31:32.966+0000] {processor.py:914} INFO - Processing file /home/airflow/.local/lib/python3.12/site-packages/airflow/example_dags/example_dataset_alias.py for tasks to queue
[2024-10-25T07:31:32.970+0000] {logging_mixin.py:190} INFO - [2024-10-25T07:31:32.970+0000] {dagbag.py:588} INFO - Filling up the DagBag from /home/airflow/.local/lib/python3.12/site-packages/airflow/example_dags/example_dataset_alias.py
[2024-10-25T07:31:33.105+0000] {processor.py:925} INFO - DAG(s) 'dataset_alias_example_alias_producer', 'dataset_s3_bucket_consumer', 'dataset_s3_bucket_producer', 'dataset_alias_example_alias_consumer' retrieved from /home/airflow/.local/lib/python3.12/site-packages/airflow/example_dags/example_dataset_alias.py
[2024-10-25T07:31:33.461+0000] {logging_mixin.py:190} INFO - [2024-10-25T07:31:33.460+0000] {dag.py:3239} INFO - Sync 4 DAGs
[2024-10-25T07:31:33.485+0000] {logging_mixin.py:190} INFO - [2024-10-25T07:31:33.485+0000] {dag.py:4180} INFO - Setting next_dagrun for dataset_alias_example_alias_consumer to None, run_after=None
[2024-10-25T07:31:33.489+0000] {logging_mixin.py:190} INFO - [2024-10-25T07:31:33.488+0000] {dag.py:4180} INFO - Setting next_dagrun for dataset_alias_example_alias_producer to None, run_after=None
[2024-10-25T07:31:33.490+0000] {logging_mixin.py:190} INFO - [2024-10-25T07:31:33.490+0000] {dag.py:4180} INFO - Setting next_dagrun for dataset_s3_bucket_consumer to None, run_after=None
[2024-10-25T07:31:33.492+0000] {logging_mixin.py:190} INFO - [2024-10-25T07:31:33.492+0000] {dag.py:4180} INFO - Setting next_dagrun for dataset_s3_bucket_producer to None, run_after=None
[2024-10-25T07:31:33.515+0000] {processor.py:208} INFO - Processing /home/airflow/.local/lib/python3.12/site-packages/airflow/example_dags/example_dataset_alias.py took 0.557 seconds
[2024-10-25T07:32:47.578+0000] {processor.py:186} INFO - Started process (PID=2434) to work on /home/airflow/.local/lib/python3.12/site-packages/airflow/example_dags/example_dataset_alias.py
[2024-10-25T07:32:47.580+0000] {processor.py:914} INFO - Processing file /home/airflow/.local/lib/python3.12/site-packages/airflow/example_dags/example_dataset_alias.py for tasks to queue
[2024-10-25T07:32:47.585+0000] {logging_mixin.py:190} INFO - [2024-10-25T07:32:47.584+0000] {dagbag.py:588} INFO - Filling up the DagBag from /home/airflow/.local/lib/python3.12/site-packages/airflow/example_dags/example_dataset_alias.py
[2024-10-25T07:32:48.127+0000] {processor.py:925} INFO - DAG(s) 'dataset_alias_example_alias_producer', 'dataset_s3_bucket_consumer', 'dataset_alias_example_alias_consumer', 'dataset_s3_bucket_producer' retrieved from /home/airflow/.local/lib/python3.12/site-packages/airflow/example_dags/example_dataset_alias.py
[2024-10-25T07:32:48.790+0000] {logging_mixin.py:190} INFO - [2024-10-25T07:32:48.789+0000] {dag.py:3239} INFO - Sync 4 DAGs
[2024-10-25T07:32:48.965+0000] {logging_mixin.py:190} INFO - [2024-10-25T07:32:48.965+0000] {dag.py:4180} INFO - Setting next_dagrun for dataset_alias_example_alias_consumer to None, run_after=None
[2024-10-25T07:32:49.091+0000] {logging_mixin.py:190} INFO - [2024-10-25T07:32:49.088+0000] {dag.py:4180} INFO - Setting next_dagrun for dataset_alias_example_alias_producer to None, run_after=None
[2024-10-25T07:32:49.150+0000] {logging_mixin.py:190} INFO - [2024-10-25T07:32:49.150+0000] {dag.py:4180} INFO - Setting next_dagrun for dataset_s3_bucket_consumer to None, run_after=None
[2024-10-25T07:32:49.155+0000] {logging_mixin.py:190} INFO - [2024-10-25T07:32:49.155+0000] {dag.py:4180} INFO - Setting next_dagrun for dataset_s3_bucket_producer to None, run_after=None
[2024-10-25T07:32:49.224+0000] {processor.py:208} INFO - Processing /home/airflow/.local/lib/python3.12/site-packages/airflow/example_dags/example_dataset_alias.py took 1.655 seconds
[2024-10-25T07:33:19.627+0000] {processor.py:186} INFO - Started process (PID=2504) to work on /home/airflow/.local/lib/python3.12/site-packages/airflow/example_dags/example_dataset_alias.py
[2024-10-25T07:33:19.629+0000] {processor.py:914} INFO - Processing file /home/airflow/.local/lib/python3.12/site-packages/airflow/example_dags/example_dataset_alias.py for tasks to queue
[2024-10-25T07:33:19.632+0000] {logging_mixin.py:190} INFO - [2024-10-25T07:33:19.631+0000] {dagbag.py:588} INFO - Filling up the DagBag from /home/airflow/.local/lib/python3.12/site-packages/airflow/example_dags/example_dataset_alias.py
[2024-10-25T07:33:19.899+0000] {processor.py:925} INFO - DAG(s) 'dataset_s3_bucket_producer', 'dataset_s3_bucket_consumer', 'dataset_alias_example_alias_producer', 'dataset_alias_example_alias_consumer' retrieved from /home/airflow/.local/lib/python3.12/site-packages/airflow/example_dags/example_dataset_alias.py
[2024-10-25T07:33:20.180+0000] {logging_mixin.py:190} INFO - [2024-10-25T07:33:20.180+0000] {dag.py:3239} INFO - Sync 4 DAGs
[2024-10-25T07:33:20.211+0000] {logging_mixin.py:190} INFO - [2024-10-25T07:33:20.211+0000] {dag.py:4180} INFO - Setting next_dagrun for dataset_alias_example_alias_consumer to None, run_after=None
[2024-10-25T07:33:20.217+0000] {logging_mixin.py:190} INFO - [2024-10-25T07:33:20.216+0000] {dag.py:4180} INFO - Setting next_dagrun for dataset_alias_example_alias_producer to None, run_after=None
[2024-10-25T07:33:20.220+0000] {logging_mixin.py:190} INFO - [2024-10-25T07:33:20.219+0000] {dag.py:4180} INFO - Setting next_dagrun for dataset_s3_bucket_consumer to None, run_after=None
[2024-10-25T07:33:20.223+0000] {logging_mixin.py:190} INFO - [2024-10-25T07:33:20.222+0000] {dag.py:4180} INFO - Setting next_dagrun for dataset_s3_bucket_producer to None, run_after=None
[2024-10-25T07:33:20.250+0000] {processor.py:208} INFO - Processing /home/airflow/.local/lib/python3.12/site-packages/airflow/example_dags/example_dataset_alias.py took 0.631 seconds
[2024-10-25T07:33:50.661+0000] {processor.py:186} INFO - Started process (PID=2574) to work on /home/airflow/.local/lib/python3.12/site-packages/airflow/example_dags/example_dataset_alias.py
[2024-10-25T07:33:50.662+0000] {processor.py:914} INFO - Processing file /home/airflow/.local/lib/python3.12/site-packages/airflow/example_dags/example_dataset_alias.py for tasks to queue
[2024-10-25T07:33:50.664+0000] {logging_mixin.py:190} INFO - [2024-10-25T07:33:50.664+0000] {dagbag.py:588} INFO - Filling up the DagBag from /home/airflow/.local/lib/python3.12/site-packages/airflow/example_dags/example_dataset_alias.py
[2024-10-25T07:33:51.070+0000] {processor.py:925} INFO - DAG(s) 'dataset_alias_example_alias_producer', 'dataset_s3_bucket_consumer', 'dataset_alias_example_alias_consumer', 'dataset_s3_bucket_producer' retrieved from /home/airflow/.local/lib/python3.12/site-packages/airflow/example_dags/example_dataset_alias.py
[2024-10-25T07:33:51.102+0000] {logging_mixin.py:190} INFO - [2024-10-25T07:33:51.101+0000] {dag.py:3239} INFO - Sync 4 DAGs
[2024-10-25T07:33:51.123+0000] {logging_mixin.py:190} INFO - [2024-10-25T07:33:51.123+0000] {dag.py:4180} INFO - Setting next_dagrun for dataset_alias_example_alias_consumer to None, run_after=None
[2024-10-25T07:33:51.127+0000] {logging_mixin.py:190} INFO - [2024-10-25T07:33:51.127+0000] {dag.py:4180} INFO - Setting next_dagrun for dataset_alias_example_alias_producer to None, run_after=None
[2024-10-25T07:33:51.130+0000] {logging_mixin.py:190} INFO - [2024-10-25T07:33:51.130+0000] {dag.py:4180} INFO - Setting next_dagrun for dataset_s3_bucket_consumer to None, run_after=None
[2024-10-25T07:33:51.132+0000] {logging_mixin.py:190} INFO - [2024-10-25T07:33:51.132+0000] {dag.py:4180} INFO - Setting next_dagrun for dataset_s3_bucket_producer to None, run_after=None
[2024-10-25T07:33:51.160+0000] {processor.py:208} INFO - Processing /home/airflow/.local/lib/python3.12/site-packages/airflow/example_dags/example_dataset_alias.py took 0.505 seconds
[2024-10-25T07:34:21.355+0000] {processor.py:186} INFO - Started process (PID=2643) to work on /home/airflow/.local/lib/python3.12/site-packages/airflow/example_dags/example_dataset_alias.py
[2024-10-25T07:34:21.358+0000] {processor.py:914} INFO - Processing file /home/airflow/.local/lib/python3.12/site-packages/airflow/example_dags/example_dataset_alias.py for tasks to queue
[2024-10-25T07:34:21.360+0000] {logging_mixin.py:190} INFO - [2024-10-25T07:34:21.360+0000] {dagbag.py:588} INFO - Filling up the DagBag from /home/airflow/.local/lib/python3.12/site-packages/airflow/example_dags/example_dataset_alias.py
[2024-10-25T07:34:21.694+0000] {processor.py:925} INFO - DAG(s) 'dataset_alias_example_alias_consumer', 'dataset_s3_bucket_consumer', 'dataset_s3_bucket_producer', 'dataset_alias_example_alias_producer' retrieved from /home/airflow/.local/lib/python3.12/site-packages/airflow/example_dags/example_dataset_alias.py
[2024-10-25T07:34:21.715+0000] {logging_mixin.py:190} INFO - [2024-10-25T07:34:21.715+0000] {dag.py:3239} INFO - Sync 4 DAGs
[2024-10-25T07:34:21.736+0000] {logging_mixin.py:190} INFO - [2024-10-25T07:34:21.736+0000] {dag.py:4180} INFO - Setting next_dagrun for dataset_alias_example_alias_consumer to None, run_after=None
[2024-10-25T07:34:21.739+0000] {logging_mixin.py:190} INFO - [2024-10-25T07:34:21.739+0000] {dag.py:4180} INFO - Setting next_dagrun for dataset_alias_example_alias_producer to None, run_after=None
[2024-10-25T07:34:21.742+0000] {logging_mixin.py:190} INFO - [2024-10-25T07:34:21.742+0000] {dag.py:4180} INFO - Setting next_dagrun for dataset_s3_bucket_consumer to None, run_after=None
[2024-10-25T07:34:21.744+0000] {logging_mixin.py:190} INFO - [2024-10-25T07:34:21.744+0000] {dag.py:4180} INFO - Setting next_dagrun for dataset_s3_bucket_producer to None, run_after=None
[2024-10-25T07:34:21.764+0000] {processor.py:208} INFO - Processing /home/airflow/.local/lib/python3.12/site-packages/airflow/example_dags/example_dataset_alias.py took 0.414 seconds
[2024-10-25T07:34:52.648+0000] {processor.py:186} INFO - Started process (PID=2712) to work on /home/airflow/.local/lib/python3.12/site-packages/airflow/example_dags/example_dataset_alias.py
[2024-10-25T07:34:52.649+0000] {processor.py:914} INFO - Processing file /home/airflow/.local/lib/python3.12/site-packages/airflow/example_dags/example_dataset_alias.py for tasks to queue
[2024-10-25T07:34:52.651+0000] {logging_mixin.py:190} INFO - [2024-10-25T07:34:52.651+0000] {dagbag.py:588} INFO - Filling up the DagBag from /home/airflow/.local/lib/python3.12/site-packages/airflow/example_dags/example_dataset_alias.py
[2024-10-25T07:34:52.751+0000] {processor.py:925} INFO - DAG(s) 'dataset_alias_example_alias_producer', 'dataset_alias_example_alias_consumer', 'dataset_s3_bucket_producer', 'dataset_s3_bucket_consumer' retrieved from /home/airflow/.local/lib/python3.12/site-packages/airflow/example_dags/example_dataset_alias.py
[2024-10-25T07:34:52.782+0000] {logging_mixin.py:190} INFO - [2024-10-25T07:34:52.781+0000] {dag.py:3239} INFO - Sync 4 DAGs
[2024-10-25T07:34:52.803+0000] {logging_mixin.py:190} INFO - [2024-10-25T07:34:52.803+0000] {dag.py:4180} INFO - Setting next_dagrun for dataset_alias_example_alias_consumer to None, run_after=None
[2024-10-25T07:34:52.806+0000] {logging_mixin.py:190} INFO - [2024-10-25T07:34:52.806+0000] {dag.py:4180} INFO - Setting next_dagrun for dataset_alias_example_alias_producer to None, run_after=None
[2024-10-25T07:34:52.808+0000] {logging_mixin.py:190} INFO - [2024-10-25T07:34:52.808+0000] {dag.py:4180} INFO - Setting next_dagrun for dataset_s3_bucket_consumer to None, run_after=None
[2024-10-25T07:34:52.810+0000] {logging_mixin.py:190} INFO - [2024-10-25T07:34:52.809+0000] {dag.py:4180} INFO - Setting next_dagrun for dataset_s3_bucket_producer to None, run_after=None
[2024-10-25T07:34:52.833+0000] {processor.py:208} INFO - Processing /home/airflow/.local/lib/python3.12/site-packages/airflow/example_dags/example_dataset_alias.py took 0.191 seconds
[2024-10-25T07:35:23.129+0000] {processor.py:186} INFO - Started process (PID=2781) to work on /home/airflow/.local/lib/python3.12/site-packages/airflow/example_dags/example_dataset_alias.py
[2024-10-25T07:35:23.131+0000] {processor.py:914} INFO - Processing file /home/airflow/.local/lib/python3.12/site-packages/airflow/example_dags/example_dataset_alias.py for tasks to queue
[2024-10-25T07:35:23.133+0000] {logging_mixin.py:190} INFO - [2024-10-25T07:35:23.132+0000] {dagbag.py:588} INFO - Filling up the DagBag from /home/airflow/.local/lib/python3.12/site-packages/airflow/example_dags/example_dataset_alias.py
[2024-10-25T07:35:23.219+0000] {processor.py:925} INFO - DAG(s) 'dataset_s3_bucket_producer', 'dataset_alias_example_alias_consumer', 'dataset_s3_bucket_consumer', 'dataset_alias_example_alias_producer' retrieved from /home/airflow/.local/lib/python3.12/site-packages/airflow/example_dags/example_dataset_alias.py
[2024-10-25T07:35:23.246+0000] {logging_mixin.py:190} INFO - [2024-10-25T07:35:23.246+0000] {dag.py:3239} INFO - Sync 4 DAGs
[2024-10-25T07:35:23.268+0000] {logging_mixin.py:190} INFO - [2024-10-25T07:35:23.268+0000] {dag.py:4180} INFO - Setting next_dagrun for dataset_alias_example_alias_consumer to None, run_after=None
[2024-10-25T07:35:23.272+0000] {logging_mixin.py:190} INFO - [2024-10-25T07:35:23.272+0000] {dag.py:4180} INFO - Setting next_dagrun for dataset_alias_example_alias_producer to None, run_after=None
[2024-10-25T07:35:23.274+0000] {logging_mixin.py:190} INFO - [2024-10-25T07:35:23.274+0000] {dag.py:4180} INFO - Setting next_dagrun for dataset_s3_bucket_consumer to None, run_after=None
[2024-10-25T07:35:23.276+0000] {logging_mixin.py:190} INFO - [2024-10-25T07:35:23.276+0000] {dag.py:4180} INFO - Setting next_dagrun for dataset_s3_bucket_producer to None, run_after=None
[2024-10-25T07:35:23.299+0000] {processor.py:208} INFO - Processing /home/airflow/.local/lib/python3.12/site-packages/airflow/example_dags/example_dataset_alias.py took 0.176 seconds
[2024-10-25T07:37:54.241+0000] {processor.py:186} INFO - Started process (PID=73) to work on /home/airflow/.local/lib/python3.12/site-packages/airflow/example_dags/example_dataset_alias.py
[2024-10-25T07:37:54.243+0000] {processor.py:914} INFO - Processing file /home/airflow/.local/lib/python3.12/site-packages/airflow/example_dags/example_dataset_alias.py for tasks to queue
[2024-10-25T07:37:54.246+0000] {logging_mixin.py:190} INFO - [2024-10-25T07:37:54.246+0000] {dagbag.py:588} INFO - Filling up the DagBag from /home/airflow/.local/lib/python3.12/site-packages/airflow/example_dags/example_dataset_alias.py
[2024-10-25T07:37:54.344+0000] {processor.py:925} INFO - DAG(s) 'dataset_s3_bucket_producer', 'dataset_alias_example_alias_producer', 'dataset_alias_example_alias_consumer', 'dataset_s3_bucket_consumer' retrieved from /home/airflow/.local/lib/python3.12/site-packages/airflow/example_dags/example_dataset_alias.py
[2024-10-25T07:37:54.373+0000] {logging_mixin.py:190} INFO - [2024-10-25T07:37:54.372+0000] {dag.py:3239} INFO - Sync 4 DAGs
[2024-10-25T07:37:54.397+0000] {logging_mixin.py:190} INFO - [2024-10-25T07:37:54.397+0000] {dag.py:4180} INFO - Setting next_dagrun for dataset_alias_example_alias_consumer to None, run_after=None
[2024-10-25T07:37:54.402+0000] {logging_mixin.py:190} INFO - [2024-10-25T07:37:54.401+0000] {dag.py:4180} INFO - Setting next_dagrun for dataset_alias_example_alias_producer to None, run_after=None
[2024-10-25T07:37:54.405+0000] {logging_mixin.py:190} INFO - [2024-10-25T07:37:54.404+0000] {dag.py:4180} INFO - Setting next_dagrun for dataset_s3_bucket_consumer to None, run_after=None
[2024-10-25T07:37:54.407+0000] {logging_mixin.py:190} INFO - [2024-10-25T07:37:54.407+0000] {dag.py:4180} INFO - Setting next_dagrun for dataset_s3_bucket_producer to None, run_after=None
[2024-10-25T07:37:54.435+0000] {processor.py:208} INFO - Processing /home/airflow/.local/lib/python3.12/site-packages/airflow/example_dags/example_dataset_alias.py took 0.199 seconds
[2024-10-25T07:38:25.904+0000] {processor.py:186} INFO - Started process (PID=143) to work on /home/airflow/.local/lib/python3.12/site-packages/airflow/example_dags/example_dataset_alias.py
[2024-10-25T07:38:25.910+0000] {processor.py:914} INFO - Processing file /home/airflow/.local/lib/python3.12/site-packages/airflow/example_dags/example_dataset_alias.py for tasks to queue
[2024-10-25T07:38:25.917+0000] {logging_mixin.py:190} INFO - [2024-10-25T07:38:25.916+0000] {dagbag.py:588} INFO - Filling up the DagBag from /home/airflow/.local/lib/python3.12/site-packages/airflow/example_dags/example_dataset_alias.py
[2024-10-25T07:38:26.157+0000] {processor.py:925} INFO - DAG(s) 'dataset_s3_bucket_producer', 'dataset_alias_example_alias_producer', 'dataset_alias_example_alias_consumer', 'dataset_s3_bucket_consumer' retrieved from /home/airflow/.local/lib/python3.12/site-packages/airflow/example_dags/example_dataset_alias.py
[2024-10-25T07:38:26.228+0000] {logging_mixin.py:190} INFO - [2024-10-25T07:38:26.227+0000] {dag.py:3239} INFO - Sync 4 DAGs
[2024-10-25T07:38:26.335+0000] {logging_mixin.py:190} INFO - [2024-10-25T07:38:26.334+0000] {dag.py:4180} INFO - Setting next_dagrun for dataset_alias_example_alias_consumer to None, run_after=None
[2024-10-25T07:38:26.362+0000] {logging_mixin.py:190} INFO - [2024-10-25T07:38:26.362+0000] {dag.py:4180} INFO - Setting next_dagrun for dataset_alias_example_alias_producer to None, run_after=None
[2024-10-25T07:38:26.368+0000] {logging_mixin.py:190} INFO - [2024-10-25T07:38:26.367+0000] {dag.py:4180} INFO - Setting next_dagrun for dataset_s3_bucket_consumer to None, run_after=None
[2024-10-25T07:38:26.374+0000] {logging_mixin.py:190} INFO - [2024-10-25T07:38:26.373+0000] {dag.py:4180} INFO - Setting next_dagrun for dataset_s3_bucket_producer to None, run_after=None
[2024-10-25T07:38:26.424+0000] {processor.py:208} INFO - Processing /home/airflow/.local/lib/python3.12/site-packages/airflow/example_dags/example_dataset_alias.py took 0.536 seconds
