[2024-10-25T07:15:49.193+0000] {processor.py:186} INFO - Started process (PID=229) to work on /home/airflow/.local/lib/python3.12/site-packages/airflow/example_dags/example_inlet_event_extra.py
[2024-10-25T07:15:49.210+0000] {processor.py:914} INFO - Processing file /home/airflow/.local/lib/python3.12/site-packages/airflow/example_dags/example_inlet_event_extra.py for tasks to queue
[2024-10-25T07:15:49.257+0000] {logging_mixin.py:190} INFO - [2024-10-25T07:15:49.249+0000] {dagbag.py:588} INFO - Filling up the DagBag from /home/airflow/.local/lib/python3.12/site-packages/airflow/example_dags/example_inlet_event_extra.py
[2024-10-25T07:15:53.429+0000] {processor.py:925} INFO - DAG(s) 'read_dataset_event_from_classic', 'read_dataset_event' retrieved from /home/airflow/.local/lib/python3.12/site-packages/airflow/example_dags/example_inlet_event_extra.py
[2024-10-25T07:15:53.867+0000] {logging_mixin.py:190} INFO - [2024-10-25T07:15:53.866+0000] {dag.py:3239} INFO - Sync 2 DAGs
[2024-10-25T07:15:54.230+0000] {logging_mixin.py:190} INFO - [2024-10-25T07:15:54.229+0000] {dag.py:4180} INFO - Setting next_dagrun for read_dataset_event to 2024-10-24 00:00:00+00:00, run_after=2024-10-25 00:00:00+00:00
[2024-10-25T07:15:54.282+0000] {logging_mixin.py:190} INFO - [2024-10-25T07:15:54.282+0000] {dag.py:4180} INFO - Setting next_dagrun for read_dataset_event_from_classic to 2024-10-24 00:00:00+00:00, run_after=2024-10-25 00:00:00+00:00
[2024-10-25T07:15:54.505+0000] {processor.py:208} INFO - Processing /home/airflow/.local/lib/python3.12/site-packages/airflow/example_dags/example_inlet_event_extra.py took 5.405 seconds
[2024-10-25T07:16:25.125+0000] {processor.py:186} INFO - Started process (PID=305) to work on /home/airflow/.local/lib/python3.12/site-packages/airflow/example_dags/example_inlet_event_extra.py
[2024-10-25T07:16:25.126+0000] {processor.py:914} INFO - Processing file /home/airflow/.local/lib/python3.12/site-packages/airflow/example_dags/example_inlet_event_extra.py for tasks to queue
[2024-10-25T07:16:25.133+0000] {logging_mixin.py:190} INFO - [2024-10-25T07:16:25.132+0000] {dagbag.py:588} INFO - Filling up the DagBag from /home/airflow/.local/lib/python3.12/site-packages/airflow/example_dags/example_inlet_event_extra.py
[2024-10-25T07:16:25.298+0000] {processor.py:925} INFO - DAG(s) 'read_dataset_event', 'read_dataset_event_from_classic' retrieved from /home/airflow/.local/lib/python3.12/site-packages/airflow/example_dags/example_inlet_event_extra.py
[2024-10-25T07:16:25.357+0000] {logging_mixin.py:190} INFO - [2024-10-25T07:16:25.356+0000] {dag.py:3239} INFO - Sync 2 DAGs
[2024-10-25T07:16:25.416+0000] {logging_mixin.py:190} INFO - [2024-10-25T07:16:25.415+0000] {dag.py:4180} INFO - Setting next_dagrun for read_dataset_event to 2024-10-24 00:00:00+00:00, run_after=2024-10-25 00:00:00+00:00
[2024-10-25T07:16:25.426+0000] {logging_mixin.py:190} INFO - [2024-10-25T07:16:25.426+0000] {dag.py:4180} INFO - Setting next_dagrun for read_dataset_event_from_classic to 2024-10-24 00:00:00+00:00, run_after=2024-10-25 00:00:00+00:00
[2024-10-25T07:16:25.455+0000] {processor.py:208} INFO - Processing /home/airflow/.local/lib/python3.12/site-packages/airflow/example_dags/example_inlet_event_extra.py took 0.338 seconds
[2024-10-25T07:16:55.651+0000] {processor.py:186} INFO - Started process (PID=375) to work on /home/airflow/.local/lib/python3.12/site-packages/airflow/example_dags/example_inlet_event_extra.py
[2024-10-25T07:16:55.652+0000] {processor.py:914} INFO - Processing file /home/airflow/.local/lib/python3.12/site-packages/airflow/example_dags/example_inlet_event_extra.py for tasks to queue
[2024-10-25T07:16:55.658+0000] {logging_mixin.py:190} INFO - [2024-10-25T07:16:55.657+0000] {dagbag.py:588} INFO - Filling up the DagBag from /home/airflow/.local/lib/python3.12/site-packages/airflow/example_dags/example_inlet_event_extra.py
[2024-10-25T07:16:55.792+0000] {processor.py:925} INFO - DAG(s) 'read_dataset_event_from_classic', 'read_dataset_event' retrieved from /home/airflow/.local/lib/python3.12/site-packages/airflow/example_dags/example_inlet_event_extra.py
[2024-10-25T07:16:55.829+0000] {logging_mixin.py:190} INFO - [2024-10-25T07:16:55.828+0000] {dag.py:3239} INFO - Sync 2 DAGs
[2024-10-25T07:16:55.867+0000] {logging_mixin.py:190} INFO - [2024-10-25T07:16:55.867+0000] {dag.py:4180} INFO - Setting next_dagrun for read_dataset_event to 2024-10-24 00:00:00+00:00, run_after=2024-10-25 00:00:00+00:00
[2024-10-25T07:16:55.877+0000] {logging_mixin.py:190} INFO - [2024-10-25T07:16:55.876+0000] {dag.py:4180} INFO - Setting next_dagrun for read_dataset_event_from_classic to 2024-10-24 00:00:00+00:00, run_after=2024-10-25 00:00:00+00:00
[2024-10-25T07:16:55.902+0000] {processor.py:208} INFO - Processing /home/airflow/.local/lib/python3.12/site-packages/airflow/example_dags/example_inlet_event_extra.py took 0.263 seconds
[2024-10-25T07:17:25.992+0000] {processor.py:186} INFO - Started process (PID=445) to work on /home/airflow/.local/lib/python3.12/site-packages/airflow/example_dags/example_inlet_event_extra.py
[2024-10-25T07:17:25.994+0000] {processor.py:914} INFO - Processing file /home/airflow/.local/lib/python3.12/site-packages/airflow/example_dags/example_inlet_event_extra.py for tasks to queue
[2024-10-25T07:17:25.999+0000] {logging_mixin.py:190} INFO - [2024-10-25T07:17:25.998+0000] {dagbag.py:588} INFO - Filling up the DagBag from /home/airflow/.local/lib/python3.12/site-packages/airflow/example_dags/example_inlet_event_extra.py
[2024-10-25T07:17:26.152+0000] {processor.py:925} INFO - DAG(s) 'read_dataset_event', 'read_dataset_event_from_classic' retrieved from /home/airflow/.local/lib/python3.12/site-packages/airflow/example_dags/example_inlet_event_extra.py
[2024-10-25T07:17:26.193+0000] {logging_mixin.py:190} INFO - [2024-10-25T07:17:26.193+0000] {dag.py:3239} INFO - Sync 2 DAGs
[2024-10-25T07:17:26.231+0000] {logging_mixin.py:190} INFO - [2024-10-25T07:17:26.231+0000] {dag.py:4180} INFO - Setting next_dagrun for read_dataset_event to 2024-10-24 00:00:00+00:00, run_after=2024-10-25 00:00:00+00:00
[2024-10-25T07:17:26.241+0000] {logging_mixin.py:190} INFO - [2024-10-25T07:17:26.240+0000] {dag.py:4180} INFO - Setting next_dagrun for read_dataset_event_from_classic to 2024-10-24 00:00:00+00:00, run_after=2024-10-25 00:00:00+00:00
[2024-10-25T07:17:26.271+0000] {processor.py:208} INFO - Processing /home/airflow/.local/lib/python3.12/site-packages/airflow/example_dags/example_inlet_event_extra.py took 0.288 seconds
[2024-10-25T07:17:56.421+0000] {processor.py:186} INFO - Started process (PID=514) to work on /home/airflow/.local/lib/python3.12/site-packages/airflow/example_dags/example_inlet_event_extra.py
[2024-10-25T07:17:56.423+0000] {processor.py:914} INFO - Processing file /home/airflow/.local/lib/python3.12/site-packages/airflow/example_dags/example_inlet_event_extra.py for tasks to queue
[2024-10-25T07:17:56.426+0000] {logging_mixin.py:190} INFO - [2024-10-25T07:17:56.426+0000] {dagbag.py:588} INFO - Filling up the DagBag from /home/airflow/.local/lib/python3.12/site-packages/airflow/example_dags/example_inlet_event_extra.py
[2024-10-25T07:17:56.537+0000] {processor.py:925} INFO - DAG(s) 'read_dataset_event_from_classic', 'read_dataset_event' retrieved from /home/airflow/.local/lib/python3.12/site-packages/airflow/example_dags/example_inlet_event_extra.py
[2024-10-25T07:17:56.572+0000] {logging_mixin.py:190} INFO - [2024-10-25T07:17:56.572+0000] {dag.py:3239} INFO - Sync 2 DAGs
[2024-10-25T07:17:56.610+0000] {logging_mixin.py:190} INFO - [2024-10-25T07:17:56.610+0000] {dag.py:4180} INFO - Setting next_dagrun for read_dataset_event to 2024-10-24 00:00:00+00:00, run_after=2024-10-25 00:00:00+00:00
[2024-10-25T07:17:56.620+0000] {logging_mixin.py:190} INFO - [2024-10-25T07:17:56.619+0000] {dag.py:4180} INFO - Setting next_dagrun for read_dataset_event_from_classic to 2024-10-24 00:00:00+00:00, run_after=2024-10-25 00:00:00+00:00
[2024-10-25T07:17:56.650+0000] {processor.py:208} INFO - Processing /home/airflow/.local/lib/python3.12/site-packages/airflow/example_dags/example_inlet_event_extra.py took 0.238 seconds
[2024-10-25T07:18:27.238+0000] {processor.py:186} INFO - Started process (PID=581) to work on /home/airflow/.local/lib/python3.12/site-packages/airflow/example_dags/example_inlet_event_extra.py
[2024-10-25T07:18:27.240+0000] {processor.py:914} INFO - Processing file /home/airflow/.local/lib/python3.12/site-packages/airflow/example_dags/example_inlet_event_extra.py for tasks to queue
[2024-10-25T07:18:27.247+0000] {logging_mixin.py:190} INFO - [2024-10-25T07:18:27.246+0000] {dagbag.py:588} INFO - Filling up the DagBag from /home/airflow/.local/lib/python3.12/site-packages/airflow/example_dags/example_inlet_event_extra.py
[2024-10-25T07:18:27.367+0000] {processor.py:925} INFO - DAG(s) 'read_dataset_event', 'read_dataset_event_from_classic' retrieved from /home/airflow/.local/lib/python3.12/site-packages/airflow/example_dags/example_inlet_event_extra.py
[2024-10-25T07:18:27.410+0000] {logging_mixin.py:190} INFO - [2024-10-25T07:18:27.409+0000] {dag.py:3239} INFO - Sync 2 DAGs
[2024-10-25T07:18:27.450+0000] {logging_mixin.py:190} INFO - [2024-10-25T07:18:27.449+0000] {dag.py:4180} INFO - Setting next_dagrun for read_dataset_event to 2024-10-24 00:00:00+00:00, run_after=2024-10-25 00:00:00+00:00
[2024-10-25T07:18:27.457+0000] {logging_mixin.py:190} INFO - [2024-10-25T07:18:27.457+0000] {dag.py:4180} INFO - Setting next_dagrun for read_dataset_event_from_classic to 2024-10-24 00:00:00+00:00, run_after=2024-10-25 00:00:00+00:00
[2024-10-25T07:18:27.487+0000] {processor.py:208} INFO - Processing /home/airflow/.local/lib/python3.12/site-packages/airflow/example_dags/example_inlet_event_extra.py took 0.259 seconds
[2024-10-25T07:18:57.597+0000] {processor.py:186} INFO - Started process (PID=650) to work on /home/airflow/.local/lib/python3.12/site-packages/airflow/example_dags/example_inlet_event_extra.py
[2024-10-25T07:18:57.599+0000] {processor.py:914} INFO - Processing file /home/airflow/.local/lib/python3.12/site-packages/airflow/example_dags/example_inlet_event_extra.py for tasks to queue
[2024-10-25T07:18:57.605+0000] {logging_mixin.py:190} INFO - [2024-10-25T07:18:57.604+0000] {dagbag.py:588} INFO - Filling up the DagBag from /home/airflow/.local/lib/python3.12/site-packages/airflow/example_dags/example_inlet_event_extra.py
[2024-10-25T07:18:57.750+0000] {processor.py:925} INFO - DAG(s) 'read_dataset_event_from_classic', 'read_dataset_event' retrieved from /home/airflow/.local/lib/python3.12/site-packages/airflow/example_dags/example_inlet_event_extra.py
[2024-10-25T07:18:57.793+0000] {logging_mixin.py:190} INFO - [2024-10-25T07:18:57.792+0000] {dag.py:3239} INFO - Sync 2 DAGs
[2024-10-25T07:18:57.839+0000] {logging_mixin.py:190} INFO - [2024-10-25T07:18:57.839+0000] {dag.py:4180} INFO - Setting next_dagrun for read_dataset_event to 2024-10-24 00:00:00+00:00, run_after=2024-10-25 00:00:00+00:00
[2024-10-25T07:18:57.851+0000] {logging_mixin.py:190} INFO - [2024-10-25T07:18:57.851+0000] {dag.py:4180} INFO - Setting next_dagrun for read_dataset_event_from_classic to 2024-10-24 00:00:00+00:00, run_after=2024-10-25 00:00:00+00:00
[2024-10-25T07:18:57.882+0000] {processor.py:208} INFO - Processing /home/airflow/.local/lib/python3.12/site-packages/airflow/example_dags/example_inlet_event_extra.py took 0.296 seconds
[2024-10-25T07:19:28.189+0000] {processor.py:186} INFO - Started process (PID=719) to work on /home/airflow/.local/lib/python3.12/site-packages/airflow/example_dags/example_inlet_event_extra.py
[2024-10-25T07:19:28.191+0000] {processor.py:914} INFO - Processing file /home/airflow/.local/lib/python3.12/site-packages/airflow/example_dags/example_inlet_event_extra.py for tasks to queue
[2024-10-25T07:19:28.198+0000] {logging_mixin.py:190} INFO - [2024-10-25T07:19:28.197+0000] {dagbag.py:588} INFO - Filling up the DagBag from /home/airflow/.local/lib/python3.12/site-packages/airflow/example_dags/example_inlet_event_extra.py
[2024-10-25T07:19:28.340+0000] {processor.py:925} INFO - DAG(s) 'read_dataset_event', 'read_dataset_event_from_classic' retrieved from /home/airflow/.local/lib/python3.12/site-packages/airflow/example_dags/example_inlet_event_extra.py
[2024-10-25T07:19:28.386+0000] {logging_mixin.py:190} INFO - [2024-10-25T07:19:28.386+0000] {dag.py:3239} INFO - Sync 2 DAGs
[2024-10-25T07:19:28.439+0000] {logging_mixin.py:190} INFO - [2024-10-25T07:19:28.438+0000] {dag.py:4180} INFO - Setting next_dagrun for read_dataset_event to 2024-10-24 00:00:00+00:00, run_after=2024-10-25 00:00:00+00:00
[2024-10-25T07:19:28.452+0000] {logging_mixin.py:190} INFO - [2024-10-25T07:19:28.452+0000] {dag.py:4180} INFO - Setting next_dagrun for read_dataset_event_from_classic to 2024-10-24 00:00:00+00:00, run_after=2024-10-25 00:00:00+00:00
[2024-10-25T07:19:28.483+0000] {processor.py:208} INFO - Processing /home/airflow/.local/lib/python3.12/site-packages/airflow/example_dags/example_inlet_event_extra.py took 0.302 seconds
[2024-10-25T07:19:58.624+0000] {processor.py:186} INFO - Started process (PID=788) to work on /home/airflow/.local/lib/python3.12/site-packages/airflow/example_dags/example_inlet_event_extra.py
[2024-10-25T07:19:58.625+0000] {processor.py:914} INFO - Processing file /home/airflow/.local/lib/python3.12/site-packages/airflow/example_dags/example_inlet_event_extra.py for tasks to queue
[2024-10-25T07:19:58.629+0000] {logging_mixin.py:190} INFO - [2024-10-25T07:19:58.629+0000] {dagbag.py:588} INFO - Filling up the DagBag from /home/airflow/.local/lib/python3.12/site-packages/airflow/example_dags/example_inlet_event_extra.py
[2024-10-25T07:19:58.695+0000] {processor.py:925} INFO - DAG(s) 'read_dataset_event', 'read_dataset_event_from_classic' retrieved from /home/airflow/.local/lib/python3.12/site-packages/airflow/example_dags/example_inlet_event_extra.py
[2024-10-25T07:19:58.720+0000] {logging_mixin.py:190} INFO - [2024-10-25T07:19:58.720+0000] {dag.py:3239} INFO - Sync 2 DAGs
[2024-10-25T07:19:58.743+0000] {logging_mixin.py:190} INFO - [2024-10-25T07:19:58.743+0000] {dag.py:4180} INFO - Setting next_dagrun for read_dataset_event to 2024-10-24 00:00:00+00:00, run_after=2024-10-25 00:00:00+00:00
[2024-10-25T07:19:58.749+0000] {logging_mixin.py:190} INFO - [2024-10-25T07:19:58.749+0000] {dag.py:4180} INFO - Setting next_dagrun for read_dataset_event_from_classic to 2024-10-24 00:00:00+00:00, run_after=2024-10-25 00:00:00+00:00
[2024-10-25T07:19:58.773+0000] {processor.py:208} INFO - Processing /home/airflow/.local/lib/python3.12/site-packages/airflow/example_dags/example_inlet_event_extra.py took 0.153 seconds
[2024-10-25T07:20:29.427+0000] {processor.py:186} INFO - Started process (PID=856) to work on /home/airflow/.local/lib/python3.12/site-packages/airflow/example_dags/example_inlet_event_extra.py
[2024-10-25T07:20:29.428+0000] {processor.py:914} INFO - Processing file /home/airflow/.local/lib/python3.12/site-packages/airflow/example_dags/example_inlet_event_extra.py for tasks to queue
[2024-10-25T07:20:29.433+0000] {logging_mixin.py:190} INFO - [2024-10-25T07:20:29.432+0000] {dagbag.py:588} INFO - Filling up the DagBag from /home/airflow/.local/lib/python3.12/site-packages/airflow/example_dags/example_inlet_event_extra.py
[2024-10-25T07:20:29.549+0000] {processor.py:925} INFO - DAG(s) 'read_dataset_event_from_classic', 'read_dataset_event' retrieved from /home/airflow/.local/lib/python3.12/site-packages/airflow/example_dags/example_inlet_event_extra.py
[2024-10-25T07:20:29.582+0000] {logging_mixin.py:190} INFO - [2024-10-25T07:20:29.582+0000] {dag.py:3239} INFO - Sync 2 DAGs
[2024-10-25T07:20:29.612+0000] {logging_mixin.py:190} INFO - [2024-10-25T07:20:29.612+0000] {dag.py:4180} INFO - Setting next_dagrun for read_dataset_event to 2024-10-24 00:00:00+00:00, run_after=2024-10-25 00:00:00+00:00
[2024-10-25T07:20:29.619+0000] {logging_mixin.py:190} INFO - [2024-10-25T07:20:29.619+0000] {dag.py:4180} INFO - Setting next_dagrun for read_dataset_event_from_classic to 2024-10-24 00:00:00+00:00, run_after=2024-10-25 00:00:00+00:00
[2024-10-25T07:20:29.641+0000] {processor.py:208} INFO - Processing /home/airflow/.local/lib/python3.12/site-packages/airflow/example_dags/example_inlet_event_extra.py took 0.224 seconds
[2024-10-25T07:20:59.741+0000] {processor.py:186} INFO - Started process (PID=926) to work on /home/airflow/.local/lib/python3.12/site-packages/airflow/example_dags/example_inlet_event_extra.py
[2024-10-25T07:20:59.743+0000] {processor.py:914} INFO - Processing file /home/airflow/.local/lib/python3.12/site-packages/airflow/example_dags/example_inlet_event_extra.py for tasks to queue
[2024-10-25T07:20:59.746+0000] {logging_mixin.py:190} INFO - [2024-10-25T07:20:59.746+0000] {dagbag.py:588} INFO - Filling up the DagBag from /home/airflow/.local/lib/python3.12/site-packages/airflow/example_dags/example_inlet_event_extra.py
[2024-10-25T07:20:59.819+0000] {processor.py:925} INFO - DAG(s) 'read_dataset_event', 'read_dataset_event_from_classic' retrieved from /home/airflow/.local/lib/python3.12/site-packages/airflow/example_dags/example_inlet_event_extra.py
[2024-10-25T07:20:59.839+0000] {logging_mixin.py:190} INFO - [2024-10-25T07:20:59.839+0000] {dag.py:3239} INFO - Sync 2 DAGs
[2024-10-25T07:20:59.860+0000] {logging_mixin.py:190} INFO - [2024-10-25T07:20:59.860+0000] {dag.py:4180} INFO - Setting next_dagrun for read_dataset_event to 2024-10-24 00:00:00+00:00, run_after=2024-10-25 00:00:00+00:00
[2024-10-25T07:20:59.866+0000] {logging_mixin.py:190} INFO - [2024-10-25T07:20:59.866+0000] {dag.py:4180} INFO - Setting next_dagrun for read_dataset_event_from_classic to 2024-10-24 00:00:00+00:00, run_after=2024-10-25 00:00:00+00:00
[2024-10-25T07:20:59.885+0000] {processor.py:208} INFO - Processing /home/airflow/.local/lib/python3.12/site-packages/airflow/example_dags/example_inlet_event_extra.py took 0.149 seconds
[2024-10-25T07:21:30.021+0000] {processor.py:186} INFO - Started process (PID=995) to work on /home/airflow/.local/lib/python3.12/site-packages/airflow/example_dags/example_inlet_event_extra.py
[2024-10-25T07:21:30.023+0000] {processor.py:914} INFO - Processing file /home/airflow/.local/lib/python3.12/site-packages/airflow/example_dags/example_inlet_event_extra.py for tasks to queue
[2024-10-25T07:21:30.026+0000] {logging_mixin.py:190} INFO - [2024-10-25T07:21:30.026+0000] {dagbag.py:588} INFO - Filling up the DagBag from /home/airflow/.local/lib/python3.12/site-packages/airflow/example_dags/example_inlet_event_extra.py
[2024-10-25T07:21:30.089+0000] {processor.py:925} INFO - DAG(s) 'read_dataset_event', 'read_dataset_event_from_classic' retrieved from /home/airflow/.local/lib/python3.12/site-packages/airflow/example_dags/example_inlet_event_extra.py
[2024-10-25T07:21:30.111+0000] {logging_mixin.py:190} INFO - [2024-10-25T07:21:30.110+0000] {dag.py:3239} INFO - Sync 2 DAGs
[2024-10-25T07:21:30.131+0000] {logging_mixin.py:190} INFO - [2024-10-25T07:21:30.131+0000] {dag.py:4180} INFO - Setting next_dagrun for read_dataset_event to 2024-10-24 00:00:00+00:00, run_after=2024-10-25 00:00:00+00:00
[2024-10-25T07:21:30.135+0000] {logging_mixin.py:190} INFO - [2024-10-25T07:21:30.135+0000] {dag.py:4180} INFO - Setting next_dagrun for read_dataset_event_from_classic to 2024-10-24 00:00:00+00:00, run_after=2024-10-25 00:00:00+00:00
[2024-10-25T07:21:30.154+0000] {processor.py:208} INFO - Processing /home/airflow/.local/lib/python3.12/site-packages/airflow/example_dags/example_inlet_event_extra.py took 0.138 seconds
[2024-10-25T07:22:00.438+0000] {processor.py:186} INFO - Started process (PID=1063) to work on /home/airflow/.local/lib/python3.12/site-packages/airflow/example_dags/example_inlet_event_extra.py
[2024-10-25T07:22:00.440+0000] {processor.py:914} INFO - Processing file /home/airflow/.local/lib/python3.12/site-packages/airflow/example_dags/example_inlet_event_extra.py for tasks to queue
[2024-10-25T07:22:00.442+0000] {logging_mixin.py:190} INFO - [2024-10-25T07:22:00.442+0000] {dagbag.py:588} INFO - Filling up the DagBag from /home/airflow/.local/lib/python3.12/site-packages/airflow/example_dags/example_inlet_event_extra.py
[2024-10-25T07:22:00.523+0000] {processor.py:925} INFO - DAG(s) 'read_dataset_event_from_classic', 'read_dataset_event' retrieved from /home/airflow/.local/lib/python3.12/site-packages/airflow/example_dags/example_inlet_event_extra.py
[2024-10-25T07:22:00.555+0000] {logging_mixin.py:190} INFO - [2024-10-25T07:22:00.554+0000] {dag.py:3239} INFO - Sync 2 DAGs
[2024-10-25T07:22:00.579+0000] {logging_mixin.py:190} INFO - [2024-10-25T07:22:00.579+0000] {dag.py:4180} INFO - Setting next_dagrun for read_dataset_event to 2024-10-24 00:00:00+00:00, run_after=2024-10-25 00:00:00+00:00
[2024-10-25T07:22:00.585+0000] {logging_mixin.py:190} INFO - [2024-10-25T07:22:00.584+0000] {dag.py:4180} INFO - Setting next_dagrun for read_dataset_event_from_classic to 2024-10-24 00:00:00+00:00, run_after=2024-10-25 00:00:00+00:00
[2024-10-25T07:22:00.604+0000] {processor.py:208} INFO - Processing /home/airflow/.local/lib/python3.12/site-packages/airflow/example_dags/example_inlet_event_extra.py took 0.171 seconds
[2024-10-25T07:22:30.710+0000] {processor.py:186} INFO - Started process (PID=1132) to work on /home/airflow/.local/lib/python3.12/site-packages/airflow/example_dags/example_inlet_event_extra.py
[2024-10-25T07:22:30.711+0000] {processor.py:914} INFO - Processing file /home/airflow/.local/lib/python3.12/site-packages/airflow/example_dags/example_inlet_event_extra.py for tasks to queue
[2024-10-25T07:22:30.714+0000] {logging_mixin.py:190} INFO - [2024-10-25T07:22:30.714+0000] {dagbag.py:588} INFO - Filling up the DagBag from /home/airflow/.local/lib/python3.12/site-packages/airflow/example_dags/example_inlet_event_extra.py
[2024-10-25T07:22:30.859+0000] {processor.py:925} INFO - DAG(s) 'read_dataset_event_from_classic', 'read_dataset_event' retrieved from /home/airflow/.local/lib/python3.12/site-packages/airflow/example_dags/example_inlet_event_extra.py
[2024-10-25T07:22:30.887+0000] {logging_mixin.py:190} INFO - [2024-10-25T07:22:30.887+0000] {dag.py:3239} INFO - Sync 2 DAGs
[2024-10-25T07:22:30.913+0000] {logging_mixin.py:190} INFO - [2024-10-25T07:22:30.913+0000] {dag.py:4180} INFO - Setting next_dagrun for read_dataset_event to 2024-10-24 00:00:00+00:00, run_after=2024-10-25 00:00:00+00:00
[2024-10-25T07:22:30.919+0000] {logging_mixin.py:190} INFO - [2024-10-25T07:22:30.919+0000] {dag.py:4180} INFO - Setting next_dagrun for read_dataset_event_from_classic to 2024-10-24 00:00:00+00:00, run_after=2024-10-25 00:00:00+00:00
[2024-10-25T07:22:30.937+0000] {processor.py:208} INFO - Processing /home/airflow/.local/lib/python3.12/site-packages/airflow/example_dags/example_inlet_event_extra.py took 0.233 seconds
[2024-10-25T07:23:01.238+0000] {processor.py:186} INFO - Started process (PID=1201) to work on /home/airflow/.local/lib/python3.12/site-packages/airflow/example_dags/example_inlet_event_extra.py
[2024-10-25T07:23:01.241+0000] {processor.py:914} INFO - Processing file /home/airflow/.local/lib/python3.12/site-packages/airflow/example_dags/example_inlet_event_extra.py for tasks to queue
[2024-10-25T07:23:01.249+0000] {logging_mixin.py:190} INFO - [2024-10-25T07:23:01.249+0000] {dagbag.py:588} INFO - Filling up the DagBag from /home/airflow/.local/lib/python3.12/site-packages/airflow/example_dags/example_inlet_event_extra.py
[2024-10-25T07:23:01.498+0000] {processor.py:925} INFO - DAG(s) 'read_dataset_event_from_classic', 'read_dataset_event' retrieved from /home/airflow/.local/lib/python3.12/site-packages/airflow/example_dags/example_inlet_event_extra.py
[2024-10-25T07:23:01.538+0000] {logging_mixin.py:190} INFO - [2024-10-25T07:23:01.537+0000] {dag.py:3239} INFO - Sync 2 DAGs
[2024-10-25T07:23:01.600+0000] {logging_mixin.py:190} INFO - [2024-10-25T07:23:01.599+0000] {dag.py:4180} INFO - Setting next_dagrun for read_dataset_event to 2024-10-24 00:00:00+00:00, run_after=2024-10-25 00:00:00+00:00
[2024-10-25T07:23:01.614+0000] {logging_mixin.py:190} INFO - [2024-10-25T07:23:01.613+0000] {dag.py:4180} INFO - Setting next_dagrun for read_dataset_event_from_classic to 2024-10-24 00:00:00+00:00, run_after=2024-10-25 00:00:00+00:00
[2024-10-25T07:23:01.658+0000] {processor.py:208} INFO - Processing /home/airflow/.local/lib/python3.12/site-packages/airflow/example_dags/example_inlet_event_extra.py took 0.426 seconds
[2024-10-25T07:23:32.261+0000] {processor.py:186} INFO - Started process (PID=1270) to work on /home/airflow/.local/lib/python3.12/site-packages/airflow/example_dags/example_inlet_event_extra.py
[2024-10-25T07:23:32.264+0000] {processor.py:914} INFO - Processing file /home/airflow/.local/lib/python3.12/site-packages/airflow/example_dags/example_inlet_event_extra.py for tasks to queue
[2024-10-25T07:23:32.271+0000] {logging_mixin.py:190} INFO - [2024-10-25T07:23:32.269+0000] {dagbag.py:588} INFO - Filling up the DagBag from /home/airflow/.local/lib/python3.12/site-packages/airflow/example_dags/example_inlet_event_extra.py
[2024-10-25T07:23:32.459+0000] {processor.py:925} INFO - DAG(s) 'read_dataset_event_from_classic', 'read_dataset_event' retrieved from /home/airflow/.local/lib/python3.12/site-packages/airflow/example_dags/example_inlet_event_extra.py
[2024-10-25T07:23:32.513+0000] {logging_mixin.py:190} INFO - [2024-10-25T07:23:32.512+0000] {dag.py:3239} INFO - Sync 2 DAGs
[2024-10-25T07:23:32.612+0000] {logging_mixin.py:190} INFO - [2024-10-25T07:23:32.611+0000] {dag.py:4180} INFO - Setting next_dagrun for read_dataset_event to 2024-10-24 00:00:00+00:00, run_after=2024-10-25 00:00:00+00:00
[2024-10-25T07:23:32.625+0000] {logging_mixin.py:190} INFO - [2024-10-25T07:23:32.624+0000] {dag.py:4180} INFO - Setting next_dagrun for read_dataset_event_from_classic to 2024-10-24 00:00:00+00:00, run_after=2024-10-25 00:00:00+00:00
[2024-10-25T07:23:32.660+0000] {processor.py:208} INFO - Processing /home/airflow/.local/lib/python3.12/site-packages/airflow/example_dags/example_inlet_event_extra.py took 0.407 seconds
[2024-10-25T07:24:02.979+0000] {processor.py:186} INFO - Started process (PID=1339) to work on /home/airflow/.local/lib/python3.12/site-packages/airflow/example_dags/example_inlet_event_extra.py
[2024-10-25T07:24:02.980+0000] {processor.py:914} INFO - Processing file /home/airflow/.local/lib/python3.12/site-packages/airflow/example_dags/example_inlet_event_extra.py for tasks to queue
[2024-10-25T07:24:02.983+0000] {logging_mixin.py:190} INFO - [2024-10-25T07:24:02.982+0000] {dagbag.py:588} INFO - Filling up the DagBag from /home/airflow/.local/lib/python3.12/site-packages/airflow/example_dags/example_inlet_event_extra.py
[2024-10-25T07:24:03.054+0000] {processor.py:925} INFO - DAG(s) 'read_dataset_event', 'read_dataset_event_from_classic' retrieved from /home/airflow/.local/lib/python3.12/site-packages/airflow/example_dags/example_inlet_event_extra.py
[2024-10-25T07:24:03.082+0000] {logging_mixin.py:190} INFO - [2024-10-25T07:24:03.082+0000] {dag.py:3239} INFO - Sync 2 DAGs
[2024-10-25T07:24:03.106+0000] {logging_mixin.py:190} INFO - [2024-10-25T07:24:03.106+0000] {dag.py:4180} INFO - Setting next_dagrun for read_dataset_event to 2024-10-24 00:00:00+00:00, run_after=2024-10-25 00:00:00+00:00
[2024-10-25T07:24:03.110+0000] {logging_mixin.py:190} INFO - [2024-10-25T07:24:03.110+0000] {dag.py:4180} INFO - Setting next_dagrun for read_dataset_event_from_classic to 2024-10-24 00:00:00+00:00, run_after=2024-10-25 00:00:00+00:00
[2024-10-25T07:24:03.128+0000] {processor.py:208} INFO - Processing /home/airflow/.local/lib/python3.12/site-packages/airflow/example_dags/example_inlet_event_extra.py took 0.155 seconds
[2024-10-25T07:24:33.205+0000] {processor.py:186} INFO - Started process (PID=1408) to work on /home/airflow/.local/lib/python3.12/site-packages/airflow/example_dags/example_inlet_event_extra.py
[2024-10-25T07:24:33.207+0000] {processor.py:914} INFO - Processing file /home/airflow/.local/lib/python3.12/site-packages/airflow/example_dags/example_inlet_event_extra.py for tasks to queue
[2024-10-25T07:24:33.210+0000] {logging_mixin.py:190} INFO - [2024-10-25T07:24:33.210+0000] {dagbag.py:588} INFO - Filling up the DagBag from /home/airflow/.local/lib/python3.12/site-packages/airflow/example_dags/example_inlet_event_extra.py
[2024-10-25T07:24:33.280+0000] {processor.py:925} INFO - DAG(s) 'read_dataset_event_from_classic', 'read_dataset_event' retrieved from /home/airflow/.local/lib/python3.12/site-packages/airflow/example_dags/example_inlet_event_extra.py
[2024-10-25T07:24:33.300+0000] {logging_mixin.py:190} INFO - [2024-10-25T07:24:33.300+0000] {dag.py:3239} INFO - Sync 2 DAGs
[2024-10-25T07:24:33.322+0000] {logging_mixin.py:190} INFO - [2024-10-25T07:24:33.321+0000] {dag.py:4180} INFO - Setting next_dagrun for read_dataset_event to 2024-10-24 00:00:00+00:00, run_after=2024-10-25 00:00:00+00:00
[2024-10-25T07:24:33.327+0000] {logging_mixin.py:190} INFO - [2024-10-25T07:24:33.327+0000] {dag.py:4180} INFO - Setting next_dagrun for read_dataset_event_from_classic to 2024-10-24 00:00:00+00:00, run_after=2024-10-25 00:00:00+00:00
[2024-10-25T07:24:33.347+0000] {processor.py:208} INFO - Processing /home/airflow/.local/lib/python3.12/site-packages/airflow/example_dags/example_inlet_event_extra.py took 0.146 seconds
[2024-10-25T07:25:03.696+0000] {processor.py:186} INFO - Started process (PID=1477) to work on /home/airflow/.local/lib/python3.12/site-packages/airflow/example_dags/example_inlet_event_extra.py
[2024-10-25T07:25:03.698+0000] {processor.py:914} INFO - Processing file /home/airflow/.local/lib/python3.12/site-packages/airflow/example_dags/example_inlet_event_extra.py for tasks to queue
[2024-10-25T07:25:03.702+0000] {logging_mixin.py:190} INFO - [2024-10-25T07:25:03.702+0000] {dagbag.py:588} INFO - Filling up the DagBag from /home/airflow/.local/lib/python3.12/site-packages/airflow/example_dags/example_inlet_event_extra.py
[2024-10-25T07:25:03.790+0000] {processor.py:925} INFO - DAG(s) 'read_dataset_event_from_classic', 'read_dataset_event' retrieved from /home/airflow/.local/lib/python3.12/site-packages/airflow/example_dags/example_inlet_event_extra.py
[2024-10-25T07:25:03.819+0000] {logging_mixin.py:190} INFO - [2024-10-25T07:25:03.818+0000] {dag.py:3239} INFO - Sync 2 DAGs
[2024-10-25T07:25:03.853+0000] {logging_mixin.py:190} INFO - [2024-10-25T07:25:03.853+0000] {dag.py:4180} INFO - Setting next_dagrun for read_dataset_event to 2024-10-24 00:00:00+00:00, run_after=2024-10-25 00:00:00+00:00
[2024-10-25T07:25:03.868+0000] {logging_mixin.py:190} INFO - [2024-10-25T07:25:03.868+0000] {dag.py:4180} INFO - Setting next_dagrun for read_dataset_event_from_classic to 2024-10-24 00:00:00+00:00, run_after=2024-10-25 00:00:00+00:00
[2024-10-25T07:25:03.902+0000] {processor.py:208} INFO - Processing /home/airflow/.local/lib/python3.12/site-packages/airflow/example_dags/example_inlet_event_extra.py took 0.215 seconds
[2024-10-25T07:25:34.093+0000] {processor.py:186} INFO - Started process (PID=1546) to work on /home/airflow/.local/lib/python3.12/site-packages/airflow/example_dags/example_inlet_event_extra.py
[2024-10-25T07:25:34.094+0000] {processor.py:914} INFO - Processing file /home/airflow/.local/lib/python3.12/site-packages/airflow/example_dags/example_inlet_event_extra.py for tasks to queue
[2024-10-25T07:25:34.097+0000] {logging_mixin.py:190} INFO - [2024-10-25T07:25:34.097+0000] {dagbag.py:588} INFO - Filling up the DagBag from /home/airflow/.local/lib/python3.12/site-packages/airflow/example_dags/example_inlet_event_extra.py
[2024-10-25T07:25:34.169+0000] {processor.py:925} INFO - DAG(s) 'read_dataset_event', 'read_dataset_event_from_classic' retrieved from /home/airflow/.local/lib/python3.12/site-packages/airflow/example_dags/example_inlet_event_extra.py
[2024-10-25T07:25:34.200+0000] {logging_mixin.py:190} INFO - [2024-10-25T07:25:34.200+0000] {dag.py:3239} INFO - Sync 2 DAGs
[2024-10-25T07:25:34.220+0000] {logging_mixin.py:190} INFO - [2024-10-25T07:25:34.220+0000] {dag.py:4180} INFO - Setting next_dagrun for read_dataset_event to 2024-10-24 00:00:00+00:00, run_after=2024-10-25 00:00:00+00:00
[2024-10-25T07:25:34.225+0000] {logging_mixin.py:190} INFO - [2024-10-25T07:25:34.225+0000] {dag.py:4180} INFO - Setting next_dagrun for read_dataset_event_from_classic to 2024-10-24 00:00:00+00:00, run_after=2024-10-25 00:00:00+00:00
[2024-10-25T07:25:34.246+0000] {processor.py:208} INFO - Processing /home/airflow/.local/lib/python3.12/site-packages/airflow/example_dags/example_inlet_event_extra.py took 0.158 seconds
[2024-10-25T07:26:04.907+0000] {processor.py:186} INFO - Started process (PID=1615) to work on /home/airflow/.local/lib/python3.12/site-packages/airflow/example_dags/example_inlet_event_extra.py
[2024-10-25T07:26:04.910+0000] {processor.py:914} INFO - Processing file /home/airflow/.local/lib/python3.12/site-packages/airflow/example_dags/example_inlet_event_extra.py for tasks to queue
[2024-10-25T07:26:04.920+0000] {logging_mixin.py:190} INFO - [2024-10-25T07:26:04.920+0000] {dagbag.py:588} INFO - Filling up the DagBag from /home/airflow/.local/lib/python3.12/site-packages/airflow/example_dags/example_inlet_event_extra.py
[2024-10-25T07:26:05.054+0000] {processor.py:925} INFO - DAG(s) 'read_dataset_event', 'read_dataset_event_from_classic' retrieved from /home/airflow/.local/lib/python3.12/site-packages/airflow/example_dags/example_inlet_event_extra.py
[2024-10-25T07:26:05.094+0000] {logging_mixin.py:190} INFO - [2024-10-25T07:26:05.094+0000] {dag.py:3239} INFO - Sync 2 DAGs
[2024-10-25T07:26:05.131+0000] {logging_mixin.py:190} INFO - [2024-10-25T07:26:05.130+0000] {dag.py:4180} INFO - Setting next_dagrun for read_dataset_event to 2024-10-24 00:00:00+00:00, run_after=2024-10-25 00:00:00+00:00
[2024-10-25T07:26:05.141+0000] {logging_mixin.py:190} INFO - [2024-10-25T07:26:05.141+0000] {dag.py:4180} INFO - Setting next_dagrun for read_dataset_event_from_classic to 2024-10-24 00:00:00+00:00, run_after=2024-10-25 00:00:00+00:00
[2024-10-25T07:26:05.173+0000] {processor.py:208} INFO - Processing /home/airflow/.local/lib/python3.12/site-packages/airflow/example_dags/example_inlet_event_extra.py took 0.280 seconds
[2024-10-25T07:26:35.281+0000] {processor.py:186} INFO - Started process (PID=1685) to work on /home/airflow/.local/lib/python3.12/site-packages/airflow/example_dags/example_inlet_event_extra.py
[2024-10-25T07:26:35.285+0000] {processor.py:914} INFO - Processing file /home/airflow/.local/lib/python3.12/site-packages/airflow/example_dags/example_inlet_event_extra.py for tasks to queue
[2024-10-25T07:26:35.292+0000] {logging_mixin.py:190} INFO - [2024-10-25T07:26:35.290+0000] {dagbag.py:588} INFO - Filling up the DagBag from /home/airflow/.local/lib/python3.12/site-packages/airflow/example_dags/example_inlet_event_extra.py
[2024-10-25T07:26:35.501+0000] {processor.py:925} INFO - DAG(s) 'read_dataset_event', 'read_dataset_event_from_classic' retrieved from /home/airflow/.local/lib/python3.12/site-packages/airflow/example_dags/example_inlet_event_extra.py
[2024-10-25T07:26:35.565+0000] {logging_mixin.py:190} INFO - [2024-10-25T07:26:35.564+0000] {dag.py:3239} INFO - Sync 2 DAGs
[2024-10-25T07:26:35.629+0000] {logging_mixin.py:190} INFO - [2024-10-25T07:26:35.629+0000] {dag.py:4180} INFO - Setting next_dagrun for read_dataset_event to 2024-10-24 00:00:00+00:00, run_after=2024-10-25 00:00:00+00:00
[2024-10-25T07:26:35.646+0000] {logging_mixin.py:190} INFO - [2024-10-25T07:26:35.645+0000] {dag.py:4180} INFO - Setting next_dagrun for read_dataset_event_from_classic to 2024-10-24 00:00:00+00:00, run_after=2024-10-25 00:00:00+00:00
[2024-10-25T07:26:35.682+0000] {processor.py:208} INFO - Processing /home/airflow/.local/lib/python3.12/site-packages/airflow/example_dags/example_inlet_event_extra.py took 0.411 seconds
[2024-10-25T07:27:06.013+0000] {processor.py:186} INFO - Started process (PID=1754) to work on /home/airflow/.local/lib/python3.12/site-packages/airflow/example_dags/example_inlet_event_extra.py
[2024-10-25T07:27:06.018+0000] {processor.py:914} INFO - Processing file /home/airflow/.local/lib/python3.12/site-packages/airflow/example_dags/example_inlet_event_extra.py for tasks to queue
[2024-10-25T07:27:06.022+0000] {logging_mixin.py:190} INFO - [2024-10-25T07:27:06.021+0000] {dagbag.py:588} INFO - Filling up the DagBag from /home/airflow/.local/lib/python3.12/site-packages/airflow/example_dags/example_inlet_event_extra.py
[2024-10-25T07:27:06.120+0000] {processor.py:925} INFO - DAG(s) 'read_dataset_event_from_classic', 'read_dataset_event' retrieved from /home/airflow/.local/lib/python3.12/site-packages/airflow/example_dags/example_inlet_event_extra.py
[2024-10-25T07:27:06.146+0000] {logging_mixin.py:190} INFO - [2024-10-25T07:27:06.146+0000] {dag.py:3239} INFO - Sync 2 DAGs
[2024-10-25T07:27:06.170+0000] {logging_mixin.py:190} INFO - [2024-10-25T07:27:06.169+0000] {dag.py:4180} INFO - Setting next_dagrun for read_dataset_event to 2024-10-24 00:00:00+00:00, run_after=2024-10-25 00:00:00+00:00
[2024-10-25T07:27:06.177+0000] {logging_mixin.py:190} INFO - [2024-10-25T07:27:06.176+0000] {dag.py:4180} INFO - Setting next_dagrun for read_dataset_event_from_classic to 2024-10-24 00:00:00+00:00, run_after=2024-10-25 00:00:00+00:00
[2024-10-25T07:27:06.200+0000] {processor.py:208} INFO - Processing /home/airflow/.local/lib/python3.12/site-packages/airflow/example_dags/example_inlet_event_extra.py took 0.194 seconds
[2024-10-25T07:27:36.302+0000] {processor.py:186} INFO - Started process (PID=1823) to work on /home/airflow/.local/lib/python3.12/site-packages/airflow/example_dags/example_inlet_event_extra.py
[2024-10-25T07:27:36.304+0000] {processor.py:914} INFO - Processing file /home/airflow/.local/lib/python3.12/site-packages/airflow/example_dags/example_inlet_event_extra.py for tasks to queue
[2024-10-25T07:27:36.306+0000] {logging_mixin.py:190} INFO - [2024-10-25T07:27:36.306+0000] {dagbag.py:588} INFO - Filling up the DagBag from /home/airflow/.local/lib/python3.12/site-packages/airflow/example_dags/example_inlet_event_extra.py
[2024-10-25T07:27:36.373+0000] {processor.py:925} INFO - DAG(s) 'read_dataset_event_from_classic', 'read_dataset_event' retrieved from /home/airflow/.local/lib/python3.12/site-packages/airflow/example_dags/example_inlet_event_extra.py
[2024-10-25T07:27:36.396+0000] {logging_mixin.py:190} INFO - [2024-10-25T07:27:36.396+0000] {dag.py:3239} INFO - Sync 2 DAGs
[2024-10-25T07:27:36.420+0000] {logging_mixin.py:190} INFO - [2024-10-25T07:27:36.420+0000] {dag.py:4180} INFO - Setting next_dagrun for read_dataset_event to 2024-10-24 00:00:00+00:00, run_after=2024-10-25 00:00:00+00:00
[2024-10-25T07:27:36.426+0000] {logging_mixin.py:190} INFO - [2024-10-25T07:27:36.425+0000] {dag.py:4180} INFO - Setting next_dagrun for read_dataset_event_from_classic to 2024-10-24 00:00:00+00:00, run_after=2024-10-25 00:00:00+00:00
[2024-10-25T07:27:36.445+0000] {processor.py:208} INFO - Processing /home/airflow/.local/lib/python3.12/site-packages/airflow/example_dags/example_inlet_event_extra.py took 0.148 seconds
[2024-10-25T07:28:06.754+0000] {processor.py:186} INFO - Started process (PID=1892) to work on /home/airflow/.local/lib/python3.12/site-packages/airflow/example_dags/example_inlet_event_extra.py
[2024-10-25T07:28:06.755+0000] {processor.py:914} INFO - Processing file /home/airflow/.local/lib/python3.12/site-packages/airflow/example_dags/example_inlet_event_extra.py for tasks to queue
[2024-10-25T07:28:06.759+0000] {logging_mixin.py:190} INFO - [2024-10-25T07:28:06.758+0000] {dagbag.py:588} INFO - Filling up the DagBag from /home/airflow/.local/lib/python3.12/site-packages/airflow/example_dags/example_inlet_event_extra.py
[2024-10-25T07:28:06.823+0000] {processor.py:925} INFO - DAG(s) 'read_dataset_event', 'read_dataset_event_from_classic' retrieved from /home/airflow/.local/lib/python3.12/site-packages/airflow/example_dags/example_inlet_event_extra.py
[2024-10-25T07:28:06.846+0000] {logging_mixin.py:190} INFO - [2024-10-25T07:28:06.846+0000] {dag.py:3239} INFO - Sync 2 DAGs
[2024-10-25T07:28:06.868+0000] {logging_mixin.py:190} INFO - [2024-10-25T07:28:06.868+0000] {dag.py:4180} INFO - Setting next_dagrun for read_dataset_event to 2024-10-24 00:00:00+00:00, run_after=2024-10-25 00:00:00+00:00
[2024-10-25T07:28:06.873+0000] {logging_mixin.py:190} INFO - [2024-10-25T07:28:06.873+0000] {dag.py:4180} INFO - Setting next_dagrun for read_dataset_event_from_classic to 2024-10-24 00:00:00+00:00, run_after=2024-10-25 00:00:00+00:00
[2024-10-25T07:28:06.905+0000] {processor.py:208} INFO - Processing /home/airflow/.local/lib/python3.12/site-packages/airflow/example_dags/example_inlet_event_extra.py took 0.156 seconds
[2024-10-25T07:28:37.055+0000] {processor.py:186} INFO - Started process (PID=1961) to work on /home/airflow/.local/lib/python3.12/site-packages/airflow/example_dags/example_inlet_event_extra.py
[2024-10-25T07:28:37.057+0000] {processor.py:914} INFO - Processing file /home/airflow/.local/lib/python3.12/site-packages/airflow/example_dags/example_inlet_event_extra.py for tasks to queue
[2024-10-25T07:28:37.061+0000] {logging_mixin.py:190} INFO - [2024-10-25T07:28:37.060+0000] {dagbag.py:588} INFO - Filling up the DagBag from /home/airflow/.local/lib/python3.12/site-packages/airflow/example_dags/example_inlet_event_extra.py
[2024-10-25T07:28:37.151+0000] {processor.py:925} INFO - DAG(s) 'read_dataset_event_from_classic', 'read_dataset_event' retrieved from /home/airflow/.local/lib/python3.12/site-packages/airflow/example_dags/example_inlet_event_extra.py
[2024-10-25T07:28:37.177+0000] {logging_mixin.py:190} INFO - [2024-10-25T07:28:37.177+0000] {dag.py:3239} INFO - Sync 2 DAGs
[2024-10-25T07:28:37.197+0000] {logging_mixin.py:190} INFO - [2024-10-25T07:28:37.197+0000] {dag.py:4180} INFO - Setting next_dagrun for read_dataset_event to 2024-10-24 00:00:00+00:00, run_after=2024-10-25 00:00:00+00:00
[2024-10-25T07:28:37.201+0000] {logging_mixin.py:190} INFO - [2024-10-25T07:28:37.201+0000] {dag.py:4180} INFO - Setting next_dagrun for read_dataset_event_from_classic to 2024-10-24 00:00:00+00:00, run_after=2024-10-25 00:00:00+00:00
[2024-10-25T07:28:37.217+0000] {processor.py:208} INFO - Processing /home/airflow/.local/lib/python3.12/site-packages/airflow/example_dags/example_inlet_event_extra.py took 0.166 seconds
[2024-10-25T07:29:07.440+0000] {processor.py:186} INFO - Started process (PID=2030) to work on /home/airflow/.local/lib/python3.12/site-packages/airflow/example_dags/example_inlet_event_extra.py
[2024-10-25T07:29:07.442+0000] {processor.py:914} INFO - Processing file /home/airflow/.local/lib/python3.12/site-packages/airflow/example_dags/example_inlet_event_extra.py for tasks to queue
[2024-10-25T07:29:07.444+0000] {logging_mixin.py:190} INFO - [2024-10-25T07:29:07.444+0000] {dagbag.py:588} INFO - Filling up the DagBag from /home/airflow/.local/lib/python3.12/site-packages/airflow/example_dags/example_inlet_event_extra.py
[2024-10-25T07:29:07.524+0000] {processor.py:925} INFO - DAG(s) 'read_dataset_event', 'read_dataset_event_from_classic' retrieved from /home/airflow/.local/lib/python3.12/site-packages/airflow/example_dags/example_inlet_event_extra.py
[2024-10-25T07:29:07.552+0000] {logging_mixin.py:190} INFO - [2024-10-25T07:29:07.551+0000] {dag.py:3239} INFO - Sync 2 DAGs
[2024-10-25T07:29:07.741+0000] {logging_mixin.py:190} INFO - [2024-10-25T07:29:07.741+0000] {dag.py:4180} INFO - Setting next_dagrun for read_dataset_event to 2024-10-24 00:00:00+00:00, run_after=2024-10-25 00:00:00+00:00
[2024-10-25T07:29:07.747+0000] {logging_mixin.py:190} INFO - [2024-10-25T07:29:07.746+0000] {dag.py:4180} INFO - Setting next_dagrun for read_dataset_event_from_classic to 2024-10-24 00:00:00+00:00, run_after=2024-10-25 00:00:00+00:00
[2024-10-25T07:29:07.788+0000] {processor.py:208} INFO - Processing /home/airflow/.local/lib/python3.12/site-packages/airflow/example_dags/example_inlet_event_extra.py took 0.354 seconds
[2024-10-25T07:29:38.433+0000] {processor.py:186} INFO - Started process (PID=2099) to work on /home/airflow/.local/lib/python3.12/site-packages/airflow/example_dags/example_inlet_event_extra.py
[2024-10-25T07:29:38.434+0000] {processor.py:914} INFO - Processing file /home/airflow/.local/lib/python3.12/site-packages/airflow/example_dags/example_inlet_event_extra.py for tasks to queue
[2024-10-25T07:29:38.437+0000] {logging_mixin.py:190} INFO - [2024-10-25T07:29:38.437+0000] {dagbag.py:588} INFO - Filling up the DagBag from /home/airflow/.local/lib/python3.12/site-packages/airflow/example_dags/example_inlet_event_extra.py
[2024-10-25T07:29:38.503+0000] {processor.py:925} INFO - DAG(s) 'read_dataset_event', 'read_dataset_event_from_classic' retrieved from /home/airflow/.local/lib/python3.12/site-packages/airflow/example_dags/example_inlet_event_extra.py
[2024-10-25T07:29:38.524+0000] {logging_mixin.py:190} INFO - [2024-10-25T07:29:38.524+0000] {dag.py:3239} INFO - Sync 2 DAGs
[2024-10-25T07:29:38.710+0000] {logging_mixin.py:190} INFO - [2024-10-25T07:29:38.710+0000] {dag.py:4180} INFO - Setting next_dagrun for read_dataset_event to 2024-10-24 00:00:00+00:00, run_after=2024-10-25 00:00:00+00:00
[2024-10-25T07:29:38.715+0000] {logging_mixin.py:190} INFO - [2024-10-25T07:29:38.715+0000] {dag.py:4180} INFO - Setting next_dagrun for read_dataset_event_from_classic to 2024-10-24 00:00:00+00:00, run_after=2024-10-25 00:00:00+00:00
[2024-10-25T07:29:38.730+0000] {processor.py:208} INFO - Processing /home/airflow/.local/lib/python3.12/site-packages/airflow/example_dags/example_inlet_event_extra.py took 0.301 seconds
[2024-10-25T07:30:08.795+0000] {processor.py:186} INFO - Started process (PID=2168) to work on /home/airflow/.local/lib/python3.12/site-packages/airflow/example_dags/example_inlet_event_extra.py
[2024-10-25T07:30:08.797+0000] {processor.py:914} INFO - Processing file /home/airflow/.local/lib/python3.12/site-packages/airflow/example_dags/example_inlet_event_extra.py for tasks to queue
[2024-10-25T07:30:08.801+0000] {logging_mixin.py:190} INFO - [2024-10-25T07:30:08.800+0000] {dagbag.py:588} INFO - Filling up the DagBag from /home/airflow/.local/lib/python3.12/site-packages/airflow/example_dags/example_inlet_event_extra.py
[2024-10-25T07:30:08.952+0000] {processor.py:925} INFO - DAG(s) 'read_dataset_event', 'read_dataset_event_from_classic' retrieved from /home/airflow/.local/lib/python3.12/site-packages/airflow/example_dags/example_inlet_event_extra.py
[2024-10-25T07:30:08.978+0000] {logging_mixin.py:190} INFO - [2024-10-25T07:30:08.978+0000] {dag.py:3239} INFO - Sync 2 DAGs
[2024-10-25T07:30:09.169+0000] {logging_mixin.py:190} INFO - [2024-10-25T07:30:09.169+0000] {dag.py:4180} INFO - Setting next_dagrun for read_dataset_event to 2024-10-24 00:00:00+00:00, run_after=2024-10-25 00:00:00+00:00
[2024-10-25T07:30:09.173+0000] {logging_mixin.py:190} INFO - [2024-10-25T07:30:09.173+0000] {dag.py:4180} INFO - Setting next_dagrun for read_dataset_event_from_classic to 2024-10-24 00:00:00+00:00, run_after=2024-10-25 00:00:00+00:00
[2024-10-25T07:30:09.190+0000] {processor.py:208} INFO - Processing /home/airflow/.local/lib/python3.12/site-packages/airflow/example_dags/example_inlet_event_extra.py took 0.399 seconds
[2024-10-25T07:30:39.672+0000] {processor.py:186} INFO - Started process (PID=2235) to work on /home/airflow/.local/lib/python3.12/site-packages/airflow/example_dags/example_inlet_event_extra.py
[2024-10-25T07:30:39.674+0000] {processor.py:914} INFO - Processing file /home/airflow/.local/lib/python3.12/site-packages/airflow/example_dags/example_inlet_event_extra.py for tasks to queue
[2024-10-25T07:30:39.679+0000] {logging_mixin.py:190} INFO - [2024-10-25T07:30:39.679+0000] {dagbag.py:588} INFO - Filling up the DagBag from /home/airflow/.local/lib/python3.12/site-packages/airflow/example_dags/example_inlet_event_extra.py
[2024-10-25T07:30:39.848+0000] {processor.py:925} INFO - DAG(s) 'read_dataset_event', 'read_dataset_event_from_classic' retrieved from /home/airflow/.local/lib/python3.12/site-packages/airflow/example_dags/example_inlet_event_extra.py
[2024-10-25T07:30:39.880+0000] {logging_mixin.py:190} INFO - [2024-10-25T07:30:39.880+0000] {dag.py:3239} INFO - Sync 2 DAGs
[2024-10-25T07:30:39.905+0000] {logging_mixin.py:190} INFO - [2024-10-25T07:30:39.904+0000] {dag.py:4180} INFO - Setting next_dagrun for read_dataset_event to 2024-10-24 00:00:00+00:00, run_after=2024-10-25 00:00:00+00:00
[2024-10-25T07:30:39.911+0000] {logging_mixin.py:190} INFO - [2024-10-25T07:30:39.911+0000] {dag.py:4180} INFO - Setting next_dagrun for read_dataset_event_from_classic to 2024-10-24 00:00:00+00:00, run_after=2024-10-25 00:00:00+00:00
[2024-10-25T07:30:39.932+0000] {processor.py:208} INFO - Processing /home/airflow/.local/lib/python3.12/site-packages/airflow/example_dags/example_inlet_event_extra.py took 0.267 seconds
[2024-10-25T07:31:10.410+0000] {processor.py:186} INFO - Started process (PID=2304) to work on /home/airflow/.local/lib/python3.12/site-packages/airflow/example_dags/example_inlet_event_extra.py
[2024-10-25T07:31:10.412+0000] {processor.py:914} INFO - Processing file /home/airflow/.local/lib/python3.12/site-packages/airflow/example_dags/example_inlet_event_extra.py for tasks to queue
[2024-10-25T07:31:10.415+0000] {logging_mixin.py:190} INFO - [2024-10-25T07:31:10.415+0000] {dagbag.py:588} INFO - Filling up the DagBag from /home/airflow/.local/lib/python3.12/site-packages/airflow/example_dags/example_inlet_event_extra.py
[2024-10-25T07:31:10.605+0000] {processor.py:925} INFO - DAG(s) 'read_dataset_event', 'read_dataset_event_from_classic' retrieved from /home/airflow/.local/lib/python3.12/site-packages/airflow/example_dags/example_inlet_event_extra.py
[2024-10-25T07:31:10.652+0000] {logging_mixin.py:190} INFO - [2024-10-25T07:31:10.652+0000] {dag.py:3239} INFO - Sync 2 DAGs
[2024-10-25T07:31:10.682+0000] {logging_mixin.py:190} INFO - [2024-10-25T07:31:10.682+0000] {dag.py:4180} INFO - Setting next_dagrun for read_dataset_event to 2024-10-24 00:00:00+00:00, run_after=2024-10-25 00:00:00+00:00
[2024-10-25T07:31:10.688+0000] {logging_mixin.py:190} INFO - [2024-10-25T07:31:10.687+0000] {dag.py:4180} INFO - Setting next_dagrun for read_dataset_event_from_classic to 2024-10-24 00:00:00+00:00, run_after=2024-10-25 00:00:00+00:00
[2024-10-25T07:31:10.710+0000] {processor.py:208} INFO - Processing /home/airflow/.local/lib/python3.12/site-packages/airflow/example_dags/example_inlet_event_extra.py took 0.305 seconds
[2024-10-25T07:31:40.914+0000] {processor.py:186} INFO - Started process (PID=2374) to work on /home/airflow/.local/lib/python3.12/site-packages/airflow/example_dags/example_inlet_event_extra.py
[2024-10-25T07:31:40.916+0000] {processor.py:914} INFO - Processing file /home/airflow/.local/lib/python3.12/site-packages/airflow/example_dags/example_inlet_event_extra.py for tasks to queue
[2024-10-25T07:31:40.919+0000] {logging_mixin.py:190} INFO - [2024-10-25T07:31:40.918+0000] {dagbag.py:588} INFO - Filling up the DagBag from /home/airflow/.local/lib/python3.12/site-packages/airflow/example_dags/example_inlet_event_extra.py
[2024-10-25T07:31:41.236+0000] {processor.py:925} INFO - DAG(s) 'read_dataset_event', 'read_dataset_event_from_classic' retrieved from /home/airflow/.local/lib/python3.12/site-packages/airflow/example_dags/example_inlet_event_extra.py
[2024-10-25T07:31:41.255+0000] {logging_mixin.py:190} INFO - [2024-10-25T07:31:41.255+0000] {dag.py:3239} INFO - Sync 2 DAGs
[2024-10-25T07:31:41.274+0000] {logging_mixin.py:190} INFO - [2024-10-25T07:31:41.274+0000] {dag.py:4180} INFO - Setting next_dagrun for read_dataset_event to 2024-10-24 00:00:00+00:00, run_after=2024-10-25 00:00:00+00:00
[2024-10-25T07:31:41.279+0000] {logging_mixin.py:190} INFO - [2024-10-25T07:31:41.279+0000] {dag.py:4180} INFO - Setting next_dagrun for read_dataset_event_from_classic to 2024-10-24 00:00:00+00:00, run_after=2024-10-25 00:00:00+00:00
[2024-10-25T07:31:41.296+0000] {processor.py:208} INFO - Processing /home/airflow/.local/lib/python3.12/site-packages/airflow/example_dags/example_inlet_event_extra.py took 0.387 seconds
[2024-10-25T07:32:52.431+0000] {processor.py:186} INFO - Started process (PID=2457) to work on /home/airflow/.local/lib/python3.12/site-packages/airflow/example_dags/example_inlet_event_extra.py
[2024-10-25T07:32:52.433+0000] {processor.py:914} INFO - Processing file /home/airflow/.local/lib/python3.12/site-packages/airflow/example_dags/example_inlet_event_extra.py for tasks to queue
[2024-10-25T07:32:52.435+0000] {logging_mixin.py:190} INFO - [2024-10-25T07:32:52.435+0000] {dagbag.py:588} INFO - Filling up the DagBag from /home/airflow/.local/lib/python3.12/site-packages/airflow/example_dags/example_inlet_event_extra.py
[2024-10-25T07:32:52.782+0000] {processor.py:925} INFO - DAG(s) 'read_dataset_event_from_classic', 'read_dataset_event' retrieved from /home/airflow/.local/lib/python3.12/site-packages/airflow/example_dags/example_inlet_event_extra.py
[2024-10-25T07:32:52.810+0000] {logging_mixin.py:190} INFO - [2024-10-25T07:32:52.809+0000] {dag.py:3239} INFO - Sync 2 DAGs
[2024-10-25T07:32:52.843+0000] {logging_mixin.py:190} INFO - [2024-10-25T07:32:52.842+0000] {dag.py:4180} INFO - Setting next_dagrun for read_dataset_event to 2024-10-24 00:00:00+00:00, run_after=2024-10-25 00:00:00+00:00
[2024-10-25T07:32:52.850+0000] {logging_mixin.py:190} INFO - [2024-10-25T07:32:52.849+0000] {dag.py:4180} INFO - Setting next_dagrun for read_dataset_event_from_classic to 2024-10-24 00:00:00+00:00, run_after=2024-10-25 00:00:00+00:00
[2024-10-25T07:32:52.875+0000] {processor.py:208} INFO - Processing /home/airflow/.local/lib/python3.12/site-packages/airflow/example_dags/example_inlet_event_extra.py took 0.452 seconds
[2024-10-25T07:33:23.312+0000] {processor.py:186} INFO - Started process (PID=2526) to work on /home/airflow/.local/lib/python3.12/site-packages/airflow/example_dags/example_inlet_event_extra.py
[2024-10-25T07:33:23.314+0000] {processor.py:914} INFO - Processing file /home/airflow/.local/lib/python3.12/site-packages/airflow/example_dags/example_inlet_event_extra.py for tasks to queue
[2024-10-25T07:33:23.316+0000] {logging_mixin.py:190} INFO - [2024-10-25T07:33:23.316+0000] {dagbag.py:588} INFO - Filling up the DagBag from /home/airflow/.local/lib/python3.12/site-packages/airflow/example_dags/example_inlet_event_extra.py
[2024-10-25T07:33:23.570+0000] {processor.py:925} INFO - DAG(s) 'read_dataset_event', 'read_dataset_event_from_classic' retrieved from /home/airflow/.local/lib/python3.12/site-packages/airflow/example_dags/example_inlet_event_extra.py
[2024-10-25T07:33:23.587+0000] {logging_mixin.py:190} INFO - [2024-10-25T07:33:23.587+0000] {dag.py:3239} INFO - Sync 2 DAGs
[2024-10-25T07:33:23.605+0000] {logging_mixin.py:190} INFO - [2024-10-25T07:33:23.605+0000] {dag.py:4180} INFO - Setting next_dagrun for read_dataset_event to 2024-10-24 00:00:00+00:00, run_after=2024-10-25 00:00:00+00:00
[2024-10-25T07:33:23.610+0000] {logging_mixin.py:190} INFO - [2024-10-25T07:33:23.610+0000] {dag.py:4180} INFO - Setting next_dagrun for read_dataset_event_from_classic to 2024-10-24 00:00:00+00:00, run_after=2024-10-25 00:00:00+00:00
[2024-10-25T07:33:23.625+0000] {processor.py:208} INFO - Processing /home/airflow/.local/lib/python3.12/site-packages/airflow/example_dags/example_inlet_event_extra.py took 0.319 seconds
[2024-10-25T07:33:54.584+0000] {processor.py:186} INFO - Started process (PID=2595) to work on /home/airflow/.local/lib/python3.12/site-packages/airflow/example_dags/example_inlet_event_extra.py
[2024-10-25T07:33:54.586+0000] {processor.py:914} INFO - Processing file /home/airflow/.local/lib/python3.12/site-packages/airflow/example_dags/example_inlet_event_extra.py for tasks to queue
[2024-10-25T07:33:54.590+0000] {logging_mixin.py:190} INFO - [2024-10-25T07:33:54.589+0000] {dagbag.py:588} INFO - Filling up the DagBag from /home/airflow/.local/lib/python3.12/site-packages/airflow/example_dags/example_inlet_event_extra.py
[2024-10-25T07:33:55.050+0000] {processor.py:925} INFO - DAG(s) 'read_dataset_event_from_classic', 'read_dataset_event' retrieved from /home/airflow/.local/lib/python3.12/site-packages/airflow/example_dags/example_inlet_event_extra.py
[2024-10-25T07:33:55.082+0000] {logging_mixin.py:190} INFO - [2024-10-25T07:33:55.081+0000] {dag.py:3239} INFO - Sync 2 DAGs
[2024-10-25T07:33:55.107+0000] {logging_mixin.py:190} INFO - [2024-10-25T07:33:55.107+0000] {dag.py:4180} INFO - Setting next_dagrun for read_dataset_event to 2024-10-24 00:00:00+00:00, run_after=2024-10-25 00:00:00+00:00
[2024-10-25T07:33:55.113+0000] {logging_mixin.py:190} INFO - [2024-10-25T07:33:55.113+0000] {dag.py:4180} INFO - Setting next_dagrun for read_dataset_event_from_classic to 2024-10-24 00:00:00+00:00, run_after=2024-10-25 00:00:00+00:00
[2024-10-25T07:33:55.140+0000] {processor.py:208} INFO - Processing /home/airflow/.local/lib/python3.12/site-packages/airflow/example_dags/example_inlet_event_extra.py took 0.567 seconds
[2024-10-25T07:34:25.332+0000] {processor.py:186} INFO - Started process (PID=2664) to work on /home/airflow/.local/lib/python3.12/site-packages/airflow/example_dags/example_inlet_event_extra.py
[2024-10-25T07:34:25.333+0000] {processor.py:914} INFO - Processing file /home/airflow/.local/lib/python3.12/site-packages/airflow/example_dags/example_inlet_event_extra.py for tasks to queue
[2024-10-25T07:34:25.335+0000] {logging_mixin.py:190} INFO - [2024-10-25T07:34:25.335+0000] {dagbag.py:588} INFO - Filling up the DagBag from /home/airflow/.local/lib/python3.12/site-packages/airflow/example_dags/example_inlet_event_extra.py
[2024-10-25T07:34:25.562+0000] {processor.py:925} INFO - DAG(s) 'read_dataset_event', 'read_dataset_event_from_classic' retrieved from /home/airflow/.local/lib/python3.12/site-packages/airflow/example_dags/example_inlet_event_extra.py
[2024-10-25T07:34:25.586+0000] {logging_mixin.py:190} INFO - [2024-10-25T07:34:25.586+0000] {dag.py:3239} INFO - Sync 2 DAGs
[2024-10-25T07:34:25.606+0000] {logging_mixin.py:190} INFO - [2024-10-25T07:34:25.606+0000] {dag.py:4180} INFO - Setting next_dagrun for read_dataset_event to 2024-10-24 00:00:00+00:00, run_after=2024-10-25 00:00:00+00:00
[2024-10-25T07:34:25.611+0000] {logging_mixin.py:190} INFO - [2024-10-25T07:34:25.610+0000] {dag.py:4180} INFO - Setting next_dagrun for read_dataset_event_from_classic to 2024-10-24 00:00:00+00:00, run_after=2024-10-25 00:00:00+00:00
[2024-10-25T07:34:25.627+0000] {processor.py:208} INFO - Processing /home/airflow/.local/lib/python3.12/site-packages/airflow/example_dags/example_inlet_event_extra.py took 0.299 seconds
[2024-10-25T07:34:55.842+0000] {processor.py:186} INFO - Started process (PID=2733) to work on /home/airflow/.local/lib/python3.12/site-packages/airflow/example_dags/example_inlet_event_extra.py
[2024-10-25T07:34:55.844+0000] {processor.py:914} INFO - Processing file /home/airflow/.local/lib/python3.12/site-packages/airflow/example_dags/example_inlet_event_extra.py for tasks to queue
[2024-10-25T07:34:55.846+0000] {logging_mixin.py:190} INFO - [2024-10-25T07:34:55.846+0000] {dagbag.py:588} INFO - Filling up the DagBag from /home/airflow/.local/lib/python3.12/site-packages/airflow/example_dags/example_inlet_event_extra.py
[2024-10-25T07:34:55.921+0000] {processor.py:925} INFO - DAG(s) 'read_dataset_event_from_classic', 'read_dataset_event' retrieved from /home/airflow/.local/lib/python3.12/site-packages/airflow/example_dags/example_inlet_event_extra.py
[2024-10-25T07:34:55.946+0000] {logging_mixin.py:190} INFO - [2024-10-25T07:34:55.946+0000] {dag.py:3239} INFO - Sync 2 DAGs
[2024-10-25T07:34:55.968+0000] {logging_mixin.py:190} INFO - [2024-10-25T07:34:55.968+0000] {dag.py:4180} INFO - Setting next_dagrun for read_dataset_event to 2024-10-24 00:00:00+00:00, run_after=2024-10-25 00:00:00+00:00
[2024-10-25T07:34:55.973+0000] {logging_mixin.py:190} INFO - [2024-10-25T07:34:55.972+0000] {dag.py:4180} INFO - Setting next_dagrun for read_dataset_event_from_classic to 2024-10-24 00:00:00+00:00, run_after=2024-10-25 00:00:00+00:00
[2024-10-25T07:34:55.988+0000] {processor.py:208} INFO - Processing /home/airflow/.local/lib/python3.12/site-packages/airflow/example_dags/example_inlet_event_extra.py took 0.152 seconds
[2024-10-25T07:35:26.422+0000] {processor.py:186} INFO - Started process (PID=2802) to work on /home/airflow/.local/lib/python3.12/site-packages/airflow/example_dags/example_inlet_event_extra.py
[2024-10-25T07:35:26.424+0000] {processor.py:914} INFO - Processing file /home/airflow/.local/lib/python3.12/site-packages/airflow/example_dags/example_inlet_event_extra.py for tasks to queue
[2024-10-25T07:35:26.428+0000] {logging_mixin.py:190} INFO - [2024-10-25T07:35:26.427+0000] {dagbag.py:588} INFO - Filling up the DagBag from /home/airflow/.local/lib/python3.12/site-packages/airflow/example_dags/example_inlet_event_extra.py
[2024-10-25T07:35:26.509+0000] {processor.py:925} INFO - DAG(s) 'read_dataset_event', 'read_dataset_event_from_classic' retrieved from /home/airflow/.local/lib/python3.12/site-packages/airflow/example_dags/example_inlet_event_extra.py
[2024-10-25T07:35:26.541+0000] {logging_mixin.py:190} INFO - [2024-10-25T07:35:26.541+0000] {dag.py:3239} INFO - Sync 2 DAGs
[2024-10-25T07:35:26.567+0000] {logging_mixin.py:190} INFO - [2024-10-25T07:35:26.566+0000] {dag.py:4180} INFO - Setting next_dagrun for read_dataset_event to 2024-10-24 00:00:00+00:00, run_after=2024-10-25 00:00:00+00:00
[2024-10-25T07:35:26.573+0000] {logging_mixin.py:190} INFO - [2024-10-25T07:35:26.573+0000] {dag.py:4180} INFO - Setting next_dagrun for read_dataset_event_from_classic to 2024-10-24 00:00:00+00:00, run_after=2024-10-25 00:00:00+00:00
[2024-10-25T07:35:26.597+0000] {processor.py:208} INFO - Processing /home/airflow/.local/lib/python3.12/site-packages/airflow/example_dags/example_inlet_event_extra.py took 0.179 seconds
[2024-10-25T07:37:56.677+0000] {processor.py:186} INFO - Started process (PID=96) to work on /home/airflow/.local/lib/python3.12/site-packages/airflow/example_dags/example_inlet_event_extra.py
[2024-10-25T07:37:56.679+0000] {processor.py:914} INFO - Processing file /home/airflow/.local/lib/python3.12/site-packages/airflow/example_dags/example_inlet_event_extra.py for tasks to queue
[2024-10-25T07:37:56.682+0000] {logging_mixin.py:190} INFO - [2024-10-25T07:37:56.681+0000] {dagbag.py:588} INFO - Filling up the DagBag from /home/airflow/.local/lib/python3.12/site-packages/airflow/example_dags/example_inlet_event_extra.py
[2024-10-25T07:37:56.776+0000] {processor.py:925} INFO - DAG(s) 'read_dataset_event', 'read_dataset_event_from_classic' retrieved from /home/airflow/.local/lib/python3.12/site-packages/airflow/example_dags/example_inlet_event_extra.py
[2024-10-25T07:37:56.807+0000] {logging_mixin.py:190} INFO - [2024-10-25T07:37:56.807+0000] {dag.py:3239} INFO - Sync 2 DAGs
[2024-10-25T07:37:56.850+0000] {logging_mixin.py:190} INFO - [2024-10-25T07:37:56.849+0000] {dag.py:4180} INFO - Setting next_dagrun for read_dataset_event to 2024-10-24 00:00:00+00:00, run_after=2024-10-25 00:00:00+00:00
[2024-10-25T07:37:56.857+0000] {logging_mixin.py:190} INFO - [2024-10-25T07:37:56.856+0000] {dag.py:4180} INFO - Setting next_dagrun for read_dataset_event_from_classic to 2024-10-24 00:00:00+00:00, run_after=2024-10-25 00:00:00+00:00
[2024-10-25T07:37:56.880+0000] {processor.py:208} INFO - Processing /home/airflow/.local/lib/python3.12/site-packages/airflow/example_dags/example_inlet_event_extra.py took 0.209 seconds
[2024-10-25T07:38:28.864+0000] {processor.py:186} INFO - Started process (PID=166) to work on /home/airflow/.local/lib/python3.12/site-packages/airflow/example_dags/example_inlet_event_extra.py
[2024-10-25T07:38:28.866+0000] {processor.py:914} INFO - Processing file /home/airflow/.local/lib/python3.12/site-packages/airflow/example_dags/example_inlet_event_extra.py for tasks to queue
[2024-10-25T07:38:28.869+0000] {logging_mixin.py:190} INFO - [2024-10-25T07:38:28.869+0000] {dagbag.py:588} INFO - Filling up the DagBag from /home/airflow/.local/lib/python3.12/site-packages/airflow/example_dags/example_inlet_event_extra.py
[2024-10-25T07:38:28.982+0000] {processor.py:925} INFO - DAG(s) 'read_dataset_event_from_classic', 'read_dataset_event' retrieved from /home/airflow/.local/lib/python3.12/site-packages/airflow/example_dags/example_inlet_event_extra.py
[2024-10-25T07:38:29.015+0000] {logging_mixin.py:190} INFO - [2024-10-25T07:38:29.015+0000] {dag.py:3239} INFO - Sync 2 DAGs
[2024-10-25T07:38:29.043+0000] {logging_mixin.py:190} INFO - [2024-10-25T07:38:29.043+0000] {dag.py:4180} INFO - Setting next_dagrun for read_dataset_event to 2024-10-24 00:00:00+00:00, run_after=2024-10-25 00:00:00+00:00
[2024-10-25T07:38:29.053+0000] {logging_mixin.py:190} INFO - [2024-10-25T07:38:29.053+0000] {dag.py:4180} INFO - Setting next_dagrun for read_dataset_event_from_classic to 2024-10-24 00:00:00+00:00, run_after=2024-10-25 00:00:00+00:00
[2024-10-25T07:38:29.084+0000] {processor.py:208} INFO - Processing /home/airflow/.local/lib/python3.12/site-packages/airflow/example_dags/example_inlet_event_extra.py took 0.227 seconds
