[2024-10-25T07:15:46.914+0000] {processor.py:186} INFO - Started process (PID=227) to work on /home/airflow/.local/lib/python3.12/site-packages/airflow/example_dags/example_skip_dag.py
[2024-10-25T07:15:46.981+0000] {processor.py:914} INFO - Processing file /home/airflow/.local/lib/python3.12/site-packages/airflow/example_dags/example_skip_dag.py for tasks to queue
[2024-10-25T07:15:47.175+0000] {logging_mixin.py:190} INFO - [2024-10-25T07:15:47.171+0000] {dagbag.py:588} INFO - Filling up the DagBag from /home/airflow/.local/lib/python3.12/site-packages/airflow/example_dags/example_skip_dag.py
[2024-10-25T07:15:47.567+0000] {processor.py:925} INFO - DAG(s) 'example_skip_dag' retrieved from /home/airflow/.local/lib/python3.12/site-packages/airflow/example_dags/example_skip_dag.py
[2024-10-25T07:15:47.762+0000] {logging_mixin.py:190} INFO - [2024-10-25T07:15:47.761+0000] {dag.py:3239} INFO - Sync 1 DAGs
[2024-10-25T07:15:48.318+0000] {logging_mixin.py:190} INFO - [2024-10-25T07:15:48.313+0000] {dag.py:4180} INFO - Setting next_dagrun for example_skip_dag to 2024-10-24 00:00:00+00:00, run_after=2024-10-25 00:00:00+00:00
[2024-10-25T07:15:48.530+0000] {processor.py:208} INFO - Processing /home/airflow/.local/lib/python3.12/site-packages/airflow/example_dags/example_skip_dag.py took 2.041 seconds
[2024-10-25T07:16:20.501+0000] {processor.py:186} INFO - Started process (PID=296) to work on /home/airflow/.local/lib/python3.12/site-packages/airflow/example_dags/example_skip_dag.py
[2024-10-25T07:16:20.505+0000] {processor.py:914} INFO - Processing file /home/airflow/.local/lib/python3.12/site-packages/airflow/example_dags/example_skip_dag.py for tasks to queue
[2024-10-25T07:16:20.512+0000] {logging_mixin.py:190} INFO - [2024-10-25T07:16:20.511+0000] {dagbag.py:588} INFO - Filling up the DagBag from /home/airflow/.local/lib/python3.12/site-packages/airflow/example_dags/example_skip_dag.py
[2024-10-25T07:16:20.541+0000] {processor.py:925} INFO - DAG(s) 'example_skip_dag' retrieved from /home/airflow/.local/lib/python3.12/site-packages/airflow/example_dags/example_skip_dag.py
[2024-10-25T07:16:20.620+0000] {logging_mixin.py:190} INFO - [2024-10-25T07:16:20.619+0000] {dag.py:3239} INFO - Sync 1 DAGs
[2024-10-25T07:16:20.705+0000] {logging_mixin.py:190} INFO - [2024-10-25T07:16:20.704+0000] {dag.py:4180} INFO - Setting next_dagrun for example_skip_dag to 2024-10-24 00:00:00+00:00, run_after=2024-10-25 00:00:00+00:00
[2024-10-25T07:16:20.766+0000] {processor.py:208} INFO - Processing /home/airflow/.local/lib/python3.12/site-packages/airflow/example_dags/example_skip_dag.py took 0.283 seconds
[2024-10-25T07:16:50.942+0000] {processor.py:186} INFO - Started process (PID=365) to work on /home/airflow/.local/lib/python3.12/site-packages/airflow/example_dags/example_skip_dag.py
[2024-10-25T07:16:50.944+0000] {processor.py:914} INFO - Processing file /home/airflow/.local/lib/python3.12/site-packages/airflow/example_dags/example_skip_dag.py for tasks to queue
[2024-10-25T07:16:50.948+0000] {logging_mixin.py:190} INFO - [2024-10-25T07:16:50.947+0000] {dagbag.py:588} INFO - Filling up the DagBag from /home/airflow/.local/lib/python3.12/site-packages/airflow/example_dags/example_skip_dag.py
[2024-10-25T07:16:50.960+0000] {processor.py:925} INFO - DAG(s) 'example_skip_dag' retrieved from /home/airflow/.local/lib/python3.12/site-packages/airflow/example_dags/example_skip_dag.py
[2024-10-25T07:16:50.991+0000] {logging_mixin.py:190} INFO - [2024-10-25T07:16:50.991+0000] {dag.py:3239} INFO - Sync 1 DAGs
[2024-10-25T07:16:51.028+0000] {logging_mixin.py:190} INFO - [2024-10-25T07:16:51.028+0000] {dag.py:4180} INFO - Setting next_dagrun for example_skip_dag to 2024-10-24 00:00:00+00:00, run_after=2024-10-25 00:00:00+00:00
[2024-10-25T07:16:51.058+0000] {processor.py:208} INFO - Processing /home/airflow/.local/lib/python3.12/site-packages/airflow/example_dags/example_skip_dag.py took 0.124 seconds
[2024-10-25T07:17:21.645+0000] {processor.py:186} INFO - Started process (PID=434) to work on /home/airflow/.local/lib/python3.12/site-packages/airflow/example_dags/example_skip_dag.py
[2024-10-25T07:17:21.647+0000] {processor.py:914} INFO - Processing file /home/airflow/.local/lib/python3.12/site-packages/airflow/example_dags/example_skip_dag.py for tasks to queue
[2024-10-25T07:17:21.651+0000] {logging_mixin.py:190} INFO - [2024-10-25T07:17:21.651+0000] {dagbag.py:588} INFO - Filling up the DagBag from /home/airflow/.local/lib/python3.12/site-packages/airflow/example_dags/example_skip_dag.py
[2024-10-25T07:17:21.662+0000] {processor.py:925} INFO - DAG(s) 'example_skip_dag' retrieved from /home/airflow/.local/lib/python3.12/site-packages/airflow/example_dags/example_skip_dag.py
[2024-10-25T07:17:21.692+0000] {logging_mixin.py:190} INFO - [2024-10-25T07:17:21.692+0000] {dag.py:3239} INFO - Sync 1 DAGs
[2024-10-25T07:17:21.725+0000] {logging_mixin.py:190} INFO - [2024-10-25T07:17:21.725+0000] {dag.py:4180} INFO - Setting next_dagrun for example_skip_dag to 2024-10-24 00:00:00+00:00, run_after=2024-10-25 00:00:00+00:00
[2024-10-25T07:17:21.758+0000] {processor.py:208} INFO - Processing /home/airflow/.local/lib/python3.12/site-packages/airflow/example_dags/example_skip_dag.py took 0.120 seconds
[2024-10-25T07:17:51.941+0000] {processor.py:186} INFO - Started process (PID=504) to work on /home/airflow/.local/lib/python3.12/site-packages/airflow/example_dags/example_skip_dag.py
[2024-10-25T07:17:51.942+0000] {processor.py:914} INFO - Processing file /home/airflow/.local/lib/python3.12/site-packages/airflow/example_dags/example_skip_dag.py for tasks to queue
[2024-10-25T07:17:51.946+0000] {logging_mixin.py:190} INFO - [2024-10-25T07:17:51.945+0000] {dagbag.py:588} INFO - Filling up the DagBag from /home/airflow/.local/lib/python3.12/site-packages/airflow/example_dags/example_skip_dag.py
[2024-10-25T07:17:51.957+0000] {processor.py:925} INFO - DAG(s) 'example_skip_dag' retrieved from /home/airflow/.local/lib/python3.12/site-packages/airflow/example_dags/example_skip_dag.py
[2024-10-25T07:17:51.989+0000] {logging_mixin.py:190} INFO - [2024-10-25T07:17:51.988+0000] {dag.py:3239} INFO - Sync 1 DAGs
[2024-10-25T07:17:52.020+0000] {logging_mixin.py:190} INFO - [2024-10-25T07:17:52.020+0000] {dag.py:4180} INFO - Setting next_dagrun for example_skip_dag to 2024-10-24 00:00:00+00:00, run_after=2024-10-25 00:00:00+00:00
[2024-10-25T07:17:52.059+0000] {processor.py:208} INFO - Processing /home/airflow/.local/lib/python3.12/site-packages/airflow/example_dags/example_skip_dag.py took 0.126 seconds
[2024-10-25T07:18:22.923+0000] {processor.py:186} INFO - Started process (PID=573) to work on /home/airflow/.local/lib/python3.12/site-packages/airflow/example_dags/example_skip_dag.py
[2024-10-25T07:18:22.924+0000] {processor.py:914} INFO - Processing file /home/airflow/.local/lib/python3.12/site-packages/airflow/example_dags/example_skip_dag.py for tasks to queue
[2024-10-25T07:18:22.928+0000] {logging_mixin.py:190} INFO - [2024-10-25T07:18:22.928+0000] {dagbag.py:588} INFO - Filling up the DagBag from /home/airflow/.local/lib/python3.12/site-packages/airflow/example_dags/example_skip_dag.py
[2024-10-25T07:18:22.938+0000] {processor.py:925} INFO - DAG(s) 'example_skip_dag' retrieved from /home/airflow/.local/lib/python3.12/site-packages/airflow/example_dags/example_skip_dag.py
[2024-10-25T07:18:22.967+0000] {logging_mixin.py:190} INFO - [2024-10-25T07:18:22.966+0000] {dag.py:3239} INFO - Sync 1 DAGs
[2024-10-25T07:18:23.003+0000] {logging_mixin.py:190} INFO - [2024-10-25T07:18:23.003+0000] {dag.py:4180} INFO - Setting next_dagrun for example_skip_dag to 2024-10-24 00:00:00+00:00, run_after=2024-10-25 00:00:00+00:00
[2024-10-25T07:18:23.030+0000] {processor.py:208} INFO - Processing /home/airflow/.local/lib/python3.12/site-packages/airflow/example_dags/example_skip_dag.py took 0.114 seconds
[2024-10-25T07:18:53.224+0000] {processor.py:186} INFO - Started process (PID=641) to work on /home/airflow/.local/lib/python3.12/site-packages/airflow/example_dags/example_skip_dag.py
[2024-10-25T07:18:53.226+0000] {processor.py:914} INFO - Processing file /home/airflow/.local/lib/python3.12/site-packages/airflow/example_dags/example_skip_dag.py for tasks to queue
[2024-10-25T07:18:53.231+0000] {logging_mixin.py:190} INFO - [2024-10-25T07:18:53.231+0000] {dagbag.py:588} INFO - Filling up the DagBag from /home/airflow/.local/lib/python3.12/site-packages/airflow/example_dags/example_skip_dag.py
[2024-10-25T07:18:53.246+0000] {processor.py:925} INFO - DAG(s) 'example_skip_dag' retrieved from /home/airflow/.local/lib/python3.12/site-packages/airflow/example_dags/example_skip_dag.py
[2024-10-25T07:18:53.282+0000] {logging_mixin.py:190} INFO - [2024-10-25T07:18:53.282+0000] {dag.py:3239} INFO - Sync 1 DAGs
[2024-10-25T07:18:53.320+0000] {logging_mixin.py:190} INFO - [2024-10-25T07:18:53.320+0000] {dag.py:4180} INFO - Setting next_dagrun for example_skip_dag to 2024-10-24 00:00:00+00:00, run_after=2024-10-25 00:00:00+00:00
[2024-10-25T07:18:53.354+0000] {processor.py:208} INFO - Processing /home/airflow/.local/lib/python3.12/site-packages/airflow/example_dags/example_skip_dag.py took 0.139 seconds
[2024-10-25T07:19:23.741+0000] {processor.py:186} INFO - Started process (PID=710) to work on /home/airflow/.local/lib/python3.12/site-packages/airflow/example_dags/example_skip_dag.py
[2024-10-25T07:19:23.743+0000] {processor.py:914} INFO - Processing file /home/airflow/.local/lib/python3.12/site-packages/airflow/example_dags/example_skip_dag.py for tasks to queue
[2024-10-25T07:19:23.746+0000] {logging_mixin.py:190} INFO - [2024-10-25T07:19:23.746+0000] {dagbag.py:588} INFO - Filling up the DagBag from /home/airflow/.local/lib/python3.12/site-packages/airflow/example_dags/example_skip_dag.py
[2024-10-25T07:19:23.758+0000] {processor.py:925} INFO - DAG(s) 'example_skip_dag' retrieved from /home/airflow/.local/lib/python3.12/site-packages/airflow/example_dags/example_skip_dag.py
[2024-10-25T07:19:23.790+0000] {logging_mixin.py:190} INFO - [2024-10-25T07:19:23.790+0000] {dag.py:3239} INFO - Sync 1 DAGs
[2024-10-25T07:19:23.830+0000] {logging_mixin.py:190} INFO - [2024-10-25T07:19:23.829+0000] {dag.py:4180} INFO - Setting next_dagrun for example_skip_dag to 2024-10-24 00:00:00+00:00, run_after=2024-10-25 00:00:00+00:00
[2024-10-25T07:19:23.864+0000] {processor.py:208} INFO - Processing /home/airflow/.local/lib/python3.12/site-packages/airflow/example_dags/example_skip_dag.py took 0.131 seconds
[2024-10-25T07:19:54.042+0000] {processor.py:186} INFO - Started process (PID=779) to work on /home/airflow/.local/lib/python3.12/site-packages/airflow/example_dags/example_skip_dag.py
[2024-10-25T07:19:54.044+0000] {processor.py:914} INFO - Processing file /home/airflow/.local/lib/python3.12/site-packages/airflow/example_dags/example_skip_dag.py for tasks to queue
[2024-10-25T07:19:54.046+0000] {logging_mixin.py:190} INFO - [2024-10-25T07:19:54.046+0000] {dagbag.py:588} INFO - Filling up the DagBag from /home/airflow/.local/lib/python3.12/site-packages/airflow/example_dags/example_skip_dag.py
[2024-10-25T07:19:54.053+0000] {processor.py:925} INFO - DAG(s) 'example_skip_dag' retrieved from /home/airflow/.local/lib/python3.12/site-packages/airflow/example_dags/example_skip_dag.py
[2024-10-25T07:19:54.076+0000] {logging_mixin.py:190} INFO - [2024-10-25T07:19:54.075+0000] {dag.py:3239} INFO - Sync 1 DAGs
[2024-10-25T07:19:54.099+0000] {logging_mixin.py:190} INFO - [2024-10-25T07:19:54.099+0000] {dag.py:4180} INFO - Setting next_dagrun for example_skip_dag to 2024-10-24 00:00:00+00:00, run_after=2024-10-25 00:00:00+00:00
[2024-10-25T07:19:54.119+0000] {processor.py:208} INFO - Processing /home/airflow/.local/lib/python3.12/site-packages/airflow/example_dags/example_skip_dag.py took 0.082 seconds
[2024-10-25T07:20:25.027+0000] {processor.py:186} INFO - Started process (PID=847) to work on /home/airflow/.local/lib/python3.12/site-packages/airflow/example_dags/example_skip_dag.py
[2024-10-25T07:20:25.029+0000] {processor.py:914} INFO - Processing file /home/airflow/.local/lib/python3.12/site-packages/airflow/example_dags/example_skip_dag.py for tasks to queue
[2024-10-25T07:20:25.035+0000] {logging_mixin.py:190} INFO - [2024-10-25T07:20:25.034+0000] {dagbag.py:588} INFO - Filling up the DagBag from /home/airflow/.local/lib/python3.12/site-packages/airflow/example_dags/example_skip_dag.py
[2024-10-25T07:20:25.053+0000] {processor.py:925} INFO - DAG(s) 'example_skip_dag' retrieved from /home/airflow/.local/lib/python3.12/site-packages/airflow/example_dags/example_skip_dag.py
[2024-10-25T07:20:25.091+0000] {logging_mixin.py:190} INFO - [2024-10-25T07:20:25.090+0000] {dag.py:3239} INFO - Sync 1 DAGs
[2024-10-25T07:20:25.145+0000] {logging_mixin.py:190} INFO - [2024-10-25T07:20:25.144+0000] {dag.py:4180} INFO - Setting next_dagrun for example_skip_dag to 2024-10-24 00:00:00+00:00, run_after=2024-10-25 00:00:00+00:00
[2024-10-25T07:20:25.192+0000] {processor.py:208} INFO - Processing /home/airflow/.local/lib/python3.12/site-packages/airflow/example_dags/example_skip_dag.py took 0.175 seconds
[2024-10-25T07:20:55.314+0000] {processor.py:186} INFO - Started process (PID=922) to work on /home/airflow/.local/lib/python3.12/site-packages/airflow/example_dags/example_skip_dag.py
[2024-10-25T07:20:55.316+0000] {processor.py:914} INFO - Processing file /home/airflow/.local/lib/python3.12/site-packages/airflow/example_dags/example_skip_dag.py for tasks to queue
[2024-10-25T07:20:55.318+0000] {logging_mixin.py:190} INFO - [2024-10-25T07:20:55.318+0000] {dagbag.py:588} INFO - Filling up the DagBag from /home/airflow/.local/lib/python3.12/site-packages/airflow/example_dags/example_skip_dag.py
[2024-10-25T07:20:55.327+0000] {processor.py:925} INFO - DAG(s) 'example_skip_dag' retrieved from /home/airflow/.local/lib/python3.12/site-packages/airflow/example_dags/example_skip_dag.py
[2024-10-25T07:20:55.355+0000] {logging_mixin.py:190} INFO - [2024-10-25T07:20:55.355+0000] {dag.py:3239} INFO - Sync 1 DAGs
[2024-10-25T07:20:55.390+0000] {logging_mixin.py:190} INFO - [2024-10-25T07:20:55.389+0000] {dag.py:4180} INFO - Setting next_dagrun for example_skip_dag to 2024-10-24 00:00:00+00:00, run_after=2024-10-25 00:00:00+00:00
[2024-10-25T07:20:55.425+0000] {processor.py:208} INFO - Processing /home/airflow/.local/lib/python3.12/site-packages/airflow/example_dags/example_skip_dag.py took 0.116 seconds
[2024-10-25T07:21:25.664+0000] {processor.py:186} INFO - Started process (PID=991) to work on /home/airflow/.local/lib/python3.12/site-packages/airflow/example_dags/example_skip_dag.py
[2024-10-25T07:21:25.666+0000] {processor.py:914} INFO - Processing file /home/airflow/.local/lib/python3.12/site-packages/airflow/example_dags/example_skip_dag.py for tasks to queue
[2024-10-25T07:21:25.668+0000] {logging_mixin.py:190} INFO - [2024-10-25T07:21:25.668+0000] {dagbag.py:588} INFO - Filling up the DagBag from /home/airflow/.local/lib/python3.12/site-packages/airflow/example_dags/example_skip_dag.py
[2024-10-25T07:21:25.675+0000] {processor.py:925} INFO - DAG(s) 'example_skip_dag' retrieved from /home/airflow/.local/lib/python3.12/site-packages/airflow/example_dags/example_skip_dag.py
[2024-10-25T07:21:25.699+0000] {logging_mixin.py:190} INFO - [2024-10-25T07:21:25.698+0000] {dag.py:3239} INFO - Sync 1 DAGs
[2024-10-25T07:21:25.719+0000] {logging_mixin.py:190} INFO - [2024-10-25T07:21:25.718+0000] {dag.py:4180} INFO - Setting next_dagrun for example_skip_dag to 2024-10-24 00:00:00+00:00, run_after=2024-10-25 00:00:00+00:00
[2024-10-25T07:21:25.739+0000] {processor.py:208} INFO - Processing /home/airflow/.local/lib/python3.12/site-packages/airflow/example_dags/example_skip_dag.py took 0.079 seconds
[2024-10-25T07:21:56.213+0000] {processor.py:186} INFO - Started process (PID=1060) to work on /home/airflow/.local/lib/python3.12/site-packages/airflow/example_dags/example_skip_dag.py
[2024-10-25T07:21:56.214+0000] {processor.py:914} INFO - Processing file /home/airflow/.local/lib/python3.12/site-packages/airflow/example_dags/example_skip_dag.py for tasks to queue
[2024-10-25T07:21:56.217+0000] {logging_mixin.py:190} INFO - [2024-10-25T07:21:56.216+0000] {dagbag.py:588} INFO - Filling up the DagBag from /home/airflow/.local/lib/python3.12/site-packages/airflow/example_dags/example_skip_dag.py
[2024-10-25T07:21:56.224+0000] {processor.py:925} INFO - DAG(s) 'example_skip_dag' retrieved from /home/airflow/.local/lib/python3.12/site-packages/airflow/example_dags/example_skip_dag.py
[2024-10-25T07:21:56.250+0000] {logging_mixin.py:190} INFO - [2024-10-25T07:21:56.249+0000] {dag.py:3239} INFO - Sync 1 DAGs
[2024-10-25T07:21:56.272+0000] {logging_mixin.py:190} INFO - [2024-10-25T07:21:56.272+0000] {dag.py:4180} INFO - Setting next_dagrun for example_skip_dag to 2024-10-24 00:00:00+00:00, run_after=2024-10-25 00:00:00+00:00
[2024-10-25T07:21:56.295+0000] {processor.py:208} INFO - Processing /home/airflow/.local/lib/python3.12/site-packages/airflow/example_dags/example_skip_dag.py took 0.088 seconds
[2024-10-25T07:22:27.374+0000] {processor.py:186} INFO - Started process (PID=1129) to work on /home/airflow/.local/lib/python3.12/site-packages/airflow/example_dags/example_skip_dag.py
[2024-10-25T07:22:27.376+0000] {processor.py:914} INFO - Processing file /home/airflow/.local/lib/python3.12/site-packages/airflow/example_dags/example_skip_dag.py for tasks to queue
[2024-10-25T07:22:27.380+0000] {logging_mixin.py:190} INFO - [2024-10-25T07:22:27.379+0000] {dagbag.py:588} INFO - Filling up the DagBag from /home/airflow/.local/lib/python3.12/site-packages/airflow/example_dags/example_skip_dag.py
[2024-10-25T07:22:27.396+0000] {processor.py:925} INFO - DAG(s) 'example_skip_dag' retrieved from /home/airflow/.local/lib/python3.12/site-packages/airflow/example_dags/example_skip_dag.py
[2024-10-25T07:22:27.433+0000] {logging_mixin.py:190} INFO - [2024-10-25T07:22:27.433+0000] {dag.py:3239} INFO - Sync 1 DAGs
[2024-10-25T07:22:27.500+0000] {logging_mixin.py:190} INFO - [2024-10-25T07:22:27.499+0000] {dag.py:4180} INFO - Setting next_dagrun for example_skip_dag to 2024-10-24 00:00:00+00:00, run_after=2024-10-25 00:00:00+00:00
[2024-10-25T07:22:27.547+0000] {processor.py:208} INFO - Processing /home/airflow/.local/lib/python3.12/site-packages/airflow/example_dags/example_skip_dag.py took 0.186 seconds
[2024-10-25T07:22:57.937+0000] {processor.py:186} INFO - Started process (PID=1198) to work on /home/airflow/.local/lib/python3.12/site-packages/airflow/example_dags/example_skip_dag.py
[2024-10-25T07:22:57.939+0000] {processor.py:914} INFO - Processing file /home/airflow/.local/lib/python3.12/site-packages/airflow/example_dags/example_skip_dag.py for tasks to queue
[2024-10-25T07:22:57.945+0000] {logging_mixin.py:190} INFO - [2024-10-25T07:22:57.944+0000] {dagbag.py:588} INFO - Filling up the DagBag from /home/airflow/.local/lib/python3.12/site-packages/airflow/example_dags/example_skip_dag.py
[2024-10-25T07:22:57.955+0000] {processor.py:925} INFO - DAG(s) 'example_skip_dag' retrieved from /home/airflow/.local/lib/python3.12/site-packages/airflow/example_dags/example_skip_dag.py
[2024-10-25T07:22:57.986+0000] {logging_mixin.py:190} INFO - [2024-10-25T07:22:57.986+0000] {dag.py:3239} INFO - Sync 1 DAGs
[2024-10-25T07:22:58.020+0000] {logging_mixin.py:190} INFO - [2024-10-25T07:22:58.020+0000] {dag.py:4180} INFO - Setting next_dagrun for example_skip_dag to 2024-10-24 00:00:00+00:00, run_after=2024-10-25 00:00:00+00:00
[2024-10-25T07:22:58.046+0000] {processor.py:208} INFO - Processing /home/airflow/.local/lib/python3.12/site-packages/airflow/example_dags/example_skip_dag.py took 0.115 seconds
[2024-10-25T07:23:28.862+0000] {processor.py:186} INFO - Started process (PID=1267) to work on /home/airflow/.local/lib/python3.12/site-packages/airflow/example_dags/example_skip_dag.py
[2024-10-25T07:23:28.864+0000] {processor.py:914} INFO - Processing file /home/airflow/.local/lib/python3.12/site-packages/airflow/example_dags/example_skip_dag.py for tasks to queue
[2024-10-25T07:23:28.869+0000] {logging_mixin.py:190} INFO - [2024-10-25T07:23:28.868+0000] {dagbag.py:588} INFO - Filling up the DagBag from /home/airflow/.local/lib/python3.12/site-packages/airflow/example_dags/example_skip_dag.py
[2024-10-25T07:23:28.881+0000] {processor.py:925} INFO - DAG(s) 'example_skip_dag' retrieved from /home/airflow/.local/lib/python3.12/site-packages/airflow/example_dags/example_skip_dag.py
[2024-10-25T07:23:28.911+0000] {logging_mixin.py:190} INFO - [2024-10-25T07:23:28.910+0000] {dag.py:3239} INFO - Sync 1 DAGs
[2024-10-25T07:23:28.937+0000] {logging_mixin.py:190} INFO - [2024-10-25T07:23:28.937+0000] {dag.py:4180} INFO - Setting next_dagrun for example_skip_dag to 2024-10-24 00:00:00+00:00, run_after=2024-10-25 00:00:00+00:00
[2024-10-25T07:23:28.969+0000] {processor.py:208} INFO - Processing /home/airflow/.local/lib/python3.12/site-packages/airflow/example_dags/example_skip_dag.py took 0.114 seconds
[2024-10-25T07:23:59.501+0000] {processor.py:186} INFO - Started process (PID=1336) to work on /home/airflow/.local/lib/python3.12/site-packages/airflow/example_dags/example_skip_dag.py
[2024-10-25T07:23:59.502+0000] {processor.py:914} INFO - Processing file /home/airflow/.local/lib/python3.12/site-packages/airflow/example_dags/example_skip_dag.py for tasks to queue
[2024-10-25T07:23:59.505+0000] {logging_mixin.py:190} INFO - [2024-10-25T07:23:59.505+0000] {dagbag.py:588} INFO - Filling up the DagBag from /home/airflow/.local/lib/python3.12/site-packages/airflow/example_dags/example_skip_dag.py
[2024-10-25T07:23:59.516+0000] {processor.py:925} INFO - DAG(s) 'example_skip_dag' retrieved from /home/airflow/.local/lib/python3.12/site-packages/airflow/example_dags/example_skip_dag.py
[2024-10-25T07:23:59.541+0000] {logging_mixin.py:190} INFO - [2024-10-25T07:23:59.541+0000] {dag.py:3239} INFO - Sync 1 DAGs
[2024-10-25T07:23:59.563+0000] {logging_mixin.py:190} INFO - [2024-10-25T07:23:59.563+0000] {dag.py:4180} INFO - Setting next_dagrun for example_skip_dag to 2024-10-24 00:00:00+00:00, run_after=2024-10-25 00:00:00+00:00
[2024-10-25T07:23:59.643+0000] {processor.py:208} INFO - Processing /home/airflow/.local/lib/python3.12/site-packages/airflow/example_dags/example_skip_dag.py took 0.150 seconds
[2024-10-25T07:24:29.922+0000] {processor.py:186} INFO - Started process (PID=1405) to work on /home/airflow/.local/lib/python3.12/site-packages/airflow/example_dags/example_skip_dag.py
[2024-10-25T07:24:29.923+0000] {processor.py:914} INFO - Processing file /home/airflow/.local/lib/python3.12/site-packages/airflow/example_dags/example_skip_dag.py for tasks to queue
[2024-10-25T07:24:29.926+0000] {logging_mixin.py:190} INFO - [2024-10-25T07:24:29.926+0000] {dagbag.py:588} INFO - Filling up the DagBag from /home/airflow/.local/lib/python3.12/site-packages/airflow/example_dags/example_skip_dag.py
[2024-10-25T07:24:29.934+0000] {processor.py:925} INFO - DAG(s) 'example_skip_dag' retrieved from /home/airflow/.local/lib/python3.12/site-packages/airflow/example_dags/example_skip_dag.py
[2024-10-25T07:24:29.965+0000] {logging_mixin.py:190} INFO - [2024-10-25T07:24:29.965+0000] {dag.py:3239} INFO - Sync 1 DAGs
[2024-10-25T07:24:29.990+0000] {logging_mixin.py:190} INFO - [2024-10-25T07:24:29.990+0000] {dag.py:4180} INFO - Setting next_dagrun for example_skip_dag to 2024-10-24 00:00:00+00:00, run_after=2024-10-25 00:00:00+00:00
[2024-10-25T07:24:30.064+0000] {processor.py:208} INFO - Processing /home/airflow/.local/lib/python3.12/site-packages/airflow/example_dags/example_skip_dag.py took 0.147 seconds
[2024-10-25T07:25:00.372+0000] {processor.py:186} INFO - Started process (PID=1474) to work on /home/airflow/.local/lib/python3.12/site-packages/airflow/example_dags/example_skip_dag.py
[2024-10-25T07:25:00.373+0000] {processor.py:914} INFO - Processing file /home/airflow/.local/lib/python3.12/site-packages/airflow/example_dags/example_skip_dag.py for tasks to queue
[2024-10-25T07:25:00.377+0000] {logging_mixin.py:190} INFO - [2024-10-25T07:25:00.377+0000] {dagbag.py:588} INFO - Filling up the DagBag from /home/airflow/.local/lib/python3.12/site-packages/airflow/example_dags/example_skip_dag.py
[2024-10-25T07:25:00.386+0000] {processor.py:925} INFO - DAG(s) 'example_skip_dag' retrieved from /home/airflow/.local/lib/python3.12/site-packages/airflow/example_dags/example_skip_dag.py
[2024-10-25T07:25:00.420+0000] {logging_mixin.py:190} INFO - [2024-10-25T07:25:00.420+0000] {dag.py:3239} INFO - Sync 1 DAGs
[2024-10-25T07:25:00.455+0000] {logging_mixin.py:190} INFO - [2024-10-25T07:25:00.455+0000] {dag.py:4180} INFO - Setting next_dagrun for example_skip_dag to 2024-10-24 00:00:00+00:00, run_after=2024-10-25 00:00:00+00:00
[2024-10-25T07:25:00.555+0000] {processor.py:208} INFO - Processing /home/airflow/.local/lib/python3.12/site-packages/airflow/example_dags/example_skip_dag.py took 0.190 seconds
[2024-10-25T07:25:30.633+0000] {processor.py:186} INFO - Started process (PID=1543) to work on /home/airflow/.local/lib/python3.12/site-packages/airflow/example_dags/example_skip_dag.py
[2024-10-25T07:25:30.634+0000] {processor.py:914} INFO - Processing file /home/airflow/.local/lib/python3.12/site-packages/airflow/example_dags/example_skip_dag.py for tasks to queue
[2024-10-25T07:25:30.637+0000] {logging_mixin.py:190} INFO - [2024-10-25T07:25:30.636+0000] {dagbag.py:588} INFO - Filling up the DagBag from /home/airflow/.local/lib/python3.12/site-packages/airflow/example_dags/example_skip_dag.py
[2024-10-25T07:25:30.643+0000] {processor.py:925} INFO - DAG(s) 'example_skip_dag' retrieved from /home/airflow/.local/lib/python3.12/site-packages/airflow/example_dags/example_skip_dag.py
[2024-10-25T07:25:30.665+0000] {logging_mixin.py:190} INFO - [2024-10-25T07:25:30.664+0000] {dag.py:3239} INFO - Sync 1 DAGs
[2024-10-25T07:25:30.687+0000] {logging_mixin.py:190} INFO - [2024-10-25T07:25:30.686+0000] {dag.py:4180} INFO - Setting next_dagrun for example_skip_dag to 2024-10-24 00:00:00+00:00, run_after=2024-10-25 00:00:00+00:00
[2024-10-25T07:25:30.766+0000] {processor.py:208} INFO - Processing /home/airflow/.local/lib/python3.12/site-packages/airflow/example_dags/example_skip_dag.py took 0.138 seconds
[2024-10-25T07:26:01.360+0000] {processor.py:186} INFO - Started process (PID=1612) to work on /home/airflow/.local/lib/python3.12/site-packages/airflow/example_dags/example_skip_dag.py
[2024-10-25T07:26:01.427+0000] {processor.py:914} INFO - Processing file /home/airflow/.local/lib/python3.12/site-packages/airflow/example_dags/example_skip_dag.py for tasks to queue
[2024-10-25T07:26:01.432+0000] {logging_mixin.py:190} INFO - [2024-10-25T07:26:01.432+0000] {dagbag.py:588} INFO - Filling up the DagBag from /home/airflow/.local/lib/python3.12/site-packages/airflow/example_dags/example_skip_dag.py
[2024-10-25T07:26:01.441+0000] {processor.py:925} INFO - DAG(s) 'example_skip_dag' retrieved from /home/airflow/.local/lib/python3.12/site-packages/airflow/example_dags/example_skip_dag.py
[2024-10-25T07:26:01.467+0000] {logging_mixin.py:190} INFO - [2024-10-25T07:26:01.467+0000] {dag.py:3239} INFO - Sync 1 DAGs
[2024-10-25T07:26:01.493+0000] {logging_mixin.py:190} INFO - [2024-10-25T07:26:01.492+0000] {dag.py:4180} INFO - Setting next_dagrun for example_skip_dag to 2024-10-24 00:00:00+00:00, run_after=2024-10-25 00:00:00+00:00
[2024-10-25T07:26:01.617+0000] {processor.py:208} INFO - Processing /home/airflow/.local/lib/python3.12/site-packages/airflow/example_dags/example_skip_dag.py took 0.263 seconds
[2024-10-25T07:26:32.463+0000] {processor.py:186} INFO - Started process (PID=1682) to work on /home/airflow/.local/lib/python3.12/site-packages/airflow/example_dags/example_skip_dag.py
[2024-10-25T07:26:32.467+0000] {processor.py:914} INFO - Processing file /home/airflow/.local/lib/python3.12/site-packages/airflow/example_dags/example_skip_dag.py for tasks to queue
[2024-10-25T07:26:32.474+0000] {logging_mixin.py:190} INFO - [2024-10-25T07:26:32.473+0000] {dagbag.py:588} INFO - Filling up the DagBag from /home/airflow/.local/lib/python3.12/site-packages/airflow/example_dags/example_skip_dag.py
[2024-10-25T07:26:32.500+0000] {processor.py:925} INFO - DAG(s) 'example_skip_dag' retrieved from /home/airflow/.local/lib/python3.12/site-packages/airflow/example_dags/example_skip_dag.py
[2024-10-25T07:26:32.585+0000] {logging_mixin.py:190} INFO - [2024-10-25T07:26:32.584+0000] {dag.py:3239} INFO - Sync 1 DAGs
[2024-10-25T07:26:32.693+0000] {logging_mixin.py:190} INFO - [2024-10-25T07:26:32.692+0000] {dag.py:4180} INFO - Setting next_dagrun for example_skip_dag to 2024-10-24 00:00:00+00:00, run_after=2024-10-25 00:00:00+00:00
[2024-10-25T07:26:32.791+0000] {processor.py:208} INFO - Processing /home/airflow/.local/lib/python3.12/site-packages/airflow/example_dags/example_skip_dag.py took 0.342 seconds
[2024-10-25T07:27:03.731+0000] {processor.py:186} INFO - Started process (PID=1751) to work on /home/airflow/.local/lib/python3.12/site-packages/airflow/example_dags/example_skip_dag.py
[2024-10-25T07:27:03.733+0000] {processor.py:914} INFO - Processing file /home/airflow/.local/lib/python3.12/site-packages/airflow/example_dags/example_skip_dag.py for tasks to queue
[2024-10-25T07:27:03.738+0000] {logging_mixin.py:190} INFO - [2024-10-25T07:27:03.738+0000] {dagbag.py:588} INFO - Filling up the DagBag from /home/airflow/.local/lib/python3.12/site-packages/airflow/example_dags/example_skip_dag.py
[2024-10-25T07:27:03.749+0000] {processor.py:925} INFO - DAG(s) 'example_skip_dag' retrieved from /home/airflow/.local/lib/python3.12/site-packages/airflow/example_dags/example_skip_dag.py
[2024-10-25T07:27:03.790+0000] {logging_mixin.py:190} INFO - [2024-10-25T07:27:03.790+0000] {dag.py:3239} INFO - Sync 1 DAGs
[2024-10-25T07:27:03.824+0000] {logging_mixin.py:190} INFO - [2024-10-25T07:27:03.824+0000] {dag.py:4180} INFO - Setting next_dagrun for example_skip_dag to 2024-10-24 00:00:00+00:00, run_after=2024-10-25 00:00:00+00:00
[2024-10-25T07:27:03.896+0000] {processor.py:208} INFO - Processing /home/airflow/.local/lib/python3.12/site-packages/airflow/example_dags/example_skip_dag.py took 0.175 seconds
[2024-10-25T07:27:33.970+0000] {processor.py:186} INFO - Started process (PID=1820) to work on /home/airflow/.local/lib/python3.12/site-packages/airflow/example_dags/example_skip_dag.py
[2024-10-25T07:27:33.971+0000] {processor.py:914} INFO - Processing file /home/airflow/.local/lib/python3.12/site-packages/airflow/example_dags/example_skip_dag.py for tasks to queue
[2024-10-25T07:27:33.974+0000] {logging_mixin.py:190} INFO - [2024-10-25T07:27:33.973+0000] {dagbag.py:588} INFO - Filling up the DagBag from /home/airflow/.local/lib/python3.12/site-packages/airflow/example_dags/example_skip_dag.py
[2024-10-25T07:27:33.982+0000] {processor.py:925} INFO - DAG(s) 'example_skip_dag' retrieved from /home/airflow/.local/lib/python3.12/site-packages/airflow/example_dags/example_skip_dag.py
[2024-10-25T07:27:34.009+0000] {logging_mixin.py:190} INFO - [2024-10-25T07:27:34.009+0000] {dag.py:3239} INFO - Sync 1 DAGs
[2024-10-25T07:27:34.030+0000] {logging_mixin.py:190} INFO - [2024-10-25T07:27:34.030+0000] {dag.py:4180} INFO - Setting next_dagrun for example_skip_dag to 2024-10-24 00:00:00+00:00, run_after=2024-10-25 00:00:00+00:00
[2024-10-25T07:27:34.054+0000] {processor.py:208} INFO - Processing /home/airflow/.local/lib/python3.12/site-packages/airflow/example_dags/example_skip_dag.py took 0.091 seconds
[2024-10-25T07:28:04.517+0000] {processor.py:186} INFO - Started process (PID=1889) to work on /home/airflow/.local/lib/python3.12/site-packages/airflow/example_dags/example_skip_dag.py
[2024-10-25T07:28:04.518+0000] {processor.py:914} INFO - Processing file /home/airflow/.local/lib/python3.12/site-packages/airflow/example_dags/example_skip_dag.py for tasks to queue
[2024-10-25T07:28:04.522+0000] {logging_mixin.py:190} INFO - [2024-10-25T07:28:04.521+0000] {dagbag.py:588} INFO - Filling up the DagBag from /home/airflow/.local/lib/python3.12/site-packages/airflow/example_dags/example_skip_dag.py
[2024-10-25T07:28:04.532+0000] {processor.py:925} INFO - DAG(s) 'example_skip_dag' retrieved from /home/airflow/.local/lib/python3.12/site-packages/airflow/example_dags/example_skip_dag.py
[2024-10-25T07:28:04.557+0000] {logging_mixin.py:190} INFO - [2024-10-25T07:28:04.557+0000] {dag.py:3239} INFO - Sync 1 DAGs
[2024-10-25T07:28:04.595+0000] {logging_mixin.py:190} INFO - [2024-10-25T07:28:04.594+0000] {dag.py:4180} INFO - Setting next_dagrun for example_skip_dag to 2024-10-24 00:00:00+00:00, run_after=2024-10-25 00:00:00+00:00
[2024-10-25T07:28:04.631+0000] {processor.py:208} INFO - Processing /home/airflow/.local/lib/python3.12/site-packages/airflow/example_dags/example_skip_dag.py took 0.120 seconds
[2024-10-25T07:28:35.652+0000] {processor.py:186} INFO - Started process (PID=1958) to work on /home/airflow/.local/lib/python3.12/site-packages/airflow/example_dags/example_skip_dag.py
[2024-10-25T07:28:35.654+0000] {processor.py:914} INFO - Processing file /home/airflow/.local/lib/python3.12/site-packages/airflow/example_dags/example_skip_dag.py for tasks to queue
[2024-10-25T07:28:35.658+0000] {logging_mixin.py:190} INFO - [2024-10-25T07:28:35.658+0000] {dagbag.py:588} INFO - Filling up the DagBag from /home/airflow/.local/lib/python3.12/site-packages/airflow/example_dags/example_skip_dag.py
[2024-10-25T07:28:35.673+0000] {processor.py:925} INFO - DAG(s) 'example_skip_dag' retrieved from /home/airflow/.local/lib/python3.12/site-packages/airflow/example_dags/example_skip_dag.py
[2024-10-25T07:28:35.706+0000] {logging_mixin.py:190} INFO - [2024-10-25T07:28:35.705+0000] {dag.py:3239} INFO - Sync 1 DAGs
[2024-10-25T07:28:35.737+0000] {logging_mixin.py:190} INFO - [2024-10-25T07:28:35.737+0000] {dag.py:4180} INFO - Setting next_dagrun for example_skip_dag to 2024-10-24 00:00:00+00:00, run_after=2024-10-25 00:00:00+00:00
[2024-10-25T07:28:35.766+0000] {processor.py:208} INFO - Processing /home/airflow/.local/lib/python3.12/site-packages/airflow/example_dags/example_skip_dag.py took 0.125 seconds
[2024-10-25T07:29:06.053+0000] {processor.py:186} INFO - Started process (PID=2027) to work on /home/airflow/.local/lib/python3.12/site-packages/airflow/example_dags/example_skip_dag.py
[2024-10-25T07:29:06.055+0000] {processor.py:914} INFO - Processing file /home/airflow/.local/lib/python3.12/site-packages/airflow/example_dags/example_skip_dag.py for tasks to queue
[2024-10-25T07:29:06.058+0000] {logging_mixin.py:190} INFO - [2024-10-25T07:29:06.058+0000] {dagbag.py:588} INFO - Filling up the DagBag from /home/airflow/.local/lib/python3.12/site-packages/airflow/example_dags/example_skip_dag.py
[2024-10-25T07:29:06.068+0000] {processor.py:925} INFO - DAG(s) 'example_skip_dag' retrieved from /home/airflow/.local/lib/python3.12/site-packages/airflow/example_dags/example_skip_dag.py
[2024-10-25T07:29:06.092+0000] {logging_mixin.py:190} INFO - [2024-10-25T07:29:06.092+0000] {dag.py:3239} INFO - Sync 1 DAGs
[2024-10-25T07:29:06.113+0000] {logging_mixin.py:190} INFO - [2024-10-25T07:29:06.113+0000] {dag.py:4180} INFO - Setting next_dagrun for example_skip_dag to 2024-10-24 00:00:00+00:00, run_after=2024-10-25 00:00:00+00:00
[2024-10-25T07:29:06.136+0000] {processor.py:208} INFO - Processing /home/airflow/.local/lib/python3.12/site-packages/airflow/example_dags/example_skip_dag.py took 0.090 seconds
[2024-10-25T07:29:37.108+0000] {processor.py:186} INFO - Started process (PID=2096) to work on /home/airflow/.local/lib/python3.12/site-packages/airflow/example_dags/example_skip_dag.py
[2024-10-25T07:29:37.109+0000] {processor.py:914} INFO - Processing file /home/airflow/.local/lib/python3.12/site-packages/airflow/example_dags/example_skip_dag.py for tasks to queue
[2024-10-25T07:29:37.112+0000] {logging_mixin.py:190} INFO - [2024-10-25T07:29:37.112+0000] {dagbag.py:588} INFO - Filling up the DagBag from /home/airflow/.local/lib/python3.12/site-packages/airflow/example_dags/example_skip_dag.py
[2024-10-25T07:29:37.120+0000] {processor.py:925} INFO - DAG(s) 'example_skip_dag' retrieved from /home/airflow/.local/lib/python3.12/site-packages/airflow/example_dags/example_skip_dag.py
[2024-10-25T07:29:37.145+0000] {logging_mixin.py:190} INFO - [2024-10-25T07:29:37.145+0000] {dag.py:3239} INFO - Sync 1 DAGs
[2024-10-25T07:29:37.164+0000] {logging_mixin.py:190} INFO - [2024-10-25T07:29:37.164+0000] {dag.py:4180} INFO - Setting next_dagrun for example_skip_dag to 2024-10-24 00:00:00+00:00, run_after=2024-10-25 00:00:00+00:00
[2024-10-25T07:29:37.185+0000] {processor.py:208} INFO - Processing /home/airflow/.local/lib/python3.12/site-packages/airflow/example_dags/example_skip_dag.py took 0.082 seconds
[2024-10-25T07:30:07.356+0000] {processor.py:186} INFO - Started process (PID=2164) to work on /home/airflow/.local/lib/python3.12/site-packages/airflow/example_dags/example_skip_dag.py
[2024-10-25T07:30:07.358+0000] {processor.py:914} INFO - Processing file /home/airflow/.local/lib/python3.12/site-packages/airflow/example_dags/example_skip_dag.py for tasks to queue
[2024-10-25T07:30:07.362+0000] {logging_mixin.py:190} INFO - [2024-10-25T07:30:07.361+0000] {dagbag.py:588} INFO - Filling up the DagBag from /home/airflow/.local/lib/python3.12/site-packages/airflow/example_dags/example_skip_dag.py
[2024-10-25T07:30:07.373+0000] {processor.py:925} INFO - DAG(s) 'example_skip_dag' retrieved from /home/airflow/.local/lib/python3.12/site-packages/airflow/example_dags/example_skip_dag.py
[2024-10-25T07:30:07.400+0000] {logging_mixin.py:190} INFO - [2024-10-25T07:30:07.400+0000] {dag.py:3239} INFO - Sync 1 DAGs
[2024-10-25T07:30:07.422+0000] {logging_mixin.py:190} INFO - [2024-10-25T07:30:07.422+0000] {dag.py:4180} INFO - Setting next_dagrun for example_skip_dag to 2024-10-24 00:00:00+00:00, run_after=2024-10-25 00:00:00+00:00
[2024-10-25T07:30:07.445+0000] {processor.py:208} INFO - Processing /home/airflow/.local/lib/python3.12/site-packages/airflow/example_dags/example_skip_dag.py took 0.094 seconds
[2024-10-25T07:30:38.345+0000] {processor.py:186} INFO - Started process (PID=2232) to work on /home/airflow/.local/lib/python3.12/site-packages/airflow/example_dags/example_skip_dag.py
[2024-10-25T07:30:38.348+0000] {processor.py:914} INFO - Processing file /home/airflow/.local/lib/python3.12/site-packages/airflow/example_dags/example_skip_dag.py for tasks to queue
[2024-10-25T07:30:38.352+0000] {logging_mixin.py:190} INFO - [2024-10-25T07:30:38.352+0000] {dagbag.py:588} INFO - Filling up the DagBag from /home/airflow/.local/lib/python3.12/site-packages/airflow/example_dags/example_skip_dag.py
[2024-10-25T07:30:38.362+0000] {processor.py:925} INFO - DAG(s) 'example_skip_dag' retrieved from /home/airflow/.local/lib/python3.12/site-packages/airflow/example_dags/example_skip_dag.py
[2024-10-25T07:30:38.386+0000] {logging_mixin.py:190} INFO - [2024-10-25T07:30:38.385+0000] {dag.py:3239} INFO - Sync 1 DAGs
[2024-10-25T07:30:38.408+0000] {logging_mixin.py:190} INFO - [2024-10-25T07:30:38.408+0000] {dag.py:4180} INFO - Setting next_dagrun for example_skip_dag to 2024-10-24 00:00:00+00:00, run_after=2024-10-25 00:00:00+00:00
[2024-10-25T07:30:38.436+0000] {processor.py:208} INFO - Processing /home/airflow/.local/lib/python3.12/site-packages/airflow/example_dags/example_skip_dag.py took 0.096 seconds
[2024-10-25T07:31:09.000+0000] {processor.py:186} INFO - Started process (PID=2301) to work on /home/airflow/.local/lib/python3.12/site-packages/airflow/example_dags/example_skip_dag.py
[2024-10-25T07:31:09.003+0000] {processor.py:914} INFO - Processing file /home/airflow/.local/lib/python3.12/site-packages/airflow/example_dags/example_skip_dag.py for tasks to queue
[2024-10-25T07:31:09.008+0000] {logging_mixin.py:190} INFO - [2024-10-25T07:31:09.007+0000] {dagbag.py:588} INFO - Filling up the DagBag from /home/airflow/.local/lib/python3.12/site-packages/airflow/example_dags/example_skip_dag.py
[2024-10-25T07:31:09.021+0000] {processor.py:925} INFO - DAG(s) 'example_skip_dag' retrieved from /home/airflow/.local/lib/python3.12/site-packages/airflow/example_dags/example_skip_dag.py
[2024-10-25T07:31:09.064+0000] {logging_mixin.py:190} INFO - [2024-10-25T07:31:09.064+0000] {dag.py:3239} INFO - Sync 1 DAGs
[2024-10-25T07:31:09.100+0000] {logging_mixin.py:190} INFO - [2024-10-25T07:31:09.100+0000] {dag.py:4180} INFO - Setting next_dagrun for example_skip_dag to 2024-10-24 00:00:00+00:00, run_after=2024-10-25 00:00:00+00:00
[2024-10-25T07:31:09.136+0000] {processor.py:208} INFO - Processing /home/airflow/.local/lib/python3.12/site-packages/airflow/example_dags/example_skip_dag.py took 0.146 seconds
[2024-10-25T07:31:39.407+0000] {processor.py:186} INFO - Started process (PID=2370) to work on /home/airflow/.local/lib/python3.12/site-packages/airflow/example_dags/example_skip_dag.py
[2024-10-25T07:31:39.409+0000] {processor.py:914} INFO - Processing file /home/airflow/.local/lib/python3.12/site-packages/airflow/example_dags/example_skip_dag.py for tasks to queue
[2024-10-25T07:31:39.412+0000] {logging_mixin.py:190} INFO - [2024-10-25T07:31:39.411+0000] {dagbag.py:588} INFO - Filling up the DagBag from /home/airflow/.local/lib/python3.12/site-packages/airflow/example_dags/example_skip_dag.py
[2024-10-25T07:31:39.420+0000] {processor.py:925} INFO - DAG(s) 'example_skip_dag' retrieved from /home/airflow/.local/lib/python3.12/site-packages/airflow/example_dags/example_skip_dag.py
[2024-10-25T07:31:39.444+0000] {logging_mixin.py:190} INFO - [2024-10-25T07:31:39.444+0000] {dag.py:3239} INFO - Sync 1 DAGs
[2024-10-25T07:31:39.467+0000] {logging_mixin.py:190} INFO - [2024-10-25T07:31:39.467+0000] {dag.py:4180} INFO - Setting next_dagrun for example_skip_dag to 2024-10-24 00:00:00+00:00, run_after=2024-10-25 00:00:00+00:00
[2024-10-25T07:31:39.499+0000] {processor.py:208} INFO - Processing /home/airflow/.local/lib/python3.12/site-packages/airflow/example_dags/example_skip_dag.py took 0.097 seconds
[2024-10-25T07:32:52.273+0000] {processor.py:186} INFO - Started process (PID=2455) to work on /home/airflow/.local/lib/python3.12/site-packages/airflow/example_dags/example_skip_dag.py
[2024-10-25T07:32:52.276+0000] {processor.py:914} INFO - Processing file /home/airflow/.local/lib/python3.12/site-packages/airflow/example_dags/example_skip_dag.py for tasks to queue
[2024-10-25T07:32:52.278+0000] {logging_mixin.py:190} INFO - [2024-10-25T07:32:52.278+0000] {dagbag.py:588} INFO - Filling up the DagBag from /home/airflow/.local/lib/python3.12/site-packages/airflow/example_dags/example_skip_dag.py
[2024-10-25T07:32:52.294+0000] {processor.py:925} INFO - DAG(s) 'example_skip_dag' retrieved from /home/airflow/.local/lib/python3.12/site-packages/airflow/example_dags/example_skip_dag.py
[2024-10-25T07:32:52.326+0000] {logging_mixin.py:190} INFO - [2024-10-25T07:32:52.325+0000] {dag.py:3239} INFO - Sync 1 DAGs
[2024-10-25T07:32:52.354+0000] {logging_mixin.py:190} INFO - [2024-10-25T07:32:52.354+0000] {dag.py:4180} INFO - Setting next_dagrun for example_skip_dag to 2024-10-24 00:00:00+00:00, run_after=2024-10-25 00:00:00+00:00
[2024-10-25T07:32:52.382+0000] {processor.py:208} INFO - Processing /home/airflow/.local/lib/python3.12/site-packages/airflow/example_dags/example_skip_dag.py took 0.117 seconds
[2024-10-25T07:33:23.022+0000] {processor.py:186} INFO - Started process (PID=2524) to work on /home/airflow/.local/lib/python3.12/site-packages/airflow/example_dags/example_skip_dag.py
[2024-10-25T07:33:23.023+0000] {processor.py:914} INFO - Processing file /home/airflow/.local/lib/python3.12/site-packages/airflow/example_dags/example_skip_dag.py for tasks to queue
[2024-10-25T07:33:23.025+0000] {logging_mixin.py:190} INFO - [2024-10-25T07:33:23.024+0000] {dagbag.py:588} INFO - Filling up the DagBag from /home/airflow/.local/lib/python3.12/site-packages/airflow/example_dags/example_skip_dag.py
[2024-10-25T07:33:23.034+0000] {processor.py:925} INFO - DAG(s) 'example_skip_dag' retrieved from /home/airflow/.local/lib/python3.12/site-packages/airflow/example_dags/example_skip_dag.py
[2024-10-25T07:33:23.068+0000] {logging_mixin.py:190} INFO - [2024-10-25T07:33:23.067+0000] {dag.py:3239} INFO - Sync 1 DAGs
[2024-10-25T07:33:23.093+0000] {logging_mixin.py:190} INFO - [2024-10-25T07:33:23.093+0000] {dag.py:4180} INFO - Setting next_dagrun for example_skip_dag to 2024-10-24 00:00:00+00:00, run_after=2024-10-25 00:00:00+00:00
[2024-10-25T07:33:23.115+0000] {processor.py:208} INFO - Processing /home/airflow/.local/lib/python3.12/site-packages/airflow/example_dags/example_skip_dag.py took 0.099 seconds
[2024-10-25T07:33:54.372+0000] {processor.py:186} INFO - Started process (PID=2593) to work on /home/airflow/.local/lib/python3.12/site-packages/airflow/example_dags/example_skip_dag.py
[2024-10-25T07:33:54.373+0000] {processor.py:914} INFO - Processing file /home/airflow/.local/lib/python3.12/site-packages/airflow/example_dags/example_skip_dag.py for tasks to queue
[2024-10-25T07:33:54.375+0000] {logging_mixin.py:190} INFO - [2024-10-25T07:33:54.374+0000] {dagbag.py:588} INFO - Filling up the DagBag from /home/airflow/.local/lib/python3.12/site-packages/airflow/example_dags/example_skip_dag.py
[2024-10-25T07:33:54.386+0000] {processor.py:925} INFO - DAG(s) 'example_skip_dag' retrieved from /home/airflow/.local/lib/python3.12/site-packages/airflow/example_dags/example_skip_dag.py
[2024-10-25T07:33:54.418+0000] {logging_mixin.py:190} INFO - [2024-10-25T07:33:54.417+0000] {dag.py:3239} INFO - Sync 1 DAGs
[2024-10-25T07:33:54.447+0000] {logging_mixin.py:190} INFO - [2024-10-25T07:33:54.447+0000] {dag.py:4180} INFO - Setting next_dagrun for example_skip_dag to 2024-10-24 00:00:00+00:00, run_after=2024-10-25 00:00:00+00:00
[2024-10-25T07:33:54.473+0000] {processor.py:208} INFO - Processing /home/airflow/.local/lib/python3.12/site-packages/airflow/example_dags/example_skip_dag.py took 0.108 seconds
[2024-10-25T07:34:25.056+0000] {processor.py:186} INFO - Started process (PID=2662) to work on /home/airflow/.local/lib/python3.12/site-packages/airflow/example_dags/example_skip_dag.py
[2024-10-25T07:34:25.057+0000] {processor.py:914} INFO - Processing file /home/airflow/.local/lib/python3.12/site-packages/airflow/example_dags/example_skip_dag.py for tasks to queue
[2024-10-25T07:34:25.058+0000] {logging_mixin.py:190} INFO - [2024-10-25T07:34:25.058+0000] {dagbag.py:588} INFO - Filling up the DagBag from /home/airflow/.local/lib/python3.12/site-packages/airflow/example_dags/example_skip_dag.py
[2024-10-25T07:34:25.066+0000] {processor.py:925} INFO - DAG(s) 'example_skip_dag' retrieved from /home/airflow/.local/lib/python3.12/site-packages/airflow/example_dags/example_skip_dag.py
[2024-10-25T07:34:25.240+0000] {logging_mixin.py:190} INFO - [2024-10-25T07:34:25.240+0000] {dag.py:3239} INFO - Sync 1 DAGs
[2024-10-25T07:34:25.258+0000] {logging_mixin.py:190} INFO - [2024-10-25T07:34:25.258+0000] {dag.py:4180} INFO - Setting next_dagrun for example_skip_dag to 2024-10-24 00:00:00+00:00, run_after=2024-10-25 00:00:00+00:00
[2024-10-25T07:34:25.276+0000] {processor.py:208} INFO - Processing /home/airflow/.local/lib/python3.12/site-packages/airflow/example_dags/example_skip_dag.py took 0.225 seconds
[2024-10-25T07:34:55.705+0000] {processor.py:186} INFO - Started process (PID=2731) to work on /home/airflow/.local/lib/python3.12/site-packages/airflow/example_dags/example_skip_dag.py
[2024-10-25T07:34:55.707+0000] {processor.py:914} INFO - Processing file /home/airflow/.local/lib/python3.12/site-packages/airflow/example_dags/example_skip_dag.py for tasks to queue
[2024-10-25T07:34:55.709+0000] {logging_mixin.py:190} INFO - [2024-10-25T07:34:55.709+0000] {dagbag.py:588} INFO - Filling up the DagBag from /home/airflow/.local/lib/python3.12/site-packages/airflow/example_dags/example_skip_dag.py
[2024-10-25T07:34:55.717+0000] {processor.py:925} INFO - DAG(s) 'example_skip_dag' retrieved from /home/airflow/.local/lib/python3.12/site-packages/airflow/example_dags/example_skip_dag.py
[2024-10-25T07:34:55.739+0000] {logging_mixin.py:190} INFO - [2024-10-25T07:34:55.738+0000] {dag.py:3239} INFO - Sync 1 DAGs
[2024-10-25T07:34:55.762+0000] {logging_mixin.py:190} INFO - [2024-10-25T07:34:55.761+0000] {dag.py:4180} INFO - Setting next_dagrun for example_skip_dag to 2024-10-24 00:00:00+00:00, run_after=2024-10-25 00:00:00+00:00
[2024-10-25T07:34:55.787+0000] {processor.py:208} INFO - Processing /home/airflow/.local/lib/python3.12/site-packages/airflow/example_dags/example_skip_dag.py took 0.087 seconds
[2024-10-25T07:35:26.282+0000] {processor.py:186} INFO - Started process (PID=2800) to work on /home/airflow/.local/lib/python3.12/site-packages/airflow/example_dags/example_skip_dag.py
[2024-10-25T07:35:26.283+0000] {processor.py:914} INFO - Processing file /home/airflow/.local/lib/python3.12/site-packages/airflow/example_dags/example_skip_dag.py for tasks to queue
[2024-10-25T07:35:26.284+0000] {logging_mixin.py:190} INFO - [2024-10-25T07:35:26.284+0000] {dagbag.py:588} INFO - Filling up the DagBag from /home/airflow/.local/lib/python3.12/site-packages/airflow/example_dags/example_skip_dag.py
[2024-10-25T07:35:26.293+0000] {processor.py:925} INFO - DAG(s) 'example_skip_dag' retrieved from /home/airflow/.local/lib/python3.12/site-packages/airflow/example_dags/example_skip_dag.py
[2024-10-25T07:35:26.315+0000] {logging_mixin.py:190} INFO - [2024-10-25T07:35:26.315+0000] {dag.py:3239} INFO - Sync 1 DAGs
[2024-10-25T07:35:26.335+0000] {logging_mixin.py:190} INFO - [2024-10-25T07:35:26.335+0000] {dag.py:4180} INFO - Setting next_dagrun for example_skip_dag to 2024-10-24 00:00:00+00:00, run_after=2024-10-25 00:00:00+00:00
[2024-10-25T07:35:26.358+0000] {processor.py:208} INFO - Processing /home/airflow/.local/lib/python3.12/site-packages/airflow/example_dags/example_skip_dag.py took 0.081 seconds
[2024-10-25T07:37:56.523+0000] {processor.py:186} INFO - Started process (PID=94) to work on /home/airflow/.local/lib/python3.12/site-packages/airflow/example_dags/example_skip_dag.py
[2024-10-25T07:37:56.524+0000] {processor.py:914} INFO - Processing file /home/airflow/.local/lib/python3.12/site-packages/airflow/example_dags/example_skip_dag.py for tasks to queue
[2024-10-25T07:37:56.528+0000] {logging_mixin.py:190} INFO - [2024-10-25T07:37:56.527+0000] {dagbag.py:588} INFO - Filling up the DagBag from /home/airflow/.local/lib/python3.12/site-packages/airflow/example_dags/example_skip_dag.py
[2024-10-25T07:37:56.536+0000] {processor.py:925} INFO - DAG(s) 'example_skip_dag' retrieved from /home/airflow/.local/lib/python3.12/site-packages/airflow/example_dags/example_skip_dag.py
[2024-10-25T07:37:56.563+0000] {logging_mixin.py:190} INFO - [2024-10-25T07:37:56.563+0000] {dag.py:3239} INFO - Sync 1 DAGs
[2024-10-25T07:37:56.597+0000] {logging_mixin.py:190} INFO - [2024-10-25T07:37:56.596+0000] {dag.py:4180} INFO - Setting next_dagrun for example_skip_dag to 2024-10-24 00:00:00+00:00, run_after=2024-10-25 00:00:00+00:00
[2024-10-25T07:37:56.631+0000] {processor.py:208} INFO - Processing /home/airflow/.local/lib/python3.12/site-packages/airflow/example_dags/example_skip_dag.py took 0.113 seconds
[2024-10-25T07:38:28.705+0000] {processor.py:186} INFO - Started process (PID=164) to work on /home/airflow/.local/lib/python3.12/site-packages/airflow/example_dags/example_skip_dag.py
[2024-10-25T07:38:28.706+0000] {processor.py:914} INFO - Processing file /home/airflow/.local/lib/python3.12/site-packages/airflow/example_dags/example_skip_dag.py for tasks to queue
[2024-10-25T07:38:28.712+0000] {logging_mixin.py:190} INFO - [2024-10-25T07:38:28.711+0000] {dagbag.py:588} INFO - Filling up the DagBag from /home/airflow/.local/lib/python3.12/site-packages/airflow/example_dags/example_skip_dag.py
[2024-10-25T07:38:28.720+0000] {processor.py:925} INFO - DAG(s) 'example_skip_dag' retrieved from /home/airflow/.local/lib/python3.12/site-packages/airflow/example_dags/example_skip_dag.py
[2024-10-25T07:38:28.748+0000] {logging_mixin.py:190} INFO - [2024-10-25T07:38:28.748+0000] {dag.py:3239} INFO - Sync 1 DAGs
[2024-10-25T07:38:28.772+0000] {logging_mixin.py:190} INFO - [2024-10-25T07:38:28.772+0000] {dag.py:4180} INFO - Setting next_dagrun for example_skip_dag to 2024-10-24 00:00:00+00:00, run_after=2024-10-25 00:00:00+00:00
[2024-10-25T07:38:28.798+0000] {processor.py:208} INFO - Processing /home/airflow/.local/lib/python3.12/site-packages/airflow/example_dags/example_skip_dag.py took 0.099 seconds
