[2024-10-25T07:15:23.802+0000] {processor.py:186} INFO - Started process (PID=210) to work on /home/airflow/.local/lib/python3.12/site-packages/airflow/example_dags/example_latest_only_with_trigger.py
[2024-10-25T07:15:23.820+0000] {processor.py:914} INFO - Processing file /home/airflow/.local/lib/python3.12/site-packages/airflow/example_dags/example_latest_only_with_trigger.py for tasks to queue
[2024-10-25T07:15:23.891+0000] {logging_mixin.py:190} INFO - [2024-10-25T07:15:23.890+0000] {dagbag.py:588} INFO - Filling up the DagBag from /home/airflow/.local/lib/python3.12/site-packages/airflow/example_dags/example_latest_only_with_trigger.py
[2024-10-25T07:15:23.996+0000] {processor.py:925} INFO - DAG(s) 'latest_only_with_trigger' retrieved from /home/airflow/.local/lib/python3.12/site-packages/airflow/example_dags/example_latest_only_with_trigger.py
[2024-10-25T07:15:24.159+0000] {logging_mixin.py:190} INFO - [2024-10-25T07:15:24.159+0000] {dag.py:3239} INFO - Sync 1 DAGs
[2024-10-25T07:15:24.341+0000] {logging_mixin.py:190} INFO - [2024-10-25T07:15:24.341+0000] {dag.py:4180} INFO - Setting next_dagrun for latest_only_with_trigger to 2024-10-25 00:00:00+00:00, run_after=2024-10-25 04:00:00+00:00
[2024-10-25T07:15:24.546+0000] {processor.py:208} INFO - Processing /home/airflow/.local/lib/python3.12/site-packages/airflow/example_dags/example_latest_only_with_trigger.py took 0.775 seconds
[2024-10-25T07:16:17.342+0000] {processor.py:186} INFO - Started process (PID=283) to work on /home/airflow/.local/lib/python3.12/site-packages/airflow/example_dags/example_latest_only_with_trigger.py
[2024-10-25T07:16:17.415+0000] {processor.py:914} INFO - Processing file /home/airflow/.local/lib/python3.12/site-packages/airflow/example_dags/example_latest_only_with_trigger.py for tasks to queue
[2024-10-25T07:16:17.431+0000] {logging_mixin.py:190} INFO - [2024-10-25T07:16:17.429+0000] {dagbag.py:588} INFO - Filling up the DagBag from /home/airflow/.local/lib/python3.12/site-packages/airflow/example_dags/example_latest_only_with_trigger.py
[2024-10-25T07:16:17.470+0000] {processor.py:925} INFO - DAG(s) 'latest_only_with_trigger' retrieved from /home/airflow/.local/lib/python3.12/site-packages/airflow/example_dags/example_latest_only_with_trigger.py
[2024-10-25T07:16:17.721+0000] {logging_mixin.py:190} INFO - [2024-10-25T07:16:17.720+0000] {dag.py:3239} INFO - Sync 1 DAGs
[2024-10-25T07:16:17.871+0000] {logging_mixin.py:190} INFO - [2024-10-25T07:16:17.871+0000] {dag.py:4180} INFO - Setting next_dagrun for latest_only_with_trigger to 2024-10-25 00:00:00+00:00, run_after=2024-10-25 04:00:00+00:00
[2024-10-25T07:16:17.937+0000] {processor.py:208} INFO - Processing /home/airflow/.local/lib/python3.12/site-packages/airflow/example_dags/example_latest_only_with_trigger.py took 0.652 seconds
[2024-10-25T07:16:48.371+0000] {processor.py:186} INFO - Started process (PID=352) to work on /home/airflow/.local/lib/python3.12/site-packages/airflow/example_dags/example_latest_only_with_trigger.py
[2024-10-25T07:16:48.373+0000] {processor.py:914} INFO - Processing file /home/airflow/.local/lib/python3.12/site-packages/airflow/example_dags/example_latest_only_with_trigger.py for tasks to queue
[2024-10-25T07:16:48.378+0000] {logging_mixin.py:190} INFO - [2024-10-25T07:16:48.377+0000] {dagbag.py:588} INFO - Filling up the DagBag from /home/airflow/.local/lib/python3.12/site-packages/airflow/example_dags/example_latest_only_with_trigger.py
[2024-10-25T07:16:48.392+0000] {processor.py:925} INFO - DAG(s) 'latest_only_with_trigger' retrieved from /home/airflow/.local/lib/python3.12/site-packages/airflow/example_dags/example_latest_only_with_trigger.py
[2024-10-25T07:16:48.428+0000] {logging_mixin.py:190} INFO - [2024-10-25T07:16:48.427+0000] {dag.py:3239} INFO - Sync 1 DAGs
[2024-10-25T07:16:48.480+0000] {logging_mixin.py:190} INFO - [2024-10-25T07:16:48.479+0000] {dag.py:4180} INFO - Setting next_dagrun for latest_only_with_trigger to 2024-10-25 00:00:00+00:00, run_after=2024-10-25 04:00:00+00:00
[2024-10-25T07:16:48.519+0000] {processor.py:208} INFO - Processing /home/airflow/.local/lib/python3.12/site-packages/airflow/example_dags/example_latest_only_with_trigger.py took 0.159 seconds
[2024-10-25T07:17:19.119+0000] {processor.py:186} INFO - Started process (PID=421) to work on /home/airflow/.local/lib/python3.12/site-packages/airflow/example_dags/example_latest_only_with_trigger.py
[2024-10-25T07:17:19.120+0000] {processor.py:914} INFO - Processing file /home/airflow/.local/lib/python3.12/site-packages/airflow/example_dags/example_latest_only_with_trigger.py for tasks to queue
[2024-10-25T07:17:19.124+0000] {logging_mixin.py:190} INFO - [2024-10-25T07:17:19.124+0000] {dagbag.py:588} INFO - Filling up the DagBag from /home/airflow/.local/lib/python3.12/site-packages/airflow/example_dags/example_latest_only_with_trigger.py
[2024-10-25T07:17:19.137+0000] {processor.py:925} INFO - DAG(s) 'latest_only_with_trigger' retrieved from /home/airflow/.local/lib/python3.12/site-packages/airflow/example_dags/example_latest_only_with_trigger.py
[2024-10-25T07:17:19.167+0000] {logging_mixin.py:190} INFO - [2024-10-25T07:17:19.167+0000] {dag.py:3239} INFO - Sync 1 DAGs
[2024-10-25T07:17:19.204+0000] {logging_mixin.py:190} INFO - [2024-10-25T07:17:19.203+0000] {dag.py:4180} INFO - Setting next_dagrun for latest_only_with_trigger to 2024-10-25 00:00:00+00:00, run_after=2024-10-25 04:00:00+00:00
[2024-10-25T07:17:19.239+0000] {processor.py:208} INFO - Processing /home/airflow/.local/lib/python3.12/site-packages/airflow/example_dags/example_latest_only_with_trigger.py took 0.129 seconds
[2024-10-25T07:17:49.502+0000] {processor.py:186} INFO - Started process (PID=491) to work on /home/airflow/.local/lib/python3.12/site-packages/airflow/example_dags/example_latest_only_with_trigger.py
[2024-10-25T07:17:49.504+0000] {processor.py:914} INFO - Processing file /home/airflow/.local/lib/python3.12/site-packages/airflow/example_dags/example_latest_only_with_trigger.py for tasks to queue
[2024-10-25T07:17:49.507+0000] {logging_mixin.py:190} INFO - [2024-10-25T07:17:49.507+0000] {dagbag.py:588} INFO - Filling up the DagBag from /home/airflow/.local/lib/python3.12/site-packages/airflow/example_dags/example_latest_only_with_trigger.py
[2024-10-25T07:17:49.520+0000] {processor.py:925} INFO - DAG(s) 'latest_only_with_trigger' retrieved from /home/airflow/.local/lib/python3.12/site-packages/airflow/example_dags/example_latest_only_with_trigger.py
[2024-10-25T07:17:49.550+0000] {logging_mixin.py:190} INFO - [2024-10-25T07:17:49.550+0000] {dag.py:3239} INFO - Sync 1 DAGs
[2024-10-25T07:17:49.590+0000] {logging_mixin.py:190} INFO - [2024-10-25T07:17:49.589+0000] {dag.py:4180} INFO - Setting next_dagrun for latest_only_with_trigger to 2024-10-25 00:00:00+00:00, run_after=2024-10-25 04:00:00+00:00
[2024-10-25T07:17:49.615+0000] {processor.py:208} INFO - Processing /home/airflow/.local/lib/python3.12/site-packages/airflow/example_dags/example_latest_only_with_trigger.py took 0.120 seconds
[2024-10-25T07:18:20.603+0000] {processor.py:186} INFO - Started process (PID=560) to work on /home/airflow/.local/lib/python3.12/site-packages/airflow/example_dags/example_latest_only_with_trigger.py
[2024-10-25T07:18:20.605+0000] {processor.py:914} INFO - Processing file /home/airflow/.local/lib/python3.12/site-packages/airflow/example_dags/example_latest_only_with_trigger.py for tasks to queue
[2024-10-25T07:18:20.609+0000] {logging_mixin.py:190} INFO - [2024-10-25T07:18:20.609+0000] {dagbag.py:588} INFO - Filling up the DagBag from /home/airflow/.local/lib/python3.12/site-packages/airflow/example_dags/example_latest_only_with_trigger.py
[2024-10-25T07:18:20.620+0000] {processor.py:925} INFO - DAG(s) 'latest_only_with_trigger' retrieved from /home/airflow/.local/lib/python3.12/site-packages/airflow/example_dags/example_latest_only_with_trigger.py
[2024-10-25T07:18:20.651+0000] {logging_mixin.py:190} INFO - [2024-10-25T07:18:20.651+0000] {dag.py:3239} INFO - Sync 1 DAGs
[2024-10-25T07:18:20.688+0000] {logging_mixin.py:190} INFO - [2024-10-25T07:18:20.688+0000] {dag.py:4180} INFO - Setting next_dagrun for latest_only_with_trigger to 2024-10-25 00:00:00+00:00, run_after=2024-10-25 04:00:00+00:00
[2024-10-25T07:18:20.719+0000] {processor.py:208} INFO - Processing /home/airflow/.local/lib/python3.12/site-packages/airflow/example_dags/example_latest_only_with_trigger.py took 0.125 seconds
[2024-10-25T07:18:50.834+0000] {processor.py:186} INFO - Started process (PID=628) to work on /home/airflow/.local/lib/python3.12/site-packages/airflow/example_dags/example_latest_only_with_trigger.py
[2024-10-25T07:18:50.836+0000] {processor.py:914} INFO - Processing file /home/airflow/.local/lib/python3.12/site-packages/airflow/example_dags/example_latest_only_with_trigger.py for tasks to queue
[2024-10-25T07:18:50.841+0000] {logging_mixin.py:190} INFO - [2024-10-25T07:18:50.840+0000] {dagbag.py:588} INFO - Filling up the DagBag from /home/airflow/.local/lib/python3.12/site-packages/airflow/example_dags/example_latest_only_with_trigger.py
[2024-10-25T07:18:50.855+0000] {processor.py:925} INFO - DAG(s) 'latest_only_with_trigger' retrieved from /home/airflow/.local/lib/python3.12/site-packages/airflow/example_dags/example_latest_only_with_trigger.py
[2024-10-25T07:18:50.891+0000] {logging_mixin.py:190} INFO - [2024-10-25T07:18:50.891+0000] {dag.py:3239} INFO - Sync 1 DAGs
[2024-10-25T07:18:50.931+0000] {logging_mixin.py:190} INFO - [2024-10-25T07:18:50.930+0000] {dag.py:4180} INFO - Setting next_dagrun for latest_only_with_trigger to 2024-10-25 00:00:00+00:00, run_after=2024-10-25 04:00:00+00:00
[2024-10-25T07:18:50.965+0000] {processor.py:208} INFO - Processing /home/airflow/.local/lib/python3.12/site-packages/airflow/example_dags/example_latest_only_with_trigger.py took 0.139 seconds
[2024-10-25T07:19:21.227+0000] {processor.py:186} INFO - Started process (PID=697) to work on /home/airflow/.local/lib/python3.12/site-packages/airflow/example_dags/example_latest_only_with_trigger.py
[2024-10-25T07:19:21.229+0000] {processor.py:914} INFO - Processing file /home/airflow/.local/lib/python3.12/site-packages/airflow/example_dags/example_latest_only_with_trigger.py for tasks to queue
[2024-10-25T07:19:21.233+0000] {logging_mixin.py:190} INFO - [2024-10-25T07:19:21.232+0000] {dagbag.py:588} INFO - Filling up the DagBag from /home/airflow/.local/lib/python3.12/site-packages/airflow/example_dags/example_latest_only_with_trigger.py
[2024-10-25T07:19:21.244+0000] {processor.py:925} INFO - DAG(s) 'latest_only_with_trigger' retrieved from /home/airflow/.local/lib/python3.12/site-packages/airflow/example_dags/example_latest_only_with_trigger.py
[2024-10-25T07:19:21.273+0000] {logging_mixin.py:190} INFO - [2024-10-25T07:19:21.273+0000] {dag.py:3239} INFO - Sync 1 DAGs
[2024-10-25T07:19:21.306+0000] {logging_mixin.py:190} INFO - [2024-10-25T07:19:21.305+0000] {dag.py:4180} INFO - Setting next_dagrun for latest_only_with_trigger to 2024-10-25 00:00:00+00:00, run_after=2024-10-25 04:00:00+00:00
[2024-10-25T07:19:21.331+0000] {processor.py:208} INFO - Processing /home/airflow/.local/lib/python3.12/site-packages/airflow/example_dags/example_latest_only_with_trigger.py took 0.111 seconds
[2024-10-25T07:19:51.799+0000] {processor.py:186} INFO - Started process (PID=766) to work on /home/airflow/.local/lib/python3.12/site-packages/airflow/example_dags/example_latest_only_with_trigger.py
[2024-10-25T07:19:51.801+0000] {processor.py:914} INFO - Processing file /home/airflow/.local/lib/python3.12/site-packages/airflow/example_dags/example_latest_only_with_trigger.py for tasks to queue
[2024-10-25T07:19:51.805+0000] {logging_mixin.py:190} INFO - [2024-10-25T07:19:51.804+0000] {dagbag.py:588} INFO - Filling up the DagBag from /home/airflow/.local/lib/python3.12/site-packages/airflow/example_dags/example_latest_only_with_trigger.py
[2024-10-25T07:19:51.811+0000] {processor.py:925} INFO - DAG(s) 'latest_only_with_trigger' retrieved from /home/airflow/.local/lib/python3.12/site-packages/airflow/example_dags/example_latest_only_with_trigger.py
[2024-10-25T07:19:51.838+0000] {logging_mixin.py:190} INFO - [2024-10-25T07:19:51.838+0000] {dag.py:3239} INFO - Sync 1 DAGs
[2024-10-25T07:19:51.860+0000] {logging_mixin.py:190} INFO - [2024-10-25T07:19:51.860+0000] {dag.py:4180} INFO - Setting next_dagrun for latest_only_with_trigger to 2024-10-25 00:00:00+00:00, run_after=2024-10-25 04:00:00+00:00
[2024-10-25T07:19:51.885+0000] {processor.py:208} INFO - Processing /home/airflow/.local/lib/python3.12/site-packages/airflow/example_dags/example_latest_only_with_trigger.py took 0.091 seconds
[2024-10-25T07:20:22.763+0000] {processor.py:186} INFO - Started process (PID=834) to work on /home/airflow/.local/lib/python3.12/site-packages/airflow/example_dags/example_latest_only_with_trigger.py
[2024-10-25T07:20:22.765+0000] {processor.py:914} INFO - Processing file /home/airflow/.local/lib/python3.12/site-packages/airflow/example_dags/example_latest_only_with_trigger.py for tasks to queue
[2024-10-25T07:20:22.769+0000] {logging_mixin.py:190} INFO - [2024-10-25T07:20:22.768+0000] {dagbag.py:588} INFO - Filling up the DagBag from /home/airflow/.local/lib/python3.12/site-packages/airflow/example_dags/example_latest_only_with_trigger.py
[2024-10-25T07:20:22.780+0000] {processor.py:925} INFO - DAG(s) 'latest_only_with_trigger' retrieved from /home/airflow/.local/lib/python3.12/site-packages/airflow/example_dags/example_latest_only_with_trigger.py
[2024-10-25T07:20:22.811+0000] {logging_mixin.py:190} INFO - [2024-10-25T07:20:22.810+0000] {dag.py:3239} INFO - Sync 1 DAGs
[2024-10-25T07:20:22.847+0000] {logging_mixin.py:190} INFO - [2024-10-25T07:20:22.847+0000] {dag.py:4180} INFO - Setting next_dagrun for latest_only_with_trigger to 2024-10-25 00:00:00+00:00, run_after=2024-10-25 04:00:00+00:00
[2024-10-25T07:20:22.873+0000] {processor.py:208} INFO - Processing /home/airflow/.local/lib/python3.12/site-packages/airflow/example_dags/example_latest_only_with_trigger.py took 0.118 seconds
[2024-10-25T07:20:53.340+0000] {processor.py:186} INFO - Started process (PID=903) to work on /home/airflow/.local/lib/python3.12/site-packages/airflow/example_dags/example_latest_only_with_trigger.py
[2024-10-25T07:20:53.342+0000] {processor.py:914} INFO - Processing file /home/airflow/.local/lib/python3.12/site-packages/airflow/example_dags/example_latest_only_with_trigger.py for tasks to queue
[2024-10-25T07:20:53.345+0000] {logging_mixin.py:190} INFO - [2024-10-25T07:20:53.344+0000] {dagbag.py:588} INFO - Filling up the DagBag from /home/airflow/.local/lib/python3.12/site-packages/airflow/example_dags/example_latest_only_with_trigger.py
[2024-10-25T07:20:53.351+0000] {processor.py:925} INFO - DAG(s) 'latest_only_with_trigger' retrieved from /home/airflow/.local/lib/python3.12/site-packages/airflow/example_dags/example_latest_only_with_trigger.py
[2024-10-25T07:20:53.374+0000] {logging_mixin.py:190} INFO - [2024-10-25T07:20:53.374+0000] {dag.py:3239} INFO - Sync 1 DAGs
[2024-10-25T07:20:53.396+0000] {logging_mixin.py:190} INFO - [2024-10-25T07:20:53.396+0000] {dag.py:4180} INFO - Setting next_dagrun for latest_only_with_trigger to 2024-10-25 00:00:00+00:00, run_after=2024-10-25 04:00:00+00:00
[2024-10-25T07:20:53.417+0000] {processor.py:208} INFO - Processing /home/airflow/.local/lib/python3.12/site-packages/airflow/example_dags/example_latest_only_with_trigger.py took 0.082 seconds
[2024-10-25T07:21:23.690+0000] {processor.py:186} INFO - Started process (PID=972) to work on /home/airflow/.local/lib/python3.12/site-packages/airflow/example_dags/example_latest_only_with_trigger.py
[2024-10-25T07:21:23.692+0000] {processor.py:914} INFO - Processing file /home/airflow/.local/lib/python3.12/site-packages/airflow/example_dags/example_latest_only_with_trigger.py for tasks to queue
[2024-10-25T07:21:23.694+0000] {logging_mixin.py:190} INFO - [2024-10-25T07:21:23.694+0000] {dagbag.py:588} INFO - Filling up the DagBag from /home/airflow/.local/lib/python3.12/site-packages/airflow/example_dags/example_latest_only_with_trigger.py
[2024-10-25T07:21:23.700+0000] {processor.py:925} INFO - DAG(s) 'latest_only_with_trigger' retrieved from /home/airflow/.local/lib/python3.12/site-packages/airflow/example_dags/example_latest_only_with_trigger.py
[2024-10-25T07:21:23.723+0000] {logging_mixin.py:190} INFO - [2024-10-25T07:21:23.723+0000] {dag.py:3239} INFO - Sync 1 DAGs
[2024-10-25T07:21:23.744+0000] {logging_mixin.py:190} INFO - [2024-10-25T07:21:23.744+0000] {dag.py:4180} INFO - Setting next_dagrun for latest_only_with_trigger to 2024-10-25 00:00:00+00:00, run_after=2024-10-25 04:00:00+00:00
[2024-10-25T07:21:23.763+0000] {processor.py:208} INFO - Processing /home/airflow/.local/lib/python3.12/site-packages/airflow/example_dags/example_latest_only_with_trigger.py took 0.076 seconds
[2024-10-25T07:21:54.035+0000] {processor.py:186} INFO - Started process (PID=1041) to work on /home/airflow/.local/lib/python3.12/site-packages/airflow/example_dags/example_latest_only_with_trigger.py
[2024-10-25T07:21:54.037+0000] {processor.py:914} INFO - Processing file /home/airflow/.local/lib/python3.12/site-packages/airflow/example_dags/example_latest_only_with_trigger.py for tasks to queue
[2024-10-25T07:21:54.040+0000] {logging_mixin.py:190} INFO - [2024-10-25T07:21:54.040+0000] {dagbag.py:588} INFO - Filling up the DagBag from /home/airflow/.local/lib/python3.12/site-packages/airflow/example_dags/example_latest_only_with_trigger.py
[2024-10-25T07:21:54.048+0000] {processor.py:925} INFO - DAG(s) 'latest_only_with_trigger' retrieved from /home/airflow/.local/lib/python3.12/site-packages/airflow/example_dags/example_latest_only_with_trigger.py
[2024-10-25T07:21:54.074+0000] {logging_mixin.py:190} INFO - [2024-10-25T07:21:54.073+0000] {dag.py:3239} INFO - Sync 1 DAGs
[2024-10-25T07:21:54.099+0000] {logging_mixin.py:190} INFO - [2024-10-25T07:21:54.099+0000] {dag.py:4180} INFO - Setting next_dagrun for latest_only_with_trigger to 2024-10-25 00:00:00+00:00, run_after=2024-10-25 04:00:00+00:00
[2024-10-25T07:21:54.126+0000] {processor.py:208} INFO - Processing /home/airflow/.local/lib/python3.12/site-packages/airflow/example_dags/example_latest_only_with_trigger.py took 0.096 seconds
[2024-10-25T07:22:24.747+0000] {processor.py:186} INFO - Started process (PID=1110) to work on /home/airflow/.local/lib/python3.12/site-packages/airflow/example_dags/example_latest_only_with_trigger.py
[2024-10-25T07:22:24.749+0000] {processor.py:914} INFO - Processing file /home/airflow/.local/lib/python3.12/site-packages/airflow/example_dags/example_latest_only_with_trigger.py for tasks to queue
[2024-10-25T07:22:24.752+0000] {logging_mixin.py:190} INFO - [2024-10-25T07:22:24.752+0000] {dagbag.py:588} INFO - Filling up the DagBag from /home/airflow/.local/lib/python3.12/site-packages/airflow/example_dags/example_latest_only_with_trigger.py
[2024-10-25T07:22:24.765+0000] {processor.py:925} INFO - DAG(s) 'latest_only_with_trigger' retrieved from /home/airflow/.local/lib/python3.12/site-packages/airflow/example_dags/example_latest_only_with_trigger.py
[2024-10-25T07:22:24.800+0000] {logging_mixin.py:190} INFO - [2024-10-25T07:22:24.799+0000] {dag.py:3239} INFO - Sync 1 DAGs
[2024-10-25T07:22:24.826+0000] {logging_mixin.py:190} INFO - [2024-10-25T07:22:24.825+0000] {dag.py:4180} INFO - Setting next_dagrun for latest_only_with_trigger to 2024-10-25 00:00:00+00:00, run_after=2024-10-25 04:00:00+00:00
[2024-10-25T07:22:24.851+0000] {processor.py:208} INFO - Processing /home/airflow/.local/lib/python3.12/site-packages/airflow/example_dags/example_latest_only_with_trigger.py took 0.111 seconds
[2024-10-25T07:22:55.364+0000] {processor.py:186} INFO - Started process (PID=1179) to work on /home/airflow/.local/lib/python3.12/site-packages/airflow/example_dags/example_latest_only_with_trigger.py
[2024-10-25T07:22:55.366+0000] {processor.py:914} INFO - Processing file /home/airflow/.local/lib/python3.12/site-packages/airflow/example_dags/example_latest_only_with_trigger.py for tasks to queue
[2024-10-25T07:22:55.369+0000] {logging_mixin.py:190} INFO - [2024-10-25T07:22:55.369+0000] {dagbag.py:588} INFO - Filling up the DagBag from /home/airflow/.local/lib/python3.12/site-packages/airflow/example_dags/example_latest_only_with_trigger.py
[2024-10-25T07:22:55.377+0000] {processor.py:925} INFO - DAG(s) 'latest_only_with_trigger' retrieved from /home/airflow/.local/lib/python3.12/site-packages/airflow/example_dags/example_latest_only_with_trigger.py
[2024-10-25T07:22:55.405+0000] {logging_mixin.py:190} INFO - [2024-10-25T07:22:55.404+0000] {dag.py:3239} INFO - Sync 1 DAGs
[2024-10-25T07:22:55.430+0000] {logging_mixin.py:190} INFO - [2024-10-25T07:22:55.430+0000] {dag.py:4180} INFO - Setting next_dagrun for latest_only_with_trigger to 2024-10-25 00:00:00+00:00, run_after=2024-10-25 04:00:00+00:00
[2024-10-25T07:22:55.470+0000] {processor.py:208} INFO - Processing /home/airflow/.local/lib/python3.12/site-packages/airflow/example_dags/example_latest_only_with_trigger.py took 0.111 seconds
[2024-10-25T07:23:25.622+0000] {processor.py:186} INFO - Started process (PID=1248) to work on /home/airflow/.local/lib/python3.12/site-packages/airflow/example_dags/example_latest_only_with_trigger.py
[2024-10-25T07:23:25.624+0000] {processor.py:914} INFO - Processing file /home/airflow/.local/lib/python3.12/site-packages/airflow/example_dags/example_latest_only_with_trigger.py for tasks to queue
[2024-10-25T07:23:25.627+0000] {logging_mixin.py:190} INFO - [2024-10-25T07:23:25.627+0000] {dagbag.py:588} INFO - Filling up the DagBag from /home/airflow/.local/lib/python3.12/site-packages/airflow/example_dags/example_latest_only_with_trigger.py
[2024-10-25T07:23:25.636+0000] {processor.py:925} INFO - DAG(s) 'latest_only_with_trigger' retrieved from /home/airflow/.local/lib/python3.12/site-packages/airflow/example_dags/example_latest_only_with_trigger.py
[2024-10-25T07:23:25.662+0000] {logging_mixin.py:190} INFO - [2024-10-25T07:23:25.662+0000] {dag.py:3239} INFO - Sync 1 DAGs
[2024-10-25T07:23:25.688+0000] {logging_mixin.py:190} INFO - [2024-10-25T07:23:25.688+0000] {dag.py:4180} INFO - Setting next_dagrun for latest_only_with_trigger to 2024-10-25 00:00:00+00:00, run_after=2024-10-25 04:00:00+00:00
[2024-10-25T07:23:25.716+0000] {processor.py:208} INFO - Processing /home/airflow/.local/lib/python3.12/site-packages/airflow/example_dags/example_latest_only_with_trigger.py took 0.101 seconds
[2024-10-25T07:23:56.306+0000] {processor.py:186} INFO - Started process (PID=1323) to work on /home/airflow/.local/lib/python3.12/site-packages/airflow/example_dags/example_latest_only_with_trigger.py
[2024-10-25T07:23:56.307+0000] {processor.py:914} INFO - Processing file /home/airflow/.local/lib/python3.12/site-packages/airflow/example_dags/example_latest_only_with_trigger.py for tasks to queue
[2024-10-25T07:23:56.311+0000] {logging_mixin.py:190} INFO - [2024-10-25T07:23:56.310+0000] {dagbag.py:588} INFO - Filling up the DagBag from /home/airflow/.local/lib/python3.12/site-packages/airflow/example_dags/example_latest_only_with_trigger.py
[2024-10-25T07:23:56.321+0000] {processor.py:925} INFO - DAG(s) 'latest_only_with_trigger' retrieved from /home/airflow/.local/lib/python3.12/site-packages/airflow/example_dags/example_latest_only_with_trigger.py
[2024-10-25T07:23:56.350+0000] {logging_mixin.py:190} INFO - [2024-10-25T07:23:56.349+0000] {dag.py:3239} INFO - Sync 1 DAGs
[2024-10-25T07:23:56.379+0000] {logging_mixin.py:190} INFO - [2024-10-25T07:23:56.378+0000] {dag.py:4180} INFO - Setting next_dagrun for latest_only_with_trigger to 2024-10-25 00:00:00+00:00, run_after=2024-10-25 04:00:00+00:00
[2024-10-25T07:23:56.420+0000] {processor.py:208} INFO - Processing /home/airflow/.local/lib/python3.12/site-packages/airflow/example_dags/example_latest_only_with_trigger.py took 0.121 seconds
[2024-10-25T07:24:26.801+0000] {processor.py:186} INFO - Started process (PID=1392) to work on /home/airflow/.local/lib/python3.12/site-packages/airflow/example_dags/example_latest_only_with_trigger.py
[2024-10-25T07:24:26.803+0000] {processor.py:914} INFO - Processing file /home/airflow/.local/lib/python3.12/site-packages/airflow/example_dags/example_latest_only_with_trigger.py for tasks to queue
[2024-10-25T07:24:26.807+0000] {logging_mixin.py:190} INFO - [2024-10-25T07:24:26.807+0000] {dagbag.py:588} INFO - Filling up the DagBag from /home/airflow/.local/lib/python3.12/site-packages/airflow/example_dags/example_latest_only_with_trigger.py
[2024-10-25T07:24:26.815+0000] {processor.py:925} INFO - DAG(s) 'latest_only_with_trigger' retrieved from /home/airflow/.local/lib/python3.12/site-packages/airflow/example_dags/example_latest_only_with_trigger.py
[2024-10-25T07:24:26.847+0000] {logging_mixin.py:190} INFO - [2024-10-25T07:24:26.847+0000] {dag.py:3239} INFO - Sync 1 DAGs
[2024-10-25T07:24:26.880+0000] {logging_mixin.py:190} INFO - [2024-10-25T07:24:26.880+0000] {dag.py:4180} INFO - Setting next_dagrun for latest_only_with_trigger to 2024-10-25 00:00:00+00:00, run_after=2024-10-25 04:00:00+00:00
[2024-10-25T07:24:26.911+0000] {processor.py:208} INFO - Processing /home/airflow/.local/lib/python3.12/site-packages/airflow/example_dags/example_latest_only_with_trigger.py took 0.115 seconds
[2024-10-25T07:24:57.194+0000] {processor.py:186} INFO - Started process (PID=1461) to work on /home/airflow/.local/lib/python3.12/site-packages/airflow/example_dags/example_latest_only_with_trigger.py
[2024-10-25T07:24:57.196+0000] {processor.py:914} INFO - Processing file /home/airflow/.local/lib/python3.12/site-packages/airflow/example_dags/example_latest_only_with_trigger.py for tasks to queue
[2024-10-25T07:24:57.198+0000] {logging_mixin.py:190} INFO - [2024-10-25T07:24:57.198+0000] {dagbag.py:588} INFO - Filling up the DagBag from /home/airflow/.local/lib/python3.12/site-packages/airflow/example_dags/example_latest_only_with_trigger.py
[2024-10-25T07:24:57.205+0000] {processor.py:925} INFO - DAG(s) 'latest_only_with_trigger' retrieved from /home/airflow/.local/lib/python3.12/site-packages/airflow/example_dags/example_latest_only_with_trigger.py
[2024-10-25T07:24:57.229+0000] {logging_mixin.py:190} INFO - [2024-10-25T07:24:57.229+0000] {dag.py:3239} INFO - Sync 1 DAGs
[2024-10-25T07:24:57.250+0000] {logging_mixin.py:190} INFO - [2024-10-25T07:24:57.250+0000] {dag.py:4180} INFO - Setting next_dagrun for latest_only_with_trigger to 2024-10-25 00:00:00+00:00, run_after=2024-10-25 04:00:00+00:00
[2024-10-25T07:24:57.269+0000] {processor.py:208} INFO - Processing /home/airflow/.local/lib/python3.12/site-packages/airflow/example_dags/example_latest_only_with_trigger.py took 0.079 seconds
[2024-10-25T07:25:27.611+0000] {processor.py:186} INFO - Started process (PID=1530) to work on /home/airflow/.local/lib/python3.12/site-packages/airflow/example_dags/example_latest_only_with_trigger.py
[2024-10-25T07:25:27.612+0000] {processor.py:914} INFO - Processing file /home/airflow/.local/lib/python3.12/site-packages/airflow/example_dags/example_latest_only_with_trigger.py for tasks to queue
[2024-10-25T07:25:27.615+0000] {logging_mixin.py:190} INFO - [2024-10-25T07:25:27.615+0000] {dagbag.py:588} INFO - Filling up the DagBag from /home/airflow/.local/lib/python3.12/site-packages/airflow/example_dags/example_latest_only_with_trigger.py
[2024-10-25T07:25:27.622+0000] {processor.py:925} INFO - DAG(s) 'latest_only_with_trigger' retrieved from /home/airflow/.local/lib/python3.12/site-packages/airflow/example_dags/example_latest_only_with_trigger.py
[2024-10-25T07:25:27.645+0000] {logging_mixin.py:190} INFO - [2024-10-25T07:25:27.644+0000] {dag.py:3239} INFO - Sync 1 DAGs
[2024-10-25T07:25:27.667+0000] {logging_mixin.py:190} INFO - [2024-10-25T07:25:27.667+0000] {dag.py:4180} INFO - Setting next_dagrun for latest_only_with_trigger to 2024-10-25 00:00:00+00:00, run_after=2024-10-25 04:00:00+00:00
[2024-10-25T07:25:27.687+0000] {processor.py:208} INFO - Processing /home/airflow/.local/lib/python3.12/site-packages/airflow/example_dags/example_latest_only_with_trigger.py took 0.080 seconds
[2024-10-25T07:25:57.818+0000] {processor.py:186} INFO - Started process (PID=1599) to work on /home/airflow/.local/lib/python3.12/site-packages/airflow/example_dags/example_latest_only_with_trigger.py
[2024-10-25T07:25:57.823+0000] {processor.py:914} INFO - Processing file /home/airflow/.local/lib/python3.12/site-packages/airflow/example_dags/example_latest_only_with_trigger.py for tasks to queue
[2024-10-25T07:25:57.829+0000] {logging_mixin.py:190} INFO - [2024-10-25T07:25:57.828+0000] {dagbag.py:588} INFO - Filling up the DagBag from /home/airflow/.local/lib/python3.12/site-packages/airflow/example_dags/example_latest_only_with_trigger.py
[2024-10-25T07:25:57.866+0000] {processor.py:925} INFO - DAG(s) 'latest_only_with_trigger' retrieved from /home/airflow/.local/lib/python3.12/site-packages/airflow/example_dags/example_latest_only_with_trigger.py
[2024-10-25T07:25:57.940+0000] {logging_mixin.py:190} INFO - [2024-10-25T07:25:57.939+0000] {dag.py:3239} INFO - Sync 1 DAGs
[2024-10-25T07:25:57.993+0000] {logging_mixin.py:190} INFO - [2024-10-25T07:25:57.993+0000] {dag.py:4180} INFO - Setting next_dagrun for latest_only_with_trigger to 2024-10-25 00:00:00+00:00, run_after=2024-10-25 04:00:00+00:00
[2024-10-25T07:25:58.035+0000] {processor.py:208} INFO - Processing /home/airflow/.local/lib/python3.12/site-packages/airflow/example_dags/example_latest_only_with_trigger.py took 0.228 seconds
[2024-10-25T07:26:28.998+0000] {processor.py:186} INFO - Started process (PID=1669) to work on /home/airflow/.local/lib/python3.12/site-packages/airflow/example_dags/example_latest_only_with_trigger.py
[2024-10-25T07:26:29.000+0000] {processor.py:914} INFO - Processing file /home/airflow/.local/lib/python3.12/site-packages/airflow/example_dags/example_latest_only_with_trigger.py for tasks to queue
[2024-10-25T07:26:29.005+0000] {logging_mixin.py:190} INFO - [2024-10-25T07:26:29.004+0000] {dagbag.py:588} INFO - Filling up the DagBag from /home/airflow/.local/lib/python3.12/site-packages/airflow/example_dags/example_latest_only_with_trigger.py
[2024-10-25T07:26:29.018+0000] {processor.py:925} INFO - DAG(s) 'latest_only_with_trigger' retrieved from /home/airflow/.local/lib/python3.12/site-packages/airflow/example_dags/example_latest_only_with_trigger.py
[2024-10-25T07:26:29.060+0000] {logging_mixin.py:190} INFO - [2024-10-25T07:26:29.059+0000] {dag.py:3239} INFO - Sync 1 DAGs
[2024-10-25T07:26:29.109+0000] {logging_mixin.py:190} INFO - [2024-10-25T07:26:29.108+0000] {dag.py:4180} INFO - Setting next_dagrun for latest_only_with_trigger to 2024-10-25 00:00:00+00:00, run_after=2024-10-25 04:00:00+00:00
[2024-10-25T07:26:29.147+0000] {processor.py:208} INFO - Processing /home/airflow/.local/lib/python3.12/site-packages/airflow/example_dags/example_latest_only_with_trigger.py took 0.160 seconds
[2024-10-25T07:26:59.520+0000] {processor.py:186} INFO - Started process (PID=1738) to work on /home/airflow/.local/lib/python3.12/site-packages/airflow/example_dags/example_latest_only_with_trigger.py
[2024-10-25T07:26:59.521+0000] {processor.py:914} INFO - Processing file /home/airflow/.local/lib/python3.12/site-packages/airflow/example_dags/example_latest_only_with_trigger.py for tasks to queue
[2024-10-25T07:26:59.524+0000] {logging_mixin.py:190} INFO - [2024-10-25T07:26:59.524+0000] {dagbag.py:588} INFO - Filling up the DagBag from /home/airflow/.local/lib/python3.12/site-packages/airflow/example_dags/example_latest_only_with_trigger.py
[2024-10-25T07:26:59.532+0000] {processor.py:925} INFO - DAG(s) 'latest_only_with_trigger' retrieved from /home/airflow/.local/lib/python3.12/site-packages/airflow/example_dags/example_latest_only_with_trigger.py
[2024-10-25T07:26:59.564+0000] {logging_mixin.py:190} INFO - [2024-10-25T07:26:59.563+0000] {dag.py:3239} INFO - Sync 1 DAGs
[2024-10-25T07:26:59.598+0000] {logging_mixin.py:190} INFO - [2024-10-25T07:26:59.597+0000] {dag.py:4180} INFO - Setting next_dagrun for latest_only_with_trigger to 2024-10-25 00:00:00+00:00, run_after=2024-10-25 04:00:00+00:00
[2024-10-25T07:26:59.627+0000] {processor.py:208} INFO - Processing /home/airflow/.local/lib/python3.12/site-packages/airflow/example_dags/example_latest_only_with_trigger.py took 0.113 seconds
[2024-10-25T07:27:29.843+0000] {processor.py:186} INFO - Started process (PID=1807) to work on /home/airflow/.local/lib/python3.12/site-packages/airflow/example_dags/example_latest_only_with_trigger.py
[2024-10-25T07:27:29.845+0000] {processor.py:914} INFO - Processing file /home/airflow/.local/lib/python3.12/site-packages/airflow/example_dags/example_latest_only_with_trigger.py for tasks to queue
[2024-10-25T07:27:29.847+0000] {logging_mixin.py:190} INFO - [2024-10-25T07:27:29.847+0000] {dagbag.py:588} INFO - Filling up the DagBag from /home/airflow/.local/lib/python3.12/site-packages/airflow/example_dags/example_latest_only_with_trigger.py
[2024-10-25T07:27:29.854+0000] {processor.py:925} INFO - DAG(s) 'latest_only_with_trigger' retrieved from /home/airflow/.local/lib/python3.12/site-packages/airflow/example_dags/example_latest_only_with_trigger.py
[2024-10-25T07:27:29.878+0000] {logging_mixin.py:190} INFO - [2024-10-25T07:27:29.878+0000] {dag.py:3239} INFO - Sync 1 DAGs
[2024-10-25T07:27:29.900+0000] {logging_mixin.py:190} INFO - [2024-10-25T07:27:29.900+0000] {dag.py:4180} INFO - Setting next_dagrun for latest_only_with_trigger to 2024-10-25 00:00:00+00:00, run_after=2024-10-25 04:00:00+00:00
[2024-10-25T07:27:29.954+0000] {processor.py:208} INFO - Processing /home/airflow/.local/lib/python3.12/site-packages/airflow/example_dags/example_latest_only_with_trigger.py took 0.115 seconds
[2024-10-25T07:28:00.363+0000] {processor.py:186} INFO - Started process (PID=1876) to work on /home/airflow/.local/lib/python3.12/site-packages/airflow/example_dags/example_latest_only_with_trigger.py
[2024-10-25T07:28:00.365+0000] {processor.py:914} INFO - Processing file /home/airflow/.local/lib/python3.12/site-packages/airflow/example_dags/example_latest_only_with_trigger.py for tasks to queue
[2024-10-25T07:28:00.367+0000] {logging_mixin.py:190} INFO - [2024-10-25T07:28:00.367+0000] {dagbag.py:588} INFO - Filling up the DagBag from /home/airflow/.local/lib/python3.12/site-packages/airflow/example_dags/example_latest_only_with_trigger.py
[2024-10-25T07:28:00.374+0000] {processor.py:925} INFO - DAG(s) 'latest_only_with_trigger' retrieved from /home/airflow/.local/lib/python3.12/site-packages/airflow/example_dags/example_latest_only_with_trigger.py
[2024-10-25T07:28:00.398+0000] {logging_mixin.py:190} INFO - [2024-10-25T07:28:00.398+0000] {dag.py:3239} INFO - Sync 1 DAGs
[2024-10-25T07:28:00.422+0000] {logging_mixin.py:190} INFO - [2024-10-25T07:28:00.422+0000] {dag.py:4180} INFO - Setting next_dagrun for latest_only_with_trigger to 2024-10-25 00:00:00+00:00, run_after=2024-10-25 04:00:00+00:00
[2024-10-25T07:28:00.459+0000] {processor.py:208} INFO - Processing /home/airflow/.local/lib/python3.12/site-packages/airflow/example_dags/example_latest_only_with_trigger.py took 0.103 seconds
[2024-10-25T07:28:31.234+0000] {processor.py:186} INFO - Started process (PID=1945) to work on /home/airflow/.local/lib/python3.12/site-packages/airflow/example_dags/example_latest_only_with_trigger.py
[2024-10-25T07:28:31.236+0000] {processor.py:914} INFO - Processing file /home/airflow/.local/lib/python3.12/site-packages/airflow/example_dags/example_latest_only_with_trigger.py for tasks to queue
[2024-10-25T07:28:31.239+0000] {logging_mixin.py:190} INFO - [2024-10-25T07:28:31.239+0000] {dagbag.py:588} INFO - Filling up the DagBag from /home/airflow/.local/lib/python3.12/site-packages/airflow/example_dags/example_latest_only_with_trigger.py
[2024-10-25T07:28:31.246+0000] {processor.py:925} INFO - DAG(s) 'latest_only_with_trigger' retrieved from /home/airflow/.local/lib/python3.12/site-packages/airflow/example_dags/example_latest_only_with_trigger.py
[2024-10-25T07:28:31.267+0000] {logging_mixin.py:190} INFO - [2024-10-25T07:28:31.267+0000] {dag.py:3239} INFO - Sync 1 DAGs
[2024-10-25T07:28:31.290+0000] {logging_mixin.py:190} INFO - [2024-10-25T07:28:31.290+0000] {dag.py:4180} INFO - Setting next_dagrun for latest_only_with_trigger to 2024-10-25 00:00:00+00:00, run_after=2024-10-25 04:00:00+00:00
[2024-10-25T07:28:31.310+0000] {processor.py:208} INFO - Processing /home/airflow/.local/lib/python3.12/site-packages/airflow/example_dags/example_latest_only_with_trigger.py took 0.080 seconds
[2024-10-25T07:29:01.395+0000] {processor.py:186} INFO - Started process (PID=2014) to work on /home/airflow/.local/lib/python3.12/site-packages/airflow/example_dags/example_latest_only_with_trigger.py
[2024-10-25T07:29:01.396+0000] {processor.py:914} INFO - Processing file /home/airflow/.local/lib/python3.12/site-packages/airflow/example_dags/example_latest_only_with_trigger.py for tasks to queue
[2024-10-25T07:29:01.400+0000] {logging_mixin.py:190} INFO - [2024-10-25T07:29:01.399+0000] {dagbag.py:588} INFO - Filling up the DagBag from /home/airflow/.local/lib/python3.12/site-packages/airflow/example_dags/example_latest_only_with_trigger.py
[2024-10-25T07:29:01.411+0000] {processor.py:925} INFO - DAG(s) 'latest_only_with_trigger' retrieved from /home/airflow/.local/lib/python3.12/site-packages/airflow/example_dags/example_latest_only_with_trigger.py
[2024-10-25T07:29:01.443+0000] {logging_mixin.py:190} INFO - [2024-10-25T07:29:01.442+0000] {dag.py:3239} INFO - Sync 1 DAGs
[2024-10-25T07:29:01.480+0000] {logging_mixin.py:190} INFO - [2024-10-25T07:29:01.480+0000] {dag.py:4180} INFO - Setting next_dagrun for latest_only_with_trigger to 2024-10-25 00:00:00+00:00, run_after=2024-10-25 04:00:00+00:00
[2024-10-25T07:29:01.511+0000] {processor.py:208} INFO - Processing /home/airflow/.local/lib/python3.12/site-packages/airflow/example_dags/example_latest_only_with_trigger.py took 0.123 seconds
[2024-10-25T07:29:31.616+0000] {processor.py:186} INFO - Started process (PID=2083) to work on /home/airflow/.local/lib/python3.12/site-packages/airflow/example_dags/example_latest_only_with_trigger.py
[2024-10-25T07:29:31.618+0000] {processor.py:914} INFO - Processing file /home/airflow/.local/lib/python3.12/site-packages/airflow/example_dags/example_latest_only_with_trigger.py for tasks to queue
[2024-10-25T07:29:31.621+0000] {logging_mixin.py:190} INFO - [2024-10-25T07:29:31.620+0000] {dagbag.py:588} INFO - Filling up the DagBag from /home/airflow/.local/lib/python3.12/site-packages/airflow/example_dags/example_latest_only_with_trigger.py
[2024-10-25T07:29:31.628+0000] {processor.py:925} INFO - DAG(s) 'latest_only_with_trigger' retrieved from /home/airflow/.local/lib/python3.12/site-packages/airflow/example_dags/example_latest_only_with_trigger.py
[2024-10-25T07:29:31.652+0000] {logging_mixin.py:190} INFO - [2024-10-25T07:29:31.652+0000] {dag.py:3239} INFO - Sync 1 DAGs
[2024-10-25T07:29:31.676+0000] {logging_mixin.py:190} INFO - [2024-10-25T07:29:31.675+0000] {dag.py:4180} INFO - Setting next_dagrun for latest_only_with_trigger to 2024-10-25 00:00:00+00:00, run_after=2024-10-25 04:00:00+00:00
[2024-10-25T07:29:31.700+0000] {processor.py:208} INFO - Processing /home/airflow/.local/lib/python3.12/site-packages/airflow/example_dags/example_latest_only_with_trigger.py took 0.089 seconds
[2024-10-25T07:30:02.121+0000] {processor.py:186} INFO - Started process (PID=2151) to work on /home/airflow/.local/lib/python3.12/site-packages/airflow/example_dags/example_latest_only_with_trigger.py
[2024-10-25T07:30:02.123+0000] {processor.py:914} INFO - Processing file /home/airflow/.local/lib/python3.12/site-packages/airflow/example_dags/example_latest_only_with_trigger.py for tasks to queue
[2024-10-25T07:30:02.126+0000] {logging_mixin.py:190} INFO - [2024-10-25T07:30:02.126+0000] {dagbag.py:588} INFO - Filling up the DagBag from /home/airflow/.local/lib/python3.12/site-packages/airflow/example_dags/example_latest_only_with_trigger.py
[2024-10-25T07:30:02.135+0000] {processor.py:925} INFO - DAG(s) 'latest_only_with_trigger' retrieved from /home/airflow/.local/lib/python3.12/site-packages/airflow/example_dags/example_latest_only_with_trigger.py
[2024-10-25T07:30:02.160+0000] {logging_mixin.py:190} INFO - [2024-10-25T07:30:02.159+0000] {dag.py:3239} INFO - Sync 1 DAGs
[2024-10-25T07:30:02.185+0000] {logging_mixin.py:190} INFO - [2024-10-25T07:30:02.185+0000] {dag.py:4180} INFO - Setting next_dagrun for latest_only_with_trigger to 2024-10-25 00:00:00+00:00, run_after=2024-10-25 04:00:00+00:00
[2024-10-25T07:30:02.212+0000] {processor.py:208} INFO - Processing /home/airflow/.local/lib/python3.12/site-packages/airflow/example_dags/example_latest_only_with_trigger.py took 0.096 seconds
[2024-10-25T07:30:32.694+0000] {processor.py:186} INFO - Started process (PID=2219) to work on /home/airflow/.local/lib/python3.12/site-packages/airflow/example_dags/example_latest_only_with_trigger.py
[2024-10-25T07:30:32.699+0000] {processor.py:914} INFO - Processing file /home/airflow/.local/lib/python3.12/site-packages/airflow/example_dags/example_latest_only_with_trigger.py for tasks to queue
[2024-10-25T07:30:32.704+0000] {logging_mixin.py:190} INFO - [2024-10-25T07:30:32.704+0000] {dagbag.py:588} INFO - Filling up the DagBag from /home/airflow/.local/lib/python3.12/site-packages/airflow/example_dags/example_latest_only_with_trigger.py
[2024-10-25T07:30:32.723+0000] {processor.py:925} INFO - DAG(s) 'latest_only_with_trigger' retrieved from /home/airflow/.local/lib/python3.12/site-packages/airflow/example_dags/example_latest_only_with_trigger.py
[2024-10-25T07:30:32.770+0000] {logging_mixin.py:190} INFO - [2024-10-25T07:30:32.770+0000] {dag.py:3239} INFO - Sync 1 DAGs
[2024-10-25T07:30:32.833+0000] {logging_mixin.py:190} INFO - [2024-10-25T07:30:32.833+0000] {dag.py:4180} INFO - Setting next_dagrun for latest_only_with_trigger to 2024-10-25 00:00:00+00:00, run_after=2024-10-25 04:00:00+00:00
[2024-10-25T07:30:32.885+0000] {processor.py:208} INFO - Processing /home/airflow/.local/lib/python3.12/site-packages/airflow/example_dags/example_latest_only_with_trigger.py took 0.199 seconds
[2024-10-25T07:31:04.076+0000] {processor.py:186} INFO - Started process (PID=2288) to work on /home/airflow/.local/lib/python3.12/site-packages/airflow/example_dags/example_latest_only_with_trigger.py
[2024-10-25T07:31:04.079+0000] {processor.py:914} INFO - Processing file /home/airflow/.local/lib/python3.12/site-packages/airflow/example_dags/example_latest_only_with_trigger.py for tasks to queue
[2024-10-25T07:31:04.084+0000] {logging_mixin.py:190} INFO - [2024-10-25T07:31:04.084+0000] {dagbag.py:588} INFO - Filling up the DagBag from /home/airflow/.local/lib/python3.12/site-packages/airflow/example_dags/example_latest_only_with_trigger.py
[2024-10-25T07:31:04.096+0000] {processor.py:925} INFO - DAG(s) 'latest_only_with_trigger' retrieved from /home/airflow/.local/lib/python3.12/site-packages/airflow/example_dags/example_latest_only_with_trigger.py
[2024-10-25T07:31:04.125+0000] {logging_mixin.py:190} INFO - [2024-10-25T07:31:04.125+0000] {dag.py:3239} INFO - Sync 1 DAGs
[2024-10-25T07:31:04.153+0000] {logging_mixin.py:190} INFO - [2024-10-25T07:31:04.152+0000] {dag.py:4180} INFO - Setting next_dagrun for latest_only_with_trigger to 2024-10-25 00:00:00+00:00, run_after=2024-10-25 04:00:00+00:00
[2024-10-25T07:31:04.199+0000] {processor.py:208} INFO - Processing /home/airflow/.local/lib/python3.12/site-packages/airflow/example_dags/example_latest_only_with_trigger.py took 0.130 seconds
[2024-10-25T07:31:34.289+0000] {processor.py:186} INFO - Started process (PID=2357) to work on /home/airflow/.local/lib/python3.12/site-packages/airflow/example_dags/example_latest_only_with_trigger.py
[2024-10-25T07:31:34.290+0000] {processor.py:914} INFO - Processing file /home/airflow/.local/lib/python3.12/site-packages/airflow/example_dags/example_latest_only_with_trigger.py for tasks to queue
[2024-10-25T07:31:34.293+0000] {logging_mixin.py:190} INFO - [2024-10-25T07:31:34.293+0000] {dagbag.py:588} INFO - Filling up the DagBag from /home/airflow/.local/lib/python3.12/site-packages/airflow/example_dags/example_latest_only_with_trigger.py
[2024-10-25T07:31:34.301+0000] {processor.py:925} INFO - DAG(s) 'latest_only_with_trigger' retrieved from /home/airflow/.local/lib/python3.12/site-packages/airflow/example_dags/example_latest_only_with_trigger.py
[2024-10-25T07:31:34.325+0000] {logging_mixin.py:190} INFO - [2024-10-25T07:31:34.325+0000] {dag.py:3239} INFO - Sync 1 DAGs
[2024-10-25T07:31:34.346+0000] {logging_mixin.py:190} INFO - [2024-10-25T07:31:34.346+0000] {dag.py:4180} INFO - Setting next_dagrun for latest_only_with_trigger to 2024-10-25 00:00:00+00:00, run_after=2024-10-25 04:00:00+00:00
[2024-10-25T07:31:34.370+0000] {processor.py:208} INFO - Processing /home/airflow/.local/lib/python3.12/site-packages/airflow/example_dags/example_latest_only_with_trigger.py took 0.086 seconds
[2024-10-25T07:32:50.496+0000] {processor.py:186} INFO - Started process (PID=2442) to work on /home/airflow/.local/lib/python3.12/site-packages/airflow/example_dags/example_latest_only_with_trigger.py
[2024-10-25T07:32:50.499+0000] {processor.py:914} INFO - Processing file /home/airflow/.local/lib/python3.12/site-packages/airflow/example_dags/example_latest_only_with_trigger.py for tasks to queue
[2024-10-25T07:32:50.502+0000] {logging_mixin.py:190} INFO - [2024-10-25T07:32:50.501+0000] {dagbag.py:588} INFO - Filling up the DagBag from /home/airflow/.local/lib/python3.12/site-packages/airflow/example_dags/example_latest_only_with_trigger.py
[2024-10-25T07:32:50.522+0000] {processor.py:925} INFO - DAG(s) 'latest_only_with_trigger' retrieved from /home/airflow/.local/lib/python3.12/site-packages/airflow/example_dags/example_latest_only_with_trigger.py
[2024-10-25T07:32:50.577+0000] {logging_mixin.py:190} INFO - [2024-10-25T07:32:50.577+0000] {dag.py:3239} INFO - Sync 1 DAGs
[2024-10-25T07:32:50.636+0000] {logging_mixin.py:190} INFO - [2024-10-25T07:32:50.636+0000] {dag.py:4180} INFO - Setting next_dagrun for latest_only_with_trigger to 2024-10-25 00:00:00+00:00, run_after=2024-10-25 04:00:00+00:00
[2024-10-25T07:32:50.688+0000] {processor.py:208} INFO - Processing /home/airflow/.local/lib/python3.12/site-packages/airflow/example_dags/example_latest_only_with_trigger.py took 0.210 seconds
[2024-10-25T07:33:20.846+0000] {processor.py:186} INFO - Started process (PID=2511) to work on /home/airflow/.local/lib/python3.12/site-packages/airflow/example_dags/example_latest_only_with_trigger.py
[2024-10-25T07:33:20.847+0000] {processor.py:914} INFO - Processing file /home/airflow/.local/lib/python3.12/site-packages/airflow/example_dags/example_latest_only_with_trigger.py for tasks to queue
[2024-10-25T07:33:20.849+0000] {logging_mixin.py:190} INFO - [2024-10-25T07:33:20.848+0000] {dagbag.py:588} INFO - Filling up the DagBag from /home/airflow/.local/lib/python3.12/site-packages/airflow/example_dags/example_latest_only_with_trigger.py
[2024-10-25T07:33:20.858+0000] {processor.py:925} INFO - DAG(s) 'latest_only_with_trigger' retrieved from /home/airflow/.local/lib/python3.12/site-packages/airflow/example_dags/example_latest_only_with_trigger.py
[2024-10-25T07:33:20.884+0000] {logging_mixin.py:190} INFO - [2024-10-25T07:33:20.884+0000] {dag.py:3239} INFO - Sync 1 DAGs
[2024-10-25T07:33:20.913+0000] {logging_mixin.py:190} INFO - [2024-10-25T07:33:20.913+0000] {dag.py:4180} INFO - Setting next_dagrun for latest_only_with_trigger to 2024-10-25 00:00:00+00:00, run_after=2024-10-25 04:00:00+00:00
[2024-10-25T07:33:20.938+0000] {processor.py:208} INFO - Processing /home/airflow/.local/lib/python3.12/site-packages/airflow/example_dags/example_latest_only_with_trigger.py took 0.097 seconds
[2024-10-25T07:33:51.928+0000] {processor.py:186} INFO - Started process (PID=2580) to work on /home/airflow/.local/lib/python3.12/site-packages/airflow/example_dags/example_latest_only_with_trigger.py
[2024-10-25T07:33:51.930+0000] {processor.py:914} INFO - Processing file /home/airflow/.local/lib/python3.12/site-packages/airflow/example_dags/example_latest_only_with_trigger.py for tasks to queue
[2024-10-25T07:33:51.932+0000] {logging_mixin.py:190} INFO - [2024-10-25T07:33:51.931+0000] {dagbag.py:588} INFO - Filling up the DagBag from /home/airflow/.local/lib/python3.12/site-packages/airflow/example_dags/example_latest_only_with_trigger.py
[2024-10-25T07:33:51.943+0000] {processor.py:925} INFO - DAG(s) 'latest_only_with_trigger' retrieved from /home/airflow/.local/lib/python3.12/site-packages/airflow/example_dags/example_latest_only_with_trigger.py
[2024-10-25T07:33:51.973+0000] {logging_mixin.py:190} INFO - [2024-10-25T07:33:51.972+0000] {dag.py:3239} INFO - Sync 1 DAGs
[2024-10-25T07:33:52.245+0000] {logging_mixin.py:190} INFO - [2024-10-25T07:33:52.245+0000] {dag.py:4180} INFO - Setting next_dagrun for latest_only_with_trigger to 2024-10-25 00:00:00+00:00, run_after=2024-10-25 04:00:00+00:00
[2024-10-25T07:33:52.271+0000] {processor.py:208} INFO - Processing /home/airflow/.local/lib/python3.12/site-packages/airflow/example_dags/example_latest_only_with_trigger.py took 0.348 seconds
[2024-10-25T07:34:22.713+0000] {processor.py:186} INFO - Started process (PID=2649) to work on /home/airflow/.local/lib/python3.12/site-packages/airflow/example_dags/example_latest_only_with_trigger.py
[2024-10-25T07:34:22.715+0000] {processor.py:914} INFO - Processing file /home/airflow/.local/lib/python3.12/site-packages/airflow/example_dags/example_latest_only_with_trigger.py for tasks to queue
[2024-10-25T07:34:22.716+0000] {logging_mixin.py:190} INFO - [2024-10-25T07:34:22.716+0000] {dagbag.py:588} INFO - Filling up the DagBag from /home/airflow/.local/lib/python3.12/site-packages/airflow/example_dags/example_latest_only_with_trigger.py
[2024-10-25T07:34:22.724+0000] {processor.py:925} INFO - DAG(s) 'latest_only_with_trigger' retrieved from /home/airflow/.local/lib/python3.12/site-packages/airflow/example_dags/example_latest_only_with_trigger.py
[2024-10-25T07:34:22.744+0000] {logging_mixin.py:190} INFO - [2024-10-25T07:34:22.743+0000] {dag.py:3239} INFO - Sync 1 DAGs
[2024-10-25T07:34:22.909+0000] {logging_mixin.py:190} INFO - [2024-10-25T07:34:22.908+0000] {dag.py:4180} INFO - Setting next_dagrun for latest_only_with_trigger to 2024-10-25 00:00:00+00:00, run_after=2024-10-25 04:00:00+00:00
[2024-10-25T07:34:22.923+0000] {processor.py:208} INFO - Processing /home/airflow/.local/lib/python3.12/site-packages/airflow/example_dags/example_latest_only_with_trigger.py took 0.214 seconds
[2024-10-25T07:34:53.194+0000] {processor.py:186} INFO - Started process (PID=2718) to work on /home/airflow/.local/lib/python3.12/site-packages/airflow/example_dags/example_latest_only_with_trigger.py
[2024-10-25T07:34:53.195+0000] {processor.py:914} INFO - Processing file /home/airflow/.local/lib/python3.12/site-packages/airflow/example_dags/example_latest_only_with_trigger.py for tasks to queue
[2024-10-25T07:34:53.197+0000] {logging_mixin.py:190} INFO - [2024-10-25T07:34:53.197+0000] {dagbag.py:588} INFO - Filling up the DagBag from /home/airflow/.local/lib/python3.12/site-packages/airflow/example_dags/example_latest_only_with_trigger.py
[2024-10-25T07:34:53.204+0000] {processor.py:925} INFO - DAG(s) 'latest_only_with_trigger' retrieved from /home/airflow/.local/lib/python3.12/site-packages/airflow/example_dags/example_latest_only_with_trigger.py
[2024-10-25T07:34:53.227+0000] {logging_mixin.py:190} INFO - [2024-10-25T07:34:53.227+0000] {dag.py:3239} INFO - Sync 1 DAGs
[2024-10-25T07:34:53.248+0000] {logging_mixin.py:190} INFO - [2024-10-25T07:34:53.247+0000] {dag.py:4180} INFO - Setting next_dagrun for latest_only_with_trigger to 2024-10-25 00:00:00+00:00, run_after=2024-10-25 04:00:00+00:00
[2024-10-25T07:34:53.267+0000] {processor.py:208} INFO - Processing /home/airflow/.local/lib/python3.12/site-packages/airflow/example_dags/example_latest_only_with_trigger.py took 0.079 seconds
[2024-10-25T07:35:23.774+0000] {processor.py:186} INFO - Started process (PID=2787) to work on /home/airflow/.local/lib/python3.12/site-packages/airflow/example_dags/example_latest_only_with_trigger.py
[2024-10-25T07:35:23.776+0000] {processor.py:914} INFO - Processing file /home/airflow/.local/lib/python3.12/site-packages/airflow/example_dags/example_latest_only_with_trigger.py for tasks to queue
[2024-10-25T07:35:23.777+0000] {logging_mixin.py:190} INFO - [2024-10-25T07:35:23.777+0000] {dagbag.py:588} INFO - Filling up the DagBag from /home/airflow/.local/lib/python3.12/site-packages/airflow/example_dags/example_latest_only_with_trigger.py
[2024-10-25T07:35:23.785+0000] {processor.py:925} INFO - DAG(s) 'latest_only_with_trigger' retrieved from /home/airflow/.local/lib/python3.12/site-packages/airflow/example_dags/example_latest_only_with_trigger.py
[2024-10-25T07:35:23.810+0000] {logging_mixin.py:190} INFO - [2024-10-25T07:35:23.809+0000] {dag.py:3239} INFO - Sync 1 DAGs
[2024-10-25T07:35:23.835+0000] {logging_mixin.py:190} INFO - [2024-10-25T07:35:23.835+0000] {dag.py:4180} INFO - Setting next_dagrun for latest_only_with_trigger to 2024-10-25 00:00:00+00:00, run_after=2024-10-25 04:00:00+00:00
[2024-10-25T07:35:23.862+0000] {processor.py:208} INFO - Processing /home/airflow/.local/lib/python3.12/site-packages/airflow/example_dags/example_latest_only_with_trigger.py took 0.094 seconds
[2024-10-25T07:37:55.168+0000] {processor.py:186} INFO - Started process (PID=81) to work on /home/airflow/.local/lib/python3.12/site-packages/airflow/example_dags/example_latest_only_with_trigger.py
[2024-10-25T07:37:55.170+0000] {processor.py:914} INFO - Processing file /home/airflow/.local/lib/python3.12/site-packages/airflow/example_dags/example_latest_only_with_trigger.py for tasks to queue
[2024-10-25T07:37:55.173+0000] {logging_mixin.py:190} INFO - [2024-10-25T07:37:55.173+0000] {dagbag.py:588} INFO - Filling up the DagBag from /home/airflow/.local/lib/python3.12/site-packages/airflow/example_dags/example_latest_only_with_trigger.py
[2024-10-25T07:37:55.184+0000] {processor.py:925} INFO - DAG(s) 'latest_only_with_trigger' retrieved from /home/airflow/.local/lib/python3.12/site-packages/airflow/example_dags/example_latest_only_with_trigger.py
[2024-10-25T07:37:55.215+0000] {logging_mixin.py:190} INFO - [2024-10-25T07:37:55.215+0000] {dag.py:3239} INFO - Sync 1 DAGs
[2024-10-25T07:37:55.242+0000] {logging_mixin.py:190} INFO - [2024-10-25T07:37:55.242+0000] {dag.py:4180} INFO - Setting next_dagrun for latest_only_with_trigger to 2024-10-25 00:00:00+00:00, run_after=2024-10-25 04:00:00+00:00
[2024-10-25T07:37:55.271+0000] {processor.py:208} INFO - Processing /home/airflow/.local/lib/python3.12/site-packages/airflow/example_dags/example_latest_only_with_trigger.py took 0.110 seconds
[2024-10-25T07:38:27.208+0000] {processor.py:186} INFO - Started process (PID=151) to work on /home/airflow/.local/lib/python3.12/site-packages/airflow/example_dags/example_latest_only_with_trigger.py
[2024-10-25T07:38:27.209+0000] {processor.py:914} INFO - Processing file /home/airflow/.local/lib/python3.12/site-packages/airflow/example_dags/example_latest_only_with_trigger.py for tasks to queue
[2024-10-25T07:38:27.213+0000] {logging_mixin.py:190} INFO - [2024-10-25T07:38:27.212+0000] {dagbag.py:588} INFO - Filling up the DagBag from /home/airflow/.local/lib/python3.12/site-packages/airflow/example_dags/example_latest_only_with_trigger.py
[2024-10-25T07:38:27.223+0000] {processor.py:925} INFO - DAG(s) 'latest_only_with_trigger' retrieved from /home/airflow/.local/lib/python3.12/site-packages/airflow/example_dags/example_latest_only_with_trigger.py
[2024-10-25T07:38:27.250+0000] {logging_mixin.py:190} INFO - [2024-10-25T07:38:27.250+0000] {dag.py:3239} INFO - Sync 1 DAGs
[2024-10-25T07:38:27.275+0000] {logging_mixin.py:190} INFO - [2024-10-25T07:38:27.274+0000] {dag.py:4180} INFO - Setting next_dagrun for latest_only_with_trigger to 2024-10-25 00:00:00+00:00, run_after=2024-10-25 04:00:00+00:00
[2024-10-25T07:38:27.302+0000] {processor.py:208} INFO - Processing /home/airflow/.local/lib/python3.12/site-packages/airflow/example_dags/example_latest_only_with_trigger.py took 0.102 seconds
