[2024-10-25T07:15:58.162+0000] {processor.py:186} INFO - Started process (PID=244) to work on /home/airflow/.local/lib/python3.12/site-packages/airflow/example_dags/example_bash_operator.py
[2024-10-25T07:15:58.166+0000] {processor.py:914} INFO - Processing file /home/airflow/.local/lib/python3.12/site-packages/airflow/example_dags/example_bash_operator.py for tasks to queue
[2024-10-25T07:15:58.180+0000] {logging_mixin.py:190} INFO - [2024-10-25T07:15:58.177+0000] {dagbag.py:588} INFO - Filling up the DagBag from /home/airflow/.local/lib/python3.12/site-packages/airflow/example_dags/example_bash_operator.py
[2024-10-25T07:15:58.247+0000] {processor.py:925} INFO - DAG(s) 'example_bash_operator' retrieved from /home/airflow/.local/lib/python3.12/site-packages/airflow/example_dags/example_bash_operator.py
[2024-10-25T07:15:58.410+0000] {logging_mixin.py:190} INFO - [2024-10-25T07:15:58.409+0000] {dag.py:3239} INFO - Sync 1 DAGs
[2024-10-25T07:15:58.527+0000] {logging_mixin.py:190} INFO - [2024-10-25T07:15:58.526+0000] {dag.py:4180} INFO - Setting next_dagrun for example_bash_operator to 2024-10-24 00:00:00+00:00, run_after=2024-10-25 00:00:00+00:00
[2024-10-25T07:15:58.615+0000] {processor.py:208} INFO - Processing /home/airflow/.local/lib/python3.12/site-packages/airflow/example_dags/example_bash_operator.py took 0.501 seconds
[2024-10-25T07:16:28.875+0000] {processor.py:186} INFO - Started process (PID=312) to work on /home/airflow/.local/lib/python3.12/site-packages/airflow/example_dags/example_bash_operator.py
[2024-10-25T07:16:28.877+0000] {processor.py:914} INFO - Processing file /home/airflow/.local/lib/python3.12/site-packages/airflow/example_dags/example_bash_operator.py for tasks to queue
[2024-10-25T07:16:28.881+0000] {logging_mixin.py:190} INFO - [2024-10-25T07:16:28.881+0000] {dagbag.py:588} INFO - Filling up the DagBag from /home/airflow/.local/lib/python3.12/site-packages/airflow/example_dags/example_bash_operator.py
[2024-10-25T07:16:28.901+0000] {processor.py:925} INFO - DAG(s) 'example_bash_operator' retrieved from /home/airflow/.local/lib/python3.12/site-packages/airflow/example_dags/example_bash_operator.py
[2024-10-25T07:16:28.949+0000] {logging_mixin.py:190} INFO - [2024-10-25T07:16:28.948+0000] {dag.py:3239} INFO - Sync 1 DAGs
[2024-10-25T07:16:28.995+0000] {logging_mixin.py:190} INFO - [2024-10-25T07:16:28.994+0000] {dag.py:4180} INFO - Setting next_dagrun for example_bash_operator to 2024-10-24 00:00:00+00:00, run_after=2024-10-25 00:00:00+00:00
[2024-10-25T07:16:29.028+0000] {processor.py:208} INFO - Processing /home/airflow/.local/lib/python3.12/site-packages/airflow/example_dags/example_bash_operator.py took 0.163 seconds
[2024-10-25T07:16:59.179+0000] {processor.py:186} INFO - Started process (PID=381) to work on /home/airflow/.local/lib/python3.12/site-packages/airflow/example_dags/example_bash_operator.py
[2024-10-25T07:16:59.182+0000] {processor.py:914} INFO - Processing file /home/airflow/.local/lib/python3.12/site-packages/airflow/example_dags/example_bash_operator.py for tasks to queue
[2024-10-25T07:16:59.188+0000] {logging_mixin.py:190} INFO - [2024-10-25T07:16:59.187+0000] {dagbag.py:588} INFO - Filling up the DagBag from /home/airflow/.local/lib/python3.12/site-packages/airflow/example_dags/example_bash_operator.py
[2024-10-25T07:16:59.209+0000] {processor.py:925} INFO - DAG(s) 'example_bash_operator' retrieved from /home/airflow/.local/lib/python3.12/site-packages/airflow/example_dags/example_bash_operator.py
[2024-10-25T07:16:59.250+0000] {logging_mixin.py:190} INFO - [2024-10-25T07:16:59.249+0000] {dag.py:3239} INFO - Sync 1 DAGs
[2024-10-25T07:16:59.295+0000] {logging_mixin.py:190} INFO - [2024-10-25T07:16:59.294+0000] {dag.py:4180} INFO - Setting next_dagrun for example_bash_operator to 2024-10-24 00:00:00+00:00, run_after=2024-10-25 00:00:00+00:00
[2024-10-25T07:16:59.347+0000] {processor.py:208} INFO - Processing /home/airflow/.local/lib/python3.12/site-packages/airflow/example_dags/example_bash_operator.py took 0.175 seconds
[2024-10-25T07:17:29.479+0000] {processor.py:186} INFO - Started process (PID=451) to work on /home/airflow/.local/lib/python3.12/site-packages/airflow/example_dags/example_bash_operator.py
[2024-10-25T07:17:29.481+0000] {processor.py:914} INFO - Processing file /home/airflow/.local/lib/python3.12/site-packages/airflow/example_dags/example_bash_operator.py for tasks to queue
[2024-10-25T07:17:29.485+0000] {logging_mixin.py:190} INFO - [2024-10-25T07:17:29.485+0000] {dagbag.py:588} INFO - Filling up the DagBag from /home/airflow/.local/lib/python3.12/site-packages/airflow/example_dags/example_bash_operator.py
[2024-10-25T07:17:29.513+0000] {processor.py:925} INFO - DAG(s) 'example_bash_operator' retrieved from /home/airflow/.local/lib/python3.12/site-packages/airflow/example_dags/example_bash_operator.py
[2024-10-25T07:17:29.571+0000] {logging_mixin.py:190} INFO - [2024-10-25T07:17:29.570+0000] {dag.py:3239} INFO - Sync 1 DAGs
[2024-10-25T07:17:29.623+0000] {logging_mixin.py:190} INFO - [2024-10-25T07:17:29.623+0000] {dag.py:4180} INFO - Setting next_dagrun for example_bash_operator to 2024-10-24 00:00:00+00:00, run_after=2024-10-25 00:00:00+00:00
[2024-10-25T07:17:29.671+0000] {processor.py:208} INFO - Processing /home/airflow/.local/lib/python3.12/site-packages/airflow/example_dags/example_bash_operator.py took 0.202 seconds
[2024-10-25T07:17:59.920+0000] {processor.py:186} INFO - Started process (PID=520) to work on /home/airflow/.local/lib/python3.12/site-packages/airflow/example_dags/example_bash_operator.py
[2024-10-25T07:17:59.922+0000] {processor.py:914} INFO - Processing file /home/airflow/.local/lib/python3.12/site-packages/airflow/example_dags/example_bash_operator.py for tasks to queue
[2024-10-25T07:17:59.925+0000] {logging_mixin.py:190} INFO - [2024-10-25T07:17:59.925+0000] {dagbag.py:588} INFO - Filling up the DagBag from /home/airflow/.local/lib/python3.12/site-packages/airflow/example_dags/example_bash_operator.py
[2024-10-25T07:17:59.946+0000] {processor.py:925} INFO - DAG(s) 'example_bash_operator' retrieved from /home/airflow/.local/lib/python3.12/site-packages/airflow/example_dags/example_bash_operator.py
[2024-10-25T07:17:59.987+0000] {logging_mixin.py:190} INFO - [2024-10-25T07:17:59.986+0000] {dag.py:3239} INFO - Sync 1 DAGs
[2024-10-25T07:18:00.026+0000] {logging_mixin.py:190} INFO - [2024-10-25T07:18:00.024+0000] {dag.py:4180} INFO - Setting next_dagrun for example_bash_operator to 2024-10-24 00:00:00+00:00, run_after=2024-10-25 00:00:00+00:00
[2024-10-25T07:18:00.058+0000] {processor.py:208} INFO - Processing /home/airflow/.local/lib/python3.12/site-packages/airflow/example_dags/example_bash_operator.py took 0.148 seconds
[2024-10-25T07:18:30.966+0000] {processor.py:186} INFO - Started process (PID=588) to work on /home/airflow/.local/lib/python3.12/site-packages/airflow/example_dags/example_bash_operator.py
[2024-10-25T07:18:30.967+0000] {processor.py:914} INFO - Processing file /home/airflow/.local/lib/python3.12/site-packages/airflow/example_dags/example_bash_operator.py for tasks to queue
[2024-10-25T07:18:30.973+0000] {logging_mixin.py:190} INFO - [2024-10-25T07:18:30.972+0000] {dagbag.py:588} INFO - Filling up the DagBag from /home/airflow/.local/lib/python3.12/site-packages/airflow/example_dags/example_bash_operator.py
[2024-10-25T07:18:30.993+0000] {processor.py:925} INFO - DAG(s) 'example_bash_operator' retrieved from /home/airflow/.local/lib/python3.12/site-packages/airflow/example_dags/example_bash_operator.py
[2024-10-25T07:18:31.039+0000] {logging_mixin.py:190} INFO - [2024-10-25T07:18:31.038+0000] {dag.py:3239} INFO - Sync 1 DAGs
[2024-10-25T07:18:31.079+0000] {logging_mixin.py:190} INFO - [2024-10-25T07:18:31.079+0000] {dag.py:4180} INFO - Setting next_dagrun for example_bash_operator to 2024-10-24 00:00:00+00:00, run_after=2024-10-25 00:00:00+00:00
[2024-10-25T07:18:31.121+0000] {processor.py:208} INFO - Processing /home/airflow/.local/lib/python3.12/site-packages/airflow/example_dags/example_bash_operator.py took 0.166 seconds
[2024-10-25T07:19:01.428+0000] {processor.py:186} INFO - Started process (PID=657) to work on /home/airflow/.local/lib/python3.12/site-packages/airflow/example_dags/example_bash_operator.py
[2024-10-25T07:19:01.431+0000] {processor.py:914} INFO - Processing file /home/airflow/.local/lib/python3.12/site-packages/airflow/example_dags/example_bash_operator.py for tasks to queue
[2024-10-25T07:19:01.444+0000] {logging_mixin.py:190} INFO - [2024-10-25T07:19:01.443+0000] {dagbag.py:588} INFO - Filling up the DagBag from /home/airflow/.local/lib/python3.12/site-packages/airflow/example_dags/example_bash_operator.py
[2024-10-25T07:19:01.480+0000] {processor.py:925} INFO - DAG(s) 'example_bash_operator' retrieved from /home/airflow/.local/lib/python3.12/site-packages/airflow/example_dags/example_bash_operator.py
[2024-10-25T07:19:01.535+0000] {logging_mixin.py:190} INFO - [2024-10-25T07:19:01.534+0000] {dag.py:3239} INFO - Sync 1 DAGs
[2024-10-25T07:19:01.591+0000] {logging_mixin.py:190} INFO - [2024-10-25T07:19:01.590+0000] {dag.py:4180} INFO - Setting next_dagrun for example_bash_operator to 2024-10-24 00:00:00+00:00, run_after=2024-10-25 00:00:00+00:00
[2024-10-25T07:19:01.665+0000] {processor.py:208} INFO - Processing /home/airflow/.local/lib/python3.12/site-packages/airflow/example_dags/example_bash_operator.py took 0.259 seconds
[2024-10-25T07:19:31.759+0000] {processor.py:186} INFO - Started process (PID=726) to work on /home/airflow/.local/lib/python3.12/site-packages/airflow/example_dags/example_bash_operator.py
[2024-10-25T07:19:31.761+0000] {processor.py:914} INFO - Processing file /home/airflow/.local/lib/python3.12/site-packages/airflow/example_dags/example_bash_operator.py for tasks to queue
[2024-10-25T07:19:31.768+0000] {logging_mixin.py:190} INFO - [2024-10-25T07:19:31.767+0000] {dagbag.py:588} INFO - Filling up the DagBag from /home/airflow/.local/lib/python3.12/site-packages/airflow/example_dags/example_bash_operator.py
[2024-10-25T07:19:31.796+0000] {processor.py:925} INFO - DAG(s) 'example_bash_operator' retrieved from /home/airflow/.local/lib/python3.12/site-packages/airflow/example_dags/example_bash_operator.py
[2024-10-25T07:19:31.856+0000] {logging_mixin.py:190} INFO - [2024-10-25T07:19:31.855+0000] {dag.py:3239} INFO - Sync 1 DAGs
[2024-10-25T07:19:31.942+0000] {logging_mixin.py:190} INFO - [2024-10-25T07:19:31.941+0000] {dag.py:4180} INFO - Setting next_dagrun for example_bash_operator to 2024-10-24 00:00:00+00:00, run_after=2024-10-25 00:00:00+00:00
[2024-10-25T07:19:31.982+0000] {processor.py:208} INFO - Processing /home/airflow/.local/lib/python3.12/site-packages/airflow/example_dags/example_bash_operator.py took 0.233 seconds
[2024-10-25T07:20:02.140+0000] {processor.py:186} INFO - Started process (PID=794) to work on /home/airflow/.local/lib/python3.12/site-packages/airflow/example_dags/example_bash_operator.py
[2024-10-25T07:20:02.142+0000] {processor.py:914} INFO - Processing file /home/airflow/.local/lib/python3.12/site-packages/airflow/example_dags/example_bash_operator.py for tasks to queue
[2024-10-25T07:20:02.145+0000] {logging_mixin.py:190} INFO - [2024-10-25T07:20:02.144+0000] {dagbag.py:588} INFO - Filling up the DagBag from /home/airflow/.local/lib/python3.12/site-packages/airflow/example_dags/example_bash_operator.py
[2024-10-25T07:20:02.164+0000] {processor.py:925} INFO - DAG(s) 'example_bash_operator' retrieved from /home/airflow/.local/lib/python3.12/site-packages/airflow/example_dags/example_bash_operator.py
[2024-10-25T07:20:02.197+0000] {logging_mixin.py:190} INFO - [2024-10-25T07:20:02.197+0000] {dag.py:3239} INFO - Sync 1 DAGs
[2024-10-25T07:20:02.226+0000] {logging_mixin.py:190} INFO - [2024-10-25T07:20:02.226+0000] {dag.py:4180} INFO - Setting next_dagrun for example_bash_operator to 2024-10-24 00:00:00+00:00, run_after=2024-10-25 00:00:00+00:00
[2024-10-25T07:20:02.253+0000] {processor.py:208} INFO - Processing /home/airflow/.local/lib/python3.12/site-packages/airflow/example_dags/example_bash_operator.py took 0.120 seconds
[2024-10-25T07:20:33.116+0000] {processor.py:186} INFO - Started process (PID=863) to work on /home/airflow/.local/lib/python3.12/site-packages/airflow/example_dags/example_bash_operator.py
[2024-10-25T07:20:33.118+0000] {processor.py:914} INFO - Processing file /home/airflow/.local/lib/python3.12/site-packages/airflow/example_dags/example_bash_operator.py for tasks to queue
[2024-10-25T07:20:33.125+0000] {logging_mixin.py:190} INFO - [2024-10-25T07:20:33.124+0000] {dagbag.py:588} INFO - Filling up the DagBag from /home/airflow/.local/lib/python3.12/site-packages/airflow/example_dags/example_bash_operator.py
[2024-10-25T07:20:33.145+0000] {processor.py:925} INFO - DAG(s) 'example_bash_operator' retrieved from /home/airflow/.local/lib/python3.12/site-packages/airflow/example_dags/example_bash_operator.py
[2024-10-25T07:20:33.191+0000] {logging_mixin.py:190} INFO - [2024-10-25T07:20:33.190+0000] {dag.py:3239} INFO - Sync 1 DAGs
[2024-10-25T07:20:33.259+0000] {logging_mixin.py:190} INFO - [2024-10-25T07:20:33.257+0000] {dag.py:4180} INFO - Setting next_dagrun for example_bash_operator to 2024-10-24 00:00:00+00:00, run_after=2024-10-25 00:00:00+00:00
[2024-10-25T07:20:33.444+0000] {processor.py:208} INFO - Processing /home/airflow/.local/lib/python3.12/site-packages/airflow/example_dags/example_bash_operator.py took 0.336 seconds
[2024-10-25T07:21:03.600+0000] {processor.py:186} INFO - Started process (PID=932) to work on /home/airflow/.local/lib/python3.12/site-packages/airflow/example_dags/example_bash_operator.py
[2024-10-25T07:21:03.602+0000] {processor.py:914} INFO - Processing file /home/airflow/.local/lib/python3.12/site-packages/airflow/example_dags/example_bash_operator.py for tasks to queue
[2024-10-25T07:21:03.604+0000] {logging_mixin.py:190} INFO - [2024-10-25T07:21:03.604+0000] {dagbag.py:588} INFO - Filling up the DagBag from /home/airflow/.local/lib/python3.12/site-packages/airflow/example_dags/example_bash_operator.py
[2024-10-25T07:21:03.616+0000] {processor.py:925} INFO - DAG(s) 'example_bash_operator' retrieved from /home/airflow/.local/lib/python3.12/site-packages/airflow/example_dags/example_bash_operator.py
[2024-10-25T07:21:03.641+0000] {logging_mixin.py:190} INFO - [2024-10-25T07:21:03.641+0000] {dag.py:3239} INFO - Sync 1 DAGs
[2024-10-25T07:21:03.664+0000] {logging_mixin.py:190} INFO - [2024-10-25T07:21:03.664+0000] {dag.py:4180} INFO - Setting next_dagrun for example_bash_operator to 2024-10-24 00:00:00+00:00, run_after=2024-10-25 00:00:00+00:00
[2024-10-25T07:21:03.685+0000] {processor.py:208} INFO - Processing /home/airflow/.local/lib/python3.12/site-packages/airflow/example_dags/example_bash_operator.py took 0.090 seconds
[2024-10-25T07:21:34.499+0000] {processor.py:186} INFO - Started process (PID=1001) to work on /home/airflow/.local/lib/python3.12/site-packages/airflow/example_dags/example_bash_operator.py
[2024-10-25T07:21:34.503+0000] {processor.py:914} INFO - Processing file /home/airflow/.local/lib/python3.12/site-packages/airflow/example_dags/example_bash_operator.py for tasks to queue
[2024-10-25T07:21:34.508+0000] {logging_mixin.py:190} INFO - [2024-10-25T07:21:34.507+0000] {dagbag.py:588} INFO - Filling up the DagBag from /home/airflow/.local/lib/python3.12/site-packages/airflow/example_dags/example_bash_operator.py
[2024-10-25T07:21:34.524+0000] {processor.py:925} INFO - DAG(s) 'example_bash_operator' retrieved from /home/airflow/.local/lib/python3.12/site-packages/airflow/example_dags/example_bash_operator.py
[2024-10-25T07:21:34.557+0000] {logging_mixin.py:190} INFO - [2024-10-25T07:21:34.556+0000] {dag.py:3239} INFO - Sync 1 DAGs
[2024-10-25T07:21:34.581+0000] {logging_mixin.py:190} INFO - [2024-10-25T07:21:34.581+0000] {dag.py:4180} INFO - Setting next_dagrun for example_bash_operator to 2024-10-24 00:00:00+00:00, run_after=2024-10-25 00:00:00+00:00
[2024-10-25T07:21:34.602+0000] {processor.py:208} INFO - Processing /home/airflow/.local/lib/python3.12/site-packages/airflow/example_dags/example_bash_operator.py took 0.117 seconds
[2024-10-25T07:22:04.934+0000] {processor.py:186} INFO - Started process (PID=1070) to work on /home/airflow/.local/lib/python3.12/site-packages/airflow/example_dags/example_bash_operator.py
[2024-10-25T07:22:04.935+0000] {processor.py:914} INFO - Processing file /home/airflow/.local/lib/python3.12/site-packages/airflow/example_dags/example_bash_operator.py for tasks to queue
[2024-10-25T07:22:04.937+0000] {logging_mixin.py:190} INFO - [2024-10-25T07:22:04.937+0000] {dagbag.py:588} INFO - Filling up the DagBag from /home/airflow/.local/lib/python3.12/site-packages/airflow/example_dags/example_bash_operator.py
[2024-10-25T07:22:04.949+0000] {processor.py:925} INFO - DAG(s) 'example_bash_operator' retrieved from /home/airflow/.local/lib/python3.12/site-packages/airflow/example_dags/example_bash_operator.py
[2024-10-25T07:22:04.977+0000] {logging_mixin.py:190} INFO - [2024-10-25T07:22:04.977+0000] {dag.py:3239} INFO - Sync 1 DAGs
[2024-10-25T07:22:04.999+0000] {logging_mixin.py:190} INFO - [2024-10-25T07:22:04.999+0000] {dag.py:4180} INFO - Setting next_dagrun for example_bash_operator to 2024-10-24 00:00:00+00:00, run_after=2024-10-25 00:00:00+00:00
[2024-10-25T07:22:05.021+0000] {processor.py:208} INFO - Processing /home/airflow/.local/lib/python3.12/site-packages/airflow/example_dags/example_bash_operator.py took 0.092 seconds
[2024-10-25T07:22:35.222+0000] {processor.py:186} INFO - Started process (PID=1139) to work on /home/airflow/.local/lib/python3.12/site-packages/airflow/example_dags/example_bash_operator.py
[2024-10-25T07:22:35.225+0000] {processor.py:914} INFO - Processing file /home/airflow/.local/lib/python3.12/site-packages/airflow/example_dags/example_bash_operator.py for tasks to queue
[2024-10-25T07:22:35.230+0000] {logging_mixin.py:190} INFO - [2024-10-25T07:22:35.230+0000] {dagbag.py:588} INFO - Filling up the DagBag from /home/airflow/.local/lib/python3.12/site-packages/airflow/example_dags/example_bash_operator.py
[2024-10-25T07:22:35.252+0000] {processor.py:925} INFO - DAG(s) 'example_bash_operator' retrieved from /home/airflow/.local/lib/python3.12/site-packages/airflow/example_dags/example_bash_operator.py
[2024-10-25T07:22:35.299+0000] {logging_mixin.py:190} INFO - [2024-10-25T07:22:35.298+0000] {dag.py:3239} INFO - Sync 1 DAGs
[2024-10-25T07:22:35.334+0000] {logging_mixin.py:190} INFO - [2024-10-25T07:22:35.334+0000] {dag.py:4180} INFO - Setting next_dagrun for example_bash_operator to 2024-10-24 00:00:00+00:00, run_after=2024-10-25 00:00:00+00:00
[2024-10-25T07:22:35.366+0000] {processor.py:208} INFO - Processing /home/airflow/.local/lib/python3.12/site-packages/airflow/example_dags/example_bash_operator.py took 0.157 seconds
[2024-10-25T07:23:06.260+0000] {processor.py:186} INFO - Started process (PID=1208) to work on /home/airflow/.local/lib/python3.12/site-packages/airflow/example_dags/example_bash_operator.py
[2024-10-25T07:23:06.269+0000] {processor.py:914} INFO - Processing file /home/airflow/.local/lib/python3.12/site-packages/airflow/example_dags/example_bash_operator.py for tasks to queue
[2024-10-25T07:23:06.274+0000] {logging_mixin.py:190} INFO - [2024-10-25T07:23:06.273+0000] {dagbag.py:588} INFO - Filling up the DagBag from /home/airflow/.local/lib/python3.12/site-packages/airflow/example_dags/example_bash_operator.py
[2024-10-25T07:23:06.307+0000] {processor.py:925} INFO - DAG(s) 'example_bash_operator' retrieved from /home/airflow/.local/lib/python3.12/site-packages/airflow/example_dags/example_bash_operator.py
[2024-10-25T07:23:06.382+0000] {logging_mixin.py:190} INFO - [2024-10-25T07:23:06.381+0000] {dag.py:3239} INFO - Sync 1 DAGs
[2024-10-25T07:23:06.444+0000] {logging_mixin.py:190} INFO - [2024-10-25T07:23:06.443+0000] {dag.py:4180} INFO - Setting next_dagrun for example_bash_operator to 2024-10-24 00:00:00+00:00, run_after=2024-10-25 00:00:00+00:00
[2024-10-25T07:23:06.494+0000] {processor.py:208} INFO - Processing /home/airflow/.local/lib/python3.12/site-packages/airflow/example_dags/example_bash_operator.py took 0.245 seconds
[2024-10-25T07:23:36.935+0000] {processor.py:186} INFO - Started process (PID=1277) to work on /home/airflow/.local/lib/python3.12/site-packages/airflow/example_dags/example_bash_operator.py
[2024-10-25T07:23:36.936+0000] {processor.py:914} INFO - Processing file /home/airflow/.local/lib/python3.12/site-packages/airflow/example_dags/example_bash_operator.py for tasks to queue
[2024-10-25T07:23:36.940+0000] {logging_mixin.py:190} INFO - [2024-10-25T07:23:36.940+0000] {dagbag.py:588} INFO - Filling up the DagBag from /home/airflow/.local/lib/python3.12/site-packages/airflow/example_dags/example_bash_operator.py
[2024-10-25T07:23:36.954+0000] {processor.py:925} INFO - DAG(s) 'example_bash_operator' retrieved from /home/airflow/.local/lib/python3.12/site-packages/airflow/example_dags/example_bash_operator.py
[2024-10-25T07:23:36.987+0000] {logging_mixin.py:190} INFO - [2024-10-25T07:23:36.987+0000] {dag.py:3239} INFO - Sync 1 DAGs
[2024-10-25T07:23:37.030+0000] {logging_mixin.py:190} INFO - [2024-10-25T07:23:37.029+0000] {dag.py:4180} INFO - Setting next_dagrun for example_bash_operator to 2024-10-24 00:00:00+00:00, run_after=2024-10-25 00:00:00+00:00
[2024-10-25T07:23:37.058+0000] {processor.py:208} INFO - Processing /home/airflow/.local/lib/python3.12/site-packages/airflow/example_dags/example_bash_operator.py took 0.128 seconds
[2024-10-25T07:24:07.408+0000] {processor.py:186} INFO - Started process (PID=1346) to work on /home/airflow/.local/lib/python3.12/site-packages/airflow/example_dags/example_bash_operator.py
[2024-10-25T07:24:07.410+0000] {processor.py:914} INFO - Processing file /home/airflow/.local/lib/python3.12/site-packages/airflow/example_dags/example_bash_operator.py for tasks to queue
[2024-10-25T07:24:07.414+0000] {logging_mixin.py:190} INFO - [2024-10-25T07:24:07.413+0000] {dagbag.py:588} INFO - Filling up the DagBag from /home/airflow/.local/lib/python3.12/site-packages/airflow/example_dags/example_bash_operator.py
[2024-10-25T07:24:07.428+0000] {processor.py:925} INFO - DAG(s) 'example_bash_operator' retrieved from /home/airflow/.local/lib/python3.12/site-packages/airflow/example_dags/example_bash_operator.py
[2024-10-25T07:24:07.459+0000] {logging_mixin.py:190} INFO - [2024-10-25T07:24:07.458+0000] {dag.py:3239} INFO - Sync 1 DAGs
[2024-10-25T07:24:07.483+0000] {logging_mixin.py:190} INFO - [2024-10-25T07:24:07.483+0000] {dag.py:4180} INFO - Setting next_dagrun for example_bash_operator to 2024-10-24 00:00:00+00:00, run_after=2024-10-25 00:00:00+00:00
[2024-10-25T07:24:07.521+0000] {processor.py:208} INFO - Processing /home/airflow/.local/lib/python3.12/site-packages/airflow/example_dags/example_bash_operator.py took 0.119 seconds
[2024-10-25T07:24:37.665+0000] {processor.py:186} INFO - Started process (PID=1415) to work on /home/airflow/.local/lib/python3.12/site-packages/airflow/example_dags/example_bash_operator.py
[2024-10-25T07:24:37.666+0000] {processor.py:914} INFO - Processing file /home/airflow/.local/lib/python3.12/site-packages/airflow/example_dags/example_bash_operator.py for tasks to queue
[2024-10-25T07:24:37.669+0000] {logging_mixin.py:190} INFO - [2024-10-25T07:24:37.669+0000] {dagbag.py:588} INFO - Filling up the DagBag from /home/airflow/.local/lib/python3.12/site-packages/airflow/example_dags/example_bash_operator.py
[2024-10-25T07:24:37.681+0000] {processor.py:925} INFO - DAG(s) 'example_bash_operator' retrieved from /home/airflow/.local/lib/python3.12/site-packages/airflow/example_dags/example_bash_operator.py
[2024-10-25T07:24:37.710+0000] {logging_mixin.py:190} INFO - [2024-10-25T07:24:37.709+0000] {dag.py:3239} INFO - Sync 1 DAGs
[2024-10-25T07:24:37.732+0000] {logging_mixin.py:190} INFO - [2024-10-25T07:24:37.732+0000] {dag.py:4180} INFO - Setting next_dagrun for example_bash_operator to 2024-10-24 00:00:00+00:00, run_after=2024-10-25 00:00:00+00:00
[2024-10-25T07:24:37.754+0000] {processor.py:208} INFO - Processing /home/airflow/.local/lib/python3.12/site-packages/airflow/example_dags/example_bash_operator.py took 0.094 seconds
[2024-10-25T07:25:08.083+0000] {processor.py:186} INFO - Started process (PID=1484) to work on /home/airflow/.local/lib/python3.12/site-packages/airflow/example_dags/example_bash_operator.py
[2024-10-25T07:25:08.084+0000] {processor.py:914} INFO - Processing file /home/airflow/.local/lib/python3.12/site-packages/airflow/example_dags/example_bash_operator.py for tasks to queue
[2024-10-25T07:25:08.088+0000] {logging_mixin.py:190} INFO - [2024-10-25T07:25:08.087+0000] {dagbag.py:588} INFO - Filling up the DagBag from /home/airflow/.local/lib/python3.12/site-packages/airflow/example_dags/example_bash_operator.py
[2024-10-25T07:25:08.101+0000] {processor.py:925} INFO - DAG(s) 'example_bash_operator' retrieved from /home/airflow/.local/lib/python3.12/site-packages/airflow/example_dags/example_bash_operator.py
[2024-10-25T07:25:08.127+0000] {logging_mixin.py:190} INFO - [2024-10-25T07:25:08.127+0000] {dag.py:3239} INFO - Sync 1 DAGs
[2024-10-25T07:25:08.155+0000] {logging_mixin.py:190} INFO - [2024-10-25T07:25:08.155+0000] {dag.py:4180} INFO - Setting next_dagrun for example_bash_operator to 2024-10-24 00:00:00+00:00, run_after=2024-10-25 00:00:00+00:00
[2024-10-25T07:25:08.222+0000] {processor.py:208} INFO - Processing /home/airflow/.local/lib/python3.12/site-packages/airflow/example_dags/example_bash_operator.py took 0.144 seconds
[2024-10-25T07:25:38.424+0000] {processor.py:186} INFO - Started process (PID=1553) to work on /home/airflow/.local/lib/python3.12/site-packages/airflow/example_dags/example_bash_operator.py
[2024-10-25T07:25:38.425+0000] {processor.py:914} INFO - Processing file /home/airflow/.local/lib/python3.12/site-packages/airflow/example_dags/example_bash_operator.py for tasks to queue
[2024-10-25T07:25:38.428+0000] {logging_mixin.py:190} INFO - [2024-10-25T07:25:38.427+0000] {dagbag.py:588} INFO - Filling up the DagBag from /home/airflow/.local/lib/python3.12/site-packages/airflow/example_dags/example_bash_operator.py
[2024-10-25T07:25:38.440+0000] {processor.py:925} INFO - DAG(s) 'example_bash_operator' retrieved from /home/airflow/.local/lib/python3.12/site-packages/airflow/example_dags/example_bash_operator.py
[2024-10-25T07:25:38.468+0000] {logging_mixin.py:190} INFO - [2024-10-25T07:25:38.468+0000] {dag.py:3239} INFO - Sync 1 DAGs
[2024-10-25T07:25:38.490+0000] {logging_mixin.py:190} INFO - [2024-10-25T07:25:38.490+0000] {dag.py:4180} INFO - Setting next_dagrun for example_bash_operator to 2024-10-24 00:00:00+00:00, run_after=2024-10-25 00:00:00+00:00
[2024-10-25T07:25:38.526+0000] {processor.py:208} INFO - Processing /home/airflow/.local/lib/python3.12/site-packages/airflow/example_dags/example_bash_operator.py took 0.107 seconds
[2024-10-25T07:26:08.799+0000] {processor.py:186} INFO - Started process (PID=1622) to work on /home/airflow/.local/lib/python3.12/site-packages/airflow/example_dags/example_bash_operator.py
[2024-10-25T07:26:08.802+0000] {processor.py:914} INFO - Processing file /home/airflow/.local/lib/python3.12/site-packages/airflow/example_dags/example_bash_operator.py for tasks to queue
[2024-10-25T07:26:08.806+0000] {logging_mixin.py:190} INFO - [2024-10-25T07:26:08.805+0000] {dagbag.py:588} INFO - Filling up the DagBag from /home/airflow/.local/lib/python3.12/site-packages/airflow/example_dags/example_bash_operator.py
[2024-10-25T07:26:08.824+0000] {processor.py:925} INFO - DAG(s) 'example_bash_operator' retrieved from /home/airflow/.local/lib/python3.12/site-packages/airflow/example_dags/example_bash_operator.py
[2024-10-25T07:26:08.867+0000] {logging_mixin.py:190} INFO - [2024-10-25T07:26:08.867+0000] {dag.py:3239} INFO - Sync 1 DAGs
[2024-10-25T07:26:08.898+0000] {logging_mixin.py:190} INFO - [2024-10-25T07:26:08.898+0000] {dag.py:4180} INFO - Setting next_dagrun for example_bash_operator to 2024-10-24 00:00:00+00:00, run_after=2024-10-25 00:00:00+00:00
[2024-10-25T07:26:08.930+0000] {processor.py:208} INFO - Processing /home/airflow/.local/lib/python3.12/site-packages/airflow/example_dags/example_bash_operator.py took 0.139 seconds
[2024-10-25T07:26:39.224+0000] {processor.py:186} INFO - Started process (PID=1692) to work on /home/airflow/.local/lib/python3.12/site-packages/airflow/example_dags/example_bash_operator.py
[2024-10-25T07:26:39.227+0000] {processor.py:914} INFO - Processing file /home/airflow/.local/lib/python3.12/site-packages/airflow/example_dags/example_bash_operator.py for tasks to queue
[2024-10-25T07:26:39.233+0000] {logging_mixin.py:190} INFO - [2024-10-25T07:26:39.232+0000] {dagbag.py:588} INFO - Filling up the DagBag from /home/airflow/.local/lib/python3.12/site-packages/airflow/example_dags/example_bash_operator.py
[2024-10-25T07:26:39.251+0000] {processor.py:925} INFO - DAG(s) 'example_bash_operator' retrieved from /home/airflow/.local/lib/python3.12/site-packages/airflow/example_dags/example_bash_operator.py
[2024-10-25T07:26:39.284+0000] {logging_mixin.py:190} INFO - [2024-10-25T07:26:39.283+0000] {dag.py:3239} INFO - Sync 1 DAGs
[2024-10-25T07:26:39.321+0000] {logging_mixin.py:190} INFO - [2024-10-25T07:26:39.320+0000] {dag.py:4180} INFO - Setting next_dagrun for example_bash_operator to 2024-10-24 00:00:00+00:00, run_after=2024-10-25 00:00:00+00:00
[2024-10-25T07:26:39.355+0000] {processor.py:208} INFO - Processing /home/airflow/.local/lib/python3.12/site-packages/airflow/example_dags/example_bash_operator.py took 0.138 seconds
[2024-10-25T07:27:09.698+0000] {processor.py:186} INFO - Started process (PID=1761) to work on /home/airflow/.local/lib/python3.12/site-packages/airflow/example_dags/example_bash_operator.py
[2024-10-25T07:27:09.699+0000] {processor.py:914} INFO - Processing file /home/airflow/.local/lib/python3.12/site-packages/airflow/example_dags/example_bash_operator.py for tasks to queue
[2024-10-25T07:27:09.702+0000] {logging_mixin.py:190} INFO - [2024-10-25T07:27:09.702+0000] {dagbag.py:588} INFO - Filling up the DagBag from /home/airflow/.local/lib/python3.12/site-packages/airflow/example_dags/example_bash_operator.py
[2024-10-25T07:27:09.714+0000] {processor.py:925} INFO - DAG(s) 'example_bash_operator' retrieved from /home/airflow/.local/lib/python3.12/site-packages/airflow/example_dags/example_bash_operator.py
[2024-10-25T07:27:09.740+0000] {logging_mixin.py:190} INFO - [2024-10-25T07:27:09.740+0000] {dag.py:3239} INFO - Sync 1 DAGs
[2024-10-25T07:27:09.761+0000] {logging_mixin.py:190} INFO - [2024-10-25T07:27:09.761+0000] {dag.py:4180} INFO - Setting next_dagrun for example_bash_operator to 2024-10-24 00:00:00+00:00, run_after=2024-10-25 00:00:00+00:00
[2024-10-25T07:27:09.789+0000] {processor.py:208} INFO - Processing /home/airflow/.local/lib/python3.12/site-packages/airflow/example_dags/example_bash_operator.py took 0.096 seconds
[2024-10-25T07:27:39.923+0000] {processor.py:186} INFO - Started process (PID=1830) to work on /home/airflow/.local/lib/python3.12/site-packages/airflow/example_dags/example_bash_operator.py
[2024-10-25T07:27:39.924+0000] {processor.py:914} INFO - Processing file /home/airflow/.local/lib/python3.12/site-packages/airflow/example_dags/example_bash_operator.py for tasks to queue
[2024-10-25T07:27:39.930+0000] {logging_mixin.py:190} INFO - [2024-10-25T07:27:39.929+0000] {dagbag.py:588} INFO - Filling up the DagBag from /home/airflow/.local/lib/python3.12/site-packages/airflow/example_dags/example_bash_operator.py
[2024-10-25T07:27:39.945+0000] {processor.py:925} INFO - DAG(s) 'example_bash_operator' retrieved from /home/airflow/.local/lib/python3.12/site-packages/airflow/example_dags/example_bash_operator.py
[2024-10-25T07:27:39.975+0000] {logging_mixin.py:190} INFO - [2024-10-25T07:27:39.975+0000] {dag.py:3239} INFO - Sync 1 DAGs
[2024-10-25T07:27:39.997+0000] {logging_mixin.py:190} INFO - [2024-10-25T07:27:39.997+0000] {dag.py:4180} INFO - Setting next_dagrun for example_bash_operator to 2024-10-24 00:00:00+00:00, run_after=2024-10-25 00:00:00+00:00
[2024-10-25T07:27:40.019+0000] {processor.py:208} INFO - Processing /home/airflow/.local/lib/python3.12/site-packages/airflow/example_dags/example_bash_operator.py took 0.103 seconds
[2024-10-25T07:28:10.342+0000] {processor.py:186} INFO - Started process (PID=1899) to work on /home/airflow/.local/lib/python3.12/site-packages/airflow/example_dags/example_bash_operator.py
[2024-10-25T07:28:10.344+0000] {processor.py:914} INFO - Processing file /home/airflow/.local/lib/python3.12/site-packages/airflow/example_dags/example_bash_operator.py for tasks to queue
[2024-10-25T07:28:10.347+0000] {logging_mixin.py:190} INFO - [2024-10-25T07:28:10.347+0000] {dagbag.py:588} INFO - Filling up the DagBag from /home/airflow/.local/lib/python3.12/site-packages/airflow/example_dags/example_bash_operator.py
[2024-10-25T07:28:10.361+0000] {processor.py:925} INFO - DAG(s) 'example_bash_operator' retrieved from /home/airflow/.local/lib/python3.12/site-packages/airflow/example_dags/example_bash_operator.py
[2024-10-25T07:28:10.391+0000] {logging_mixin.py:190} INFO - [2024-10-25T07:28:10.390+0000] {dag.py:3239} INFO - Sync 1 DAGs
[2024-10-25T07:28:10.414+0000] {logging_mixin.py:190} INFO - [2024-10-25T07:28:10.414+0000] {dag.py:4180} INFO - Setting next_dagrun for example_bash_operator to 2024-10-24 00:00:00+00:00, run_after=2024-10-25 00:00:00+00:00
[2024-10-25T07:28:10.474+0000] {processor.py:208} INFO - Processing /home/airflow/.local/lib/python3.12/site-packages/airflow/example_dags/example_bash_operator.py took 0.138 seconds
[2024-10-25T07:28:40.640+0000] {processor.py:186} INFO - Started process (PID=1968) to work on /home/airflow/.local/lib/python3.12/site-packages/airflow/example_dags/example_bash_operator.py
[2024-10-25T07:28:40.641+0000] {processor.py:914} INFO - Processing file /home/airflow/.local/lib/python3.12/site-packages/airflow/example_dags/example_bash_operator.py for tasks to queue
[2024-10-25T07:28:40.644+0000] {logging_mixin.py:190} INFO - [2024-10-25T07:28:40.644+0000] {dagbag.py:588} INFO - Filling up the DagBag from /home/airflow/.local/lib/python3.12/site-packages/airflow/example_dags/example_bash_operator.py
[2024-10-25T07:28:40.656+0000] {processor.py:925} INFO - DAG(s) 'example_bash_operator' retrieved from /home/airflow/.local/lib/python3.12/site-packages/airflow/example_dags/example_bash_operator.py
[2024-10-25T07:28:40.680+0000] {logging_mixin.py:190} INFO - [2024-10-25T07:28:40.680+0000] {dag.py:3239} INFO - Sync 1 DAGs
[2024-10-25T07:28:40.698+0000] {logging_mixin.py:190} INFO - [2024-10-25T07:28:40.698+0000] {dag.py:4180} INFO - Setting next_dagrun for example_bash_operator to 2024-10-24 00:00:00+00:00, run_after=2024-10-25 00:00:00+00:00
[2024-10-25T07:28:40.717+0000] {processor.py:208} INFO - Processing /home/airflow/.local/lib/python3.12/site-packages/airflow/example_dags/example_bash_operator.py took 0.083 seconds
[2024-10-25T07:29:10.861+0000] {processor.py:186} INFO - Started process (PID=2037) to work on /home/airflow/.local/lib/python3.12/site-packages/airflow/example_dags/example_bash_operator.py
[2024-10-25T07:29:10.863+0000] {processor.py:914} INFO - Processing file /home/airflow/.local/lib/python3.12/site-packages/airflow/example_dags/example_bash_operator.py for tasks to queue
[2024-10-25T07:29:10.867+0000] {logging_mixin.py:190} INFO - [2024-10-25T07:29:10.866+0000] {dagbag.py:588} INFO - Filling up the DagBag from /home/airflow/.local/lib/python3.12/site-packages/airflow/example_dags/example_bash_operator.py
[2024-10-25T07:29:10.884+0000] {processor.py:925} INFO - DAG(s) 'example_bash_operator' retrieved from /home/airflow/.local/lib/python3.12/site-packages/airflow/example_dags/example_bash_operator.py
[2024-10-25T07:29:10.922+0000] {logging_mixin.py:190} INFO - [2024-10-25T07:29:10.921+0000] {dag.py:3239} INFO - Sync 1 DAGs
[2024-10-25T07:29:10.964+0000] {logging_mixin.py:190} INFO - [2024-10-25T07:29:10.963+0000] {dag.py:4180} INFO - Setting next_dagrun for example_bash_operator to 2024-10-24 00:00:00+00:00, run_after=2024-10-25 00:00:00+00:00
[2024-10-25T07:29:10.983+0000] {processor.py:208} INFO - Processing /home/airflow/.local/lib/python3.12/site-packages/airflow/example_dags/example_bash_operator.py took 0.127 seconds
[2024-10-25T07:29:41.429+0000] {processor.py:186} INFO - Started process (PID=2106) to work on /home/airflow/.local/lib/python3.12/site-packages/airflow/example_dags/example_bash_operator.py
[2024-10-25T07:29:41.431+0000] {processor.py:914} INFO - Processing file /home/airflow/.local/lib/python3.12/site-packages/airflow/example_dags/example_bash_operator.py for tasks to queue
[2024-10-25T07:29:41.434+0000] {logging_mixin.py:190} INFO - [2024-10-25T07:29:41.433+0000] {dagbag.py:588} INFO - Filling up the DagBag from /home/airflow/.local/lib/python3.12/site-packages/airflow/example_dags/example_bash_operator.py
[2024-10-25T07:29:41.444+0000] {processor.py:925} INFO - DAG(s) 'example_bash_operator' retrieved from /home/airflow/.local/lib/python3.12/site-packages/airflow/example_dags/example_bash_operator.py
[2024-10-25T07:29:41.467+0000] {logging_mixin.py:190} INFO - [2024-10-25T07:29:41.467+0000] {dag.py:3239} INFO - Sync 1 DAGs
[2024-10-25T07:29:41.486+0000] {logging_mixin.py:190} INFO - [2024-10-25T07:29:41.486+0000] {dag.py:4180} INFO - Setting next_dagrun for example_bash_operator to 2024-10-24 00:00:00+00:00, run_after=2024-10-25 00:00:00+00:00
[2024-10-25T07:29:41.507+0000] {processor.py:208} INFO - Processing /home/airflow/.local/lib/python3.12/site-packages/airflow/example_dags/example_bash_operator.py took 0.082 seconds
[2024-10-25T07:30:11.624+0000] {processor.py:186} INFO - Started process (PID=2174) to work on /home/airflow/.local/lib/python3.12/site-packages/airflow/example_dags/example_bash_operator.py
[2024-10-25T07:30:11.625+0000] {processor.py:914} INFO - Processing file /home/airflow/.local/lib/python3.12/site-packages/airflow/example_dags/example_bash_operator.py for tasks to queue
[2024-10-25T07:30:11.628+0000] {logging_mixin.py:190} INFO - [2024-10-25T07:30:11.627+0000] {dagbag.py:588} INFO - Filling up the DagBag from /home/airflow/.local/lib/python3.12/site-packages/airflow/example_dags/example_bash_operator.py
[2024-10-25T07:30:11.639+0000] {processor.py:925} INFO - DAG(s) 'example_bash_operator' retrieved from /home/airflow/.local/lib/python3.12/site-packages/airflow/example_dags/example_bash_operator.py
[2024-10-25T07:30:11.663+0000] {logging_mixin.py:190} INFO - [2024-10-25T07:30:11.663+0000] {dag.py:3239} INFO - Sync 1 DAGs
[2024-10-25T07:30:11.685+0000] {logging_mixin.py:190} INFO - [2024-10-25T07:30:11.685+0000] {dag.py:4180} INFO - Setting next_dagrun for example_bash_operator to 2024-10-24 00:00:00+00:00, run_after=2024-10-25 00:00:00+00:00
[2024-10-25T07:30:11.713+0000] {processor.py:208} INFO - Processing /home/airflow/.local/lib/python3.12/site-packages/airflow/example_dags/example_bash_operator.py took 0.094 seconds
[2024-10-25T07:30:42.544+0000] {processor.py:186} INFO - Started process (PID=2242) to work on /home/airflow/.local/lib/python3.12/site-packages/airflow/example_dags/example_bash_operator.py
[2024-10-25T07:30:42.545+0000] {processor.py:914} INFO - Processing file /home/airflow/.local/lib/python3.12/site-packages/airflow/example_dags/example_bash_operator.py for tasks to queue
[2024-10-25T07:30:42.548+0000] {logging_mixin.py:190} INFO - [2024-10-25T07:30:42.548+0000] {dagbag.py:588} INFO - Filling up the DagBag from /home/airflow/.local/lib/python3.12/site-packages/airflow/example_dags/example_bash_operator.py
[2024-10-25T07:30:42.561+0000] {processor.py:925} INFO - DAG(s) 'example_bash_operator' retrieved from /home/airflow/.local/lib/python3.12/site-packages/airflow/example_dags/example_bash_operator.py
[2024-10-25T07:30:42.586+0000] {logging_mixin.py:190} INFO - [2024-10-25T07:30:42.586+0000] {dag.py:3239} INFO - Sync 1 DAGs
[2024-10-25T07:30:42.608+0000] {logging_mixin.py:190} INFO - [2024-10-25T07:30:42.608+0000] {dag.py:4180} INFO - Setting next_dagrun for example_bash_operator to 2024-10-24 00:00:00+00:00, run_after=2024-10-25 00:00:00+00:00
[2024-10-25T07:30:42.627+0000] {processor.py:208} INFO - Processing /home/airflow/.local/lib/python3.12/site-packages/airflow/example_dags/example_bash_operator.py took 0.088 seconds
[2024-10-25T07:31:13.256+0000] {processor.py:186} INFO - Started process (PID=2311) to work on /home/airflow/.local/lib/python3.12/site-packages/airflow/example_dags/example_bash_operator.py
[2024-10-25T07:31:13.257+0000] {processor.py:914} INFO - Processing file /home/airflow/.local/lib/python3.12/site-packages/airflow/example_dags/example_bash_operator.py for tasks to queue
[2024-10-25T07:31:13.262+0000] {logging_mixin.py:190} INFO - [2024-10-25T07:31:13.262+0000] {dagbag.py:588} INFO - Filling up the DagBag from /home/airflow/.local/lib/python3.12/site-packages/airflow/example_dags/example_bash_operator.py
[2024-10-25T07:31:13.279+0000] {processor.py:925} INFO - DAG(s) 'example_bash_operator' retrieved from /home/airflow/.local/lib/python3.12/site-packages/airflow/example_dags/example_bash_operator.py
[2024-10-25T07:31:13.314+0000] {logging_mixin.py:190} INFO - [2024-10-25T07:31:13.313+0000] {dag.py:3239} INFO - Sync 1 DAGs
[2024-10-25T07:31:13.342+0000] {logging_mixin.py:190} INFO - [2024-10-25T07:31:13.341+0000] {dag.py:4180} INFO - Setting next_dagrun for example_bash_operator to 2024-10-24 00:00:00+00:00, run_after=2024-10-25 00:00:00+00:00
[2024-10-25T07:31:13.369+0000] {processor.py:208} INFO - Processing /home/airflow/.local/lib/python3.12/site-packages/airflow/example_dags/example_bash_operator.py took 0.120 seconds
[2024-10-25T07:31:43.629+0000] {processor.py:186} INFO - Started process (PID=2380) to work on /home/airflow/.local/lib/python3.12/site-packages/airflow/example_dags/example_bash_operator.py
[2024-10-25T07:31:43.630+0000] {processor.py:914} INFO - Processing file /home/airflow/.local/lib/python3.12/site-packages/airflow/example_dags/example_bash_operator.py for tasks to queue
[2024-10-25T07:31:43.633+0000] {logging_mixin.py:190} INFO - [2024-10-25T07:31:43.633+0000] {dagbag.py:588} INFO - Filling up the DagBag from /home/airflow/.local/lib/python3.12/site-packages/airflow/example_dags/example_bash_operator.py
[2024-10-25T07:31:43.646+0000] {processor.py:925} INFO - DAG(s) 'example_bash_operator' retrieved from /home/airflow/.local/lib/python3.12/site-packages/airflow/example_dags/example_bash_operator.py
[2024-10-25T07:31:43.672+0000] {logging_mixin.py:190} INFO - [2024-10-25T07:31:43.672+0000] {dag.py:3239} INFO - Sync 1 DAGs
[2024-10-25T07:31:43.692+0000] {logging_mixin.py:190} INFO - [2024-10-25T07:31:43.692+0000] {dag.py:4180} INFO - Setting next_dagrun for example_bash_operator to 2024-10-24 00:00:00+00:00, run_after=2024-10-25 00:00:00+00:00
[2024-10-25T07:31:43.712+0000] {processor.py:208} INFO - Processing /home/airflow/.local/lib/python3.12/site-packages/airflow/example_dags/example_bash_operator.py took 0.088 seconds
[2024-10-25T07:32:53.455+0000] {processor.py:186} INFO - Started process (PID=2465) to work on /home/airflow/.local/lib/python3.12/site-packages/airflow/example_dags/example_bash_operator.py
[2024-10-25T07:32:53.457+0000] {processor.py:914} INFO - Processing file /home/airflow/.local/lib/python3.12/site-packages/airflow/example_dags/example_bash_operator.py for tasks to queue
[2024-10-25T07:32:53.459+0000] {logging_mixin.py:190} INFO - [2024-10-25T07:32:53.459+0000] {dagbag.py:588} INFO - Filling up the DagBag from /home/airflow/.local/lib/python3.12/site-packages/airflow/example_dags/example_bash_operator.py
[2024-10-25T07:32:53.482+0000] {processor.py:925} INFO - DAG(s) 'example_bash_operator' retrieved from /home/airflow/.local/lib/python3.12/site-packages/airflow/example_dags/example_bash_operator.py
[2024-10-25T07:32:53.519+0000] {logging_mixin.py:190} INFO - [2024-10-25T07:32:53.519+0000] {dag.py:3239} INFO - Sync 1 DAGs
[2024-10-25T07:32:53.557+0000] {logging_mixin.py:190} INFO - [2024-10-25T07:32:53.556+0000] {dag.py:4180} INFO - Setting next_dagrun for example_bash_operator to 2024-10-24 00:00:00+00:00, run_after=2024-10-25 00:00:00+00:00
[2024-10-25T07:32:53.589+0000] {processor.py:208} INFO - Processing /home/airflow/.local/lib/python3.12/site-packages/airflow/example_dags/example_bash_operator.py took 0.141 seconds
[2024-10-25T07:33:24.099+0000] {processor.py:186} INFO - Started process (PID=2534) to work on /home/airflow/.local/lib/python3.12/site-packages/airflow/example_dags/example_bash_operator.py
[2024-10-25T07:33:24.101+0000] {processor.py:914} INFO - Processing file /home/airflow/.local/lib/python3.12/site-packages/airflow/example_dags/example_bash_operator.py for tasks to queue
[2024-10-25T07:33:24.104+0000] {logging_mixin.py:190} INFO - [2024-10-25T07:33:24.103+0000] {dagbag.py:588} INFO - Filling up the DagBag from /home/airflow/.local/lib/python3.12/site-packages/airflow/example_dags/example_bash_operator.py
[2024-10-25T07:33:24.121+0000] {processor.py:925} INFO - DAG(s) 'example_bash_operator' retrieved from /home/airflow/.local/lib/python3.12/site-packages/airflow/example_dags/example_bash_operator.py
[2024-10-25T07:33:24.165+0000] {logging_mixin.py:190} INFO - [2024-10-25T07:33:24.164+0000] {dag.py:3239} INFO - Sync 1 DAGs
[2024-10-25T07:33:24.208+0000] {logging_mixin.py:190} INFO - [2024-10-25T07:33:24.207+0000] {dag.py:4180} INFO - Setting next_dagrun for example_bash_operator to 2024-10-24 00:00:00+00:00, run_after=2024-10-25 00:00:00+00:00
[2024-10-25T07:33:24.236+0000] {processor.py:208} INFO - Processing /home/airflow/.local/lib/python3.12/site-packages/airflow/example_dags/example_bash_operator.py took 0.145 seconds
[2024-10-25T07:33:55.550+0000] {processor.py:186} INFO - Started process (PID=2603) to work on /home/airflow/.local/lib/python3.12/site-packages/airflow/example_dags/example_bash_operator.py
[2024-10-25T07:33:55.552+0000] {processor.py:914} INFO - Processing file /home/airflow/.local/lib/python3.12/site-packages/airflow/example_dags/example_bash_operator.py for tasks to queue
[2024-10-25T07:33:55.554+0000] {logging_mixin.py:190} INFO - [2024-10-25T07:33:55.554+0000] {dagbag.py:588} INFO - Filling up the DagBag from /home/airflow/.local/lib/python3.12/site-packages/airflow/example_dags/example_bash_operator.py
[2024-10-25T07:33:55.574+0000] {processor.py:925} INFO - DAG(s) 'example_bash_operator' retrieved from /home/airflow/.local/lib/python3.12/site-packages/airflow/example_dags/example_bash_operator.py
[2024-10-25T07:33:55.612+0000] {logging_mixin.py:190} INFO - [2024-10-25T07:33:55.611+0000] {dag.py:3239} INFO - Sync 1 DAGs
[2024-10-25T07:33:55.640+0000] {logging_mixin.py:190} INFO - [2024-10-25T07:33:55.639+0000] {dag.py:4180} INFO - Setting next_dagrun for example_bash_operator to 2024-10-24 00:00:00+00:00, run_after=2024-10-25 00:00:00+00:00
[2024-10-25T07:33:55.665+0000] {processor.py:208} INFO - Processing /home/airflow/.local/lib/python3.12/site-packages/airflow/example_dags/example_bash_operator.py took 0.121 seconds
[2024-10-25T07:34:26.644+0000] {processor.py:186} INFO - Started process (PID=2672) to work on /home/airflow/.local/lib/python3.12/site-packages/airflow/example_dags/example_bash_operator.py
[2024-10-25T07:34:26.646+0000] {processor.py:914} INFO - Processing file /home/airflow/.local/lib/python3.12/site-packages/airflow/example_dags/example_bash_operator.py for tasks to queue
[2024-10-25T07:34:26.649+0000] {logging_mixin.py:190} INFO - [2024-10-25T07:34:26.648+0000] {dagbag.py:588} INFO - Filling up the DagBag from /home/airflow/.local/lib/python3.12/site-packages/airflow/example_dags/example_bash_operator.py
[2024-10-25T07:34:26.846+0000] {processor.py:925} INFO - DAG(s) 'example_bash_operator' retrieved from /home/airflow/.local/lib/python3.12/site-packages/airflow/example_dags/example_bash_operator.py
[2024-10-25T07:34:26.872+0000] {logging_mixin.py:190} INFO - [2024-10-25T07:34:26.872+0000] {dag.py:3239} INFO - Sync 1 DAGs
[2024-10-25T07:34:26.893+0000] {logging_mixin.py:190} INFO - [2024-10-25T07:34:26.893+0000] {dag.py:4180} INFO - Setting next_dagrun for example_bash_operator to 2024-10-24 00:00:00+00:00, run_after=2024-10-25 00:00:00+00:00
[2024-10-25T07:34:26.914+0000] {processor.py:208} INFO - Processing /home/airflow/.local/lib/python3.12/site-packages/airflow/example_dags/example_bash_operator.py took 0.275 seconds
[2024-10-25T07:34:57.544+0000] {processor.py:186} INFO - Started process (PID=2741) to work on /home/airflow/.local/lib/python3.12/site-packages/airflow/example_dags/example_bash_operator.py
[2024-10-25T07:34:57.546+0000] {processor.py:914} INFO - Processing file /home/airflow/.local/lib/python3.12/site-packages/airflow/example_dags/example_bash_operator.py for tasks to queue
[2024-10-25T07:34:57.548+0000] {logging_mixin.py:190} INFO - [2024-10-25T07:34:57.547+0000] {dagbag.py:588} INFO - Filling up the DagBag from /home/airflow/.local/lib/python3.12/site-packages/airflow/example_dags/example_bash_operator.py
[2024-10-25T07:34:57.559+0000] {processor.py:925} INFO - DAG(s) 'example_bash_operator' retrieved from /home/airflow/.local/lib/python3.12/site-packages/airflow/example_dags/example_bash_operator.py
[2024-10-25T07:34:57.583+0000] {logging_mixin.py:190} INFO - [2024-10-25T07:34:57.583+0000] {dag.py:3239} INFO - Sync 1 DAGs
[2024-10-25T07:34:57.604+0000] {logging_mixin.py:190} INFO - [2024-10-25T07:34:57.604+0000] {dag.py:4180} INFO - Setting next_dagrun for example_bash_operator to 2024-10-24 00:00:00+00:00, run_after=2024-10-25 00:00:00+00:00
[2024-10-25T07:34:57.624+0000] {processor.py:208} INFO - Processing /home/airflow/.local/lib/python3.12/site-packages/airflow/example_dags/example_bash_operator.py took 0.084 seconds
[2024-10-25T07:35:28.171+0000] {processor.py:186} INFO - Started process (PID=2810) to work on /home/airflow/.local/lib/python3.12/site-packages/airflow/example_dags/example_bash_operator.py
[2024-10-25T07:35:28.172+0000] {processor.py:914} INFO - Processing file /home/airflow/.local/lib/python3.12/site-packages/airflow/example_dags/example_bash_operator.py for tasks to queue
[2024-10-25T07:35:28.174+0000] {logging_mixin.py:190} INFO - [2024-10-25T07:35:28.174+0000] {dagbag.py:588} INFO - Filling up the DagBag from /home/airflow/.local/lib/python3.12/site-packages/airflow/example_dags/example_bash_operator.py
[2024-10-25T07:35:28.185+0000] {processor.py:925} INFO - DAG(s) 'example_bash_operator' retrieved from /home/airflow/.local/lib/python3.12/site-packages/airflow/example_dags/example_bash_operator.py
[2024-10-25T07:35:28.211+0000] {logging_mixin.py:190} INFO - [2024-10-25T07:35:28.210+0000] {dag.py:3239} INFO - Sync 1 DAGs
[2024-10-25T07:35:28.234+0000] {logging_mixin.py:190} INFO - [2024-10-25T07:35:28.234+0000] {dag.py:4180} INFO - Setting next_dagrun for example_bash_operator to 2024-10-24 00:00:00+00:00, run_after=2024-10-25 00:00:00+00:00
[2024-10-25T07:35:28.254+0000] {processor.py:208} INFO - Processing /home/airflow/.local/lib/python3.12/site-packages/airflow/example_dags/example_bash_operator.py took 0.090 seconds
[2024-10-25T07:37:57.513+0000] {processor.py:186} INFO - Started process (PID=105) to work on /home/airflow/.local/lib/python3.12/site-packages/airflow/example_dags/example_bash_operator.py
[2024-10-25T07:37:57.514+0000] {processor.py:914} INFO - Processing file /home/airflow/.local/lib/python3.12/site-packages/airflow/example_dags/example_bash_operator.py for tasks to queue
[2024-10-25T07:37:57.519+0000] {logging_mixin.py:190} INFO - [2024-10-25T07:37:57.518+0000] {dagbag.py:588} INFO - Filling up the DagBag from /home/airflow/.local/lib/python3.12/site-packages/airflow/example_dags/example_bash_operator.py
[2024-10-25T07:37:57.540+0000] {processor.py:925} INFO - DAG(s) 'example_bash_operator' retrieved from /home/airflow/.local/lib/python3.12/site-packages/airflow/example_dags/example_bash_operator.py
[2024-10-25T07:37:57.580+0000] {logging_mixin.py:190} INFO - [2024-10-25T07:37:57.580+0000] {dag.py:3239} INFO - Sync 1 DAGs
[2024-10-25T07:37:57.612+0000] {logging_mixin.py:190} INFO - [2024-10-25T07:37:57.611+0000] {dag.py:4180} INFO - Setting next_dagrun for example_bash_operator to 2024-10-24 00:00:00+00:00, run_after=2024-10-25 00:00:00+00:00
[2024-10-25T07:37:57.642+0000] {processor.py:208} INFO - Processing /home/airflow/.local/lib/python3.12/site-packages/airflow/example_dags/example_bash_operator.py took 0.138 seconds
[2024-10-25T07:38:29.765+0000] {processor.py:186} INFO - Started process (PID=175) to work on /home/airflow/.local/lib/python3.12/site-packages/airflow/example_dags/example_bash_operator.py
[2024-10-25T07:38:29.767+0000] {processor.py:914} INFO - Processing file /home/airflow/.local/lib/python3.12/site-packages/airflow/example_dags/example_bash_operator.py for tasks to queue
[2024-10-25T07:38:29.770+0000] {logging_mixin.py:190} INFO - [2024-10-25T07:38:29.769+0000] {dagbag.py:588} INFO - Filling up the DagBag from /home/airflow/.local/lib/python3.12/site-packages/airflow/example_dags/example_bash_operator.py
[2024-10-25T07:38:29.783+0000] {processor.py:925} INFO - DAG(s) 'example_bash_operator' retrieved from /home/airflow/.local/lib/python3.12/site-packages/airflow/example_dags/example_bash_operator.py
[2024-10-25T07:38:29.811+0000] {logging_mixin.py:190} INFO - [2024-10-25T07:38:29.811+0000] {dag.py:3239} INFO - Sync 1 DAGs
[2024-10-25T07:38:29.843+0000] {logging_mixin.py:190} INFO - [2024-10-25T07:38:29.842+0000] {dag.py:4180} INFO - Setting next_dagrun for example_bash_operator to 2024-10-24 00:00:00+00:00, run_after=2024-10-25 00:00:00+00:00
[2024-10-25T07:38:29.873+0000] {processor.py:208} INFO - Processing /home/airflow/.local/lib/python3.12/site-packages/airflow/example_dags/example_bash_operator.py took 0.115 seconds
