[2024-10-25T07:15:50.686+0000] {processor.py:186} INFO - Started process (PID=230) to work on /home/airflow/.local/lib/python3.12/site-packages/airflow/example_dags/example_sla_dag.py
[2024-10-25T07:15:50.701+0000] {processor.py:914} INFO - Processing file /home/airflow/.local/lib/python3.12/site-packages/airflow/example_dags/example_sla_dag.py for tasks to queue
[2024-10-25T07:15:50.726+0000] {logging_mixin.py:190} INFO - [2024-10-25T07:15:50.723+0000] {dagbag.py:588} INFO - Filling up the DagBag from /home/airflow/.local/lib/python3.12/site-packages/airflow/example_dags/example_sla_dag.py
[2024-10-25T07:15:51.042+0000] {processor.py:925} INFO - DAG(s) 'example_sla_dag' retrieved from /home/airflow/.local/lib/python3.12/site-packages/airflow/example_dags/example_sla_dag.py
[2024-10-25T07:15:51.741+0000] {logging_mixin.py:190} INFO - [2024-10-25T07:15:51.731+0000] {dag.py:3239} INFO - Sync 1 DAGs
[2024-10-25T07:15:52.770+0000] {logging_mixin.py:190} INFO - [2024-10-25T07:15:52.769+0000] {dag.py:4180} INFO - Setting next_dagrun for example_sla_dag to 2024-10-25 07:12:00+00:00, run_after=2024-10-25 07:14:00+00:00
[2024-10-25T07:15:53.351+0000] {processor.py:208} INFO - Processing /home/airflow/.local/lib/python3.12/site-packages/airflow/example_dags/example_sla_dag.py took 2.762 seconds
[2024-10-25T07:16:23.935+0000] {processor.py:186} INFO - Started process (PID=298) to work on /home/airflow/.local/lib/python3.12/site-packages/airflow/example_dags/example_sla_dag.py
[2024-10-25T07:16:23.937+0000] {processor.py:914} INFO - Processing file /home/airflow/.local/lib/python3.12/site-packages/airflow/example_dags/example_sla_dag.py for tasks to queue
[2024-10-25T07:16:23.941+0000] {logging_mixin.py:190} INFO - [2024-10-25T07:16:23.941+0000] {dagbag.py:588} INFO - Filling up the DagBag from /home/airflow/.local/lib/python3.12/site-packages/airflow/example_dags/example_sla_dag.py
[2024-10-25T07:16:23.957+0000] {processor.py:925} INFO - DAG(s) 'example_sla_dag' retrieved from /home/airflow/.local/lib/python3.12/site-packages/airflow/example_dags/example_sla_dag.py
[2024-10-25T07:16:23.988+0000] {logging_mixin.py:190} INFO - [2024-10-25T07:16:23.988+0000] {dag.py:3239} INFO - Sync 1 DAGs
[2024-10-25T07:16:24.039+0000] {logging_mixin.py:190} INFO - [2024-10-25T07:16:24.038+0000] {dag.py:4180} INFO - Setting next_dagrun for example_sla_dag to 2024-10-25 07:14:00+00:00, run_after=2024-10-25 07:16:00+00:00
[2024-10-25T07:16:24.074+0000] {processor.py:208} INFO - Processing /home/airflow/.local/lib/python3.12/site-packages/airflow/example_dags/example_sla_dag.py took 0.148 seconds
[2024-10-25T07:16:54.210+0000] {processor.py:186} INFO - Started process (PID=367) to work on /home/airflow/.local/lib/python3.12/site-packages/airflow/example_dags/example_sla_dag.py
[2024-10-25T07:16:54.212+0000] {processor.py:914} INFO - Processing file /home/airflow/.local/lib/python3.12/site-packages/airflow/example_dags/example_sla_dag.py for tasks to queue
[2024-10-25T07:16:54.216+0000] {logging_mixin.py:190} INFO - [2024-10-25T07:16:54.215+0000] {dagbag.py:588} INFO - Filling up the DagBag from /home/airflow/.local/lib/python3.12/site-packages/airflow/example_dags/example_sla_dag.py
[2024-10-25T07:16:54.229+0000] {processor.py:925} INFO - DAG(s) 'example_sla_dag' retrieved from /home/airflow/.local/lib/python3.12/site-packages/airflow/example_dags/example_sla_dag.py
[2024-10-25T07:16:54.256+0000] {logging_mixin.py:190} INFO - [2024-10-25T07:16:54.255+0000] {dag.py:3239} INFO - Sync 1 DAGs
[2024-10-25T07:16:54.292+0000] {logging_mixin.py:190} INFO - [2024-10-25T07:16:54.292+0000] {dag.py:4180} INFO - Setting next_dagrun for example_sla_dag to 2024-10-25 07:14:00+00:00, run_after=2024-10-25 07:16:00+00:00
[2024-10-25T07:16:54.323+0000] {processor.py:208} INFO - Processing /home/airflow/.local/lib/python3.12/site-packages/airflow/example_dags/example_sla_dag.py took 0.121 seconds
[2024-10-25T07:17:24.764+0000] {processor.py:186} INFO - Started process (PID=436) to work on /home/airflow/.local/lib/python3.12/site-packages/airflow/example_dags/example_sla_dag.py
[2024-10-25T07:17:24.767+0000] {processor.py:914} INFO - Processing file /home/airflow/.local/lib/python3.12/site-packages/airflow/example_dags/example_sla_dag.py for tasks to queue
[2024-10-25T07:17:24.773+0000] {logging_mixin.py:190} INFO - [2024-10-25T07:17:24.771+0000] {dagbag.py:588} INFO - Filling up the DagBag from /home/airflow/.local/lib/python3.12/site-packages/airflow/example_dags/example_sla_dag.py
[2024-10-25T07:17:24.790+0000] {processor.py:925} INFO - DAG(s) 'example_sla_dag' retrieved from /home/airflow/.local/lib/python3.12/site-packages/airflow/example_dags/example_sla_dag.py
[2024-10-25T07:17:24.821+0000] {logging_mixin.py:190} INFO - [2024-10-25T07:17:24.821+0000] {dag.py:3239} INFO - Sync 1 DAGs
[2024-10-25T07:17:24.865+0000] {logging_mixin.py:190} INFO - [2024-10-25T07:17:24.864+0000] {dag.py:4180} INFO - Setting next_dagrun for example_sla_dag to 2024-10-25 07:14:00+00:00, run_after=2024-10-25 07:16:00+00:00
[2024-10-25T07:17:24.903+0000] {processor.py:208} INFO - Processing /home/airflow/.local/lib/python3.12/site-packages/airflow/example_dags/example_sla_dag.py took 0.152 seconds
[2024-10-25T07:17:55.052+0000] {processor.py:186} INFO - Started process (PID=512) to work on /home/airflow/.local/lib/python3.12/site-packages/airflow/example_dags/example_sla_dag.py
[2024-10-25T07:17:55.054+0000] {processor.py:914} INFO - Processing file /home/airflow/.local/lib/python3.12/site-packages/airflow/example_dags/example_sla_dag.py for tasks to queue
[2024-10-25T07:17:55.058+0000] {logging_mixin.py:190} INFO - [2024-10-25T07:17:55.057+0000] {dagbag.py:588} INFO - Filling up the DagBag from /home/airflow/.local/lib/python3.12/site-packages/airflow/example_dags/example_sla_dag.py
[2024-10-25T07:17:55.080+0000] {processor.py:925} INFO - DAG(s) 'example_sla_dag' retrieved from /home/airflow/.local/lib/python3.12/site-packages/airflow/example_dags/example_sla_dag.py
[2024-10-25T07:17:55.116+0000] {logging_mixin.py:190} INFO - [2024-10-25T07:17:55.115+0000] {dag.py:3239} INFO - Sync 1 DAGs
[2024-10-25T07:17:55.155+0000] {logging_mixin.py:190} INFO - [2024-10-25T07:17:55.154+0000] {dag.py:4180} INFO - Setting next_dagrun for example_sla_dag to 2024-10-25 07:14:00+00:00, run_after=2024-10-25 07:16:00+00:00
[2024-10-25T07:17:55.185+0000] {processor.py:208} INFO - Processing /home/airflow/.local/lib/python3.12/site-packages/airflow/example_dags/example_sla_dag.py took 0.142 seconds
[2024-10-25T07:18:26.179+0000] {processor.py:186} INFO - Started process (PID=580) to work on /home/airflow/.local/lib/python3.12/site-packages/airflow/example_dags/example_sla_dag.py
[2024-10-25T07:18:26.181+0000] {processor.py:914} INFO - Processing file /home/airflow/.local/lib/python3.12/site-packages/airflow/example_dags/example_sla_dag.py for tasks to queue
[2024-10-25T07:18:26.185+0000] {logging_mixin.py:190} INFO - [2024-10-25T07:18:26.184+0000] {dagbag.py:588} INFO - Filling up the DagBag from /home/airflow/.local/lib/python3.12/site-packages/airflow/example_dags/example_sla_dag.py
[2024-10-25T07:18:26.201+0000] {processor.py:925} INFO - DAG(s) 'example_sla_dag' retrieved from /home/airflow/.local/lib/python3.12/site-packages/airflow/example_dags/example_sla_dag.py
[2024-10-25T07:18:26.229+0000] {logging_mixin.py:190} INFO - [2024-10-25T07:18:26.228+0000] {dag.py:3239} INFO - Sync 1 DAGs
[2024-10-25T07:18:26.276+0000] {logging_mixin.py:190} INFO - [2024-10-25T07:18:26.275+0000] {dag.py:4180} INFO - Setting next_dagrun for example_sla_dag to 2024-10-25 07:16:00+00:00, run_after=2024-10-25 07:18:00+00:00
[2024-10-25T07:18:26.303+0000] {processor.py:208} INFO - Processing /home/airflow/.local/lib/python3.12/site-packages/airflow/example_dags/example_sla_dag.py took 0.131 seconds
[2024-10-25T07:18:56.527+0000] {processor.py:186} INFO - Started process (PID=649) to work on /home/airflow/.local/lib/python3.12/site-packages/airflow/example_dags/example_sla_dag.py
[2024-10-25T07:18:56.529+0000] {processor.py:914} INFO - Processing file /home/airflow/.local/lib/python3.12/site-packages/airflow/example_dags/example_sla_dag.py for tasks to queue
[2024-10-25T07:18:56.533+0000] {logging_mixin.py:190} INFO - [2024-10-25T07:18:56.533+0000] {dagbag.py:588} INFO - Filling up the DagBag from /home/airflow/.local/lib/python3.12/site-packages/airflow/example_dags/example_sla_dag.py
[2024-10-25T07:18:56.549+0000] {processor.py:925} INFO - DAG(s) 'example_sla_dag' retrieved from /home/airflow/.local/lib/python3.12/site-packages/airflow/example_dags/example_sla_dag.py
[2024-10-25T07:18:56.576+0000] {logging_mixin.py:190} INFO - [2024-10-25T07:18:56.576+0000] {dag.py:3239} INFO - Sync 1 DAGs
[2024-10-25T07:18:56.614+0000] {logging_mixin.py:190} INFO - [2024-10-25T07:18:56.613+0000] {dag.py:4180} INFO - Setting next_dagrun for example_sla_dag to 2024-10-25 07:16:00+00:00, run_after=2024-10-25 07:18:00+00:00
[2024-10-25T07:18:56.640+0000] {processor.py:208} INFO - Processing /home/airflow/.local/lib/python3.12/site-packages/airflow/example_dags/example_sla_dag.py took 0.126 seconds
[2024-10-25T07:19:27.032+0000] {processor.py:186} INFO - Started process (PID=718) to work on /home/airflow/.local/lib/python3.12/site-packages/airflow/example_dags/example_sla_dag.py
[2024-10-25T07:19:27.036+0000] {processor.py:914} INFO - Processing file /home/airflow/.local/lib/python3.12/site-packages/airflow/example_dags/example_sla_dag.py for tasks to queue
[2024-10-25T07:19:27.044+0000] {logging_mixin.py:190} INFO - [2024-10-25T07:19:27.043+0000] {dagbag.py:588} INFO - Filling up the DagBag from /home/airflow/.local/lib/python3.12/site-packages/airflow/example_dags/example_sla_dag.py
[2024-10-25T07:19:27.064+0000] {processor.py:925} INFO - DAG(s) 'example_sla_dag' retrieved from /home/airflow/.local/lib/python3.12/site-packages/airflow/example_dags/example_sla_dag.py
[2024-10-25T07:19:27.121+0000] {logging_mixin.py:190} INFO - [2024-10-25T07:19:27.121+0000] {dag.py:3239} INFO - Sync 1 DAGs
[2024-10-25T07:19:27.235+0000] {logging_mixin.py:190} INFO - [2024-10-25T07:19:27.234+0000] {dag.py:4180} INFO - Setting next_dagrun for example_sla_dag to 2024-10-25 07:16:00+00:00, run_after=2024-10-25 07:18:00+00:00
[2024-10-25T07:19:27.294+0000] {processor.py:208} INFO - Processing /home/airflow/.local/lib/python3.12/site-packages/airflow/example_dags/example_sla_dag.py took 0.278 seconds
[2024-10-25T07:19:57.437+0000] {processor.py:186} INFO - Started process (PID=786) to work on /home/airflow/.local/lib/python3.12/site-packages/airflow/example_dags/example_sla_dag.py
[2024-10-25T07:19:57.438+0000] {processor.py:914} INFO - Processing file /home/airflow/.local/lib/python3.12/site-packages/airflow/example_dags/example_sla_dag.py for tasks to queue
[2024-10-25T07:19:57.442+0000] {logging_mixin.py:190} INFO - [2024-10-25T07:19:57.441+0000] {dagbag.py:588} INFO - Filling up the DagBag from /home/airflow/.local/lib/python3.12/site-packages/airflow/example_dags/example_sla_dag.py
[2024-10-25T07:19:57.452+0000] {processor.py:925} INFO - DAG(s) 'example_sla_dag' retrieved from /home/airflow/.local/lib/python3.12/site-packages/airflow/example_dags/example_sla_dag.py
[2024-10-25T07:19:57.480+0000] {logging_mixin.py:190} INFO - [2024-10-25T07:19:57.480+0000] {dag.py:3239} INFO - Sync 1 DAGs
[2024-10-25T07:19:57.505+0000] {logging_mixin.py:190} INFO - [2024-10-25T07:19:57.505+0000] {dag.py:4180} INFO - Setting next_dagrun for example_sla_dag to 2024-10-25 07:16:00+00:00, run_after=2024-10-25 07:18:00+00:00
[2024-10-25T07:19:57.532+0000] {processor.py:208} INFO - Processing /home/airflow/.local/lib/python3.12/site-packages/airflow/example_dags/example_sla_dag.py took 0.102 seconds
[2024-10-25T07:20:28.352+0000] {processor.py:186} INFO - Started process (PID=855) to work on /home/airflow/.local/lib/python3.12/site-packages/airflow/example_dags/example_sla_dag.py
[2024-10-25T07:20:28.354+0000] {processor.py:914} INFO - Processing file /home/airflow/.local/lib/python3.12/site-packages/airflow/example_dags/example_sla_dag.py for tasks to queue
[2024-10-25T07:20:28.358+0000] {logging_mixin.py:190} INFO - [2024-10-25T07:20:28.357+0000] {dagbag.py:588} INFO - Filling up the DagBag from /home/airflow/.local/lib/python3.12/site-packages/airflow/example_dags/example_sla_dag.py
[2024-10-25T07:20:28.371+0000] {processor.py:925} INFO - DAG(s) 'example_sla_dag' retrieved from /home/airflow/.local/lib/python3.12/site-packages/airflow/example_dags/example_sla_dag.py
[2024-10-25T07:20:28.399+0000] {logging_mixin.py:190} INFO - [2024-10-25T07:20:28.398+0000] {dag.py:3239} INFO - Sync 1 DAGs
[2024-10-25T07:20:28.435+0000] {logging_mixin.py:190} INFO - [2024-10-25T07:20:28.435+0000] {dag.py:4180} INFO - Setting next_dagrun for example_sla_dag to 2024-10-25 07:18:00+00:00, run_after=2024-10-25 07:20:00+00:00
[2024-10-25T07:20:28.471+0000] {processor.py:208} INFO - Processing /home/airflow/.local/lib/python3.12/site-packages/airflow/example_dags/example_sla_dag.py took 0.126 seconds
[2024-10-25T07:20:58.566+0000] {processor.py:186} INFO - Started process (PID=924) to work on /home/airflow/.local/lib/python3.12/site-packages/airflow/example_dags/example_sla_dag.py
[2024-10-25T07:20:58.567+0000] {processor.py:914} INFO - Processing file /home/airflow/.local/lib/python3.12/site-packages/airflow/example_dags/example_sla_dag.py for tasks to queue
[2024-10-25T07:20:58.570+0000] {logging_mixin.py:190} INFO - [2024-10-25T07:20:58.570+0000] {dagbag.py:588} INFO - Filling up the DagBag from /home/airflow/.local/lib/python3.12/site-packages/airflow/example_dags/example_sla_dag.py
[2024-10-25T07:20:58.581+0000] {processor.py:925} INFO - DAG(s) 'example_sla_dag' retrieved from /home/airflow/.local/lib/python3.12/site-packages/airflow/example_dags/example_sla_dag.py
[2024-10-25T07:20:58.606+0000] {logging_mixin.py:190} INFO - [2024-10-25T07:20:58.606+0000] {dag.py:3239} INFO - Sync 1 DAGs
[2024-10-25T07:20:58.635+0000] {logging_mixin.py:190} INFO - [2024-10-25T07:20:58.635+0000] {dag.py:4180} INFO - Setting next_dagrun for example_sla_dag to 2024-10-25 07:18:00+00:00, run_after=2024-10-25 07:20:00+00:00
[2024-10-25T07:20:58.658+0000] {processor.py:208} INFO - Processing /home/airflow/.local/lib/python3.12/site-packages/airflow/example_dags/example_sla_dag.py took 0.099 seconds
[2024-10-25T07:21:28.865+0000] {processor.py:186} INFO - Started process (PID=993) to work on /home/airflow/.local/lib/python3.12/site-packages/airflow/example_dags/example_sla_dag.py
[2024-10-25T07:21:28.866+0000] {processor.py:914} INFO - Processing file /home/airflow/.local/lib/python3.12/site-packages/airflow/example_dags/example_sla_dag.py for tasks to queue
[2024-10-25T07:21:28.869+0000] {logging_mixin.py:190} INFO - [2024-10-25T07:21:28.869+0000] {dagbag.py:588} INFO - Filling up the DagBag from /home/airflow/.local/lib/python3.12/site-packages/airflow/example_dags/example_sla_dag.py
[2024-10-25T07:21:28.877+0000] {processor.py:925} INFO - DAG(s) 'example_sla_dag' retrieved from /home/airflow/.local/lib/python3.12/site-packages/airflow/example_dags/example_sla_dag.py
[2024-10-25T07:21:28.896+0000] {logging_mixin.py:190} INFO - [2024-10-25T07:21:28.896+0000] {dag.py:3239} INFO - Sync 1 DAGs
[2024-10-25T07:21:28.915+0000] {logging_mixin.py:190} INFO - [2024-10-25T07:21:28.914+0000] {dag.py:4180} INFO - Setting next_dagrun for example_sla_dag to 2024-10-25 07:18:00+00:00, run_after=2024-10-25 07:20:00+00:00
[2024-10-25T07:21:28.934+0000] {processor.py:208} INFO - Processing /home/airflow/.local/lib/python3.12/site-packages/airflow/example_dags/example_sla_dag.py took 0.074 seconds
[2024-10-25T07:21:59.328+0000] {processor.py:186} INFO - Started process (PID=1062) to work on /home/airflow/.local/lib/python3.12/site-packages/airflow/example_dags/example_sla_dag.py
[2024-10-25T07:21:59.330+0000] {processor.py:914} INFO - Processing file /home/airflow/.local/lib/python3.12/site-packages/airflow/example_dags/example_sla_dag.py for tasks to queue
[2024-10-25T07:21:59.333+0000] {logging_mixin.py:190} INFO - [2024-10-25T07:21:59.332+0000] {dagbag.py:588} INFO - Filling up the DagBag from /home/airflow/.local/lib/python3.12/site-packages/airflow/example_dags/example_sla_dag.py
[2024-10-25T07:21:59.343+0000] {processor.py:925} INFO - DAG(s) 'example_sla_dag' retrieved from /home/airflow/.local/lib/python3.12/site-packages/airflow/example_dags/example_sla_dag.py
[2024-10-25T07:21:59.362+0000] {logging_mixin.py:190} INFO - [2024-10-25T07:21:59.362+0000] {dag.py:3239} INFO - Sync 1 DAGs
[2024-10-25T07:21:59.387+0000] {logging_mixin.py:190} INFO - [2024-10-25T07:21:59.387+0000] {dag.py:4180} INFO - Setting next_dagrun for example_sla_dag to 2024-10-25 07:18:00+00:00, run_after=2024-10-25 07:20:00+00:00
[2024-10-25T07:21:59.404+0000] {processor.py:208} INFO - Processing /home/airflow/.local/lib/python3.12/site-packages/airflow/example_dags/example_sla_dag.py took 0.087 seconds
[2024-10-25T07:22:29.685+0000] {processor.py:186} INFO - Started process (PID=1131) to work on /home/airflow/.local/lib/python3.12/site-packages/airflow/example_dags/example_sla_dag.py
[2024-10-25T07:22:29.687+0000] {processor.py:914} INFO - Processing file /home/airflow/.local/lib/python3.12/site-packages/airflow/example_dags/example_sla_dag.py for tasks to queue
[2024-10-25T07:22:29.690+0000] {logging_mixin.py:190} INFO - [2024-10-25T07:22:29.690+0000] {dagbag.py:588} INFO - Filling up the DagBag from /home/airflow/.local/lib/python3.12/site-packages/airflow/example_dags/example_sla_dag.py
[2024-10-25T07:22:29.702+0000] {processor.py:925} INFO - DAG(s) 'example_sla_dag' retrieved from /home/airflow/.local/lib/python3.12/site-packages/airflow/example_dags/example_sla_dag.py
[2024-10-25T07:22:29.725+0000] {logging_mixin.py:190} INFO - [2024-10-25T07:22:29.725+0000] {dag.py:3239} INFO - Sync 1 DAGs
[2024-10-25T07:22:29.751+0000] {logging_mixin.py:190} INFO - [2024-10-25T07:22:29.751+0000] {dag.py:4180} INFO - Setting next_dagrun for example_sla_dag to 2024-10-25 07:20:00+00:00, run_after=2024-10-25 07:22:00+00:00
[2024-10-25T07:22:29.772+0000] {processor.py:208} INFO - Processing /home/airflow/.local/lib/python3.12/site-packages/airflow/example_dags/example_sla_dag.py took 0.093 seconds
[2024-10-25T07:23:00.172+0000] {processor.py:186} INFO - Started process (PID=1200) to work on /home/airflow/.local/lib/python3.12/site-packages/airflow/example_dags/example_sla_dag.py
[2024-10-25T07:23:00.173+0000] {processor.py:914} INFO - Processing file /home/airflow/.local/lib/python3.12/site-packages/airflow/example_dags/example_sla_dag.py for tasks to queue
[2024-10-25T07:23:00.178+0000] {logging_mixin.py:190} INFO - [2024-10-25T07:23:00.177+0000] {dagbag.py:588} INFO - Filling up the DagBag from /home/airflow/.local/lib/python3.12/site-packages/airflow/example_dags/example_sla_dag.py
[2024-10-25T07:23:00.195+0000] {processor.py:925} INFO - DAG(s) 'example_sla_dag' retrieved from /home/airflow/.local/lib/python3.12/site-packages/airflow/example_dags/example_sla_dag.py
[2024-10-25T07:23:00.234+0000] {logging_mixin.py:190} INFO - [2024-10-25T07:23:00.233+0000] {dag.py:3239} INFO - Sync 1 DAGs
[2024-10-25T07:23:00.285+0000] {logging_mixin.py:190} INFO - [2024-10-25T07:23:00.285+0000] {dag.py:4180} INFO - Setting next_dagrun for example_sla_dag to 2024-10-25 07:20:00+00:00, run_after=2024-10-25 07:22:00+00:00
[2024-10-25T07:23:00.326+0000] {processor.py:208} INFO - Processing /home/airflow/.local/lib/python3.12/site-packages/airflow/example_dags/example_sla_dag.py took 0.164 seconds
[2024-10-25T07:23:31.102+0000] {processor.py:186} INFO - Started process (PID=1269) to work on /home/airflow/.local/lib/python3.12/site-packages/airflow/example_dags/example_sla_dag.py
[2024-10-25T07:23:31.112+0000] {processor.py:914} INFO - Processing file /home/airflow/.local/lib/python3.12/site-packages/airflow/example_dags/example_sla_dag.py for tasks to queue
[2024-10-25T07:23:31.115+0000] {logging_mixin.py:190} INFO - [2024-10-25T07:23:31.115+0000] {dagbag.py:588} INFO - Filling up the DagBag from /home/airflow/.local/lib/python3.12/site-packages/airflow/example_dags/example_sla_dag.py
[2024-10-25T07:23:31.125+0000] {processor.py:925} INFO - DAG(s) 'example_sla_dag' retrieved from /home/airflow/.local/lib/python3.12/site-packages/airflow/example_dags/example_sla_dag.py
[2024-10-25T07:23:31.144+0000] {logging_mixin.py:190} INFO - [2024-10-25T07:23:31.144+0000] {dag.py:3239} INFO - Sync 1 DAGs
[2024-10-25T07:23:31.163+0000] {logging_mixin.py:190} INFO - [2024-10-25T07:23:31.163+0000] {dag.py:4180} INFO - Setting next_dagrun for example_sla_dag to 2024-10-25 07:20:00+00:00, run_after=2024-10-25 07:22:00+00:00
[2024-10-25T07:23:31.183+0000] {processor.py:208} INFO - Processing /home/airflow/.local/lib/python3.12/site-packages/airflow/example_dags/example_sla_dag.py took 0.088 seconds
[2024-10-25T07:24:01.799+0000] {processor.py:186} INFO - Started process (PID=1338) to work on /home/airflow/.local/lib/python3.12/site-packages/airflow/example_dags/example_sla_dag.py
[2024-10-25T07:24:01.801+0000] {processor.py:914} INFO - Processing file /home/airflow/.local/lib/python3.12/site-packages/airflow/example_dags/example_sla_dag.py for tasks to queue
[2024-10-25T07:24:01.805+0000] {logging_mixin.py:190} INFO - [2024-10-25T07:24:01.804+0000] {dagbag.py:588} INFO - Filling up the DagBag from /home/airflow/.local/lib/python3.12/site-packages/airflow/example_dags/example_sla_dag.py
[2024-10-25T07:24:01.818+0000] {processor.py:925} INFO - DAG(s) 'example_sla_dag' retrieved from /home/airflow/.local/lib/python3.12/site-packages/airflow/example_dags/example_sla_dag.py
[2024-10-25T07:24:01.842+0000] {logging_mixin.py:190} INFO - [2024-10-25T07:24:01.841+0000] {dag.py:3239} INFO - Sync 1 DAGs
[2024-10-25T07:24:01.863+0000] {logging_mixin.py:190} INFO - [2024-10-25T07:24:01.863+0000] {dag.py:4180} INFO - Setting next_dagrun for example_sla_dag to 2024-10-25 07:22:00+00:00, run_after=2024-10-25 07:24:00+00:00
[2024-10-25T07:24:01.921+0000] {processor.py:208} INFO - Processing /home/airflow/.local/lib/python3.12/site-packages/airflow/example_dags/example_sla_dag.py took 0.129 seconds
[2024-10-25T07:24:32.193+0000] {processor.py:186} INFO - Started process (PID=1407) to work on /home/airflow/.local/lib/python3.12/site-packages/airflow/example_dags/example_sla_dag.py
[2024-10-25T07:24:32.195+0000] {processor.py:914} INFO - Processing file /home/airflow/.local/lib/python3.12/site-packages/airflow/example_dags/example_sla_dag.py for tasks to queue
[2024-10-25T07:24:32.198+0000] {logging_mixin.py:190} INFO - [2024-10-25T07:24:32.198+0000] {dagbag.py:588} INFO - Filling up the DagBag from /home/airflow/.local/lib/python3.12/site-packages/airflow/example_dags/example_sla_dag.py
[2024-10-25T07:24:32.211+0000] {processor.py:925} INFO - DAG(s) 'example_sla_dag' retrieved from /home/airflow/.local/lib/python3.12/site-packages/airflow/example_dags/example_sla_dag.py
[2024-10-25T07:24:32.237+0000] {logging_mixin.py:190} INFO - [2024-10-25T07:24:32.236+0000] {dag.py:3239} INFO - Sync 1 DAGs
[2024-10-25T07:24:32.267+0000] {logging_mixin.py:190} INFO - [2024-10-25T07:24:32.267+0000] {dag.py:4180} INFO - Setting next_dagrun for example_sla_dag to 2024-10-25 07:22:00+00:00, run_after=2024-10-25 07:24:00+00:00
[2024-10-25T07:24:32.302+0000] {processor.py:208} INFO - Processing /home/airflow/.local/lib/python3.12/site-packages/airflow/example_dags/example_sla_dag.py took 0.114 seconds
[2024-10-25T07:25:02.660+0000] {processor.py:186} INFO - Started process (PID=1476) to work on /home/airflow/.local/lib/python3.12/site-packages/airflow/example_dags/example_sla_dag.py
[2024-10-25T07:25:02.662+0000] {processor.py:914} INFO - Processing file /home/airflow/.local/lib/python3.12/site-packages/airflow/example_dags/example_sla_dag.py for tasks to queue
[2024-10-25T07:25:02.665+0000] {logging_mixin.py:190} INFO - [2024-10-25T07:25:02.665+0000] {dagbag.py:588} INFO - Filling up the DagBag from /home/airflow/.local/lib/python3.12/site-packages/airflow/example_dags/example_sla_dag.py
[2024-10-25T07:25:02.674+0000] {processor.py:925} INFO - DAG(s) 'example_sla_dag' retrieved from /home/airflow/.local/lib/python3.12/site-packages/airflow/example_dags/example_sla_dag.py
[2024-10-25T07:25:02.694+0000] {logging_mixin.py:190} INFO - [2024-10-25T07:25:02.694+0000] {dag.py:3239} INFO - Sync 1 DAGs
[2024-10-25T07:25:02.714+0000] {logging_mixin.py:190} INFO - [2024-10-25T07:25:02.714+0000] {dag.py:4180} INFO - Setting next_dagrun for example_sla_dag to 2024-10-25 07:22:00+00:00, run_after=2024-10-25 07:24:00+00:00
[2024-10-25T07:25:02.731+0000] {processor.py:208} INFO - Processing /home/airflow/.local/lib/python3.12/site-packages/airflow/example_dags/example_sla_dag.py took 0.075 seconds
[2024-10-25T07:25:32.896+0000] {processor.py:186} INFO - Started process (PID=1545) to work on /home/airflow/.local/lib/python3.12/site-packages/airflow/example_dags/example_sla_dag.py
[2024-10-25T07:25:32.898+0000] {processor.py:914} INFO - Processing file /home/airflow/.local/lib/python3.12/site-packages/airflow/example_dags/example_sla_dag.py for tasks to queue
[2024-10-25T07:25:32.901+0000] {logging_mixin.py:190} INFO - [2024-10-25T07:25:32.901+0000] {dagbag.py:588} INFO - Filling up the DagBag from /home/airflow/.local/lib/python3.12/site-packages/airflow/example_dags/example_sla_dag.py
[2024-10-25T07:25:32.914+0000] {processor.py:925} INFO - DAG(s) 'example_sla_dag' retrieved from /home/airflow/.local/lib/python3.12/site-packages/airflow/example_dags/example_sla_dag.py
[2024-10-25T07:25:32.936+0000] {logging_mixin.py:190} INFO - [2024-10-25T07:25:32.936+0000] {dag.py:3239} INFO - Sync 1 DAGs
[2024-10-25T07:25:32.963+0000] {logging_mixin.py:190} INFO - [2024-10-25T07:25:32.963+0000] {dag.py:4180} INFO - Setting next_dagrun for example_sla_dag to 2024-10-25 07:22:00+00:00, run_after=2024-10-25 07:24:00+00:00
[2024-10-25T07:25:33.032+0000] {processor.py:208} INFO - Processing /home/airflow/.local/lib/python3.12/site-packages/airflow/example_dags/example_sla_dag.py took 0.141 seconds
[2024-10-25T07:26:03.839+0000] {processor.py:186} INFO - Started process (PID=1614) to work on /home/airflow/.local/lib/python3.12/site-packages/airflow/example_dags/example_sla_dag.py
[2024-10-25T07:26:03.841+0000] {processor.py:914} INFO - Processing file /home/airflow/.local/lib/python3.12/site-packages/airflow/example_dags/example_sla_dag.py for tasks to queue
[2024-10-25T07:26:03.846+0000] {logging_mixin.py:190} INFO - [2024-10-25T07:26:03.846+0000] {dagbag.py:588} INFO - Filling up the DagBag from /home/airflow/.local/lib/python3.12/site-packages/airflow/example_dags/example_sla_dag.py
[2024-10-25T07:26:03.867+0000] {processor.py:925} INFO - DAG(s) 'example_sla_dag' retrieved from /home/airflow/.local/lib/python3.12/site-packages/airflow/example_dags/example_sla_dag.py
[2024-10-25T07:26:03.915+0000] {logging_mixin.py:190} INFO - [2024-10-25T07:26:03.915+0000] {dag.py:3239} INFO - Sync 1 DAGs
[2024-10-25T07:26:03.986+0000] {logging_mixin.py:190} INFO - [2024-10-25T07:26:03.985+0000] {dag.py:4180} INFO - Setting next_dagrun for example_sla_dag to 2024-10-25 07:24:00+00:00, run_after=2024-10-25 07:26:00+00:00
[2024-10-25T07:26:04.027+0000] {processor.py:208} INFO - Processing /home/airflow/.local/lib/python3.12/site-packages/airflow/example_dags/example_sla_dag.py took 0.199 seconds
[2024-10-25T07:26:34.161+0000] {processor.py:186} INFO - Started process (PID=1684) to work on /home/airflow/.local/lib/python3.12/site-packages/airflow/example_dags/example_sla_dag.py
[2024-10-25T07:26:34.163+0000] {processor.py:914} INFO - Processing file /home/airflow/.local/lib/python3.12/site-packages/airflow/example_dags/example_sla_dag.py for tasks to queue
[2024-10-25T07:26:34.169+0000] {logging_mixin.py:190} INFO - [2024-10-25T07:26:34.168+0000] {dagbag.py:588} INFO - Filling up the DagBag from /home/airflow/.local/lib/python3.12/site-packages/airflow/example_dags/example_sla_dag.py
[2024-10-25T07:26:34.188+0000] {processor.py:925} INFO - DAG(s) 'example_sla_dag' retrieved from /home/airflow/.local/lib/python3.12/site-packages/airflow/example_dags/example_sla_dag.py
[2024-10-25T07:26:34.219+0000] {logging_mixin.py:190} INFO - [2024-10-25T07:26:34.219+0000] {dag.py:3239} INFO - Sync 1 DAGs
[2024-10-25T07:26:34.272+0000] {logging_mixin.py:190} INFO - [2024-10-25T07:26:34.272+0000] {dag.py:4180} INFO - Setting next_dagrun for example_sla_dag to 2024-10-25 07:24:00+00:00, run_after=2024-10-25 07:26:00+00:00
[2024-10-25T07:26:34.312+0000] {processor.py:208} INFO - Processing /home/airflow/.local/lib/python3.12/site-packages/airflow/example_dags/example_sla_dag.py took 0.164 seconds
[2024-10-25T07:27:04.978+0000] {processor.py:186} INFO - Started process (PID=1753) to work on /home/airflow/.local/lib/python3.12/site-packages/airflow/example_dags/example_sla_dag.py
[2024-10-25T07:27:04.980+0000] {processor.py:914} INFO - Processing file /home/airflow/.local/lib/python3.12/site-packages/airflow/example_dags/example_sla_dag.py for tasks to queue
[2024-10-25T07:27:04.983+0000] {logging_mixin.py:190} INFO - [2024-10-25T07:27:04.983+0000] {dagbag.py:588} INFO - Filling up the DagBag from /home/airflow/.local/lib/python3.12/site-packages/airflow/example_dags/example_sla_dag.py
[2024-10-25T07:27:04.994+0000] {processor.py:925} INFO - DAG(s) 'example_sla_dag' retrieved from /home/airflow/.local/lib/python3.12/site-packages/airflow/example_dags/example_sla_dag.py
[2024-10-25T07:27:05.017+0000] {logging_mixin.py:190} INFO - [2024-10-25T07:27:05.017+0000] {dag.py:3239} INFO - Sync 1 DAGs
[2024-10-25T07:27:05.041+0000] {logging_mixin.py:190} INFO - [2024-10-25T07:27:05.041+0000] {dag.py:4180} INFO - Setting next_dagrun for example_sla_dag to 2024-10-25 07:24:00+00:00, run_after=2024-10-25 07:26:00+00:00
[2024-10-25T07:27:05.061+0000] {processor.py:208} INFO - Processing /home/airflow/.local/lib/python3.12/site-packages/airflow/example_dags/example_sla_dag.py took 0.089 seconds
[2024-10-25T07:27:35.138+0000] {processor.py:186} INFO - Started process (PID=1822) to work on /home/airflow/.local/lib/python3.12/site-packages/airflow/example_dags/example_sla_dag.py
[2024-10-25T07:27:35.139+0000] {processor.py:914} INFO - Processing file /home/airflow/.local/lib/python3.12/site-packages/airflow/example_dags/example_sla_dag.py for tasks to queue
[2024-10-25T07:27:35.142+0000] {logging_mixin.py:190} INFO - [2024-10-25T07:27:35.141+0000] {dagbag.py:588} INFO - Filling up the DagBag from /home/airflow/.local/lib/python3.12/site-packages/airflow/example_dags/example_sla_dag.py
[2024-10-25T07:27:35.150+0000] {processor.py:925} INFO - DAG(s) 'example_sla_dag' retrieved from /home/airflow/.local/lib/python3.12/site-packages/airflow/example_dags/example_sla_dag.py
[2024-10-25T07:27:35.170+0000] {logging_mixin.py:190} INFO - [2024-10-25T07:27:35.170+0000] {dag.py:3239} INFO - Sync 1 DAGs
[2024-10-25T07:27:35.193+0000] {logging_mixin.py:190} INFO - [2024-10-25T07:27:35.193+0000] {dag.py:4180} INFO - Setting next_dagrun for example_sla_dag to 2024-10-25 07:24:00+00:00, run_after=2024-10-25 07:26:00+00:00
[2024-10-25T07:27:35.215+0000] {processor.py:208} INFO - Processing /home/airflow/.local/lib/python3.12/site-packages/airflow/example_dags/example_sla_dag.py took 0.082 seconds
[2024-10-25T07:28:05.556+0000] {processor.py:186} INFO - Started process (PID=1891) to work on /home/airflow/.local/lib/python3.12/site-packages/airflow/example_dags/example_sla_dag.py
[2024-10-25T07:28:05.558+0000] {processor.py:914} INFO - Processing file /home/airflow/.local/lib/python3.12/site-packages/airflow/example_dags/example_sla_dag.py for tasks to queue
[2024-10-25T07:28:05.561+0000] {logging_mixin.py:190} INFO - [2024-10-25T07:28:05.561+0000] {dagbag.py:588} INFO - Filling up the DagBag from /home/airflow/.local/lib/python3.12/site-packages/airflow/example_dags/example_sla_dag.py
[2024-10-25T07:28:05.570+0000] {processor.py:925} INFO - DAG(s) 'example_sla_dag' retrieved from /home/airflow/.local/lib/python3.12/site-packages/airflow/example_dags/example_sla_dag.py
[2024-10-25T07:28:05.590+0000] {logging_mixin.py:190} INFO - [2024-10-25T07:28:05.590+0000] {dag.py:3239} INFO - Sync 1 DAGs
[2024-10-25T07:28:05.616+0000] {logging_mixin.py:190} INFO - [2024-10-25T07:28:05.616+0000] {dag.py:4180} INFO - Setting next_dagrun for example_sla_dag to 2024-10-25 07:26:00+00:00, run_after=2024-10-25 07:28:00+00:00
[2024-10-25T07:28:05.678+0000] {processor.py:208} INFO - Processing /home/airflow/.local/lib/python3.12/site-packages/airflow/example_dags/example_sla_dag.py took 0.127 seconds
[2024-10-25T07:28:35.991+0000] {processor.py:186} INFO - Started process (PID=1960) to work on /home/airflow/.local/lib/python3.12/site-packages/airflow/example_dags/example_sla_dag.py
[2024-10-25T07:28:35.993+0000] {processor.py:914} INFO - Processing file /home/airflow/.local/lib/python3.12/site-packages/airflow/example_dags/example_sla_dag.py for tasks to queue
[2024-10-25T07:28:35.997+0000] {logging_mixin.py:190} INFO - [2024-10-25T07:28:35.996+0000] {dagbag.py:588} INFO - Filling up the DagBag from /home/airflow/.local/lib/python3.12/site-packages/airflow/example_dags/example_sla_dag.py
[2024-10-25T07:28:36.009+0000] {processor.py:925} INFO - DAG(s) 'example_sla_dag' retrieved from /home/airflow/.local/lib/python3.12/site-packages/airflow/example_dags/example_sla_dag.py
[2024-10-25T07:28:36.034+0000] {logging_mixin.py:190} INFO - [2024-10-25T07:28:36.034+0000] {dag.py:3239} INFO - Sync 1 DAGs
[2024-10-25T07:28:36.060+0000] {logging_mixin.py:190} INFO - [2024-10-25T07:28:36.059+0000] {dag.py:4180} INFO - Setting next_dagrun for example_sla_dag to 2024-10-25 07:26:00+00:00, run_after=2024-10-25 07:28:00+00:00
[2024-10-25T07:28:36.084+0000] {processor.py:208} INFO - Processing /home/airflow/.local/lib/python3.12/site-packages/airflow/example_dags/example_sla_dag.py took 0.100 seconds
[2024-10-25T07:29:06.418+0000] {processor.py:186} INFO - Started process (PID=2029) to work on /home/airflow/.local/lib/python3.12/site-packages/airflow/example_dags/example_sla_dag.py
[2024-10-25T07:29:06.420+0000] {processor.py:914} INFO - Processing file /home/airflow/.local/lib/python3.12/site-packages/airflow/example_dags/example_sla_dag.py for tasks to queue
[2024-10-25T07:29:06.423+0000] {logging_mixin.py:190} INFO - [2024-10-25T07:29:06.423+0000] {dagbag.py:588} INFO - Filling up the DagBag from /home/airflow/.local/lib/python3.12/site-packages/airflow/example_dags/example_sla_dag.py
[2024-10-25T07:29:06.441+0000] {processor.py:925} INFO - DAG(s) 'example_sla_dag' retrieved from /home/airflow/.local/lib/python3.12/site-packages/airflow/example_dags/example_sla_dag.py
[2024-10-25T07:29:06.464+0000] {logging_mixin.py:190} INFO - [2024-10-25T07:29:06.464+0000] {dag.py:3239} INFO - Sync 1 DAGs
[2024-10-25T07:29:06.488+0000] {logging_mixin.py:190} INFO - [2024-10-25T07:29:06.488+0000] {dag.py:4180} INFO - Setting next_dagrun for example_sla_dag to 2024-10-25 07:26:00+00:00, run_after=2024-10-25 07:28:00+00:00
[2024-10-25T07:29:06.508+0000] {processor.py:208} INFO - Processing /home/airflow/.local/lib/python3.12/site-packages/airflow/example_dags/example_sla_dag.py took 0.097 seconds
[2024-10-25T07:29:37.430+0000] {processor.py:186} INFO - Started process (PID=2098) to work on /home/airflow/.local/lib/python3.12/site-packages/airflow/example_dags/example_sla_dag.py
[2024-10-25T07:29:37.431+0000] {processor.py:914} INFO - Processing file /home/airflow/.local/lib/python3.12/site-packages/airflow/example_dags/example_sla_dag.py for tasks to queue
[2024-10-25T07:29:37.434+0000] {logging_mixin.py:190} INFO - [2024-10-25T07:29:37.434+0000] {dagbag.py:588} INFO - Filling up the DagBag from /home/airflow/.local/lib/python3.12/site-packages/airflow/example_dags/example_sla_dag.py
[2024-10-25T07:29:37.450+0000] {processor.py:925} INFO - DAG(s) 'example_sla_dag' retrieved from /home/airflow/.local/lib/python3.12/site-packages/airflow/example_dags/example_sla_dag.py
[2024-10-25T07:29:37.471+0000] {logging_mixin.py:190} INFO - [2024-10-25T07:29:37.471+0000] {dag.py:3239} INFO - Sync 1 DAGs
[2024-10-25T07:29:37.492+0000] {logging_mixin.py:190} INFO - [2024-10-25T07:29:37.491+0000] {dag.py:4180} INFO - Setting next_dagrun for example_sla_dag to 2024-10-25 07:26:00+00:00, run_after=2024-10-25 07:28:00+00:00
[2024-10-25T07:29:37.509+0000] {processor.py:208} INFO - Processing /home/airflow/.local/lib/python3.12/site-packages/airflow/example_dags/example_sla_dag.py took 0.084 seconds
[2024-10-25T07:30:07.638+0000] {processor.py:186} INFO - Started process (PID=2166) to work on /home/airflow/.local/lib/python3.12/site-packages/airflow/example_dags/example_sla_dag.py
[2024-10-25T07:30:07.640+0000] {processor.py:914} INFO - Processing file /home/airflow/.local/lib/python3.12/site-packages/airflow/example_dags/example_sla_dag.py for tasks to queue
[2024-10-25T07:30:07.642+0000] {logging_mixin.py:190} INFO - [2024-10-25T07:30:07.642+0000] {dagbag.py:588} INFO - Filling up the DagBag from /home/airflow/.local/lib/python3.12/site-packages/airflow/example_dags/example_sla_dag.py
[2024-10-25T07:30:07.651+0000] {processor.py:925} INFO - DAG(s) 'example_sla_dag' retrieved from /home/airflow/.local/lib/python3.12/site-packages/airflow/example_dags/example_sla_dag.py
[2024-10-25T07:30:07.670+0000] {logging_mixin.py:190} INFO - [2024-10-25T07:30:07.670+0000] {dag.py:3239} INFO - Sync 1 DAGs
[2024-10-25T07:30:07.696+0000] {logging_mixin.py:190} INFO - [2024-10-25T07:30:07.696+0000] {dag.py:4180} INFO - Setting next_dagrun for example_sla_dag to 2024-10-25 07:28:00+00:00, run_after=2024-10-25 07:30:00+00:00
[2024-10-25T07:30:07.718+0000] {processor.py:208} INFO - Processing /home/airflow/.local/lib/python3.12/site-packages/airflow/example_dags/example_sla_dag.py took 0.085 seconds
[2024-10-25T07:30:38.664+0000] {processor.py:186} INFO - Started process (PID=2234) to work on /home/airflow/.local/lib/python3.12/site-packages/airflow/example_dags/example_sla_dag.py
[2024-10-25T07:30:38.665+0000] {processor.py:914} INFO - Processing file /home/airflow/.local/lib/python3.12/site-packages/airflow/example_dags/example_sla_dag.py for tasks to queue
[2024-10-25T07:30:38.668+0000] {logging_mixin.py:190} INFO - [2024-10-25T07:30:38.668+0000] {dagbag.py:588} INFO - Filling up the DagBag from /home/airflow/.local/lib/python3.12/site-packages/airflow/example_dags/example_sla_dag.py
[2024-10-25T07:30:38.678+0000] {processor.py:925} INFO - DAG(s) 'example_sla_dag' retrieved from /home/airflow/.local/lib/python3.12/site-packages/airflow/example_dags/example_sla_dag.py
[2024-10-25T07:30:38.698+0000] {logging_mixin.py:190} INFO - [2024-10-25T07:30:38.698+0000] {dag.py:3239} INFO - Sync 1 DAGs
[2024-10-25T07:30:38.722+0000] {logging_mixin.py:190} INFO - [2024-10-25T07:30:38.722+0000] {dag.py:4180} INFO - Setting next_dagrun for example_sla_dag to 2024-10-25 07:28:00+00:00, run_after=2024-10-25 07:30:00+00:00
[2024-10-25T07:30:38.742+0000] {processor.py:208} INFO - Processing /home/airflow/.local/lib/python3.12/site-packages/airflow/example_dags/example_sla_dag.py took 0.084 seconds
[2024-10-25T07:31:09.408+0000] {processor.py:186} INFO - Started process (PID=2303) to work on /home/airflow/.local/lib/python3.12/site-packages/airflow/example_dags/example_sla_dag.py
[2024-10-25T07:31:09.409+0000] {processor.py:914} INFO - Processing file /home/airflow/.local/lib/python3.12/site-packages/airflow/example_dags/example_sla_dag.py for tasks to queue
[2024-10-25T07:31:09.413+0000] {logging_mixin.py:190} INFO - [2024-10-25T07:31:09.413+0000] {dagbag.py:588} INFO - Filling up the DagBag from /home/airflow/.local/lib/python3.12/site-packages/airflow/example_dags/example_sla_dag.py
[2024-10-25T07:31:09.429+0000] {processor.py:925} INFO - DAG(s) 'example_sla_dag' retrieved from /home/airflow/.local/lib/python3.12/site-packages/airflow/example_dags/example_sla_dag.py
[2024-10-25T07:31:09.467+0000] {logging_mixin.py:190} INFO - [2024-10-25T07:31:09.466+0000] {dag.py:3239} INFO - Sync 1 DAGs
[2024-10-25T07:31:09.504+0000] {logging_mixin.py:190} INFO - [2024-10-25T07:31:09.504+0000] {dag.py:4180} INFO - Setting next_dagrun for example_sla_dag to 2024-10-25 07:28:00+00:00, run_after=2024-10-25 07:30:00+00:00
[2024-10-25T07:31:09.536+0000] {processor.py:208} INFO - Processing /home/airflow/.local/lib/python3.12/site-packages/airflow/example_dags/example_sla_dag.py took 0.136 seconds
[2024-10-25T07:31:39.728+0000] {processor.py:186} INFO - Started process (PID=2372) to work on /home/airflow/.local/lib/python3.12/site-packages/airflow/example_dags/example_sla_dag.py
[2024-10-25T07:31:39.730+0000] {processor.py:914} INFO - Processing file /home/airflow/.local/lib/python3.12/site-packages/airflow/example_dags/example_sla_dag.py for tasks to queue
[2024-10-25T07:31:39.732+0000] {logging_mixin.py:190} INFO - [2024-10-25T07:31:39.732+0000] {dagbag.py:588} INFO - Filling up the DagBag from /home/airflow/.local/lib/python3.12/site-packages/airflow/example_dags/example_sla_dag.py
[2024-10-25T07:31:39.744+0000] {processor.py:925} INFO - DAG(s) 'example_sla_dag' retrieved from /home/airflow/.local/lib/python3.12/site-packages/airflow/example_dags/example_sla_dag.py
[2024-10-25T07:31:39.766+0000] {logging_mixin.py:190} INFO - [2024-10-25T07:31:39.766+0000] {dag.py:3239} INFO - Sync 1 DAGs
[2024-10-25T07:31:39.791+0000] {logging_mixin.py:190} INFO - [2024-10-25T07:31:39.791+0000] {dag.py:4180} INFO - Setting next_dagrun for example_sla_dag to 2024-10-25 07:28:00+00:00, run_after=2024-10-25 07:30:00+00:00
[2024-10-25T07:31:39.813+0000] {processor.py:208} INFO - Processing /home/airflow/.local/lib/python3.12/site-packages/airflow/example_dags/example_sla_dag.py took 0.090 seconds
[2024-10-25T07:32:52.583+0000] {processor.py:186} INFO - Started process (PID=2458) to work on /home/airflow/.local/lib/python3.12/site-packages/airflow/example_dags/example_sla_dag.py
[2024-10-25T07:32:52.585+0000] {processor.py:914} INFO - Processing file /home/airflow/.local/lib/python3.12/site-packages/airflow/example_dags/example_sla_dag.py for tasks to queue
[2024-10-25T07:32:52.588+0000] {logging_mixin.py:190} INFO - [2024-10-25T07:32:52.587+0000] {dagbag.py:588} INFO - Filling up the DagBag from /home/airflow/.local/lib/python3.12/site-packages/airflow/example_dags/example_sla_dag.py
[2024-10-25T07:32:52.605+0000] {processor.py:925} INFO - DAG(s) 'example_sla_dag' retrieved from /home/airflow/.local/lib/python3.12/site-packages/airflow/example_dags/example_sla_dag.py
[2024-10-25T07:32:52.639+0000] {logging_mixin.py:190} INFO - [2024-10-25T07:32:52.639+0000] {dag.py:3239} INFO - Sync 1 DAGs
[2024-10-25T07:32:52.681+0000] {logging_mixin.py:190} INFO - [2024-10-25T07:32:52.681+0000] {dag.py:4180} INFO - Setting next_dagrun for example_sla_dag to 2024-10-25 07:30:00+00:00, run_after=2024-10-25 07:32:00+00:00
[2024-10-25T07:32:52.718+0000] {processor.py:208} INFO - Processing /home/airflow/.local/lib/python3.12/site-packages/airflow/example_dags/example_sla_dag.py took 0.145 seconds
[2024-10-25T07:33:23.313+0000] {processor.py:186} INFO - Started process (PID=2527) to work on /home/airflow/.local/lib/python3.12/site-packages/airflow/example_dags/example_sla_dag.py
[2024-10-25T07:33:23.315+0000] {processor.py:914} INFO - Processing file /home/airflow/.local/lib/python3.12/site-packages/airflow/example_dags/example_sla_dag.py for tasks to queue
[2024-10-25T07:33:23.317+0000] {logging_mixin.py:190} INFO - [2024-10-25T07:33:23.317+0000] {dagbag.py:588} INFO - Filling up the DagBag from /home/airflow/.local/lib/python3.12/site-packages/airflow/example_dags/example_sla_dag.py
[2024-10-25T07:33:23.332+0000] {processor.py:925} INFO - DAG(s) 'example_sla_dag' retrieved from /home/airflow/.local/lib/python3.12/site-packages/airflow/example_dags/example_sla_dag.py
[2024-10-25T07:33:23.356+0000] {logging_mixin.py:190} INFO - [2024-10-25T07:33:23.356+0000] {dag.py:3239} INFO - Sync 1 DAGs
[2024-10-25T07:33:23.381+0000] {logging_mixin.py:190} INFO - [2024-10-25T07:33:23.381+0000] {dag.py:4180} INFO - Setting next_dagrun for example_sla_dag to 2024-10-25 07:30:00+00:00, run_after=2024-10-25 07:32:00+00:00
[2024-10-25T07:33:23.403+0000] {processor.py:208} INFO - Processing /home/airflow/.local/lib/python3.12/site-packages/airflow/example_dags/example_sla_dag.py took 0.096 seconds
[2024-10-25T07:33:54.852+0000] {processor.py:186} INFO - Started process (PID=2596) to work on /home/airflow/.local/lib/python3.12/site-packages/airflow/example_dags/example_sla_dag.py
[2024-10-25T07:33:54.853+0000] {processor.py:914} INFO - Processing file /home/airflow/.local/lib/python3.12/site-packages/airflow/example_dags/example_sla_dag.py for tasks to queue
[2024-10-25T07:33:54.856+0000] {logging_mixin.py:190} INFO - [2024-10-25T07:33:54.855+0000] {dagbag.py:588} INFO - Filling up the DagBag from /home/airflow/.local/lib/python3.12/site-packages/airflow/example_dags/example_sla_dag.py
[2024-10-25T07:33:54.879+0000] {processor.py:925} INFO - DAG(s) 'example_sla_dag' retrieved from /home/airflow/.local/lib/python3.12/site-packages/airflow/example_dags/example_sla_dag.py
[2024-10-25T07:33:54.934+0000] {logging_mixin.py:190} INFO - [2024-10-25T07:33:54.933+0000] {dag.py:3239} INFO - Sync 1 DAGs
[2024-10-25T07:33:54.972+0000] {logging_mixin.py:190} INFO - [2024-10-25T07:33:54.972+0000] {dag.py:4180} INFO - Setting next_dagrun for example_sla_dag to 2024-10-25 07:30:00+00:00, run_after=2024-10-25 07:32:00+00:00
[2024-10-25T07:33:55.001+0000] {processor.py:208} INFO - Processing /home/airflow/.local/lib/python3.12/site-packages/airflow/example_dags/example_sla_dag.py took 0.159 seconds
[2024-10-25T07:34:25.623+0000] {processor.py:186} INFO - Started process (PID=2665) to work on /home/airflow/.local/lib/python3.12/site-packages/airflow/example_dags/example_sla_dag.py
[2024-10-25T07:34:25.624+0000] {processor.py:914} INFO - Processing file /home/airflow/.local/lib/python3.12/site-packages/airflow/example_dags/example_sla_dag.py for tasks to queue
[2024-10-25T07:34:25.626+0000] {logging_mixin.py:190} INFO - [2024-10-25T07:34:25.626+0000] {dagbag.py:588} INFO - Filling up the DagBag from /home/airflow/.local/lib/python3.12/site-packages/airflow/example_dags/example_sla_dag.py
[2024-10-25T07:34:25.636+0000] {processor.py:925} INFO - DAG(s) 'example_sla_dag' retrieved from /home/airflow/.local/lib/python3.12/site-packages/airflow/example_dags/example_sla_dag.py
[2024-10-25T07:34:25.854+0000] {logging_mixin.py:190} INFO - [2024-10-25T07:34:25.853+0000] {dag.py:3239} INFO - Sync 1 DAGs
[2024-10-25T07:34:25.879+0000] {logging_mixin.py:190} INFO - [2024-10-25T07:34:25.879+0000] {dag.py:4180} INFO - Setting next_dagrun for example_sla_dag to 2024-10-25 07:32:00+00:00, run_after=2024-10-25 07:34:00+00:00
[2024-10-25T07:34:25.905+0000] {processor.py:208} INFO - Processing /home/airflow/.local/lib/python3.12/site-packages/airflow/example_dags/example_sla_dag.py took 0.287 seconds
[2024-10-25T07:34:56.095+0000] {processor.py:186} INFO - Started process (PID=2734) to work on /home/airflow/.local/lib/python3.12/site-packages/airflow/example_dags/example_sla_dag.py
[2024-10-25T07:34:56.097+0000] {processor.py:914} INFO - Processing file /home/airflow/.local/lib/python3.12/site-packages/airflow/example_dags/example_sla_dag.py for tasks to queue
[2024-10-25T07:34:56.099+0000] {logging_mixin.py:190} INFO - [2024-10-25T07:34:56.099+0000] {dagbag.py:588} INFO - Filling up the DagBag from /home/airflow/.local/lib/python3.12/site-packages/airflow/example_dags/example_sla_dag.py
[2024-10-25T07:34:56.111+0000] {processor.py:925} INFO - DAG(s) 'example_sla_dag' retrieved from /home/airflow/.local/lib/python3.12/site-packages/airflow/example_dags/example_sla_dag.py
[2024-10-25T07:34:56.140+0000] {logging_mixin.py:190} INFO - [2024-10-25T07:34:56.140+0000] {dag.py:3239} INFO - Sync 1 DAGs
[2024-10-25T07:34:56.166+0000] {logging_mixin.py:190} INFO - [2024-10-25T07:34:56.165+0000] {dag.py:4180} INFO - Setting next_dagrun for example_sla_dag to 2024-10-25 07:32:00+00:00, run_after=2024-10-25 07:34:00+00:00
[2024-10-25T07:34:56.189+0000] {processor.py:208} INFO - Processing /home/airflow/.local/lib/python3.12/site-packages/airflow/example_dags/example_sla_dag.py took 0.103 seconds
[2024-10-25T07:35:26.422+0000] {processor.py:186} INFO - Started process (PID=2803) to work on /home/airflow/.local/lib/python3.12/site-packages/airflow/example_dags/example_sla_dag.py
[2024-10-25T07:35:26.424+0000] {processor.py:914} INFO - Processing file /home/airflow/.local/lib/python3.12/site-packages/airflow/example_dags/example_sla_dag.py for tasks to queue
[2024-10-25T07:35:26.427+0000] {logging_mixin.py:190} INFO - [2024-10-25T07:35:26.426+0000] {dagbag.py:588} INFO - Filling up the DagBag from /home/airflow/.local/lib/python3.12/site-packages/airflow/example_dags/example_sla_dag.py
[2024-10-25T07:35:26.444+0000] {processor.py:925} INFO - DAG(s) 'example_sla_dag' retrieved from /home/airflow/.local/lib/python3.12/site-packages/airflow/example_dags/example_sla_dag.py
[2024-10-25T07:35:26.470+0000] {logging_mixin.py:190} INFO - [2024-10-25T07:35:26.469+0000] {dag.py:3239} INFO - Sync 1 DAGs
[2024-10-25T07:35:26.499+0000] {logging_mixin.py:190} INFO - [2024-10-25T07:35:26.499+0000] {dag.py:4180} INFO - Setting next_dagrun for example_sla_dag to 2024-10-25 07:32:00+00:00, run_after=2024-10-25 07:34:00+00:00
[2024-10-25T07:35:26.527+0000] {processor.py:208} INFO - Processing /home/airflow/.local/lib/python3.12/site-packages/airflow/example_dags/example_sla_dag.py took 0.112 seconds
[2024-10-25T07:37:56.705+0000] {processor.py:186} INFO - Started process (PID=97) to work on /home/airflow/.local/lib/python3.12/site-packages/airflow/example_dags/example_sla_dag.py
[2024-10-25T07:37:56.706+0000] {processor.py:914} INFO - Processing file /home/airflow/.local/lib/python3.12/site-packages/airflow/example_dags/example_sla_dag.py for tasks to queue
[2024-10-25T07:37:56.710+0000] {logging_mixin.py:190} INFO - [2024-10-25T07:37:56.709+0000] {dagbag.py:588} INFO - Filling up the DagBag from /home/airflow/.local/lib/python3.12/site-packages/airflow/example_dags/example_sla_dag.py
[2024-10-25T07:37:56.723+0000] {processor.py:925} INFO - DAG(s) 'example_sla_dag' retrieved from /home/airflow/.local/lib/python3.12/site-packages/airflow/example_dags/example_sla_dag.py
[2024-10-25T07:37:56.751+0000] {logging_mixin.py:190} INFO - [2024-10-25T07:37:56.751+0000] {dag.py:3239} INFO - Sync 1 DAGs
[2024-10-25T07:37:56.781+0000] {logging_mixin.py:190} INFO - [2024-10-25T07:37:56.781+0000] {dag.py:4180} INFO - Setting next_dagrun for example_sla_dag to 2024-10-25 07:34:00+00:00, run_after=2024-10-25 07:36:00+00:00
[2024-10-25T07:37:56.807+0000] {processor.py:208} INFO - Processing /home/airflow/.local/lib/python3.12/site-packages/airflow/example_dags/example_sla_dag.py took 0.108 seconds
[2024-10-25T07:38:28.933+0000] {processor.py:186} INFO - Started process (PID=167) to work on /home/airflow/.local/lib/python3.12/site-packages/airflow/example_dags/example_sla_dag.py
[2024-10-25T07:38:28.934+0000] {processor.py:914} INFO - Processing file /home/airflow/.local/lib/python3.12/site-packages/airflow/example_dags/example_sla_dag.py for tasks to queue
[2024-10-25T07:38:28.940+0000] {logging_mixin.py:190} INFO - [2024-10-25T07:38:28.939+0000] {dagbag.py:588} INFO - Filling up the DagBag from /home/airflow/.local/lib/python3.12/site-packages/airflow/example_dags/example_sla_dag.py
[2024-10-25T07:38:28.958+0000] {processor.py:925} INFO - DAG(s) 'example_sla_dag' retrieved from /home/airflow/.local/lib/python3.12/site-packages/airflow/example_dags/example_sla_dag.py
[2024-10-25T07:38:28.988+0000] {logging_mixin.py:190} INFO - [2024-10-25T07:38:28.988+0000] {dag.py:3239} INFO - Sync 1 DAGs
[2024-10-25T07:38:29.020+0000] {logging_mixin.py:190} INFO - [2024-10-25T07:38:29.019+0000] {dag.py:4180} INFO - Setting next_dagrun for example_sla_dag to 2024-10-25 07:36:00+00:00, run_after=2024-10-25 07:38:00+00:00
[2024-10-25T07:38:29.048+0000] {processor.py:208} INFO - Processing /home/airflow/.local/lib/python3.12/site-packages/airflow/example_dags/example_sla_dag.py took 0.122 seconds
