[2024-10-25T07:15:44.647+0000] {processor.py:186} INFO - Started process (PID=225) to work on /home/airflow/.local/lib/python3.12/site-packages/airflow/example_dags/example_complex.py
[2024-10-25T07:15:44.693+0000] {processor.py:914} INFO - Processing file /home/airflow/.local/lib/python3.12/site-packages/airflow/example_dags/example_complex.py for tasks to queue
[2024-10-25T07:15:44.800+0000] {logging_mixin.py:190} INFO - [2024-10-25T07:15:44.782+0000] {dagbag.py:588} INFO - Filling up the DagBag from /home/airflow/.local/lib/python3.12/site-packages/airflow/example_dags/example_complex.py
[2024-10-25T07:15:45.155+0000] {processor.py:925} INFO - DAG(s) 'example_complex' retrieved from /home/airflow/.local/lib/python3.12/site-packages/airflow/example_dags/example_complex.py
[2024-10-25T07:15:45.933+0000] {logging_mixin.py:190} INFO - [2024-10-25T07:15:45.932+0000] {dag.py:3239} INFO - Sync 1 DAGs
[2024-10-25T07:15:46.079+0000] {logging_mixin.py:190} INFO - [2024-10-25T07:15:46.078+0000] {dag.py:4180} INFO - Setting next_dagrun for example_complex to None, run_after=None
[2024-10-25T07:15:46.284+0000] {processor.py:208} INFO - Processing /home/airflow/.local/lib/python3.12/site-packages/airflow/example_dags/example_complex.py took 1.981 seconds
[2024-10-25T07:16:20.022+0000] {processor.py:186} INFO - Started process (PID=294) to work on /home/airflow/.local/lib/python3.12/site-packages/airflow/example_dags/example_complex.py
[2024-10-25T07:16:20.029+0000] {processor.py:914} INFO - Processing file /home/airflow/.local/lib/python3.12/site-packages/airflow/example_dags/example_complex.py for tasks to queue
[2024-10-25T07:16:20.038+0000] {logging_mixin.py:190} INFO - [2024-10-25T07:16:20.037+0000] {dagbag.py:588} INFO - Filling up the DagBag from /home/airflow/.local/lib/python3.12/site-packages/airflow/example_dags/example_complex.py
[2024-10-25T07:16:20.139+0000] {processor.py:925} INFO - DAG(s) 'example_complex' retrieved from /home/airflow/.local/lib/python3.12/site-packages/airflow/example_dags/example_complex.py
[2024-10-25T07:16:20.271+0000] {logging_mixin.py:190} INFO - [2024-10-25T07:16:20.271+0000] {dag.py:3239} INFO - Sync 1 DAGs
[2024-10-25T07:16:20.327+0000] {logging_mixin.py:190} INFO - [2024-10-25T07:16:20.326+0000] {dag.py:4180} INFO - Setting next_dagrun for example_complex to None, run_after=None
[2024-10-25T07:16:20.388+0000] {processor.py:208} INFO - Processing /home/airflow/.local/lib/python3.12/site-packages/airflow/example_dags/example_complex.py took 0.384 seconds
[2024-10-25T07:16:50.531+0000] {processor.py:186} INFO - Started process (PID=363) to work on /home/airflow/.local/lib/python3.12/site-packages/airflow/example_dags/example_complex.py
[2024-10-25T07:16:50.533+0000] {processor.py:914} INFO - Processing file /home/airflow/.local/lib/python3.12/site-packages/airflow/example_dags/example_complex.py for tasks to queue
[2024-10-25T07:16:50.538+0000] {logging_mixin.py:190} INFO - [2024-10-25T07:16:50.537+0000] {dagbag.py:588} INFO - Filling up the DagBag from /home/airflow/.local/lib/python3.12/site-packages/airflow/example_dags/example_complex.py
[2024-10-25T07:16:50.558+0000] {processor.py:925} INFO - DAG(s) 'example_complex' retrieved from /home/airflow/.local/lib/python3.12/site-packages/airflow/example_dags/example_complex.py
[2024-10-25T07:16:50.638+0000] {logging_mixin.py:190} INFO - [2024-10-25T07:16:50.638+0000] {dag.py:3239} INFO - Sync 1 DAGs
[2024-10-25T07:16:50.663+0000] {logging_mixin.py:190} INFO - [2024-10-25T07:16:50.663+0000] {dag.py:4180} INFO - Setting next_dagrun for example_complex to None, run_after=None
[2024-10-25T07:16:50.698+0000] {processor.py:208} INFO - Processing /home/airflow/.local/lib/python3.12/site-packages/airflow/example_dags/example_complex.py took 0.177 seconds
[2024-10-25T07:17:21.468+0000] {processor.py:186} INFO - Started process (PID=432) to work on /home/airflow/.local/lib/python3.12/site-packages/airflow/example_dags/example_complex.py
[2024-10-25T07:17:21.470+0000] {processor.py:914} INFO - Processing file /home/airflow/.local/lib/python3.12/site-packages/airflow/example_dags/example_complex.py for tasks to queue
[2024-10-25T07:17:21.475+0000] {logging_mixin.py:190} INFO - [2024-10-25T07:17:21.474+0000] {dagbag.py:588} INFO - Filling up the DagBag from /home/airflow/.local/lib/python3.12/site-packages/airflow/example_dags/example_complex.py
[2024-10-25T07:17:21.496+0000] {processor.py:925} INFO - DAG(s) 'example_complex' retrieved from /home/airflow/.local/lib/python3.12/site-packages/airflow/example_dags/example_complex.py
[2024-10-25T07:17:21.543+0000] {logging_mixin.py:190} INFO - [2024-10-25T07:17:21.543+0000] {dag.py:3239} INFO - Sync 1 DAGs
[2024-10-25T07:17:21.564+0000] {logging_mixin.py:190} INFO - [2024-10-25T07:17:21.564+0000] {dag.py:4180} INFO - Setting next_dagrun for example_complex to None, run_after=None
[2024-10-25T07:17:21.597+0000] {processor.py:208} INFO - Processing /home/airflow/.local/lib/python3.12/site-packages/airflow/example_dags/example_complex.py took 0.136 seconds
[2024-10-25T07:17:51.754+0000] {processor.py:186} INFO - Started process (PID=503) to work on /home/airflow/.local/lib/python3.12/site-packages/airflow/example_dags/example_complex.py
[2024-10-25T07:17:51.756+0000] {processor.py:914} INFO - Processing file /home/airflow/.local/lib/python3.12/site-packages/airflow/example_dags/example_complex.py for tasks to queue
[2024-10-25T07:17:51.759+0000] {logging_mixin.py:190} INFO - [2024-10-25T07:17:51.759+0000] {dagbag.py:588} INFO - Filling up the DagBag from /home/airflow/.local/lib/python3.12/site-packages/airflow/example_dags/example_complex.py
[2024-10-25T07:17:51.775+0000] {processor.py:925} INFO - DAG(s) 'example_complex' retrieved from /home/airflow/.local/lib/python3.12/site-packages/airflow/example_dags/example_complex.py
[2024-10-25T07:17:51.815+0000] {logging_mixin.py:190} INFO - [2024-10-25T07:17:51.814+0000] {dag.py:3239} INFO - Sync 1 DAGs
[2024-10-25T07:17:51.835+0000] {logging_mixin.py:190} INFO - [2024-10-25T07:17:51.835+0000] {dag.py:4180} INFO - Setting next_dagrun for example_complex to None, run_after=None
[2024-10-25T07:17:51.877+0000] {processor.py:208} INFO - Processing /home/airflow/.local/lib/python3.12/site-packages/airflow/example_dags/example_complex.py took 0.133 seconds
[2024-10-25T07:18:22.772+0000] {processor.py:186} INFO - Started process (PID=571) to work on /home/airflow/.local/lib/python3.12/site-packages/airflow/example_dags/example_complex.py
[2024-10-25T07:18:22.774+0000] {processor.py:914} INFO - Processing file /home/airflow/.local/lib/python3.12/site-packages/airflow/example_dags/example_complex.py for tasks to queue
[2024-10-25T07:18:22.777+0000] {logging_mixin.py:190} INFO - [2024-10-25T07:18:22.777+0000] {dagbag.py:588} INFO - Filling up the DagBag from /home/airflow/.local/lib/python3.12/site-packages/airflow/example_dags/example_complex.py
[2024-10-25T07:18:22.794+0000] {processor.py:925} INFO - DAG(s) 'example_complex' retrieved from /home/airflow/.local/lib/python3.12/site-packages/airflow/example_dags/example_complex.py
[2024-10-25T07:18:22.841+0000] {logging_mixin.py:190} INFO - [2024-10-25T07:18:22.841+0000] {dag.py:3239} INFO - Sync 1 DAGs
[2024-10-25T07:18:22.864+0000] {logging_mixin.py:190} INFO - [2024-10-25T07:18:22.864+0000] {dag.py:4180} INFO - Setting next_dagrun for example_complex to None, run_after=None
[2024-10-25T07:18:22.896+0000] {processor.py:208} INFO - Processing /home/airflow/.local/lib/python3.12/site-packages/airflow/example_dags/example_complex.py took 0.134 seconds
[2024-10-25T07:18:53.001+0000] {processor.py:186} INFO - Started process (PID=639) to work on /home/airflow/.local/lib/python3.12/site-packages/airflow/example_dags/example_complex.py
[2024-10-25T07:18:53.004+0000] {processor.py:914} INFO - Processing file /home/airflow/.local/lib/python3.12/site-packages/airflow/example_dags/example_complex.py for tasks to queue
[2024-10-25T07:18:53.010+0000] {logging_mixin.py:190} INFO - [2024-10-25T07:18:53.009+0000] {dagbag.py:588} INFO - Filling up the DagBag from /home/airflow/.local/lib/python3.12/site-packages/airflow/example_dags/example_complex.py
[2024-10-25T07:18:53.033+0000] {processor.py:925} INFO - DAG(s) 'example_complex' retrieved from /home/airflow/.local/lib/python3.12/site-packages/airflow/example_dags/example_complex.py
[2024-10-25T07:18:53.091+0000] {logging_mixin.py:190} INFO - [2024-10-25T07:18:53.091+0000] {dag.py:3239} INFO - Sync 1 DAGs
[2024-10-25T07:18:53.122+0000] {logging_mixin.py:190} INFO - [2024-10-25T07:18:53.121+0000] {dag.py:4180} INFO - Setting next_dagrun for example_complex to None, run_after=None
[2024-10-25T07:18:53.158+0000] {processor.py:208} INFO - Processing /home/airflow/.local/lib/python3.12/site-packages/airflow/example_dags/example_complex.py took 0.165 seconds
[2024-10-25T07:19:23.555+0000] {processor.py:186} INFO - Started process (PID=708) to work on /home/airflow/.local/lib/python3.12/site-packages/airflow/example_dags/example_complex.py
[2024-10-25T07:19:23.557+0000] {processor.py:914} INFO - Processing file /home/airflow/.local/lib/python3.12/site-packages/airflow/example_dags/example_complex.py for tasks to queue
[2024-10-25T07:19:23.561+0000] {logging_mixin.py:190} INFO - [2024-10-25T07:19:23.560+0000] {dagbag.py:588} INFO - Filling up the DagBag from /home/airflow/.local/lib/python3.12/site-packages/airflow/example_dags/example_complex.py
[2024-10-25T07:19:23.576+0000] {processor.py:925} INFO - DAG(s) 'example_complex' retrieved from /home/airflow/.local/lib/python3.12/site-packages/airflow/example_dags/example_complex.py
[2024-10-25T07:19:23.622+0000] {logging_mixin.py:190} INFO - [2024-10-25T07:19:23.621+0000] {dag.py:3239} INFO - Sync 1 DAGs
[2024-10-25T07:19:23.644+0000] {logging_mixin.py:190} INFO - [2024-10-25T07:19:23.643+0000] {dag.py:4180} INFO - Setting next_dagrun for example_complex to None, run_after=None
[2024-10-25T07:19:23.672+0000] {processor.py:208} INFO - Processing /home/airflow/.local/lib/python3.12/site-packages/airflow/example_dags/example_complex.py took 0.125 seconds
[2024-10-25T07:19:53.888+0000] {processor.py:186} INFO - Started process (PID=777) to work on /home/airflow/.local/lib/python3.12/site-packages/airflow/example_dags/example_complex.py
[2024-10-25T07:19:53.890+0000] {processor.py:914} INFO - Processing file /home/airflow/.local/lib/python3.12/site-packages/airflow/example_dags/example_complex.py for tasks to queue
[2024-10-25T07:19:53.893+0000] {logging_mixin.py:190} INFO - [2024-10-25T07:19:53.893+0000] {dagbag.py:588} INFO - Filling up the DagBag from /home/airflow/.local/lib/python3.12/site-packages/airflow/example_dags/example_complex.py
[2024-10-25T07:19:53.902+0000] {processor.py:925} INFO - DAG(s) 'example_complex' retrieved from /home/airflow/.local/lib/python3.12/site-packages/airflow/example_dags/example_complex.py
[2024-10-25T07:19:53.931+0000] {logging_mixin.py:190} INFO - [2024-10-25T07:19:53.931+0000] {dag.py:3239} INFO - Sync 1 DAGs
[2024-10-25T07:19:53.944+0000] {logging_mixin.py:190} INFO - [2024-10-25T07:19:53.944+0000] {dag.py:4180} INFO - Setting next_dagrun for example_complex to None, run_after=None
[2024-10-25T07:19:53.967+0000] {processor.py:208} INFO - Processing /home/airflow/.local/lib/python3.12/site-packages/airflow/example_dags/example_complex.py took 0.083 seconds
[2024-10-25T07:20:24.846+0000] {processor.py:186} INFO - Started process (PID=845) to work on /home/airflow/.local/lib/python3.12/site-packages/airflow/example_dags/example_complex.py
[2024-10-25T07:20:24.847+0000] {processor.py:914} INFO - Processing file /home/airflow/.local/lib/python3.12/site-packages/airflow/example_dags/example_complex.py for tasks to queue
[2024-10-25T07:20:24.851+0000] {logging_mixin.py:190} INFO - [2024-10-25T07:20:24.850+0000] {dagbag.py:588} INFO - Filling up the DagBag from /home/airflow/.local/lib/python3.12/site-packages/airflow/example_dags/example_complex.py
[2024-10-25T07:20:24.868+0000] {processor.py:925} INFO - DAG(s) 'example_complex' retrieved from /home/airflow/.local/lib/python3.12/site-packages/airflow/example_dags/example_complex.py
[2024-10-25T07:20:24.926+0000] {logging_mixin.py:190} INFO - [2024-10-25T07:20:24.925+0000] {dag.py:3239} INFO - Sync 1 DAGs
[2024-10-25T07:20:24.950+0000] {logging_mixin.py:190} INFO - [2024-10-25T07:20:24.949+0000] {dag.py:4180} INFO - Setting next_dagrun for example_complex to None, run_after=None
[2024-10-25T07:20:25.001+0000] {processor.py:208} INFO - Processing /home/airflow/.local/lib/python3.12/site-packages/airflow/example_dags/example_complex.py took 0.164 seconds
[2024-10-25T07:20:55.142+0000] {processor.py:186} INFO - Started process (PID=914) to work on /home/airflow/.local/lib/python3.12/site-packages/airflow/example_dags/example_complex.py
[2024-10-25T07:20:55.145+0000] {processor.py:914} INFO - Processing file /home/airflow/.local/lib/python3.12/site-packages/airflow/example_dags/example_complex.py for tasks to queue
[2024-10-25T07:20:55.150+0000] {logging_mixin.py:190} INFO - [2024-10-25T07:20:55.150+0000] {dagbag.py:588} INFO - Filling up the DagBag from /home/airflow/.local/lib/python3.12/site-packages/airflow/example_dags/example_complex.py
[2024-10-25T07:20:55.172+0000] {processor.py:925} INFO - DAG(s) 'example_complex' retrieved from /home/airflow/.local/lib/python3.12/site-packages/airflow/example_dags/example_complex.py
[2024-10-25T07:20:55.212+0000] {logging_mixin.py:190} INFO - [2024-10-25T07:20:55.211+0000] {dag.py:3239} INFO - Sync 1 DAGs
[2024-10-25T07:20:55.234+0000] {logging_mixin.py:190} INFO - [2024-10-25T07:20:55.234+0000] {dag.py:4180} INFO - Setting next_dagrun for example_complex to None, run_after=None
[2024-10-25T07:20:55.257+0000] {processor.py:208} INFO - Processing /home/airflow/.local/lib/python3.12/site-packages/airflow/example_dags/example_complex.py took 0.130 seconds
[2024-10-25T07:21:25.548+0000] {processor.py:186} INFO - Started process (PID=989) to work on /home/airflow/.local/lib/python3.12/site-packages/airflow/example_dags/example_complex.py
[2024-10-25T07:21:25.550+0000] {processor.py:914} INFO - Processing file /home/airflow/.local/lib/python3.12/site-packages/airflow/example_dags/example_complex.py for tasks to queue
[2024-10-25T07:21:25.552+0000] {logging_mixin.py:190} INFO - [2024-10-25T07:21:25.552+0000] {dagbag.py:588} INFO - Filling up the DagBag from /home/airflow/.local/lib/python3.12/site-packages/airflow/example_dags/example_complex.py
[2024-10-25T07:21:25.562+0000] {processor.py:925} INFO - DAG(s) 'example_complex' retrieved from /home/airflow/.local/lib/python3.12/site-packages/airflow/example_dags/example_complex.py
[2024-10-25T07:21:25.592+0000] {logging_mixin.py:190} INFO - [2024-10-25T07:21:25.591+0000] {dag.py:3239} INFO - Sync 1 DAGs
[2024-10-25T07:21:25.605+0000] {logging_mixin.py:190} INFO - [2024-10-25T07:21:25.605+0000] {dag.py:4180} INFO - Setting next_dagrun for example_complex to None, run_after=None
[2024-10-25T07:21:25.626+0000] {processor.py:208} INFO - Processing /home/airflow/.local/lib/python3.12/site-packages/airflow/example_dags/example_complex.py took 0.082 seconds
[2024-10-25T07:21:55.910+0000] {processor.py:186} INFO - Started process (PID=1058) to work on /home/airflow/.local/lib/python3.12/site-packages/airflow/example_dags/example_complex.py
[2024-10-25T07:21:55.912+0000] {processor.py:914} INFO - Processing file /home/airflow/.local/lib/python3.12/site-packages/airflow/example_dags/example_complex.py for tasks to queue
[2024-10-25T07:21:55.915+0000] {logging_mixin.py:190} INFO - [2024-10-25T07:21:55.915+0000] {dagbag.py:588} INFO - Filling up the DagBag from /home/airflow/.local/lib/python3.12/site-packages/airflow/example_dags/example_complex.py
[2024-10-25T07:21:55.925+0000] {processor.py:925} INFO - DAG(s) 'example_complex' retrieved from /home/airflow/.local/lib/python3.12/site-packages/airflow/example_dags/example_complex.py
[2024-10-25T07:21:55.961+0000] {logging_mixin.py:190} INFO - [2024-10-25T07:21:55.961+0000] {dag.py:3239} INFO - Sync 1 DAGs
[2024-10-25T07:21:55.974+0000] {logging_mixin.py:190} INFO - [2024-10-25T07:21:55.973+0000] {dag.py:4180} INFO - Setting next_dagrun for example_complex to None, run_after=None
[2024-10-25T07:21:55.996+0000] {processor.py:208} INFO - Processing /home/airflow/.local/lib/python3.12/site-packages/airflow/example_dags/example_complex.py took 0.090 seconds
[2024-10-25T07:22:27.081+0000] {processor.py:186} INFO - Started process (PID=1127) to work on /home/airflow/.local/lib/python3.12/site-packages/airflow/example_dags/example_complex.py
[2024-10-25T07:22:27.090+0000] {processor.py:914} INFO - Processing file /home/airflow/.local/lib/python3.12/site-packages/airflow/example_dags/example_complex.py for tasks to queue
[2024-10-25T07:22:27.096+0000] {logging_mixin.py:190} INFO - [2024-10-25T07:22:27.095+0000] {dagbag.py:588} INFO - Filling up the DagBag from /home/airflow/.local/lib/python3.12/site-packages/airflow/example_dags/example_complex.py
[2024-10-25T07:22:27.131+0000] {processor.py:925} INFO - DAG(s) 'example_complex' retrieved from /home/airflow/.local/lib/python3.12/site-packages/airflow/example_dags/example_complex.py
[2024-10-25T07:22:27.199+0000] {logging_mixin.py:190} INFO - [2024-10-25T07:22:27.198+0000] {dag.py:3239} INFO - Sync 1 DAGs
[2024-10-25T07:22:27.255+0000] {logging_mixin.py:190} INFO - [2024-10-25T07:22:27.254+0000] {dag.py:4180} INFO - Setting next_dagrun for example_complex to None, run_after=None
[2024-10-25T07:22:27.307+0000] {processor.py:208} INFO - Processing /home/airflow/.local/lib/python3.12/site-packages/airflow/example_dags/example_complex.py took 0.239 seconds
[2024-10-25T07:22:57.521+0000] {processor.py:186} INFO - Started process (PID=1196) to work on /home/airflow/.local/lib/python3.12/site-packages/airflow/example_dags/example_complex.py
[2024-10-25T07:22:57.524+0000] {processor.py:914} INFO - Processing file /home/airflow/.local/lib/python3.12/site-packages/airflow/example_dags/example_complex.py for tasks to queue
[2024-10-25T07:22:57.528+0000] {logging_mixin.py:190} INFO - [2024-10-25T07:22:57.528+0000] {dagbag.py:588} INFO - Filling up the DagBag from /home/airflow/.local/lib/python3.12/site-packages/airflow/example_dags/example_complex.py
[2024-10-25T07:22:57.548+0000] {processor.py:925} INFO - DAG(s) 'example_complex' retrieved from /home/airflow/.local/lib/python3.12/site-packages/airflow/example_dags/example_complex.py
[2024-10-25T07:22:57.594+0000] {logging_mixin.py:190} INFO - [2024-10-25T07:22:57.594+0000] {dag.py:3239} INFO - Sync 1 DAGs
[2024-10-25T07:22:57.617+0000] {logging_mixin.py:190} INFO - [2024-10-25T07:22:57.617+0000] {dag.py:4180} INFO - Setting next_dagrun for example_complex to None, run_after=None
[2024-10-25T07:22:57.652+0000] {processor.py:208} INFO - Processing /home/airflow/.local/lib/python3.12/site-packages/airflow/example_dags/example_complex.py took 0.140 seconds
[2024-10-25T07:23:27.771+0000] {processor.py:186} INFO - Started process (PID=1265) to work on /home/airflow/.local/lib/python3.12/site-packages/airflow/example_dags/example_complex.py
[2024-10-25T07:23:27.773+0000] {processor.py:914} INFO - Processing file /home/airflow/.local/lib/python3.12/site-packages/airflow/example_dags/example_complex.py for tasks to queue
[2024-10-25T07:23:27.777+0000] {logging_mixin.py:190} INFO - [2024-10-25T07:23:27.776+0000] {dagbag.py:588} INFO - Filling up the DagBag from /home/airflow/.local/lib/python3.12/site-packages/airflow/example_dags/example_complex.py
[2024-10-25T07:23:27.789+0000] {processor.py:925} INFO - DAG(s) 'example_complex' retrieved from /home/airflow/.local/lib/python3.12/site-packages/airflow/example_dags/example_complex.py
[2024-10-25T07:23:27.819+0000] {logging_mixin.py:190} INFO - [2024-10-25T07:23:27.818+0000] {dag.py:3239} INFO - Sync 1 DAGs
[2024-10-25T07:23:27.833+0000] {logging_mixin.py:190} INFO - [2024-10-25T07:23:27.833+0000] {dag.py:4180} INFO - Setting next_dagrun for example_complex to None, run_after=None
[2024-10-25T07:23:27.860+0000] {processor.py:208} INFO - Processing /home/airflow/.local/lib/python3.12/site-packages/airflow/example_dags/example_complex.py took 0.094 seconds
[2024-10-25T07:23:58.466+0000] {processor.py:186} INFO - Started process (PID=1334) to work on /home/airflow/.local/lib/python3.12/site-packages/airflow/example_dags/example_complex.py
[2024-10-25T07:23:58.467+0000] {processor.py:914} INFO - Processing file /home/airflow/.local/lib/python3.12/site-packages/airflow/example_dags/example_complex.py for tasks to queue
[2024-10-25T07:23:58.469+0000] {logging_mixin.py:190} INFO - [2024-10-25T07:23:58.469+0000] {dagbag.py:588} INFO - Filling up the DagBag from /home/airflow/.local/lib/python3.12/site-packages/airflow/example_dags/example_complex.py
[2024-10-25T07:23:58.479+0000] {processor.py:925} INFO - DAG(s) 'example_complex' retrieved from /home/airflow/.local/lib/python3.12/site-packages/airflow/example_dags/example_complex.py
[2024-10-25T07:23:58.509+0000] {logging_mixin.py:190} INFO - [2024-10-25T07:23:58.509+0000] {dag.py:3239} INFO - Sync 1 DAGs
[2024-10-25T07:23:58.523+0000] {logging_mixin.py:190} INFO - [2024-10-25T07:23:58.522+0000] {dag.py:4180} INFO - Setting next_dagrun for example_complex to None, run_after=None
[2024-10-25T07:23:58.550+0000] {processor.py:208} INFO - Processing /home/airflow/.local/lib/python3.12/site-packages/airflow/example_dags/example_complex.py took 0.089 seconds
[2024-10-25T07:24:28.895+0000] {processor.py:186} INFO - Started process (PID=1403) to work on /home/airflow/.local/lib/python3.12/site-packages/airflow/example_dags/example_complex.py
[2024-10-25T07:24:28.897+0000] {processor.py:914} INFO - Processing file /home/airflow/.local/lib/python3.12/site-packages/airflow/example_dags/example_complex.py for tasks to queue
[2024-10-25T07:24:28.899+0000] {logging_mixin.py:190} INFO - [2024-10-25T07:24:28.899+0000] {dagbag.py:588} INFO - Filling up the DagBag from /home/airflow/.local/lib/python3.12/site-packages/airflow/example_dags/example_complex.py
[2024-10-25T07:24:28.908+0000] {processor.py:925} INFO - DAG(s) 'example_complex' retrieved from /home/airflow/.local/lib/python3.12/site-packages/airflow/example_dags/example_complex.py
[2024-10-25T07:24:28.936+0000] {logging_mixin.py:190} INFO - [2024-10-25T07:24:28.936+0000] {dag.py:3239} INFO - Sync 1 DAGs
[2024-10-25T07:24:28.949+0000] {logging_mixin.py:190} INFO - [2024-10-25T07:24:28.948+0000] {dag.py:4180} INFO - Setting next_dagrun for example_complex to None, run_after=None
[2024-10-25T07:24:28.966+0000] {processor.py:208} INFO - Processing /home/airflow/.local/lib/python3.12/site-packages/airflow/example_dags/example_complex.py took 0.075 seconds
[2024-10-25T07:24:59.191+0000] {processor.py:186} INFO - Started process (PID=1472) to work on /home/airflow/.local/lib/python3.12/site-packages/airflow/example_dags/example_complex.py
[2024-10-25T07:24:59.192+0000] {processor.py:914} INFO - Processing file /home/airflow/.local/lib/python3.12/site-packages/airflow/example_dags/example_complex.py for tasks to queue
[2024-10-25T07:24:59.195+0000] {logging_mixin.py:190} INFO - [2024-10-25T07:24:59.195+0000] {dagbag.py:588} INFO - Filling up the DagBag from /home/airflow/.local/lib/python3.12/site-packages/airflow/example_dags/example_complex.py
[2024-10-25T07:24:59.209+0000] {processor.py:925} INFO - DAG(s) 'example_complex' retrieved from /home/airflow/.local/lib/python3.12/site-packages/airflow/example_dags/example_complex.py
[2024-10-25T07:24:59.246+0000] {logging_mixin.py:190} INFO - [2024-10-25T07:24:59.246+0000] {dag.py:3239} INFO - Sync 1 DAGs
[2024-10-25T07:24:59.266+0000] {logging_mixin.py:190} INFO - [2024-10-25T07:24:59.266+0000] {dag.py:4180} INFO - Setting next_dagrun for example_complex to None, run_after=None
[2024-10-25T07:24:59.299+0000] {processor.py:208} INFO - Processing /home/airflow/.local/lib/python3.12/site-packages/airflow/example_dags/example_complex.py took 0.114 seconds
[2024-10-25T07:25:29.611+0000] {processor.py:186} INFO - Started process (PID=1541) to work on /home/airflow/.local/lib/python3.12/site-packages/airflow/example_dags/example_complex.py
[2024-10-25T07:25:29.613+0000] {processor.py:914} INFO - Processing file /home/airflow/.local/lib/python3.12/site-packages/airflow/example_dags/example_complex.py for tasks to queue
[2024-10-25T07:25:29.616+0000] {logging_mixin.py:190} INFO - [2024-10-25T07:25:29.615+0000] {dagbag.py:588} INFO - Filling up the DagBag from /home/airflow/.local/lib/python3.12/site-packages/airflow/example_dags/example_complex.py
[2024-10-25T07:25:29.625+0000] {processor.py:925} INFO - DAG(s) 'example_complex' retrieved from /home/airflow/.local/lib/python3.12/site-packages/airflow/example_dags/example_complex.py
[2024-10-25T07:25:29.651+0000] {logging_mixin.py:190} INFO - [2024-10-25T07:25:29.650+0000] {dag.py:3239} INFO - Sync 1 DAGs
[2024-10-25T07:25:29.662+0000] {logging_mixin.py:190} INFO - [2024-10-25T07:25:29.662+0000] {dag.py:4180} INFO - Setting next_dagrun for example_complex to None, run_after=None
[2024-10-25T07:25:29.711+0000] {processor.py:208} INFO - Processing /home/airflow/.local/lib/python3.12/site-packages/airflow/example_dags/example_complex.py took 0.105 seconds
[2024-10-25T07:26:00.184+0000] {processor.py:186} INFO - Started process (PID=1610) to work on /home/airflow/.local/lib/python3.12/site-packages/airflow/example_dags/example_complex.py
[2024-10-25T07:26:00.187+0000] {processor.py:914} INFO - Processing file /home/airflow/.local/lib/python3.12/site-packages/airflow/example_dags/example_complex.py for tasks to queue
[2024-10-25T07:26:00.195+0000] {logging_mixin.py:190} INFO - [2024-10-25T07:26:00.194+0000] {dagbag.py:588} INFO - Filling up the DagBag from /home/airflow/.local/lib/python3.12/site-packages/airflow/example_dags/example_complex.py
[2024-10-25T07:26:00.213+0000] {processor.py:925} INFO - DAG(s) 'example_complex' retrieved from /home/airflow/.local/lib/python3.12/site-packages/airflow/example_dags/example_complex.py
[2024-10-25T07:26:00.278+0000] {logging_mixin.py:190} INFO - [2024-10-25T07:26:00.278+0000] {dag.py:3239} INFO - Sync 1 DAGs
[2024-10-25T07:26:00.297+0000] {logging_mixin.py:190} INFO - [2024-10-25T07:26:00.297+0000] {dag.py:4180} INFO - Setting next_dagrun for example_complex to None, run_after=None
[2024-10-25T07:26:00.326+0000] {processor.py:208} INFO - Processing /home/airflow/.local/lib/python3.12/site-packages/airflow/example_dags/example_complex.py took 0.154 seconds
[2024-10-25T07:26:30.706+0000] {processor.py:186} INFO - Started process (PID=1680) to work on /home/airflow/.local/lib/python3.12/site-packages/airflow/example_dags/example_complex.py
[2024-10-25T07:26:30.708+0000] {processor.py:914} INFO - Processing file /home/airflow/.local/lib/python3.12/site-packages/airflow/example_dags/example_complex.py for tasks to queue
[2024-10-25T07:26:30.712+0000] {logging_mixin.py:190} INFO - [2024-10-25T07:26:30.711+0000] {dagbag.py:588} INFO - Filling up the DagBag from /home/airflow/.local/lib/python3.12/site-packages/airflow/example_dags/example_complex.py
[2024-10-25T07:26:30.728+0000] {processor.py:925} INFO - DAG(s) 'example_complex' retrieved from /home/airflow/.local/lib/python3.12/site-packages/airflow/example_dags/example_complex.py
[2024-10-25T07:26:30.800+0000] {logging_mixin.py:190} INFO - [2024-10-25T07:26:30.797+0000] {dag.py:3239} INFO - Sync 1 DAGs
[2024-10-25T07:26:30.824+0000] {logging_mixin.py:190} INFO - [2024-10-25T07:26:30.824+0000] {dag.py:4180} INFO - Setting next_dagrun for example_complex to None, run_after=None
[2024-10-25T07:26:30.862+0000] {processor.py:208} INFO - Processing /home/airflow/.local/lib/python3.12/site-packages/airflow/example_dags/example_complex.py took 0.169 seconds
[2024-10-25T07:27:01.413+0000] {processor.py:186} INFO - Started process (PID=1749) to work on /home/airflow/.local/lib/python3.12/site-packages/airflow/example_dags/example_complex.py
[2024-10-25T07:27:01.415+0000] {processor.py:914} INFO - Processing file /home/airflow/.local/lib/python3.12/site-packages/airflow/example_dags/example_complex.py for tasks to queue
[2024-10-25T07:27:01.419+0000] {logging_mixin.py:190} INFO - [2024-10-25T07:27:01.418+0000] {dagbag.py:588} INFO - Filling up the DagBag from /home/airflow/.local/lib/python3.12/site-packages/airflow/example_dags/example_complex.py
[2024-10-25T07:27:01.434+0000] {processor.py:925} INFO - DAG(s) 'example_complex' retrieved from /home/airflow/.local/lib/python3.12/site-packages/airflow/example_dags/example_complex.py
[2024-10-25T07:27:01.500+0000] {logging_mixin.py:190} INFO - [2024-10-25T07:27:01.499+0000] {dag.py:3239} INFO - Sync 1 DAGs
[2024-10-25T07:27:01.525+0000] {logging_mixin.py:190} INFO - [2024-10-25T07:27:01.525+0000] {dag.py:4180} INFO - Setting next_dagrun for example_complex to None, run_after=None
[2024-10-25T07:27:01.558+0000] {processor.py:208} INFO - Processing /home/airflow/.local/lib/python3.12/site-packages/airflow/example_dags/example_complex.py took 0.152 seconds
[2024-10-25T07:27:31.930+0000] {processor.py:186} INFO - Started process (PID=1818) to work on /home/airflow/.local/lib/python3.12/site-packages/airflow/example_dags/example_complex.py
[2024-10-25T07:27:31.931+0000] {processor.py:914} INFO - Processing file /home/airflow/.local/lib/python3.12/site-packages/airflow/example_dags/example_complex.py for tasks to queue
[2024-10-25T07:27:31.934+0000] {logging_mixin.py:190} INFO - [2024-10-25T07:27:31.933+0000] {dagbag.py:588} INFO - Filling up the DagBag from /home/airflow/.local/lib/python3.12/site-packages/airflow/example_dags/example_complex.py
[2024-10-25T07:27:31.942+0000] {processor.py:925} INFO - DAG(s) 'example_complex' retrieved from /home/airflow/.local/lib/python3.12/site-packages/airflow/example_dags/example_complex.py
[2024-10-25T07:27:31.970+0000] {logging_mixin.py:190} INFO - [2024-10-25T07:27:31.970+0000] {dag.py:3239} INFO - Sync 1 DAGs
[2024-10-25T07:27:31.982+0000] {logging_mixin.py:190} INFO - [2024-10-25T07:27:31.982+0000] {dag.py:4180} INFO - Setting next_dagrun for example_complex to None, run_after=None
[2024-10-25T07:27:32.054+0000] {processor.py:208} INFO - Processing /home/airflow/.local/lib/python3.12/site-packages/airflow/example_dags/example_complex.py took 0.129 seconds
[2024-10-25T07:28:02.471+0000] {processor.py:186} INFO - Started process (PID=1887) to work on /home/airflow/.local/lib/python3.12/site-packages/airflow/example_dags/example_complex.py
[2024-10-25T07:28:02.473+0000] {processor.py:914} INFO - Processing file /home/airflow/.local/lib/python3.12/site-packages/airflow/example_dags/example_complex.py for tasks to queue
[2024-10-25T07:28:02.476+0000] {logging_mixin.py:190} INFO - [2024-10-25T07:28:02.476+0000] {dagbag.py:588} INFO - Filling up the DagBag from /home/airflow/.local/lib/python3.12/site-packages/airflow/example_dags/example_complex.py
[2024-10-25T07:28:02.489+0000] {processor.py:925} INFO - DAG(s) 'example_complex' retrieved from /home/airflow/.local/lib/python3.12/site-packages/airflow/example_dags/example_complex.py
[2024-10-25T07:28:02.540+0000] {logging_mixin.py:190} INFO - [2024-10-25T07:28:02.539+0000] {dag.py:3239} INFO - Sync 1 DAGs
[2024-10-25T07:28:02.560+0000] {logging_mixin.py:190} INFO - [2024-10-25T07:28:02.560+0000] {dag.py:4180} INFO - Setting next_dagrun for example_complex to None, run_after=None
[2024-10-25T07:28:02.593+0000] {processor.py:208} INFO - Processing /home/airflow/.local/lib/python3.12/site-packages/airflow/example_dags/example_complex.py took 0.128 seconds
[2024-10-25T07:28:33.501+0000] {processor.py:186} INFO - Started process (PID=1956) to work on /home/airflow/.local/lib/python3.12/site-packages/airflow/example_dags/example_complex.py
[2024-10-25T07:28:33.503+0000] {processor.py:914} INFO - Processing file /home/airflow/.local/lib/python3.12/site-packages/airflow/example_dags/example_complex.py for tasks to queue
[2024-10-25T07:28:33.506+0000] {logging_mixin.py:190} INFO - [2024-10-25T07:28:33.505+0000] {dagbag.py:588} INFO - Filling up the DagBag from /home/airflow/.local/lib/python3.12/site-packages/airflow/example_dags/example_complex.py
[2024-10-25T07:28:33.518+0000] {processor.py:925} INFO - DAG(s) 'example_complex' retrieved from /home/airflow/.local/lib/python3.12/site-packages/airflow/example_dags/example_complex.py
[2024-10-25T07:28:33.549+0000] {logging_mixin.py:190} INFO - [2024-10-25T07:28:33.549+0000] {dag.py:3239} INFO - Sync 1 DAGs
[2024-10-25T07:28:33.562+0000] {logging_mixin.py:190} INFO - [2024-10-25T07:28:33.562+0000] {dag.py:4180} INFO - Setting next_dagrun for example_complex to None, run_after=None
[2024-10-25T07:28:33.581+0000] {processor.py:208} INFO - Processing /home/airflow/.local/lib/python3.12/site-packages/airflow/example_dags/example_complex.py took 0.087 seconds
[2024-10-25T07:29:03.901+0000] {processor.py:186} INFO - Started process (PID=2025) to work on /home/airflow/.local/lib/python3.12/site-packages/airflow/example_dags/example_complex.py
[2024-10-25T07:29:03.903+0000] {processor.py:914} INFO - Processing file /home/airflow/.local/lib/python3.12/site-packages/airflow/example_dags/example_complex.py for tasks to queue
[2024-10-25T07:29:03.908+0000] {logging_mixin.py:190} INFO - [2024-10-25T07:29:03.908+0000] {dagbag.py:588} INFO - Filling up the DagBag from /home/airflow/.local/lib/python3.12/site-packages/airflow/example_dags/example_complex.py
[2024-10-25T07:29:03.923+0000] {processor.py:925} INFO - DAG(s) 'example_complex' retrieved from /home/airflow/.local/lib/python3.12/site-packages/airflow/example_dags/example_complex.py
[2024-10-25T07:29:03.963+0000] {logging_mixin.py:190} INFO - [2024-10-25T07:29:03.963+0000] {dag.py:3239} INFO - Sync 1 DAGs
[2024-10-25T07:29:03.982+0000] {logging_mixin.py:190} INFO - [2024-10-25T07:29:03.981+0000] {dag.py:4180} INFO - Setting next_dagrun for example_complex to None, run_after=None
[2024-10-25T07:29:04.017+0000] {processor.py:208} INFO - Processing /home/airflow/.local/lib/python3.12/site-packages/airflow/example_dags/example_complex.py took 0.122 seconds
[2024-10-25T07:29:35.010+0000] {processor.py:186} INFO - Started process (PID=2094) to work on /home/airflow/.local/lib/python3.12/site-packages/airflow/example_dags/example_complex.py
[2024-10-25T07:29:35.012+0000] {processor.py:914} INFO - Processing file /home/airflow/.local/lib/python3.12/site-packages/airflow/example_dags/example_complex.py for tasks to queue
[2024-10-25T07:29:35.015+0000] {logging_mixin.py:190} INFO - [2024-10-25T07:29:35.015+0000] {dagbag.py:588} INFO - Filling up the DagBag from /home/airflow/.local/lib/python3.12/site-packages/airflow/example_dags/example_complex.py
[2024-10-25T07:29:35.027+0000] {processor.py:925} INFO - DAG(s) 'example_complex' retrieved from /home/airflow/.local/lib/python3.12/site-packages/airflow/example_dags/example_complex.py
[2024-10-25T07:29:35.056+0000] {logging_mixin.py:190} INFO - [2024-10-25T07:29:35.055+0000] {dag.py:3239} INFO - Sync 1 DAGs
[2024-10-25T07:29:35.073+0000] {logging_mixin.py:190} INFO - [2024-10-25T07:29:35.073+0000] {dag.py:4180} INFO - Setting next_dagrun for example_complex to None, run_after=None
[2024-10-25T07:29:35.089+0000] {processor.py:208} INFO - Processing /home/airflow/.local/lib/python3.12/site-packages/airflow/example_dags/example_complex.py took 0.084 seconds
[2024-10-25T07:30:05.304+0000] {processor.py:186} INFO - Started process (PID=2162) to work on /home/airflow/.local/lib/python3.12/site-packages/airflow/example_dags/example_complex.py
[2024-10-25T07:30:05.306+0000] {processor.py:914} INFO - Processing file /home/airflow/.local/lib/python3.12/site-packages/airflow/example_dags/example_complex.py for tasks to queue
[2024-10-25T07:30:05.309+0000] {logging_mixin.py:190} INFO - [2024-10-25T07:30:05.308+0000] {dagbag.py:588} INFO - Filling up the DagBag from /home/airflow/.local/lib/python3.12/site-packages/airflow/example_dags/example_complex.py
[2024-10-25T07:30:05.321+0000] {processor.py:925} INFO - DAG(s) 'example_complex' retrieved from /home/airflow/.local/lib/python3.12/site-packages/airflow/example_dags/example_complex.py
[2024-10-25T07:30:05.354+0000] {logging_mixin.py:190} INFO - [2024-10-25T07:30:05.354+0000] {dag.py:3239} INFO - Sync 1 DAGs
[2024-10-25T07:30:05.368+0000] {logging_mixin.py:190} INFO - [2024-10-25T07:30:05.368+0000] {dag.py:4180} INFO - Setting next_dagrun for example_complex to None, run_after=None
[2024-10-25T07:30:05.392+0000] {processor.py:208} INFO - Processing /home/airflow/.local/lib/python3.12/site-packages/airflow/example_dags/example_complex.py took 0.093 seconds
[2024-10-25T07:30:36.227+0000] {processor.py:186} INFO - Started process (PID=2230) to work on /home/airflow/.local/lib/python3.12/site-packages/airflow/example_dags/example_complex.py
[2024-10-25T07:30:36.229+0000] {processor.py:914} INFO - Processing file /home/airflow/.local/lib/python3.12/site-packages/airflow/example_dags/example_complex.py for tasks to queue
[2024-10-25T07:30:36.232+0000] {logging_mixin.py:190} INFO - [2024-10-25T07:30:36.232+0000] {dagbag.py:588} INFO - Filling up the DagBag from /home/airflow/.local/lib/python3.12/site-packages/airflow/example_dags/example_complex.py
[2024-10-25T07:30:36.245+0000] {processor.py:925} INFO - DAG(s) 'example_complex' retrieved from /home/airflow/.local/lib/python3.12/site-packages/airflow/example_dags/example_complex.py
[2024-10-25T07:30:36.282+0000] {logging_mixin.py:190} INFO - [2024-10-25T07:30:36.281+0000] {dag.py:3239} INFO - Sync 1 DAGs
[2024-10-25T07:30:36.296+0000] {logging_mixin.py:190} INFO - [2024-10-25T07:30:36.296+0000] {dag.py:4180} INFO - Setting next_dagrun for example_complex to None, run_after=None
[2024-10-25T07:30:36.315+0000] {processor.py:208} INFO - Processing /home/airflow/.local/lib/python3.12/site-packages/airflow/example_dags/example_complex.py took 0.094 seconds
[2024-10-25T07:31:06.871+0000] {processor.py:186} INFO - Started process (PID=2299) to work on /home/airflow/.local/lib/python3.12/site-packages/airflow/example_dags/example_complex.py
[2024-10-25T07:31:06.873+0000] {processor.py:914} INFO - Processing file /home/airflow/.local/lib/python3.12/site-packages/airflow/example_dags/example_complex.py for tasks to queue
[2024-10-25T07:31:06.876+0000] {logging_mixin.py:190} INFO - [2024-10-25T07:31:06.876+0000] {dagbag.py:588} INFO - Filling up the DagBag from /home/airflow/.local/lib/python3.12/site-packages/airflow/example_dags/example_complex.py
[2024-10-25T07:31:06.888+0000] {processor.py:925} INFO - DAG(s) 'example_complex' retrieved from /home/airflow/.local/lib/python3.12/site-packages/airflow/example_dags/example_complex.py
[2024-10-25T07:31:06.916+0000] {logging_mixin.py:190} INFO - [2024-10-25T07:31:06.915+0000] {dag.py:3239} INFO - Sync 1 DAGs
[2024-10-25T07:31:06.928+0000] {logging_mixin.py:190} INFO - [2024-10-25T07:31:06.928+0000] {dag.py:4180} INFO - Setting next_dagrun for example_complex to None, run_after=None
[2024-10-25T07:31:06.951+0000] {processor.py:208} INFO - Processing /home/airflow/.local/lib/python3.12/site-packages/airflow/example_dags/example_complex.py took 0.084 seconds
[2024-10-25T07:31:37.284+0000] {processor.py:186} INFO - Started process (PID=2368) to work on /home/airflow/.local/lib/python3.12/site-packages/airflow/example_dags/example_complex.py
[2024-10-25T07:31:37.285+0000] {processor.py:914} INFO - Processing file /home/airflow/.local/lib/python3.12/site-packages/airflow/example_dags/example_complex.py for tasks to queue
[2024-10-25T07:31:37.288+0000] {logging_mixin.py:190} INFO - [2024-10-25T07:31:37.288+0000] {dagbag.py:588} INFO - Filling up the DagBag from /home/airflow/.local/lib/python3.12/site-packages/airflow/example_dags/example_complex.py
[2024-10-25T07:31:37.300+0000] {processor.py:925} INFO - DAG(s) 'example_complex' retrieved from /home/airflow/.local/lib/python3.12/site-packages/airflow/example_dags/example_complex.py
[2024-10-25T07:31:37.329+0000] {logging_mixin.py:190} INFO - [2024-10-25T07:31:37.329+0000] {dag.py:3239} INFO - Sync 1 DAGs
[2024-10-25T07:31:37.341+0000] {logging_mixin.py:190} INFO - [2024-10-25T07:31:37.340+0000] {dag.py:4180} INFO - Setting next_dagrun for example_complex to None, run_after=None
[2024-10-25T07:31:37.361+0000] {processor.py:208} INFO - Processing /home/airflow/.local/lib/python3.12/site-packages/airflow/example_dags/example_complex.py took 0.082 seconds
[2024-10-25T07:32:52.107+0000] {processor.py:186} INFO - Started process (PID=2453) to work on /home/airflow/.local/lib/python3.12/site-packages/airflow/example_dags/example_complex.py
[2024-10-25T07:32:52.109+0000] {processor.py:914} INFO - Processing file /home/airflow/.local/lib/python3.12/site-packages/airflow/example_dags/example_complex.py for tasks to queue
[2024-10-25T07:32:52.111+0000] {logging_mixin.py:190} INFO - [2024-10-25T07:32:52.110+0000] {dagbag.py:588} INFO - Filling up the DagBag from /home/airflow/.local/lib/python3.12/site-packages/airflow/example_dags/example_complex.py
[2024-10-25T07:32:52.127+0000] {processor.py:925} INFO - DAG(s) 'example_complex' retrieved from /home/airflow/.local/lib/python3.12/site-packages/airflow/example_dags/example_complex.py
[2024-10-25T07:32:52.170+0000] {logging_mixin.py:190} INFO - [2024-10-25T07:32:52.170+0000] {dag.py:3239} INFO - Sync 1 DAGs
[2024-10-25T07:32:52.189+0000] {logging_mixin.py:190} INFO - [2024-10-25T07:32:52.189+0000] {dag.py:4180} INFO - Setting next_dagrun for example_complex to None, run_after=None
[2024-10-25T07:32:52.216+0000] {processor.py:208} INFO - Processing /home/airflow/.local/lib/python3.12/site-packages/airflow/example_dags/example_complex.py took 0.116 seconds
[2024-10-25T07:33:22.888+0000] {processor.py:186} INFO - Started process (PID=2522) to work on /home/airflow/.local/lib/python3.12/site-packages/airflow/example_dags/example_complex.py
[2024-10-25T07:33:22.890+0000] {processor.py:914} INFO - Processing file /home/airflow/.local/lib/python3.12/site-packages/airflow/example_dags/example_complex.py for tasks to queue
[2024-10-25T07:33:22.891+0000] {logging_mixin.py:190} INFO - [2024-10-25T07:33:22.891+0000] {dagbag.py:588} INFO - Filling up the DagBag from /home/airflow/.local/lib/python3.12/site-packages/airflow/example_dags/example_complex.py
[2024-10-25T07:33:22.902+0000] {processor.py:925} INFO - DAG(s) 'example_complex' retrieved from /home/airflow/.local/lib/python3.12/site-packages/airflow/example_dags/example_complex.py
[2024-10-25T07:33:22.930+0000] {logging_mixin.py:190} INFO - [2024-10-25T07:33:22.929+0000] {dag.py:3239} INFO - Sync 1 DAGs
[2024-10-25T07:33:22.943+0000] {logging_mixin.py:190} INFO - [2024-10-25T07:33:22.943+0000] {dag.py:4180} INFO - Setting next_dagrun for example_complex to None, run_after=None
[2024-10-25T07:33:22.963+0000] {processor.py:208} INFO - Processing /home/airflow/.local/lib/python3.12/site-packages/airflow/example_dags/example_complex.py took 0.079 seconds
[2024-10-25T07:33:53.946+0000] {processor.py:186} INFO - Started process (PID=2591) to work on /home/airflow/.local/lib/python3.12/site-packages/airflow/example_dags/example_complex.py
[2024-10-25T07:33:53.948+0000] {processor.py:914} INFO - Processing file /home/airflow/.local/lib/python3.12/site-packages/airflow/example_dags/example_complex.py for tasks to queue
[2024-10-25T07:33:53.950+0000] {logging_mixin.py:190} INFO - [2024-10-25T07:33:53.950+0000] {dagbag.py:588} INFO - Filling up the DagBag from /home/airflow/.local/lib/python3.12/site-packages/airflow/example_dags/example_complex.py
[2024-10-25T07:33:53.966+0000] {processor.py:925} INFO - DAG(s) 'example_complex' retrieved from /home/airflow/.local/lib/python3.12/site-packages/airflow/example_dags/example_complex.py
[2024-10-25T07:33:54.013+0000] {logging_mixin.py:190} INFO - [2024-10-25T07:33:54.012+0000] {dag.py:3239} INFO - Sync 1 DAGs
[2024-10-25T07:33:54.034+0000] {logging_mixin.py:190} INFO - [2024-10-25T07:33:54.034+0000] {dag.py:4180} INFO - Setting next_dagrun for example_complex to None, run_after=None
[2024-10-25T07:33:54.087+0000] {processor.py:208} INFO - Processing /home/airflow/.local/lib/python3.12/site-packages/airflow/example_dags/example_complex.py took 0.148 seconds
[2024-10-25T07:34:24.750+0000] {processor.py:186} INFO - Started process (PID=2660) to work on /home/airflow/.local/lib/python3.12/site-packages/airflow/example_dags/example_complex.py
[2024-10-25T07:34:24.751+0000] {processor.py:914} INFO - Processing file /home/airflow/.local/lib/python3.12/site-packages/airflow/example_dags/example_complex.py for tasks to queue
[2024-10-25T07:34:24.753+0000] {logging_mixin.py:190} INFO - [2024-10-25T07:34:24.753+0000] {dagbag.py:588} INFO - Filling up the DagBag from /home/airflow/.local/lib/python3.12/site-packages/airflow/example_dags/example_complex.py
[2024-10-25T07:34:24.767+0000] {processor.py:925} INFO - DAG(s) 'example_complex' retrieved from /home/airflow/.local/lib/python3.12/site-packages/airflow/example_dags/example_complex.py
[2024-10-25T07:34:24.969+0000] {logging_mixin.py:190} INFO - [2024-10-25T07:34:24.969+0000] {dag.py:3239} INFO - Sync 1 DAGs
[2024-10-25T07:34:24.980+0000] {logging_mixin.py:190} INFO - [2024-10-25T07:34:24.980+0000] {dag.py:4180} INFO - Setting next_dagrun for example_complex to None, run_after=None
[2024-10-25T07:34:25.001+0000] {processor.py:208} INFO - Processing /home/airflow/.local/lib/python3.12/site-packages/airflow/example_dags/example_complex.py took 0.257 seconds
[2024-10-25T07:34:55.551+0000] {processor.py:186} INFO - Started process (PID=2729) to work on /home/airflow/.local/lib/python3.12/site-packages/airflow/example_dags/example_complex.py
[2024-10-25T07:34:55.553+0000] {processor.py:914} INFO - Processing file /home/airflow/.local/lib/python3.12/site-packages/airflow/example_dags/example_complex.py for tasks to queue
[2024-10-25T07:34:55.555+0000] {logging_mixin.py:190} INFO - [2024-10-25T07:34:55.555+0000] {dagbag.py:588} INFO - Filling up the DagBag from /home/airflow/.local/lib/python3.12/site-packages/airflow/example_dags/example_complex.py
[2024-10-25T07:34:55.567+0000] {processor.py:925} INFO - DAG(s) 'example_complex' retrieved from /home/airflow/.local/lib/python3.12/site-packages/airflow/example_dags/example_complex.py
[2024-10-25T07:34:55.600+0000] {logging_mixin.py:190} INFO - [2024-10-25T07:34:55.600+0000] {dag.py:3239} INFO - Sync 1 DAGs
[2024-10-25T07:34:55.616+0000] {logging_mixin.py:190} INFO - [2024-10-25T07:34:55.615+0000] {dag.py:4180} INFO - Setting next_dagrun for example_complex to None, run_after=None
[2024-10-25T07:34:55.642+0000] {processor.py:208} INFO - Processing /home/airflow/.local/lib/python3.12/site-packages/airflow/example_dags/example_complex.py took 0.096 seconds
[2024-10-25T07:35:25.977+0000] {processor.py:186} INFO - Started process (PID=2798) to work on /home/airflow/.local/lib/python3.12/site-packages/airflow/example_dags/example_complex.py
[2024-10-25T07:35:25.979+0000] {processor.py:914} INFO - Processing file /home/airflow/.local/lib/python3.12/site-packages/airflow/example_dags/example_complex.py for tasks to queue
[2024-10-25T07:35:25.980+0000] {logging_mixin.py:190} INFO - [2024-10-25T07:35:25.980+0000] {dagbag.py:588} INFO - Filling up the DagBag from /home/airflow/.local/lib/python3.12/site-packages/airflow/example_dags/example_complex.py
[2024-10-25T07:35:25.993+0000] {processor.py:925} INFO - DAG(s) 'example_complex' retrieved from /home/airflow/.local/lib/python3.12/site-packages/airflow/example_dags/example_complex.py
[2024-10-25T07:35:26.028+0000] {logging_mixin.py:190} INFO - [2024-10-25T07:35:26.027+0000] {dag.py:3239} INFO - Sync 1 DAGs
[2024-10-25T07:35:26.042+0000] {logging_mixin.py:190} INFO - [2024-10-25T07:35:26.042+0000] {dag.py:4180} INFO - Setting next_dagrun for example_complex to None, run_after=None
[2024-10-25T07:35:26.066+0000] {processor.py:208} INFO - Processing /home/airflow/.local/lib/python3.12/site-packages/airflow/example_dags/example_complex.py took 0.093 seconds
[2024-10-25T07:37:56.385+0000] {processor.py:186} INFO - Started process (PID=92) to work on /home/airflow/.local/lib/python3.12/site-packages/airflow/example_dags/example_complex.py
[2024-10-25T07:37:56.387+0000] {processor.py:914} INFO - Processing file /home/airflow/.local/lib/python3.12/site-packages/airflow/example_dags/example_complex.py for tasks to queue
[2024-10-25T07:37:56.391+0000] {logging_mixin.py:190} INFO - [2024-10-25T07:37:56.391+0000] {dagbag.py:588} INFO - Filling up the DagBag from /home/airflow/.local/lib/python3.12/site-packages/airflow/example_dags/example_complex.py
[2024-10-25T07:37:56.407+0000] {processor.py:925} INFO - DAG(s) 'example_complex' retrieved from /home/airflow/.local/lib/python3.12/site-packages/airflow/example_dags/example_complex.py
[2024-10-25T07:37:56.446+0000] {logging_mixin.py:190} INFO - [2024-10-25T07:37:56.445+0000] {dag.py:3239} INFO - Sync 1 DAGs
[2024-10-25T07:37:56.464+0000] {logging_mixin.py:190} INFO - [2024-10-25T07:37:56.463+0000] {dag.py:4180} INFO - Setting next_dagrun for example_complex to None, run_after=None
[2024-10-25T07:37:56.492+0000] {processor.py:208} INFO - Processing /home/airflow/.local/lib/python3.12/site-packages/airflow/example_dags/example_complex.py took 0.116 seconds
[2024-10-25T07:38:28.525+0000] {processor.py:186} INFO - Started process (PID=162) to work on /home/airflow/.local/lib/python3.12/site-packages/airflow/example_dags/example_complex.py
[2024-10-25T07:38:28.526+0000] {processor.py:914} INFO - Processing file /home/airflow/.local/lib/python3.12/site-packages/airflow/example_dags/example_complex.py for tasks to queue
[2024-10-25T07:38:28.529+0000] {logging_mixin.py:190} INFO - [2024-10-25T07:38:28.528+0000] {dagbag.py:588} INFO - Filling up the DagBag from /home/airflow/.local/lib/python3.12/site-packages/airflow/example_dags/example_complex.py
[2024-10-25T07:38:28.543+0000] {processor.py:925} INFO - DAG(s) 'example_complex' retrieved from /home/airflow/.local/lib/python3.12/site-packages/airflow/example_dags/example_complex.py
[2024-10-25T07:38:28.595+0000] {logging_mixin.py:190} INFO - [2024-10-25T07:38:28.595+0000] {dag.py:3239} INFO - Sync 1 DAGs
[2024-10-25T07:38:28.616+0000] {logging_mixin.py:190} INFO - [2024-10-25T07:38:28.615+0000] {dag.py:4180} INFO - Setting next_dagrun for example_complex to None, run_after=None
[2024-10-25T07:38:28.648+0000] {processor.py:208} INFO - Processing /home/airflow/.local/lib/python3.12/site-packages/airflow/example_dags/example_complex.py took 0.130 seconds
