[2024-10-25T07:15:15.055+0000] {processor.py:186} INFO - Started process (PID=182) to work on /home/airflow/.local/lib/python3.12/site-packages/airflow/example_dags/example_outlet_event_extra.py
[2024-10-25T07:15:15.062+0000] {processor.py:914} INFO - Processing file /home/airflow/.local/lib/python3.12/site-packages/airflow/example_dags/example_outlet_event_extra.py for tasks to queue
[2024-10-25T07:15:15.079+0000] {logging_mixin.py:190} INFO - [2024-10-25T07:15:15.078+0000] {dagbag.py:588} INFO - Filling up the DagBag from /home/airflow/.local/lib/python3.12/site-packages/airflow/example_dags/example_outlet_event_extra.py
[2024-10-25T07:15:15.947+0000] {processor.py:925} INFO - DAG(s) 'dataset_with_extra_by_yield', 'dataset_with_extra_by_context', 'dataset_with_extra_from_classic_operator' retrieved from /home/airflow/.local/lib/python3.12/site-packages/airflow/example_dags/example_outlet_event_extra.py
[2024-10-25T07:15:17.691+0000] {logging_mixin.py:190} INFO - [2024-10-25T07:15:17.690+0000] {dag.py:3239} INFO - Sync 3 DAGs
[2024-10-25T07:15:17.893+0000] {logging_mixin.py:190} INFO - [2024-10-25T07:15:17.892+0000] {dag.py:4180} INFO - Setting next_dagrun for dataset_with_extra_by_context to 2024-10-24 00:00:00+00:00, run_after=2024-10-25 00:00:00+00:00
[2024-10-25T07:15:17.935+0000] {logging_mixin.py:190} INFO - [2024-10-25T07:15:17.933+0000] {dag.py:4180} INFO - Setting next_dagrun for dataset_with_extra_by_yield to 2024-10-24 00:00:00+00:00, run_after=2024-10-25 00:00:00+00:00
[2024-10-25T07:15:17.955+0000] {logging_mixin.py:190} INFO - [2024-10-25T07:15:17.954+0000] {dag.py:4180} INFO - Setting next_dagrun for dataset_with_extra_from_classic_operator to 2024-10-24 00:00:00+00:00, run_after=2024-10-25 00:00:00+00:00
[2024-10-25T07:15:18.156+0000] {processor.py:208} INFO - Processing /home/airflow/.local/lib/python3.12/site-packages/airflow/example_dags/example_outlet_event_extra.py took 3.127 seconds
[2024-10-25T07:16:13.169+0000] {processor.py:186} INFO - Started process (PID=277) to work on /home/airflow/.local/lib/python3.12/site-packages/airflow/example_dags/example_outlet_event_extra.py
[2024-10-25T07:16:13.172+0000] {processor.py:914} INFO - Processing file /home/airflow/.local/lib/python3.12/site-packages/airflow/example_dags/example_outlet_event_extra.py for tasks to queue
[2024-10-25T07:16:13.178+0000] {logging_mixin.py:190} INFO - [2024-10-25T07:16:13.177+0000] {dagbag.py:588} INFO - Filling up the DagBag from /home/airflow/.local/lib/python3.12/site-packages/airflow/example_dags/example_outlet_event_extra.py
[2024-10-25T07:16:13.646+0000] {processor.py:925} INFO - DAG(s) 'dataset_with_extra_by_context', 'dataset_with_extra_by_yield', 'dataset_with_extra_from_classic_operator' retrieved from /home/airflow/.local/lib/python3.12/site-packages/airflow/example_dags/example_outlet_event_extra.py
[2024-10-25T07:16:13.795+0000] {logging_mixin.py:190} INFO - [2024-10-25T07:16:13.794+0000] {dag.py:3239} INFO - Sync 3 DAGs
[2024-10-25T07:16:13.894+0000] {logging_mixin.py:190} INFO - [2024-10-25T07:16:13.893+0000] {dag.py:4180} INFO - Setting next_dagrun for dataset_with_extra_by_context to 2024-10-24 00:00:00+00:00, run_after=2024-10-25 00:00:00+00:00
[2024-10-25T07:16:13.923+0000] {logging_mixin.py:190} INFO - [2024-10-25T07:16:13.922+0000] {dag.py:4180} INFO - Setting next_dagrun for dataset_with_extra_by_yield to 2024-10-24 00:00:00+00:00, run_after=2024-10-25 00:00:00+00:00
[2024-10-25T07:16:13.940+0000] {logging_mixin.py:190} INFO - [2024-10-25T07:16:13.940+0000] {dag.py:4180} INFO - Setting next_dagrun for dataset_with_extra_from_classic_operator to 2024-10-24 00:00:00+00:00, run_after=2024-10-25 00:00:00+00:00
[2024-10-25T07:16:14.173+0000] {processor.py:208} INFO - Processing /home/airflow/.local/lib/python3.12/site-packages/airflow/example_dags/example_outlet_event_extra.py took 0.916 seconds
[2024-10-25T07:16:44.402+0000] {processor.py:186} INFO - Started process (PID=346) to work on /home/airflow/.local/lib/python3.12/site-packages/airflow/example_dags/example_outlet_event_extra.py
[2024-10-25T07:16:44.405+0000] {processor.py:914} INFO - Processing file /home/airflow/.local/lib/python3.12/site-packages/airflow/example_dags/example_outlet_event_extra.py for tasks to queue
[2024-10-25T07:16:44.411+0000] {logging_mixin.py:190} INFO - [2024-10-25T07:16:44.409+0000] {dagbag.py:588} INFO - Filling up the DagBag from /home/airflow/.local/lib/python3.12/site-packages/airflow/example_dags/example_outlet_event_extra.py
[2024-10-25T07:16:44.545+0000] {processor.py:925} INFO - DAG(s) 'dataset_with_extra_by_context', 'dataset_with_extra_from_classic_operator', 'dataset_with_extra_by_yield' retrieved from /home/airflow/.local/lib/python3.12/site-packages/airflow/example_dags/example_outlet_event_extra.py
[2024-10-25T07:16:44.596+0000] {logging_mixin.py:190} INFO - [2024-10-25T07:16:44.596+0000] {dag.py:3239} INFO - Sync 3 DAGs
[2024-10-25T07:16:44.639+0000] {logging_mixin.py:190} INFO - [2024-10-25T07:16:44.638+0000] {dag.py:4180} INFO - Setting next_dagrun for dataset_with_extra_by_context to 2024-10-24 00:00:00+00:00, run_after=2024-10-25 00:00:00+00:00
[2024-10-25T07:16:44.648+0000] {logging_mixin.py:190} INFO - [2024-10-25T07:16:44.648+0000] {dag.py:4180} INFO - Setting next_dagrun for dataset_with_extra_by_yield to 2024-10-24 00:00:00+00:00, run_after=2024-10-25 00:00:00+00:00
[2024-10-25T07:16:44.654+0000] {logging_mixin.py:190} INFO - [2024-10-25T07:16:44.653+0000] {dag.py:4180} INFO - Setting next_dagrun for dataset_with_extra_from_classic_operator to 2024-10-24 00:00:00+00:00, run_after=2024-10-25 00:00:00+00:00
[2024-10-25T07:16:44.693+0000] {processor.py:208} INFO - Processing /home/airflow/.local/lib/python3.12/site-packages/airflow/example_dags/example_outlet_event_extra.py took 0.305 seconds
[2024-10-25T07:17:15.347+0000] {processor.py:186} INFO - Started process (PID=415) to work on /home/airflow/.local/lib/python3.12/site-packages/airflow/example_dags/example_outlet_event_extra.py
[2024-10-25T07:17:15.349+0000] {processor.py:914} INFO - Processing file /home/airflow/.local/lib/python3.12/site-packages/airflow/example_dags/example_outlet_event_extra.py for tasks to queue
[2024-10-25T07:17:15.355+0000] {logging_mixin.py:190} INFO - [2024-10-25T07:17:15.354+0000] {dagbag.py:588} INFO - Filling up the DagBag from /home/airflow/.local/lib/python3.12/site-packages/airflow/example_dags/example_outlet_event_extra.py
[2024-10-25T07:17:15.524+0000] {processor.py:925} INFO - DAG(s) 'dataset_with_extra_by_yield', 'dataset_with_extra_from_classic_operator', 'dataset_with_extra_by_context' retrieved from /home/airflow/.local/lib/python3.12/site-packages/airflow/example_dags/example_outlet_event_extra.py
[2024-10-25T07:17:15.579+0000] {logging_mixin.py:190} INFO - [2024-10-25T07:17:15.579+0000] {dag.py:3239} INFO - Sync 3 DAGs
[2024-10-25T07:17:15.632+0000] {logging_mixin.py:190} INFO - [2024-10-25T07:17:15.632+0000] {dag.py:4180} INFO - Setting next_dagrun for dataset_with_extra_by_context to 2024-10-24 00:00:00+00:00, run_after=2024-10-25 00:00:00+00:00
[2024-10-25T07:17:15.645+0000] {logging_mixin.py:190} INFO - [2024-10-25T07:17:15.644+0000] {dag.py:4180} INFO - Setting next_dagrun for dataset_with_extra_by_yield to 2024-10-24 00:00:00+00:00, run_after=2024-10-25 00:00:00+00:00
[2024-10-25T07:17:15.650+0000] {logging_mixin.py:190} INFO - [2024-10-25T07:17:15.650+0000] {dag.py:4180} INFO - Setting next_dagrun for dataset_with_extra_from_classic_operator to 2024-10-24 00:00:00+00:00, run_after=2024-10-25 00:00:00+00:00
[2024-10-25T07:17:15.698+0000] {processor.py:208} INFO - Processing /home/airflow/.local/lib/python3.12/site-packages/airflow/example_dags/example_outlet_event_extra.py took 0.361 seconds
[2024-10-25T07:17:46.014+0000] {processor.py:186} INFO - Started process (PID=485) to work on /home/airflow/.local/lib/python3.12/site-packages/airflow/example_dags/example_outlet_event_extra.py
[2024-10-25T07:17:46.016+0000] {processor.py:914} INFO - Processing file /home/airflow/.local/lib/python3.12/site-packages/airflow/example_dags/example_outlet_event_extra.py for tasks to queue
[2024-10-25T07:17:46.023+0000] {logging_mixin.py:190} INFO - [2024-10-25T07:17:46.022+0000] {dagbag.py:588} INFO - Filling up the DagBag from /home/airflow/.local/lib/python3.12/site-packages/airflow/example_dags/example_outlet_event_extra.py
[2024-10-25T07:17:46.229+0000] {processor.py:925} INFO - DAG(s) 'dataset_with_extra_from_classic_operator', 'dataset_with_extra_by_context', 'dataset_with_extra_by_yield' retrieved from /home/airflow/.local/lib/python3.12/site-packages/airflow/example_dags/example_outlet_event_extra.py
[2024-10-25T07:17:46.296+0000] {logging_mixin.py:190} INFO - [2024-10-25T07:17:46.295+0000] {dag.py:3239} INFO - Sync 3 DAGs
[2024-10-25T07:17:46.370+0000] {logging_mixin.py:190} INFO - [2024-10-25T07:17:46.369+0000] {dag.py:4180} INFO - Setting next_dagrun for dataset_with_extra_by_context to 2024-10-24 00:00:00+00:00, run_after=2024-10-25 00:00:00+00:00
[2024-10-25T07:17:46.384+0000] {logging_mixin.py:190} INFO - [2024-10-25T07:17:46.383+0000] {dag.py:4180} INFO - Setting next_dagrun for dataset_with_extra_by_yield to 2024-10-24 00:00:00+00:00, run_after=2024-10-25 00:00:00+00:00
[2024-10-25T07:17:46.396+0000] {logging_mixin.py:190} INFO - [2024-10-25T07:17:46.395+0000] {dag.py:4180} INFO - Setting next_dagrun for dataset_with_extra_from_classic_operator to 2024-10-24 00:00:00+00:00, run_after=2024-10-25 00:00:00+00:00
[2024-10-25T07:17:46.441+0000] {processor.py:208} INFO - Processing /home/airflow/.local/lib/python3.12/site-packages/airflow/example_dags/example_outlet_event_extra.py took 0.437 seconds
[2024-10-25T07:18:17.391+0000] {processor.py:186} INFO - Started process (PID=554) to work on /home/airflow/.local/lib/python3.12/site-packages/airflow/example_dags/example_outlet_event_extra.py
[2024-10-25T07:18:17.395+0000] {processor.py:914} INFO - Processing file /home/airflow/.local/lib/python3.12/site-packages/airflow/example_dags/example_outlet_event_extra.py for tasks to queue
[2024-10-25T07:18:17.409+0000] {logging_mixin.py:190} INFO - [2024-10-25T07:18:17.408+0000] {dagbag.py:588} INFO - Filling up the DagBag from /home/airflow/.local/lib/python3.12/site-packages/airflow/example_dags/example_outlet_event_extra.py
[2024-10-25T07:18:17.604+0000] {processor.py:925} INFO - DAG(s) 'dataset_with_extra_from_classic_operator', 'dataset_with_extra_by_yield', 'dataset_with_extra_by_context' retrieved from /home/airflow/.local/lib/python3.12/site-packages/airflow/example_dags/example_outlet_event_extra.py
[2024-10-25T07:18:17.665+0000] {logging_mixin.py:190} INFO - [2024-10-25T07:18:17.664+0000] {dag.py:3239} INFO - Sync 3 DAGs
[2024-10-25T07:18:17.722+0000] {logging_mixin.py:190} INFO - [2024-10-25T07:18:17.722+0000] {dag.py:4180} INFO - Setting next_dagrun for dataset_with_extra_by_context to 2024-10-24 00:00:00+00:00, run_after=2024-10-25 00:00:00+00:00
[2024-10-25T07:18:17.736+0000] {logging_mixin.py:190} INFO - [2024-10-25T07:18:17.736+0000] {dag.py:4180} INFO - Setting next_dagrun for dataset_with_extra_by_yield to 2024-10-24 00:00:00+00:00, run_after=2024-10-25 00:00:00+00:00
[2024-10-25T07:18:17.741+0000] {logging_mixin.py:190} INFO - [2024-10-25T07:18:17.741+0000] {dag.py:4180} INFO - Setting next_dagrun for dataset_with_extra_from_classic_operator to 2024-10-24 00:00:00+00:00, run_after=2024-10-25 00:00:00+00:00
[2024-10-25T07:18:17.788+0000] {processor.py:208} INFO - Processing /home/airflow/.local/lib/python3.12/site-packages/airflow/example_dags/example_outlet_event_extra.py took 0.407 seconds
[2024-10-25T07:18:47.934+0000] {processor.py:186} INFO - Started process (PID=622) to work on /home/airflow/.local/lib/python3.12/site-packages/airflow/example_dags/example_outlet_event_extra.py
[2024-10-25T07:18:47.936+0000] {processor.py:914} INFO - Processing file /home/airflow/.local/lib/python3.12/site-packages/airflow/example_dags/example_outlet_event_extra.py for tasks to queue
[2024-10-25T07:18:47.942+0000] {logging_mixin.py:190} INFO - [2024-10-25T07:18:47.941+0000] {dagbag.py:588} INFO - Filling up the DagBag from /home/airflow/.local/lib/python3.12/site-packages/airflow/example_dags/example_outlet_event_extra.py
[2024-10-25T07:18:48.081+0000] {processor.py:925} INFO - DAG(s) 'dataset_with_extra_by_yield', 'dataset_with_extra_by_context', 'dataset_with_extra_from_classic_operator' retrieved from /home/airflow/.local/lib/python3.12/site-packages/airflow/example_dags/example_outlet_event_extra.py
[2024-10-25T07:18:48.120+0000] {logging_mixin.py:190} INFO - [2024-10-25T07:18:48.120+0000] {dag.py:3239} INFO - Sync 3 DAGs
[2024-10-25T07:18:48.158+0000] {logging_mixin.py:190} INFO - [2024-10-25T07:18:48.158+0000] {dag.py:4180} INFO - Setting next_dagrun for dataset_with_extra_by_context to 2024-10-24 00:00:00+00:00, run_after=2024-10-25 00:00:00+00:00
[2024-10-25T07:18:48.167+0000] {logging_mixin.py:190} INFO - [2024-10-25T07:18:48.166+0000] {dag.py:4180} INFO - Setting next_dagrun for dataset_with_extra_by_yield to 2024-10-24 00:00:00+00:00, run_after=2024-10-25 00:00:00+00:00
[2024-10-25T07:18:48.170+0000] {logging_mixin.py:190} INFO - [2024-10-25T07:18:48.170+0000] {dag.py:4180} INFO - Setting next_dagrun for dataset_with_extra_from_classic_operator to 2024-10-24 00:00:00+00:00, run_after=2024-10-25 00:00:00+00:00
[2024-10-25T07:18:48.210+0000] {processor.py:208} INFO - Processing /home/airflow/.local/lib/python3.12/site-packages/airflow/example_dags/example_outlet_event_extra.py took 0.284 seconds
[2024-10-25T07:19:18.652+0000] {processor.py:186} INFO - Started process (PID=691) to work on /home/airflow/.local/lib/python3.12/site-packages/airflow/example_dags/example_outlet_event_extra.py
[2024-10-25T07:19:18.654+0000] {processor.py:914} INFO - Processing file /home/airflow/.local/lib/python3.12/site-packages/airflow/example_dags/example_outlet_event_extra.py for tasks to queue
[2024-10-25T07:19:18.659+0000] {logging_mixin.py:190} INFO - [2024-10-25T07:19:18.658+0000] {dagbag.py:588} INFO - Filling up the DagBag from /home/airflow/.local/lib/python3.12/site-packages/airflow/example_dags/example_outlet_event_extra.py
[2024-10-25T07:19:18.780+0000] {processor.py:925} INFO - DAG(s) 'dataset_with_extra_by_context', 'dataset_with_extra_from_classic_operator', 'dataset_with_extra_by_yield' retrieved from /home/airflow/.local/lib/python3.12/site-packages/airflow/example_dags/example_outlet_event_extra.py
[2024-10-25T07:19:18.819+0000] {logging_mixin.py:190} INFO - [2024-10-25T07:19:18.818+0000] {dag.py:3239} INFO - Sync 3 DAGs
[2024-10-25T07:19:18.856+0000] {logging_mixin.py:190} INFO - [2024-10-25T07:19:18.856+0000] {dag.py:4180} INFO - Setting next_dagrun for dataset_with_extra_by_context to 2024-10-24 00:00:00+00:00, run_after=2024-10-25 00:00:00+00:00
[2024-10-25T07:19:18.864+0000] {logging_mixin.py:190} INFO - [2024-10-25T07:19:18.863+0000] {dag.py:4180} INFO - Setting next_dagrun for dataset_with_extra_by_yield to 2024-10-24 00:00:00+00:00, run_after=2024-10-25 00:00:00+00:00
[2024-10-25T07:19:18.869+0000] {logging_mixin.py:190} INFO - [2024-10-25T07:19:18.868+0000] {dag.py:4180} INFO - Setting next_dagrun for dataset_with_extra_from_classic_operator to 2024-10-24 00:00:00+00:00, run_after=2024-10-25 00:00:00+00:00
[2024-10-25T07:19:18.902+0000] {processor.py:208} INFO - Processing /home/airflow/.local/lib/python3.12/site-packages/airflow/example_dags/example_outlet_event_extra.py took 0.257 seconds
[2024-10-25T07:19:49.327+0000] {processor.py:186} INFO - Started process (PID=760) to work on /home/airflow/.local/lib/python3.12/site-packages/airflow/example_dags/example_outlet_event_extra.py
[2024-10-25T07:19:49.329+0000] {processor.py:914} INFO - Processing file /home/airflow/.local/lib/python3.12/site-packages/airflow/example_dags/example_outlet_event_extra.py for tasks to queue
[2024-10-25T07:19:49.332+0000] {logging_mixin.py:190} INFO - [2024-10-25T07:19:49.332+0000] {dagbag.py:588} INFO - Filling up the DagBag from /home/airflow/.local/lib/python3.12/site-packages/airflow/example_dags/example_outlet_event_extra.py
[2024-10-25T07:19:49.412+0000] {processor.py:925} INFO - DAG(s) 'dataset_with_extra_by_yield', 'dataset_with_extra_by_context', 'dataset_with_extra_from_classic_operator' retrieved from /home/airflow/.local/lib/python3.12/site-packages/airflow/example_dags/example_outlet_event_extra.py
[2024-10-25T07:19:49.446+0000] {logging_mixin.py:190} INFO - [2024-10-25T07:19:49.446+0000] {dag.py:3239} INFO - Sync 3 DAGs
[2024-10-25T07:19:49.470+0000] {logging_mixin.py:190} INFO - [2024-10-25T07:19:49.470+0000] {dag.py:4180} INFO - Setting next_dagrun for dataset_with_extra_by_context to 2024-10-24 00:00:00+00:00, run_after=2024-10-25 00:00:00+00:00
[2024-10-25T07:19:49.475+0000] {logging_mixin.py:190} INFO - [2024-10-25T07:19:49.475+0000] {dag.py:4180} INFO - Setting next_dagrun for dataset_with_extra_by_yield to 2024-10-24 00:00:00+00:00, run_after=2024-10-25 00:00:00+00:00
[2024-10-25T07:19:49.478+0000] {logging_mixin.py:190} INFO - [2024-10-25T07:19:49.478+0000] {dag.py:4180} INFO - Setting next_dagrun for dataset_with_extra_from_classic_operator to 2024-10-24 00:00:00+00:00, run_after=2024-10-25 00:00:00+00:00
[2024-10-25T07:19:49.507+0000] {processor.py:208} INFO - Processing /home/airflow/.local/lib/python3.12/site-packages/airflow/example_dags/example_outlet_event_extra.py took 0.185 seconds
[2024-10-25T07:20:20.031+0000] {processor.py:186} INFO - Started process (PID=828) to work on /home/airflow/.local/lib/python3.12/site-packages/airflow/example_dags/example_outlet_event_extra.py
[2024-10-25T07:20:20.032+0000] {processor.py:914} INFO - Processing file /home/airflow/.local/lib/python3.12/site-packages/airflow/example_dags/example_outlet_event_extra.py for tasks to queue
[2024-10-25T07:20:20.035+0000] {logging_mixin.py:190} INFO - [2024-10-25T07:20:20.035+0000] {dagbag.py:588} INFO - Filling up the DagBag from /home/airflow/.local/lib/python3.12/site-packages/airflow/example_dags/example_outlet_event_extra.py
[2024-10-25T07:20:20.144+0000] {processor.py:925} INFO - DAG(s) 'dataset_with_extra_by_context', 'dataset_with_extra_from_classic_operator', 'dataset_with_extra_by_yield' retrieved from /home/airflow/.local/lib/python3.12/site-packages/airflow/example_dags/example_outlet_event_extra.py
[2024-10-25T07:20:20.182+0000] {logging_mixin.py:190} INFO - [2024-10-25T07:20:20.182+0000] {dag.py:3239} INFO - Sync 3 DAGs
[2024-10-25T07:20:20.222+0000] {logging_mixin.py:190} INFO - [2024-10-25T07:20:20.222+0000] {dag.py:4180} INFO - Setting next_dagrun for dataset_with_extra_by_context to 2024-10-24 00:00:00+00:00, run_after=2024-10-25 00:00:00+00:00
[2024-10-25T07:20:20.228+0000] {logging_mixin.py:190} INFO - [2024-10-25T07:20:20.228+0000] {dag.py:4180} INFO - Setting next_dagrun for dataset_with_extra_by_yield to 2024-10-24 00:00:00+00:00, run_after=2024-10-25 00:00:00+00:00
[2024-10-25T07:20:20.233+0000] {logging_mixin.py:190} INFO - [2024-10-25T07:20:20.233+0000] {dag.py:4180} INFO - Setting next_dagrun for dataset_with_extra_from_classic_operator to 2024-10-24 00:00:00+00:00, run_after=2024-10-25 00:00:00+00:00
[2024-10-25T07:20:20.262+0000] {processor.py:208} INFO - Processing /home/airflow/.local/lib/python3.12/site-packages/airflow/example_dags/example_outlet_event_extra.py took 0.239 seconds
[2024-10-25T07:20:50.797+0000] {processor.py:186} INFO - Started process (PID=897) to work on /home/airflow/.local/lib/python3.12/site-packages/airflow/example_dags/example_outlet_event_extra.py
[2024-10-25T07:20:50.798+0000] {processor.py:914} INFO - Processing file /home/airflow/.local/lib/python3.12/site-packages/airflow/example_dags/example_outlet_event_extra.py for tasks to queue
[2024-10-25T07:20:50.801+0000] {logging_mixin.py:190} INFO - [2024-10-25T07:20:50.801+0000] {dagbag.py:588} INFO - Filling up the DagBag from /home/airflow/.local/lib/python3.12/site-packages/airflow/example_dags/example_outlet_event_extra.py
[2024-10-25T07:20:50.865+0000] {processor.py:925} INFO - DAG(s) 'dataset_with_extra_by_context', 'dataset_with_extra_from_classic_operator', 'dataset_with_extra_by_yield' retrieved from /home/airflow/.local/lib/python3.12/site-packages/airflow/example_dags/example_outlet_event_extra.py
[2024-10-25T07:20:50.894+0000] {logging_mixin.py:190} INFO - [2024-10-25T07:20:50.894+0000] {dag.py:3239} INFO - Sync 3 DAGs
[2024-10-25T07:20:50.919+0000] {logging_mixin.py:190} INFO - [2024-10-25T07:20:50.918+0000] {dag.py:4180} INFO - Setting next_dagrun for dataset_with_extra_by_context to 2024-10-24 00:00:00+00:00, run_after=2024-10-25 00:00:00+00:00
[2024-10-25T07:20:50.924+0000] {logging_mixin.py:190} INFO - [2024-10-25T07:20:50.924+0000] {dag.py:4180} INFO - Setting next_dagrun for dataset_with_extra_by_yield to 2024-10-24 00:00:00+00:00, run_after=2024-10-25 00:00:00+00:00
[2024-10-25T07:20:50.927+0000] {logging_mixin.py:190} INFO - [2024-10-25T07:20:50.926+0000] {dag.py:4180} INFO - Setting next_dagrun for dataset_with_extra_from_classic_operator to 2024-10-24 00:00:00+00:00, run_after=2024-10-25 00:00:00+00:00
[2024-10-25T07:20:50.948+0000] {processor.py:208} INFO - Processing /home/airflow/.local/lib/python3.12/site-packages/airflow/example_dags/example_outlet_event_extra.py took 0.156 seconds
[2024-10-25T07:21:21.072+0000] {processor.py:186} INFO - Started process (PID=966) to work on /home/airflow/.local/lib/python3.12/site-packages/airflow/example_dags/example_outlet_event_extra.py
[2024-10-25T07:21:21.073+0000] {processor.py:914} INFO - Processing file /home/airflow/.local/lib/python3.12/site-packages/airflow/example_dags/example_outlet_event_extra.py for tasks to queue
[2024-10-25T07:21:21.076+0000] {logging_mixin.py:190} INFO - [2024-10-25T07:21:21.076+0000] {dagbag.py:588} INFO - Filling up the DagBag from /home/airflow/.local/lib/python3.12/site-packages/airflow/example_dags/example_outlet_event_extra.py
[2024-10-25T07:21:21.143+0000] {processor.py:925} INFO - DAG(s) 'dataset_with_extra_by_context', 'dataset_with_extra_from_classic_operator', 'dataset_with_extra_by_yield' retrieved from /home/airflow/.local/lib/python3.12/site-packages/airflow/example_dags/example_outlet_event_extra.py
[2024-10-25T07:21:21.177+0000] {logging_mixin.py:190} INFO - [2024-10-25T07:21:21.177+0000] {dag.py:3239} INFO - Sync 3 DAGs
[2024-10-25T07:21:21.199+0000] {logging_mixin.py:190} INFO - [2024-10-25T07:21:21.199+0000] {dag.py:4180} INFO - Setting next_dagrun for dataset_with_extra_by_context to 2024-10-24 00:00:00+00:00, run_after=2024-10-25 00:00:00+00:00
[2024-10-25T07:21:21.205+0000] {logging_mixin.py:190} INFO - [2024-10-25T07:21:21.204+0000] {dag.py:4180} INFO - Setting next_dagrun for dataset_with_extra_by_yield to 2024-10-24 00:00:00+00:00, run_after=2024-10-25 00:00:00+00:00
[2024-10-25T07:21:21.208+0000] {logging_mixin.py:190} INFO - [2024-10-25T07:21:21.208+0000] {dag.py:4180} INFO - Setting next_dagrun for dataset_with_extra_from_classic_operator to 2024-10-24 00:00:00+00:00, run_after=2024-10-25 00:00:00+00:00
[2024-10-25T07:21:21.232+0000] {processor.py:208} INFO - Processing /home/airflow/.local/lib/python3.12/site-packages/airflow/example_dags/example_outlet_event_extra.py took 0.165 seconds
[2024-10-25T07:21:51.452+0000] {processor.py:186} INFO - Started process (PID=1035) to work on /home/airflow/.local/lib/python3.12/site-packages/airflow/example_dags/example_outlet_event_extra.py
[2024-10-25T07:21:51.453+0000] {processor.py:914} INFO - Processing file /home/airflow/.local/lib/python3.12/site-packages/airflow/example_dags/example_outlet_event_extra.py for tasks to queue
[2024-10-25T07:21:51.456+0000] {logging_mixin.py:190} INFO - [2024-10-25T07:21:51.456+0000] {dagbag.py:588} INFO - Filling up the DagBag from /home/airflow/.local/lib/python3.12/site-packages/airflow/example_dags/example_outlet_event_extra.py
[2024-10-25T07:21:51.525+0000] {processor.py:925} INFO - DAG(s) 'dataset_with_extra_from_classic_operator', 'dataset_with_extra_by_context', 'dataset_with_extra_by_yield' retrieved from /home/airflow/.local/lib/python3.12/site-packages/airflow/example_dags/example_outlet_event_extra.py
[2024-10-25T07:21:51.553+0000] {logging_mixin.py:190} INFO - [2024-10-25T07:21:51.552+0000] {dag.py:3239} INFO - Sync 3 DAGs
[2024-10-25T07:21:51.577+0000] {logging_mixin.py:190} INFO - [2024-10-25T07:21:51.577+0000] {dag.py:4180} INFO - Setting next_dagrun for dataset_with_extra_by_context to 2024-10-24 00:00:00+00:00, run_after=2024-10-25 00:00:00+00:00
[2024-10-25T07:21:51.583+0000] {logging_mixin.py:190} INFO - [2024-10-25T07:21:51.582+0000] {dag.py:4180} INFO - Setting next_dagrun for dataset_with_extra_by_yield to 2024-10-24 00:00:00+00:00, run_after=2024-10-25 00:00:00+00:00
[2024-10-25T07:21:51.586+0000] {logging_mixin.py:190} INFO - [2024-10-25T07:21:51.586+0000] {dag.py:4180} INFO - Setting next_dagrun for dataset_with_extra_from_classic_operator to 2024-10-24 00:00:00+00:00, run_after=2024-10-25 00:00:00+00:00
[2024-10-25T07:21:51.612+0000] {processor.py:208} INFO - Processing /home/airflow/.local/lib/python3.12/site-packages/airflow/example_dags/example_outlet_event_extra.py took 0.165 seconds
[2024-10-25T07:22:22.085+0000] {processor.py:186} INFO - Started process (PID=1104) to work on /home/airflow/.local/lib/python3.12/site-packages/airflow/example_dags/example_outlet_event_extra.py
[2024-10-25T07:22:22.087+0000] {processor.py:914} INFO - Processing file /home/airflow/.local/lib/python3.12/site-packages/airflow/example_dags/example_outlet_event_extra.py for tasks to queue
[2024-10-25T07:22:22.090+0000] {logging_mixin.py:190} INFO - [2024-10-25T07:22:22.090+0000] {dagbag.py:588} INFO - Filling up the DagBag from /home/airflow/.local/lib/python3.12/site-packages/airflow/example_dags/example_outlet_event_extra.py
[2024-10-25T07:22:22.210+0000] {processor.py:925} INFO - DAG(s) 'dataset_with_extra_from_classic_operator', 'dataset_with_extra_by_yield', 'dataset_with_extra_by_context' retrieved from /home/airflow/.local/lib/python3.12/site-packages/airflow/example_dags/example_outlet_event_extra.py
[2024-10-25T07:22:22.246+0000] {logging_mixin.py:190} INFO - [2024-10-25T07:22:22.246+0000] {dag.py:3239} INFO - Sync 3 DAGs
[2024-10-25T07:22:22.278+0000] {logging_mixin.py:190} INFO - [2024-10-25T07:22:22.277+0000] {dag.py:4180} INFO - Setting next_dagrun for dataset_with_extra_by_context to 2024-10-24 00:00:00+00:00, run_after=2024-10-25 00:00:00+00:00
[2024-10-25T07:22:22.283+0000] {logging_mixin.py:190} INFO - [2024-10-25T07:22:22.283+0000] {dag.py:4180} INFO - Setting next_dagrun for dataset_with_extra_by_yield to 2024-10-24 00:00:00+00:00, run_after=2024-10-25 00:00:00+00:00
[2024-10-25T07:22:22.289+0000] {logging_mixin.py:190} INFO - [2024-10-25T07:22:22.288+0000] {dag.py:4180} INFO - Setting next_dagrun for dataset_with_extra_from_classic_operator to 2024-10-24 00:00:00+00:00, run_after=2024-10-25 00:00:00+00:00
[2024-10-25T07:22:22.317+0000] {processor.py:208} INFO - Processing /home/airflow/.local/lib/python3.12/site-packages/airflow/example_dags/example_outlet_event_extra.py took 0.239 seconds
[2024-10-25T07:22:52.614+0000] {processor.py:186} INFO - Started process (PID=1173) to work on /home/airflow/.local/lib/python3.12/site-packages/airflow/example_dags/example_outlet_event_extra.py
[2024-10-25T07:22:52.616+0000] {processor.py:914} INFO - Processing file /home/airflow/.local/lib/python3.12/site-packages/airflow/example_dags/example_outlet_event_extra.py for tasks to queue
[2024-10-25T07:22:52.621+0000] {logging_mixin.py:190} INFO - [2024-10-25T07:22:52.621+0000] {dagbag.py:588} INFO - Filling up the DagBag from /home/airflow/.local/lib/python3.12/site-packages/airflow/example_dags/example_outlet_event_extra.py
[2024-10-25T07:22:52.736+0000] {processor.py:925} INFO - DAG(s) 'dataset_with_extra_by_context', 'dataset_with_extra_by_yield', 'dataset_with_extra_from_classic_operator' retrieved from /home/airflow/.local/lib/python3.12/site-packages/airflow/example_dags/example_outlet_event_extra.py
[2024-10-25T07:22:52.778+0000] {logging_mixin.py:190} INFO - [2024-10-25T07:22:52.778+0000] {dag.py:3239} INFO - Sync 3 DAGs
[2024-10-25T07:22:52.811+0000] {logging_mixin.py:190} INFO - [2024-10-25T07:22:52.810+0000] {dag.py:4180} INFO - Setting next_dagrun for dataset_with_extra_by_context to 2024-10-24 00:00:00+00:00, run_after=2024-10-25 00:00:00+00:00
[2024-10-25T07:22:52.817+0000] {logging_mixin.py:190} INFO - [2024-10-25T07:22:52.817+0000] {dag.py:4180} INFO - Setting next_dagrun for dataset_with_extra_by_yield to 2024-10-24 00:00:00+00:00, run_after=2024-10-25 00:00:00+00:00
[2024-10-25T07:22:52.820+0000] {logging_mixin.py:190} INFO - [2024-10-25T07:22:52.820+0000] {dag.py:4180} INFO - Setting next_dagrun for dataset_with_extra_from_classic_operator to 2024-10-24 00:00:00+00:00, run_after=2024-10-25 00:00:00+00:00
[2024-10-25T07:22:52.854+0000] {processor.py:208} INFO - Processing /home/airflow/.local/lib/python3.12/site-packages/airflow/example_dags/example_outlet_event_extra.py took 0.247 seconds
[2024-10-25T07:23:22.986+0000] {processor.py:186} INFO - Started process (PID=1242) to work on /home/airflow/.local/lib/python3.12/site-packages/airflow/example_dags/example_outlet_event_extra.py
[2024-10-25T07:23:22.988+0000] {processor.py:914} INFO - Processing file /home/airflow/.local/lib/python3.12/site-packages/airflow/example_dags/example_outlet_event_extra.py for tasks to queue
[2024-10-25T07:23:22.992+0000] {logging_mixin.py:190} INFO - [2024-10-25T07:23:22.992+0000] {dagbag.py:588} INFO - Filling up the DagBag from /home/airflow/.local/lib/python3.12/site-packages/airflow/example_dags/example_outlet_event_extra.py
[2024-10-25T07:23:23.086+0000] {processor.py:925} INFO - DAG(s) 'dataset_with_extra_from_classic_operator', 'dataset_with_extra_by_yield', 'dataset_with_extra_by_context' retrieved from /home/airflow/.local/lib/python3.12/site-packages/airflow/example_dags/example_outlet_event_extra.py
[2024-10-25T07:23:23.118+0000] {logging_mixin.py:190} INFO - [2024-10-25T07:23:23.118+0000] {dag.py:3239} INFO - Sync 3 DAGs
[2024-10-25T07:23:23.151+0000] {logging_mixin.py:190} INFO - [2024-10-25T07:23:23.151+0000] {dag.py:4180} INFO - Setting next_dagrun for dataset_with_extra_by_context to 2024-10-24 00:00:00+00:00, run_after=2024-10-25 00:00:00+00:00
[2024-10-25T07:23:23.160+0000] {logging_mixin.py:190} INFO - [2024-10-25T07:23:23.160+0000] {dag.py:4180} INFO - Setting next_dagrun for dataset_with_extra_by_yield to 2024-10-24 00:00:00+00:00, run_after=2024-10-25 00:00:00+00:00
[2024-10-25T07:23:23.164+0000] {logging_mixin.py:190} INFO - [2024-10-25T07:23:23.164+0000] {dag.py:4180} INFO - Setting next_dagrun for dataset_with_extra_from_classic_operator to 2024-10-24 00:00:00+00:00, run_after=2024-10-25 00:00:00+00:00
[2024-10-25T07:23:23.201+0000] {processor.py:208} INFO - Processing /home/airflow/.local/lib/python3.12/site-packages/airflow/example_dags/example_outlet_event_extra.py took 0.222 seconds
[2024-10-25T07:23:53.579+0000] {processor.py:186} INFO - Started process (PID=1311) to work on /home/airflow/.local/lib/python3.12/site-packages/airflow/example_dags/example_outlet_event_extra.py
[2024-10-25T07:23:53.581+0000] {processor.py:914} INFO - Processing file /home/airflow/.local/lib/python3.12/site-packages/airflow/example_dags/example_outlet_event_extra.py for tasks to queue
[2024-10-25T07:23:53.584+0000] {logging_mixin.py:190} INFO - [2024-10-25T07:23:53.584+0000] {dagbag.py:588} INFO - Filling up the DagBag from /home/airflow/.local/lib/python3.12/site-packages/airflow/example_dags/example_outlet_event_extra.py
[2024-10-25T07:23:53.653+0000] {processor.py:925} INFO - DAG(s) 'dataset_with_extra_by_context', 'dataset_with_extra_from_classic_operator', 'dataset_with_extra_by_yield' retrieved from /home/airflow/.local/lib/python3.12/site-packages/airflow/example_dags/example_outlet_event_extra.py
[2024-10-25T07:23:53.681+0000] {logging_mixin.py:190} INFO - [2024-10-25T07:23:53.681+0000] {dag.py:3239} INFO - Sync 3 DAGs
[2024-10-25T07:23:53.703+0000] {logging_mixin.py:190} INFO - [2024-10-25T07:23:53.703+0000] {dag.py:4180} INFO - Setting next_dagrun for dataset_with_extra_by_context to 2024-10-24 00:00:00+00:00, run_after=2024-10-25 00:00:00+00:00
[2024-10-25T07:23:53.708+0000] {logging_mixin.py:190} INFO - [2024-10-25T07:23:53.708+0000] {dag.py:4180} INFO - Setting next_dagrun for dataset_with_extra_by_yield to 2024-10-24 00:00:00+00:00, run_after=2024-10-25 00:00:00+00:00
[2024-10-25T07:23:53.710+0000] {logging_mixin.py:190} INFO - [2024-10-25T07:23:53.710+0000] {dag.py:4180} INFO - Setting next_dagrun for dataset_with_extra_from_classic_operator to 2024-10-24 00:00:00+00:00, run_after=2024-10-25 00:00:00+00:00
[2024-10-25T07:23:53.806+0000] {processor.py:208} INFO - Processing /home/airflow/.local/lib/python3.12/site-packages/airflow/example_dags/example_outlet_event_extra.py took 0.233 seconds
[2024-10-25T07:24:24.056+0000] {processor.py:186} INFO - Started process (PID=1380) to work on /home/airflow/.local/lib/python3.12/site-packages/airflow/example_dags/example_outlet_event_extra.py
[2024-10-25T07:24:24.057+0000] {processor.py:914} INFO - Processing file /home/airflow/.local/lib/python3.12/site-packages/airflow/example_dags/example_outlet_event_extra.py for tasks to queue
[2024-10-25T07:24:24.060+0000] {logging_mixin.py:190} INFO - [2024-10-25T07:24:24.060+0000] {dagbag.py:588} INFO - Filling up the DagBag from /home/airflow/.local/lib/python3.12/site-packages/airflow/example_dags/example_outlet_event_extra.py
[2024-10-25T07:24:24.142+0000] {processor.py:925} INFO - DAG(s) 'dataset_with_extra_from_classic_operator', 'dataset_with_extra_by_context', 'dataset_with_extra_by_yield' retrieved from /home/airflow/.local/lib/python3.12/site-packages/airflow/example_dags/example_outlet_event_extra.py
[2024-10-25T07:24:24.178+0000] {logging_mixin.py:190} INFO - [2024-10-25T07:24:24.177+0000] {dag.py:3239} INFO - Sync 3 DAGs
[2024-10-25T07:24:24.218+0000] {logging_mixin.py:190} INFO - [2024-10-25T07:24:24.218+0000] {dag.py:4180} INFO - Setting next_dagrun for dataset_with_extra_by_context to 2024-10-24 00:00:00+00:00, run_after=2024-10-25 00:00:00+00:00
[2024-10-25T07:24:24.226+0000] {logging_mixin.py:190} INFO - [2024-10-25T07:24:24.226+0000] {dag.py:4180} INFO - Setting next_dagrun for dataset_with_extra_by_yield to 2024-10-24 00:00:00+00:00, run_after=2024-10-25 00:00:00+00:00
[2024-10-25T07:24:24.230+0000] {logging_mixin.py:190} INFO - [2024-10-25T07:24:24.229+0000] {dag.py:4180} INFO - Setting next_dagrun for dataset_with_extra_from_classic_operator to 2024-10-24 00:00:00+00:00, run_after=2024-10-25 00:00:00+00:00
[2024-10-25T07:24:24.265+0000] {processor.py:208} INFO - Processing /home/airflow/.local/lib/python3.12/site-packages/airflow/example_dags/example_outlet_event_extra.py took 0.214 seconds
[2024-10-25T07:24:54.407+0000] {processor.py:186} INFO - Started process (PID=1449) to work on /home/airflow/.local/lib/python3.12/site-packages/airflow/example_dags/example_outlet_event_extra.py
[2024-10-25T07:24:54.409+0000] {processor.py:914} INFO - Processing file /home/airflow/.local/lib/python3.12/site-packages/airflow/example_dags/example_outlet_event_extra.py for tasks to queue
[2024-10-25T07:24:54.412+0000] {logging_mixin.py:190} INFO - [2024-10-25T07:24:54.412+0000] {dagbag.py:588} INFO - Filling up the DagBag from /home/airflow/.local/lib/python3.12/site-packages/airflow/example_dags/example_outlet_event_extra.py
[2024-10-25T07:24:54.481+0000] {processor.py:925} INFO - DAG(s) 'dataset_with_extra_from_classic_operator', 'dataset_with_extra_by_context', 'dataset_with_extra_by_yield' retrieved from /home/airflow/.local/lib/python3.12/site-packages/airflow/example_dags/example_outlet_event_extra.py
[2024-10-25T07:24:54.509+0000] {logging_mixin.py:190} INFO - [2024-10-25T07:24:54.509+0000] {dag.py:3239} INFO - Sync 3 DAGs
[2024-10-25T07:24:54.534+0000] {logging_mixin.py:190} INFO - [2024-10-25T07:24:54.534+0000] {dag.py:4180} INFO - Setting next_dagrun for dataset_with_extra_by_context to 2024-10-24 00:00:00+00:00, run_after=2024-10-25 00:00:00+00:00
[2024-10-25T07:24:54.539+0000] {logging_mixin.py:190} INFO - [2024-10-25T07:24:54.539+0000] {dag.py:4180} INFO - Setting next_dagrun for dataset_with_extra_by_yield to 2024-10-24 00:00:00+00:00, run_after=2024-10-25 00:00:00+00:00
[2024-10-25T07:24:54.542+0000] {logging_mixin.py:190} INFO - [2024-10-25T07:24:54.542+0000] {dag.py:4180} INFO - Setting next_dagrun for dataset_with_extra_from_classic_operator to 2024-10-24 00:00:00+00:00, run_after=2024-10-25 00:00:00+00:00
[2024-10-25T07:24:54.576+0000] {processor.py:208} INFO - Processing /home/airflow/.local/lib/python3.12/site-packages/airflow/example_dags/example_outlet_event_extra.py took 0.175 seconds
[2024-10-25T07:25:24.966+0000] {processor.py:186} INFO - Started process (PID=1518) to work on /home/airflow/.local/lib/python3.12/site-packages/airflow/example_dags/example_outlet_event_extra.py
[2024-10-25T07:25:24.968+0000] {processor.py:914} INFO - Processing file /home/airflow/.local/lib/python3.12/site-packages/airflow/example_dags/example_outlet_event_extra.py for tasks to queue
[2024-10-25T07:25:24.971+0000] {logging_mixin.py:190} INFO - [2024-10-25T07:25:24.971+0000] {dagbag.py:588} INFO - Filling up the DagBag from /home/airflow/.local/lib/python3.12/site-packages/airflow/example_dags/example_outlet_event_extra.py
[2024-10-25T07:25:25.075+0000] {processor.py:925} INFO - DAG(s) 'dataset_with_extra_from_classic_operator', 'dataset_with_extra_by_context', 'dataset_with_extra_by_yield' retrieved from /home/airflow/.local/lib/python3.12/site-packages/airflow/example_dags/example_outlet_event_extra.py
[2024-10-25T07:25:25.117+0000] {logging_mixin.py:190} INFO - [2024-10-25T07:25:25.117+0000] {dag.py:3239} INFO - Sync 3 DAGs
[2024-10-25T07:25:25.149+0000] {logging_mixin.py:190} INFO - [2024-10-25T07:25:25.148+0000] {dag.py:4180} INFO - Setting next_dagrun for dataset_with_extra_by_context to 2024-10-24 00:00:00+00:00, run_after=2024-10-25 00:00:00+00:00
[2024-10-25T07:25:25.156+0000] {logging_mixin.py:190} INFO - [2024-10-25T07:25:25.155+0000] {dag.py:4180} INFO - Setting next_dagrun for dataset_with_extra_by_yield to 2024-10-24 00:00:00+00:00, run_after=2024-10-25 00:00:00+00:00
[2024-10-25T07:25:25.159+0000] {logging_mixin.py:190} INFO - [2024-10-25T07:25:25.159+0000] {dag.py:4180} INFO - Setting next_dagrun for dataset_with_extra_from_classic_operator to 2024-10-24 00:00:00+00:00, run_after=2024-10-25 00:00:00+00:00
[2024-10-25T07:25:25.186+0000] {processor.py:208} INFO - Processing /home/airflow/.local/lib/python3.12/site-packages/airflow/example_dags/example_outlet_event_extra.py took 0.227 seconds
[2024-10-25T07:25:55.302+0000] {processor.py:186} INFO - Started process (PID=1587) to work on /home/airflow/.local/lib/python3.12/site-packages/airflow/example_dags/example_outlet_event_extra.py
[2024-10-25T07:25:55.304+0000] {processor.py:914} INFO - Processing file /home/airflow/.local/lib/python3.12/site-packages/airflow/example_dags/example_outlet_event_extra.py for tasks to queue
[2024-10-25T07:25:55.309+0000] {logging_mixin.py:190} INFO - [2024-10-25T07:25:55.308+0000] {dagbag.py:588} INFO - Filling up the DagBag from /home/airflow/.local/lib/python3.12/site-packages/airflow/example_dags/example_outlet_event_extra.py
[2024-10-25T07:25:55.517+0000] {processor.py:925} INFO - DAG(s) 'dataset_with_extra_by_yield', 'dataset_with_extra_by_context', 'dataset_with_extra_from_classic_operator' retrieved from /home/airflow/.local/lib/python3.12/site-packages/airflow/example_dags/example_outlet_event_extra.py
[2024-10-25T07:25:55.578+0000] {logging_mixin.py:190} INFO - [2024-10-25T07:25:55.578+0000] {dag.py:3239} INFO - Sync 3 DAGs
[2024-10-25T07:25:55.715+0000] {logging_mixin.py:190} INFO - [2024-10-25T07:25:55.715+0000] {dag.py:4180} INFO - Setting next_dagrun for dataset_with_extra_by_context to 2024-10-24 00:00:00+00:00, run_after=2024-10-25 00:00:00+00:00
[2024-10-25T07:25:55.736+0000] {logging_mixin.py:190} INFO - [2024-10-25T07:25:55.736+0000] {dag.py:4180} INFO - Setting next_dagrun for dataset_with_extra_by_yield to 2024-10-24 00:00:00+00:00, run_after=2024-10-25 00:00:00+00:00
[2024-10-25T07:25:55.757+0000] {logging_mixin.py:190} INFO - [2024-10-25T07:25:55.757+0000] {dag.py:4180} INFO - Setting next_dagrun for dataset_with_extra_from_classic_operator to 2024-10-24 00:00:00+00:00, run_after=2024-10-25 00:00:00+00:00
[2024-10-25T07:25:56.694+0000] {processor.py:208} INFO - Processing /home/airflow/.local/lib/python3.12/site-packages/airflow/example_dags/example_outlet_event_extra.py took 1.401 seconds
[2024-10-25T07:26:27.229+0000] {processor.py:186} INFO - Started process (PID=1663) to work on /home/airflow/.local/lib/python3.12/site-packages/airflow/example_dags/example_outlet_event_extra.py
[2024-10-25T07:26:27.230+0000] {processor.py:914} INFO - Processing file /home/airflow/.local/lib/python3.12/site-packages/airflow/example_dags/example_outlet_event_extra.py for tasks to queue
[2024-10-25T07:26:27.233+0000] {logging_mixin.py:190} INFO - [2024-10-25T07:26:27.232+0000] {dagbag.py:588} INFO - Filling up the DagBag from /home/airflow/.local/lib/python3.12/site-packages/airflow/example_dags/example_outlet_event_extra.py
[2024-10-25T07:26:27.334+0000] {processor.py:925} INFO - DAG(s) 'dataset_with_extra_by_yield', 'dataset_with_extra_from_classic_operator', 'dataset_with_extra_by_context' retrieved from /home/airflow/.local/lib/python3.12/site-packages/airflow/example_dags/example_outlet_event_extra.py
[2024-10-25T07:26:27.368+0000] {logging_mixin.py:190} INFO - [2024-10-25T07:26:27.368+0000] {dag.py:3239} INFO - Sync 3 DAGs
[2024-10-25T07:26:27.394+0000] {logging_mixin.py:190} INFO - [2024-10-25T07:26:27.393+0000] {dag.py:4180} INFO - Setting next_dagrun for dataset_with_extra_by_context to 2024-10-24 00:00:00+00:00, run_after=2024-10-25 00:00:00+00:00
[2024-10-25T07:26:27.399+0000] {logging_mixin.py:190} INFO - [2024-10-25T07:26:27.399+0000] {dag.py:4180} INFO - Setting next_dagrun for dataset_with_extra_by_yield to 2024-10-24 00:00:00+00:00, run_after=2024-10-25 00:00:00+00:00
[2024-10-25T07:26:27.402+0000] {logging_mixin.py:190} INFO - [2024-10-25T07:26:27.402+0000] {dag.py:4180} INFO - Setting next_dagrun for dataset_with_extra_from_classic_operator to 2024-10-24 00:00:00+00:00, run_after=2024-10-25 00:00:00+00:00
[2024-10-25T07:26:27.428+0000] {processor.py:208} INFO - Processing /home/airflow/.local/lib/python3.12/site-packages/airflow/example_dags/example_outlet_event_extra.py took 0.203 seconds
[2024-10-25T07:26:57.662+0000] {processor.py:186} INFO - Started process (PID=1732) to work on /home/airflow/.local/lib/python3.12/site-packages/airflow/example_dags/example_outlet_event_extra.py
[2024-10-25T07:26:57.664+0000] {processor.py:914} INFO - Processing file /home/airflow/.local/lib/python3.12/site-packages/airflow/example_dags/example_outlet_event_extra.py for tasks to queue
[2024-10-25T07:26:57.669+0000] {logging_mixin.py:190} INFO - [2024-10-25T07:26:57.669+0000] {dagbag.py:588} INFO - Filling up the DagBag from /home/airflow/.local/lib/python3.12/site-packages/airflow/example_dags/example_outlet_event_extra.py
[2024-10-25T07:26:57.766+0000] {processor.py:925} INFO - DAG(s) 'dataset_with_extra_by_yield', 'dataset_with_extra_by_context', 'dataset_with_extra_from_classic_operator' retrieved from /home/airflow/.local/lib/python3.12/site-packages/airflow/example_dags/example_outlet_event_extra.py
[2024-10-25T07:26:57.805+0000] {logging_mixin.py:190} INFO - [2024-10-25T07:26:57.804+0000] {dag.py:3239} INFO - Sync 3 DAGs
[2024-10-25T07:26:57.839+0000] {logging_mixin.py:190} INFO - [2024-10-25T07:26:57.838+0000] {dag.py:4180} INFO - Setting next_dagrun for dataset_with_extra_by_context to 2024-10-24 00:00:00+00:00, run_after=2024-10-25 00:00:00+00:00
[2024-10-25T07:26:57.845+0000] {logging_mixin.py:190} INFO - [2024-10-25T07:26:57.845+0000] {dag.py:4180} INFO - Setting next_dagrun for dataset_with_extra_by_yield to 2024-10-24 00:00:00+00:00, run_after=2024-10-25 00:00:00+00:00
[2024-10-25T07:26:57.848+0000] {logging_mixin.py:190} INFO - [2024-10-25T07:26:57.848+0000] {dag.py:4180} INFO - Setting next_dagrun for dataset_with_extra_from_classic_operator to 2024-10-24 00:00:00+00:00, run_after=2024-10-25 00:00:00+00:00
[2024-10-25T07:26:57.876+0000] {processor.py:208} INFO - Processing /home/airflow/.local/lib/python3.12/site-packages/airflow/example_dags/example_outlet_event_extra.py took 0.222 seconds
[2024-10-25T07:27:28.019+0000] {processor.py:186} INFO - Started process (PID=1801) to work on /home/airflow/.local/lib/python3.12/site-packages/airflow/example_dags/example_outlet_event_extra.py
[2024-10-25T07:27:28.021+0000] {processor.py:914} INFO - Processing file /home/airflow/.local/lib/python3.12/site-packages/airflow/example_dags/example_outlet_event_extra.py for tasks to queue
[2024-10-25T07:27:28.024+0000] {logging_mixin.py:190} INFO - [2024-10-25T07:27:28.024+0000] {dagbag.py:588} INFO - Filling up the DagBag from /home/airflow/.local/lib/python3.12/site-packages/airflow/example_dags/example_outlet_event_extra.py
[2024-10-25T07:27:28.093+0000] {processor.py:925} INFO - DAG(s) 'dataset_with_extra_by_context', 'dataset_with_extra_by_yield', 'dataset_with_extra_from_classic_operator' retrieved from /home/airflow/.local/lib/python3.12/site-packages/airflow/example_dags/example_outlet_event_extra.py
[2024-10-25T07:27:28.128+0000] {logging_mixin.py:190} INFO - [2024-10-25T07:27:28.127+0000] {dag.py:3239} INFO - Sync 3 DAGs
[2024-10-25T07:27:28.153+0000] {logging_mixin.py:190} INFO - [2024-10-25T07:27:28.153+0000] {dag.py:4180} INFO - Setting next_dagrun for dataset_with_extra_by_context to 2024-10-24 00:00:00+00:00, run_after=2024-10-25 00:00:00+00:00
[2024-10-25T07:27:28.158+0000] {logging_mixin.py:190} INFO - [2024-10-25T07:27:28.158+0000] {dag.py:4180} INFO - Setting next_dagrun for dataset_with_extra_by_yield to 2024-10-24 00:00:00+00:00, run_after=2024-10-25 00:00:00+00:00
[2024-10-25T07:27:28.161+0000] {logging_mixin.py:190} INFO - [2024-10-25T07:27:28.161+0000] {dag.py:4180} INFO - Setting next_dagrun for dataset_with_extra_from_classic_operator to 2024-10-24 00:00:00+00:00, run_after=2024-10-25 00:00:00+00:00
[2024-10-25T07:27:28.185+0000] {processor.py:208} INFO - Processing /home/airflow/.local/lib/python3.12/site-packages/airflow/example_dags/example_outlet_event_extra.py took 0.171 seconds
[2024-10-25T07:27:58.547+0000] {processor.py:186} INFO - Started process (PID=1870) to work on /home/airflow/.local/lib/python3.12/site-packages/airflow/example_dags/example_outlet_event_extra.py
[2024-10-25T07:27:58.549+0000] {processor.py:914} INFO - Processing file /home/airflow/.local/lib/python3.12/site-packages/airflow/example_dags/example_outlet_event_extra.py for tasks to queue
[2024-10-25T07:27:58.553+0000] {logging_mixin.py:190} INFO - [2024-10-25T07:27:58.553+0000] {dagbag.py:588} INFO - Filling up the DagBag from /home/airflow/.local/lib/python3.12/site-packages/airflow/example_dags/example_outlet_event_extra.py
[2024-10-25T07:27:58.624+0000] {processor.py:925} INFO - DAG(s) 'dataset_with_extra_by_context', 'dataset_with_extra_by_yield', 'dataset_with_extra_from_classic_operator' retrieved from /home/airflow/.local/lib/python3.12/site-packages/airflow/example_dags/example_outlet_event_extra.py
[2024-10-25T07:27:58.652+0000] {logging_mixin.py:190} INFO - [2024-10-25T07:27:58.652+0000] {dag.py:3239} INFO - Sync 3 DAGs
[2024-10-25T07:27:58.678+0000] {logging_mixin.py:190} INFO - [2024-10-25T07:27:58.678+0000] {dag.py:4180} INFO - Setting next_dagrun for dataset_with_extra_by_context to 2024-10-24 00:00:00+00:00, run_after=2024-10-25 00:00:00+00:00
[2024-10-25T07:27:58.684+0000] {logging_mixin.py:190} INFO - [2024-10-25T07:27:58.684+0000] {dag.py:4180} INFO - Setting next_dagrun for dataset_with_extra_by_yield to 2024-10-24 00:00:00+00:00, run_after=2024-10-25 00:00:00+00:00
[2024-10-25T07:27:58.687+0000] {logging_mixin.py:190} INFO - [2024-10-25T07:27:58.687+0000] {dag.py:4180} INFO - Setting next_dagrun for dataset_with_extra_from_classic_operator to 2024-10-24 00:00:00+00:00, run_after=2024-10-25 00:00:00+00:00
[2024-10-25T07:27:58.744+0000] {processor.py:208} INFO - Processing /home/airflow/.local/lib/python3.12/site-packages/airflow/example_dags/example_outlet_event_extra.py took 0.203 seconds
[2024-10-25T07:28:29.093+0000] {processor.py:186} INFO - Started process (PID=1939) to work on /home/airflow/.local/lib/python3.12/site-packages/airflow/example_dags/example_outlet_event_extra.py
[2024-10-25T07:28:29.095+0000] {processor.py:914} INFO - Processing file /home/airflow/.local/lib/python3.12/site-packages/airflow/example_dags/example_outlet_event_extra.py for tasks to queue
[2024-10-25T07:28:29.097+0000] {logging_mixin.py:190} INFO - [2024-10-25T07:28:29.097+0000] {dagbag.py:588} INFO - Filling up the DagBag from /home/airflow/.local/lib/python3.12/site-packages/airflow/example_dags/example_outlet_event_extra.py
[2024-10-25T07:28:29.238+0000] {processor.py:925} INFO - DAG(s) 'dataset_with_extra_by_yield', 'dataset_with_extra_by_context', 'dataset_with_extra_from_classic_operator' retrieved from /home/airflow/.local/lib/python3.12/site-packages/airflow/example_dags/example_outlet_event_extra.py
[2024-10-25T07:28:29.265+0000] {logging_mixin.py:190} INFO - [2024-10-25T07:28:29.265+0000] {dag.py:3239} INFO - Sync 3 DAGs
[2024-10-25T07:28:29.315+0000] {logging_mixin.py:190} INFO - [2024-10-25T07:28:29.314+0000] {dag.py:4180} INFO - Setting next_dagrun for dataset_with_extra_by_context to 2024-10-24 00:00:00+00:00, run_after=2024-10-25 00:00:00+00:00
[2024-10-25T07:28:29.323+0000] {logging_mixin.py:190} INFO - [2024-10-25T07:28:29.322+0000] {dag.py:4180} INFO - Setting next_dagrun for dataset_with_extra_by_yield to 2024-10-24 00:00:00+00:00, run_after=2024-10-25 00:00:00+00:00
[2024-10-25T07:28:29.327+0000] {logging_mixin.py:190} INFO - [2024-10-25T07:28:29.326+0000] {dag.py:4180} INFO - Setting next_dagrun for dataset_with_extra_from_classic_operator to 2024-10-24 00:00:00+00:00, run_after=2024-10-25 00:00:00+00:00
[2024-10-25T07:28:29.635+0000] {processor.py:208} INFO - Processing /home/airflow/.local/lib/python3.12/site-packages/airflow/example_dags/example_outlet_event_extra.py took 0.547 seconds
[2024-10-25T07:28:59.754+0000] {processor.py:186} INFO - Started process (PID=2008) to work on /home/airflow/.local/lib/python3.12/site-packages/airflow/example_dags/example_outlet_event_extra.py
[2024-10-25T07:28:59.755+0000] {processor.py:914} INFO - Processing file /home/airflow/.local/lib/python3.12/site-packages/airflow/example_dags/example_outlet_event_extra.py for tasks to queue
[2024-10-25T07:28:59.758+0000] {logging_mixin.py:190} INFO - [2024-10-25T07:28:59.758+0000] {dagbag.py:588} INFO - Filling up the DagBag from /home/airflow/.local/lib/python3.12/site-packages/airflow/example_dags/example_outlet_event_extra.py
[2024-10-25T07:28:59.832+0000] {processor.py:925} INFO - DAG(s) 'dataset_with_extra_from_classic_operator', 'dataset_with_extra_by_yield', 'dataset_with_extra_by_context' retrieved from /home/airflow/.local/lib/python3.12/site-packages/airflow/example_dags/example_outlet_event_extra.py
[2024-10-25T07:28:59.867+0000] {logging_mixin.py:190} INFO - [2024-10-25T07:28:59.866+0000] {dag.py:3239} INFO - Sync 3 DAGs
[2024-10-25T07:28:59.891+0000] {logging_mixin.py:190} INFO - [2024-10-25T07:28:59.891+0000] {dag.py:4180} INFO - Setting next_dagrun for dataset_with_extra_by_context to 2024-10-24 00:00:00+00:00, run_after=2024-10-25 00:00:00+00:00
[2024-10-25T07:28:59.896+0000] {logging_mixin.py:190} INFO - [2024-10-25T07:28:59.896+0000] {dag.py:4180} INFO - Setting next_dagrun for dataset_with_extra_by_yield to 2024-10-24 00:00:00+00:00, run_after=2024-10-25 00:00:00+00:00
[2024-10-25T07:28:59.899+0000] {logging_mixin.py:190} INFO - [2024-10-25T07:28:59.899+0000] {dag.py:4180} INFO - Setting next_dagrun for dataset_with_extra_from_classic_operator to 2024-10-24 00:00:00+00:00, run_after=2024-10-25 00:00:00+00:00
[2024-10-25T07:28:59.927+0000] {processor.py:208} INFO - Processing /home/airflow/.local/lib/python3.12/site-packages/airflow/example_dags/example_outlet_event_extra.py took 0.180 seconds
[2024-10-25T07:29:30.052+0000] {processor.py:186} INFO - Started process (PID=2076) to work on /home/airflow/.local/lib/python3.12/site-packages/airflow/example_dags/example_outlet_event_extra.py
[2024-10-25T07:29:30.054+0000] {processor.py:914} INFO - Processing file /home/airflow/.local/lib/python3.12/site-packages/airflow/example_dags/example_outlet_event_extra.py for tasks to queue
[2024-10-25T07:29:30.057+0000] {logging_mixin.py:190} INFO - [2024-10-25T07:29:30.056+0000] {dagbag.py:588} INFO - Filling up the DagBag from /home/airflow/.local/lib/python3.12/site-packages/airflow/example_dags/example_outlet_event_extra.py
[2024-10-25T07:29:30.158+0000] {processor.py:925} INFO - DAG(s) 'dataset_with_extra_from_classic_operator', 'dataset_with_extra_by_yield', 'dataset_with_extra_by_context' retrieved from /home/airflow/.local/lib/python3.12/site-packages/airflow/example_dags/example_outlet_event_extra.py
[2024-10-25T07:29:30.185+0000] {logging_mixin.py:190} INFO - [2024-10-25T07:29:30.185+0000] {dag.py:3239} INFO - Sync 3 DAGs
[2024-10-25T07:29:30.207+0000] {logging_mixin.py:190} INFO - [2024-10-25T07:29:30.206+0000] {dag.py:4180} INFO - Setting next_dagrun for dataset_with_extra_by_context to 2024-10-24 00:00:00+00:00, run_after=2024-10-25 00:00:00+00:00
[2024-10-25T07:29:30.211+0000] {logging_mixin.py:190} INFO - [2024-10-25T07:29:30.211+0000] {dag.py:4180} INFO - Setting next_dagrun for dataset_with_extra_by_yield to 2024-10-24 00:00:00+00:00, run_after=2024-10-25 00:00:00+00:00
[2024-10-25T07:29:30.213+0000] {logging_mixin.py:190} INFO - [2024-10-25T07:29:30.213+0000] {dag.py:4180} INFO - Setting next_dagrun for dataset_with_extra_from_classic_operator to 2024-10-24 00:00:00+00:00, run_after=2024-10-25 00:00:00+00:00
[2024-10-25T07:29:30.264+0000] {processor.py:208} INFO - Processing /home/airflow/.local/lib/python3.12/site-packages/airflow/example_dags/example_outlet_event_extra.py took 0.216 seconds
[2024-10-25T07:30:00.448+0000] {processor.py:186} INFO - Started process (PID=2145) to work on /home/airflow/.local/lib/python3.12/site-packages/airflow/example_dags/example_outlet_event_extra.py
[2024-10-25T07:30:00.449+0000] {processor.py:914} INFO - Processing file /home/airflow/.local/lib/python3.12/site-packages/airflow/example_dags/example_outlet_event_extra.py for tasks to queue
[2024-10-25T07:30:00.452+0000] {logging_mixin.py:190} INFO - [2024-10-25T07:30:00.452+0000] {dagbag.py:588} INFO - Filling up the DagBag from /home/airflow/.local/lib/python3.12/site-packages/airflow/example_dags/example_outlet_event_extra.py
[2024-10-25T07:30:00.537+0000] {processor.py:925} INFO - DAG(s) 'dataset_with_extra_by_yield', 'dataset_with_extra_from_classic_operator', 'dataset_with_extra_by_context' retrieved from /home/airflow/.local/lib/python3.12/site-packages/airflow/example_dags/example_outlet_event_extra.py
[2024-10-25T07:30:00.575+0000] {logging_mixin.py:190} INFO - [2024-10-25T07:30:00.575+0000] {dag.py:3239} INFO - Sync 3 DAGs
[2024-10-25T07:30:00.598+0000] {logging_mixin.py:190} INFO - [2024-10-25T07:30:00.597+0000] {dag.py:4180} INFO - Setting next_dagrun for dataset_with_extra_by_context to 2024-10-24 00:00:00+00:00, run_after=2024-10-25 00:00:00+00:00
[2024-10-25T07:30:00.603+0000] {logging_mixin.py:190} INFO - [2024-10-25T07:30:00.603+0000] {dag.py:4180} INFO - Setting next_dagrun for dataset_with_extra_by_yield to 2024-10-24 00:00:00+00:00, run_after=2024-10-25 00:00:00+00:00
[2024-10-25T07:30:00.606+0000] {logging_mixin.py:190} INFO - [2024-10-25T07:30:00.606+0000] {dag.py:4180} INFO - Setting next_dagrun for dataset_with_extra_from_classic_operator to 2024-10-24 00:00:00+00:00, run_after=2024-10-25 00:00:00+00:00
[2024-10-25T07:30:00.637+0000] {processor.py:208} INFO - Processing /home/airflow/.local/lib/python3.12/site-packages/airflow/example_dags/example_outlet_event_extra.py took 0.196 seconds
[2024-10-25T07:30:31.605+0000] {processor.py:186} INFO - Started process (PID=2213) to work on /home/airflow/.local/lib/python3.12/site-packages/airflow/example_dags/example_outlet_event_extra.py
[2024-10-25T07:30:31.607+0000] {processor.py:914} INFO - Processing file /home/airflow/.local/lib/python3.12/site-packages/airflow/example_dags/example_outlet_event_extra.py for tasks to queue
[2024-10-25T07:30:31.611+0000] {logging_mixin.py:190} INFO - [2024-10-25T07:30:31.611+0000] {dagbag.py:588} INFO - Filling up the DagBag from /home/airflow/.local/lib/python3.12/site-packages/airflow/example_dags/example_outlet_event_extra.py
[2024-10-25T07:30:31.733+0000] {processor.py:925} INFO - DAG(s) 'dataset_with_extra_from_classic_operator', 'dataset_with_extra_by_context', 'dataset_with_extra_by_yield' retrieved from /home/airflow/.local/lib/python3.12/site-packages/airflow/example_dags/example_outlet_event_extra.py
[2024-10-25T07:30:31.769+0000] {logging_mixin.py:190} INFO - [2024-10-25T07:30:31.769+0000] {dag.py:3239} INFO - Sync 3 DAGs
[2024-10-25T07:30:31.816+0000] {logging_mixin.py:190} INFO - [2024-10-25T07:30:31.815+0000] {dag.py:4180} INFO - Setting next_dagrun for dataset_with_extra_by_context to 2024-10-24 00:00:00+00:00, run_after=2024-10-25 00:00:00+00:00
[2024-10-25T07:30:31.823+0000] {logging_mixin.py:190} INFO - [2024-10-25T07:30:31.822+0000] {dag.py:4180} INFO - Setting next_dagrun for dataset_with_extra_by_yield to 2024-10-24 00:00:00+00:00, run_after=2024-10-25 00:00:00+00:00
[2024-10-25T07:30:31.826+0000] {logging_mixin.py:190} INFO - [2024-10-25T07:30:31.826+0000] {dag.py:4180} INFO - Setting next_dagrun for dataset_with_extra_from_classic_operator to 2024-10-24 00:00:00+00:00, run_after=2024-10-25 00:00:00+00:00
[2024-10-25T07:30:31.859+0000] {processor.py:208} INFO - Processing /home/airflow/.local/lib/python3.12/site-packages/airflow/example_dags/example_outlet_event_extra.py took 0.264 seconds
[2024-10-25T07:31:02.194+0000] {processor.py:186} INFO - Started process (PID=2282) to work on /home/airflow/.local/lib/python3.12/site-packages/airflow/example_dags/example_outlet_event_extra.py
[2024-10-25T07:31:02.196+0000] {processor.py:914} INFO - Processing file /home/airflow/.local/lib/python3.12/site-packages/airflow/example_dags/example_outlet_event_extra.py for tasks to queue
[2024-10-25T07:31:02.199+0000] {logging_mixin.py:190} INFO - [2024-10-25T07:31:02.199+0000] {dagbag.py:588} INFO - Filling up the DagBag from /home/airflow/.local/lib/python3.12/site-packages/airflow/example_dags/example_outlet_event_extra.py
[2024-10-25T07:31:02.302+0000] {processor.py:925} INFO - DAG(s) 'dataset_with_extra_by_context', 'dataset_with_extra_by_yield', 'dataset_with_extra_from_classic_operator' retrieved from /home/airflow/.local/lib/python3.12/site-packages/airflow/example_dags/example_outlet_event_extra.py
[2024-10-25T07:31:02.624+0000] {logging_mixin.py:190} INFO - [2024-10-25T07:31:02.621+0000] {dag.py:3239} INFO - Sync 3 DAGs
[2024-10-25T07:31:02.660+0000] {logging_mixin.py:190} INFO - [2024-10-25T07:31:02.659+0000] {dag.py:4180} INFO - Setting next_dagrun for dataset_with_extra_by_context to 2024-10-24 00:00:00+00:00, run_after=2024-10-25 00:00:00+00:00
[2024-10-25T07:31:02.668+0000] {logging_mixin.py:190} INFO - [2024-10-25T07:31:02.668+0000] {dag.py:4180} INFO - Setting next_dagrun for dataset_with_extra_by_yield to 2024-10-24 00:00:00+00:00, run_after=2024-10-25 00:00:00+00:00
[2024-10-25T07:31:02.671+0000] {logging_mixin.py:190} INFO - [2024-10-25T07:31:02.671+0000] {dag.py:4180} INFO - Setting next_dagrun for dataset_with_extra_from_classic_operator to 2024-10-24 00:00:00+00:00, run_after=2024-10-25 00:00:00+00:00
[2024-10-25T07:31:02.712+0000] {processor.py:208} INFO - Processing /home/airflow/.local/lib/python3.12/site-packages/airflow/example_dags/example_outlet_event_extra.py took 0.524 seconds
[2024-10-25T07:31:32.965+0000] {processor.py:186} INFO - Started process (PID=2351) to work on /home/airflow/.local/lib/python3.12/site-packages/airflow/example_dags/example_outlet_event_extra.py
[2024-10-25T07:31:32.967+0000] {processor.py:914} INFO - Processing file /home/airflow/.local/lib/python3.12/site-packages/airflow/example_dags/example_outlet_event_extra.py for tasks to queue
[2024-10-25T07:31:32.970+0000] {logging_mixin.py:190} INFO - [2024-10-25T07:31:32.970+0000] {dagbag.py:588} INFO - Filling up the DagBag from /home/airflow/.local/lib/python3.12/site-packages/airflow/example_dags/example_outlet_event_extra.py
[2024-10-25T07:31:33.082+0000] {processor.py:925} INFO - DAG(s) 'dataset_with_extra_by_yield', 'dataset_with_extra_by_context', 'dataset_with_extra_from_classic_operator' retrieved from /home/airflow/.local/lib/python3.12/site-packages/airflow/example_dags/example_outlet_event_extra.py
[2024-10-25T07:31:33.120+0000] {logging_mixin.py:190} INFO - [2024-10-25T07:31:33.120+0000] {dag.py:3239} INFO - Sync 3 DAGs
[2024-10-25T07:31:33.472+0000] {logging_mixin.py:190} INFO - [2024-10-25T07:31:33.471+0000] {dag.py:4180} INFO - Setting next_dagrun for dataset_with_extra_by_context to 2024-10-24 00:00:00+00:00, run_after=2024-10-25 00:00:00+00:00
[2024-10-25T07:31:33.478+0000] {logging_mixin.py:190} INFO - [2024-10-25T07:31:33.477+0000] {dag.py:4180} INFO - Setting next_dagrun for dataset_with_extra_by_yield to 2024-10-24 00:00:00+00:00, run_after=2024-10-25 00:00:00+00:00
[2024-10-25T07:31:33.482+0000] {logging_mixin.py:190} INFO - [2024-10-25T07:31:33.481+0000] {dag.py:4180} INFO - Setting next_dagrun for dataset_with_extra_from_classic_operator to 2024-10-24 00:00:00+00:00, run_after=2024-10-25 00:00:00+00:00
[2024-10-25T07:31:33.508+0000] {processor.py:208} INFO - Processing /home/airflow/.local/lib/python3.12/site-packages/airflow/example_dags/example_outlet_event_extra.py took 0.549 seconds
[2024-10-25T07:32:48.392+0000] {processor.py:186} INFO - Started process (PID=2436) to work on /home/airflow/.local/lib/python3.12/site-packages/airflow/example_dags/example_outlet_event_extra.py
[2024-10-25T07:32:48.423+0000] {processor.py:914} INFO - Processing file /home/airflow/.local/lib/python3.12/site-packages/airflow/example_dags/example_outlet_event_extra.py for tasks to queue
[2024-10-25T07:32:48.446+0000] {logging_mixin.py:190} INFO - [2024-10-25T07:32:48.445+0000] {dagbag.py:588} INFO - Filling up the DagBag from /home/airflow/.local/lib/python3.12/site-packages/airflow/example_dags/example_outlet_event_extra.py
[2024-10-25T07:32:49.009+0000] {processor.py:925} INFO - DAG(s) 'dataset_with_extra_by_context', 'dataset_with_extra_from_classic_operator', 'dataset_with_extra_by_yield' retrieved from /home/airflow/.local/lib/python3.12/site-packages/airflow/example_dags/example_outlet_event_extra.py
[2024-10-25T07:32:49.167+0000] {logging_mixin.py:190} INFO - [2024-10-25T07:32:49.166+0000] {dag.py:3239} INFO - Sync 3 DAGs
[2024-10-25T07:32:49.573+0000] {logging_mixin.py:190} INFO - [2024-10-25T07:32:49.573+0000] {dag.py:4180} INFO - Setting next_dagrun for dataset_with_extra_by_context to 2024-10-24 00:00:00+00:00, run_after=2024-10-25 00:00:00+00:00
[2024-10-25T07:32:49.585+0000] {logging_mixin.py:190} INFO - [2024-10-25T07:32:49.584+0000] {dag.py:4180} INFO - Setting next_dagrun for dataset_with_extra_by_yield to 2024-10-24 00:00:00+00:00, run_after=2024-10-25 00:00:00+00:00
[2024-10-25T07:32:49.590+0000] {logging_mixin.py:190} INFO - [2024-10-25T07:32:49.590+0000] {dag.py:4180} INFO - Setting next_dagrun for dataset_with_extra_from_classic_operator to 2024-10-24 00:00:00+00:00, run_after=2024-10-25 00:00:00+00:00
[2024-10-25T07:32:49.634+0000] {processor.py:208} INFO - Processing /home/airflow/.local/lib/python3.12/site-packages/airflow/example_dags/example_outlet_event_extra.py took 1.285 seconds
[2024-10-25T07:33:19.809+0000] {processor.py:186} INFO - Started process (PID=2506) to work on /home/airflow/.local/lib/python3.12/site-packages/airflow/example_dags/example_outlet_event_extra.py
[2024-10-25T07:33:19.810+0000] {processor.py:914} INFO - Processing file /home/airflow/.local/lib/python3.12/site-packages/airflow/example_dags/example_outlet_event_extra.py for tasks to queue
[2024-10-25T07:33:19.813+0000] {logging_mixin.py:190} INFO - [2024-10-25T07:33:19.813+0000] {dagbag.py:588} INFO - Filling up the DagBag from /home/airflow/.local/lib/python3.12/site-packages/airflow/example_dags/example_outlet_event_extra.py
[2024-10-25T07:33:19.928+0000] {processor.py:925} INFO - DAG(s) 'dataset_with_extra_by_context', 'dataset_with_extra_from_classic_operator', 'dataset_with_extra_by_yield' retrieved from /home/airflow/.local/lib/python3.12/site-packages/airflow/example_dags/example_outlet_event_extra.py
[2024-10-25T07:33:19.966+0000] {logging_mixin.py:190} INFO - [2024-10-25T07:33:19.965+0000] {dag.py:3239} INFO - Sync 3 DAGs
[2024-10-25T07:33:20.226+0000] {logging_mixin.py:190} INFO - [2024-10-25T07:33:20.226+0000] {dag.py:4180} INFO - Setting next_dagrun for dataset_with_extra_by_context to 2024-10-24 00:00:00+00:00, run_after=2024-10-25 00:00:00+00:00
[2024-10-25T07:33:20.232+0000] {logging_mixin.py:190} INFO - [2024-10-25T07:33:20.232+0000] {dag.py:4180} INFO - Setting next_dagrun for dataset_with_extra_by_yield to 2024-10-24 00:00:00+00:00, run_after=2024-10-25 00:00:00+00:00
[2024-10-25T07:33:20.235+0000] {logging_mixin.py:190} INFO - [2024-10-25T07:33:20.235+0000] {dag.py:4180} INFO - Setting next_dagrun for dataset_with_extra_from_classic_operator to 2024-10-24 00:00:00+00:00, run_after=2024-10-25 00:00:00+00:00
[2024-10-25T07:33:20.259+0000] {processor.py:208} INFO - Processing /home/airflow/.local/lib/python3.12/site-packages/airflow/example_dags/example_outlet_event_extra.py took 0.456 seconds
[2024-10-25T07:33:50.661+0000] {processor.py:186} INFO - Started process (PID=2575) to work on /home/airflow/.local/lib/python3.12/site-packages/airflow/example_dags/example_outlet_event_extra.py
[2024-10-25T07:33:50.663+0000] {processor.py:914} INFO - Processing file /home/airflow/.local/lib/python3.12/site-packages/airflow/example_dags/example_outlet_event_extra.py for tasks to queue
[2024-10-25T07:33:50.664+0000] {logging_mixin.py:190} INFO - [2024-10-25T07:33:50.664+0000] {dagbag.py:588} INFO - Filling up the DagBag from /home/airflow/.local/lib/python3.12/site-packages/airflow/example_dags/example_outlet_event_extra.py
[2024-10-25T07:33:51.046+0000] {processor.py:925} INFO - DAG(s) 'dataset_with_extra_by_yield', 'dataset_with_extra_from_classic_operator', 'dataset_with_extra_by_context' retrieved from /home/airflow/.local/lib/python3.12/site-packages/airflow/example_dags/example_outlet_event_extra.py
[2024-10-25T07:33:51.080+0000] {logging_mixin.py:190} INFO - [2024-10-25T07:33:51.080+0000] {dag.py:3239} INFO - Sync 3 DAGs
[2024-10-25T07:33:51.111+0000] {logging_mixin.py:190} INFO - [2024-10-25T07:33:51.110+0000] {dag.py:4180} INFO - Setting next_dagrun for dataset_with_extra_by_context to 2024-10-24 00:00:00+00:00, run_after=2024-10-25 00:00:00+00:00
[2024-10-25T07:33:51.116+0000] {logging_mixin.py:190} INFO - [2024-10-25T07:33:51.116+0000] {dag.py:4180} INFO - Setting next_dagrun for dataset_with_extra_by_yield to 2024-10-24 00:00:00+00:00, run_after=2024-10-25 00:00:00+00:00
[2024-10-25T07:33:51.120+0000] {logging_mixin.py:190} INFO - [2024-10-25T07:33:51.120+0000] {dag.py:4180} INFO - Setting next_dagrun for dataset_with_extra_from_classic_operator to 2024-10-24 00:00:00+00:00, run_after=2024-10-25 00:00:00+00:00
[2024-10-25T07:33:51.145+0000] {processor.py:208} INFO - Processing /home/airflow/.local/lib/python3.12/site-packages/airflow/example_dags/example_outlet_event_extra.py took 0.490 seconds
[2024-10-25T07:34:21.522+0000] {processor.py:186} INFO - Started process (PID=2644) to work on /home/airflow/.local/lib/python3.12/site-packages/airflow/example_dags/example_outlet_event_extra.py
[2024-10-25T07:34:21.524+0000] {processor.py:914} INFO - Processing file /home/airflow/.local/lib/python3.12/site-packages/airflow/example_dags/example_outlet_event_extra.py for tasks to queue
[2024-10-25T07:34:21.526+0000] {logging_mixin.py:190} INFO - [2024-10-25T07:34:21.526+0000] {dagbag.py:588} INFO - Filling up the DagBag from /home/airflow/.local/lib/python3.12/site-packages/airflow/example_dags/example_outlet_event_extra.py
[2024-10-25T07:34:21.756+0000] {processor.py:925} INFO - DAG(s) 'dataset_with_extra_from_classic_operator', 'dataset_with_extra_by_yield', 'dataset_with_extra_by_context' retrieved from /home/airflow/.local/lib/python3.12/site-packages/airflow/example_dags/example_outlet_event_extra.py
[2024-10-25T07:34:21.776+0000] {logging_mixin.py:190} INFO - [2024-10-25T07:34:21.776+0000] {dag.py:3239} INFO - Sync 3 DAGs
[2024-10-25T07:34:21.798+0000] {logging_mixin.py:190} INFO - [2024-10-25T07:34:21.797+0000] {dag.py:4180} INFO - Setting next_dagrun for dataset_with_extra_by_context to 2024-10-24 00:00:00+00:00, run_after=2024-10-25 00:00:00+00:00
[2024-10-25T07:34:21.802+0000] {logging_mixin.py:190} INFO - [2024-10-25T07:34:21.802+0000] {dag.py:4180} INFO - Setting next_dagrun for dataset_with_extra_by_yield to 2024-10-24 00:00:00+00:00, run_after=2024-10-25 00:00:00+00:00
[2024-10-25T07:34:21.806+0000] {logging_mixin.py:190} INFO - [2024-10-25T07:34:21.805+0000] {dag.py:4180} INFO - Setting next_dagrun for dataset_with_extra_from_classic_operator to 2024-10-24 00:00:00+00:00, run_after=2024-10-25 00:00:00+00:00
[2024-10-25T07:34:21.825+0000] {processor.py:208} INFO - Processing /home/airflow/.local/lib/python3.12/site-packages/airflow/example_dags/example_outlet_event_extra.py took 0.308 seconds
[2024-10-25T07:34:52.649+0000] {processor.py:186} INFO - Started process (PID=2713) to work on /home/airflow/.local/lib/python3.12/site-packages/airflow/example_dags/example_outlet_event_extra.py
[2024-10-25T07:34:52.650+0000] {processor.py:914} INFO - Processing file /home/airflow/.local/lib/python3.12/site-packages/airflow/example_dags/example_outlet_event_extra.py for tasks to queue
[2024-10-25T07:34:52.652+0000] {logging_mixin.py:190} INFO - [2024-10-25T07:34:52.652+0000] {dagbag.py:588} INFO - Filling up the DagBag from /home/airflow/.local/lib/python3.12/site-packages/airflow/example_dags/example_outlet_event_extra.py
[2024-10-25T07:34:52.736+0000] {processor.py:925} INFO - DAG(s) 'dataset_with_extra_from_classic_operator', 'dataset_with_extra_by_context', 'dataset_with_extra_by_yield' retrieved from /home/airflow/.local/lib/python3.12/site-packages/airflow/example_dags/example_outlet_event_extra.py
[2024-10-25T07:34:52.767+0000] {logging_mixin.py:190} INFO - [2024-10-25T07:34:52.766+0000] {dag.py:3239} INFO - Sync 3 DAGs
[2024-10-25T07:34:52.793+0000] {logging_mixin.py:190} INFO - [2024-10-25T07:34:52.793+0000] {dag.py:4180} INFO - Setting next_dagrun for dataset_with_extra_by_context to 2024-10-24 00:00:00+00:00, run_after=2024-10-25 00:00:00+00:00
[2024-10-25T07:34:52.798+0000] {logging_mixin.py:190} INFO - [2024-10-25T07:34:52.798+0000] {dag.py:4180} INFO - Setting next_dagrun for dataset_with_extra_by_yield to 2024-10-24 00:00:00+00:00, run_after=2024-10-25 00:00:00+00:00
[2024-10-25T07:34:52.801+0000] {logging_mixin.py:190} INFO - [2024-10-25T07:34:52.801+0000] {dag.py:4180} INFO - Setting next_dagrun for dataset_with_extra_from_classic_operator to 2024-10-24 00:00:00+00:00, run_after=2024-10-25 00:00:00+00:00
[2024-10-25T07:34:52.833+0000] {processor.py:208} INFO - Processing /home/airflow/.local/lib/python3.12/site-packages/airflow/example_dags/example_outlet_event_extra.py took 0.190 seconds
[2024-10-25T07:35:23.130+0000] {processor.py:186} INFO - Started process (PID=2782) to work on /home/airflow/.local/lib/python3.12/site-packages/airflow/example_dags/example_outlet_event_extra.py
[2024-10-25T07:35:23.131+0000] {processor.py:914} INFO - Processing file /home/airflow/.local/lib/python3.12/site-packages/airflow/example_dags/example_outlet_event_extra.py for tasks to queue
[2024-10-25T07:35:23.133+0000] {logging_mixin.py:190} INFO - [2024-10-25T07:35:23.132+0000] {dagbag.py:588} INFO - Filling up the DagBag from /home/airflow/.local/lib/python3.12/site-packages/airflow/example_dags/example_outlet_event_extra.py
[2024-10-25T07:35:23.203+0000] {processor.py:925} INFO - DAG(s) 'dataset_with_extra_by_yield', 'dataset_with_extra_by_context', 'dataset_with_extra_from_classic_operator' retrieved from /home/airflow/.local/lib/python3.12/site-packages/airflow/example_dags/example_outlet_event_extra.py
[2024-10-25T07:35:23.232+0000] {logging_mixin.py:190} INFO - [2024-10-25T07:35:23.232+0000] {dag.py:3239} INFO - Sync 3 DAGs
[2024-10-25T07:35:23.260+0000] {logging_mixin.py:190} INFO - [2024-10-25T07:35:23.260+0000] {dag.py:4180} INFO - Setting next_dagrun for dataset_with_extra_by_context to 2024-10-24 00:00:00+00:00, run_after=2024-10-25 00:00:00+00:00
[2024-10-25T07:35:23.265+0000] {logging_mixin.py:190} INFO - [2024-10-25T07:35:23.265+0000] {dag.py:4180} INFO - Setting next_dagrun for dataset_with_extra_by_yield to 2024-10-24 00:00:00+00:00, run_after=2024-10-25 00:00:00+00:00
[2024-10-25T07:35:23.269+0000] {logging_mixin.py:190} INFO - [2024-10-25T07:35:23.268+0000] {dag.py:4180} INFO - Setting next_dagrun for dataset_with_extra_from_classic_operator to 2024-10-24 00:00:00+00:00, run_after=2024-10-25 00:00:00+00:00
[2024-10-25T07:35:23.292+0000] {processor.py:208} INFO - Processing /home/airflow/.local/lib/python3.12/site-packages/airflow/example_dags/example_outlet_event_extra.py took 0.167 seconds
[2024-10-25T07:37:54.520+0000] {processor.py:186} INFO - Started process (PID=75) to work on /home/airflow/.local/lib/python3.12/site-packages/airflow/example_dags/example_outlet_event_extra.py
[2024-10-25T07:37:54.522+0000] {processor.py:914} INFO - Processing file /home/airflow/.local/lib/python3.12/site-packages/airflow/example_dags/example_outlet_event_extra.py for tasks to queue
[2024-10-25T07:37:54.525+0000] {logging_mixin.py:190} INFO - [2024-10-25T07:37:54.525+0000] {dagbag.py:588} INFO - Filling up the DagBag from /home/airflow/.local/lib/python3.12/site-packages/airflow/example_dags/example_outlet_event_extra.py
[2024-10-25T07:37:54.603+0000] {processor.py:925} INFO - DAG(s) 'dataset_with_extra_by_yield', 'dataset_with_extra_from_classic_operator', 'dataset_with_extra_by_context' retrieved from /home/airflow/.local/lib/python3.12/site-packages/airflow/example_dags/example_outlet_event_extra.py
[2024-10-25T07:37:54.635+0000] {logging_mixin.py:190} INFO - [2024-10-25T07:37:54.635+0000] {dag.py:3239} INFO - Sync 3 DAGs
[2024-10-25T07:37:54.657+0000] {logging_mixin.py:190} INFO - [2024-10-25T07:37:54.657+0000] {dag.py:4180} INFO - Setting next_dagrun for dataset_with_extra_by_context to 2024-10-24 00:00:00+00:00, run_after=2024-10-25 00:00:00+00:00
[2024-10-25T07:37:54.662+0000] {logging_mixin.py:190} INFO - [2024-10-25T07:37:54.662+0000] {dag.py:4180} INFO - Setting next_dagrun for dataset_with_extra_by_yield to 2024-10-24 00:00:00+00:00, run_after=2024-10-25 00:00:00+00:00
[2024-10-25T07:37:54.665+0000] {logging_mixin.py:190} INFO - [2024-10-25T07:37:54.665+0000] {dag.py:4180} INFO - Setting next_dagrun for dataset_with_extra_from_classic_operator to 2024-10-24 00:00:00+00:00, run_after=2024-10-25 00:00:00+00:00
[2024-10-25T07:37:54.687+0000] {processor.py:208} INFO - Processing /home/airflow/.local/lib/python3.12/site-packages/airflow/example_dags/example_outlet_event_extra.py took 0.173 seconds
[2024-10-25T07:38:26.574+0000] {processor.py:186} INFO - Started process (PID=145) to work on /home/airflow/.local/lib/python3.12/site-packages/airflow/example_dags/example_outlet_event_extra.py
[2024-10-25T07:38:26.575+0000] {processor.py:914} INFO - Processing file /home/airflow/.local/lib/python3.12/site-packages/airflow/example_dags/example_outlet_event_extra.py for tasks to queue
[2024-10-25T07:38:26.583+0000] {logging_mixin.py:190} INFO - [2024-10-25T07:38:26.581+0000] {dagbag.py:588} INFO - Filling up the DagBag from /home/airflow/.local/lib/python3.12/site-packages/airflow/example_dags/example_outlet_event_extra.py
[2024-10-25T07:38:26.701+0000] {processor.py:925} INFO - DAG(s) 'dataset_with_extra_by_context', 'dataset_with_extra_by_yield', 'dataset_with_extra_from_classic_operator' retrieved from /home/airflow/.local/lib/python3.12/site-packages/airflow/example_dags/example_outlet_event_extra.py
[2024-10-25T07:38:26.731+0000] {logging_mixin.py:190} INFO - [2024-10-25T07:38:26.731+0000] {dag.py:3239} INFO - Sync 3 DAGs
[2024-10-25T07:38:26.761+0000] {logging_mixin.py:190} INFO - [2024-10-25T07:38:26.761+0000] {dag.py:4180} INFO - Setting next_dagrun for dataset_with_extra_by_context to 2024-10-24 00:00:00+00:00, run_after=2024-10-25 00:00:00+00:00
[2024-10-25T07:38:26.768+0000] {logging_mixin.py:190} INFO - [2024-10-25T07:38:26.768+0000] {dag.py:4180} INFO - Setting next_dagrun for dataset_with_extra_by_yield to 2024-10-24 00:00:00+00:00, run_after=2024-10-25 00:00:00+00:00
[2024-10-25T07:38:26.772+0000] {logging_mixin.py:190} INFO - [2024-10-25T07:38:26.772+0000] {dag.py:4180} INFO - Setting next_dagrun for dataset_with_extra_from_classic_operator to 2024-10-24 00:00:00+00:00, run_after=2024-10-25 00:00:00+00:00
[2024-10-25T07:38:26.804+0000] {processor.py:208} INFO - Processing /home/airflow/.local/lib/python3.12/site-packages/airflow/example_dags/example_outlet_event_extra.py took 0.238 seconds
