[2024-10-25T07:15:06.837+0000] {processor.py:186} INFO - Started process (PID=167) to work on /home/airflow/.local/lib/python3.12/site-packages/airflow/example_dags/example_setup_teardown.py
[2024-10-25T07:15:06.843+0000] {processor.py:914} INFO - Processing file /home/airflow/.local/lib/python3.12/site-packages/airflow/example_dags/example_setup_teardown.py for tasks to queue
[2024-10-25T07:15:06.933+0000] {logging_mixin.py:190} INFO - [2024-10-25T07:15:06.877+0000] {dagbag.py:588} INFO - Filling up the DagBag from /home/airflow/.local/lib/python3.12/site-packages/airflow/example_dags/example_setup_teardown.py
[2024-10-25T07:15:07.147+0000] {processor.py:925} INFO - DAG(s) 'example_setup_teardown' retrieved from /home/airflow/.local/lib/python3.12/site-packages/airflow/example_dags/example_setup_teardown.py
[2024-10-25T07:15:07.350+0000] {logging_mixin.py:190} INFO - [2024-10-25T07:15:07.349+0000] {dag.py:3239} INFO - Sync 1 DAGs
[2024-10-25T07:15:07.739+0000] {logging_mixin.py:190} INFO - [2024-10-25T07:15:07.735+0000] {dag.py:4180} INFO - Setting next_dagrun for example_setup_teardown to None, run_after=None
[2024-10-25T07:15:08.038+0000] {processor.py:208} INFO - Processing /home/airflow/.local/lib/python3.12/site-packages/airflow/example_dags/example_setup_teardown.py took 1.337 seconds
[2024-10-25T07:16:11.539+0000] {processor.py:186} INFO - Started process (PID=272) to work on /home/airflow/.local/lib/python3.12/site-packages/airflow/example_dags/example_setup_teardown.py
[2024-10-25T07:16:11.546+0000] {processor.py:914} INFO - Processing file /home/airflow/.local/lib/python3.12/site-packages/airflow/example_dags/example_setup_teardown.py for tasks to queue
[2024-10-25T07:16:11.565+0000] {logging_mixin.py:190} INFO - [2024-10-25T07:16:11.564+0000] {dagbag.py:588} INFO - Filling up the DagBag from /home/airflow/.local/lib/python3.12/site-packages/airflow/example_dags/example_setup_teardown.py
[2024-10-25T07:16:11.636+0000] {processor.py:925} INFO - DAG(s) 'example_setup_teardown' retrieved from /home/airflow/.local/lib/python3.12/site-packages/airflow/example_dags/example_setup_teardown.py
[2024-10-25T07:16:11.745+0000] {logging_mixin.py:190} INFO - [2024-10-25T07:16:11.744+0000] {dag.py:3239} INFO - Sync 1 DAGs
[2024-10-25T07:16:11.835+0000] {logging_mixin.py:190} INFO - [2024-10-25T07:16:11.834+0000] {dag.py:4180} INFO - Setting next_dagrun for example_setup_teardown to None, run_after=None
[2024-10-25T07:16:11.933+0000] {processor.py:208} INFO - Processing /home/airflow/.local/lib/python3.12/site-packages/airflow/example_dags/example_setup_teardown.py took 0.421 seconds
[2024-10-25T07:16:42.343+0000] {processor.py:186} INFO - Started process (PID=341) to work on /home/airflow/.local/lib/python3.12/site-packages/airflow/example_dags/example_setup_teardown.py
[2024-10-25T07:16:42.354+0000] {processor.py:914} INFO - Processing file /home/airflow/.local/lib/python3.12/site-packages/airflow/example_dags/example_setup_teardown.py for tasks to queue
[2024-10-25T07:16:42.359+0000] {logging_mixin.py:190} INFO - [2024-10-25T07:16:42.358+0000] {dagbag.py:588} INFO - Filling up the DagBag from /home/airflow/.local/lib/python3.12/site-packages/airflow/example_dags/example_setup_teardown.py
[2024-10-25T07:16:42.372+0000] {processor.py:925} INFO - DAG(s) 'example_setup_teardown' retrieved from /home/airflow/.local/lib/python3.12/site-packages/airflow/example_dags/example_setup_teardown.py
[2024-10-25T07:16:42.409+0000] {logging_mixin.py:190} INFO - [2024-10-25T07:16:42.408+0000] {dag.py:3239} INFO - Sync 1 DAGs
[2024-10-25T07:16:42.433+0000] {logging_mixin.py:190} INFO - [2024-10-25T07:16:42.432+0000] {dag.py:4180} INFO - Setting next_dagrun for example_setup_teardown to None, run_after=None
[2024-10-25T07:16:42.472+0000] {processor.py:208} INFO - Processing /home/airflow/.local/lib/python3.12/site-packages/airflow/example_dags/example_setup_teardown.py took 0.136 seconds
[2024-10-25T07:17:12.681+0000] {processor.py:186} INFO - Started process (PID=410) to work on /home/airflow/.local/lib/python3.12/site-packages/airflow/example_dags/example_setup_teardown.py
[2024-10-25T07:17:12.683+0000] {processor.py:914} INFO - Processing file /home/airflow/.local/lib/python3.12/site-packages/airflow/example_dags/example_setup_teardown.py for tasks to queue
[2024-10-25T07:17:12.688+0000] {logging_mixin.py:190} INFO - [2024-10-25T07:17:12.687+0000] {dagbag.py:588} INFO - Filling up the DagBag from /home/airflow/.local/lib/python3.12/site-packages/airflow/example_dags/example_setup_teardown.py
[2024-10-25T07:17:12.702+0000] {processor.py:925} INFO - DAG(s) 'example_setup_teardown' retrieved from /home/airflow/.local/lib/python3.12/site-packages/airflow/example_dags/example_setup_teardown.py
[2024-10-25T07:17:12.741+0000] {logging_mixin.py:190} INFO - [2024-10-25T07:17:12.741+0000] {dag.py:3239} INFO - Sync 1 DAGs
[2024-10-25T07:17:12.766+0000] {logging_mixin.py:190} INFO - [2024-10-25T07:17:12.765+0000] {dag.py:4180} INFO - Setting next_dagrun for example_setup_teardown to None, run_after=None
[2024-10-25T07:17:12.800+0000] {processor.py:208} INFO - Processing /home/airflow/.local/lib/python3.12/site-packages/airflow/example_dags/example_setup_teardown.py took 0.130 seconds
[2024-10-25T07:17:43.455+0000] {processor.py:186} INFO - Started process (PID=480) to work on /home/airflow/.local/lib/python3.12/site-packages/airflow/example_dags/example_setup_teardown.py
[2024-10-25T07:17:43.457+0000] {processor.py:914} INFO - Processing file /home/airflow/.local/lib/python3.12/site-packages/airflow/example_dags/example_setup_teardown.py for tasks to queue
[2024-10-25T07:17:43.461+0000] {logging_mixin.py:190} INFO - [2024-10-25T07:17:43.461+0000] {dagbag.py:588} INFO - Filling up the DagBag from /home/airflow/.local/lib/python3.12/site-packages/airflow/example_dags/example_setup_teardown.py
[2024-10-25T07:17:43.478+0000] {processor.py:925} INFO - DAG(s) 'example_setup_teardown' retrieved from /home/airflow/.local/lib/python3.12/site-packages/airflow/example_dags/example_setup_teardown.py
[2024-10-25T07:17:43.519+0000] {logging_mixin.py:190} INFO - [2024-10-25T07:17:43.519+0000] {dag.py:3239} INFO - Sync 1 DAGs
[2024-10-25T07:17:43.553+0000] {logging_mixin.py:190} INFO - [2024-10-25T07:17:43.552+0000] {dag.py:4180} INFO - Setting next_dagrun for example_setup_teardown to None, run_after=None
[2024-10-25T07:17:43.605+0000] {processor.py:208} INFO - Processing /home/airflow/.local/lib/python3.12/site-packages/airflow/example_dags/example_setup_teardown.py took 0.161 seconds
[2024-10-25T07:18:13.726+0000] {processor.py:186} INFO - Started process (PID=548) to work on /home/airflow/.local/lib/python3.12/site-packages/airflow/example_dags/example_setup_teardown.py
[2024-10-25T07:18:13.728+0000] {processor.py:914} INFO - Processing file /home/airflow/.local/lib/python3.12/site-packages/airflow/example_dags/example_setup_teardown.py for tasks to queue
[2024-10-25T07:18:13.734+0000] {logging_mixin.py:190} INFO - [2024-10-25T07:18:13.733+0000] {dagbag.py:588} INFO - Filling up the DagBag from /home/airflow/.local/lib/python3.12/site-packages/airflow/example_dags/example_setup_teardown.py
[2024-10-25T07:18:13.747+0000] {processor.py:925} INFO - DAG(s) 'example_setup_teardown' retrieved from /home/airflow/.local/lib/python3.12/site-packages/airflow/example_dags/example_setup_teardown.py
[2024-10-25T07:18:13.779+0000] {logging_mixin.py:190} INFO - [2024-10-25T07:18:13.778+0000] {dag.py:3239} INFO - Sync 1 DAGs
[2024-10-25T07:18:13.800+0000] {logging_mixin.py:190} INFO - [2024-10-25T07:18:13.799+0000] {dag.py:4180} INFO - Setting next_dagrun for example_setup_teardown to None, run_after=None
[2024-10-25T07:18:13.826+0000] {processor.py:208} INFO - Processing /home/airflow/.local/lib/python3.12/site-packages/airflow/example_dags/example_setup_teardown.py took 0.111 seconds
[2024-10-25T07:18:44.308+0000] {processor.py:186} INFO - Started process (PID=617) to work on /home/airflow/.local/lib/python3.12/site-packages/airflow/example_dags/example_setup_teardown.py
[2024-10-25T07:18:44.310+0000] {processor.py:914} INFO - Processing file /home/airflow/.local/lib/python3.12/site-packages/airflow/example_dags/example_setup_teardown.py for tasks to queue
[2024-10-25T07:18:44.314+0000] {logging_mixin.py:190} INFO - [2024-10-25T07:18:44.313+0000] {dagbag.py:588} INFO - Filling up the DagBag from /home/airflow/.local/lib/python3.12/site-packages/airflow/example_dags/example_setup_teardown.py
[2024-10-25T07:18:44.327+0000] {processor.py:925} INFO - DAG(s) 'example_setup_teardown' retrieved from /home/airflow/.local/lib/python3.12/site-packages/airflow/example_dags/example_setup_teardown.py
[2024-10-25T07:18:44.357+0000] {logging_mixin.py:190} INFO - [2024-10-25T07:18:44.357+0000] {dag.py:3239} INFO - Sync 1 DAGs
[2024-10-25T07:18:44.380+0000] {logging_mixin.py:190} INFO - [2024-10-25T07:18:44.380+0000] {dag.py:4180} INFO - Setting next_dagrun for example_setup_teardown to None, run_after=None
[2024-10-25T07:18:44.411+0000] {processor.py:208} INFO - Processing /home/airflow/.local/lib/python3.12/site-packages/airflow/example_dags/example_setup_teardown.py took 0.112 seconds
[2024-10-25T07:19:15.095+0000] {processor.py:186} INFO - Started process (PID=686) to work on /home/airflow/.local/lib/python3.12/site-packages/airflow/example_dags/example_setup_teardown.py
[2024-10-25T07:19:15.097+0000] {processor.py:914} INFO - Processing file /home/airflow/.local/lib/python3.12/site-packages/airflow/example_dags/example_setup_teardown.py for tasks to queue
[2024-10-25T07:19:15.103+0000] {logging_mixin.py:190} INFO - [2024-10-25T07:19:15.102+0000] {dagbag.py:588} INFO - Filling up the DagBag from /home/airflow/.local/lib/python3.12/site-packages/airflow/example_dags/example_setup_teardown.py
[2024-10-25T07:19:15.126+0000] {processor.py:925} INFO - DAG(s) 'example_setup_teardown' retrieved from /home/airflow/.local/lib/python3.12/site-packages/airflow/example_dags/example_setup_teardown.py
[2024-10-25T07:19:15.163+0000] {logging_mixin.py:190} INFO - [2024-10-25T07:19:15.163+0000] {dag.py:3239} INFO - Sync 1 DAGs
[2024-10-25T07:19:15.189+0000] {logging_mixin.py:190} INFO - [2024-10-25T07:19:15.188+0000] {dag.py:4180} INFO - Setting next_dagrun for example_setup_teardown to None, run_after=None
[2024-10-25T07:19:15.222+0000] {processor.py:208} INFO - Processing /home/airflow/.local/lib/python3.12/site-packages/airflow/example_dags/example_setup_teardown.py took 0.139 seconds
[2024-10-25T07:19:45.880+0000] {processor.py:186} INFO - Started process (PID=755) to work on /home/airflow/.local/lib/python3.12/site-packages/airflow/example_dags/example_setup_teardown.py
[2024-10-25T07:19:45.882+0000] {processor.py:914} INFO - Processing file /home/airflow/.local/lib/python3.12/site-packages/airflow/example_dags/example_setup_teardown.py for tasks to queue
[2024-10-25T07:19:45.886+0000] {logging_mixin.py:190} INFO - [2024-10-25T07:19:45.885+0000] {dagbag.py:588} INFO - Filling up the DagBag from /home/airflow/.local/lib/python3.12/site-packages/airflow/example_dags/example_setup_teardown.py
[2024-10-25T07:19:45.900+0000] {processor.py:925} INFO - DAG(s) 'example_setup_teardown' retrieved from /home/airflow/.local/lib/python3.12/site-packages/airflow/example_dags/example_setup_teardown.py
[2024-10-25T07:19:45.937+0000] {logging_mixin.py:190} INFO - [2024-10-25T07:19:45.936+0000] {dag.py:3239} INFO - Sync 1 DAGs
[2024-10-25T07:19:45.955+0000] {logging_mixin.py:190} INFO - [2024-10-25T07:19:45.955+0000] {dag.py:4180} INFO - Setting next_dagrun for example_setup_teardown to None, run_after=None
[2024-10-25T07:19:45.993+0000] {processor.py:208} INFO - Processing /home/airflow/.local/lib/python3.12/site-packages/airflow/example_dags/example_setup_teardown.py took 0.124 seconds
[2024-10-25T07:20:17.128+0000] {processor.py:186} INFO - Started process (PID=823) to work on /home/airflow/.local/lib/python3.12/site-packages/airflow/example_dags/example_setup_teardown.py
[2024-10-25T07:20:17.151+0000] {processor.py:914} INFO - Processing file /home/airflow/.local/lib/python3.12/site-packages/airflow/example_dags/example_setup_teardown.py for tasks to queue
[2024-10-25T07:20:17.190+0000] {logging_mixin.py:190} INFO - [2024-10-25T07:20:17.189+0000] {dagbag.py:588} INFO - Filling up the DagBag from /home/airflow/.local/lib/python3.12/site-packages/airflow/example_dags/example_setup_teardown.py
[2024-10-25T07:20:17.225+0000] {processor.py:925} INFO - DAG(s) 'example_setup_teardown' retrieved from /home/airflow/.local/lib/python3.12/site-packages/airflow/example_dags/example_setup_teardown.py
[2024-10-25T07:20:17.309+0000] {logging_mixin.py:190} INFO - [2024-10-25T07:20:17.308+0000] {dag.py:3239} INFO - Sync 1 DAGs
[2024-10-25T07:20:17.351+0000] {logging_mixin.py:190} INFO - [2024-10-25T07:20:17.351+0000] {dag.py:4180} INFO - Setting next_dagrun for example_setup_teardown to None, run_after=None
[2024-10-25T07:20:17.401+0000] {processor.py:208} INFO - Processing /home/airflow/.local/lib/python3.12/site-packages/airflow/example_dags/example_setup_teardown.py took 0.306 seconds
[2024-10-25T07:20:48.446+0000] {processor.py:186} INFO - Started process (PID=892) to work on /home/airflow/.local/lib/python3.12/site-packages/airflow/example_dags/example_setup_teardown.py
[2024-10-25T07:20:48.448+0000] {processor.py:914} INFO - Processing file /home/airflow/.local/lib/python3.12/site-packages/airflow/example_dags/example_setup_teardown.py for tasks to queue
[2024-10-25T07:20:48.451+0000] {logging_mixin.py:190} INFO - [2024-10-25T07:20:48.450+0000] {dagbag.py:588} INFO - Filling up the DagBag from /home/airflow/.local/lib/python3.12/site-packages/airflow/example_dags/example_setup_teardown.py
[2024-10-25T07:20:48.458+0000] {processor.py:925} INFO - DAG(s) 'example_setup_teardown' retrieved from /home/airflow/.local/lib/python3.12/site-packages/airflow/example_dags/example_setup_teardown.py
[2024-10-25T07:20:48.482+0000] {logging_mixin.py:190} INFO - [2024-10-25T07:20:48.482+0000] {dag.py:3239} INFO - Sync 1 DAGs
[2024-10-25T07:20:48.497+0000] {logging_mixin.py:190} INFO - [2024-10-25T07:20:48.496+0000] {dag.py:4180} INFO - Setting next_dagrun for example_setup_teardown to None, run_after=None
[2024-10-25T07:20:48.519+0000] {processor.py:208} INFO - Processing /home/airflow/.local/lib/python3.12/site-packages/airflow/example_dags/example_setup_teardown.py took 0.078 seconds
[2024-10-25T07:21:18.723+0000] {processor.py:186} INFO - Started process (PID=961) to work on /home/airflow/.local/lib/python3.12/site-packages/airflow/example_dags/example_setup_teardown.py
[2024-10-25T07:21:18.725+0000] {processor.py:914} INFO - Processing file /home/airflow/.local/lib/python3.12/site-packages/airflow/example_dags/example_setup_teardown.py for tasks to queue
[2024-10-25T07:21:18.727+0000] {logging_mixin.py:190} INFO - [2024-10-25T07:21:18.727+0000] {dagbag.py:588} INFO - Filling up the DagBag from /home/airflow/.local/lib/python3.12/site-packages/airflow/example_dags/example_setup_teardown.py
[2024-10-25T07:21:18.735+0000] {processor.py:925} INFO - DAG(s) 'example_setup_teardown' retrieved from /home/airflow/.local/lib/python3.12/site-packages/airflow/example_dags/example_setup_teardown.py
[2024-10-25T07:21:18.763+0000] {logging_mixin.py:190} INFO - [2024-10-25T07:21:18.763+0000] {dag.py:3239} INFO - Sync 1 DAGs
[2024-10-25T07:21:18.778+0000] {logging_mixin.py:190} INFO - [2024-10-25T07:21:18.777+0000] {dag.py:4180} INFO - Setting next_dagrun for example_setup_teardown to None, run_after=None
[2024-10-25T07:21:18.803+0000] {processor.py:208} INFO - Processing /home/airflow/.local/lib/python3.12/site-packages/airflow/example_dags/example_setup_teardown.py took 0.085 seconds
[2024-10-25T07:21:49.044+0000] {processor.py:186} INFO - Started process (PID=1030) to work on /home/airflow/.local/lib/python3.12/site-packages/airflow/example_dags/example_setup_teardown.py
[2024-10-25T07:21:49.046+0000] {processor.py:914} INFO - Processing file /home/airflow/.local/lib/python3.12/site-packages/airflow/example_dags/example_setup_teardown.py for tasks to queue
[2024-10-25T07:21:49.049+0000] {logging_mixin.py:190} INFO - [2024-10-25T07:21:49.049+0000] {dagbag.py:588} INFO - Filling up the DagBag from /home/airflow/.local/lib/python3.12/site-packages/airflow/example_dags/example_setup_teardown.py
[2024-10-25T07:21:49.059+0000] {processor.py:925} INFO - DAG(s) 'example_setup_teardown' retrieved from /home/airflow/.local/lib/python3.12/site-packages/airflow/example_dags/example_setup_teardown.py
[2024-10-25T07:21:49.086+0000] {logging_mixin.py:190} INFO - [2024-10-25T07:21:49.086+0000] {dag.py:3239} INFO - Sync 1 DAGs
[2024-10-25T07:21:49.102+0000] {logging_mixin.py:190} INFO - [2024-10-25T07:21:49.102+0000] {dag.py:4180} INFO - Setting next_dagrun for example_setup_teardown to None, run_after=None
[2024-10-25T07:21:49.126+0000] {processor.py:208} INFO - Processing /home/airflow/.local/lib/python3.12/site-packages/airflow/example_dags/example_setup_teardown.py took 0.087 seconds
[2024-10-25T07:22:19.729+0000] {processor.py:186} INFO - Started process (PID=1099) to work on /home/airflow/.local/lib/python3.12/site-packages/airflow/example_dags/example_setup_teardown.py
[2024-10-25T07:22:19.730+0000] {processor.py:914} INFO - Processing file /home/airflow/.local/lib/python3.12/site-packages/airflow/example_dags/example_setup_teardown.py for tasks to queue
[2024-10-25T07:22:19.733+0000] {logging_mixin.py:190} INFO - [2024-10-25T07:22:19.733+0000] {dagbag.py:588} INFO - Filling up the DagBag from /home/airflow/.local/lib/python3.12/site-packages/airflow/example_dags/example_setup_teardown.py
[2024-10-25T07:22:19.742+0000] {processor.py:925} INFO - DAG(s) 'example_setup_teardown' retrieved from /home/airflow/.local/lib/python3.12/site-packages/airflow/example_dags/example_setup_teardown.py
[2024-10-25T07:22:19.767+0000] {logging_mixin.py:190} INFO - [2024-10-25T07:22:19.767+0000] {dag.py:3239} INFO - Sync 1 DAGs
[2024-10-25T07:22:19.780+0000] {logging_mixin.py:190} INFO - [2024-10-25T07:22:19.780+0000] {dag.py:4180} INFO - Setting next_dagrun for example_setup_teardown to None, run_after=None
[2024-10-25T07:22:19.806+0000] {processor.py:208} INFO - Processing /home/airflow/.local/lib/python3.12/site-packages/airflow/example_dags/example_setup_teardown.py took 0.082 seconds
[2024-10-25T07:22:50.188+0000] {processor.py:186} INFO - Started process (PID=1168) to work on /home/airflow/.local/lib/python3.12/site-packages/airflow/example_dags/example_setup_teardown.py
[2024-10-25T07:22:50.190+0000] {processor.py:914} INFO - Processing file /home/airflow/.local/lib/python3.12/site-packages/airflow/example_dags/example_setup_teardown.py for tasks to queue
[2024-10-25T07:22:50.194+0000] {logging_mixin.py:190} INFO - [2024-10-25T07:22:50.193+0000] {dagbag.py:588} INFO - Filling up the DagBag from /home/airflow/.local/lib/python3.12/site-packages/airflow/example_dags/example_setup_teardown.py
[2024-10-25T07:22:50.208+0000] {processor.py:925} INFO - DAG(s) 'example_setup_teardown' retrieved from /home/airflow/.local/lib/python3.12/site-packages/airflow/example_dags/example_setup_teardown.py
[2024-10-25T07:22:50.240+0000] {logging_mixin.py:190} INFO - [2024-10-25T07:22:50.240+0000] {dag.py:3239} INFO - Sync 1 DAGs
[2024-10-25T07:22:50.257+0000] {logging_mixin.py:190} INFO - [2024-10-25T07:22:50.256+0000] {dag.py:4180} INFO - Setting next_dagrun for example_setup_teardown to None, run_after=None
[2024-10-25T07:22:50.287+0000] {processor.py:208} INFO - Processing /home/airflow/.local/lib/python3.12/site-packages/airflow/example_dags/example_setup_teardown.py took 0.104 seconds
[2024-10-25T07:23:20.506+0000] {processor.py:186} INFO - Started process (PID=1237) to work on /home/airflow/.local/lib/python3.12/site-packages/airflow/example_dags/example_setup_teardown.py
[2024-10-25T07:23:20.508+0000] {processor.py:914} INFO - Processing file /home/airflow/.local/lib/python3.12/site-packages/airflow/example_dags/example_setup_teardown.py for tasks to queue
[2024-10-25T07:23:20.512+0000] {logging_mixin.py:190} INFO - [2024-10-25T07:23:20.511+0000] {dagbag.py:588} INFO - Filling up the DagBag from /home/airflow/.local/lib/python3.12/site-packages/airflow/example_dags/example_setup_teardown.py
[2024-10-25T07:23:20.526+0000] {processor.py:925} INFO - DAG(s) 'example_setup_teardown' retrieved from /home/airflow/.local/lib/python3.12/site-packages/airflow/example_dags/example_setup_teardown.py
[2024-10-25T07:23:20.552+0000] {logging_mixin.py:190} INFO - [2024-10-25T07:23:20.552+0000] {dag.py:3239} INFO - Sync 1 DAGs
[2024-10-25T07:23:20.568+0000] {logging_mixin.py:190} INFO - [2024-10-25T07:23:20.568+0000] {dag.py:4180} INFO - Setting next_dagrun for example_setup_teardown to None, run_after=None
[2024-10-25T07:23:20.597+0000] {processor.py:208} INFO - Processing /home/airflow/.local/lib/python3.12/site-packages/airflow/example_dags/example_setup_teardown.py took 0.097 seconds
[2024-10-25T07:23:51.230+0000] {processor.py:186} INFO - Started process (PID=1306) to work on /home/airflow/.local/lib/python3.12/site-packages/airflow/example_dags/example_setup_teardown.py
[2024-10-25T07:23:51.232+0000] {processor.py:914} INFO - Processing file /home/airflow/.local/lib/python3.12/site-packages/airflow/example_dags/example_setup_teardown.py for tasks to queue
[2024-10-25T07:23:51.235+0000] {logging_mixin.py:190} INFO - [2024-10-25T07:23:51.235+0000] {dagbag.py:588} INFO - Filling up the DagBag from /home/airflow/.local/lib/python3.12/site-packages/airflow/example_dags/example_setup_teardown.py
[2024-10-25T07:23:51.242+0000] {processor.py:925} INFO - DAG(s) 'example_setup_teardown' retrieved from /home/airflow/.local/lib/python3.12/site-packages/airflow/example_dags/example_setup_teardown.py
[2024-10-25T07:23:51.263+0000] {logging_mixin.py:190} INFO - [2024-10-25T07:23:51.263+0000] {dag.py:3239} INFO - Sync 1 DAGs
[2024-10-25T07:23:51.277+0000] {logging_mixin.py:190} INFO - [2024-10-25T07:23:51.276+0000] {dag.py:4180} INFO - Setting next_dagrun for example_setup_teardown to None, run_after=None
[2024-10-25T07:23:51.298+0000] {processor.py:208} INFO - Processing /home/airflow/.local/lib/python3.12/site-packages/airflow/example_dags/example_setup_teardown.py took 0.073 seconds
[2024-10-25T07:24:21.374+0000] {processor.py:186} INFO - Started process (PID=1374) to work on /home/airflow/.local/lib/python3.12/site-packages/airflow/example_dags/example_setup_teardown.py
[2024-10-25T07:24:21.376+0000] {processor.py:914} INFO - Processing file /home/airflow/.local/lib/python3.12/site-packages/airflow/example_dags/example_setup_teardown.py for tasks to queue
[2024-10-25T07:24:21.379+0000] {logging_mixin.py:190} INFO - [2024-10-25T07:24:21.379+0000] {dagbag.py:588} INFO - Filling up the DagBag from /home/airflow/.local/lib/python3.12/site-packages/airflow/example_dags/example_setup_teardown.py
[2024-10-25T07:24:21.389+0000] {processor.py:925} INFO - DAG(s) 'example_setup_teardown' retrieved from /home/airflow/.local/lib/python3.12/site-packages/airflow/example_dags/example_setup_teardown.py
[2024-10-25T07:24:21.420+0000] {logging_mixin.py:190} INFO - [2024-10-25T07:24:21.420+0000] {dag.py:3239} INFO - Sync 1 DAGs
[2024-10-25T07:24:21.441+0000] {logging_mixin.py:190} INFO - [2024-10-25T07:24:21.441+0000] {dag.py:4180} INFO - Setting next_dagrun for example_setup_teardown to None, run_after=None
[2024-10-25T07:24:21.473+0000] {processor.py:208} INFO - Processing /home/airflow/.local/lib/python3.12/site-packages/airflow/example_dags/example_setup_teardown.py took 0.105 seconds
[2024-10-25T07:24:51.776+0000] {processor.py:186} INFO - Started process (PID=1443) to work on /home/airflow/.local/lib/python3.12/site-packages/airflow/example_dags/example_setup_teardown.py
[2024-10-25T07:24:51.777+0000] {processor.py:914} INFO - Processing file /home/airflow/.local/lib/python3.12/site-packages/airflow/example_dags/example_setup_teardown.py for tasks to queue
[2024-10-25T07:24:51.780+0000] {logging_mixin.py:190} INFO - [2024-10-25T07:24:51.780+0000] {dagbag.py:588} INFO - Filling up the DagBag from /home/airflow/.local/lib/python3.12/site-packages/airflow/example_dags/example_setup_teardown.py
[2024-10-25T07:24:51.786+0000] {processor.py:925} INFO - DAG(s) 'example_setup_teardown' retrieved from /home/airflow/.local/lib/python3.12/site-packages/airflow/example_dags/example_setup_teardown.py
[2024-10-25T07:24:51.806+0000] {logging_mixin.py:190} INFO - [2024-10-25T07:24:51.806+0000] {dag.py:3239} INFO - Sync 1 DAGs
[2024-10-25T07:24:51.820+0000] {logging_mixin.py:190} INFO - [2024-10-25T07:24:51.820+0000] {dag.py:4180} INFO - Setting next_dagrun for example_setup_teardown to None, run_after=None
[2024-10-25T07:24:51.874+0000] {processor.py:208} INFO - Processing /home/airflow/.local/lib/python3.12/site-packages/airflow/example_dags/example_setup_teardown.py took 0.102 seconds
[2024-10-25T07:25:22.594+0000] {processor.py:186} INFO - Started process (PID=1513) to work on /home/airflow/.local/lib/python3.12/site-packages/airflow/example_dags/example_setup_teardown.py
[2024-10-25T07:25:22.596+0000] {processor.py:914} INFO - Processing file /home/airflow/.local/lib/python3.12/site-packages/airflow/example_dags/example_setup_teardown.py for tasks to queue
[2024-10-25T07:25:22.599+0000] {logging_mixin.py:190} INFO - [2024-10-25T07:25:22.598+0000] {dagbag.py:588} INFO - Filling up the DagBag from /home/airflow/.local/lib/python3.12/site-packages/airflow/example_dags/example_setup_teardown.py
[2024-10-25T07:25:22.606+0000] {processor.py:925} INFO - DAG(s) 'example_setup_teardown' retrieved from /home/airflow/.local/lib/python3.12/site-packages/airflow/example_dags/example_setup_teardown.py
[2024-10-25T07:25:22.627+0000] {logging_mixin.py:190} INFO - [2024-10-25T07:25:22.627+0000] {dag.py:3239} INFO - Sync 1 DAGs
[2024-10-25T07:25:22.640+0000] {logging_mixin.py:190} INFO - [2024-10-25T07:25:22.640+0000] {dag.py:4180} INFO - Setting next_dagrun for example_setup_teardown to None, run_after=None
[2024-10-25T07:25:22.666+0000] {processor.py:208} INFO - Processing /home/airflow/.local/lib/python3.12/site-packages/airflow/example_dags/example_setup_teardown.py took 0.078 seconds
[2024-10-25T07:25:53.094+0000] {processor.py:186} INFO - Started process (PID=1582) to work on /home/airflow/.local/lib/python3.12/site-packages/airflow/example_dags/example_setup_teardown.py
[2024-10-25T07:25:53.096+0000] {processor.py:914} INFO - Processing file /home/airflow/.local/lib/python3.12/site-packages/airflow/example_dags/example_setup_teardown.py for tasks to queue
[2024-10-25T07:25:53.100+0000] {logging_mixin.py:190} INFO - [2024-10-25T07:25:53.099+0000] {dagbag.py:588} INFO - Filling up the DagBag from /home/airflow/.local/lib/python3.12/site-packages/airflow/example_dags/example_setup_teardown.py
[2024-10-25T07:25:53.111+0000] {processor.py:925} INFO - DAG(s) 'example_setup_teardown' retrieved from /home/airflow/.local/lib/python3.12/site-packages/airflow/example_dags/example_setup_teardown.py
[2024-10-25T07:25:53.149+0000] {logging_mixin.py:190} INFO - [2024-10-25T07:25:53.149+0000] {dag.py:3239} INFO - Sync 1 DAGs
[2024-10-25T07:25:53.182+0000] {logging_mixin.py:190} INFO - [2024-10-25T07:25:53.182+0000] {dag.py:4180} INFO - Setting next_dagrun for example_setup_teardown to None, run_after=None
[2024-10-25T07:25:53.258+0000] {processor.py:208} INFO - Processing /home/airflow/.local/lib/python3.12/site-packages/airflow/example_dags/example_setup_teardown.py took 0.174 seconds
[2024-10-25T07:26:23.789+0000] {processor.py:186} INFO - Started process (PID=1651) to work on /home/airflow/.local/lib/python3.12/site-packages/airflow/example_dags/example_setup_teardown.py
[2024-10-25T07:26:23.790+0000] {processor.py:914} INFO - Processing file /home/airflow/.local/lib/python3.12/site-packages/airflow/example_dags/example_setup_teardown.py for tasks to queue
[2024-10-25T07:26:23.793+0000] {logging_mixin.py:190} INFO - [2024-10-25T07:26:23.792+0000] {dagbag.py:588} INFO - Filling up the DagBag from /home/airflow/.local/lib/python3.12/site-packages/airflow/example_dags/example_setup_teardown.py
[2024-10-25T07:26:23.801+0000] {processor.py:925} INFO - DAG(s) 'example_setup_teardown' retrieved from /home/airflow/.local/lib/python3.12/site-packages/airflow/example_dags/example_setup_teardown.py
[2024-10-25T07:26:23.824+0000] {logging_mixin.py:190} INFO - [2024-10-25T07:26:23.824+0000] {dag.py:3239} INFO - Sync 1 DAGs
[2024-10-25T07:26:23.844+0000] {logging_mixin.py:190} INFO - [2024-10-25T07:26:23.843+0000] {dag.py:4180} INFO - Setting next_dagrun for example_setup_teardown to None, run_after=None
[2024-10-25T07:26:23.868+0000] {processor.py:208} INFO - Processing /home/airflow/.local/lib/python3.12/site-packages/airflow/example_dags/example_setup_teardown.py took 0.084 seconds
[2024-10-25T07:26:54.190+0000] {processor.py:186} INFO - Started process (PID=1721) to work on /home/airflow/.local/lib/python3.12/site-packages/airflow/example_dags/example_setup_teardown.py
[2024-10-25T07:26:54.191+0000] {processor.py:914} INFO - Processing file /home/airflow/.local/lib/python3.12/site-packages/airflow/example_dags/example_setup_teardown.py for tasks to queue
[2024-10-25T07:26:54.194+0000] {logging_mixin.py:190} INFO - [2024-10-25T07:26:54.194+0000] {dagbag.py:588} INFO - Filling up the DagBag from /home/airflow/.local/lib/python3.12/site-packages/airflow/example_dags/example_setup_teardown.py
[2024-10-25T07:26:54.201+0000] {processor.py:925} INFO - DAG(s) 'example_setup_teardown' retrieved from /home/airflow/.local/lib/python3.12/site-packages/airflow/example_dags/example_setup_teardown.py
[2024-10-25T07:26:54.224+0000] {logging_mixin.py:190} INFO - [2024-10-25T07:26:54.224+0000] {dag.py:3239} INFO - Sync 1 DAGs
[2024-10-25T07:26:54.237+0000] {logging_mixin.py:190} INFO - [2024-10-25T07:26:54.237+0000] {dag.py:4180} INFO - Setting next_dagrun for example_setup_teardown to None, run_after=None
[2024-10-25T07:26:54.319+0000] {processor.py:208} INFO - Processing /home/airflow/.local/lib/python3.12/site-packages/airflow/example_dags/example_setup_teardown.py took 0.134 seconds
[2024-10-25T07:27:24.589+0000] {processor.py:186} INFO - Started process (PID=1790) to work on /home/airflow/.local/lib/python3.12/site-packages/airflow/example_dags/example_setup_teardown.py
[2024-10-25T07:27:24.591+0000] {processor.py:914} INFO - Processing file /home/airflow/.local/lib/python3.12/site-packages/airflow/example_dags/example_setup_teardown.py for tasks to queue
[2024-10-25T07:27:24.594+0000] {logging_mixin.py:190} INFO - [2024-10-25T07:27:24.593+0000] {dagbag.py:588} INFO - Filling up the DagBag from /home/airflow/.local/lib/python3.12/site-packages/airflow/example_dags/example_setup_teardown.py
[2024-10-25T07:27:24.601+0000] {processor.py:925} INFO - DAG(s) 'example_setup_teardown' retrieved from /home/airflow/.local/lib/python3.12/site-packages/airflow/example_dags/example_setup_teardown.py
[2024-10-25T07:27:24.624+0000] {logging_mixin.py:190} INFO - [2024-10-25T07:27:24.624+0000] {dag.py:3239} INFO - Sync 1 DAGs
[2024-10-25T07:27:24.638+0000] {logging_mixin.py:190} INFO - [2024-10-25T07:27:24.637+0000] {dag.py:4180} INFO - Setting next_dagrun for example_setup_teardown to None, run_after=None
[2024-10-25T07:27:24.691+0000] {processor.py:208} INFO - Processing /home/airflow/.local/lib/python3.12/site-packages/airflow/example_dags/example_setup_teardown.py took 0.107 seconds
[2024-10-25T07:27:55.142+0000] {processor.py:186} INFO - Started process (PID=1859) to work on /home/airflow/.local/lib/python3.12/site-packages/airflow/example_dags/example_setup_teardown.py
[2024-10-25T07:27:55.144+0000] {processor.py:914} INFO - Processing file /home/airflow/.local/lib/python3.12/site-packages/airflow/example_dags/example_setup_teardown.py for tasks to queue
[2024-10-25T07:27:55.147+0000] {logging_mixin.py:190} INFO - [2024-10-25T07:27:55.147+0000] {dagbag.py:588} INFO - Filling up the DagBag from /home/airflow/.local/lib/python3.12/site-packages/airflow/example_dags/example_setup_teardown.py
[2024-10-25T07:27:55.154+0000] {processor.py:925} INFO - DAG(s) 'example_setup_teardown' retrieved from /home/airflow/.local/lib/python3.12/site-packages/airflow/example_dags/example_setup_teardown.py
[2024-10-25T07:27:55.175+0000] {logging_mixin.py:190} INFO - [2024-10-25T07:27:55.175+0000] {dag.py:3239} INFO - Sync 1 DAGs
[2024-10-25T07:27:55.187+0000] {logging_mixin.py:190} INFO - [2024-10-25T07:27:55.187+0000] {dag.py:4180} INFO - Setting next_dagrun for example_setup_teardown to None, run_after=None
[2024-10-25T07:27:55.234+0000] {processor.py:208} INFO - Processing /home/airflow/.local/lib/python3.12/site-packages/airflow/example_dags/example_setup_teardown.py took 0.097 seconds
[2024-10-25T07:28:25.644+0000] {processor.py:186} INFO - Started process (PID=1928) to work on /home/airflow/.local/lib/python3.12/site-packages/airflow/example_dags/example_setup_teardown.py
[2024-10-25T07:28:25.645+0000] {processor.py:914} INFO - Processing file /home/airflow/.local/lib/python3.12/site-packages/airflow/example_dags/example_setup_teardown.py for tasks to queue
[2024-10-25T07:28:25.648+0000] {logging_mixin.py:190} INFO - [2024-10-25T07:28:25.648+0000] {dagbag.py:588} INFO - Filling up the DagBag from /home/airflow/.local/lib/python3.12/site-packages/airflow/example_dags/example_setup_teardown.py
[2024-10-25T07:28:25.659+0000] {processor.py:925} INFO - DAG(s) 'example_setup_teardown' retrieved from /home/airflow/.local/lib/python3.12/site-packages/airflow/example_dags/example_setup_teardown.py
[2024-10-25T07:28:25.684+0000] {logging_mixin.py:190} INFO - [2024-10-25T07:28:25.684+0000] {dag.py:3239} INFO - Sync 1 DAGs
[2024-10-25T07:28:25.702+0000] {logging_mixin.py:190} INFO - [2024-10-25T07:28:25.701+0000] {dag.py:4180} INFO - Setting next_dagrun for example_setup_teardown to None, run_after=None
[2024-10-25T07:28:25.730+0000] {processor.py:208} INFO - Processing /home/airflow/.local/lib/python3.12/site-packages/airflow/example_dags/example_setup_teardown.py took 0.092 seconds
[2024-10-25T07:28:56.340+0000] {processor.py:186} INFO - Started process (PID=1997) to work on /home/airflow/.local/lib/python3.12/site-packages/airflow/example_dags/example_setup_teardown.py
[2024-10-25T07:28:56.342+0000] {processor.py:914} INFO - Processing file /home/airflow/.local/lib/python3.12/site-packages/airflow/example_dags/example_setup_teardown.py for tasks to queue
[2024-10-25T07:28:56.346+0000] {logging_mixin.py:190} INFO - [2024-10-25T07:28:56.345+0000] {dagbag.py:588} INFO - Filling up the DagBag from /home/airflow/.local/lib/python3.12/site-packages/airflow/example_dags/example_setup_teardown.py
[2024-10-25T07:28:56.360+0000] {processor.py:925} INFO - DAG(s) 'example_setup_teardown' retrieved from /home/airflow/.local/lib/python3.12/site-packages/airflow/example_dags/example_setup_teardown.py
[2024-10-25T07:28:56.399+0000] {logging_mixin.py:190} INFO - [2024-10-25T07:28:56.399+0000] {dag.py:3239} INFO - Sync 1 DAGs
[2024-10-25T07:28:56.421+0000] {logging_mixin.py:190} INFO - [2024-10-25T07:28:56.421+0000] {dag.py:4180} INFO - Setting next_dagrun for example_setup_teardown to None, run_after=None
[2024-10-25T07:28:56.450+0000] {processor.py:208} INFO - Processing /home/airflow/.local/lib/python3.12/site-packages/airflow/example_dags/example_setup_teardown.py took 0.122 seconds
[2024-10-25T07:29:26.623+0000] {processor.py:186} INFO - Started process (PID=2072) to work on /home/airflow/.local/lib/python3.12/site-packages/airflow/example_dags/example_setup_teardown.py
[2024-10-25T07:29:26.625+0000] {processor.py:914} INFO - Processing file /home/airflow/.local/lib/python3.12/site-packages/airflow/example_dags/example_setup_teardown.py for tasks to queue
[2024-10-25T07:29:26.628+0000] {logging_mixin.py:190} INFO - [2024-10-25T07:29:26.628+0000] {dagbag.py:588} INFO - Filling up the DagBag from /home/airflow/.local/lib/python3.12/site-packages/airflow/example_dags/example_setup_teardown.py
[2024-10-25T07:29:26.637+0000] {processor.py:925} INFO - DAG(s) 'example_setup_teardown' retrieved from /home/airflow/.local/lib/python3.12/site-packages/airflow/example_dags/example_setup_teardown.py
[2024-10-25T07:29:26.664+0000] {logging_mixin.py:190} INFO - [2024-10-25T07:29:26.663+0000] {dag.py:3239} INFO - Sync 1 DAGs
[2024-10-25T07:29:26.679+0000] {logging_mixin.py:190} INFO - [2024-10-25T07:29:26.679+0000] {dag.py:4180} INFO - Setting next_dagrun for example_setup_teardown to None, run_after=None
[2024-10-25T07:29:26.704+0000] {processor.py:208} INFO - Processing /home/airflow/.local/lib/python3.12/site-packages/airflow/example_dags/example_setup_teardown.py took 0.086 seconds
[2024-10-25T07:29:57.071+0000] {processor.py:186} INFO - Started process (PID=2140) to work on /home/airflow/.local/lib/python3.12/site-packages/airflow/example_dags/example_setup_teardown.py
[2024-10-25T07:29:57.072+0000] {processor.py:914} INFO - Processing file /home/airflow/.local/lib/python3.12/site-packages/airflow/example_dags/example_setup_teardown.py for tasks to queue
[2024-10-25T07:29:57.075+0000] {logging_mixin.py:190} INFO - [2024-10-25T07:29:57.075+0000] {dagbag.py:588} INFO - Filling up the DagBag from /home/airflow/.local/lib/python3.12/site-packages/airflow/example_dags/example_setup_teardown.py
[2024-10-25T07:29:57.083+0000] {processor.py:925} INFO - DAG(s) 'example_setup_teardown' retrieved from /home/airflow/.local/lib/python3.12/site-packages/airflow/example_dags/example_setup_teardown.py
[2024-10-25T07:29:57.105+0000] {logging_mixin.py:190} INFO - [2024-10-25T07:29:57.105+0000] {dag.py:3239} INFO - Sync 1 DAGs
[2024-10-25T07:29:57.119+0000] {logging_mixin.py:190} INFO - [2024-10-25T07:29:57.119+0000] {dag.py:4180} INFO - Setting next_dagrun for example_setup_teardown to None, run_after=None
[2024-10-25T07:29:57.145+0000] {processor.py:208} INFO - Processing /home/airflow/.local/lib/python3.12/site-packages/airflow/example_dags/example_setup_teardown.py took 0.079 seconds
[2024-10-25T07:30:28.225+0000] {processor.py:186} INFO - Started process (PID=2208) to work on /home/airflow/.local/lib/python3.12/site-packages/airflow/example_dags/example_setup_teardown.py
[2024-10-25T07:30:28.227+0000] {processor.py:914} INFO - Processing file /home/airflow/.local/lib/python3.12/site-packages/airflow/example_dags/example_setup_teardown.py for tasks to queue
[2024-10-25T07:30:28.230+0000] {logging_mixin.py:190} INFO - [2024-10-25T07:30:28.230+0000] {dagbag.py:588} INFO - Filling up the DagBag from /home/airflow/.local/lib/python3.12/site-packages/airflow/example_dags/example_setup_teardown.py
[2024-10-25T07:30:28.238+0000] {processor.py:925} INFO - DAG(s) 'example_setup_teardown' retrieved from /home/airflow/.local/lib/python3.12/site-packages/airflow/example_dags/example_setup_teardown.py
[2024-10-25T07:30:28.263+0000] {logging_mixin.py:190} INFO - [2024-10-25T07:30:28.262+0000] {dag.py:3239} INFO - Sync 1 DAGs
[2024-10-25T07:30:28.276+0000] {logging_mixin.py:190} INFO - [2024-10-25T07:30:28.276+0000] {dag.py:4180} INFO - Setting next_dagrun for example_setup_teardown to None, run_after=None
[2024-10-25T07:30:28.296+0000] {processor.py:208} INFO - Processing /home/airflow/.local/lib/python3.12/site-packages/airflow/example_dags/example_setup_teardown.py took 0.076 seconds
[2024-10-25T07:30:58.825+0000] {processor.py:186} INFO - Started process (PID=2277) to work on /home/airflow/.local/lib/python3.12/site-packages/airflow/example_dags/example_setup_teardown.py
[2024-10-25T07:30:58.826+0000] {processor.py:914} INFO - Processing file /home/airflow/.local/lib/python3.12/site-packages/airflow/example_dags/example_setup_teardown.py for tasks to queue
[2024-10-25T07:30:58.829+0000] {logging_mixin.py:190} INFO - [2024-10-25T07:30:58.829+0000] {dagbag.py:588} INFO - Filling up the DagBag from /home/airflow/.local/lib/python3.12/site-packages/airflow/example_dags/example_setup_teardown.py
[2024-10-25T07:30:58.839+0000] {processor.py:925} INFO - DAG(s) 'example_setup_teardown' retrieved from /home/airflow/.local/lib/python3.12/site-packages/airflow/example_dags/example_setup_teardown.py
[2024-10-25T07:30:58.867+0000] {logging_mixin.py:190} INFO - [2024-10-25T07:30:58.866+0000] {dag.py:3239} INFO - Sync 1 DAGs
[2024-10-25T07:30:58.885+0000] {logging_mixin.py:190} INFO - [2024-10-25T07:30:58.885+0000] {dag.py:4180} INFO - Setting next_dagrun for example_setup_teardown to None, run_after=None
[2024-10-25T07:30:58.909+0000] {processor.py:208} INFO - Processing /home/airflow/.local/lib/python3.12/site-packages/airflow/example_dags/example_setup_teardown.py took 0.089 seconds
[2024-10-25T07:31:29.482+0000] {processor.py:186} INFO - Started process (PID=2346) to work on /home/airflow/.local/lib/python3.12/site-packages/airflow/example_dags/example_setup_teardown.py
[2024-10-25T07:31:29.483+0000] {processor.py:914} INFO - Processing file /home/airflow/.local/lib/python3.12/site-packages/airflow/example_dags/example_setup_teardown.py for tasks to queue
[2024-10-25T07:31:29.486+0000] {logging_mixin.py:190} INFO - [2024-10-25T07:31:29.486+0000] {dagbag.py:588} INFO - Filling up the DagBag from /home/airflow/.local/lib/python3.12/site-packages/airflow/example_dags/example_setup_teardown.py
[2024-10-25T07:31:29.494+0000] {processor.py:925} INFO - DAG(s) 'example_setup_teardown' retrieved from /home/airflow/.local/lib/python3.12/site-packages/airflow/example_dags/example_setup_teardown.py
[2024-10-25T07:31:29.516+0000] {logging_mixin.py:190} INFO - [2024-10-25T07:31:29.516+0000] {dag.py:3239} INFO - Sync 1 DAGs
[2024-10-25T07:31:29.530+0000] {logging_mixin.py:190} INFO - [2024-10-25T07:31:29.530+0000] {dag.py:4180} INFO - Setting next_dagrun for example_setup_teardown to None, run_after=None
[2024-10-25T07:31:29.552+0000] {processor.py:208} INFO - Processing /home/airflow/.local/lib/python3.12/site-packages/airflow/example_dags/example_setup_teardown.py took 0.075 seconds
[2024-10-25T07:32:46.918+0000] {processor.py:186} INFO - Started process (PID=2431) to work on /home/airflow/.local/lib/python3.12/site-packages/airflow/example_dags/example_setup_teardown.py
[2024-10-25T07:32:46.922+0000] {processor.py:914} INFO - Processing file /home/airflow/.local/lib/python3.12/site-packages/airflow/example_dags/example_setup_teardown.py for tasks to queue
[2024-10-25T07:32:46.928+0000] {logging_mixin.py:190} INFO - [2024-10-25T07:32:46.927+0000] {dagbag.py:588} INFO - Filling up the DagBag from /home/airflow/.local/lib/python3.12/site-packages/airflow/example_dags/example_setup_teardown.py
[2024-10-25T07:32:46.949+0000] {processor.py:925} INFO - DAG(s) 'example_setup_teardown' retrieved from /home/airflow/.local/lib/python3.12/site-packages/airflow/example_dags/example_setup_teardown.py
[2024-10-25T07:32:47.010+0000] {logging_mixin.py:190} INFO - [2024-10-25T07:32:47.008+0000] {dag.py:3239} INFO - Sync 1 DAGs
[2024-10-25T07:32:47.080+0000] {logging_mixin.py:190} INFO - [2024-10-25T07:32:47.078+0000] {dag.py:4180} INFO - Setting next_dagrun for example_setup_teardown to None, run_after=None
[2024-10-25T07:32:47.151+0000] {processor.py:208} INFO - Processing /home/airflow/.local/lib/python3.12/site-packages/airflow/example_dags/example_setup_teardown.py took 0.249 seconds
[2024-10-25T07:33:17.721+0000] {processor.py:186} INFO - Started process (PID=2500) to work on /home/airflow/.local/lib/python3.12/site-packages/airflow/example_dags/example_setup_teardown.py
[2024-10-25T07:33:17.723+0000] {processor.py:914} INFO - Processing file /home/airflow/.local/lib/python3.12/site-packages/airflow/example_dags/example_setup_teardown.py for tasks to queue
[2024-10-25T07:33:17.725+0000] {logging_mixin.py:190} INFO - [2024-10-25T07:33:17.724+0000] {dagbag.py:588} INFO - Filling up the DagBag from /home/airflow/.local/lib/python3.12/site-packages/airflow/example_dags/example_setup_teardown.py
[2024-10-25T07:33:17.738+0000] {processor.py:925} INFO - DAG(s) 'example_setup_teardown' retrieved from /home/airflow/.local/lib/python3.12/site-packages/airflow/example_dags/example_setup_teardown.py
[2024-10-25T07:33:17.765+0000] {logging_mixin.py:190} INFO - [2024-10-25T07:33:17.765+0000] {dag.py:3239} INFO - Sync 1 DAGs
[2024-10-25T07:33:17.789+0000] {logging_mixin.py:190} INFO - [2024-10-25T07:33:17.787+0000] {dag.py:4180} INFO - Setting next_dagrun for example_setup_teardown to None, run_after=None
[2024-10-25T07:33:17.834+0000] {processor.py:208} INFO - Processing /home/airflow/.local/lib/python3.12/site-packages/airflow/example_dags/example_setup_teardown.py took 0.124 seconds
[2024-10-25T07:33:48.576+0000] {processor.py:186} INFO - Started process (PID=2569) to work on /home/airflow/.local/lib/python3.12/site-packages/airflow/example_dags/example_setup_teardown.py
[2024-10-25T07:33:48.578+0000] {processor.py:914} INFO - Processing file /home/airflow/.local/lib/python3.12/site-packages/airflow/example_dags/example_setup_teardown.py for tasks to queue
[2024-10-25T07:33:48.584+0000] {logging_mixin.py:190} INFO - [2024-10-25T07:33:48.583+0000] {dagbag.py:588} INFO - Filling up the DagBag from /home/airflow/.local/lib/python3.12/site-packages/airflow/example_dags/example_setup_teardown.py
[2024-10-25T07:33:48.604+0000] {processor.py:925} INFO - DAG(s) 'example_setup_teardown' retrieved from /home/airflow/.local/lib/python3.12/site-packages/airflow/example_dags/example_setup_teardown.py
[2024-10-25T07:33:48.640+0000] {logging_mixin.py:190} INFO - [2024-10-25T07:33:48.639+0000] {dag.py:3239} INFO - Sync 1 DAGs
[2024-10-25T07:33:48.840+0000] {logging_mixin.py:190} INFO - [2024-10-25T07:33:48.840+0000] {dag.py:4180} INFO - Setting next_dagrun for example_setup_teardown to None, run_after=None
[2024-10-25T07:33:48.868+0000] {processor.py:208} INFO - Processing /home/airflow/.local/lib/python3.12/site-packages/airflow/example_dags/example_setup_teardown.py took 0.303 seconds
[2024-10-25T07:34:19.573+0000] {processor.py:186} INFO - Started process (PID=2638) to work on /home/airflow/.local/lib/python3.12/site-packages/airflow/example_dags/example_setup_teardown.py
[2024-10-25T07:34:19.575+0000] {processor.py:914} INFO - Processing file /home/airflow/.local/lib/python3.12/site-packages/airflow/example_dags/example_setup_teardown.py for tasks to queue
[2024-10-25T07:34:19.577+0000] {logging_mixin.py:190} INFO - [2024-10-25T07:34:19.576+0000] {dagbag.py:588} INFO - Filling up the DagBag from /home/airflow/.local/lib/python3.12/site-packages/airflow/example_dags/example_setup_teardown.py
[2024-10-25T07:34:19.586+0000] {processor.py:925} INFO - DAG(s) 'example_setup_teardown' retrieved from /home/airflow/.local/lib/python3.12/site-packages/airflow/example_dags/example_setup_teardown.py
[2024-10-25T07:34:19.608+0000] {logging_mixin.py:190} INFO - [2024-10-25T07:34:19.607+0000] {dag.py:3239} INFO - Sync 1 DAGs
[2024-10-25T07:34:19.622+0000] {logging_mixin.py:190} INFO - [2024-10-25T07:34:19.622+0000] {dag.py:4180} INFO - Setting next_dagrun for example_setup_teardown to None, run_after=None
[2024-10-25T07:34:19.805+0000] {processor.py:208} INFO - Processing /home/airflow/.local/lib/python3.12/site-packages/airflow/example_dags/example_setup_teardown.py took 0.237 seconds
[2024-10-25T07:34:50.021+0000] {processor.py:186} INFO - Started process (PID=2707) to work on /home/airflow/.local/lib/python3.12/site-packages/airflow/example_dags/example_setup_teardown.py
[2024-10-25T07:34:50.023+0000] {processor.py:914} INFO - Processing file /home/airflow/.local/lib/python3.12/site-packages/airflow/example_dags/example_setup_teardown.py for tasks to queue
[2024-10-25T07:34:50.024+0000] {logging_mixin.py:190} INFO - [2024-10-25T07:34:50.024+0000] {dagbag.py:588} INFO - Filling up the DagBag from /home/airflow/.local/lib/python3.12/site-packages/airflow/example_dags/example_setup_teardown.py
[2024-10-25T07:34:50.033+0000] {processor.py:925} INFO - DAG(s) 'example_setup_teardown' retrieved from /home/airflow/.local/lib/python3.12/site-packages/airflow/example_dags/example_setup_teardown.py
[2024-10-25T07:34:50.059+0000] {logging_mixin.py:190} INFO - [2024-10-25T07:34:50.059+0000] {dag.py:3239} INFO - Sync 1 DAGs
[2024-10-25T07:34:50.077+0000] {logging_mixin.py:190} INFO - [2024-10-25T07:34:50.077+0000] {dag.py:4180} INFO - Setting next_dagrun for example_setup_teardown to None, run_after=None
[2024-10-25T07:34:50.105+0000] {processor.py:208} INFO - Processing /home/airflow/.local/lib/python3.12/site-packages/airflow/example_dags/example_setup_teardown.py took 0.089 seconds
[2024-10-25T07:35:20.645+0000] {processor.py:186} INFO - Started process (PID=2776) to work on /home/airflow/.local/lib/python3.12/site-packages/airflow/example_dags/example_setup_teardown.py
[2024-10-25T07:35:20.646+0000] {processor.py:914} INFO - Processing file /home/airflow/.local/lib/python3.12/site-packages/airflow/example_dags/example_setup_teardown.py for tasks to queue
[2024-10-25T07:35:20.648+0000] {logging_mixin.py:190} INFO - [2024-10-25T07:35:20.648+0000] {dagbag.py:588} INFO - Filling up the DagBag from /home/airflow/.local/lib/python3.12/site-packages/airflow/example_dags/example_setup_teardown.py
[2024-10-25T07:35:20.655+0000] {processor.py:925} INFO - DAG(s) 'example_setup_teardown' retrieved from /home/airflow/.local/lib/python3.12/site-packages/airflow/example_dags/example_setup_teardown.py
[2024-10-25T07:35:20.675+0000] {logging_mixin.py:190} INFO - [2024-10-25T07:35:20.675+0000] {dag.py:3239} INFO - Sync 1 DAGs
[2024-10-25T07:35:20.690+0000] {logging_mixin.py:190} INFO - [2024-10-25T07:35:20.689+0000] {dag.py:4180} INFO - Setting next_dagrun for example_setup_teardown to None, run_after=None
[2024-10-25T07:35:20.714+0000] {processor.py:208} INFO - Processing /home/airflow/.local/lib/python3.12/site-packages/airflow/example_dags/example_setup_teardown.py took 0.073 seconds
[2024-10-25T07:37:54.010+0000] {processor.py:186} INFO - Started process (PID=70) to work on /home/airflow/.local/lib/python3.12/site-packages/airflow/example_dags/example_setup_teardown.py
[2024-10-25T07:37:54.012+0000] {processor.py:914} INFO - Processing file /home/airflow/.local/lib/python3.12/site-packages/airflow/example_dags/example_setup_teardown.py for tasks to queue
[2024-10-25T07:37:54.017+0000] {logging_mixin.py:190} INFO - [2024-10-25T07:37:54.016+0000] {dagbag.py:588} INFO - Filling up the DagBag from /home/airflow/.local/lib/python3.12/site-packages/airflow/example_dags/example_setup_teardown.py
[2024-10-25T07:37:54.030+0000] {processor.py:925} INFO - DAG(s) 'example_setup_teardown' retrieved from /home/airflow/.local/lib/python3.12/site-packages/airflow/example_dags/example_setup_teardown.py
[2024-10-25T07:37:54.064+0000] {logging_mixin.py:190} INFO - [2024-10-25T07:37:54.064+0000] {dag.py:3239} INFO - Sync 1 DAGs
[2024-10-25T07:37:54.082+0000] {logging_mixin.py:190} INFO - [2024-10-25T07:37:54.082+0000] {dag.py:4180} INFO - Setting next_dagrun for example_setup_teardown to None, run_after=None
[2024-10-25T07:37:54.113+0000] {processor.py:208} INFO - Processing /home/airflow/.local/lib/python3.12/site-packages/airflow/example_dags/example_setup_teardown.py took 0.108 seconds
[2024-10-25T07:38:25.374+0000] {processor.py:186} INFO - Started process (PID=140) to work on /home/airflow/.local/lib/python3.12/site-packages/airflow/example_dags/example_setup_teardown.py
[2024-10-25T07:38:25.376+0000] {processor.py:914} INFO - Processing file /home/airflow/.local/lib/python3.12/site-packages/airflow/example_dags/example_setup_teardown.py for tasks to queue
[2024-10-25T07:38:25.385+0000] {logging_mixin.py:190} INFO - [2024-10-25T07:38:25.382+0000] {dagbag.py:588} INFO - Filling up the DagBag from /home/airflow/.local/lib/python3.12/site-packages/airflow/example_dags/example_setup_teardown.py
[2024-10-25T07:38:25.404+0000] {processor.py:925} INFO - DAG(s) 'example_setup_teardown' retrieved from /home/airflow/.local/lib/python3.12/site-packages/airflow/example_dags/example_setup_teardown.py
[2024-10-25T07:38:25.440+0000] {logging_mixin.py:190} INFO - [2024-10-25T07:38:25.439+0000] {dag.py:3239} INFO - Sync 1 DAGs
[2024-10-25T07:38:25.463+0000] {logging_mixin.py:190} INFO - [2024-10-25T07:38:25.463+0000] {dag.py:4180} INFO - Setting next_dagrun for example_setup_teardown to None, run_after=None
[2024-10-25T07:38:25.498+0000] {processor.py:208} INFO - Processing /home/airflow/.local/lib/python3.12/site-packages/airflow/example_dags/example_setup_teardown.py took 0.134 seconds
