[2024-10-25T07:15:13.537+0000] {processor.py:186} INFO - Started process (PID=181) to work on /home/airflow/.local/lib/python3.12/site-packages/airflow/example_dags/example_branch_python_dop_operator_3.py
[2024-10-25T07:15:13.548+0000] {processor.py:914} INFO - Processing file /home/airflow/.local/lib/python3.12/site-packages/airflow/example_dags/example_branch_python_dop_operator_3.py for tasks to queue
[2024-10-25T07:15:13.568+0000] {logging_mixin.py:190} INFO - [2024-10-25T07:15:13.567+0000] {dagbag.py:588} INFO - Filling up the DagBag from /home/airflow/.local/lib/python3.12/site-packages/airflow/example_dags/example_branch_python_dop_operator_3.py
[2024-10-25T07:15:14.336+0000] {processor.py:925} INFO - DAG(s) 'example_branch_dop_operator_v3' retrieved from /home/airflow/.local/lib/python3.12/site-packages/airflow/example_dags/example_branch_python_dop_operator_3.py
[2024-10-25T07:15:14.576+0000] {logging_mixin.py:190} INFO - [2024-10-25T07:15:14.575+0000] {dag.py:3239} INFO - Sync 1 DAGs
[2024-10-25T07:15:14.839+0000] {logging_mixin.py:190} INFO - [2024-10-25T07:15:14.838+0000] {dag.py:4180} INFO - Setting next_dagrun for example_branch_dop_operator_v3 to 2024-10-25 07:14:00+00:00, run_after=2024-10-25 07:15:00+00:00
[2024-10-25T07:15:14.975+0000] {processor.py:208} INFO - Processing /home/airflow/.local/lib/python3.12/site-packages/airflow/example_dags/example_branch_python_dop_operator_3.py took 1.508 seconds
[2024-10-25T07:16:12.638+0000] {processor.py:186} INFO - Started process (PID=276) to work on /home/airflow/.local/lib/python3.12/site-packages/airflow/example_dags/example_branch_python_dop_operator_3.py
[2024-10-25T07:16:12.641+0000] {processor.py:914} INFO - Processing file /home/airflow/.local/lib/python3.12/site-packages/airflow/example_dags/example_branch_python_dop_operator_3.py for tasks to queue
[2024-10-25T07:16:12.649+0000] {logging_mixin.py:190} INFO - [2024-10-25T07:16:12.648+0000] {dagbag.py:588} INFO - Filling up the DagBag from /home/airflow/.local/lib/python3.12/site-packages/airflow/example_dags/example_branch_python_dop_operator_3.py
[2024-10-25T07:16:12.698+0000] {processor.py:925} INFO - DAG(s) 'example_branch_dop_operator_v3' retrieved from /home/airflow/.local/lib/python3.12/site-packages/airflow/example_dags/example_branch_python_dop_operator_3.py
[2024-10-25T07:16:12.768+0000] {logging_mixin.py:190} INFO - [2024-10-25T07:16:12.767+0000] {dag.py:3239} INFO - Sync 1 DAGs
[2024-10-25T07:16:12.938+0000] {logging_mixin.py:190} INFO - [2024-10-25T07:16:12.937+0000] {dag.py:4180} INFO - Setting next_dagrun for example_branch_dop_operator_v3 to 2024-10-25 07:15:00+00:00, run_after=2024-10-25 07:16:00+00:00
[2024-10-25T07:16:13.028+0000] {processor.py:208} INFO - Processing /home/airflow/.local/lib/python3.12/site-packages/airflow/example_dags/example_branch_python_dop_operator_3.py took 0.410 seconds
[2024-10-25T07:16:43.799+0000] {processor.py:186} INFO - Started process (PID=344) to work on /home/airflow/.local/lib/python3.12/site-packages/airflow/example_dags/example_branch_python_dop_operator_3.py
[2024-10-25T07:16:43.802+0000] {processor.py:914} INFO - Processing file /home/airflow/.local/lib/python3.12/site-packages/airflow/example_dags/example_branch_python_dop_operator_3.py for tasks to queue
[2024-10-25T07:16:43.805+0000] {logging_mixin.py:190} INFO - [2024-10-25T07:16:43.805+0000] {dagbag.py:588} INFO - Filling up the DagBag from /home/airflow/.local/lib/python3.12/site-packages/airflow/example_dags/example_branch_python_dop_operator_3.py
[2024-10-25T07:16:43.819+0000] {processor.py:925} INFO - DAG(s) 'example_branch_dop_operator_v3' retrieved from /home/airflow/.local/lib/python3.12/site-packages/airflow/example_dags/example_branch_python_dop_operator_3.py
[2024-10-25T07:16:43.847+0000] {logging_mixin.py:190} INFO - [2024-10-25T07:16:43.847+0000] {dag.py:3239} INFO - Sync 1 DAGs
[2024-10-25T07:16:43.884+0000] {logging_mixin.py:190} INFO - [2024-10-25T07:16:43.884+0000] {dag.py:4180} INFO - Setting next_dagrun for example_branch_dop_operator_v3 to 2024-10-25 07:15:00+00:00, run_after=2024-10-25 07:16:00+00:00
[2024-10-25T07:16:43.912+0000] {processor.py:208} INFO - Processing /home/airflow/.local/lib/python3.12/site-packages/airflow/example_dags/example_branch_python_dop_operator_3.py took 0.121 seconds
[2024-10-25T07:17:14.112+0000] {processor.py:186} INFO - Started process (PID=413) to work on /home/airflow/.local/lib/python3.12/site-packages/airflow/example_dags/example_branch_python_dop_operator_3.py
[2024-10-25T07:17:14.113+0000] {processor.py:914} INFO - Processing file /home/airflow/.local/lib/python3.12/site-packages/airflow/example_dags/example_branch_python_dop_operator_3.py for tasks to queue
[2024-10-25T07:17:14.117+0000] {logging_mixin.py:190} INFO - [2024-10-25T07:17:14.117+0000] {dagbag.py:588} INFO - Filling up the DagBag from /home/airflow/.local/lib/python3.12/site-packages/airflow/example_dags/example_branch_python_dop_operator_3.py
[2024-10-25T07:17:14.138+0000] {processor.py:925} INFO - DAG(s) 'example_branch_dop_operator_v3' retrieved from /home/airflow/.local/lib/python3.12/site-packages/airflow/example_dags/example_branch_python_dop_operator_3.py
[2024-10-25T07:17:14.176+0000] {logging_mixin.py:190} INFO - [2024-10-25T07:17:14.176+0000] {dag.py:3239} INFO - Sync 1 DAGs
[2024-10-25T07:17:14.221+0000] {logging_mixin.py:190} INFO - [2024-10-25T07:17:14.221+0000] {dag.py:4180} INFO - Setting next_dagrun for example_branch_dop_operator_v3 to 2024-10-25 07:16:00+00:00, run_after=2024-10-25 07:17:00+00:00
[2024-10-25T07:17:14.279+0000] {processor.py:208} INFO - Processing /home/airflow/.local/lib/python3.12/site-packages/airflow/example_dags/example_branch_python_dop_operator_3.py took 0.192 seconds
[2024-10-25T07:17:44.928+0000] {processor.py:186} INFO - Started process (PID=483) to work on /home/airflow/.local/lib/python3.12/site-packages/airflow/example_dags/example_branch_python_dop_operator_3.py
[2024-10-25T07:17:44.929+0000] {processor.py:914} INFO - Processing file /home/airflow/.local/lib/python3.12/site-packages/airflow/example_dags/example_branch_python_dop_operator_3.py for tasks to queue
[2024-10-25T07:17:44.935+0000] {logging_mixin.py:190} INFO - [2024-10-25T07:17:44.934+0000] {dagbag.py:588} INFO - Filling up the DagBag from /home/airflow/.local/lib/python3.12/site-packages/airflow/example_dags/example_branch_python_dop_operator_3.py
[2024-10-25T07:17:44.955+0000] {processor.py:925} INFO - DAG(s) 'example_branch_dop_operator_v3' retrieved from /home/airflow/.local/lib/python3.12/site-packages/airflow/example_dags/example_branch_python_dop_operator_3.py
[2024-10-25T07:17:44.994+0000] {logging_mixin.py:190} INFO - [2024-10-25T07:17:44.993+0000] {dag.py:3239} INFO - Sync 1 DAGs
[2024-10-25T07:17:45.069+0000] {logging_mixin.py:190} INFO - [2024-10-25T07:17:45.069+0000] {dag.py:4180} INFO - Setting next_dagrun for example_branch_dop_operator_v3 to 2024-10-25 07:16:00+00:00, run_after=2024-10-25 07:17:00+00:00
[2024-10-25T07:17:45.104+0000] {processor.py:208} INFO - Processing /home/airflow/.local/lib/python3.12/site-packages/airflow/example_dags/example_branch_python_dop_operator_3.py took 0.186 seconds
[2024-10-25T07:18:15.267+0000] {processor.py:186} INFO - Started process (PID=552) to work on /home/airflow/.local/lib/python3.12/site-packages/airflow/example_dags/example_branch_python_dop_operator_3.py
[2024-10-25T07:18:15.269+0000] {processor.py:914} INFO - Processing file /home/airflow/.local/lib/python3.12/site-packages/airflow/example_dags/example_branch_python_dop_operator_3.py for tasks to queue
[2024-10-25T07:18:15.273+0000] {logging_mixin.py:190} INFO - [2024-10-25T07:18:15.272+0000] {dagbag.py:588} INFO - Filling up the DagBag from /home/airflow/.local/lib/python3.12/site-packages/airflow/example_dags/example_branch_python_dop_operator_3.py
[2024-10-25T07:18:15.291+0000] {processor.py:925} INFO - DAG(s) 'example_branch_dop_operator_v3' retrieved from /home/airflow/.local/lib/python3.12/site-packages/airflow/example_dags/example_branch_python_dop_operator_3.py
[2024-10-25T07:18:15.321+0000] {logging_mixin.py:190} INFO - [2024-10-25T07:18:15.321+0000] {dag.py:3239} INFO - Sync 1 DAGs
[2024-10-25T07:18:15.357+0000] {logging_mixin.py:190} INFO - [2024-10-25T07:18:15.357+0000] {dag.py:4180} INFO - Setting next_dagrun for example_branch_dop_operator_v3 to 2024-10-25 07:17:00+00:00, run_after=2024-10-25 07:18:00+00:00
[2024-10-25T07:18:15.390+0000] {processor.py:208} INFO - Processing /home/airflow/.local/lib/python3.12/site-packages/airflow/example_dags/example_branch_python_dop_operator_3.py took 0.130 seconds
[2024-10-25T07:18:45.691+0000] {processor.py:186} INFO - Started process (PID=620) to work on /home/airflow/.local/lib/python3.12/site-packages/airflow/example_dags/example_branch_python_dop_operator_3.py
[2024-10-25T07:18:45.693+0000] {processor.py:914} INFO - Processing file /home/airflow/.local/lib/python3.12/site-packages/airflow/example_dags/example_branch_python_dop_operator_3.py for tasks to queue
[2024-10-25T07:18:45.698+0000] {logging_mixin.py:190} INFO - [2024-10-25T07:18:45.697+0000] {dagbag.py:588} INFO - Filling up the DagBag from /home/airflow/.local/lib/python3.12/site-packages/airflow/example_dags/example_branch_python_dop_operator_3.py
[2024-10-25T07:18:45.714+0000] {processor.py:925} INFO - DAG(s) 'example_branch_dop_operator_v3' retrieved from /home/airflow/.local/lib/python3.12/site-packages/airflow/example_dags/example_branch_python_dop_operator_3.py
[2024-10-25T07:18:45.744+0000] {logging_mixin.py:190} INFO - [2024-10-25T07:18:45.744+0000] {dag.py:3239} INFO - Sync 1 DAGs
[2024-10-25T07:18:45.781+0000] {logging_mixin.py:190} INFO - [2024-10-25T07:18:45.781+0000] {dag.py:4180} INFO - Setting next_dagrun for example_branch_dop_operator_v3 to 2024-10-25 07:17:00+00:00, run_after=2024-10-25 07:18:00+00:00
[2024-10-25T07:18:45.809+0000] {processor.py:208} INFO - Processing /home/airflow/.local/lib/python3.12/site-packages/airflow/example_dags/example_branch_python_dop_operator_3.py took 0.126 seconds
[2024-10-25T07:19:16.564+0000] {processor.py:186} INFO - Started process (PID=689) to work on /home/airflow/.local/lib/python3.12/site-packages/airflow/example_dags/example_branch_python_dop_operator_3.py
[2024-10-25T07:19:16.567+0000] {processor.py:914} INFO - Processing file /home/airflow/.local/lib/python3.12/site-packages/airflow/example_dags/example_branch_python_dop_operator_3.py for tasks to queue
[2024-10-25T07:19:16.575+0000] {logging_mixin.py:190} INFO - [2024-10-25T07:19:16.573+0000] {dagbag.py:588} INFO - Filling up the DagBag from /home/airflow/.local/lib/python3.12/site-packages/airflow/example_dags/example_branch_python_dop_operator_3.py
[2024-10-25T07:19:16.596+0000] {processor.py:925} INFO - DAG(s) 'example_branch_dop_operator_v3' retrieved from /home/airflow/.local/lib/python3.12/site-packages/airflow/example_dags/example_branch_python_dop_operator_3.py
[2024-10-25T07:19:16.636+0000] {logging_mixin.py:190} INFO - [2024-10-25T07:19:16.635+0000] {dag.py:3239} INFO - Sync 1 DAGs
[2024-10-25T07:19:16.683+0000] {logging_mixin.py:190} INFO - [2024-10-25T07:19:16.682+0000] {dag.py:4180} INFO - Setting next_dagrun for example_branch_dop_operator_v3 to 2024-10-25 07:18:00+00:00, run_after=2024-10-25 07:19:00+00:00
[2024-10-25T07:19:16.729+0000] {processor.py:208} INFO - Processing /home/airflow/.local/lib/python3.12/site-packages/airflow/example_dags/example_branch_python_dop_operator_3.py took 0.182 seconds
[2024-10-25T07:19:47.237+0000] {processor.py:186} INFO - Started process (PID=758) to work on /home/airflow/.local/lib/python3.12/site-packages/airflow/example_dags/example_branch_python_dop_operator_3.py
[2024-10-25T07:19:47.238+0000] {processor.py:914} INFO - Processing file /home/airflow/.local/lib/python3.12/site-packages/airflow/example_dags/example_branch_python_dop_operator_3.py for tasks to queue
[2024-10-25T07:19:47.241+0000] {logging_mixin.py:190} INFO - [2024-10-25T07:19:47.241+0000] {dagbag.py:588} INFO - Filling up the DagBag from /home/airflow/.local/lib/python3.12/site-packages/airflow/example_dags/example_branch_python_dop_operator_3.py
[2024-10-25T07:19:47.251+0000] {processor.py:925} INFO - DAG(s) 'example_branch_dop_operator_v3' retrieved from /home/airflow/.local/lib/python3.12/site-packages/airflow/example_dags/example_branch_python_dop_operator_3.py
[2024-10-25T07:19:47.275+0000] {logging_mixin.py:190} INFO - [2024-10-25T07:19:47.275+0000] {dag.py:3239} INFO - Sync 1 DAGs
[2024-10-25T07:19:47.299+0000] {logging_mixin.py:190} INFO - [2024-10-25T07:19:47.299+0000] {dag.py:4180} INFO - Setting next_dagrun for example_branch_dop_operator_v3 to 2024-10-25 07:18:00+00:00, run_after=2024-10-25 07:19:00+00:00
[2024-10-25T07:19:47.322+0000] {processor.py:208} INFO - Processing /home/airflow/.local/lib/python3.12/site-packages/airflow/example_dags/example_branch_python_dop_operator_3.py took 0.090 seconds
[2024-10-25T07:20:17.852+0000] {processor.py:186} INFO - Started process (PID=826) to work on /home/airflow/.local/lib/python3.12/site-packages/airflow/example_dags/example_branch_python_dop_operator_3.py
[2024-10-25T07:20:17.854+0000] {processor.py:914} INFO - Processing file /home/airflow/.local/lib/python3.12/site-packages/airflow/example_dags/example_branch_python_dop_operator_3.py for tasks to queue
[2024-10-25T07:20:17.860+0000] {logging_mixin.py:190} INFO - [2024-10-25T07:20:17.859+0000] {dagbag.py:588} INFO - Filling up the DagBag from /home/airflow/.local/lib/python3.12/site-packages/airflow/example_dags/example_branch_python_dop_operator_3.py
[2024-10-25T07:20:17.887+0000] {processor.py:925} INFO - DAG(s) 'example_branch_dop_operator_v3' retrieved from /home/airflow/.local/lib/python3.12/site-packages/airflow/example_dags/example_branch_python_dop_operator_3.py
[2024-10-25T07:20:17.939+0000] {logging_mixin.py:190} INFO - [2024-10-25T07:20:17.939+0000] {dag.py:3239} INFO - Sync 1 DAGs
[2024-10-25T07:20:17.993+0000] {logging_mixin.py:190} INFO - [2024-10-25T07:20:17.992+0000] {dag.py:4180} INFO - Setting next_dagrun for example_branch_dop_operator_v3 to 2024-10-25 07:19:00+00:00, run_after=2024-10-25 07:20:00+00:00
[2024-10-25T07:20:18.030+0000] {processor.py:208} INFO - Processing /home/airflow/.local/lib/python3.12/site-packages/airflow/example_dags/example_branch_python_dop_operator_3.py took 0.195 seconds
[2024-10-25T07:20:48.708+0000] {processor.py:186} INFO - Started process (PID=895) to work on /home/airflow/.local/lib/python3.12/site-packages/airflow/example_dags/example_branch_python_dop_operator_3.py
[2024-10-25T07:20:48.709+0000] {processor.py:914} INFO - Processing file /home/airflow/.local/lib/python3.12/site-packages/airflow/example_dags/example_branch_python_dop_operator_3.py for tasks to queue
[2024-10-25T07:20:48.712+0000] {logging_mixin.py:190} INFO - [2024-10-25T07:20:48.711+0000] {dagbag.py:588} INFO - Filling up the DagBag from /home/airflow/.local/lib/python3.12/site-packages/airflow/example_dags/example_branch_python_dop_operator_3.py
[2024-10-25T07:20:48.722+0000] {processor.py:925} INFO - DAG(s) 'example_branch_dop_operator_v3' retrieved from /home/airflow/.local/lib/python3.12/site-packages/airflow/example_dags/example_branch_python_dop_operator_3.py
[2024-10-25T07:20:48.740+0000] {logging_mixin.py:190} INFO - [2024-10-25T07:20:48.739+0000] {dag.py:3239} INFO - Sync 1 DAGs
[2024-10-25T07:20:48.760+0000] {logging_mixin.py:190} INFO - [2024-10-25T07:20:48.759+0000] {dag.py:4180} INFO - Setting next_dagrun for example_branch_dop_operator_v3 to 2024-10-25 07:19:00+00:00, run_after=2024-10-25 07:20:00+00:00
[2024-10-25T07:20:48.776+0000] {processor.py:208} INFO - Processing /home/airflow/.local/lib/python3.12/site-packages/airflow/example_dags/example_branch_python_dop_operator_3.py took 0.073 seconds
[2024-10-25T07:21:19.014+0000] {processor.py:186} INFO - Started process (PID=964) to work on /home/airflow/.local/lib/python3.12/site-packages/airflow/example_dags/example_branch_python_dop_operator_3.py
[2024-10-25T07:21:19.016+0000] {processor.py:914} INFO - Processing file /home/airflow/.local/lib/python3.12/site-packages/airflow/example_dags/example_branch_python_dop_operator_3.py for tasks to queue
[2024-10-25T07:21:19.019+0000] {logging_mixin.py:190} INFO - [2024-10-25T07:21:19.019+0000] {dagbag.py:588} INFO - Filling up the DagBag from /home/airflow/.local/lib/python3.12/site-packages/airflow/example_dags/example_branch_python_dop_operator_3.py
[2024-10-25T07:21:19.029+0000] {processor.py:925} INFO - DAG(s) 'example_branch_dop_operator_v3' retrieved from /home/airflow/.local/lib/python3.12/site-packages/airflow/example_dags/example_branch_python_dop_operator_3.py
[2024-10-25T07:21:19.051+0000] {logging_mixin.py:190} INFO - [2024-10-25T07:21:19.051+0000] {dag.py:3239} INFO - Sync 1 DAGs
[2024-10-25T07:21:19.074+0000] {logging_mixin.py:190} INFO - [2024-10-25T07:21:19.074+0000] {dag.py:4180} INFO - Setting next_dagrun for example_branch_dop_operator_v3 to 2024-10-25 07:20:00+00:00, run_after=2024-10-25 07:21:00+00:00
[2024-10-25T07:21:19.096+0000] {processor.py:208} INFO - Processing /home/airflow/.local/lib/python3.12/site-packages/airflow/example_dags/example_branch_python_dop_operator_3.py took 0.087 seconds
[2024-10-25T07:21:49.318+0000] {processor.py:186} INFO - Started process (PID=1033) to work on /home/airflow/.local/lib/python3.12/site-packages/airflow/example_dags/example_branch_python_dop_operator_3.py
[2024-10-25T07:21:49.320+0000] {processor.py:914} INFO - Processing file /home/airflow/.local/lib/python3.12/site-packages/airflow/example_dags/example_branch_python_dop_operator_3.py for tasks to queue
[2024-10-25T07:21:49.323+0000] {logging_mixin.py:190} INFO - [2024-10-25T07:21:49.323+0000] {dagbag.py:588} INFO - Filling up the DagBag from /home/airflow/.local/lib/python3.12/site-packages/airflow/example_dags/example_branch_python_dop_operator_3.py
[2024-10-25T07:21:49.333+0000] {processor.py:925} INFO - DAG(s) 'example_branch_dop_operator_v3' retrieved from /home/airflow/.local/lib/python3.12/site-packages/airflow/example_dags/example_branch_python_dop_operator_3.py
[2024-10-25T07:21:49.357+0000] {logging_mixin.py:190} INFO - [2024-10-25T07:21:49.357+0000] {dag.py:3239} INFO - Sync 1 DAGs
[2024-10-25T07:21:49.379+0000] {logging_mixin.py:190} INFO - [2024-10-25T07:21:49.378+0000] {dag.py:4180} INFO - Setting next_dagrun for example_branch_dop_operator_v3 to 2024-10-25 07:20:00+00:00, run_after=2024-10-25 07:21:00+00:00
[2024-10-25T07:21:49.401+0000] {processor.py:208} INFO - Processing /home/airflow/.local/lib/python3.12/site-packages/airflow/example_dags/example_branch_python_dop_operator_3.py took 0.089 seconds
[2024-10-25T07:22:19.983+0000] {processor.py:186} INFO - Started process (PID=1102) to work on /home/airflow/.local/lib/python3.12/site-packages/airflow/example_dags/example_branch_python_dop_operator_3.py
[2024-10-25T07:22:19.984+0000] {processor.py:914} INFO - Processing file /home/airflow/.local/lib/python3.12/site-packages/airflow/example_dags/example_branch_python_dop_operator_3.py for tasks to queue
[2024-10-25T07:22:19.988+0000] {logging_mixin.py:190} INFO - [2024-10-25T07:22:19.988+0000] {dagbag.py:588} INFO - Filling up the DagBag from /home/airflow/.local/lib/python3.12/site-packages/airflow/example_dags/example_branch_python_dop_operator_3.py
[2024-10-25T07:22:20.003+0000] {processor.py:925} INFO - DAG(s) 'example_branch_dop_operator_v3' retrieved from /home/airflow/.local/lib/python3.12/site-packages/airflow/example_dags/example_branch_python_dop_operator_3.py
[2024-10-25T07:22:20.024+0000] {logging_mixin.py:190} INFO - [2024-10-25T07:22:20.024+0000] {dag.py:3239} INFO - Sync 1 DAGs
[2024-10-25T07:22:20.046+0000] {logging_mixin.py:190} INFO - [2024-10-25T07:22:20.045+0000] {dag.py:4180} INFO - Setting next_dagrun for example_branch_dop_operator_v3 to 2024-10-25 07:21:00+00:00, run_after=2024-10-25 07:22:00+00:00
[2024-10-25T07:22:20.070+0000] {processor.py:208} INFO - Processing /home/airflow/.local/lib/python3.12/site-packages/airflow/example_dags/example_branch_python_dop_operator_3.py took 0.094 seconds
[2024-10-25T07:22:50.483+0000] {processor.py:186} INFO - Started process (PID=1171) to work on /home/airflow/.local/lib/python3.12/site-packages/airflow/example_dags/example_branch_python_dop_operator_3.py
[2024-10-25T07:22:50.485+0000] {processor.py:914} INFO - Processing file /home/airflow/.local/lib/python3.12/site-packages/airflow/example_dags/example_branch_python_dop_operator_3.py for tasks to queue
[2024-10-25T07:22:50.490+0000] {logging_mixin.py:190} INFO - [2024-10-25T07:22:50.490+0000] {dagbag.py:588} INFO - Filling up the DagBag from /home/airflow/.local/lib/python3.12/site-packages/airflow/example_dags/example_branch_python_dop_operator_3.py
[2024-10-25T07:22:50.504+0000] {processor.py:925} INFO - DAG(s) 'example_branch_dop_operator_v3' retrieved from /home/airflow/.local/lib/python3.12/site-packages/airflow/example_dags/example_branch_python_dop_operator_3.py
[2024-10-25T07:22:50.527+0000] {logging_mixin.py:190} INFO - [2024-10-25T07:22:50.526+0000] {dag.py:3239} INFO - Sync 1 DAGs
[2024-10-25T07:22:50.551+0000] {logging_mixin.py:190} INFO - [2024-10-25T07:22:50.551+0000] {dag.py:4180} INFO - Setting next_dagrun for example_branch_dop_operator_v3 to 2024-10-25 07:21:00+00:00, run_after=2024-10-25 07:22:00+00:00
[2024-10-25T07:22:50.574+0000] {processor.py:208} INFO - Processing /home/airflow/.local/lib/python3.12/site-packages/airflow/example_dags/example_branch_python_dop_operator_3.py took 0.096 seconds
[2024-10-25T07:23:20.894+0000] {processor.py:186} INFO - Started process (PID=1240) to work on /home/airflow/.local/lib/python3.12/site-packages/airflow/example_dags/example_branch_python_dop_operator_3.py
[2024-10-25T07:23:20.896+0000] {processor.py:914} INFO - Processing file /home/airflow/.local/lib/python3.12/site-packages/airflow/example_dags/example_branch_python_dop_operator_3.py for tasks to queue
[2024-10-25T07:23:20.902+0000] {logging_mixin.py:190} INFO - [2024-10-25T07:23:20.901+0000] {dagbag.py:588} INFO - Filling up the DagBag from /home/airflow/.local/lib/python3.12/site-packages/airflow/example_dags/example_branch_python_dop_operator_3.py
[2024-10-25T07:23:20.914+0000] {processor.py:925} INFO - DAG(s) 'example_branch_dop_operator_v3' retrieved from /home/airflow/.local/lib/python3.12/site-packages/airflow/example_dags/example_branch_python_dop_operator_3.py
[2024-10-25T07:23:20.937+0000] {logging_mixin.py:190} INFO - [2024-10-25T07:23:20.936+0000] {dag.py:3239} INFO - Sync 1 DAGs
[2024-10-25T07:23:20.967+0000] {logging_mixin.py:190} INFO - [2024-10-25T07:23:20.967+0000] {dag.py:4180} INFO - Setting next_dagrun for example_branch_dop_operator_v3 to 2024-10-25 07:22:00+00:00, run_after=2024-10-25 07:23:00+00:00
[2024-10-25T07:23:20.992+0000] {processor.py:208} INFO - Processing /home/airflow/.local/lib/python3.12/site-packages/airflow/example_dags/example_branch_python_dop_operator_3.py took 0.107 seconds
[2024-10-25T07:23:51.531+0000] {processor.py:186} INFO - Started process (PID=1309) to work on /home/airflow/.local/lib/python3.12/site-packages/airflow/example_dags/example_branch_python_dop_operator_3.py
[2024-10-25T07:23:51.533+0000] {processor.py:914} INFO - Processing file /home/airflow/.local/lib/python3.12/site-packages/airflow/example_dags/example_branch_python_dop_operator_3.py for tasks to queue
[2024-10-25T07:23:51.535+0000] {logging_mixin.py:190} INFO - [2024-10-25T07:23:51.535+0000] {dagbag.py:588} INFO - Filling up the DagBag from /home/airflow/.local/lib/python3.12/site-packages/airflow/example_dags/example_branch_python_dop_operator_3.py
[2024-10-25T07:23:51.543+0000] {processor.py:925} INFO - DAG(s) 'example_branch_dop_operator_v3' retrieved from /home/airflow/.local/lib/python3.12/site-packages/airflow/example_dags/example_branch_python_dop_operator_3.py
[2024-10-25T07:23:51.564+0000] {logging_mixin.py:190} INFO - [2024-10-25T07:23:51.564+0000] {dag.py:3239} INFO - Sync 1 DAGs
[2024-10-25T07:23:51.586+0000] {logging_mixin.py:190} INFO - [2024-10-25T07:23:51.586+0000] {dag.py:4180} INFO - Setting next_dagrun for example_branch_dop_operator_v3 to 2024-10-25 07:22:00+00:00, run_after=2024-10-25 07:23:00+00:00
[2024-10-25T07:23:51.608+0000] {processor.py:208} INFO - Processing /home/airflow/.local/lib/python3.12/site-packages/airflow/example_dags/example_branch_python_dop_operator_3.py took 0.081 seconds
[2024-10-25T07:24:22.007+0000] {processor.py:186} INFO - Started process (PID=1378) to work on /home/airflow/.local/lib/python3.12/site-packages/airflow/example_dags/example_branch_python_dop_operator_3.py
[2024-10-25T07:24:22.009+0000] {processor.py:914} INFO - Processing file /home/airflow/.local/lib/python3.12/site-packages/airflow/example_dags/example_branch_python_dop_operator_3.py for tasks to queue
[2024-10-25T07:24:22.012+0000] {logging_mixin.py:190} INFO - [2024-10-25T07:24:22.011+0000] {dagbag.py:588} INFO - Filling up the DagBag from /home/airflow/.local/lib/python3.12/site-packages/airflow/example_dags/example_branch_python_dop_operator_3.py
[2024-10-25T07:24:22.022+0000] {processor.py:925} INFO - DAG(s) 'example_branch_dop_operator_v3' retrieved from /home/airflow/.local/lib/python3.12/site-packages/airflow/example_dags/example_branch_python_dop_operator_3.py
[2024-10-25T07:24:22.045+0000] {logging_mixin.py:190} INFO - [2024-10-25T07:24:22.045+0000] {dag.py:3239} INFO - Sync 1 DAGs
[2024-10-25T07:24:22.083+0000] {logging_mixin.py:190} INFO - [2024-10-25T07:24:22.083+0000] {dag.py:4180} INFO - Setting next_dagrun for example_branch_dop_operator_v3 to 2024-10-25 07:23:00+00:00, run_after=2024-10-25 07:24:00+00:00
[2024-10-25T07:24:22.137+0000] {processor.py:208} INFO - Processing /home/airflow/.local/lib/python3.12/site-packages/airflow/example_dags/example_branch_python_dop_operator_3.py took 0.135 seconds
[2024-10-25T07:24:52.353+0000] {processor.py:186} INFO - Started process (PID=1447) to work on /home/airflow/.local/lib/python3.12/site-packages/airflow/example_dags/example_branch_python_dop_operator_3.py
[2024-10-25T07:24:52.354+0000] {processor.py:914} INFO - Processing file /home/airflow/.local/lib/python3.12/site-packages/airflow/example_dags/example_branch_python_dop_operator_3.py for tasks to queue
[2024-10-25T07:24:52.357+0000] {logging_mixin.py:190} INFO - [2024-10-25T07:24:52.357+0000] {dagbag.py:588} INFO - Filling up the DagBag from /home/airflow/.local/lib/python3.12/site-packages/airflow/example_dags/example_branch_python_dop_operator_3.py
[2024-10-25T07:24:52.366+0000] {processor.py:925} INFO - DAG(s) 'example_branch_dop_operator_v3' retrieved from /home/airflow/.local/lib/python3.12/site-packages/airflow/example_dags/example_branch_python_dop_operator_3.py
[2024-10-25T07:24:52.387+0000] {logging_mixin.py:190} INFO - [2024-10-25T07:24:52.387+0000] {dag.py:3239} INFO - Sync 1 DAGs
[2024-10-25T07:24:52.406+0000] {logging_mixin.py:190} INFO - [2024-10-25T07:24:52.406+0000] {dag.py:4180} INFO - Setting next_dagrun for example_branch_dop_operator_v3 to 2024-10-25 07:23:00+00:00, run_after=2024-10-25 07:24:00+00:00
[2024-10-25T07:24:52.465+0000] {processor.py:208} INFO - Processing /home/airflow/.local/lib/python3.12/site-packages/airflow/example_dags/example_branch_python_dop_operator_3.py took 0.117 seconds
[2024-10-25T07:25:22.912+0000] {processor.py:186} INFO - Started process (PID=1516) to work on /home/airflow/.local/lib/python3.12/site-packages/airflow/example_dags/example_branch_python_dop_operator_3.py
[2024-10-25T07:25:22.914+0000] {processor.py:914} INFO - Processing file /home/airflow/.local/lib/python3.12/site-packages/airflow/example_dags/example_branch_python_dop_operator_3.py for tasks to queue
[2024-10-25T07:25:22.916+0000] {logging_mixin.py:190} INFO - [2024-10-25T07:25:22.916+0000] {dagbag.py:588} INFO - Filling up the DagBag from /home/airflow/.local/lib/python3.12/site-packages/airflow/example_dags/example_branch_python_dop_operator_3.py
[2024-10-25T07:25:22.924+0000] {processor.py:925} INFO - DAG(s) 'example_branch_dop_operator_v3' retrieved from /home/airflow/.local/lib/python3.12/site-packages/airflow/example_dags/example_branch_python_dop_operator_3.py
[2024-10-25T07:25:22.943+0000] {logging_mixin.py:190} INFO - [2024-10-25T07:25:22.942+0000] {dag.py:3239} INFO - Sync 1 DAGs
[2024-10-25T07:25:22.963+0000] {logging_mixin.py:190} INFO - [2024-10-25T07:25:22.963+0000] {dag.py:4180} INFO - Setting next_dagrun for example_branch_dop_operator_v3 to 2024-10-25 07:24:00+00:00, run_after=2024-10-25 07:25:00+00:00
[2024-10-25T07:25:23.002+0000] {processor.py:208} INFO - Processing /home/airflow/.local/lib/python3.12/site-packages/airflow/example_dags/example_branch_python_dop_operator_3.py took 0.094 seconds
[2024-10-25T07:25:53.716+0000] {processor.py:186} INFO - Started process (PID=1585) to work on /home/airflow/.local/lib/python3.12/site-packages/airflow/example_dags/example_branch_python_dop_operator_3.py
[2024-10-25T07:25:53.717+0000] {processor.py:914} INFO - Processing file /home/airflow/.local/lib/python3.12/site-packages/airflow/example_dags/example_branch_python_dop_operator_3.py for tasks to queue
[2024-10-25T07:25:53.725+0000] {logging_mixin.py:190} INFO - [2024-10-25T07:25:53.723+0000] {dagbag.py:588} INFO - Filling up the DagBag from /home/airflow/.local/lib/python3.12/site-packages/airflow/example_dags/example_branch_python_dop_operator_3.py
[2024-10-25T07:25:53.753+0000] {processor.py:925} INFO - DAG(s) 'example_branch_dop_operator_v3' retrieved from /home/airflow/.local/lib/python3.12/site-packages/airflow/example_dags/example_branch_python_dop_operator_3.py
[2024-10-25T07:25:53.821+0000] {logging_mixin.py:190} INFO - [2024-10-25T07:25:53.820+0000] {dag.py:3239} INFO - Sync 1 DAGs
[2024-10-25T07:25:53.925+0000] {logging_mixin.py:190} INFO - [2024-10-25T07:25:53.924+0000] {dag.py:4180} INFO - Setting next_dagrun for example_branch_dop_operator_v3 to 2024-10-25 07:24:00+00:00, run_after=2024-10-25 07:25:00+00:00
[2024-10-25T07:25:53.997+0000] {processor.py:208} INFO - Processing /home/airflow/.local/lib/python3.12/site-packages/airflow/example_dags/example_branch_python_dop_operator_3.py took 0.290 seconds
[2024-10-25T07:26:24.155+0000] {processor.py:186} INFO - Started process (PID=1654) to work on /home/airflow/.local/lib/python3.12/site-packages/airflow/example_dags/example_branch_python_dop_operator_3.py
[2024-10-25T07:26:24.156+0000] {processor.py:914} INFO - Processing file /home/airflow/.local/lib/python3.12/site-packages/airflow/example_dags/example_branch_python_dop_operator_3.py for tasks to queue
[2024-10-25T07:26:24.158+0000] {logging_mixin.py:190} INFO - [2024-10-25T07:26:24.158+0000] {dagbag.py:588} INFO - Filling up the DagBag from /home/airflow/.local/lib/python3.12/site-packages/airflow/example_dags/example_branch_python_dop_operator_3.py
[2024-10-25T07:26:24.169+0000] {processor.py:925} INFO - DAG(s) 'example_branch_dop_operator_v3' retrieved from /home/airflow/.local/lib/python3.12/site-packages/airflow/example_dags/example_branch_python_dop_operator_3.py
[2024-10-25T07:26:24.189+0000] {logging_mixin.py:190} INFO - [2024-10-25T07:26:24.189+0000] {dag.py:3239} INFO - Sync 1 DAGs
[2024-10-25T07:26:24.212+0000] {logging_mixin.py:190} INFO - [2024-10-25T07:26:24.212+0000] {dag.py:4180} INFO - Setting next_dagrun for example_branch_dop_operator_v3 to 2024-10-25 07:25:00+00:00, run_after=2024-10-25 07:26:00+00:00
[2024-10-25T07:26:24.247+0000] {processor.py:208} INFO - Processing /home/airflow/.local/lib/python3.12/site-packages/airflow/example_dags/example_branch_python_dop_operator_3.py took 0.098 seconds
[2024-10-25T07:26:54.604+0000] {processor.py:186} INFO - Started process (PID=1724) to work on /home/airflow/.local/lib/python3.12/site-packages/airflow/example_dags/example_branch_python_dop_operator_3.py
[2024-10-25T07:26:54.606+0000] {processor.py:914} INFO - Processing file /home/airflow/.local/lib/python3.12/site-packages/airflow/example_dags/example_branch_python_dop_operator_3.py for tasks to queue
[2024-10-25T07:26:54.609+0000] {logging_mixin.py:190} INFO - [2024-10-25T07:26:54.608+0000] {dagbag.py:588} INFO - Filling up the DagBag from /home/airflow/.local/lib/python3.12/site-packages/airflow/example_dags/example_branch_python_dop_operator_3.py
[2024-10-25T07:26:54.619+0000] {processor.py:925} INFO - DAG(s) 'example_branch_dop_operator_v3' retrieved from /home/airflow/.local/lib/python3.12/site-packages/airflow/example_dags/example_branch_python_dop_operator_3.py
[2024-10-25T07:26:54.646+0000] {logging_mixin.py:190} INFO - [2024-10-25T07:26:54.645+0000] {dag.py:3239} INFO - Sync 1 DAGs
[2024-10-25T07:26:54.678+0000] {logging_mixin.py:190} INFO - [2024-10-25T07:26:54.678+0000] {dag.py:4180} INFO - Setting next_dagrun for example_branch_dop_operator_v3 to 2024-10-25 07:25:00+00:00, run_after=2024-10-25 07:26:00+00:00
[2024-10-25T07:26:54.705+0000] {processor.py:208} INFO - Processing /home/airflow/.local/lib/python3.12/site-packages/airflow/example_dags/example_branch_python_dop_operator_3.py took 0.106 seconds
[2024-10-25T07:27:24.913+0000] {processor.py:186} INFO - Started process (PID=1793) to work on /home/airflow/.local/lib/python3.12/site-packages/airflow/example_dags/example_branch_python_dop_operator_3.py
[2024-10-25T07:27:24.915+0000] {processor.py:914} INFO - Processing file /home/airflow/.local/lib/python3.12/site-packages/airflow/example_dags/example_branch_python_dop_operator_3.py for tasks to queue
[2024-10-25T07:27:24.919+0000] {logging_mixin.py:190} INFO - [2024-10-25T07:27:24.918+0000] {dagbag.py:588} INFO - Filling up the DagBag from /home/airflow/.local/lib/python3.12/site-packages/airflow/example_dags/example_branch_python_dop_operator_3.py
[2024-10-25T07:27:24.930+0000] {processor.py:925} INFO - DAG(s) 'example_branch_dop_operator_v3' retrieved from /home/airflow/.local/lib/python3.12/site-packages/airflow/example_dags/example_branch_python_dop_operator_3.py
[2024-10-25T07:27:24.957+0000] {logging_mixin.py:190} INFO - [2024-10-25T07:27:24.956+0000] {dag.py:3239} INFO - Sync 1 DAGs
[2024-10-25T07:27:24.983+0000] {logging_mixin.py:190} INFO - [2024-10-25T07:27:24.983+0000] {dag.py:4180} INFO - Setting next_dagrun for example_branch_dop_operator_v3 to 2024-10-25 07:26:00+00:00, run_after=2024-10-25 07:27:00+00:00
[2024-10-25T07:27:25.009+0000] {processor.py:208} INFO - Processing /home/airflow/.local/lib/python3.12/site-packages/airflow/example_dags/example_branch_python_dop_operator_3.py took 0.101 seconds
[2024-10-25T07:27:55.447+0000] {processor.py:186} INFO - Started process (PID=1862) to work on /home/airflow/.local/lib/python3.12/site-packages/airflow/example_dags/example_branch_python_dop_operator_3.py
[2024-10-25T07:27:55.448+0000] {processor.py:914} INFO - Processing file /home/airflow/.local/lib/python3.12/site-packages/airflow/example_dags/example_branch_python_dop_operator_3.py for tasks to queue
[2024-10-25T07:27:55.451+0000] {logging_mixin.py:190} INFO - [2024-10-25T07:27:55.450+0000] {dagbag.py:588} INFO - Filling up the DagBag from /home/airflow/.local/lib/python3.12/site-packages/airflow/example_dags/example_branch_python_dop_operator_3.py
[2024-10-25T07:27:55.458+0000] {processor.py:925} INFO - DAG(s) 'example_branch_dop_operator_v3' retrieved from /home/airflow/.local/lib/python3.12/site-packages/airflow/example_dags/example_branch_python_dop_operator_3.py
[2024-10-25T07:27:55.478+0000] {logging_mixin.py:190} INFO - [2024-10-25T07:27:55.478+0000] {dag.py:3239} INFO - Sync 1 DAGs
[2024-10-25T07:27:55.502+0000] {logging_mixin.py:190} INFO - [2024-10-25T07:27:55.502+0000] {dag.py:4180} INFO - Setting next_dagrun for example_branch_dop_operator_v3 to 2024-10-25 07:26:00+00:00, run_after=2024-10-25 07:27:00+00:00
[2024-10-25T07:27:55.574+0000] {processor.py:208} INFO - Processing /home/airflow/.local/lib/python3.12/site-packages/airflow/example_dags/example_branch_python_dop_operator_3.py took 0.131 seconds
[2024-10-25T07:28:25.963+0000] {processor.py:186} INFO - Started process (PID=1931) to work on /home/airflow/.local/lib/python3.12/site-packages/airflow/example_dags/example_branch_python_dop_operator_3.py
[2024-10-25T07:28:25.965+0000] {processor.py:914} INFO - Processing file /home/airflow/.local/lib/python3.12/site-packages/airflow/example_dags/example_branch_python_dop_operator_3.py for tasks to queue
[2024-10-25T07:28:25.967+0000] {logging_mixin.py:190} INFO - [2024-10-25T07:28:25.967+0000] {dagbag.py:588} INFO - Filling up the DagBag from /home/airflow/.local/lib/python3.12/site-packages/airflow/example_dags/example_branch_python_dop_operator_3.py
[2024-10-25T07:28:25.979+0000] {processor.py:925} INFO - DAG(s) 'example_branch_dop_operator_v3' retrieved from /home/airflow/.local/lib/python3.12/site-packages/airflow/example_dags/example_branch_python_dop_operator_3.py
[2024-10-25T07:28:26.003+0000] {logging_mixin.py:190} INFO - [2024-10-25T07:28:26.002+0000] {dag.py:3239} INFO - Sync 1 DAGs
[2024-10-25T07:28:26.028+0000] {logging_mixin.py:190} INFO - [2024-10-25T07:28:26.028+0000] {dag.py:4180} INFO - Setting next_dagrun for example_branch_dop_operator_v3 to 2024-10-25 07:27:00+00:00, run_after=2024-10-25 07:28:00+00:00
[2024-10-25T07:28:26.052+0000] {processor.py:208} INFO - Processing /home/airflow/.local/lib/python3.12/site-packages/airflow/example_dags/example_branch_python_dop_operator_3.py took 0.096 seconds
[2024-10-25T07:28:56.681+0000] {processor.py:186} INFO - Started process (PID=2006) to work on /home/airflow/.local/lib/python3.12/site-packages/airflow/example_dags/example_branch_python_dop_operator_3.py
[2024-10-25T07:28:56.683+0000] {processor.py:914} INFO - Processing file /home/airflow/.local/lib/python3.12/site-packages/airflow/example_dags/example_branch_python_dop_operator_3.py for tasks to queue
[2024-10-25T07:28:56.686+0000] {logging_mixin.py:190} INFO - [2024-10-25T07:28:56.686+0000] {dagbag.py:588} INFO - Filling up the DagBag from /home/airflow/.local/lib/python3.12/site-packages/airflow/example_dags/example_branch_python_dop_operator_3.py
[2024-10-25T07:28:56.696+0000] {processor.py:925} INFO - DAG(s) 'example_branch_dop_operator_v3' retrieved from /home/airflow/.local/lib/python3.12/site-packages/airflow/example_dags/example_branch_python_dop_operator_3.py
[2024-10-25T07:28:56.715+0000] {logging_mixin.py:190} INFO - [2024-10-25T07:28:56.715+0000] {dag.py:3239} INFO - Sync 1 DAGs
[2024-10-25T07:28:56.740+0000] {logging_mixin.py:190} INFO - [2024-10-25T07:28:56.740+0000] {dag.py:4180} INFO - Setting next_dagrun for example_branch_dop_operator_v3 to 2024-10-25 07:27:00+00:00, run_after=2024-10-25 07:28:00+00:00
[2024-10-25T07:28:56.760+0000] {processor.py:208} INFO - Processing /home/airflow/.local/lib/python3.12/site-packages/airflow/example_dags/example_branch_python_dop_operator_3.py took 0.084 seconds
[2024-10-25T07:29:26.949+0000] {processor.py:186} INFO - Started process (PID=2075) to work on /home/airflow/.local/lib/python3.12/site-packages/airflow/example_dags/example_branch_python_dop_operator_3.py
[2024-10-25T07:29:26.950+0000] {processor.py:914} INFO - Processing file /home/airflow/.local/lib/python3.12/site-packages/airflow/example_dags/example_branch_python_dop_operator_3.py for tasks to queue
[2024-10-25T07:29:26.953+0000] {logging_mixin.py:190} INFO - [2024-10-25T07:29:26.953+0000] {dagbag.py:588} INFO - Filling up the DagBag from /home/airflow/.local/lib/python3.12/site-packages/airflow/example_dags/example_branch_python_dop_operator_3.py
[2024-10-25T07:29:26.963+0000] {processor.py:925} INFO - DAG(s) 'example_branch_dop_operator_v3' retrieved from /home/airflow/.local/lib/python3.12/site-packages/airflow/example_dags/example_branch_python_dop_operator_3.py
[2024-10-25T07:29:26.984+0000] {logging_mixin.py:190} INFO - [2024-10-25T07:29:26.984+0000] {dag.py:3239} INFO - Sync 1 DAGs
[2024-10-25T07:29:27.009+0000] {logging_mixin.py:190} INFO - [2024-10-25T07:29:27.009+0000] {dag.py:4180} INFO - Setting next_dagrun for example_branch_dop_operator_v3 to 2024-10-25 07:28:00+00:00, run_after=2024-10-25 07:29:00+00:00
[2024-10-25T07:29:27.031+0000] {processor.py:208} INFO - Processing /home/airflow/.local/lib/python3.12/site-packages/airflow/example_dags/example_branch_python_dop_operator_3.py took 0.087 seconds
[2024-10-25T07:29:57.413+0000] {processor.py:186} INFO - Started process (PID=2143) to work on /home/airflow/.local/lib/python3.12/site-packages/airflow/example_dags/example_branch_python_dop_operator_3.py
[2024-10-25T07:29:57.415+0000] {processor.py:914} INFO - Processing file /home/airflow/.local/lib/python3.12/site-packages/airflow/example_dags/example_branch_python_dop_operator_3.py for tasks to queue
[2024-10-25T07:29:57.418+0000] {logging_mixin.py:190} INFO - [2024-10-25T07:29:57.418+0000] {dagbag.py:588} INFO - Filling up the DagBag from /home/airflow/.local/lib/python3.12/site-packages/airflow/example_dags/example_branch_python_dop_operator_3.py
[2024-10-25T07:29:57.428+0000] {processor.py:925} INFO - DAG(s) 'example_branch_dop_operator_v3' retrieved from /home/airflow/.local/lib/python3.12/site-packages/airflow/example_dags/example_branch_python_dop_operator_3.py
[2024-10-25T07:29:57.447+0000] {logging_mixin.py:190} INFO - [2024-10-25T07:29:57.446+0000] {dag.py:3239} INFO - Sync 1 DAGs
[2024-10-25T07:29:57.466+0000] {logging_mixin.py:190} INFO - [2024-10-25T07:29:57.466+0000] {dag.py:4180} INFO - Setting next_dagrun for example_branch_dop_operator_v3 to 2024-10-25 07:28:00+00:00, run_after=2024-10-25 07:29:00+00:00
[2024-10-25T07:29:57.493+0000] {processor.py:208} INFO - Processing /home/airflow/.local/lib/python3.12/site-packages/airflow/example_dags/example_branch_python_dop_operator_3.py took 0.084 seconds
[2024-10-25T07:30:28.387+0000] {processor.py:186} INFO - Started process (PID=2211) to work on /home/airflow/.local/lib/python3.12/site-packages/airflow/example_dags/example_branch_python_dop_operator_3.py
[2024-10-25T07:30:28.389+0000] {processor.py:914} INFO - Processing file /home/airflow/.local/lib/python3.12/site-packages/airflow/example_dags/example_branch_python_dop_operator_3.py for tasks to queue
[2024-10-25T07:30:28.392+0000] {logging_mixin.py:190} INFO - [2024-10-25T07:30:28.392+0000] {dagbag.py:588} INFO - Filling up the DagBag from /home/airflow/.local/lib/python3.12/site-packages/airflow/example_dags/example_branch_python_dop_operator_3.py
[2024-10-25T07:30:28.405+0000] {processor.py:925} INFO - DAG(s) 'example_branch_dop_operator_v3' retrieved from /home/airflow/.local/lib/python3.12/site-packages/airflow/example_dags/example_branch_python_dop_operator_3.py
[2024-10-25T07:30:28.427+0000] {logging_mixin.py:190} INFO - [2024-10-25T07:30:28.427+0000] {dag.py:3239} INFO - Sync 1 DAGs
[2024-10-25T07:30:28.450+0000] {logging_mixin.py:190} INFO - [2024-10-25T07:30:28.450+0000] {dag.py:4180} INFO - Setting next_dagrun for example_branch_dop_operator_v3 to 2024-10-25 07:29:00+00:00, run_after=2024-10-25 07:30:00+00:00
[2024-10-25T07:30:28.471+0000] {processor.py:208} INFO - Processing /home/airflow/.local/lib/python3.12/site-packages/airflow/example_dags/example_branch_python_dop_operator_3.py took 0.091 seconds
[2024-10-25T07:30:59.106+0000] {processor.py:186} INFO - Started process (PID=2280) to work on /home/airflow/.local/lib/python3.12/site-packages/airflow/example_dags/example_branch_python_dop_operator_3.py
[2024-10-25T07:30:59.108+0000] {processor.py:914} INFO - Processing file /home/airflow/.local/lib/python3.12/site-packages/airflow/example_dags/example_branch_python_dop_operator_3.py for tasks to queue
[2024-10-25T07:30:59.110+0000] {logging_mixin.py:190} INFO - [2024-10-25T07:30:59.110+0000] {dagbag.py:588} INFO - Filling up the DagBag from /home/airflow/.local/lib/python3.12/site-packages/airflow/example_dags/example_branch_python_dop_operator_3.py
[2024-10-25T07:30:59.120+0000] {processor.py:925} INFO - DAG(s) 'example_branch_dop_operator_v3' retrieved from /home/airflow/.local/lib/python3.12/site-packages/airflow/example_dags/example_branch_python_dop_operator_3.py
[2024-10-25T07:30:59.142+0000] {logging_mixin.py:190} INFO - [2024-10-25T07:30:59.141+0000] {dag.py:3239} INFO - Sync 1 DAGs
[2024-10-25T07:30:59.167+0000] {logging_mixin.py:190} INFO - [2024-10-25T07:30:59.166+0000] {dag.py:4180} INFO - Setting next_dagrun for example_branch_dop_operator_v3 to 2024-10-25 07:29:00+00:00, run_after=2024-10-25 07:30:00+00:00
[2024-10-25T07:30:59.190+0000] {processor.py:208} INFO - Processing /home/airflow/.local/lib/python3.12/site-packages/airflow/example_dags/example_branch_python_dop_operator_3.py took 0.088 seconds
[2024-10-25T07:31:29.788+0000] {processor.py:186} INFO - Started process (PID=2349) to work on /home/airflow/.local/lib/python3.12/site-packages/airflow/example_dags/example_branch_python_dop_operator_3.py
[2024-10-25T07:31:29.790+0000] {processor.py:914} INFO - Processing file /home/airflow/.local/lib/python3.12/site-packages/airflow/example_dags/example_branch_python_dop_operator_3.py for tasks to queue
[2024-10-25T07:31:29.793+0000] {logging_mixin.py:190} INFO - [2024-10-25T07:31:29.793+0000] {dagbag.py:588} INFO - Filling up the DagBag from /home/airflow/.local/lib/python3.12/site-packages/airflow/example_dags/example_branch_python_dop_operator_3.py
[2024-10-25T07:31:29.804+0000] {processor.py:925} INFO - DAG(s) 'example_branch_dop_operator_v3' retrieved from /home/airflow/.local/lib/python3.12/site-packages/airflow/example_dags/example_branch_python_dop_operator_3.py
[2024-10-25T07:31:29.827+0000] {logging_mixin.py:190} INFO - [2024-10-25T07:31:29.827+0000] {dag.py:3239} INFO - Sync 1 DAGs
[2024-10-25T07:31:29.850+0000] {logging_mixin.py:190} INFO - [2024-10-25T07:31:29.850+0000] {dag.py:4180} INFO - Setting next_dagrun for example_branch_dop_operator_v3 to 2024-10-25 07:30:00+00:00, run_after=2024-10-25 07:31:00+00:00
[2024-10-25T07:31:29.869+0000] {processor.py:208} INFO - Processing /home/airflow/.local/lib/python3.12/site-packages/airflow/example_dags/example_branch_python_dop_operator_3.py took 0.086 seconds
[2024-10-25T07:32:47.906+0000] {processor.py:186} INFO - Started process (PID=2435) to work on /home/airflow/.local/lib/python3.12/site-packages/airflow/example_dags/example_branch_python_dop_operator_3.py
[2024-10-25T07:32:47.909+0000] {processor.py:914} INFO - Processing file /home/airflow/.local/lib/python3.12/site-packages/airflow/example_dags/example_branch_python_dop_operator_3.py for tasks to queue
[2024-10-25T07:32:47.923+0000] {logging_mixin.py:190} INFO - [2024-10-25T07:32:47.922+0000] {dagbag.py:588} INFO - Filling up the DagBag from /home/airflow/.local/lib/python3.12/site-packages/airflow/example_dags/example_branch_python_dop_operator_3.py
[2024-10-25T07:32:47.962+0000] {processor.py:925} INFO - DAG(s) 'example_branch_dop_operator_v3' retrieved from /home/airflow/.local/lib/python3.12/site-packages/airflow/example_dags/example_branch_python_dop_operator_3.py
[2024-10-25T07:32:48.046+0000] {logging_mixin.py:190} INFO - [2024-10-25T07:32:48.045+0000] {dag.py:3239} INFO - Sync 1 DAGs
[2024-10-25T07:32:48.139+0000] {logging_mixin.py:190} INFO - [2024-10-25T07:32:48.139+0000] {dag.py:4180} INFO - Setting next_dagrun for example_branch_dop_operator_v3 to 2024-10-25 07:31:00+00:00, run_after=2024-10-25 07:32:00+00:00
[2024-10-25T07:32:48.222+0000] {processor.py:208} INFO - Processing /home/airflow/.local/lib/python3.12/site-packages/airflow/example_dags/example_branch_python_dop_operator_3.py took 0.338 seconds
[2024-10-25T07:33:18.607+0000] {processor.py:186} INFO - Started process (PID=2503) to work on /home/airflow/.local/lib/python3.12/site-packages/airflow/example_dags/example_branch_python_dop_operator_3.py
[2024-10-25T07:33:18.609+0000] {processor.py:914} INFO - Processing file /home/airflow/.local/lib/python3.12/site-packages/airflow/example_dags/example_branch_python_dop_operator_3.py for tasks to queue
[2024-10-25T07:33:18.611+0000] {logging_mixin.py:190} INFO - [2024-10-25T07:33:18.610+0000] {dagbag.py:588} INFO - Filling up the DagBag from /home/airflow/.local/lib/python3.12/site-packages/airflow/example_dags/example_branch_python_dop_operator_3.py
[2024-10-25T07:33:18.631+0000] {processor.py:925} INFO - DAG(s) 'example_branch_dop_operator_v3' retrieved from /home/airflow/.local/lib/python3.12/site-packages/airflow/example_dags/example_branch_python_dop_operator_3.py
[2024-10-25T07:33:18.664+0000] {logging_mixin.py:190} INFO - [2024-10-25T07:33:18.664+0000] {dag.py:3239} INFO - Sync 1 DAGs
[2024-10-25T07:33:18.703+0000] {logging_mixin.py:190} INFO - [2024-10-25T07:33:18.702+0000] {dag.py:4180} INFO - Setting next_dagrun for example_branch_dop_operator_v3 to 2024-10-25 07:32:00+00:00, run_after=2024-10-25 07:33:00+00:00
[2024-10-25T07:33:18.736+0000] {processor.py:208} INFO - Processing /home/airflow/.local/lib/python3.12/site-packages/airflow/example_dags/example_branch_python_dop_operator_3.py took 0.139 seconds
[2024-10-25T07:33:48.974+0000] {processor.py:186} INFO - Started process (PID=2572) to work on /home/airflow/.local/lib/python3.12/site-packages/airflow/example_dags/example_branch_python_dop_operator_3.py
[2024-10-25T07:33:48.976+0000] {processor.py:914} INFO - Processing file /home/airflow/.local/lib/python3.12/site-packages/airflow/example_dags/example_branch_python_dop_operator_3.py for tasks to queue
[2024-10-25T07:33:48.978+0000] {logging_mixin.py:190} INFO - [2024-10-25T07:33:48.978+0000] {dagbag.py:588} INFO - Filling up the DagBag from /home/airflow/.local/lib/python3.12/site-packages/airflow/example_dags/example_branch_python_dop_operator_3.py
[2024-10-25T07:33:48.990+0000] {processor.py:925} INFO - DAG(s) 'example_branch_dop_operator_v3' retrieved from /home/airflow/.local/lib/python3.12/site-packages/airflow/example_dags/example_branch_python_dop_operator_3.py
[2024-10-25T07:33:49.017+0000] {logging_mixin.py:190} INFO - [2024-10-25T07:33:49.016+0000] {dag.py:3239} INFO - Sync 1 DAGs
[2024-10-25T07:33:49.198+0000] {logging_mixin.py:190} INFO - [2024-10-25T07:33:49.197+0000] {dag.py:4180} INFO - Setting next_dagrun for example_branch_dop_operator_v3 to 2024-10-25 07:32:00+00:00, run_after=2024-10-25 07:33:00+00:00
[2024-10-25T07:33:49.217+0000] {processor.py:208} INFO - Processing /home/airflow/.local/lib/python3.12/site-packages/airflow/example_dags/example_branch_python_dop_operator_3.py took 0.248 seconds
[2024-10-25T07:34:20.044+0000] {processor.py:186} INFO - Started process (PID=2641) to work on /home/airflow/.local/lib/python3.12/site-packages/airflow/example_dags/example_branch_python_dop_operator_3.py
[2024-10-25T07:34:20.046+0000] {processor.py:914} INFO - Processing file /home/airflow/.local/lib/python3.12/site-packages/airflow/example_dags/example_branch_python_dop_operator_3.py for tasks to queue
[2024-10-25T07:34:20.048+0000] {logging_mixin.py:190} INFO - [2024-10-25T07:34:20.048+0000] {dagbag.py:588} INFO - Filling up the DagBag from /home/airflow/.local/lib/python3.12/site-packages/airflow/example_dags/example_branch_python_dop_operator_3.py
[2024-10-25T07:34:20.060+0000] {processor.py:925} INFO - DAG(s) 'example_branch_dop_operator_v3' retrieved from /home/airflow/.local/lib/python3.12/site-packages/airflow/example_dags/example_branch_python_dop_operator_3.py
[2024-10-25T07:34:20.083+0000] {logging_mixin.py:190} INFO - [2024-10-25T07:34:20.083+0000] {dag.py:3239} INFO - Sync 1 DAGs
[2024-10-25T07:34:20.259+0000] {logging_mixin.py:190} INFO - [2024-10-25T07:34:20.259+0000] {dag.py:4180} INFO - Setting next_dagrun for example_branch_dop_operator_v3 to 2024-10-25 07:33:00+00:00, run_after=2024-10-25 07:34:00+00:00
[2024-10-25T07:34:20.273+0000] {processor.py:208} INFO - Processing /home/airflow/.local/lib/python3.12/site-packages/airflow/example_dags/example_branch_python_dop_operator_3.py took 0.234 seconds
[2024-10-25T07:34:50.391+0000] {processor.py:186} INFO - Started process (PID=2710) to work on /home/airflow/.local/lib/python3.12/site-packages/airflow/example_dags/example_branch_python_dop_operator_3.py
[2024-10-25T07:34:50.392+0000] {processor.py:914} INFO - Processing file /home/airflow/.local/lib/python3.12/site-packages/airflow/example_dags/example_branch_python_dop_operator_3.py for tasks to queue
[2024-10-25T07:34:50.395+0000] {logging_mixin.py:190} INFO - [2024-10-25T07:34:50.395+0000] {dagbag.py:588} INFO - Filling up the DagBag from /home/airflow/.local/lib/python3.12/site-packages/airflow/example_dags/example_branch_python_dop_operator_3.py
[2024-10-25T07:34:50.408+0000] {processor.py:925} INFO - DAG(s) 'example_branch_dop_operator_v3' retrieved from /home/airflow/.local/lib/python3.12/site-packages/airflow/example_dags/example_branch_python_dop_operator_3.py
[2024-10-25T07:34:50.438+0000] {logging_mixin.py:190} INFO - [2024-10-25T07:34:50.437+0000] {dag.py:3239} INFO - Sync 1 DAGs
[2024-10-25T07:34:50.471+0000] {logging_mixin.py:190} INFO - [2024-10-25T07:34:50.471+0000] {dag.py:4180} INFO - Setting next_dagrun for example_branch_dop_operator_v3 to 2024-10-25 07:33:00+00:00, run_after=2024-10-25 07:34:00+00:00
[2024-10-25T07:34:50.505+0000] {processor.py:208} INFO - Processing /home/airflow/.local/lib/python3.12/site-packages/airflow/example_dags/example_branch_python_dop_operator_3.py took 0.119 seconds
[2024-10-25T07:35:20.915+0000] {processor.py:186} INFO - Started process (PID=2779) to work on /home/airflow/.local/lib/python3.12/site-packages/airflow/example_dags/example_branch_python_dop_operator_3.py
[2024-10-25T07:35:20.917+0000] {processor.py:914} INFO - Processing file /home/airflow/.local/lib/python3.12/site-packages/airflow/example_dags/example_branch_python_dop_operator_3.py for tasks to queue
[2024-10-25T07:35:20.919+0000] {logging_mixin.py:190} INFO - [2024-10-25T07:35:20.919+0000] {dagbag.py:588} INFO - Filling up the DagBag from /home/airflow/.local/lib/python3.12/site-packages/airflow/example_dags/example_branch_python_dop_operator_3.py
[2024-10-25T07:35:20.927+0000] {processor.py:925} INFO - DAG(s) 'example_branch_dop_operator_v3' retrieved from /home/airflow/.local/lib/python3.12/site-packages/airflow/example_dags/example_branch_python_dop_operator_3.py
[2024-10-25T07:35:20.950+0000] {logging_mixin.py:190} INFO - [2024-10-25T07:35:20.950+0000] {dag.py:3239} INFO - Sync 1 DAGs
[2024-10-25T07:35:20.975+0000] {logging_mixin.py:190} INFO - [2024-10-25T07:35:20.975+0000] {dag.py:4180} INFO - Setting next_dagrun for example_branch_dop_operator_v3 to 2024-10-25 07:34:00+00:00, run_after=2024-10-25 07:35:00+00:00
[2024-10-25T07:35:20.996+0000] {processor.py:208} INFO - Processing /home/airflow/.local/lib/python3.12/site-packages/airflow/example_dags/example_branch_python_dop_operator_3.py took 0.086 seconds
[2024-10-25T07:37:54.341+0000] {processor.py:186} INFO - Started process (PID=74) to work on /home/airflow/.local/lib/python3.12/site-packages/airflow/example_dags/example_branch_python_dop_operator_3.py
[2024-10-25T07:37:54.342+0000] {processor.py:914} INFO - Processing file /home/airflow/.local/lib/python3.12/site-packages/airflow/example_dags/example_branch_python_dop_operator_3.py for tasks to queue
[2024-10-25T07:37:54.346+0000] {logging_mixin.py:190} INFO - [2024-10-25T07:37:54.345+0000] {dagbag.py:588} INFO - Filling up the DagBag from /home/airflow/.local/lib/python3.12/site-packages/airflow/example_dags/example_branch_python_dop_operator_3.py
[2024-10-25T07:37:54.355+0000] {processor.py:925} INFO - DAG(s) 'example_branch_dop_operator_v3' retrieved from /home/airflow/.local/lib/python3.12/site-packages/airflow/example_dags/example_branch_python_dop_operator_3.py
[2024-10-25T07:37:54.383+0000] {logging_mixin.py:190} INFO - [2024-10-25T07:37:54.383+0000] {dag.py:3239} INFO - Sync 1 DAGs
[2024-10-25T07:37:54.412+0000] {logging_mixin.py:190} INFO - [2024-10-25T07:37:54.412+0000] {dag.py:4180} INFO - Setting next_dagrun for example_branch_dop_operator_v3 to 2024-10-25 07:36:00+00:00, run_after=2024-10-25 07:37:00+00:00
[2024-10-25T07:37:54.438+0000] {processor.py:208} INFO - Processing /home/airflow/.local/lib/python3.12/site-packages/airflow/example_dags/example_branch_python_dop_operator_3.py took 0.101 seconds
[2024-10-25T07:38:25.958+0000] {processor.py:186} INFO - Started process (PID=144) to work on /home/airflow/.local/lib/python3.12/site-packages/airflow/example_dags/example_branch_python_dop_operator_3.py
[2024-10-25T07:38:25.961+0000] {processor.py:914} INFO - Processing file /home/airflow/.local/lib/python3.12/site-packages/airflow/example_dags/example_branch_python_dop_operator_3.py for tasks to queue
[2024-10-25T07:38:25.966+0000] {logging_mixin.py:190} INFO - [2024-10-25T07:38:25.965+0000] {dagbag.py:588} INFO - Filling up the DagBag from /home/airflow/.local/lib/python3.12/site-packages/airflow/example_dags/example_branch_python_dop_operator_3.py
[2024-10-25T07:38:25.989+0000] {processor.py:925} INFO - DAG(s) 'example_branch_dop_operator_v3' retrieved from /home/airflow/.local/lib/python3.12/site-packages/airflow/example_dags/example_branch_python_dop_operator_3.py
[2024-10-25T07:38:26.049+0000] {logging_mixin.py:190} INFO - [2024-10-25T07:38:26.048+0000] {dag.py:3239} INFO - Sync 1 DAGs
[2024-10-25T07:38:26.138+0000] {logging_mixin.py:190} INFO - [2024-10-25T07:38:26.137+0000] {dag.py:4180} INFO - Setting next_dagrun for example_branch_dop_operator_v3 to 2024-10-25 07:37:00+00:00, run_after=2024-10-25 07:38:00+00:00
[2024-10-25T07:38:26.188+0000] {processor.py:208} INFO - Processing /home/airflow/.local/lib/python3.12/site-packages/airflow/example_dags/example_branch_python_dop_operator_3.py took 0.241 seconds
