[2024-10-25T07:14:54.106+0000] {processor.py:186} INFO - Started process (PID=134) to work on /home/airflow/.local/lib/python3.12/site-packages/airflow/example_dags/example_subdag_operator.py
[2024-10-25T07:14:54.111+0000] {processor.py:914} INFO - Processing file /home/airflow/.local/lib/python3.12/site-packages/airflow/example_dags/example_subdag_operator.py for tasks to queue
[2024-10-25T07:14:54.123+0000] {logging_mixin.py:190} INFO - [2024-10-25T07:14:54.121+0000] {dagbag.py:588} INFO - Filling up the DagBag from /home/airflow/.local/lib/python3.12/site-packages/airflow/example_dags/example_subdag_operator.py
[2024-10-25T07:14:54.405+0000] {processor.py:925} INFO - DAG(s) 'example_subdag_operator.section-1', 'example_subdag_operator.section-2', 'example_subdag_operator' retrieved from /home/airflow/.local/lib/python3.12/site-packages/airflow/example_dags/example_subdag_operator.py
[2024-10-25T07:14:54.729+0000] {logging_mixin.py:190} INFO - [2024-10-25T07:14:54.728+0000] {dag.py:3239} INFO - Sync 3 DAGs
[2024-10-25T07:14:57.196+0000] {logging_mixin.py:190} INFO - [2024-10-25T07:14:57.189+0000] {dag.py:4180} INFO - Setting next_dagrun for example_subdag_operator to 2022-01-01 00:00:00+00:00, run_after=2022-01-01 00:00:00+00:00
[2024-10-25T07:14:57.215+0000] {logging_mixin.py:190} INFO - [2024-10-25T07:14:57.214+0000] {dag.py:4180} INFO - Setting next_dagrun for example_subdag_operator.section-1 to None, run_after=None
[2024-10-25T07:14:57.220+0000] {logging_mixin.py:190} INFO - [2024-10-25T07:14:57.219+0000] {dag.py:4180} INFO - Setting next_dagrun for example_subdag_operator.section-2 to None, run_after=None
[2024-10-25T07:14:57.267+0000] {logging_mixin.py:190} INFO - [2024-10-25T07:14:57.266+0000] {dag.py:3239} INFO - Sync 2 DAGs
[2024-10-25T07:14:57.298+0000] {logging_mixin.py:190} INFO - [2024-10-25T07:14:57.298+0000] {dag.py:4180} INFO - Setting next_dagrun for example_subdag_operator.section-1 to None, run_after=None
[2024-10-25T07:14:57.300+0000] {logging_mixin.py:190} INFO - [2024-10-25T07:14:57.300+0000] {dag.py:4180} INFO - Setting next_dagrun for example_subdag_operator.section-2 to None, run_after=None
[2024-10-25T07:14:57.380+0000] {processor.py:208} INFO - Processing /home/airflow/.local/lib/python3.12/site-packages/airflow/example_dags/example_subdag_operator.py took 3.297 seconds
[2024-10-25T07:16:06.841+0000] {processor.py:186} INFO - Started process (PID=264) to work on /home/airflow/.local/lib/python3.12/site-packages/airflow/example_dags/example_subdag_operator.py
[2024-10-25T07:16:06.857+0000] {processor.py:914} INFO - Processing file /home/airflow/.local/lib/python3.12/site-packages/airflow/example_dags/example_subdag_operator.py for tasks to queue
[2024-10-25T07:16:06.902+0000] {logging_mixin.py:190} INFO - [2024-10-25T07:16:06.900+0000] {dagbag.py:588} INFO - Filling up the DagBag from /home/airflow/.local/lib/python3.12/site-packages/airflow/example_dags/example_subdag_operator.py
[2024-10-25T07:16:07.314+0000] {processor.py:925} INFO - DAG(s) 'example_subdag_operator.section-1', 'example_subdag_operator.section-2', 'example_subdag_operator' retrieved from /home/airflow/.local/lib/python3.12/site-packages/airflow/example_dags/example_subdag_operator.py
[2024-10-25T07:16:07.445+0000] {logging_mixin.py:190} INFO - [2024-10-25T07:16:07.445+0000] {dag.py:3239} INFO - Sync 3 DAGs
[2024-10-25T07:16:07.856+0000] {logging_mixin.py:190} INFO - [2024-10-25T07:16:07.855+0000] {dag.py:4180} INFO - Setting next_dagrun for example_subdag_operator to 2022-01-01 00:00:00+00:00, run_after=2022-01-01 00:00:00+00:00
[2024-10-25T07:16:07.931+0000] {logging_mixin.py:190} INFO - [2024-10-25T07:16:07.930+0000] {dag.py:4180} INFO - Setting next_dagrun for example_subdag_operator.section-1 to None, run_after=None
[2024-10-25T07:16:07.972+0000] {logging_mixin.py:190} INFO - [2024-10-25T07:16:07.971+0000] {dag.py:4180} INFO - Setting next_dagrun for example_subdag_operator.section-2 to None, run_after=None
[2024-10-25T07:16:08.044+0000] {logging_mixin.py:190} INFO - [2024-10-25T07:16:08.043+0000] {dag.py:3239} INFO - Sync 2 DAGs
[2024-10-25T07:16:08.094+0000] {logging_mixin.py:190} INFO - [2024-10-25T07:16:08.093+0000] {dag.py:4180} INFO - Setting next_dagrun for example_subdag_operator.section-1 to None, run_after=None
[2024-10-25T07:16:08.105+0000] {logging_mixin.py:190} INFO - [2024-10-25T07:16:08.104+0000] {dag.py:4180} INFO - Setting next_dagrun for example_subdag_operator.section-2 to None, run_after=None
[2024-10-25T07:16:08.194+0000] {processor.py:208} INFO - Processing /home/airflow/.local/lib/python3.12/site-packages/airflow/example_dags/example_subdag_operator.py took 1.382 seconds
[2024-10-25T07:16:38.629+0000] {processor.py:186} INFO - Started process (PID=333) to work on /home/airflow/.local/lib/python3.12/site-packages/airflow/example_dags/example_subdag_operator.py
[2024-10-25T07:16:38.633+0000] {processor.py:914} INFO - Processing file /home/airflow/.local/lib/python3.12/site-packages/airflow/example_dags/example_subdag_operator.py for tasks to queue
[2024-10-25T07:16:38.637+0000] {logging_mixin.py:190} INFO - [2024-10-25T07:16:38.637+0000] {dagbag.py:588} INFO - Filling up the DagBag from /home/airflow/.local/lib/python3.12/site-packages/airflow/example_dags/example_subdag_operator.py
[2024-10-25T07:16:38.689+0000] {processor.py:925} INFO - DAG(s) 'example_subdag_operator.section-1', 'example_subdag_operator.section-2', 'example_subdag_operator' retrieved from /home/airflow/.local/lib/python3.12/site-packages/airflow/example_dags/example_subdag_operator.py
[2024-10-25T07:16:38.718+0000] {logging_mixin.py:190} INFO - [2024-10-25T07:16:38.718+0000] {dag.py:3239} INFO - Sync 3 DAGs
[2024-10-25T07:16:38.753+0000] {logging_mixin.py:190} INFO - [2024-10-25T07:16:38.752+0000] {dag.py:4180} INFO - Setting next_dagrun for example_subdag_operator to 2022-01-01 00:00:00+00:00, run_after=2022-01-01 00:00:00+00:00
[2024-10-25T07:16:38.760+0000] {logging_mixin.py:190} INFO - [2024-10-25T07:16:38.759+0000] {dag.py:4180} INFO - Setting next_dagrun for example_subdag_operator.section-1 to None, run_after=None
[2024-10-25T07:16:38.762+0000] {logging_mixin.py:190} INFO - [2024-10-25T07:16:38.762+0000] {dag.py:4180} INFO - Setting next_dagrun for example_subdag_operator.section-2 to None, run_after=None
[2024-10-25T07:16:38.775+0000] {logging_mixin.py:190} INFO - [2024-10-25T07:16:38.775+0000] {dag.py:3239} INFO - Sync 2 DAGs
[2024-10-25T07:16:38.787+0000] {logging_mixin.py:190} INFO - [2024-10-25T07:16:38.786+0000] {dag.py:4180} INFO - Setting next_dagrun for example_subdag_operator.section-1 to None, run_after=None
[2024-10-25T07:16:38.789+0000] {logging_mixin.py:190} INFO - [2024-10-25T07:16:38.788+0000] {dag.py:4180} INFO - Setting next_dagrun for example_subdag_operator.section-2 to None, run_after=None
[2024-10-25T07:16:38.811+0000] {processor.py:208} INFO - Processing /home/airflow/.local/lib/python3.12/site-packages/airflow/example_dags/example_subdag_operator.py took 0.194 seconds
[2024-10-25T07:17:08.899+0000] {processor.py:186} INFO - Started process (PID=402) to work on /home/airflow/.local/lib/python3.12/site-packages/airflow/example_dags/example_subdag_operator.py
[2024-10-25T07:17:08.901+0000] {processor.py:914} INFO - Processing file /home/airflow/.local/lib/python3.12/site-packages/airflow/example_dags/example_subdag_operator.py for tasks to queue
[2024-10-25T07:17:08.907+0000] {logging_mixin.py:190} INFO - [2024-10-25T07:17:08.906+0000] {dagbag.py:588} INFO - Filling up the DagBag from /home/airflow/.local/lib/python3.12/site-packages/airflow/example_dags/example_subdag_operator.py
[2024-10-25T07:17:08.961+0000] {processor.py:925} INFO - DAG(s) 'example_subdag_operator.section-1', 'example_subdag_operator.section-2', 'example_subdag_operator' retrieved from /home/airflow/.local/lib/python3.12/site-packages/airflow/example_dags/example_subdag_operator.py
[2024-10-25T07:17:08.991+0000] {logging_mixin.py:190} INFO - [2024-10-25T07:17:08.990+0000] {dag.py:3239} INFO - Sync 3 DAGs
[2024-10-25T07:17:09.029+0000] {logging_mixin.py:190} INFO - [2024-10-25T07:17:09.029+0000] {dag.py:4180} INFO - Setting next_dagrun for example_subdag_operator to 2022-01-01 00:00:00+00:00, run_after=2022-01-01 00:00:00+00:00
[2024-10-25T07:17:09.037+0000] {logging_mixin.py:190} INFO - [2024-10-25T07:17:09.036+0000] {dag.py:4180} INFO - Setting next_dagrun for example_subdag_operator.section-1 to None, run_after=None
[2024-10-25T07:17:09.040+0000] {logging_mixin.py:190} INFO - [2024-10-25T07:17:09.039+0000] {dag.py:4180} INFO - Setting next_dagrun for example_subdag_operator.section-2 to None, run_after=None
[2024-10-25T07:17:09.056+0000] {logging_mixin.py:190} INFO - [2024-10-25T07:17:09.055+0000] {dag.py:3239} INFO - Sync 2 DAGs
[2024-10-25T07:17:09.065+0000] {logging_mixin.py:190} INFO - [2024-10-25T07:17:09.064+0000] {dag.py:4180} INFO - Setting next_dagrun for example_subdag_operator.section-1 to None, run_after=None
[2024-10-25T07:17:09.066+0000] {logging_mixin.py:190} INFO - [2024-10-25T07:17:09.066+0000] {dag.py:4180} INFO - Setting next_dagrun for example_subdag_operator.section-2 to None, run_after=None
[2024-10-25T07:17:09.087+0000] {processor.py:208} INFO - Processing /home/airflow/.local/lib/python3.12/site-packages/airflow/example_dags/example_subdag_operator.py took 0.196 seconds
[2024-10-25T07:17:39.702+0000] {processor.py:186} INFO - Started process (PID=472) to work on /home/airflow/.local/lib/python3.12/site-packages/airflow/example_dags/example_subdag_operator.py
[2024-10-25T07:17:39.704+0000] {processor.py:914} INFO - Processing file /home/airflow/.local/lib/python3.12/site-packages/airflow/example_dags/example_subdag_operator.py for tasks to queue
[2024-10-25T07:17:39.709+0000] {logging_mixin.py:190} INFO - [2024-10-25T07:17:39.709+0000] {dagbag.py:588} INFO - Filling up the DagBag from /home/airflow/.local/lib/python3.12/site-packages/airflow/example_dags/example_subdag_operator.py
[2024-10-25T07:17:39.746+0000] {processor.py:925} INFO - DAG(s) 'example_subdag_operator.section-1', 'example_subdag_operator.section-2', 'example_subdag_operator' retrieved from /home/airflow/.local/lib/python3.12/site-packages/airflow/example_dags/example_subdag_operator.py
[2024-10-25T07:17:39.768+0000] {logging_mixin.py:190} INFO - [2024-10-25T07:17:39.768+0000] {dag.py:3239} INFO - Sync 3 DAGs
[2024-10-25T07:17:39.806+0000] {logging_mixin.py:190} INFO - [2024-10-25T07:17:39.806+0000] {dag.py:4180} INFO - Setting next_dagrun for example_subdag_operator to 2022-01-01 00:00:00+00:00, run_after=2022-01-01 00:00:00+00:00
[2024-10-25T07:17:39.814+0000] {logging_mixin.py:190} INFO - [2024-10-25T07:17:39.814+0000] {dag.py:4180} INFO - Setting next_dagrun for example_subdag_operator.section-1 to None, run_after=None
[2024-10-25T07:17:39.817+0000] {logging_mixin.py:190} INFO - [2024-10-25T07:17:39.817+0000] {dag.py:4180} INFO - Setting next_dagrun for example_subdag_operator.section-2 to None, run_after=None
[2024-10-25T07:17:39.829+0000] {logging_mixin.py:190} INFO - [2024-10-25T07:17:39.828+0000] {dag.py:3239} INFO - Sync 2 DAGs
[2024-10-25T07:17:39.839+0000] {logging_mixin.py:190} INFO - [2024-10-25T07:17:39.839+0000] {dag.py:4180} INFO - Setting next_dagrun for example_subdag_operator.section-1 to None, run_after=None
[2024-10-25T07:17:39.840+0000] {logging_mixin.py:190} INFO - [2024-10-25T07:17:39.840+0000] {dag.py:4180} INFO - Setting next_dagrun for example_subdag_operator.section-2 to None, run_after=None
[2024-10-25T07:17:39.858+0000] {processor.py:208} INFO - Processing /home/airflow/.local/lib/python3.12/site-packages/airflow/example_dags/example_subdag_operator.py took 0.164 seconds
[2024-10-25T07:18:10.059+0000] {processor.py:186} INFO - Started process (PID=541) to work on /home/airflow/.local/lib/python3.12/site-packages/airflow/example_dags/example_subdag_operator.py
[2024-10-25T07:18:10.061+0000] {processor.py:914} INFO - Processing file /home/airflow/.local/lib/python3.12/site-packages/airflow/example_dags/example_subdag_operator.py for tasks to queue
[2024-10-25T07:18:10.066+0000] {logging_mixin.py:190} INFO - [2024-10-25T07:18:10.066+0000] {dagbag.py:588} INFO - Filling up the DagBag from /home/airflow/.local/lib/python3.12/site-packages/airflow/example_dags/example_subdag_operator.py
[2024-10-25T07:18:10.126+0000] {processor.py:925} INFO - DAG(s) 'example_subdag_operator.section-1', 'example_subdag_operator.section-2', 'example_subdag_operator' retrieved from /home/airflow/.local/lib/python3.12/site-packages/airflow/example_dags/example_subdag_operator.py
[2024-10-25T07:18:10.160+0000] {logging_mixin.py:190} INFO - [2024-10-25T07:18:10.159+0000] {dag.py:3239} INFO - Sync 3 DAGs
[2024-10-25T07:18:10.202+0000] {logging_mixin.py:190} INFO - [2024-10-25T07:18:10.202+0000] {dag.py:4180} INFO - Setting next_dagrun for example_subdag_operator to 2022-01-01 00:00:00+00:00, run_after=2022-01-01 00:00:00+00:00
[2024-10-25T07:18:10.209+0000] {logging_mixin.py:190} INFO - [2024-10-25T07:18:10.209+0000] {dag.py:4180} INFO - Setting next_dagrun for example_subdag_operator.section-1 to None, run_after=None
[2024-10-25T07:18:10.212+0000] {logging_mixin.py:190} INFO - [2024-10-25T07:18:10.212+0000] {dag.py:4180} INFO - Setting next_dagrun for example_subdag_operator.section-2 to None, run_after=None
[2024-10-25T07:18:10.224+0000] {logging_mixin.py:190} INFO - [2024-10-25T07:18:10.223+0000] {dag.py:3239} INFO - Sync 2 DAGs
[2024-10-25T07:18:10.236+0000] {logging_mixin.py:190} INFO - [2024-10-25T07:18:10.235+0000] {dag.py:4180} INFO - Setting next_dagrun for example_subdag_operator.section-1 to None, run_after=None
[2024-10-25T07:18:10.237+0000] {logging_mixin.py:190} INFO - [2024-10-25T07:18:10.237+0000] {dag.py:4180} INFO - Setting next_dagrun for example_subdag_operator.section-2 to None, run_after=None
[2024-10-25T07:18:10.256+0000] {processor.py:208} INFO - Processing /home/airflow/.local/lib/python3.12/site-packages/airflow/example_dags/example_subdag_operator.py took 0.211 seconds
[2024-10-25T07:18:40.601+0000] {processor.py:186} INFO - Started process (PID=609) to work on /home/airflow/.local/lib/python3.12/site-packages/airflow/example_dags/example_subdag_operator.py
[2024-10-25T07:18:40.602+0000] {processor.py:914} INFO - Processing file /home/airflow/.local/lib/python3.12/site-packages/airflow/example_dags/example_subdag_operator.py for tasks to queue
[2024-10-25T07:18:40.607+0000] {logging_mixin.py:190} INFO - [2024-10-25T07:18:40.606+0000] {dagbag.py:588} INFO - Filling up the DagBag from /home/airflow/.local/lib/python3.12/site-packages/airflow/example_dags/example_subdag_operator.py
[2024-10-25T07:18:40.645+0000] {processor.py:925} INFO - DAG(s) 'example_subdag_operator.section-1', 'example_subdag_operator.section-2', 'example_subdag_operator' retrieved from /home/airflow/.local/lib/python3.12/site-packages/airflow/example_dags/example_subdag_operator.py
[2024-10-25T07:18:40.671+0000] {logging_mixin.py:190} INFO - [2024-10-25T07:18:40.671+0000] {dag.py:3239} INFO - Sync 3 DAGs
[2024-10-25T07:18:40.706+0000] {logging_mixin.py:190} INFO - [2024-10-25T07:18:40.706+0000] {dag.py:4180} INFO - Setting next_dagrun for example_subdag_operator to 2022-01-01 00:00:00+00:00, run_after=2022-01-01 00:00:00+00:00
[2024-10-25T07:18:40.713+0000] {logging_mixin.py:190} INFO - [2024-10-25T07:18:40.713+0000] {dag.py:4180} INFO - Setting next_dagrun for example_subdag_operator.section-1 to None, run_after=None
[2024-10-25T07:18:40.716+0000] {logging_mixin.py:190} INFO - [2024-10-25T07:18:40.716+0000] {dag.py:4180} INFO - Setting next_dagrun for example_subdag_operator.section-2 to None, run_after=None
[2024-10-25T07:18:40.729+0000] {logging_mixin.py:190} INFO - [2024-10-25T07:18:40.729+0000] {dag.py:3239} INFO - Sync 2 DAGs
[2024-10-25T07:18:40.738+0000] {logging_mixin.py:190} INFO - [2024-10-25T07:18:40.738+0000] {dag.py:4180} INFO - Setting next_dagrun for example_subdag_operator.section-1 to None, run_after=None
[2024-10-25T07:18:40.740+0000] {logging_mixin.py:190} INFO - [2024-10-25T07:18:40.740+0000] {dag.py:4180} INFO - Setting next_dagrun for example_subdag_operator.section-2 to None, run_after=None
[2024-10-25T07:18:40.758+0000] {processor.py:208} INFO - Processing /home/airflow/.local/lib/python3.12/site-packages/airflow/example_dags/example_subdag_operator.py took 0.167 seconds
[2024-10-25T07:19:11.454+0000] {processor.py:186} INFO - Started process (PID=678) to work on /home/airflow/.local/lib/python3.12/site-packages/airflow/example_dags/example_subdag_operator.py
[2024-10-25T07:19:11.456+0000] {processor.py:914} INFO - Processing file /home/airflow/.local/lib/python3.12/site-packages/airflow/example_dags/example_subdag_operator.py for tasks to queue
[2024-10-25T07:19:11.460+0000] {logging_mixin.py:190} INFO - [2024-10-25T07:19:11.460+0000] {dagbag.py:588} INFO - Filling up the DagBag from /home/airflow/.local/lib/python3.12/site-packages/airflow/example_dags/example_subdag_operator.py
[2024-10-25T07:19:11.502+0000] {processor.py:925} INFO - DAG(s) 'example_subdag_operator.section-1', 'example_subdag_operator.section-2', 'example_subdag_operator' retrieved from /home/airflow/.local/lib/python3.12/site-packages/airflow/example_dags/example_subdag_operator.py
[2024-10-25T07:19:11.525+0000] {logging_mixin.py:190} INFO - [2024-10-25T07:19:11.525+0000] {dag.py:3239} INFO - Sync 3 DAGs
[2024-10-25T07:19:11.558+0000] {logging_mixin.py:190} INFO - [2024-10-25T07:19:11.558+0000] {dag.py:4180} INFO - Setting next_dagrun for example_subdag_operator to 2022-01-01 00:00:00+00:00, run_after=2022-01-01 00:00:00+00:00
[2024-10-25T07:19:11.566+0000] {logging_mixin.py:190} INFO - [2024-10-25T07:19:11.565+0000] {dag.py:4180} INFO - Setting next_dagrun for example_subdag_operator.section-1 to None, run_after=None
[2024-10-25T07:19:11.569+0000] {logging_mixin.py:190} INFO - [2024-10-25T07:19:11.569+0000] {dag.py:4180} INFO - Setting next_dagrun for example_subdag_operator.section-2 to None, run_after=None
[2024-10-25T07:19:11.585+0000] {logging_mixin.py:190} INFO - [2024-10-25T07:19:11.584+0000] {dag.py:3239} INFO - Sync 2 DAGs
[2024-10-25T07:19:11.594+0000] {logging_mixin.py:190} INFO - [2024-10-25T07:19:11.593+0000] {dag.py:4180} INFO - Setting next_dagrun for example_subdag_operator.section-1 to None, run_after=None
[2024-10-25T07:19:11.595+0000] {logging_mixin.py:190} INFO - [2024-10-25T07:19:11.595+0000] {dag.py:4180} INFO - Setting next_dagrun for example_subdag_operator.section-2 to None, run_after=None
[2024-10-25T07:19:11.617+0000] {processor.py:208} INFO - Processing /home/airflow/.local/lib/python3.12/site-packages/airflow/example_dags/example_subdag_operator.py took 0.170 seconds
[2024-10-25T07:19:42.399+0000] {processor.py:186} INFO - Started process (PID=747) to work on /home/airflow/.local/lib/python3.12/site-packages/airflow/example_dags/example_subdag_operator.py
[2024-10-25T07:19:42.401+0000] {processor.py:914} INFO - Processing file /home/airflow/.local/lib/python3.12/site-packages/airflow/example_dags/example_subdag_operator.py for tasks to queue
[2024-10-25T07:19:42.404+0000] {logging_mixin.py:190} INFO - [2024-10-25T07:19:42.404+0000] {dagbag.py:588} INFO - Filling up the DagBag from /home/airflow/.local/lib/python3.12/site-packages/airflow/example_dags/example_subdag_operator.py
[2024-10-25T07:19:42.435+0000] {processor.py:925} INFO - DAG(s) 'example_subdag_operator.section-1', 'example_subdag_operator.section-2', 'example_subdag_operator' retrieved from /home/airflow/.local/lib/python3.12/site-packages/airflow/example_dags/example_subdag_operator.py
[2024-10-25T07:19:42.449+0000] {logging_mixin.py:190} INFO - [2024-10-25T07:19:42.448+0000] {dag.py:3239} INFO - Sync 3 DAGs
[2024-10-25T07:19:42.470+0000] {logging_mixin.py:190} INFO - [2024-10-25T07:19:42.469+0000] {dag.py:4180} INFO - Setting next_dagrun for example_subdag_operator to 2022-01-01 00:00:00+00:00, run_after=2022-01-01 00:00:00+00:00
[2024-10-25T07:19:42.474+0000] {logging_mixin.py:190} INFO - [2024-10-25T07:19:42.473+0000] {dag.py:4180} INFO - Setting next_dagrun for example_subdag_operator.section-1 to None, run_after=None
[2024-10-25T07:19:42.476+0000] {logging_mixin.py:190} INFO - [2024-10-25T07:19:42.476+0000] {dag.py:4180} INFO - Setting next_dagrun for example_subdag_operator.section-2 to None, run_after=None
[2024-10-25T07:19:42.485+0000] {logging_mixin.py:190} INFO - [2024-10-25T07:19:42.484+0000] {dag.py:3239} INFO - Sync 2 DAGs
[2024-10-25T07:19:42.492+0000] {logging_mixin.py:190} INFO - [2024-10-25T07:19:42.491+0000] {dag.py:4180} INFO - Setting next_dagrun for example_subdag_operator.section-1 to None, run_after=None
[2024-10-25T07:19:42.493+0000] {logging_mixin.py:190} INFO - [2024-10-25T07:19:42.493+0000] {dag.py:4180} INFO - Setting next_dagrun for example_subdag_operator.section-2 to None, run_after=None
[2024-10-25T07:19:42.511+0000] {processor.py:208} INFO - Processing /home/airflow/.local/lib/python3.12/site-packages/airflow/example_dags/example_subdag_operator.py took 0.118 seconds
[2024-10-25T07:20:13.166+0000] {processor.py:186} INFO - Started process (PID=815) to work on /home/airflow/.local/lib/python3.12/site-packages/airflow/example_dags/example_subdag_operator.py
[2024-10-25T07:20:13.168+0000] {processor.py:914} INFO - Processing file /home/airflow/.local/lib/python3.12/site-packages/airflow/example_dags/example_subdag_operator.py for tasks to queue
[2024-10-25T07:20:13.170+0000] {logging_mixin.py:190} INFO - [2024-10-25T07:20:13.170+0000] {dagbag.py:588} INFO - Filling up the DagBag from /home/airflow/.local/lib/python3.12/site-packages/airflow/example_dags/example_subdag_operator.py
[2024-10-25T07:20:13.197+0000] {processor.py:925} INFO - DAG(s) 'example_subdag_operator.section-1', 'example_subdag_operator.section-2', 'example_subdag_operator' retrieved from /home/airflow/.local/lib/python3.12/site-packages/airflow/example_dags/example_subdag_operator.py
[2024-10-25T07:20:13.211+0000] {logging_mixin.py:190} INFO - [2024-10-25T07:20:13.211+0000] {dag.py:3239} INFO - Sync 3 DAGs
[2024-10-25T07:20:13.232+0000] {logging_mixin.py:190} INFO - [2024-10-25T07:20:13.232+0000] {dag.py:4180} INFO - Setting next_dagrun for example_subdag_operator to 2022-01-01 00:00:00+00:00, run_after=2022-01-01 00:00:00+00:00
[2024-10-25T07:20:13.235+0000] {logging_mixin.py:190} INFO - [2024-10-25T07:20:13.235+0000] {dag.py:4180} INFO - Setting next_dagrun for example_subdag_operator.section-1 to None, run_after=None
[2024-10-25T07:20:13.238+0000] {logging_mixin.py:190} INFO - [2024-10-25T07:20:13.238+0000] {dag.py:4180} INFO - Setting next_dagrun for example_subdag_operator.section-2 to None, run_after=None
[2024-10-25T07:20:13.243+0000] {logging_mixin.py:190} INFO - [2024-10-25T07:20:13.243+0000] {dag.py:3239} INFO - Sync 2 DAGs
[2024-10-25T07:20:13.249+0000] {logging_mixin.py:190} INFO - [2024-10-25T07:20:13.249+0000] {dag.py:4180} INFO - Setting next_dagrun for example_subdag_operator.section-1 to None, run_after=None
[2024-10-25T07:20:13.250+0000] {logging_mixin.py:190} INFO - [2024-10-25T07:20:13.250+0000] {dag.py:4180} INFO - Setting next_dagrun for example_subdag_operator.section-2 to None, run_after=None
[2024-10-25T07:20:13.261+0000] {processor.py:208} INFO - Processing /home/airflow/.local/lib/python3.12/site-packages/airflow/example_dags/example_subdag_operator.py took 0.100 seconds
[2024-10-25T07:20:43.365+0000] {processor.py:186} INFO - Started process (PID=884) to work on /home/airflow/.local/lib/python3.12/site-packages/airflow/example_dags/example_subdag_operator.py
[2024-10-25T07:20:43.366+0000] {processor.py:914} INFO - Processing file /home/airflow/.local/lib/python3.12/site-packages/airflow/example_dags/example_subdag_operator.py for tasks to queue
[2024-10-25T07:20:43.369+0000] {logging_mixin.py:190} INFO - [2024-10-25T07:20:43.368+0000] {dagbag.py:588} INFO - Filling up the DagBag from /home/airflow/.local/lib/python3.12/site-packages/airflow/example_dags/example_subdag_operator.py
[2024-10-25T07:20:43.393+0000] {processor.py:925} INFO - DAG(s) 'example_subdag_operator.section-1', 'example_subdag_operator.section-2', 'example_subdag_operator' retrieved from /home/airflow/.local/lib/python3.12/site-packages/airflow/example_dags/example_subdag_operator.py
[2024-10-25T07:20:43.410+0000] {logging_mixin.py:190} INFO - [2024-10-25T07:20:43.410+0000] {dag.py:3239} INFO - Sync 3 DAGs
[2024-10-25T07:20:43.431+0000] {logging_mixin.py:190} INFO - [2024-10-25T07:20:43.431+0000] {dag.py:4180} INFO - Setting next_dagrun for example_subdag_operator to 2022-01-01 00:00:00+00:00, run_after=2022-01-01 00:00:00+00:00
[2024-10-25T07:20:43.435+0000] {logging_mixin.py:190} INFO - [2024-10-25T07:20:43.435+0000] {dag.py:4180} INFO - Setting next_dagrun for example_subdag_operator.section-1 to None, run_after=None
[2024-10-25T07:20:43.438+0000] {logging_mixin.py:190} INFO - [2024-10-25T07:20:43.438+0000] {dag.py:4180} INFO - Setting next_dagrun for example_subdag_operator.section-2 to None, run_after=None
[2024-10-25T07:20:43.449+0000] {logging_mixin.py:190} INFO - [2024-10-25T07:20:43.449+0000] {dag.py:3239} INFO - Sync 2 DAGs
[2024-10-25T07:20:43.455+0000] {logging_mixin.py:190} INFO - [2024-10-25T07:20:43.455+0000] {dag.py:4180} INFO - Setting next_dagrun for example_subdag_operator.section-1 to None, run_after=None
[2024-10-25T07:20:43.456+0000] {logging_mixin.py:190} INFO - [2024-10-25T07:20:43.456+0000] {dag.py:4180} INFO - Setting next_dagrun for example_subdag_operator.section-2 to None, run_after=None
[2024-10-25T07:20:43.470+0000] {processor.py:208} INFO - Processing /home/airflow/.local/lib/python3.12/site-packages/airflow/example_dags/example_subdag_operator.py took 0.110 seconds
[2024-10-25T07:21:13.877+0000] {processor.py:186} INFO - Started process (PID=953) to work on /home/airflow/.local/lib/python3.12/site-packages/airflow/example_dags/example_subdag_operator.py
[2024-10-25T07:21:13.878+0000] {processor.py:914} INFO - Processing file /home/airflow/.local/lib/python3.12/site-packages/airflow/example_dags/example_subdag_operator.py for tasks to queue
[2024-10-25T07:21:13.881+0000] {logging_mixin.py:190} INFO - [2024-10-25T07:21:13.880+0000] {dagbag.py:588} INFO - Filling up the DagBag from /home/airflow/.local/lib/python3.12/site-packages/airflow/example_dags/example_subdag_operator.py
[2024-10-25T07:21:13.909+0000] {processor.py:925} INFO - DAG(s) 'example_subdag_operator.section-1', 'example_subdag_operator.section-2', 'example_subdag_operator' retrieved from /home/airflow/.local/lib/python3.12/site-packages/airflow/example_dags/example_subdag_operator.py
[2024-10-25T07:21:13.924+0000] {logging_mixin.py:190} INFO - [2024-10-25T07:21:13.924+0000] {dag.py:3239} INFO - Sync 3 DAGs
[2024-10-25T07:21:13.947+0000] {logging_mixin.py:190} INFO - [2024-10-25T07:21:13.947+0000] {dag.py:4180} INFO - Setting next_dagrun for example_subdag_operator to 2022-01-01 00:00:00+00:00, run_after=2022-01-01 00:00:00+00:00
[2024-10-25T07:21:13.951+0000] {logging_mixin.py:190} INFO - [2024-10-25T07:21:13.951+0000] {dag.py:4180} INFO - Setting next_dagrun for example_subdag_operator.section-1 to None, run_after=None
[2024-10-25T07:21:13.953+0000] {logging_mixin.py:190} INFO - [2024-10-25T07:21:13.953+0000] {dag.py:4180} INFO - Setting next_dagrun for example_subdag_operator.section-2 to None, run_after=None
[2024-10-25T07:21:13.961+0000] {logging_mixin.py:190} INFO - [2024-10-25T07:21:13.961+0000] {dag.py:3239} INFO - Sync 2 DAGs
[2024-10-25T07:21:13.966+0000] {logging_mixin.py:190} INFO - [2024-10-25T07:21:13.966+0000] {dag.py:4180} INFO - Setting next_dagrun for example_subdag_operator.section-1 to None, run_after=None
[2024-10-25T07:21:13.968+0000] {logging_mixin.py:190} INFO - [2024-10-25T07:21:13.968+0000] {dag.py:4180} INFO - Setting next_dagrun for example_subdag_operator.section-2 to None, run_after=None
[2024-10-25T07:21:13.981+0000] {processor.py:208} INFO - Processing /home/airflow/.local/lib/python3.12/site-packages/airflow/example_dags/example_subdag_operator.py took 0.108 seconds
[2024-10-25T07:21:44.372+0000] {processor.py:186} INFO - Started process (PID=1022) to work on /home/airflow/.local/lib/python3.12/site-packages/airflow/example_dags/example_subdag_operator.py
[2024-10-25T07:21:44.374+0000] {processor.py:914} INFO - Processing file /home/airflow/.local/lib/python3.12/site-packages/airflow/example_dags/example_subdag_operator.py for tasks to queue
[2024-10-25T07:21:44.376+0000] {logging_mixin.py:190} INFO - [2024-10-25T07:21:44.376+0000] {dagbag.py:588} INFO - Filling up the DagBag from /home/airflow/.local/lib/python3.12/site-packages/airflow/example_dags/example_subdag_operator.py
[2024-10-25T07:21:44.408+0000] {processor.py:925} INFO - DAG(s) 'example_subdag_operator.section-1', 'example_subdag_operator.section-2', 'example_subdag_operator' retrieved from /home/airflow/.local/lib/python3.12/site-packages/airflow/example_dags/example_subdag_operator.py
[2024-10-25T07:21:44.424+0000] {logging_mixin.py:190} INFO - [2024-10-25T07:21:44.424+0000] {dag.py:3239} INFO - Sync 3 DAGs
[2024-10-25T07:21:44.445+0000] {logging_mixin.py:190} INFO - [2024-10-25T07:21:44.445+0000] {dag.py:4180} INFO - Setting next_dagrun for example_subdag_operator to 2022-01-01 00:00:00+00:00, run_after=2022-01-01 00:00:00+00:00
[2024-10-25T07:21:44.451+0000] {logging_mixin.py:190} INFO - [2024-10-25T07:21:44.451+0000] {dag.py:4180} INFO - Setting next_dagrun for example_subdag_operator.section-1 to None, run_after=None
[2024-10-25T07:21:44.453+0000] {logging_mixin.py:190} INFO - [2024-10-25T07:21:44.453+0000] {dag.py:4180} INFO - Setting next_dagrun for example_subdag_operator.section-2 to None, run_after=None
[2024-10-25T07:21:44.462+0000] {logging_mixin.py:190} INFO - [2024-10-25T07:21:44.461+0000] {dag.py:3239} INFO - Sync 2 DAGs
[2024-10-25T07:21:44.470+0000] {logging_mixin.py:190} INFO - [2024-10-25T07:21:44.469+0000] {dag.py:4180} INFO - Setting next_dagrun for example_subdag_operator.section-1 to None, run_after=None
[2024-10-25T07:21:44.470+0000] {logging_mixin.py:190} INFO - [2024-10-25T07:21:44.470+0000] {dag.py:4180} INFO - Setting next_dagrun for example_subdag_operator.section-2 to None, run_after=None
[2024-10-25T07:21:44.485+0000] {processor.py:208} INFO - Processing /home/airflow/.local/lib/python3.12/site-packages/airflow/example_dags/example_subdag_operator.py took 0.119 seconds
[2024-10-25T07:22:14.735+0000] {processor.py:186} INFO - Started process (PID=1091) to work on /home/airflow/.local/lib/python3.12/site-packages/airflow/example_dags/example_subdag_operator.py
[2024-10-25T07:22:14.736+0000] {processor.py:914} INFO - Processing file /home/airflow/.local/lib/python3.12/site-packages/airflow/example_dags/example_subdag_operator.py for tasks to queue
[2024-10-25T07:22:14.739+0000] {logging_mixin.py:190} INFO - [2024-10-25T07:22:14.739+0000] {dagbag.py:588} INFO - Filling up the DagBag from /home/airflow/.local/lib/python3.12/site-packages/airflow/example_dags/example_subdag_operator.py
[2024-10-25T07:22:14.770+0000] {processor.py:925} INFO - DAG(s) 'example_subdag_operator.section-1', 'example_subdag_operator.section-2', 'example_subdag_operator' retrieved from /home/airflow/.local/lib/python3.12/site-packages/airflow/example_dags/example_subdag_operator.py
[2024-10-25T07:22:14.785+0000] {logging_mixin.py:190} INFO - [2024-10-25T07:22:14.785+0000] {dag.py:3239} INFO - Sync 3 DAGs
[2024-10-25T07:22:14.806+0000] {logging_mixin.py:190} INFO - [2024-10-25T07:22:14.805+0000] {dag.py:4180} INFO - Setting next_dagrun for example_subdag_operator to 2022-01-01 00:00:00+00:00, run_after=2022-01-01 00:00:00+00:00
[2024-10-25T07:22:14.811+0000] {logging_mixin.py:190} INFO - [2024-10-25T07:22:14.811+0000] {dag.py:4180} INFO - Setting next_dagrun for example_subdag_operator.section-1 to None, run_after=None
[2024-10-25T07:22:14.815+0000] {logging_mixin.py:190} INFO - [2024-10-25T07:22:14.815+0000] {dag.py:4180} INFO - Setting next_dagrun for example_subdag_operator.section-2 to None, run_after=None
[2024-10-25T07:22:14.827+0000] {logging_mixin.py:190} INFO - [2024-10-25T07:22:14.827+0000] {dag.py:3239} INFO - Sync 2 DAGs
[2024-10-25T07:22:14.837+0000] {logging_mixin.py:190} INFO - [2024-10-25T07:22:14.837+0000] {dag.py:4180} INFO - Setting next_dagrun for example_subdag_operator.section-1 to None, run_after=None
[2024-10-25T07:22:14.839+0000] {logging_mixin.py:190} INFO - [2024-10-25T07:22:14.839+0000] {dag.py:4180} INFO - Setting next_dagrun for example_subdag_operator.section-2 to None, run_after=None
[2024-10-25T07:22:14.855+0000] {processor.py:208} INFO - Processing /home/airflow/.local/lib/python3.12/site-packages/airflow/example_dags/example_subdag_operator.py took 0.126 seconds
[2024-10-25T07:22:45.018+0000] {processor.py:186} INFO - Started process (PID=1160) to work on /home/airflow/.local/lib/python3.12/site-packages/airflow/example_dags/example_subdag_operator.py
[2024-10-25T07:22:45.020+0000] {processor.py:914} INFO - Processing file /home/airflow/.local/lib/python3.12/site-packages/airflow/example_dags/example_subdag_operator.py for tasks to queue
[2024-10-25T07:22:45.022+0000] {logging_mixin.py:190} INFO - [2024-10-25T07:22:45.022+0000] {dagbag.py:588} INFO - Filling up the DagBag from /home/airflow/.local/lib/python3.12/site-packages/airflow/example_dags/example_subdag_operator.py
[2024-10-25T07:22:45.053+0000] {processor.py:925} INFO - DAG(s) 'example_subdag_operator.section-1', 'example_subdag_operator.section-2', 'example_subdag_operator' retrieved from /home/airflow/.local/lib/python3.12/site-packages/airflow/example_dags/example_subdag_operator.py
[2024-10-25T07:22:45.070+0000] {logging_mixin.py:190} INFO - [2024-10-25T07:22:45.069+0000] {dag.py:3239} INFO - Sync 3 DAGs
[2024-10-25T07:22:45.093+0000] {logging_mixin.py:190} INFO - [2024-10-25T07:22:45.093+0000] {dag.py:4180} INFO - Setting next_dagrun for example_subdag_operator to 2022-01-01 00:00:00+00:00, run_after=2022-01-01 00:00:00+00:00
[2024-10-25T07:22:45.098+0000] {logging_mixin.py:190} INFO - [2024-10-25T07:22:45.098+0000] {dag.py:4180} INFO - Setting next_dagrun for example_subdag_operator.section-1 to None, run_after=None
[2024-10-25T07:22:45.101+0000] {logging_mixin.py:190} INFO - [2024-10-25T07:22:45.101+0000] {dag.py:4180} INFO - Setting next_dagrun for example_subdag_operator.section-2 to None, run_after=None
[2024-10-25T07:22:45.111+0000] {logging_mixin.py:190} INFO - [2024-10-25T07:22:45.111+0000] {dag.py:3239} INFO - Sync 2 DAGs
[2024-10-25T07:22:45.119+0000] {logging_mixin.py:190} INFO - [2024-10-25T07:22:45.119+0000] {dag.py:4180} INFO - Setting next_dagrun for example_subdag_operator.section-1 to None, run_after=None
[2024-10-25T07:22:45.120+0000] {logging_mixin.py:190} INFO - [2024-10-25T07:22:45.120+0000] {dag.py:4180} INFO - Setting next_dagrun for example_subdag_operator.section-2 to None, run_after=None
[2024-10-25T07:22:45.140+0000] {processor.py:208} INFO - Processing /home/airflow/.local/lib/python3.12/site-packages/airflow/example_dags/example_subdag_operator.py took 0.128 seconds
[2024-10-25T07:23:15.757+0000] {processor.py:186} INFO - Started process (PID=1229) to work on /home/airflow/.local/lib/python3.12/site-packages/airflow/example_dags/example_subdag_operator.py
[2024-10-25T07:23:15.760+0000] {processor.py:914} INFO - Processing file /home/airflow/.local/lib/python3.12/site-packages/airflow/example_dags/example_subdag_operator.py for tasks to queue
[2024-10-25T07:23:15.764+0000] {logging_mixin.py:190} INFO - [2024-10-25T07:23:15.763+0000] {dagbag.py:588} INFO - Filling up the DagBag from /home/airflow/.local/lib/python3.12/site-packages/airflow/example_dags/example_subdag_operator.py
[2024-10-25T07:23:15.796+0000] {processor.py:925} INFO - DAG(s) 'example_subdag_operator.section-1', 'example_subdag_operator.section-2', 'example_subdag_operator' retrieved from /home/airflow/.local/lib/python3.12/site-packages/airflow/example_dags/example_subdag_operator.py
[2024-10-25T07:23:15.810+0000] {logging_mixin.py:190} INFO - [2024-10-25T07:23:15.809+0000] {dag.py:3239} INFO - Sync 3 DAGs
[2024-10-25T07:23:15.830+0000] {logging_mixin.py:190} INFO - [2024-10-25T07:23:15.829+0000] {dag.py:4180} INFO - Setting next_dagrun for example_subdag_operator to 2022-01-01 00:00:00+00:00, run_after=2022-01-01 00:00:00+00:00
[2024-10-25T07:23:15.834+0000] {logging_mixin.py:190} INFO - [2024-10-25T07:23:15.834+0000] {dag.py:4180} INFO - Setting next_dagrun for example_subdag_operator.section-1 to None, run_after=None
[2024-10-25T07:23:15.836+0000] {logging_mixin.py:190} INFO - [2024-10-25T07:23:15.836+0000] {dag.py:4180} INFO - Setting next_dagrun for example_subdag_operator.section-2 to None, run_after=None
[2024-10-25T07:23:15.844+0000] {logging_mixin.py:190} INFO - [2024-10-25T07:23:15.844+0000] {dag.py:3239} INFO - Sync 2 DAGs
[2024-10-25T07:23:15.851+0000] {logging_mixin.py:190} INFO - [2024-10-25T07:23:15.850+0000] {dag.py:4180} INFO - Setting next_dagrun for example_subdag_operator.section-1 to None, run_after=None
[2024-10-25T07:23:15.852+0000] {logging_mixin.py:190} INFO - [2024-10-25T07:23:15.852+0000] {dag.py:4180} INFO - Setting next_dagrun for example_subdag_operator.section-2 to None, run_after=None
[2024-10-25T07:23:15.864+0000] {processor.py:208} INFO - Processing /home/airflow/.local/lib/python3.12/site-packages/airflow/example_dags/example_subdag_operator.py took 0.114 seconds
[2024-10-25T07:23:46.574+0000] {processor.py:186} INFO - Started process (PID=1298) to work on /home/airflow/.local/lib/python3.12/site-packages/airflow/example_dags/example_subdag_operator.py
[2024-10-25T07:23:46.575+0000] {processor.py:914} INFO - Processing file /home/airflow/.local/lib/python3.12/site-packages/airflow/example_dags/example_subdag_operator.py for tasks to queue
[2024-10-25T07:23:46.578+0000] {logging_mixin.py:190} INFO - [2024-10-25T07:23:46.578+0000] {dagbag.py:588} INFO - Filling up the DagBag from /home/airflow/.local/lib/python3.12/site-packages/airflow/example_dags/example_subdag_operator.py
[2024-10-25T07:23:46.606+0000] {processor.py:925} INFO - DAG(s) 'example_subdag_operator.section-1', 'example_subdag_operator.section-2', 'example_subdag_operator' retrieved from /home/airflow/.local/lib/python3.12/site-packages/airflow/example_dags/example_subdag_operator.py
[2024-10-25T07:23:46.625+0000] {logging_mixin.py:190} INFO - [2024-10-25T07:23:46.624+0000] {dag.py:3239} INFO - Sync 3 DAGs
[2024-10-25T07:23:46.646+0000] {logging_mixin.py:190} INFO - [2024-10-25T07:23:46.646+0000] {dag.py:4180} INFO - Setting next_dagrun for example_subdag_operator to 2022-01-01 00:00:00+00:00, run_after=2022-01-01 00:00:00+00:00
[2024-10-25T07:23:46.652+0000] {logging_mixin.py:190} INFO - [2024-10-25T07:23:46.651+0000] {dag.py:4180} INFO - Setting next_dagrun for example_subdag_operator.section-1 to None, run_after=None
[2024-10-25T07:23:46.654+0000] {logging_mixin.py:190} INFO - [2024-10-25T07:23:46.654+0000] {dag.py:4180} INFO - Setting next_dagrun for example_subdag_operator.section-2 to None, run_after=None
[2024-10-25T07:23:46.663+0000] {logging_mixin.py:190} INFO - [2024-10-25T07:23:46.662+0000] {dag.py:3239} INFO - Sync 2 DAGs
[2024-10-25T07:23:46.670+0000] {logging_mixin.py:190} INFO - [2024-10-25T07:23:46.670+0000] {dag.py:4180} INFO - Setting next_dagrun for example_subdag_operator.section-1 to None, run_after=None
[2024-10-25T07:23:46.671+0000] {logging_mixin.py:190} INFO - [2024-10-25T07:23:46.671+0000] {dag.py:4180} INFO - Setting next_dagrun for example_subdag_operator.section-2 to None, run_after=None
[2024-10-25T07:23:46.692+0000] {processor.py:208} INFO - Processing /home/airflow/.local/lib/python3.12/site-packages/airflow/example_dags/example_subdag_operator.py took 0.123 seconds
[2024-10-25T07:24:17.436+0000] {processor.py:186} INFO - Started process (PID=1367) to work on /home/airflow/.local/lib/python3.12/site-packages/airflow/example_dags/example_subdag_operator.py
[2024-10-25T07:24:17.437+0000] {processor.py:914} INFO - Processing file /home/airflow/.local/lib/python3.12/site-packages/airflow/example_dags/example_subdag_operator.py for tasks to queue
[2024-10-25T07:24:17.440+0000] {logging_mixin.py:190} INFO - [2024-10-25T07:24:17.440+0000] {dagbag.py:588} INFO - Filling up the DagBag from /home/airflow/.local/lib/python3.12/site-packages/airflow/example_dags/example_subdag_operator.py
[2024-10-25T07:24:17.470+0000] {processor.py:925} INFO - DAG(s) 'example_subdag_operator.section-1', 'example_subdag_operator.section-2', 'example_subdag_operator' retrieved from /home/airflow/.local/lib/python3.12/site-packages/airflow/example_dags/example_subdag_operator.py
[2024-10-25T07:24:17.485+0000] {logging_mixin.py:190} INFO - [2024-10-25T07:24:17.484+0000] {dag.py:3239} INFO - Sync 3 DAGs
[2024-10-25T07:24:17.508+0000] {logging_mixin.py:190} INFO - [2024-10-25T07:24:17.508+0000] {dag.py:4180} INFO - Setting next_dagrun for example_subdag_operator to 2022-01-01 00:00:00+00:00, run_after=2022-01-01 00:00:00+00:00
[2024-10-25T07:24:17.512+0000] {logging_mixin.py:190} INFO - [2024-10-25T07:24:17.512+0000] {dag.py:4180} INFO - Setting next_dagrun for example_subdag_operator.section-1 to None, run_after=None
[2024-10-25T07:24:17.515+0000] {logging_mixin.py:190} INFO - [2024-10-25T07:24:17.515+0000] {dag.py:4180} INFO - Setting next_dagrun for example_subdag_operator.section-2 to None, run_after=None
[2024-10-25T07:24:17.522+0000] {logging_mixin.py:190} INFO - [2024-10-25T07:24:17.521+0000] {dag.py:3239} INFO - Sync 2 DAGs
[2024-10-25T07:24:17.529+0000] {logging_mixin.py:190} INFO - [2024-10-25T07:24:17.529+0000] {dag.py:4180} INFO - Setting next_dagrun for example_subdag_operator.section-1 to None, run_after=None
[2024-10-25T07:24:17.530+0000] {logging_mixin.py:190} INFO - [2024-10-25T07:24:17.530+0000] {dag.py:4180} INFO - Setting next_dagrun for example_subdag_operator.section-2 to None, run_after=None
[2024-10-25T07:24:17.620+0000] {processor.py:208} INFO - Processing /home/airflow/.local/lib/python3.12/site-packages/airflow/example_dags/example_subdag_operator.py took 0.189 seconds
[2024-10-25T07:24:48.208+0000] {processor.py:186} INFO - Started process (PID=1436) to work on /home/airflow/.local/lib/python3.12/site-packages/airflow/example_dags/example_subdag_operator.py
[2024-10-25T07:24:48.209+0000] {processor.py:914} INFO - Processing file /home/airflow/.local/lib/python3.12/site-packages/airflow/example_dags/example_subdag_operator.py for tasks to queue
[2024-10-25T07:24:48.212+0000] {logging_mixin.py:190} INFO - [2024-10-25T07:24:48.212+0000] {dagbag.py:588} INFO - Filling up the DagBag from /home/airflow/.local/lib/python3.12/site-packages/airflow/example_dags/example_subdag_operator.py
[2024-10-25T07:24:48.242+0000] {processor.py:925} INFO - DAG(s) 'example_subdag_operator.section-1', 'example_subdag_operator.section-2', 'example_subdag_operator' retrieved from /home/airflow/.local/lib/python3.12/site-packages/airflow/example_dags/example_subdag_operator.py
[2024-10-25T07:24:48.258+0000] {logging_mixin.py:190} INFO - [2024-10-25T07:24:48.258+0000] {dag.py:3239} INFO - Sync 3 DAGs
[2024-10-25T07:24:48.278+0000] {logging_mixin.py:190} INFO - [2024-10-25T07:24:48.278+0000] {dag.py:4180} INFO - Setting next_dagrun for example_subdag_operator to 2022-01-01 00:00:00+00:00, run_after=2022-01-01 00:00:00+00:00
[2024-10-25T07:24:48.282+0000] {logging_mixin.py:190} INFO - [2024-10-25T07:24:48.282+0000] {dag.py:4180} INFO - Setting next_dagrun for example_subdag_operator.section-1 to None, run_after=None
[2024-10-25T07:24:48.284+0000] {logging_mixin.py:190} INFO - [2024-10-25T07:24:48.284+0000] {dag.py:4180} INFO - Setting next_dagrun for example_subdag_operator.section-2 to None, run_after=None
[2024-10-25T07:24:48.293+0000] {logging_mixin.py:190} INFO - [2024-10-25T07:24:48.292+0000] {dag.py:3239} INFO - Sync 2 DAGs
[2024-10-25T07:24:48.300+0000] {logging_mixin.py:190} INFO - [2024-10-25T07:24:48.300+0000] {dag.py:4180} INFO - Setting next_dagrun for example_subdag_operator.section-1 to None, run_after=None
[2024-10-25T07:24:48.302+0000] {logging_mixin.py:190} INFO - [2024-10-25T07:24:48.302+0000] {dag.py:4180} INFO - Setting next_dagrun for example_subdag_operator.section-2 to None, run_after=None
[2024-10-25T07:24:48.349+0000] {processor.py:208} INFO - Processing /home/airflow/.local/lib/python3.12/site-packages/airflow/example_dags/example_subdag_operator.py took 0.146 seconds
[2024-10-25T07:25:19.011+0000] {processor.py:186} INFO - Started process (PID=1505) to work on /home/airflow/.local/lib/python3.12/site-packages/airflow/example_dags/example_subdag_operator.py
[2024-10-25T07:25:19.013+0000] {processor.py:914} INFO - Processing file /home/airflow/.local/lib/python3.12/site-packages/airflow/example_dags/example_subdag_operator.py for tasks to queue
[2024-10-25T07:25:19.015+0000] {logging_mixin.py:190} INFO - [2024-10-25T07:25:19.015+0000] {dagbag.py:588} INFO - Filling up the DagBag from /home/airflow/.local/lib/python3.12/site-packages/airflow/example_dags/example_subdag_operator.py
[2024-10-25T07:25:19.039+0000] {processor.py:925} INFO - DAG(s) 'example_subdag_operator.section-1', 'example_subdag_operator.section-2', 'example_subdag_operator' retrieved from /home/airflow/.local/lib/python3.12/site-packages/airflow/example_dags/example_subdag_operator.py
[2024-10-25T07:25:19.052+0000] {logging_mixin.py:190} INFO - [2024-10-25T07:25:19.052+0000] {dag.py:3239} INFO - Sync 3 DAGs
[2024-10-25T07:25:19.071+0000] {logging_mixin.py:190} INFO - [2024-10-25T07:25:19.070+0000] {dag.py:4180} INFO - Setting next_dagrun for example_subdag_operator to 2022-01-01 00:00:00+00:00, run_after=2022-01-01 00:00:00+00:00
[2024-10-25T07:25:19.075+0000] {logging_mixin.py:190} INFO - [2024-10-25T07:25:19.074+0000] {dag.py:4180} INFO - Setting next_dagrun for example_subdag_operator.section-1 to None, run_after=None
[2024-10-25T07:25:19.077+0000] {logging_mixin.py:190} INFO - [2024-10-25T07:25:19.077+0000] {dag.py:4180} INFO - Setting next_dagrun for example_subdag_operator.section-2 to None, run_after=None
[2024-10-25T07:25:19.084+0000] {logging_mixin.py:190} INFO - [2024-10-25T07:25:19.084+0000] {dag.py:3239} INFO - Sync 2 DAGs
[2024-10-25T07:25:19.090+0000] {logging_mixin.py:190} INFO - [2024-10-25T07:25:19.090+0000] {dag.py:4180} INFO - Setting next_dagrun for example_subdag_operator.section-1 to None, run_after=None
[2024-10-25T07:25:19.092+0000] {logging_mixin.py:190} INFO - [2024-10-25T07:25:19.091+0000] {dag.py:4180} INFO - Setting next_dagrun for example_subdag_operator.section-2 to None, run_after=None
[2024-10-25T07:25:19.104+0000] {processor.py:208} INFO - Processing /home/airflow/.local/lib/python3.12/site-packages/airflow/example_dags/example_subdag_operator.py took 0.098 seconds
[2024-10-25T07:25:49.709+0000] {processor.py:186} INFO - Started process (PID=1574) to work on /home/airflow/.local/lib/python3.12/site-packages/airflow/example_dags/example_subdag_operator.py
[2024-10-25T07:25:49.710+0000] {processor.py:914} INFO - Processing file /home/airflow/.local/lib/python3.12/site-packages/airflow/example_dags/example_subdag_operator.py for tasks to queue
[2024-10-25T07:25:49.713+0000] {logging_mixin.py:190} INFO - [2024-10-25T07:25:49.713+0000] {dagbag.py:588} INFO - Filling up the DagBag from /home/airflow/.local/lib/python3.12/site-packages/airflow/example_dags/example_subdag_operator.py
[2024-10-25T07:25:49.742+0000] {processor.py:925} INFO - DAG(s) 'example_subdag_operator.section-1', 'example_subdag_operator.section-2', 'example_subdag_operator' retrieved from /home/airflow/.local/lib/python3.12/site-packages/airflow/example_dags/example_subdag_operator.py
[2024-10-25T07:25:49.760+0000] {logging_mixin.py:190} INFO - [2024-10-25T07:25:49.759+0000] {dag.py:3239} INFO - Sync 3 DAGs
[2024-10-25T07:25:49.784+0000] {logging_mixin.py:190} INFO - [2024-10-25T07:25:49.783+0000] {dag.py:4180} INFO - Setting next_dagrun for example_subdag_operator to 2022-01-01 00:00:00+00:00, run_after=2022-01-01 00:00:00+00:00
[2024-10-25T07:25:49.789+0000] {logging_mixin.py:190} INFO - [2024-10-25T07:25:49.789+0000] {dag.py:4180} INFO - Setting next_dagrun for example_subdag_operator.section-1 to None, run_after=None
[2024-10-25T07:25:49.792+0000] {logging_mixin.py:190} INFO - [2024-10-25T07:25:49.792+0000] {dag.py:4180} INFO - Setting next_dagrun for example_subdag_operator.section-2 to None, run_after=None
[2024-10-25T07:25:49.802+0000] {logging_mixin.py:190} INFO - [2024-10-25T07:25:49.802+0000] {dag.py:3239} INFO - Sync 2 DAGs
[2024-10-25T07:25:49.812+0000] {logging_mixin.py:190} INFO - [2024-10-25T07:25:49.812+0000] {dag.py:4180} INFO - Setting next_dagrun for example_subdag_operator.section-1 to None, run_after=None
[2024-10-25T07:25:49.814+0000] {logging_mixin.py:190} INFO - [2024-10-25T07:25:49.814+0000] {dag.py:4180} INFO - Setting next_dagrun for example_subdag_operator.section-2 to None, run_after=None
[2024-10-25T07:25:49.868+0000] {processor.py:208} INFO - Processing /home/airflow/.local/lib/python3.12/site-packages/airflow/example_dags/example_subdag_operator.py took 0.165 seconds
[2024-10-25T07:26:20.196+0000] {processor.py:186} INFO - Started process (PID=1643) to work on /home/airflow/.local/lib/python3.12/site-packages/airflow/example_dags/example_subdag_operator.py
[2024-10-25T07:26:20.237+0000] {processor.py:914} INFO - Processing file /home/airflow/.local/lib/python3.12/site-packages/airflow/example_dags/example_subdag_operator.py for tasks to queue
[2024-10-25T07:26:20.243+0000] {logging_mixin.py:190} INFO - [2024-10-25T07:26:20.242+0000] {dagbag.py:588} INFO - Filling up the DagBag from /home/airflow/.local/lib/python3.12/site-packages/airflow/example_dags/example_subdag_operator.py
[2024-10-25T07:26:20.287+0000] {processor.py:925} INFO - DAG(s) 'example_subdag_operator.section-1', 'example_subdag_operator.section-2', 'example_subdag_operator' retrieved from /home/airflow/.local/lib/python3.12/site-packages/airflow/example_dags/example_subdag_operator.py
[2024-10-25T07:26:20.307+0000] {logging_mixin.py:190} INFO - [2024-10-25T07:26:20.307+0000] {dag.py:3239} INFO - Sync 3 DAGs
[2024-10-25T07:26:20.335+0000] {logging_mixin.py:190} INFO - [2024-10-25T07:26:20.335+0000] {dag.py:4180} INFO - Setting next_dagrun for example_subdag_operator to 2022-01-01 00:00:00+00:00, run_after=2022-01-01 00:00:00+00:00
[2024-10-25T07:26:20.341+0000] {logging_mixin.py:190} INFO - [2024-10-25T07:26:20.341+0000] {dag.py:4180} INFO - Setting next_dagrun for example_subdag_operator.section-1 to None, run_after=None
[2024-10-25T07:26:20.345+0000] {logging_mixin.py:190} INFO - [2024-10-25T07:26:20.345+0000] {dag.py:4180} INFO - Setting next_dagrun for example_subdag_operator.section-2 to None, run_after=None
[2024-10-25T07:26:20.354+0000] {logging_mixin.py:190} INFO - [2024-10-25T07:26:20.354+0000] {dag.py:3239} INFO - Sync 2 DAGs
[2024-10-25T07:26:20.361+0000] {logging_mixin.py:190} INFO - [2024-10-25T07:26:20.361+0000] {dag.py:4180} INFO - Setting next_dagrun for example_subdag_operator.section-1 to None, run_after=None
[2024-10-25T07:26:20.363+0000] {logging_mixin.py:190} INFO - [2024-10-25T07:26:20.363+0000] {dag.py:4180} INFO - Setting next_dagrun for example_subdag_operator.section-2 to None, run_after=None
[2024-10-25T07:26:20.395+0000] {processor.py:208} INFO - Processing /home/airflow/.local/lib/python3.12/site-packages/airflow/example_dags/example_subdag_operator.py took 0.208 seconds
[2024-10-25T07:26:50.546+0000] {processor.py:186} INFO - Started process (PID=1713) to work on /home/airflow/.local/lib/python3.12/site-packages/airflow/example_dags/example_subdag_operator.py
[2024-10-25T07:26:50.548+0000] {processor.py:914} INFO - Processing file /home/airflow/.local/lib/python3.12/site-packages/airflow/example_dags/example_subdag_operator.py for tasks to queue
[2024-10-25T07:26:50.551+0000] {logging_mixin.py:190} INFO - [2024-10-25T07:26:50.550+0000] {dagbag.py:588} INFO - Filling up the DagBag from /home/airflow/.local/lib/python3.12/site-packages/airflow/example_dags/example_subdag_operator.py
[2024-10-25T07:26:50.589+0000] {processor.py:925} INFO - DAG(s) 'example_subdag_operator.section-1', 'example_subdag_operator.section-2', 'example_subdag_operator' retrieved from /home/airflow/.local/lib/python3.12/site-packages/airflow/example_dags/example_subdag_operator.py
[2024-10-25T07:26:50.602+0000] {logging_mixin.py:190} INFO - [2024-10-25T07:26:50.602+0000] {dag.py:3239} INFO - Sync 3 DAGs
[2024-10-25T07:26:50.621+0000] {logging_mixin.py:190} INFO - [2024-10-25T07:26:50.621+0000] {dag.py:4180} INFO - Setting next_dagrun for example_subdag_operator to 2022-01-01 00:00:00+00:00, run_after=2022-01-01 00:00:00+00:00
[2024-10-25T07:26:50.625+0000] {logging_mixin.py:190} INFO - [2024-10-25T07:26:50.625+0000] {dag.py:4180} INFO - Setting next_dagrun for example_subdag_operator.section-1 to None, run_after=None
[2024-10-25T07:26:50.627+0000] {logging_mixin.py:190} INFO - [2024-10-25T07:26:50.627+0000] {dag.py:4180} INFO - Setting next_dagrun for example_subdag_operator.section-2 to None, run_after=None
[2024-10-25T07:26:50.636+0000] {logging_mixin.py:190} INFO - [2024-10-25T07:26:50.635+0000] {dag.py:3239} INFO - Sync 2 DAGs
[2024-10-25T07:26:50.644+0000] {logging_mixin.py:190} INFO - [2024-10-25T07:26:50.644+0000] {dag.py:4180} INFO - Setting next_dagrun for example_subdag_operator.section-1 to None, run_after=None
[2024-10-25T07:26:50.646+0000] {logging_mixin.py:190} INFO - [2024-10-25T07:26:50.645+0000] {dag.py:4180} INFO - Setting next_dagrun for example_subdag_operator.section-2 to None, run_after=None
[2024-10-25T07:26:50.722+0000] {processor.py:208} INFO - Processing /home/airflow/.local/lib/python3.12/site-packages/airflow/example_dags/example_subdag_operator.py took 0.183 seconds
[2024-10-25T07:27:21.018+0000] {processor.py:186} INFO - Started process (PID=1782) to work on /home/airflow/.local/lib/python3.12/site-packages/airflow/example_dags/example_subdag_operator.py
[2024-10-25T07:27:21.019+0000] {processor.py:914} INFO - Processing file /home/airflow/.local/lib/python3.12/site-packages/airflow/example_dags/example_subdag_operator.py for tasks to queue
[2024-10-25T07:27:21.022+0000] {logging_mixin.py:190} INFO - [2024-10-25T07:27:21.021+0000] {dagbag.py:588} INFO - Filling up the DagBag from /home/airflow/.local/lib/python3.12/site-packages/airflow/example_dags/example_subdag_operator.py
[2024-10-25T07:27:21.046+0000] {processor.py:925} INFO - DAG(s) 'example_subdag_operator.section-1', 'example_subdag_operator.section-2', 'example_subdag_operator' retrieved from /home/airflow/.local/lib/python3.12/site-packages/airflow/example_dags/example_subdag_operator.py
[2024-10-25T07:27:21.059+0000] {logging_mixin.py:190} INFO - [2024-10-25T07:27:21.059+0000] {dag.py:3239} INFO - Sync 3 DAGs
[2024-10-25T07:27:21.080+0000] {logging_mixin.py:190} INFO - [2024-10-25T07:27:21.080+0000] {dag.py:4180} INFO - Setting next_dagrun for example_subdag_operator to 2022-01-01 00:00:00+00:00, run_after=2022-01-01 00:00:00+00:00
[2024-10-25T07:27:21.085+0000] {logging_mixin.py:190} INFO - [2024-10-25T07:27:21.084+0000] {dag.py:4180} INFO - Setting next_dagrun for example_subdag_operator.section-1 to None, run_after=None
[2024-10-25T07:27:21.087+0000] {logging_mixin.py:190} INFO - [2024-10-25T07:27:21.087+0000] {dag.py:4180} INFO - Setting next_dagrun for example_subdag_operator.section-2 to None, run_after=None
[2024-10-25T07:27:21.094+0000] {logging_mixin.py:190} INFO - [2024-10-25T07:27:21.094+0000] {dag.py:3239} INFO - Sync 2 DAGs
[2024-10-25T07:27:21.100+0000] {logging_mixin.py:190} INFO - [2024-10-25T07:27:21.100+0000] {dag.py:4180} INFO - Setting next_dagrun for example_subdag_operator.section-1 to None, run_after=None
[2024-10-25T07:27:21.102+0000] {logging_mixin.py:190} INFO - [2024-10-25T07:27:21.101+0000] {dag.py:4180} INFO - Setting next_dagrun for example_subdag_operator.section-2 to None, run_after=None
[2024-10-25T07:27:21.134+0000] {processor.py:208} INFO - Processing /home/airflow/.local/lib/python3.12/site-packages/airflow/example_dags/example_subdag_operator.py took 0.121 seconds
[2024-10-25T07:27:51.572+0000] {processor.py:186} INFO - Started process (PID=1851) to work on /home/airflow/.local/lib/python3.12/site-packages/airflow/example_dags/example_subdag_operator.py
[2024-10-25T07:27:51.573+0000] {processor.py:914} INFO - Processing file /home/airflow/.local/lib/python3.12/site-packages/airflow/example_dags/example_subdag_operator.py for tasks to queue
[2024-10-25T07:27:51.578+0000] {logging_mixin.py:190} INFO - [2024-10-25T07:27:51.578+0000] {dagbag.py:588} INFO - Filling up the DagBag from /home/airflow/.local/lib/python3.12/site-packages/airflow/example_dags/example_subdag_operator.py
[2024-10-25T07:27:51.609+0000] {processor.py:925} INFO - DAG(s) 'example_subdag_operator.section-1', 'example_subdag_operator.section-2', 'example_subdag_operator' retrieved from /home/airflow/.local/lib/python3.12/site-packages/airflow/example_dags/example_subdag_operator.py
[2024-10-25T07:27:51.626+0000] {logging_mixin.py:190} INFO - [2024-10-25T07:27:51.626+0000] {dag.py:3239} INFO - Sync 3 DAGs
[2024-10-25T07:27:51.652+0000] {logging_mixin.py:190} INFO - [2024-10-25T07:27:51.652+0000] {dag.py:4180} INFO - Setting next_dagrun for example_subdag_operator to 2022-01-01 00:00:00+00:00, run_after=2022-01-01 00:00:00+00:00
[2024-10-25T07:27:51.656+0000] {logging_mixin.py:190} INFO - [2024-10-25T07:27:51.656+0000] {dag.py:4180} INFO - Setting next_dagrun for example_subdag_operator.section-1 to None, run_after=None
[2024-10-25T07:27:51.658+0000] {logging_mixin.py:190} INFO - [2024-10-25T07:27:51.658+0000] {dag.py:4180} INFO - Setting next_dagrun for example_subdag_operator.section-2 to None, run_after=None
[2024-10-25T07:27:51.666+0000] {logging_mixin.py:190} INFO - [2024-10-25T07:27:51.666+0000] {dag.py:3239} INFO - Sync 2 DAGs
[2024-10-25T07:27:51.673+0000] {logging_mixin.py:190} INFO - [2024-10-25T07:27:51.673+0000] {dag.py:4180} INFO - Setting next_dagrun for example_subdag_operator.section-1 to None, run_after=None
[2024-10-25T07:27:51.674+0000] {logging_mixin.py:190} INFO - [2024-10-25T07:27:51.674+0000] {dag.py:4180} INFO - Setting next_dagrun for example_subdag_operator.section-2 to None, run_after=None
[2024-10-25T07:27:51.705+0000] {processor.py:208} INFO - Processing /home/airflow/.local/lib/python3.12/site-packages/airflow/example_dags/example_subdag_operator.py took 0.138 seconds
[2024-10-25T07:28:22.090+0000] {processor.py:186} INFO - Started process (PID=1920) to work on /home/airflow/.local/lib/python3.12/site-packages/airflow/example_dags/example_subdag_operator.py
[2024-10-25T07:28:22.091+0000] {processor.py:914} INFO - Processing file /home/airflow/.local/lib/python3.12/site-packages/airflow/example_dags/example_subdag_operator.py for tasks to queue
[2024-10-25T07:28:22.094+0000] {logging_mixin.py:190} INFO - [2024-10-25T07:28:22.094+0000] {dagbag.py:588} INFO - Filling up the DagBag from /home/airflow/.local/lib/python3.12/site-packages/airflow/example_dags/example_subdag_operator.py
[2024-10-25T07:28:22.125+0000] {processor.py:925} INFO - DAG(s) 'example_subdag_operator.section-1', 'example_subdag_operator.section-2', 'example_subdag_operator' retrieved from /home/airflow/.local/lib/python3.12/site-packages/airflow/example_dags/example_subdag_operator.py
[2024-10-25T07:28:22.140+0000] {logging_mixin.py:190} INFO - [2024-10-25T07:28:22.140+0000] {dag.py:3239} INFO - Sync 3 DAGs
[2024-10-25T07:28:22.164+0000] {logging_mixin.py:190} INFO - [2024-10-25T07:28:22.163+0000] {dag.py:4180} INFO - Setting next_dagrun for example_subdag_operator to 2022-01-01 00:00:00+00:00, run_after=2022-01-01 00:00:00+00:00
[2024-10-25T07:28:22.170+0000] {logging_mixin.py:190} INFO - [2024-10-25T07:28:22.170+0000] {dag.py:4180} INFO - Setting next_dagrun for example_subdag_operator.section-1 to None, run_after=None
[2024-10-25T07:28:22.174+0000] {logging_mixin.py:190} INFO - [2024-10-25T07:28:22.174+0000] {dag.py:4180} INFO - Setting next_dagrun for example_subdag_operator.section-2 to None, run_after=None
[2024-10-25T07:28:22.183+0000] {logging_mixin.py:190} INFO - [2024-10-25T07:28:22.183+0000] {dag.py:3239} INFO - Sync 2 DAGs
[2024-10-25T07:28:22.192+0000] {logging_mixin.py:190} INFO - [2024-10-25T07:28:22.192+0000] {dag.py:4180} INFO - Setting next_dagrun for example_subdag_operator.section-1 to None, run_after=None
[2024-10-25T07:28:22.193+0000] {logging_mixin.py:190} INFO - [2024-10-25T07:28:22.193+0000] {dag.py:4180} INFO - Setting next_dagrun for example_subdag_operator.section-2 to None, run_after=None
[2024-10-25T07:28:22.207+0000] {processor.py:208} INFO - Processing /home/airflow/.local/lib/python3.12/site-packages/airflow/example_dags/example_subdag_operator.py took 0.123 seconds
[2024-10-25T07:28:52.717+0000] {processor.py:186} INFO - Started process (PID=1989) to work on /home/airflow/.local/lib/python3.12/site-packages/airflow/example_dags/example_subdag_operator.py
[2024-10-25T07:28:52.718+0000] {processor.py:914} INFO - Processing file /home/airflow/.local/lib/python3.12/site-packages/airflow/example_dags/example_subdag_operator.py for tasks to queue
[2024-10-25T07:28:52.721+0000] {logging_mixin.py:190} INFO - [2024-10-25T07:28:52.721+0000] {dagbag.py:588} INFO - Filling up the DagBag from /home/airflow/.local/lib/python3.12/site-packages/airflow/example_dags/example_subdag_operator.py
[2024-10-25T07:28:52.750+0000] {processor.py:925} INFO - DAG(s) 'example_subdag_operator.section-1', 'example_subdag_operator.section-2', 'example_subdag_operator' retrieved from /home/airflow/.local/lib/python3.12/site-packages/airflow/example_dags/example_subdag_operator.py
[2024-10-25T07:28:52.763+0000] {logging_mixin.py:190} INFO - [2024-10-25T07:28:52.763+0000] {dag.py:3239} INFO - Sync 3 DAGs
[2024-10-25T07:28:52.785+0000] {logging_mixin.py:190} INFO - [2024-10-25T07:28:52.785+0000] {dag.py:4180} INFO - Setting next_dagrun for example_subdag_operator to 2022-01-01 00:00:00+00:00, run_after=2022-01-01 00:00:00+00:00
[2024-10-25T07:28:52.790+0000] {logging_mixin.py:190} INFO - [2024-10-25T07:28:52.789+0000] {dag.py:4180} INFO - Setting next_dagrun for example_subdag_operator.section-1 to None, run_after=None
[2024-10-25T07:28:52.793+0000] {logging_mixin.py:190} INFO - [2024-10-25T07:28:52.793+0000] {dag.py:4180} INFO - Setting next_dagrun for example_subdag_operator.section-2 to None, run_after=None
[2024-10-25T07:28:52.802+0000] {logging_mixin.py:190} INFO - [2024-10-25T07:28:52.802+0000] {dag.py:3239} INFO - Sync 2 DAGs
[2024-10-25T07:28:52.810+0000] {logging_mixin.py:190} INFO - [2024-10-25T07:28:52.810+0000] {dag.py:4180} INFO - Setting next_dagrun for example_subdag_operator.section-1 to None, run_after=None
[2024-10-25T07:28:52.811+0000] {logging_mixin.py:190} INFO - [2024-10-25T07:28:52.811+0000] {dag.py:4180} INFO - Setting next_dagrun for example_subdag_operator.section-2 to None, run_after=None
[2024-10-25T07:28:52.826+0000] {processor.py:208} INFO - Processing /home/airflow/.local/lib/python3.12/site-packages/airflow/example_dags/example_subdag_operator.py took 0.114 seconds
[2024-10-25T07:29:22.997+0000] {processor.py:186} INFO - Started process (PID=2058) to work on /home/airflow/.local/lib/python3.12/site-packages/airflow/example_dags/example_subdag_operator.py
[2024-10-25T07:29:22.999+0000] {processor.py:914} INFO - Processing file /home/airflow/.local/lib/python3.12/site-packages/airflow/example_dags/example_subdag_operator.py for tasks to queue
[2024-10-25T07:29:23.001+0000] {logging_mixin.py:190} INFO - [2024-10-25T07:29:23.001+0000] {dagbag.py:588} INFO - Filling up the DagBag from /home/airflow/.local/lib/python3.12/site-packages/airflow/example_dags/example_subdag_operator.py
[2024-10-25T07:29:23.027+0000] {processor.py:925} INFO - DAG(s) 'example_subdag_operator.section-1', 'example_subdag_operator.section-2', 'example_subdag_operator' retrieved from /home/airflow/.local/lib/python3.12/site-packages/airflow/example_dags/example_subdag_operator.py
[2024-10-25T07:29:23.039+0000] {logging_mixin.py:190} INFO - [2024-10-25T07:29:23.039+0000] {dag.py:3239} INFO - Sync 3 DAGs
[2024-10-25T07:29:23.056+0000] {logging_mixin.py:190} INFO - [2024-10-25T07:29:23.056+0000] {dag.py:4180} INFO - Setting next_dagrun for example_subdag_operator to 2022-01-01 00:00:00+00:00, run_after=2022-01-01 00:00:00+00:00
[2024-10-25T07:29:23.060+0000] {logging_mixin.py:190} INFO - [2024-10-25T07:29:23.059+0000] {dag.py:4180} INFO - Setting next_dagrun for example_subdag_operator.section-1 to None, run_after=None
[2024-10-25T07:29:23.062+0000] {logging_mixin.py:190} INFO - [2024-10-25T07:29:23.062+0000] {dag.py:4180} INFO - Setting next_dagrun for example_subdag_operator.section-2 to None, run_after=None
[2024-10-25T07:29:23.069+0000] {logging_mixin.py:190} INFO - [2024-10-25T07:29:23.069+0000] {dag.py:3239} INFO - Sync 2 DAGs
[2024-10-25T07:29:23.077+0000] {logging_mixin.py:190} INFO - [2024-10-25T07:29:23.077+0000] {dag.py:4180} INFO - Setting next_dagrun for example_subdag_operator.section-1 to None, run_after=None
[2024-10-25T07:29:23.078+0000] {logging_mixin.py:190} INFO - [2024-10-25T07:29:23.078+0000] {dag.py:4180} INFO - Setting next_dagrun for example_subdag_operator.section-2 to None, run_after=None
[2024-10-25T07:29:23.092+0000] {processor.py:208} INFO - Processing /home/airflow/.local/lib/python3.12/site-packages/airflow/example_dags/example_subdag_operator.py took 0.099 seconds
[2024-10-25T07:29:53.524+0000] {processor.py:186} INFO - Started process (PID=2127) to work on /home/airflow/.local/lib/python3.12/site-packages/airflow/example_dags/example_subdag_operator.py
[2024-10-25T07:29:53.525+0000] {processor.py:914} INFO - Processing file /home/airflow/.local/lib/python3.12/site-packages/airflow/example_dags/example_subdag_operator.py for tasks to queue
[2024-10-25T07:29:53.529+0000] {logging_mixin.py:190} INFO - [2024-10-25T07:29:53.529+0000] {dagbag.py:588} INFO - Filling up the DagBag from /home/airflow/.local/lib/python3.12/site-packages/airflow/example_dags/example_subdag_operator.py
[2024-10-25T07:29:53.553+0000] {processor.py:925} INFO - DAG(s) 'example_subdag_operator.section-1', 'example_subdag_operator.section-2', 'example_subdag_operator' retrieved from /home/airflow/.local/lib/python3.12/site-packages/airflow/example_dags/example_subdag_operator.py
[2024-10-25T07:29:53.567+0000] {logging_mixin.py:190} INFO - [2024-10-25T07:29:53.566+0000] {dag.py:3239} INFO - Sync 3 DAGs
[2024-10-25T07:29:53.588+0000] {logging_mixin.py:190} INFO - [2024-10-25T07:29:53.588+0000] {dag.py:4180} INFO - Setting next_dagrun for example_subdag_operator to 2022-01-01 00:00:00+00:00, run_after=2022-01-01 00:00:00+00:00
[2024-10-25T07:29:53.592+0000] {logging_mixin.py:190} INFO - [2024-10-25T07:29:53.592+0000] {dag.py:4180} INFO - Setting next_dagrun for example_subdag_operator.section-1 to None, run_after=None
[2024-10-25T07:29:53.595+0000] {logging_mixin.py:190} INFO - [2024-10-25T07:29:53.595+0000] {dag.py:4180} INFO - Setting next_dagrun for example_subdag_operator.section-2 to None, run_after=None
[2024-10-25T07:29:53.601+0000] {logging_mixin.py:190} INFO - [2024-10-25T07:29:53.601+0000] {dag.py:3239} INFO - Sync 2 DAGs
[2024-10-25T07:29:53.607+0000] {logging_mixin.py:190} INFO - [2024-10-25T07:29:53.607+0000] {dag.py:4180} INFO - Setting next_dagrun for example_subdag_operator.section-1 to None, run_after=None
[2024-10-25T07:29:53.608+0000] {logging_mixin.py:190} INFO - [2024-10-25T07:29:53.608+0000] {dag.py:4180} INFO - Setting next_dagrun for example_subdag_operator.section-2 to None, run_after=None
[2024-10-25T07:29:53.621+0000] {processor.py:208} INFO - Processing /home/airflow/.local/lib/python3.12/site-packages/airflow/example_dags/example_subdag_operator.py took 0.103 seconds
[2024-10-25T07:30:24.511+0000] {processor.py:186} INFO - Started process (PID=2194) to work on /home/airflow/.local/lib/python3.12/site-packages/airflow/example_dags/example_subdag_operator.py
[2024-10-25T07:30:24.512+0000] {processor.py:914} INFO - Processing file /home/airflow/.local/lib/python3.12/site-packages/airflow/example_dags/example_subdag_operator.py for tasks to queue
[2024-10-25T07:30:24.515+0000] {logging_mixin.py:190} INFO - [2024-10-25T07:30:24.515+0000] {dagbag.py:588} INFO - Filling up the DagBag from /home/airflow/.local/lib/python3.12/site-packages/airflow/example_dags/example_subdag_operator.py
[2024-10-25T07:30:24.546+0000] {processor.py:925} INFO - DAG(s) 'example_subdag_operator.section-1', 'example_subdag_operator.section-2', 'example_subdag_operator' retrieved from /home/airflow/.local/lib/python3.12/site-packages/airflow/example_dags/example_subdag_operator.py
[2024-10-25T07:30:24.560+0000] {logging_mixin.py:190} INFO - [2024-10-25T07:30:24.559+0000] {dag.py:3239} INFO - Sync 3 DAGs
[2024-10-25T07:30:24.581+0000] {logging_mixin.py:190} INFO - [2024-10-25T07:30:24.581+0000] {dag.py:4180} INFO - Setting next_dagrun for example_subdag_operator to 2022-01-01 00:00:00+00:00, run_after=2022-01-01 00:00:00+00:00
[2024-10-25T07:30:24.586+0000] {logging_mixin.py:190} INFO - [2024-10-25T07:30:24.586+0000] {dag.py:4180} INFO - Setting next_dagrun for example_subdag_operator.section-1 to None, run_after=None
[2024-10-25T07:30:24.588+0000] {logging_mixin.py:190} INFO - [2024-10-25T07:30:24.588+0000] {dag.py:4180} INFO - Setting next_dagrun for example_subdag_operator.section-2 to None, run_after=None
[2024-10-25T07:30:24.597+0000] {logging_mixin.py:190} INFO - [2024-10-25T07:30:24.597+0000] {dag.py:3239} INFO - Sync 2 DAGs
[2024-10-25T07:30:24.603+0000] {logging_mixin.py:190} INFO - [2024-10-25T07:30:24.603+0000] {dag.py:4180} INFO - Setting next_dagrun for example_subdag_operator.section-1 to None, run_after=None
[2024-10-25T07:30:24.604+0000] {logging_mixin.py:190} INFO - [2024-10-25T07:30:24.604+0000] {dag.py:4180} INFO - Setting next_dagrun for example_subdag_operator.section-2 to None, run_after=None
[2024-10-25T07:30:24.621+0000] {processor.py:208} INFO - Processing /home/airflow/.local/lib/python3.12/site-packages/airflow/example_dags/example_subdag_operator.py took 0.116 seconds
[2024-10-25T07:30:55.029+0000] {processor.py:186} INFO - Started process (PID=2262) to work on /home/airflow/.local/lib/python3.12/site-packages/airflow/example_dags/example_subdag_operator.py
[2024-10-25T07:30:55.030+0000] {processor.py:914} INFO - Processing file /home/airflow/.local/lib/python3.12/site-packages/airflow/example_dags/example_subdag_operator.py for tasks to queue
[2024-10-25T07:30:55.034+0000] {logging_mixin.py:190} INFO - [2024-10-25T07:30:55.034+0000] {dagbag.py:588} INFO - Filling up the DagBag from /home/airflow/.local/lib/python3.12/site-packages/airflow/example_dags/example_subdag_operator.py
[2024-10-25T07:30:55.094+0000] {processor.py:925} INFO - DAG(s) 'example_subdag_operator.section-1', 'example_subdag_operator.section-2', 'example_subdag_operator' retrieved from /home/airflow/.local/lib/python3.12/site-packages/airflow/example_dags/example_subdag_operator.py
[2024-10-25T07:30:55.111+0000] {logging_mixin.py:190} INFO - [2024-10-25T07:30:55.111+0000] {dag.py:3239} INFO - Sync 3 DAGs
[2024-10-25T07:30:55.139+0000] {logging_mixin.py:190} INFO - [2024-10-25T07:30:55.139+0000] {dag.py:4180} INFO - Setting next_dagrun for example_subdag_operator to 2022-01-01 00:00:00+00:00, run_after=2022-01-01 00:00:00+00:00
[2024-10-25T07:30:55.144+0000] {logging_mixin.py:190} INFO - [2024-10-25T07:30:55.143+0000] {dag.py:4180} INFO - Setting next_dagrun for example_subdag_operator.section-1 to None, run_after=None
[2024-10-25T07:30:55.146+0000] {logging_mixin.py:190} INFO - [2024-10-25T07:30:55.146+0000] {dag.py:4180} INFO - Setting next_dagrun for example_subdag_operator.section-2 to None, run_after=None
[2024-10-25T07:30:55.155+0000] {logging_mixin.py:190} INFO - [2024-10-25T07:30:55.155+0000] {dag.py:3239} INFO - Sync 2 DAGs
[2024-10-25T07:30:55.161+0000] {logging_mixin.py:190} INFO - [2024-10-25T07:30:55.160+0000] {dag.py:4180} INFO - Setting next_dagrun for example_subdag_operator.section-1 to None, run_after=None
[2024-10-25T07:30:55.162+0000] {logging_mixin.py:190} INFO - [2024-10-25T07:30:55.161+0000] {dag.py:4180} INFO - Setting next_dagrun for example_subdag_operator.section-2 to None, run_after=None
[2024-10-25T07:30:55.176+0000] {processor.py:208} INFO - Processing /home/airflow/.local/lib/python3.12/site-packages/airflow/example_dags/example_subdag_operator.py took 0.152 seconds
[2024-10-25T07:31:25.739+0000] {processor.py:186} INFO - Started process (PID=2331) to work on /home/airflow/.local/lib/python3.12/site-packages/airflow/example_dags/example_subdag_operator.py
[2024-10-25T07:31:25.741+0000] {processor.py:914} INFO - Processing file /home/airflow/.local/lib/python3.12/site-packages/airflow/example_dags/example_subdag_operator.py for tasks to queue
[2024-10-25T07:31:25.743+0000] {logging_mixin.py:190} INFO - [2024-10-25T07:31:25.743+0000] {dagbag.py:588} INFO - Filling up the DagBag from /home/airflow/.local/lib/python3.12/site-packages/airflow/example_dags/example_subdag_operator.py
[2024-10-25T07:31:25.773+0000] {processor.py:925} INFO - DAG(s) 'example_subdag_operator.section-1', 'example_subdag_operator.section-2', 'example_subdag_operator' retrieved from /home/airflow/.local/lib/python3.12/site-packages/airflow/example_dags/example_subdag_operator.py
[2024-10-25T07:31:25.786+0000] {logging_mixin.py:190} INFO - [2024-10-25T07:31:25.786+0000] {dag.py:3239} INFO - Sync 3 DAGs
[2024-10-25T07:31:25.810+0000] {logging_mixin.py:190} INFO - [2024-10-25T07:31:25.810+0000] {dag.py:4180} INFO - Setting next_dagrun for example_subdag_operator to 2022-01-01 00:00:00+00:00, run_after=2022-01-01 00:00:00+00:00
[2024-10-25T07:31:25.815+0000] {logging_mixin.py:190} INFO - [2024-10-25T07:31:25.814+0000] {dag.py:4180} INFO - Setting next_dagrun for example_subdag_operator.section-1 to None, run_after=None
[2024-10-25T07:31:25.817+0000] {logging_mixin.py:190} INFO - [2024-10-25T07:31:25.817+0000] {dag.py:4180} INFO - Setting next_dagrun for example_subdag_operator.section-2 to None, run_after=None
[2024-10-25T07:31:25.825+0000] {logging_mixin.py:190} INFO - [2024-10-25T07:31:25.825+0000] {dag.py:3239} INFO - Sync 2 DAGs
[2024-10-25T07:31:25.831+0000] {logging_mixin.py:190} INFO - [2024-10-25T07:31:25.831+0000] {dag.py:4180} INFO - Setting next_dagrun for example_subdag_operator.section-1 to None, run_after=None
[2024-10-25T07:31:25.832+0000] {logging_mixin.py:190} INFO - [2024-10-25T07:31:25.832+0000] {dag.py:4180} INFO - Setting next_dagrun for example_subdag_operator.section-2 to None, run_after=None
[2024-10-25T07:31:25.846+0000] {processor.py:208} INFO - Processing /home/airflow/.local/lib/python3.12/site-packages/airflow/example_dags/example_subdag_operator.py took 0.111 seconds
[2024-10-25T07:31:56.015+0000] {processor.py:186} INFO - Started process (PID=2405) to work on /home/airflow/.local/lib/python3.12/site-packages/airflow/example_dags/example_subdag_operator.py
[2024-10-25T07:31:56.017+0000] {processor.py:914} INFO - Processing file /home/airflow/.local/lib/python3.12/site-packages/airflow/example_dags/example_subdag_operator.py for tasks to queue
[2024-10-25T07:31:56.023+0000] {logging_mixin.py:190} INFO - [2024-10-25T07:31:56.021+0000] {dagbag.py:588} INFO - Filling up the DagBag from /home/airflow/.local/lib/python3.12/site-packages/airflow/example_dags/example_subdag_operator.py
[2024-10-25T07:31:56.087+0000] {processor.py:925} INFO - DAG(s) 'example_subdag_operator.section-1', 'example_subdag_operator.section-2', 'example_subdag_operator' retrieved from /home/airflow/.local/lib/python3.12/site-packages/airflow/example_dags/example_subdag_operator.py
[2024-10-25T07:31:56.115+0000] {logging_mixin.py:190} INFO - [2024-10-25T07:31:56.114+0000] {dag.py:3239} INFO - Sync 3 DAGs
[2024-10-25T07:31:56.163+0000] {logging_mixin.py:190} INFO - [2024-10-25T07:31:56.162+0000] {dag.py:4180} INFO - Setting next_dagrun for example_subdag_operator to 2022-01-01 00:00:00+00:00, run_after=2022-01-01 00:00:00+00:00
[2024-10-25T07:31:56.172+0000] {logging_mixin.py:190} INFO - [2024-10-25T07:31:56.171+0000] {dag.py:4180} INFO - Setting next_dagrun for example_subdag_operator.section-1 to None, run_after=None
[2024-10-25T07:31:56.433+0000] {logging_mixin.py:190} INFO - [2024-10-25T07:31:56.433+0000] {dag.py:4180} INFO - Setting next_dagrun for example_subdag_operator.section-2 to None, run_after=None
[2024-10-25T07:31:56.445+0000] {logging_mixin.py:190} INFO - [2024-10-25T07:31:56.445+0000] {dag.py:3239} INFO - Sync 2 DAGs
[2024-10-25T07:31:56.454+0000] {logging_mixin.py:190} INFO - [2024-10-25T07:31:56.454+0000] {dag.py:4180} INFO - Setting next_dagrun for example_subdag_operator.section-1 to None, run_after=None
[2024-10-25T07:31:56.455+0000] {logging_mixin.py:190} INFO - [2024-10-25T07:31:56.455+0000] {dag.py:4180} INFO - Setting next_dagrun for example_subdag_operator.section-2 to None, run_after=None
[2024-10-25T07:31:56.479+0000] {processor.py:208} INFO - Processing /home/airflow/.local/lib/python3.12/site-packages/airflow/example_dags/example_subdag_operator.py took 0.480 seconds
[2024-10-25T07:32:46.342+0000] {processor.py:186} INFO - Started process (PID=2426) to work on /home/airflow/.local/lib/python3.12/site-packages/airflow/example_dags/example_subdag_operator.py
[2024-10-25T07:32:46.344+0000] {processor.py:914} INFO - Processing file /home/airflow/.local/lib/python3.12/site-packages/airflow/example_dags/example_subdag_operator.py for tasks to queue
[2024-10-25T07:32:46.349+0000] {logging_mixin.py:190} INFO - [2024-10-25T07:32:46.348+0000] {dagbag.py:588} INFO - Filling up the DagBag from /home/airflow/.local/lib/python3.12/site-packages/airflow/example_dags/example_subdag_operator.py
[2024-10-25T07:32:46.411+0000] {processor.py:925} INFO - DAG(s) 'example_subdag_operator.section-1', 'example_subdag_operator.section-2', 'example_subdag_operator' retrieved from /home/airflow/.local/lib/python3.12/site-packages/airflow/example_dags/example_subdag_operator.py
[2024-10-25T07:32:46.440+0000] {logging_mixin.py:190} INFO - [2024-10-25T07:32:46.440+0000] {dag.py:3239} INFO - Sync 3 DAGs
[2024-10-25T07:32:46.497+0000] {logging_mixin.py:190} INFO - [2024-10-25T07:32:46.496+0000] {dag.py:4180} INFO - Setting next_dagrun for example_subdag_operator to 2022-01-01 00:00:00+00:00, run_after=2022-01-01 00:00:00+00:00
[2024-10-25T07:32:46.508+0000] {logging_mixin.py:190} INFO - [2024-10-25T07:32:46.507+0000] {dag.py:4180} INFO - Setting next_dagrun for example_subdag_operator.section-1 to None, run_after=None
[2024-10-25T07:32:46.512+0000] {logging_mixin.py:190} INFO - [2024-10-25T07:32:46.511+0000] {dag.py:4180} INFO - Setting next_dagrun for example_subdag_operator.section-2 to None, run_after=None
[2024-10-25T07:32:46.531+0000] {logging_mixin.py:190} INFO - [2024-10-25T07:32:46.530+0000] {dag.py:3239} INFO - Sync 2 DAGs
[2024-10-25T07:32:46.546+0000] {logging_mixin.py:190} INFO - [2024-10-25T07:32:46.545+0000] {dag.py:4180} INFO - Setting next_dagrun for example_subdag_operator.section-1 to None, run_after=None
[2024-10-25T07:32:46.547+0000] {logging_mixin.py:190} INFO - [2024-10-25T07:32:46.547+0000] {dag.py:4180} INFO - Setting next_dagrun for example_subdag_operator.section-2 to None, run_after=None
[2024-10-25T07:32:46.574+0000] {processor.py:208} INFO - Processing /home/airflow/.local/lib/python3.12/site-packages/airflow/example_dags/example_subdag_operator.py took 0.247 seconds
[2024-10-25T07:33:16.757+0000] {processor.py:186} INFO - Started process (PID=2495) to work on /home/airflow/.local/lib/python3.12/site-packages/airflow/example_dags/example_subdag_operator.py
[2024-10-25T07:33:16.759+0000] {processor.py:914} INFO - Processing file /home/airflow/.local/lib/python3.12/site-packages/airflow/example_dags/example_subdag_operator.py for tasks to queue
[2024-10-25T07:33:16.760+0000] {logging_mixin.py:190} INFO - [2024-10-25T07:33:16.760+0000] {dagbag.py:588} INFO - Filling up the DagBag from /home/airflow/.local/lib/python3.12/site-packages/airflow/example_dags/example_subdag_operator.py
[2024-10-25T07:33:16.796+0000] {processor.py:925} INFO - DAG(s) 'example_subdag_operator.section-1', 'example_subdag_operator.section-2', 'example_subdag_operator' retrieved from /home/airflow/.local/lib/python3.12/site-packages/airflow/example_dags/example_subdag_operator.py
[2024-10-25T07:33:16.813+0000] {logging_mixin.py:190} INFO - [2024-10-25T07:33:16.813+0000] {dag.py:3239} INFO - Sync 3 DAGs
[2024-10-25T07:33:17.008+0000] {logging_mixin.py:190} INFO - [2024-10-25T07:33:17.008+0000] {dag.py:4180} INFO - Setting next_dagrun for example_subdag_operator to 2022-01-01 00:00:00+00:00, run_after=2022-01-01 00:00:00+00:00
[2024-10-25T07:33:17.013+0000] {logging_mixin.py:190} INFO - [2024-10-25T07:33:17.013+0000] {dag.py:4180} INFO - Setting next_dagrun for example_subdag_operator.section-1 to None, run_after=None
[2024-10-25T07:33:17.015+0000] {logging_mixin.py:190} INFO - [2024-10-25T07:33:17.015+0000] {dag.py:4180} INFO - Setting next_dagrun for example_subdag_operator.section-2 to None, run_after=None
[2024-10-25T07:33:17.022+0000] {logging_mixin.py:190} INFO - [2024-10-25T07:33:17.022+0000] {dag.py:3239} INFO - Sync 2 DAGs
[2024-10-25T07:33:17.028+0000] {logging_mixin.py:190} INFO - [2024-10-25T07:33:17.028+0000] {dag.py:4180} INFO - Setting next_dagrun for example_subdag_operator.section-1 to None, run_after=None
[2024-10-25T07:33:17.028+0000] {logging_mixin.py:190} INFO - [2024-10-25T07:33:17.028+0000] {dag.py:4180} INFO - Setting next_dagrun for example_subdag_operator.section-2 to None, run_after=None
[2024-10-25T07:33:17.043+0000] {processor.py:208} INFO - Processing /home/airflow/.local/lib/python3.12/site-packages/airflow/example_dags/example_subdag_operator.py took 0.291 seconds
[2024-10-25T07:33:47.426+0000] {processor.py:186} INFO - Started process (PID=2564) to work on /home/airflow/.local/lib/python3.12/site-packages/airflow/example_dags/example_subdag_operator.py
[2024-10-25T07:33:47.427+0000] {processor.py:914} INFO - Processing file /home/airflow/.local/lib/python3.12/site-packages/airflow/example_dags/example_subdag_operator.py for tasks to queue
[2024-10-25T07:33:47.429+0000] {logging_mixin.py:190} INFO - [2024-10-25T07:33:47.429+0000] {dagbag.py:588} INFO - Filling up the DagBag from /home/airflow/.local/lib/python3.12/site-packages/airflow/example_dags/example_subdag_operator.py
[2024-10-25T07:33:47.463+0000] {processor.py:925} INFO - DAG(s) 'example_subdag_operator.section-1', 'example_subdag_operator.section-2', 'example_subdag_operator' retrieved from /home/airflow/.local/lib/python3.12/site-packages/airflow/example_dags/example_subdag_operator.py
[2024-10-25T07:33:47.479+0000] {logging_mixin.py:190} INFO - [2024-10-25T07:33:47.479+0000] {dag.py:3239} INFO - Sync 3 DAGs
[2024-10-25T07:33:47.742+0000] {logging_mixin.py:190} INFO - [2024-10-25T07:33:47.742+0000] {dag.py:4180} INFO - Setting next_dagrun for example_subdag_operator to 2022-01-01 00:00:00+00:00, run_after=2022-01-01 00:00:00+00:00
[2024-10-25T07:33:47.749+0000] {logging_mixin.py:190} INFO - [2024-10-25T07:33:47.749+0000] {dag.py:4180} INFO - Setting next_dagrun for example_subdag_operator.section-1 to None, run_after=None
[2024-10-25T07:33:47.752+0000] {logging_mixin.py:190} INFO - [2024-10-25T07:33:47.751+0000] {dag.py:4180} INFO - Setting next_dagrun for example_subdag_operator.section-2 to None, run_after=None
[2024-10-25T07:33:47.762+0000] {logging_mixin.py:190} INFO - [2024-10-25T07:33:47.761+0000] {dag.py:3239} INFO - Sync 2 DAGs
[2024-10-25T07:33:47.768+0000] {logging_mixin.py:190} INFO - [2024-10-25T07:33:47.768+0000] {dag.py:4180} INFO - Setting next_dagrun for example_subdag_operator.section-1 to None, run_after=None
[2024-10-25T07:33:47.769+0000] {logging_mixin.py:190} INFO - [2024-10-25T07:33:47.769+0000] {dag.py:4180} INFO - Setting next_dagrun for example_subdag_operator.section-2 to None, run_after=None
[2024-10-25T07:33:47.785+0000] {processor.py:208} INFO - Processing /home/airflow/.local/lib/python3.12/site-packages/airflow/example_dags/example_subdag_operator.py took 0.366 seconds
[2024-10-25T07:34:18.813+0000] {processor.py:186} INFO - Started process (PID=2633) to work on /home/airflow/.local/lib/python3.12/site-packages/airflow/example_dags/example_subdag_operator.py
[2024-10-25T07:34:18.814+0000] {processor.py:914} INFO - Processing file /home/airflow/.local/lib/python3.12/site-packages/airflow/example_dags/example_subdag_operator.py for tasks to queue
[2024-10-25T07:34:18.816+0000] {logging_mixin.py:190} INFO - [2024-10-25T07:34:18.815+0000] {dagbag.py:588} INFO - Filling up the DagBag from /home/airflow/.local/lib/python3.12/site-packages/airflow/example_dags/example_subdag_operator.py
[2024-10-25T07:34:18.845+0000] {processor.py:925} INFO - DAG(s) 'example_subdag_operator.section-1', 'example_subdag_operator.section-2', 'example_subdag_operator' retrieved from /home/airflow/.local/lib/python3.12/site-packages/airflow/example_dags/example_subdag_operator.py
[2024-10-25T07:34:18.858+0000] {logging_mixin.py:190} INFO - [2024-10-25T07:34:18.858+0000] {dag.py:3239} INFO - Sync 3 DAGs
[2024-10-25T07:34:19.021+0000] {logging_mixin.py:190} INFO - [2024-10-25T07:34:19.021+0000] {dag.py:4180} INFO - Setting next_dagrun for example_subdag_operator to 2022-01-01 00:00:00+00:00, run_after=2022-01-01 00:00:00+00:00
[2024-10-25T07:34:19.025+0000] {logging_mixin.py:190} INFO - [2024-10-25T07:34:19.025+0000] {dag.py:4180} INFO - Setting next_dagrun for example_subdag_operator.section-1 to None, run_after=None
[2024-10-25T07:34:19.027+0000] {logging_mixin.py:190} INFO - [2024-10-25T07:34:19.027+0000] {dag.py:4180} INFO - Setting next_dagrun for example_subdag_operator.section-2 to None, run_after=None
[2024-10-25T07:34:19.034+0000] {logging_mixin.py:190} INFO - [2024-10-25T07:34:19.034+0000] {dag.py:3239} INFO - Sync 2 DAGs
[2024-10-25T07:34:19.041+0000] {logging_mixin.py:190} INFO - [2024-10-25T07:34:19.041+0000] {dag.py:4180} INFO - Setting next_dagrun for example_subdag_operator.section-1 to None, run_after=None
[2024-10-25T07:34:19.042+0000] {logging_mixin.py:190} INFO - [2024-10-25T07:34:19.042+0000] {dag.py:4180} INFO - Setting next_dagrun for example_subdag_operator.section-2 to None, run_after=None
[2024-10-25T07:34:19.065+0000] {processor.py:208} INFO - Processing /home/airflow/.local/lib/python3.12/site-packages/airflow/example_dags/example_subdag_operator.py took 0.257 seconds
[2024-10-25T07:34:49.371+0000] {processor.py:186} INFO - Started process (PID=2702) to work on /home/airflow/.local/lib/python3.12/site-packages/airflow/example_dags/example_subdag_operator.py
[2024-10-25T07:34:49.373+0000] {processor.py:914} INFO - Processing file /home/airflow/.local/lib/python3.12/site-packages/airflow/example_dags/example_subdag_operator.py for tasks to queue
[2024-10-25T07:34:49.374+0000] {logging_mixin.py:190} INFO - [2024-10-25T07:34:49.374+0000] {dagbag.py:588} INFO - Filling up the DagBag from /home/airflow/.local/lib/python3.12/site-packages/airflow/example_dags/example_subdag_operator.py
[2024-10-25T07:34:49.404+0000] {processor.py:925} INFO - DAG(s) 'example_subdag_operator.section-1', 'example_subdag_operator.section-2', 'example_subdag_operator' retrieved from /home/airflow/.local/lib/python3.12/site-packages/airflow/example_dags/example_subdag_operator.py
[2024-10-25T07:34:49.419+0000] {logging_mixin.py:190} INFO - [2024-10-25T07:34:49.419+0000] {dag.py:3239} INFO - Sync 3 DAGs
[2024-10-25T07:34:49.442+0000] {logging_mixin.py:190} INFO - [2024-10-25T07:34:49.442+0000] {dag.py:4180} INFO - Setting next_dagrun for example_subdag_operator to 2022-01-01 00:00:00+00:00, run_after=2022-01-01 00:00:00+00:00
[2024-10-25T07:34:49.447+0000] {logging_mixin.py:190} INFO - [2024-10-25T07:34:49.446+0000] {dag.py:4180} INFO - Setting next_dagrun for example_subdag_operator.section-1 to None, run_after=None
[2024-10-25T07:34:49.450+0000] {logging_mixin.py:190} INFO - [2024-10-25T07:34:49.450+0000] {dag.py:4180} INFO - Setting next_dagrun for example_subdag_operator.section-2 to None, run_after=None
[2024-10-25T07:34:49.459+0000] {logging_mixin.py:190} INFO - [2024-10-25T07:34:49.459+0000] {dag.py:3239} INFO - Sync 2 DAGs
[2024-10-25T07:34:49.467+0000] {logging_mixin.py:190} INFO - [2024-10-25T07:34:49.467+0000] {dag.py:4180} INFO - Setting next_dagrun for example_subdag_operator.section-1 to None, run_after=None
[2024-10-25T07:34:49.468+0000] {logging_mixin.py:190} INFO - [2024-10-25T07:34:49.468+0000] {dag.py:4180} INFO - Setting next_dagrun for example_subdag_operator.section-2 to None, run_after=None
[2024-10-25T07:34:49.487+0000] {processor.py:208} INFO - Processing /home/airflow/.local/lib/python3.12/site-packages/airflow/example_dags/example_subdag_operator.py took 0.124 seconds
[2024-10-25T07:35:20.374+0000] {processor.py:186} INFO - Started process (PID=2771) to work on /home/airflow/.local/lib/python3.12/site-packages/airflow/example_dags/example_subdag_operator.py
[2024-10-25T07:35:20.376+0000] {processor.py:914} INFO - Processing file /home/airflow/.local/lib/python3.12/site-packages/airflow/example_dags/example_subdag_operator.py for tasks to queue
[2024-10-25T07:35:20.378+0000] {logging_mixin.py:190} INFO - [2024-10-25T07:35:20.377+0000] {dagbag.py:588} INFO - Filling up the DagBag from /home/airflow/.local/lib/python3.12/site-packages/airflow/example_dags/example_subdag_operator.py
[2024-10-25T07:35:20.411+0000] {processor.py:925} INFO - DAG(s) 'example_subdag_operator.section-1', 'example_subdag_operator.section-2', 'example_subdag_operator' retrieved from /home/airflow/.local/lib/python3.12/site-packages/airflow/example_dags/example_subdag_operator.py
[2024-10-25T07:35:20.426+0000] {logging_mixin.py:190} INFO - [2024-10-25T07:35:20.426+0000] {dag.py:3239} INFO - Sync 3 DAGs
[2024-10-25T07:35:20.447+0000] {logging_mixin.py:190} INFO - [2024-10-25T07:35:20.447+0000] {dag.py:4180} INFO - Setting next_dagrun for example_subdag_operator to 2022-01-01 00:00:00+00:00, run_after=2022-01-01 00:00:00+00:00
[2024-10-25T07:35:20.452+0000] {logging_mixin.py:190} INFO - [2024-10-25T07:35:20.451+0000] {dag.py:4180} INFO - Setting next_dagrun for example_subdag_operator.section-1 to None, run_after=None
[2024-10-25T07:35:20.454+0000] {logging_mixin.py:190} INFO - [2024-10-25T07:35:20.454+0000] {dag.py:4180} INFO - Setting next_dagrun for example_subdag_operator.section-2 to None, run_after=None
[2024-10-25T07:35:20.461+0000] {logging_mixin.py:190} INFO - [2024-10-25T07:35:20.461+0000] {dag.py:3239} INFO - Sync 2 DAGs
[2024-10-25T07:35:20.468+0000] {logging_mixin.py:190} INFO - [2024-10-25T07:35:20.468+0000] {dag.py:4180} INFO - Setting next_dagrun for example_subdag_operator.section-1 to None, run_after=None
[2024-10-25T07:35:20.469+0000] {logging_mixin.py:190} INFO - [2024-10-25T07:35:20.469+0000] {dag.py:4180} INFO - Setting next_dagrun for example_subdag_operator.section-2 to None, run_after=None
[2024-10-25T07:35:20.482+0000] {processor.py:208} INFO - Processing /home/airflow/.local/lib/python3.12/site-packages/airflow/example_dags/example_subdag_operator.py took 0.114 seconds
[2024-10-25T07:37:53.242+0000] {processor.py:186} INFO - Started process (PID=62) to work on /home/airflow/.local/lib/python3.12/site-packages/airflow/example_dags/example_subdag_operator.py
[2024-10-25T07:37:53.243+0000] {processor.py:914} INFO - Processing file /home/airflow/.local/lib/python3.12/site-packages/airflow/example_dags/example_subdag_operator.py for tasks to queue
[2024-10-25T07:37:53.245+0000] {logging_mixin.py:190} INFO - [2024-10-25T07:37:53.245+0000] {dagbag.py:588} INFO - Filling up the DagBag from /home/airflow/.local/lib/python3.12/site-packages/airflow/example_dags/example_subdag_operator.py
[2024-10-25T07:37:53.279+0000] {processor.py:925} INFO - DAG(s) 'example_subdag_operator.section-1', 'example_subdag_operator.section-2', 'example_subdag_operator' retrieved from /home/airflow/.local/lib/python3.12/site-packages/airflow/example_dags/example_subdag_operator.py
[2024-10-25T07:37:53.305+0000] {logging_mixin.py:190} INFO - [2024-10-25T07:37:53.305+0000] {dag.py:3239} INFO - Sync 3 DAGs
[2024-10-25T07:37:53.332+0000] {logging_mixin.py:190} INFO - [2024-10-25T07:37:53.332+0000] {dag.py:4180} INFO - Setting next_dagrun for example_subdag_operator to 2022-01-01 00:00:00+00:00, run_after=2022-01-01 00:00:00+00:00
[2024-10-25T07:37:53.339+0000] {logging_mixin.py:190} INFO - [2024-10-25T07:37:53.339+0000] {dag.py:4180} INFO - Setting next_dagrun for example_subdag_operator.section-1 to None, run_after=None
[2024-10-25T07:37:53.342+0000] {logging_mixin.py:190} INFO - [2024-10-25T07:37:53.342+0000] {dag.py:4180} INFO - Setting next_dagrun for example_subdag_operator.section-2 to None, run_after=None
[2024-10-25T07:37:53.352+0000] {logging_mixin.py:190} INFO - [2024-10-25T07:37:53.352+0000] {dag.py:3239} INFO - Sync 2 DAGs
[2024-10-25T07:37:53.361+0000] {logging_mixin.py:190} INFO - [2024-10-25T07:37:53.360+0000] {dag.py:4180} INFO - Setting next_dagrun for example_subdag_operator.section-1 to None, run_after=None
[2024-10-25T07:37:53.362+0000] {logging_mixin.py:190} INFO - [2024-10-25T07:37:53.361+0000] {dag.py:4180} INFO - Setting next_dagrun for example_subdag_operator.section-2 to None, run_after=None
[2024-10-25T07:37:53.382+0000] {processor.py:208} INFO - Processing /home/airflow/.local/lib/python3.12/site-packages/airflow/example_dags/example_subdag_operator.py took 0.146 seconds
[2024-10-25T07:38:23.669+0000] {processor.py:186} INFO - Started process (PID=132) to work on /home/airflow/.local/lib/python3.12/site-packages/airflow/example_dags/example_subdag_operator.py
[2024-10-25T07:38:23.671+0000] {processor.py:914} INFO - Processing file /home/airflow/.local/lib/python3.12/site-packages/airflow/example_dags/example_subdag_operator.py for tasks to queue
[2024-10-25T07:38:23.676+0000] {logging_mixin.py:190} INFO - [2024-10-25T07:38:23.675+0000] {dagbag.py:588} INFO - Filling up the DagBag from /home/airflow/.local/lib/python3.12/site-packages/airflow/example_dags/example_subdag_operator.py
[2024-10-25T07:38:23.706+0000] {processor.py:925} INFO - DAG(s) 'example_subdag_operator.section-1', 'example_subdag_operator.section-2', 'example_subdag_operator' retrieved from /home/airflow/.local/lib/python3.12/site-packages/airflow/example_dags/example_subdag_operator.py
[2024-10-25T07:38:23.722+0000] {logging_mixin.py:190} INFO - [2024-10-25T07:38:23.722+0000] {dag.py:3239} INFO - Sync 3 DAGs
[2024-10-25T07:38:23.747+0000] {logging_mixin.py:190} INFO - [2024-10-25T07:38:23.747+0000] {dag.py:4180} INFO - Setting next_dagrun for example_subdag_operator to 2022-01-01 00:00:00+00:00, run_after=2022-01-01 00:00:00+00:00
[2024-10-25T07:38:23.753+0000] {logging_mixin.py:190} INFO - [2024-10-25T07:38:23.752+0000] {dag.py:4180} INFO - Setting next_dagrun for example_subdag_operator.section-1 to None, run_after=None
[2024-10-25T07:38:23.755+0000] {logging_mixin.py:190} INFO - [2024-10-25T07:38:23.755+0000] {dag.py:4180} INFO - Setting next_dagrun for example_subdag_operator.section-2 to None, run_after=None
[2024-10-25T07:38:23.767+0000] {logging_mixin.py:190} INFO - [2024-10-25T07:38:23.766+0000] {dag.py:3239} INFO - Sync 2 DAGs
[2024-10-25T07:38:23.776+0000] {logging_mixin.py:190} INFO - [2024-10-25T07:38:23.776+0000] {dag.py:4180} INFO - Setting next_dagrun for example_subdag_operator.section-1 to None, run_after=None
[2024-10-25T07:38:23.777+0000] {logging_mixin.py:190} INFO - [2024-10-25T07:38:23.777+0000] {dag.py:4180} INFO - Setting next_dagrun for example_subdag_operator.section-2 to None, run_after=None
[2024-10-25T07:38:23.792+0000] {processor.py:208} INFO - Processing /home/airflow/.local/lib/python3.12/site-packages/airflow/example_dags/example_subdag_operator.py took 0.128 seconds
