[2024-10-25T07:14:53.476+0000] {processor.py:186} INFO - Started process (PID=132) to work on /home/airflow/.local/lib/python3.12/site-packages/airflow/example_dags/example_sensors.py
[2024-10-25T07:14:53.482+0000] {processor.py:914} INFO - Processing file /home/airflow/.local/lib/python3.12/site-packages/airflow/example_dags/example_sensors.py for tasks to queue
[2024-10-25T07:14:53.498+0000] {logging_mixin.py:190} INFO - [2024-10-25T07:14:53.496+0000] {dagbag.py:588} INFO - Filling up the DagBag from /home/airflow/.local/lib/python3.12/site-packages/airflow/example_dags/example_sensors.py
[2024-10-25T07:14:53.650+0000] {processor.py:925} INFO - DAG(s) 'example_sensors' retrieved from /home/airflow/.local/lib/python3.12/site-packages/airflow/example_dags/example_sensors.py
[2024-10-25T07:14:53.756+0000] {logging_mixin.py:190} INFO - [2024-10-25T07:14:53.755+0000] {dag.py:3239} INFO - Sync 1 DAGs
[2024-10-25T07:14:53.825+0000] {logging_mixin.py:190} INFO - [2024-10-25T07:14:53.824+0000] {dag.py:4180} INFO - Setting next_dagrun for example_sensors to None, run_after=None
[2024-10-25T07:14:53.936+0000] {processor.py:208} INFO - Processing /home/airflow/.local/lib/python3.12/site-packages/airflow/example_dags/example_sensors.py took 0.522 seconds
[2024-10-25T07:16:06.089+0000] {processor.py:186} INFO - Started process (PID=262) to work on /home/airflow/.local/lib/python3.12/site-packages/airflow/example_dags/example_sensors.py
[2024-10-25T07:16:06.092+0000] {processor.py:914} INFO - Processing file /home/airflow/.local/lib/python3.12/site-packages/airflow/example_dags/example_sensors.py for tasks to queue
[2024-10-25T07:16:06.111+0000] {logging_mixin.py:190} INFO - [2024-10-25T07:16:06.109+0000] {dagbag.py:588} INFO - Filling up the DagBag from /home/airflow/.local/lib/python3.12/site-packages/airflow/example_dags/example_sensors.py
[2024-10-25T07:16:06.162+0000] {processor.py:925} INFO - DAG(s) 'example_sensors' retrieved from /home/airflow/.local/lib/python3.12/site-packages/airflow/example_dags/example_sensors.py
[2024-10-25T07:16:06.356+0000] {logging_mixin.py:190} INFO - [2024-10-25T07:16:06.354+0000] {dag.py:3239} INFO - Sync 1 DAGs
[2024-10-25T07:16:06.451+0000] {logging_mixin.py:190} INFO - [2024-10-25T07:16:06.450+0000] {dag.py:4180} INFO - Setting next_dagrun for example_sensors to None, run_after=None
[2024-10-25T07:16:06.615+0000] {processor.py:208} INFO - Processing /home/airflow/.local/lib/python3.12/site-packages/airflow/example_dags/example_sensors.py took 0.556 seconds
[2024-10-25T07:16:37.307+0000] {processor.py:186} INFO - Started process (PID=331) to work on /home/airflow/.local/lib/python3.12/site-packages/airflow/example_dags/example_sensors.py
[2024-10-25T07:16:37.312+0000] {processor.py:914} INFO - Processing file /home/airflow/.local/lib/python3.12/site-packages/airflow/example_dags/example_sensors.py for tasks to queue
[2024-10-25T07:16:37.322+0000] {logging_mixin.py:190} INFO - [2024-10-25T07:16:37.319+0000] {dagbag.py:588} INFO - Filling up the DagBag from /home/airflow/.local/lib/python3.12/site-packages/airflow/example_dags/example_sensors.py
[2024-10-25T07:16:37.358+0000] {processor.py:925} INFO - DAG(s) 'example_sensors' retrieved from /home/airflow/.local/lib/python3.12/site-packages/airflow/example_dags/example_sensors.py
[2024-10-25T07:16:37.424+0000] {logging_mixin.py:190} INFO - [2024-10-25T07:16:37.423+0000] {dag.py:3239} INFO - Sync 1 DAGs
[2024-10-25T07:16:37.454+0000] {logging_mixin.py:190} INFO - [2024-10-25T07:16:37.454+0000] {dag.py:4180} INFO - Setting next_dagrun for example_sensors to None, run_after=None
[2024-10-25T07:16:37.496+0000] {processor.py:208} INFO - Processing /home/airflow/.local/lib/python3.12/site-packages/airflow/example_dags/example_sensors.py took 0.203 seconds
[2024-10-25T07:17:07.656+0000] {processor.py:186} INFO - Started process (PID=400) to work on /home/airflow/.local/lib/python3.12/site-packages/airflow/example_dags/example_sensors.py
[2024-10-25T07:17:07.658+0000] {processor.py:914} INFO - Processing file /home/airflow/.local/lib/python3.12/site-packages/airflow/example_dags/example_sensors.py for tasks to queue
[2024-10-25T07:17:07.664+0000] {logging_mixin.py:190} INFO - [2024-10-25T07:17:07.663+0000] {dagbag.py:588} INFO - Filling up the DagBag from /home/airflow/.local/lib/python3.12/site-packages/airflow/example_dags/example_sensors.py
[2024-10-25T07:17:07.699+0000] {processor.py:925} INFO - DAG(s) 'example_sensors' retrieved from /home/airflow/.local/lib/python3.12/site-packages/airflow/example_dags/example_sensors.py
[2024-10-25T07:17:07.776+0000] {logging_mixin.py:190} INFO - [2024-10-25T07:17:07.776+0000] {dag.py:3239} INFO - Sync 1 DAGs
[2024-10-25T07:17:07.810+0000] {logging_mixin.py:190} INFO - [2024-10-25T07:17:07.810+0000] {dag.py:4180} INFO - Setting next_dagrun for example_sensors to None, run_after=None
[2024-10-25T07:17:07.856+0000] {processor.py:208} INFO - Processing /home/airflow/.local/lib/python3.12/site-packages/airflow/example_dags/example_sensors.py took 0.216 seconds
[2024-10-25T07:17:38.485+0000] {processor.py:186} INFO - Started process (PID=470) to work on /home/airflow/.local/lib/python3.12/site-packages/airflow/example_dags/example_sensors.py
[2024-10-25T07:17:38.487+0000] {processor.py:914} INFO - Processing file /home/airflow/.local/lib/python3.12/site-packages/airflow/example_dags/example_sensors.py for tasks to queue
[2024-10-25T07:17:38.491+0000] {logging_mixin.py:190} INFO - [2024-10-25T07:17:38.490+0000] {dagbag.py:588} INFO - Filling up the DagBag from /home/airflow/.local/lib/python3.12/site-packages/airflow/example_dags/example_sensors.py
[2024-10-25T07:17:38.504+0000] {processor.py:925} INFO - DAG(s) 'example_sensors' retrieved from /home/airflow/.local/lib/python3.12/site-packages/airflow/example_dags/example_sensors.py
[2024-10-25T07:17:38.541+0000] {logging_mixin.py:190} INFO - [2024-10-25T07:17:38.540+0000] {dag.py:3239} INFO - Sync 1 DAGs
[2024-10-25T07:17:38.563+0000] {logging_mixin.py:190} INFO - [2024-10-25T07:17:38.562+0000] {dag.py:4180} INFO - Setting next_dagrun for example_sensors to None, run_after=None
[2024-10-25T07:17:38.594+0000] {processor.py:208} INFO - Processing /home/airflow/.local/lib/python3.12/site-packages/airflow/example_dags/example_sensors.py took 0.118 seconds
[2024-10-25T07:18:08.819+0000] {processor.py:186} INFO - Started process (PID=539) to work on /home/airflow/.local/lib/python3.12/site-packages/airflow/example_dags/example_sensors.py
[2024-10-25T07:18:08.821+0000] {processor.py:914} INFO - Processing file /home/airflow/.local/lib/python3.12/site-packages/airflow/example_dags/example_sensors.py for tasks to queue
[2024-10-25T07:18:08.826+0000] {logging_mixin.py:190} INFO - [2024-10-25T07:18:08.825+0000] {dagbag.py:588} INFO - Filling up the DagBag from /home/airflow/.local/lib/python3.12/site-packages/airflow/example_dags/example_sensors.py
[2024-10-25T07:18:08.845+0000] {processor.py:925} INFO - DAG(s) 'example_sensors' retrieved from /home/airflow/.local/lib/python3.12/site-packages/airflow/example_dags/example_sensors.py
[2024-10-25T07:18:08.884+0000] {logging_mixin.py:190} INFO - [2024-10-25T07:18:08.883+0000] {dag.py:3239} INFO - Sync 1 DAGs
[2024-10-25T07:18:08.905+0000] {logging_mixin.py:190} INFO - [2024-10-25T07:18:08.905+0000] {dag.py:4180} INFO - Setting next_dagrun for example_sensors to None, run_after=None
[2024-10-25T07:18:08.933+0000] {processor.py:208} INFO - Processing /home/airflow/.local/lib/python3.12/site-packages/airflow/example_dags/example_sensors.py took 0.122 seconds
[2024-10-25T07:18:39.382+0000] {processor.py:186} INFO - Started process (PID=607) to work on /home/airflow/.local/lib/python3.12/site-packages/airflow/example_dags/example_sensors.py
[2024-10-25T07:18:39.384+0000] {processor.py:914} INFO - Processing file /home/airflow/.local/lib/python3.12/site-packages/airflow/example_dags/example_sensors.py for tasks to queue
[2024-10-25T07:18:39.388+0000] {logging_mixin.py:190} INFO - [2024-10-25T07:18:39.387+0000] {dagbag.py:588} INFO - Filling up the DagBag from /home/airflow/.local/lib/python3.12/site-packages/airflow/example_dags/example_sensors.py
[2024-10-25T07:18:39.406+0000] {processor.py:925} INFO - DAG(s) 'example_sensors' retrieved from /home/airflow/.local/lib/python3.12/site-packages/airflow/example_dags/example_sensors.py
[2024-10-25T07:18:39.449+0000] {logging_mixin.py:190} INFO - [2024-10-25T07:18:39.448+0000] {dag.py:3239} INFO - Sync 1 DAGs
[2024-10-25T07:18:39.476+0000] {logging_mixin.py:190} INFO - [2024-10-25T07:18:39.476+0000] {dag.py:4180} INFO - Setting next_dagrun for example_sensors to None, run_after=None
[2024-10-25T07:18:39.511+0000] {processor.py:208} INFO - Processing /home/airflow/.local/lib/python3.12/site-packages/airflow/example_dags/example_sensors.py took 0.139 seconds
[2024-10-25T07:19:10.231+0000] {processor.py:186} INFO - Started process (PID=676) to work on /home/airflow/.local/lib/python3.12/site-packages/airflow/example_dags/example_sensors.py
[2024-10-25T07:19:10.233+0000] {processor.py:914} INFO - Processing file /home/airflow/.local/lib/python3.12/site-packages/airflow/example_dags/example_sensors.py for tasks to queue
[2024-10-25T07:19:10.236+0000] {logging_mixin.py:190} INFO - [2024-10-25T07:19:10.236+0000] {dagbag.py:588} INFO - Filling up the DagBag from /home/airflow/.local/lib/python3.12/site-packages/airflow/example_dags/example_sensors.py
[2024-10-25T07:19:10.256+0000] {processor.py:925} INFO - DAG(s) 'example_sensors' retrieved from /home/airflow/.local/lib/python3.12/site-packages/airflow/example_dags/example_sensors.py
[2024-10-25T07:19:10.297+0000] {logging_mixin.py:190} INFO - [2024-10-25T07:19:10.296+0000] {dag.py:3239} INFO - Sync 1 DAGs
[2024-10-25T07:19:10.321+0000] {logging_mixin.py:190} INFO - [2024-10-25T07:19:10.321+0000] {dag.py:4180} INFO - Setting next_dagrun for example_sensors to None, run_after=None
[2024-10-25T07:19:10.352+0000] {processor.py:208} INFO - Processing /home/airflow/.local/lib/python3.12/site-packages/airflow/example_dags/example_sensors.py took 0.132 seconds
[2024-10-25T07:19:41.308+0000] {processor.py:186} INFO - Started process (PID=745) to work on /home/airflow/.local/lib/python3.12/site-packages/airflow/example_dags/example_sensors.py
[2024-10-25T07:19:41.310+0000] {processor.py:914} INFO - Processing file /home/airflow/.local/lib/python3.12/site-packages/airflow/example_dags/example_sensors.py for tasks to queue
[2024-10-25T07:19:41.313+0000] {logging_mixin.py:190} INFO - [2024-10-25T07:19:41.313+0000] {dagbag.py:588} INFO - Filling up the DagBag from /home/airflow/.local/lib/python3.12/site-packages/airflow/example_dags/example_sensors.py
[2024-10-25T07:19:41.323+0000] {processor.py:925} INFO - DAG(s) 'example_sensors' retrieved from /home/airflow/.local/lib/python3.12/site-packages/airflow/example_dags/example_sensors.py
[2024-10-25T07:19:41.353+0000] {logging_mixin.py:190} INFO - [2024-10-25T07:19:41.353+0000] {dag.py:3239} INFO - Sync 1 DAGs
[2024-10-25T07:19:41.366+0000] {logging_mixin.py:190} INFO - [2024-10-25T07:19:41.366+0000] {dag.py:4180} INFO - Setting next_dagrun for example_sensors to None, run_after=None
[2024-10-25T07:19:41.387+0000] {processor.py:208} INFO - Processing /home/airflow/.local/lib/python3.12/site-packages/airflow/example_dags/example_sensors.py took 0.083 seconds
[2024-10-25T07:20:12.091+0000] {processor.py:186} INFO - Started process (PID=813) to work on /home/airflow/.local/lib/python3.12/site-packages/airflow/example_dags/example_sensors.py
[2024-10-25T07:20:12.093+0000] {processor.py:914} INFO - Processing file /home/airflow/.local/lib/python3.12/site-packages/airflow/example_dags/example_sensors.py for tasks to queue
[2024-10-25T07:20:12.097+0000] {logging_mixin.py:190} INFO - [2024-10-25T07:20:12.096+0000] {dagbag.py:588} INFO - Filling up the DagBag from /home/airflow/.local/lib/python3.12/site-packages/airflow/example_dags/example_sensors.py
[2024-10-25T07:20:12.109+0000] {processor.py:925} INFO - DAG(s) 'example_sensors' retrieved from /home/airflow/.local/lib/python3.12/site-packages/airflow/example_dags/example_sensors.py
[2024-10-25T07:20:12.142+0000] {logging_mixin.py:190} INFO - [2024-10-25T07:20:12.142+0000] {dag.py:3239} INFO - Sync 1 DAGs
[2024-10-25T07:20:12.157+0000] {logging_mixin.py:190} INFO - [2024-10-25T07:20:12.156+0000] {dag.py:4180} INFO - Setting next_dagrun for example_sensors to None, run_after=None
[2024-10-25T07:20:12.177+0000] {processor.py:208} INFO - Processing /home/airflow/.local/lib/python3.12/site-packages/airflow/example_dags/example_sensors.py took 0.091 seconds
[2024-10-25T07:20:42.303+0000] {processor.py:186} INFO - Started process (PID=882) to work on /home/airflow/.local/lib/python3.12/site-packages/airflow/example_dags/example_sensors.py
[2024-10-25T07:20:42.305+0000] {processor.py:914} INFO - Processing file /home/airflow/.local/lib/python3.12/site-packages/airflow/example_dags/example_sensors.py for tasks to queue
[2024-10-25T07:20:42.308+0000] {logging_mixin.py:190} INFO - [2024-10-25T07:20:42.308+0000] {dagbag.py:588} INFO - Filling up the DagBag from /home/airflow/.local/lib/python3.12/site-packages/airflow/example_dags/example_sensors.py
[2024-10-25T07:20:42.319+0000] {processor.py:925} INFO - DAG(s) 'example_sensors' retrieved from /home/airflow/.local/lib/python3.12/site-packages/airflow/example_dags/example_sensors.py
[2024-10-25T07:20:42.356+0000] {logging_mixin.py:190} INFO - [2024-10-25T07:20:42.356+0000] {dag.py:3239} INFO - Sync 1 DAGs
[2024-10-25T07:20:42.370+0000] {logging_mixin.py:190} INFO - [2024-10-25T07:20:42.370+0000] {dag.py:4180} INFO - Setting next_dagrun for example_sensors to None, run_after=None
[2024-10-25T07:20:42.397+0000] {processor.py:208} INFO - Processing /home/airflow/.local/lib/python3.12/site-packages/airflow/example_dags/example_sensors.py took 0.103 seconds
[2024-10-25T07:21:12.814+0000] {processor.py:186} INFO - Started process (PID=951) to work on /home/airflow/.local/lib/python3.12/site-packages/airflow/example_dags/example_sensors.py
[2024-10-25T07:21:12.816+0000] {processor.py:914} INFO - Processing file /home/airflow/.local/lib/python3.12/site-packages/airflow/example_dags/example_sensors.py for tasks to queue
[2024-10-25T07:21:12.818+0000] {logging_mixin.py:190} INFO - [2024-10-25T07:21:12.818+0000] {dagbag.py:588} INFO - Filling up the DagBag from /home/airflow/.local/lib/python3.12/site-packages/airflow/example_dags/example_sensors.py
[2024-10-25T07:21:12.828+0000] {processor.py:925} INFO - DAG(s) 'example_sensors' retrieved from /home/airflow/.local/lib/python3.12/site-packages/airflow/example_dags/example_sensors.py
[2024-10-25T07:21:12.855+0000] {logging_mixin.py:190} INFO - [2024-10-25T07:21:12.855+0000] {dag.py:3239} INFO - Sync 1 DAGs
[2024-10-25T07:21:12.868+0000] {logging_mixin.py:190} INFO - [2024-10-25T07:21:12.868+0000] {dag.py:4180} INFO - Setting next_dagrun for example_sensors to None, run_after=None
[2024-10-25T07:21:12.890+0000] {processor.py:208} INFO - Processing /home/airflow/.local/lib/python3.12/site-packages/airflow/example_dags/example_sensors.py took 0.081 seconds
[2024-10-25T07:21:43.292+0000] {processor.py:186} INFO - Started process (PID=1020) to work on /home/airflow/.local/lib/python3.12/site-packages/airflow/example_dags/example_sensors.py
[2024-10-25T07:21:43.294+0000] {processor.py:914} INFO - Processing file /home/airflow/.local/lib/python3.12/site-packages/airflow/example_dags/example_sensors.py for tasks to queue
[2024-10-25T07:21:43.297+0000] {logging_mixin.py:190} INFO - [2024-10-25T07:21:43.296+0000] {dagbag.py:588} INFO - Filling up the DagBag from /home/airflow/.local/lib/python3.12/site-packages/airflow/example_dags/example_sensors.py
[2024-10-25T07:21:43.310+0000] {processor.py:925} INFO - DAG(s) 'example_sensors' retrieved from /home/airflow/.local/lib/python3.12/site-packages/airflow/example_dags/example_sensors.py
[2024-10-25T07:21:43.341+0000] {logging_mixin.py:190} INFO - [2024-10-25T07:21:43.341+0000] {dag.py:3239} INFO - Sync 1 DAGs
[2024-10-25T07:21:43.357+0000] {logging_mixin.py:190} INFO - [2024-10-25T07:21:43.357+0000] {dag.py:4180} INFO - Setting next_dagrun for example_sensors to None, run_after=None
[2024-10-25T07:21:43.380+0000] {processor.py:208} INFO - Processing /home/airflow/.local/lib/python3.12/site-packages/airflow/example_dags/example_sensors.py took 0.096 seconds
[2024-10-25T07:22:13.664+0000] {processor.py:186} INFO - Started process (PID=1089) to work on /home/airflow/.local/lib/python3.12/site-packages/airflow/example_dags/example_sensors.py
[2024-10-25T07:22:13.666+0000] {processor.py:914} INFO - Processing file /home/airflow/.local/lib/python3.12/site-packages/airflow/example_dags/example_sensors.py for tasks to queue
[2024-10-25T07:22:13.671+0000] {logging_mixin.py:190} INFO - [2024-10-25T07:22:13.671+0000] {dagbag.py:588} INFO - Filling up the DagBag from /home/airflow/.local/lib/python3.12/site-packages/airflow/example_dags/example_sensors.py
[2024-10-25T07:22:13.695+0000] {processor.py:925} INFO - DAG(s) 'example_sensors' retrieved from /home/airflow/.local/lib/python3.12/site-packages/airflow/example_dags/example_sensors.py
[2024-10-25T07:22:13.729+0000] {logging_mixin.py:190} INFO - [2024-10-25T07:22:13.728+0000] {dag.py:3239} INFO - Sync 1 DAGs
[2024-10-25T07:22:13.749+0000] {logging_mixin.py:190} INFO - [2024-10-25T07:22:13.749+0000] {dag.py:4180} INFO - Setting next_dagrun for example_sensors to None, run_after=None
[2024-10-25T07:22:13.777+0000] {processor.py:208} INFO - Processing /home/airflow/.local/lib/python3.12/site-packages/airflow/example_dags/example_sensors.py took 0.121 seconds
[2024-10-25T07:22:43.972+0000] {processor.py:186} INFO - Started process (PID=1158) to work on /home/airflow/.local/lib/python3.12/site-packages/airflow/example_dags/example_sensors.py
[2024-10-25T07:22:43.973+0000] {processor.py:914} INFO - Processing file /home/airflow/.local/lib/python3.12/site-packages/airflow/example_dags/example_sensors.py for tasks to queue
[2024-10-25T07:22:43.976+0000] {logging_mixin.py:190} INFO - [2024-10-25T07:22:43.975+0000] {dagbag.py:588} INFO - Filling up the DagBag from /home/airflow/.local/lib/python3.12/site-packages/airflow/example_dags/example_sensors.py
[2024-10-25T07:22:43.986+0000] {processor.py:925} INFO - DAG(s) 'example_sensors' retrieved from /home/airflow/.local/lib/python3.12/site-packages/airflow/example_dags/example_sensors.py
[2024-10-25T07:22:44.017+0000] {logging_mixin.py:190} INFO - [2024-10-25T07:22:44.016+0000] {dag.py:3239} INFO - Sync 1 DAGs
[2024-10-25T07:22:44.029+0000] {logging_mixin.py:190} INFO - [2024-10-25T07:22:44.029+0000] {dag.py:4180} INFO - Setting next_dagrun for example_sensors to None, run_after=None
[2024-10-25T07:22:44.054+0000] {processor.py:208} INFO - Processing /home/airflow/.local/lib/python3.12/site-packages/airflow/example_dags/example_sensors.py took 0.087 seconds
[2024-10-25T07:23:14.639+0000] {processor.py:186} INFO - Started process (PID=1227) to work on /home/airflow/.local/lib/python3.12/site-packages/airflow/example_dags/example_sensors.py
[2024-10-25T07:23:14.641+0000] {processor.py:914} INFO - Processing file /home/airflow/.local/lib/python3.12/site-packages/airflow/example_dags/example_sensors.py for tasks to queue
[2024-10-25T07:23:14.643+0000] {logging_mixin.py:190} INFO - [2024-10-25T07:23:14.643+0000] {dagbag.py:588} INFO - Filling up the DagBag from /home/airflow/.local/lib/python3.12/site-packages/airflow/example_dags/example_sensors.py
[2024-10-25T07:23:14.653+0000] {processor.py:925} INFO - DAG(s) 'example_sensors' retrieved from /home/airflow/.local/lib/python3.12/site-packages/airflow/example_dags/example_sensors.py
[2024-10-25T07:23:14.681+0000] {logging_mixin.py:190} INFO - [2024-10-25T07:23:14.680+0000] {dag.py:3239} INFO - Sync 1 DAGs
[2024-10-25T07:23:14.696+0000] {logging_mixin.py:190} INFO - [2024-10-25T07:23:14.696+0000] {dag.py:4180} INFO - Setting next_dagrun for example_sensors to None, run_after=None
[2024-10-25T07:23:14.718+0000] {processor.py:208} INFO - Processing /home/airflow/.local/lib/python3.12/site-packages/airflow/example_dags/example_sensors.py took 0.083 seconds
[2024-10-25T07:23:45.499+0000] {processor.py:186} INFO - Started process (PID=1296) to work on /home/airflow/.local/lib/python3.12/site-packages/airflow/example_dags/example_sensors.py
[2024-10-25T07:23:45.500+0000] {processor.py:914} INFO - Processing file /home/airflow/.local/lib/python3.12/site-packages/airflow/example_dags/example_sensors.py for tasks to queue
[2024-10-25T07:23:45.504+0000] {logging_mixin.py:190} INFO - [2024-10-25T07:23:45.503+0000] {dagbag.py:588} INFO - Filling up the DagBag from /home/airflow/.local/lib/python3.12/site-packages/airflow/example_dags/example_sensors.py
[2024-10-25T07:23:45.514+0000] {processor.py:925} INFO - DAG(s) 'example_sensors' retrieved from /home/airflow/.local/lib/python3.12/site-packages/airflow/example_dags/example_sensors.py
[2024-10-25T07:23:45.541+0000] {logging_mixin.py:190} INFO - [2024-10-25T07:23:45.540+0000] {dag.py:3239} INFO - Sync 1 DAGs
[2024-10-25T07:23:45.553+0000] {logging_mixin.py:190} INFO - [2024-10-25T07:23:45.553+0000] {dag.py:4180} INFO - Setting next_dagrun for example_sensors to None, run_after=None
[2024-10-25T07:23:45.575+0000] {processor.py:208} INFO - Processing /home/airflow/.local/lib/python3.12/site-packages/airflow/example_dags/example_sensors.py took 0.081 seconds
[2024-10-25T07:24:16.395+0000] {processor.py:186} INFO - Started process (PID=1365) to work on /home/airflow/.local/lib/python3.12/site-packages/airflow/example_dags/example_sensors.py
[2024-10-25T07:24:16.397+0000] {processor.py:914} INFO - Processing file /home/airflow/.local/lib/python3.12/site-packages/airflow/example_dags/example_sensors.py for tasks to queue
[2024-10-25T07:24:16.401+0000] {logging_mixin.py:190} INFO - [2024-10-25T07:24:16.401+0000] {dagbag.py:588} INFO - Filling up the DagBag from /home/airflow/.local/lib/python3.12/site-packages/airflow/example_dags/example_sensors.py
[2024-10-25T07:24:16.412+0000] {processor.py:925} INFO - DAG(s) 'example_sensors' retrieved from /home/airflow/.local/lib/python3.12/site-packages/airflow/example_dags/example_sensors.py
[2024-10-25T07:24:16.443+0000] {logging_mixin.py:190} INFO - [2024-10-25T07:24:16.442+0000] {dag.py:3239} INFO - Sync 1 DAGs
[2024-10-25T07:24:16.459+0000] {logging_mixin.py:190} INFO - [2024-10-25T07:24:16.459+0000] {dag.py:4180} INFO - Setting next_dagrun for example_sensors to None, run_after=None
[2024-10-25T07:24:16.557+0000] {processor.py:208} INFO - Processing /home/airflow/.local/lib/python3.12/site-packages/airflow/example_dags/example_sensors.py took 0.168 seconds
[2024-10-25T07:24:47.054+0000] {processor.py:186} INFO - Started process (PID=1434) to work on /home/airflow/.local/lib/python3.12/site-packages/airflow/example_dags/example_sensors.py
[2024-10-25T07:24:47.056+0000] {processor.py:914} INFO - Processing file /home/airflow/.local/lib/python3.12/site-packages/airflow/example_dags/example_sensors.py for tasks to queue
[2024-10-25T07:24:47.059+0000] {logging_mixin.py:190} INFO - [2024-10-25T07:24:47.059+0000] {dagbag.py:588} INFO - Filling up the DagBag from /home/airflow/.local/lib/python3.12/site-packages/airflow/example_dags/example_sensors.py
[2024-10-25T07:24:47.070+0000] {processor.py:925} INFO - DAG(s) 'example_sensors' retrieved from /home/airflow/.local/lib/python3.12/site-packages/airflow/example_dags/example_sensors.py
[2024-10-25T07:24:47.102+0000] {logging_mixin.py:190} INFO - [2024-10-25T07:24:47.101+0000] {dag.py:3239} INFO - Sync 1 DAGs
[2024-10-25T07:24:47.117+0000] {logging_mixin.py:190} INFO - [2024-10-25T07:24:47.117+0000] {dag.py:4180} INFO - Setting next_dagrun for example_sensors to None, run_after=None
[2024-10-25T07:24:47.144+0000] {processor.py:208} INFO - Processing /home/airflow/.local/lib/python3.12/site-packages/airflow/example_dags/example_sensors.py took 0.095 seconds
[2024-10-25T07:25:17.821+0000] {processor.py:186} INFO - Started process (PID=1503) to work on /home/airflow/.local/lib/python3.12/site-packages/airflow/example_dags/example_sensors.py
[2024-10-25T07:25:17.823+0000] {processor.py:914} INFO - Processing file /home/airflow/.local/lib/python3.12/site-packages/airflow/example_dags/example_sensors.py for tasks to queue
[2024-10-25T07:25:17.825+0000] {logging_mixin.py:190} INFO - [2024-10-25T07:25:17.825+0000] {dagbag.py:588} INFO - Filling up the DagBag from /home/airflow/.local/lib/python3.12/site-packages/airflow/example_dags/example_sensors.py
[2024-10-25T07:25:17.834+0000] {processor.py:925} INFO - DAG(s) 'example_sensors' retrieved from /home/airflow/.local/lib/python3.12/site-packages/airflow/example_dags/example_sensors.py
[2024-10-25T07:25:17.859+0000] {logging_mixin.py:190} INFO - [2024-10-25T07:25:17.859+0000] {dag.py:3239} INFO - Sync 1 DAGs
[2024-10-25T07:25:17.871+0000] {logging_mixin.py:190} INFO - [2024-10-25T07:25:17.871+0000] {dag.py:4180} INFO - Setting next_dagrun for example_sensors to None, run_after=None
[2024-10-25T07:25:17.979+0000] {processor.py:208} INFO - Processing /home/airflow/.local/lib/python3.12/site-packages/airflow/example_dags/example_sensors.py took 0.163 seconds
[2024-10-25T07:25:48.324+0000] {processor.py:186} INFO - Started process (PID=1572) to work on /home/airflow/.local/lib/python3.12/site-packages/airflow/example_dags/example_sensors.py
[2024-10-25T07:25:48.326+0000] {processor.py:914} INFO - Processing file /home/airflow/.local/lib/python3.12/site-packages/airflow/example_dags/example_sensors.py for tasks to queue
[2024-10-25T07:25:48.332+0000] {logging_mixin.py:190} INFO - [2024-10-25T07:25:48.332+0000] {dagbag.py:588} INFO - Filling up the DagBag from /home/airflow/.local/lib/python3.12/site-packages/airflow/example_dags/example_sensors.py
[2024-10-25T07:25:48.351+0000] {processor.py:925} INFO - DAG(s) 'example_sensors' retrieved from /home/airflow/.local/lib/python3.12/site-packages/airflow/example_dags/example_sensors.py
[2024-10-25T07:25:48.393+0000] {logging_mixin.py:190} INFO - [2024-10-25T07:25:48.392+0000] {dag.py:3239} INFO - Sync 1 DAGs
[2024-10-25T07:25:48.634+0000] {logging_mixin.py:190} INFO - [2024-10-25T07:25:48.634+0000] {dag.py:4180} INFO - Setting next_dagrun for example_sensors to None, run_after=None
[2024-10-25T07:25:48.780+0000] {processor.py:208} INFO - Processing /home/airflow/.local/lib/python3.12/site-packages/airflow/example_dags/example_sensors.py took 0.470 seconds
[2024-10-25T07:26:18.995+0000] {processor.py:186} INFO - Started process (PID=1641) to work on /home/airflow/.local/lib/python3.12/site-packages/airflow/example_dags/example_sensors.py
[2024-10-25T07:26:18.996+0000] {processor.py:914} INFO - Processing file /home/airflow/.local/lib/python3.12/site-packages/airflow/example_dags/example_sensors.py for tasks to queue
[2024-10-25T07:26:18.999+0000] {logging_mixin.py:190} INFO - [2024-10-25T07:26:18.999+0000] {dagbag.py:588} INFO - Filling up the DagBag from /home/airflow/.local/lib/python3.12/site-packages/airflow/example_dags/example_sensors.py
[2024-10-25T07:26:19.009+0000] {processor.py:925} INFO - DAG(s) 'example_sensors' retrieved from /home/airflow/.local/lib/python3.12/site-packages/airflow/example_dags/example_sensors.py
[2024-10-25T07:26:19.043+0000] {logging_mixin.py:190} INFO - [2024-10-25T07:26:19.043+0000] {dag.py:3239} INFO - Sync 1 DAGs
[2024-10-25T07:26:19.058+0000] {logging_mixin.py:190} INFO - [2024-10-25T07:26:19.058+0000] {dag.py:4180} INFO - Setting next_dagrun for example_sensors to None, run_after=None
[2024-10-25T07:26:19.083+0000] {processor.py:208} INFO - Processing /home/airflow/.local/lib/python3.12/site-packages/airflow/example_dags/example_sensors.py took 0.094 seconds
[2024-10-25T07:26:49.331+0000] {processor.py:186} INFO - Started process (PID=1711) to work on /home/airflow/.local/lib/python3.12/site-packages/airflow/example_dags/example_sensors.py
[2024-10-25T07:26:49.333+0000] {processor.py:914} INFO - Processing file /home/airflow/.local/lib/python3.12/site-packages/airflow/example_dags/example_sensors.py for tasks to queue
[2024-10-25T07:26:49.336+0000] {logging_mixin.py:190} INFO - [2024-10-25T07:26:49.336+0000] {dagbag.py:588} INFO - Filling up the DagBag from /home/airflow/.local/lib/python3.12/site-packages/airflow/example_dags/example_sensors.py
[2024-10-25T07:26:49.351+0000] {processor.py:925} INFO - DAG(s) 'example_sensors' retrieved from /home/airflow/.local/lib/python3.12/site-packages/airflow/example_dags/example_sensors.py
[2024-10-25T07:26:49.387+0000] {logging_mixin.py:190} INFO - [2024-10-25T07:26:49.387+0000] {dag.py:3239} INFO - Sync 1 DAGs
[2024-10-25T07:26:49.406+0000] {logging_mixin.py:190} INFO - [2024-10-25T07:26:49.406+0000] {dag.py:4180} INFO - Setting next_dagrun for example_sensors to None, run_after=None
[2024-10-25T07:26:49.490+0000] {processor.py:208} INFO - Processing /home/airflow/.local/lib/python3.12/site-packages/airflow/example_dags/example_sensors.py took 0.166 seconds
[2024-10-25T07:27:19.941+0000] {processor.py:186} INFO - Started process (PID=1780) to work on /home/airflow/.local/lib/python3.12/site-packages/airflow/example_dags/example_sensors.py
[2024-10-25T07:27:19.943+0000] {processor.py:914} INFO - Processing file /home/airflow/.local/lib/python3.12/site-packages/airflow/example_dags/example_sensors.py for tasks to queue
[2024-10-25T07:27:19.945+0000] {logging_mixin.py:190} INFO - [2024-10-25T07:27:19.945+0000] {dagbag.py:588} INFO - Filling up the DagBag from /home/airflow/.local/lib/python3.12/site-packages/airflow/example_dags/example_sensors.py
[2024-10-25T07:27:19.975+0000] {processor.py:925} INFO - DAG(s) 'example_sensors' retrieved from /home/airflow/.local/lib/python3.12/site-packages/airflow/example_dags/example_sensors.py
[2024-10-25T07:27:20.000+0000] {logging_mixin.py:190} INFO - [2024-10-25T07:27:19.999+0000] {dag.py:3239} INFO - Sync 1 DAGs
[2024-10-25T07:27:20.014+0000] {logging_mixin.py:190} INFO - [2024-10-25T07:27:20.014+0000] {dag.py:4180} INFO - Setting next_dagrun for example_sensors to None, run_after=None
[2024-10-25T07:27:20.037+0000] {processor.py:208} INFO - Processing /home/airflow/.local/lib/python3.12/site-packages/airflow/example_dags/example_sensors.py took 0.100 seconds
[2024-10-25T07:27:50.337+0000] {processor.py:186} INFO - Started process (PID=1849) to work on /home/airflow/.local/lib/python3.12/site-packages/airflow/example_dags/example_sensors.py
[2024-10-25T07:27:50.339+0000] {processor.py:914} INFO - Processing file /home/airflow/.local/lib/python3.12/site-packages/airflow/example_dags/example_sensors.py for tasks to queue
[2024-10-25T07:27:50.343+0000] {logging_mixin.py:190} INFO - [2024-10-25T07:27:50.343+0000] {dagbag.py:588} INFO - Filling up the DagBag from /home/airflow/.local/lib/python3.12/site-packages/airflow/example_dags/example_sensors.py
[2024-10-25T07:27:50.356+0000] {processor.py:925} INFO - DAG(s) 'example_sensors' retrieved from /home/airflow/.local/lib/python3.12/site-packages/airflow/example_dags/example_sensors.py
[2024-10-25T07:27:50.393+0000] {logging_mixin.py:190} INFO - [2024-10-25T07:27:50.392+0000] {dag.py:3239} INFO - Sync 1 DAGs
[2024-10-25T07:27:50.417+0000] {logging_mixin.py:190} INFO - [2024-10-25T07:27:50.416+0000] {dag.py:4180} INFO - Setting next_dagrun for example_sensors to None, run_after=None
[2024-10-25T07:27:50.466+0000] {processor.py:208} INFO - Processing /home/airflow/.local/lib/python3.12/site-packages/airflow/example_dags/example_sensors.py took 0.136 seconds
[2024-10-25T07:28:21.043+0000] {processor.py:186} INFO - Started process (PID=1918) to work on /home/airflow/.local/lib/python3.12/site-packages/airflow/example_dags/example_sensors.py
[2024-10-25T07:28:21.044+0000] {processor.py:914} INFO - Processing file /home/airflow/.local/lib/python3.12/site-packages/airflow/example_dags/example_sensors.py for tasks to queue
[2024-10-25T07:28:21.049+0000] {logging_mixin.py:190} INFO - [2024-10-25T07:28:21.048+0000] {dagbag.py:588} INFO - Filling up the DagBag from /home/airflow/.local/lib/python3.12/site-packages/airflow/example_dags/example_sensors.py
[2024-10-25T07:28:21.063+0000] {processor.py:925} INFO - DAG(s) 'example_sensors' retrieved from /home/airflow/.local/lib/python3.12/site-packages/airflow/example_dags/example_sensors.py
[2024-10-25T07:28:21.095+0000] {logging_mixin.py:190} INFO - [2024-10-25T07:28:21.095+0000] {dag.py:3239} INFO - Sync 1 DAGs
[2024-10-25T07:28:21.116+0000] {logging_mixin.py:190} INFO - [2024-10-25T07:28:21.115+0000] {dag.py:4180} INFO - Setting next_dagrun for example_sensors to None, run_after=None
[2024-10-25T07:28:21.197+0000] {processor.py:208} INFO - Processing /home/airflow/.local/lib/python3.12/site-packages/airflow/example_dags/example_sensors.py took 0.163 seconds
[2024-10-25T07:28:51.518+0000] {processor.py:186} INFO - Started process (PID=1986) to work on /home/airflow/.local/lib/python3.12/site-packages/airflow/example_dags/example_sensors.py
[2024-10-25T07:28:51.519+0000] {processor.py:914} INFO - Processing file /home/airflow/.local/lib/python3.12/site-packages/airflow/example_dags/example_sensors.py for tasks to queue
[2024-10-25T07:28:51.523+0000] {logging_mixin.py:190} INFO - [2024-10-25T07:28:51.523+0000] {dagbag.py:588} INFO - Filling up the DagBag from /home/airflow/.local/lib/python3.12/site-packages/airflow/example_dags/example_sensors.py
[2024-10-25T07:28:51.535+0000] {processor.py:925} INFO - DAG(s) 'example_sensors' retrieved from /home/airflow/.local/lib/python3.12/site-packages/airflow/example_dags/example_sensors.py
[2024-10-25T07:28:51.568+0000] {logging_mixin.py:190} INFO - [2024-10-25T07:28:51.567+0000] {dag.py:3239} INFO - Sync 1 DAGs
[2024-10-25T07:28:51.585+0000] {logging_mixin.py:190} INFO - [2024-10-25T07:28:51.585+0000] {dag.py:4180} INFO - Setting next_dagrun for example_sensors to None, run_after=None
[2024-10-25T07:28:51.611+0000] {processor.py:208} INFO - Processing /home/airflow/.local/lib/python3.12/site-packages/airflow/example_dags/example_sensors.py took 0.098 seconds
[2024-10-25T07:29:22.448+0000] {processor.py:186} INFO - Started process (PID=2055) to work on /home/airflow/.local/lib/python3.12/site-packages/airflow/example_dags/example_sensors.py
[2024-10-25T07:29:22.450+0000] {processor.py:914} INFO - Processing file /home/airflow/.local/lib/python3.12/site-packages/airflow/example_dags/example_sensors.py for tasks to queue
[2024-10-25T07:29:22.453+0000] {logging_mixin.py:190} INFO - [2024-10-25T07:29:22.452+0000] {dagbag.py:588} INFO - Filling up the DagBag from /home/airflow/.local/lib/python3.12/site-packages/airflow/example_dags/example_sensors.py
[2024-10-25T07:29:22.471+0000] {processor.py:925} INFO - DAG(s) 'example_sensors' retrieved from /home/airflow/.local/lib/python3.12/site-packages/airflow/example_dags/example_sensors.py
[2024-10-25T07:29:22.497+0000] {logging_mixin.py:190} INFO - [2024-10-25T07:29:22.497+0000] {dag.py:3239} INFO - Sync 1 DAGs
[2024-10-25T07:29:22.509+0000] {logging_mixin.py:190} INFO - [2024-10-25T07:29:22.509+0000] {dag.py:4180} INFO - Setting next_dagrun for example_sensors to None, run_after=None
[2024-10-25T07:29:22.529+0000] {processor.py:208} INFO - Processing /home/airflow/.local/lib/python3.12/site-packages/airflow/example_dags/example_sensors.py took 0.086 seconds
[2024-10-25T07:29:53.015+0000] {processor.py:186} INFO - Started process (PID=2124) to work on /home/airflow/.local/lib/python3.12/site-packages/airflow/example_dags/example_sensors.py
[2024-10-25T07:29:53.016+0000] {processor.py:914} INFO - Processing file /home/airflow/.local/lib/python3.12/site-packages/airflow/example_dags/example_sensors.py for tasks to queue
[2024-10-25T07:29:53.019+0000] {logging_mixin.py:190} INFO - [2024-10-25T07:29:53.019+0000] {dagbag.py:588} INFO - Filling up the DagBag from /home/airflow/.local/lib/python3.12/site-packages/airflow/example_dags/example_sensors.py
[2024-10-25T07:29:53.029+0000] {processor.py:925} INFO - DAG(s) 'example_sensors' retrieved from /home/airflow/.local/lib/python3.12/site-packages/airflow/example_dags/example_sensors.py
[2024-10-25T07:29:53.053+0000] {logging_mixin.py:190} INFO - [2024-10-25T07:29:53.052+0000] {dag.py:3239} INFO - Sync 1 DAGs
[2024-10-25T07:29:53.064+0000] {logging_mixin.py:190} INFO - [2024-10-25T07:29:53.064+0000] {dag.py:4180} INFO - Setting next_dagrun for example_sensors to None, run_after=None
[2024-10-25T07:29:53.116+0000] {processor.py:208} INFO - Processing /home/airflow/.local/lib/python3.12/site-packages/airflow/example_dags/example_sensors.py took 0.107 seconds
[2024-10-25T07:30:23.324+0000] {processor.py:186} INFO - Started process (PID=2192) to work on /home/airflow/.local/lib/python3.12/site-packages/airflow/example_dags/example_sensors.py
[2024-10-25T07:30:23.326+0000] {processor.py:914} INFO - Processing file /home/airflow/.local/lib/python3.12/site-packages/airflow/example_dags/example_sensors.py for tasks to queue
[2024-10-25T07:30:23.328+0000] {logging_mixin.py:190} INFO - [2024-10-25T07:30:23.328+0000] {dagbag.py:588} INFO - Filling up the DagBag from /home/airflow/.local/lib/python3.12/site-packages/airflow/example_dags/example_sensors.py
[2024-10-25T07:30:23.338+0000] {processor.py:925} INFO - DAG(s) 'example_sensors' retrieved from /home/airflow/.local/lib/python3.12/site-packages/airflow/example_dags/example_sensors.py
[2024-10-25T07:30:23.365+0000] {logging_mixin.py:190} INFO - [2024-10-25T07:30:23.365+0000] {dag.py:3239} INFO - Sync 1 DAGs
[2024-10-25T07:30:23.378+0000] {logging_mixin.py:190} INFO - [2024-10-25T07:30:23.378+0000] {dag.py:4180} INFO - Setting next_dagrun for example_sensors to None, run_after=None
[2024-10-25T07:30:23.401+0000] {processor.py:208} INFO - Processing /home/airflow/.local/lib/python3.12/site-packages/airflow/example_dags/example_sensors.py took 0.081 seconds
[2024-10-25T07:30:53.983+0000] {processor.py:186} INFO - Started process (PID=2260) to work on /home/airflow/.local/lib/python3.12/site-packages/airflow/example_dags/example_sensors.py
[2024-10-25T07:30:53.984+0000] {processor.py:914} INFO - Processing file /home/airflow/.local/lib/python3.12/site-packages/airflow/example_dags/example_sensors.py for tasks to queue
[2024-10-25T07:30:53.988+0000] {logging_mixin.py:190} INFO - [2024-10-25T07:30:53.987+0000] {dagbag.py:588} INFO - Filling up the DagBag from /home/airflow/.local/lib/python3.12/site-packages/airflow/example_dags/example_sensors.py
[2024-10-25T07:30:53.999+0000] {processor.py:925} INFO - DAG(s) 'example_sensors' retrieved from /home/airflow/.local/lib/python3.12/site-packages/airflow/example_dags/example_sensors.py
[2024-10-25T07:30:54.030+0000] {logging_mixin.py:190} INFO - [2024-10-25T07:30:54.029+0000] {dag.py:3239} INFO - Sync 1 DAGs
[2024-10-25T07:30:54.053+0000] {logging_mixin.py:190} INFO - [2024-10-25T07:30:54.053+0000] {dag.py:4180} INFO - Setting next_dagrun for example_sensors to None, run_after=None
[2024-10-25T07:30:54.079+0000] {processor.py:208} INFO - Processing /home/airflow/.local/lib/python3.12/site-packages/airflow/example_dags/example_sensors.py took 0.101 seconds
[2024-10-25T07:31:24.646+0000] {processor.py:186} INFO - Started process (PID=2329) to work on /home/airflow/.local/lib/python3.12/site-packages/airflow/example_dags/example_sensors.py
[2024-10-25T07:31:24.648+0000] {processor.py:914} INFO - Processing file /home/airflow/.local/lib/python3.12/site-packages/airflow/example_dags/example_sensors.py for tasks to queue
[2024-10-25T07:31:24.650+0000] {logging_mixin.py:190} INFO - [2024-10-25T07:31:24.650+0000] {dagbag.py:588} INFO - Filling up the DagBag from /home/airflow/.local/lib/python3.12/site-packages/airflow/example_dags/example_sensors.py
[2024-10-25T07:31:24.661+0000] {processor.py:925} INFO - DAG(s) 'example_sensors' retrieved from /home/airflow/.local/lib/python3.12/site-packages/airflow/example_dags/example_sensors.py
[2024-10-25T07:31:24.686+0000] {logging_mixin.py:190} INFO - [2024-10-25T07:31:24.686+0000] {dag.py:3239} INFO - Sync 1 DAGs
[2024-10-25T07:31:24.699+0000] {logging_mixin.py:190} INFO - [2024-10-25T07:31:24.699+0000] {dag.py:4180} INFO - Setting next_dagrun for example_sensors to None, run_after=None
[2024-10-25T07:31:24.721+0000] {processor.py:208} INFO - Processing /home/airflow/.local/lib/python3.12/site-packages/airflow/example_dags/example_sensors.py took 0.079 seconds
[2024-10-25T07:31:55.408+0000] {processor.py:186} INFO - Started process (PID=2403) to work on /home/airflow/.local/lib/python3.12/site-packages/airflow/example_dags/example_sensors.py
[2024-10-25T07:31:55.410+0000] {processor.py:914} INFO - Processing file /home/airflow/.local/lib/python3.12/site-packages/airflow/example_dags/example_sensors.py for tasks to queue
[2024-10-25T07:31:55.414+0000] {logging_mixin.py:190} INFO - [2024-10-25T07:31:55.414+0000] {dagbag.py:588} INFO - Filling up the DagBag from /home/airflow/.local/lib/python3.12/site-packages/airflow/example_dags/example_sensors.py
[2024-10-25T07:31:55.440+0000] {processor.py:925} INFO - DAG(s) 'example_sensors' retrieved from /home/airflow/.local/lib/python3.12/site-packages/airflow/example_dags/example_sensors.py
[2024-10-25T07:31:55.506+0000] {logging_mixin.py:190} INFO - [2024-10-25T07:31:55.505+0000] {dag.py:3239} INFO - Sync 1 DAGs
[2024-10-25T07:31:55.532+0000] {logging_mixin.py:190} INFO - [2024-10-25T07:31:55.532+0000] {dag.py:4180} INFO - Setting next_dagrun for example_sensors to None, run_after=None
[2024-10-25T07:31:55.905+0000] {processor.py:208} INFO - Processing /home/airflow/.local/lib/python3.12/site-packages/airflow/example_dags/example_sensors.py took 0.511 seconds
[2024-10-25T07:32:46.034+0000] {processor.py:186} INFO - Started process (PID=2424) to work on /home/airflow/.local/lib/python3.12/site-packages/airflow/example_dags/example_sensors.py
[2024-10-25T07:32:46.039+0000] {processor.py:914} INFO - Processing file /home/airflow/.local/lib/python3.12/site-packages/airflow/example_dags/example_sensors.py for tasks to queue
[2024-10-25T07:32:46.049+0000] {logging_mixin.py:190} INFO - [2024-10-25T07:32:46.048+0000] {dagbag.py:588} INFO - Filling up the DagBag from /home/airflow/.local/lib/python3.12/site-packages/airflow/example_dags/example_sensors.py
[2024-10-25T07:32:46.081+0000] {processor.py:925} INFO - DAG(s) 'example_sensors' retrieved from /home/airflow/.local/lib/python3.12/site-packages/airflow/example_dags/example_sensors.py
[2024-10-25T07:32:46.162+0000] {logging_mixin.py:190} INFO - [2024-10-25T07:32:46.161+0000] {dag.py:3239} INFO - Sync 1 DAGs
[2024-10-25T07:32:46.201+0000] {logging_mixin.py:190} INFO - [2024-10-25T07:32:46.201+0000] {dag.py:4180} INFO - Setting next_dagrun for example_sensors to None, run_after=None
[2024-10-25T07:32:46.259+0000] {processor.py:208} INFO - Processing /home/airflow/.local/lib/python3.12/site-packages/airflow/example_dags/example_sensors.py took 0.239 seconds
[2024-10-25T07:33:16.451+0000] {processor.py:186} INFO - Started process (PID=2493) to work on /home/airflow/.local/lib/python3.12/site-packages/airflow/example_dags/example_sensors.py
[2024-10-25T07:33:16.453+0000] {processor.py:914} INFO - Processing file /home/airflow/.local/lib/python3.12/site-packages/airflow/example_dags/example_sensors.py for tasks to queue
[2024-10-25T07:33:16.455+0000] {logging_mixin.py:190} INFO - [2024-10-25T07:33:16.454+0000] {dagbag.py:588} INFO - Filling up the DagBag from /home/airflow/.local/lib/python3.12/site-packages/airflow/example_dags/example_sensors.py
[2024-10-25T07:33:16.465+0000] {processor.py:925} INFO - DAG(s) 'example_sensors' retrieved from /home/airflow/.local/lib/python3.12/site-packages/airflow/example_dags/example_sensors.py
[2024-10-25T07:33:16.495+0000] {logging_mixin.py:190} INFO - [2024-10-25T07:33:16.495+0000] {dag.py:3239} INFO - Sync 1 DAGs
[2024-10-25T07:33:16.674+0000] {logging_mixin.py:190} INFO - [2024-10-25T07:33:16.674+0000] {dag.py:4180} INFO - Setting next_dagrun for example_sensors to None, run_after=None
[2024-10-25T07:33:16.695+0000] {processor.py:208} INFO - Processing /home/airflow/.local/lib/python3.12/site-packages/airflow/example_dags/example_sensors.py took 0.249 seconds
[2024-10-25T07:33:47.087+0000] {processor.py:186} INFO - Started process (PID=2562) to work on /home/airflow/.local/lib/python3.12/site-packages/airflow/example_dags/example_sensors.py
[2024-10-25T07:33:47.088+0000] {processor.py:914} INFO - Processing file /home/airflow/.local/lib/python3.12/site-packages/airflow/example_dags/example_sensors.py for tasks to queue
[2024-10-25T07:33:47.089+0000] {logging_mixin.py:190} INFO - [2024-10-25T07:33:47.089+0000] {dagbag.py:588} INFO - Filling up the DagBag from /home/airflow/.local/lib/python3.12/site-packages/airflow/example_dags/example_sensors.py
[2024-10-25T07:33:47.102+0000] {processor.py:925} INFO - DAG(s) 'example_sensors' retrieved from /home/airflow/.local/lib/python3.12/site-packages/airflow/example_dags/example_sensors.py
[2024-10-25T07:33:47.130+0000] {logging_mixin.py:190} INFO - [2024-10-25T07:33:47.130+0000] {dag.py:3239} INFO - Sync 1 DAGs
[2024-10-25T07:33:47.324+0000] {logging_mixin.py:190} INFO - [2024-10-25T07:33:47.324+0000] {dag.py:4180} INFO - Setting next_dagrun for example_sensors to None, run_after=None
[2024-10-25T07:33:47.350+0000] {processor.py:208} INFO - Processing /home/airflow/.local/lib/python3.12/site-packages/airflow/example_dags/example_sensors.py took 0.269 seconds
[2024-10-25T07:34:18.132+0000] {processor.py:186} INFO - Started process (PID=2631) to work on /home/airflow/.local/lib/python3.12/site-packages/airflow/example_dags/example_sensors.py
[2024-10-25T07:34:18.133+0000] {processor.py:914} INFO - Processing file /home/airflow/.local/lib/python3.12/site-packages/airflow/example_dags/example_sensors.py for tasks to queue
[2024-10-25T07:34:18.135+0000] {logging_mixin.py:190} INFO - [2024-10-25T07:34:18.134+0000] {dagbag.py:588} INFO - Filling up the DagBag from /home/airflow/.local/lib/python3.12/site-packages/airflow/example_dags/example_sensors.py
[2024-10-25T07:34:18.145+0000] {processor.py:925} INFO - DAG(s) 'example_sensors' retrieved from /home/airflow/.local/lib/python3.12/site-packages/airflow/example_dags/example_sensors.py
[2024-10-25T07:34:18.171+0000] {logging_mixin.py:190} INFO - [2024-10-25T07:34:18.171+0000] {dag.py:3239} INFO - Sync 1 DAGs
[2024-10-25T07:34:18.185+0000] {logging_mixin.py:190} INFO - [2024-10-25T07:34:18.185+0000] {dag.py:4180} INFO - Setting next_dagrun for example_sensors to None, run_after=None
[2024-10-25T07:34:18.387+0000] {processor.py:208} INFO - Processing /home/airflow/.local/lib/python3.12/site-packages/airflow/example_dags/example_sensors.py took 0.260 seconds
[2024-10-25T07:34:49.228+0000] {processor.py:186} INFO - Started process (PID=2700) to work on /home/airflow/.local/lib/python3.12/site-packages/airflow/example_dags/example_sensors.py
[2024-10-25T07:34:49.229+0000] {processor.py:914} INFO - Processing file /home/airflow/.local/lib/python3.12/site-packages/airflow/example_dags/example_sensors.py for tasks to queue
[2024-10-25T07:34:49.230+0000] {logging_mixin.py:190} INFO - [2024-10-25T07:34:49.230+0000] {dagbag.py:588} INFO - Filling up the DagBag from /home/airflow/.local/lib/python3.12/site-packages/airflow/example_dags/example_sensors.py
[2024-10-25T07:34:49.241+0000] {processor.py:925} INFO - DAG(s) 'example_sensors' retrieved from /home/airflow/.local/lib/python3.12/site-packages/airflow/example_dags/example_sensors.py
[2024-10-25T07:34:49.265+0000] {logging_mixin.py:190} INFO - [2024-10-25T07:34:49.264+0000] {dag.py:3239} INFO - Sync 1 DAGs
[2024-10-25T07:34:49.277+0000] {logging_mixin.py:190} INFO - [2024-10-25T07:34:49.277+0000] {dag.py:4180} INFO - Setting next_dagrun for example_sensors to None, run_after=None
[2024-10-25T07:34:49.297+0000] {processor.py:208} INFO - Processing /home/airflow/.local/lib/python3.12/site-packages/airflow/example_dags/example_sensors.py took 0.076 seconds
[2024-10-25T07:35:20.094+0000] {processor.py:186} INFO - Started process (PID=2769) to work on /home/airflow/.local/lib/python3.12/site-packages/airflow/example_dags/example_sensors.py
[2024-10-25T07:35:20.095+0000] {processor.py:914} INFO - Processing file /home/airflow/.local/lib/python3.12/site-packages/airflow/example_dags/example_sensors.py for tasks to queue
[2024-10-25T07:35:20.097+0000] {logging_mixin.py:190} INFO - [2024-10-25T07:35:20.097+0000] {dagbag.py:588} INFO - Filling up the DagBag from /home/airflow/.local/lib/python3.12/site-packages/airflow/example_dags/example_sensors.py
[2024-10-25T07:35:20.108+0000] {processor.py:925} INFO - DAG(s) 'example_sensors' retrieved from /home/airflow/.local/lib/python3.12/site-packages/airflow/example_dags/example_sensors.py
[2024-10-25T07:35:20.133+0000] {logging_mixin.py:190} INFO - [2024-10-25T07:35:20.132+0000] {dag.py:3239} INFO - Sync 1 DAGs
[2024-10-25T07:35:20.149+0000] {logging_mixin.py:190} INFO - [2024-10-25T07:35:20.149+0000] {dag.py:4180} INFO - Setting next_dagrun for example_sensors to None, run_after=None
[2024-10-25T07:35:20.173+0000] {processor.py:208} INFO - Processing /home/airflow/.local/lib/python3.12/site-packages/airflow/example_dags/example_sensors.py took 0.083 seconds
[2024-10-25T07:37:53.086+0000] {processor.py:186} INFO - Started process (PID=60) to work on /home/airflow/.local/lib/python3.12/site-packages/airflow/example_dags/example_sensors.py
[2024-10-25T07:37:53.088+0000] {processor.py:914} INFO - Processing file /home/airflow/.local/lib/python3.12/site-packages/airflow/example_dags/example_sensors.py for tasks to queue
[2024-10-25T07:37:53.091+0000] {logging_mixin.py:190} INFO - [2024-10-25T07:37:53.091+0000] {dagbag.py:588} INFO - Filling up the DagBag from /home/airflow/.local/lib/python3.12/site-packages/airflow/example_dags/example_sensors.py
[2024-10-25T07:37:53.105+0000] {processor.py:925} INFO - DAG(s) 'example_sensors' retrieved from /home/airflow/.local/lib/python3.12/site-packages/airflow/example_dags/example_sensors.py
[2024-10-25T07:37:53.141+0000] {logging_mixin.py:190} INFO - [2024-10-25T07:37:53.141+0000] {dag.py:3239} INFO - Sync 1 DAGs
[2024-10-25T07:37:53.156+0000] {logging_mixin.py:190} INFO - [2024-10-25T07:37:53.155+0000] {dag.py:4180} INFO - Setting next_dagrun for example_sensors to None, run_after=None
[2024-10-25T07:37:53.181+0000] {processor.py:208} INFO - Processing /home/airflow/.local/lib/python3.12/site-packages/airflow/example_dags/example_sensors.py took 0.101 seconds
[2024-10-25T07:38:23.516+0000] {processor.py:186} INFO - Started process (PID=130) to work on /home/airflow/.local/lib/python3.12/site-packages/airflow/example_dags/example_sensors.py
[2024-10-25T07:38:23.518+0000] {processor.py:914} INFO - Processing file /home/airflow/.local/lib/python3.12/site-packages/airflow/example_dags/example_sensors.py for tasks to queue
[2024-10-25T07:38:23.522+0000] {logging_mixin.py:190} INFO - [2024-10-25T07:38:23.521+0000] {dagbag.py:588} INFO - Filling up the DagBag from /home/airflow/.local/lib/python3.12/site-packages/airflow/example_dags/example_sensors.py
[2024-10-25T07:38:23.535+0000] {processor.py:925} INFO - DAG(s) 'example_sensors' retrieved from /home/airflow/.local/lib/python3.12/site-packages/airflow/example_dags/example_sensors.py
[2024-10-25T07:38:23.574+0000] {logging_mixin.py:190} INFO - [2024-10-25T07:38:23.573+0000] {dag.py:3239} INFO - Sync 1 DAGs
[2024-10-25T07:38:23.589+0000] {logging_mixin.py:190} INFO - [2024-10-25T07:38:23.589+0000] {dag.py:4180} INFO - Setting next_dagrun for example_sensors to None, run_after=None
[2024-10-25T07:38:23.616+0000] {processor.py:208} INFO - Processing /home/airflow/.local/lib/python3.12/site-packages/airflow/example_dags/example_sensors.py took 0.107 seconds
