[2024-10-21T00:25:01.157+0000] {local_task_job_runner.py:123} INFO - ::group::Pre task execution logs
[2024-10-21T00:25:01.182+0000] {taskinstance.py:2612} INFO - Dependencies all met for dep_context=non-requeueable deps ti=<TaskInstance: table_dag.submit_table manual__2024-10-21T00:24:53.905171+00:00 [queued]>
[2024-10-21T00:25:01.197+0000] {taskinstance.py:2612} INFO - Dependencies all met for dep_context=requeueable deps ti=<TaskInstance: table_dag.submit_table manual__2024-10-21T00:24:53.905171+00:00 [queued]>
[2024-10-21T00:25:01.198+0000] {taskinstance.py:2865} INFO - Starting attempt 1 of 1
[2024-10-21T00:25:01.225+0000] {taskinstance.py:2888} INFO - Executing <Task(PinotTableSubmitOperator): submit_table> on 2024-10-21 00:24:53.905171+00:00
[2024-10-21T00:25:01.240+0000] {warnings.py:112} WARNING - /home/***/.local/lib/python3.12/site-packages/***/task/task_runner/standard_task_runner.py:70: DeprecationWarning: This process (pid=1213) is multi-threaded, use of fork() may lead to deadlocks in the child.
  pid = os.fork()

[2024-10-21T00:25:01.243+0000] {standard_task_runner.py:72} INFO - Started process 1215 to run task
[2024-10-21T00:25:01.244+0000] {standard_task_runner.py:104} INFO - Running: ['***', 'tasks', 'run', 'table_dag', 'submit_table', 'manual__2024-10-21T00:24:53.905171+00:00', '--job-id', '128', '--raw', '--subdir', 'DAGS_FOLDER/table_dag.py', '--cfg-path', '/tmp/tmpktu1wzbf']
[2024-10-21T00:25:01.247+0000] {standard_task_runner.py:105} INFO - Job 128: Subtask submit_table
[2024-10-21T00:25:01.320+0000] {task_command.py:467} INFO - Running <TaskInstance: table_dag.submit_table manual__2024-10-21T00:24:53.905171+00:00 [running]> on host b5fa23871e33
[2024-10-21T00:25:01.451+0000] {taskinstance.py:3131} INFO - Exporting env vars: AIRFLOW_CTX_DAG_OWNER='saisunny' AIRFLOW_CTX_DAG_ID='table_dag' AIRFLOW_CTX_TASK_ID='submit_table' AIRFLOW_CTX_EXECUTION_DATE='2024-10-21T00:24:53.905171+00:00' AIRFLOW_CTX_TRY_NUMBER='1' AIRFLOW_CTX_DAG_RUN_ID='manual__2024-10-21T00:24:53.905171+00:00'
[2024-10-21T00:25:01.453+0000] {logging_mixin.py:190} INFO - Task instance is in running state
[2024-10-21T00:25:01.454+0000] {logging_mixin.py:190} INFO -  Previous state of the Task instance: queued
[2024-10-21T00:25:01.455+0000] {logging_mixin.py:190} INFO - Current task name:submit_table state:running start_date:2024-10-21 00:25:01.184059+00:00
[2024-10-21T00:25:01.456+0000] {logging_mixin.py:190} INFO - Dag name:table_dag and current dag run status:running
[2024-10-21T00:25:01.456+0000] {taskinstance.py:731} INFO - ::endgroup::
[2024-10-21T00:25:01.509+0000] {pinot_table_operator.py:32} ERROR - /opt/***/dags/tables/account_dim.json Table Submission Failed To Submit With 409 - {"code":409,"error":"Table config for account_dim_OFFLINE already exists. If this is unexpected, try deleting the table to remove all metadata associated with it."}
[2024-10-21T00:25:01.511+0000] {pinot_table_operator.py:38} ERROR - An Error Occurred: /opt/***/dags/tables/account_dim.json Table Submission Failed To Submit With 409
[2024-10-21T00:25:01.527+0000] {taskinstance.py:340} INFO - ::group::Post task execution logs
[2024-10-21T00:25:01.529+0000] {taskinstance.py:352} INFO - Marking task as SUCCESS. dag_id=table_dag, task_id=submit_table, run_id=manual__2024-10-21T00:24:53.905171+00:00, execution_date=20241021T002453, start_date=20241021T002501, end_date=20241021T002501
[2024-10-21T00:25:01.547+0000] {logging_mixin.py:190} INFO - Task instance in success state
[2024-10-21T00:25:01.548+0000] {logging_mixin.py:190} INFO -  Previous state of the Task instance: running
[2024-10-21T00:25:01.549+0000] {logging_mixin.py:190} INFO - Dag name:table_dag queued_at:2024-10-21 00:24:53.925348+00:00
[2024-10-21T00:25:01.549+0000] {logging_mixin.py:190} INFO - Task hostname:b5fa23871e33 operator:PinotTableSubmitOperator
[2024-10-21T00:25:01.583+0000] {local_task_job_runner.py:266} INFO - Task exited with return code 0
[2024-10-21T00:25:01.606+0000] {taskinstance.py:3900} INFO - 0 downstream tasks scheduled from follow-on schedule check
[2024-10-21T00:25:01.608+0000] {local_task_job_runner.py:245} INFO - ::endgroup::
