[2024-10-21T19:36:02.842+0000] {local_task_job_runner.py:123} INFO - ::group::Pre task execution logs
[2024-10-21T19:36:02.864+0000] {taskinstance.py:2612} INFO - Dependencies all met for dep_context=non-requeueable deps ti=<TaskInstance: transaction_facts_generator.generate_txn_fact_data manual__2024-10-21T19:35:59.374267+00:00 [queued]>
[2024-10-21T19:36:02.875+0000] {taskinstance.py:2612} INFO - Dependencies all met for dep_context=requeueable deps ti=<TaskInstance: transaction_facts_generator.generate_txn_fact_data manual__2024-10-21T19:35:59.374267+00:00 [queued]>
[2024-10-21T19:36:02.882+0000] {taskinstance.py:2865} INFO - Starting attempt 1 of 1
[2024-10-21T19:36:02.907+0000] {taskinstance.py:2888} INFO - Executing <Task(KafkaProduceOperator): generate_txn_fact_data> on 2024-10-21 19:35:59.374267+00:00
[2024-10-21T19:36:02.920+0000] {warnings.py:112} WARNING - /home/***/.local/lib/python3.12/site-packages/***/task/task_runner/standard_task_runner.py:70: DeprecationWarning: This process (pid=218) is multi-threaded, use of fork() may lead to deadlocks in the child.
  pid = os.fork()

[2024-10-21T19:36:02.923+0000] {standard_task_runner.py:104} INFO - Running: ['***', 'tasks', 'run', 'transaction_facts_generator', 'generate_txn_fact_data', 'manual__2024-10-21T19:35:59.374267+00:00', '--job-id', '187', '--raw', '--subdir', 'DAGS_FOLDER/transaction_facts_generator.py', '--cfg-path', '/tmp/tmpbk95awdo']
[2024-10-21T19:36:02.925+0000] {standard_task_runner.py:72} INFO - Started process 220 to run task
[2024-10-21T19:36:02.926+0000] {standard_task_runner.py:105} INFO - Job 187: Subtask generate_txn_fact_data
[2024-10-21T19:36:03.004+0000] {task_command.py:467} INFO - Running <TaskInstance: transaction_facts_generator.generate_txn_fact_data manual__2024-10-21T19:35:59.374267+00:00 [running]> on host b5877bc8e957
[2024-10-21T19:36:03.108+0000] {taskinstance.py:3131} INFO - Exporting env vars: AIRFLOW_CTX_DAG_OWNER='saisunny' AIRFLOW_CTX_DAG_ID='transaction_facts_generator' AIRFLOW_CTX_TASK_ID='generate_txn_fact_data' AIRFLOW_CTX_EXECUTION_DATE='2024-10-21T19:35:59.374267+00:00' AIRFLOW_CTX_TRY_NUMBER='1' AIRFLOW_CTX_DAG_RUN_ID='manual__2024-10-21T19:35:59.374267+00:00'
[2024-10-21T19:36:03.111+0000] {logging_mixin.py:190} INFO - Task instance is in running state
[2024-10-21T19:36:03.113+0000] {logging_mixin.py:190} INFO -  Previous state of the Task instance: queued
[2024-10-21T19:36:03.115+0000] {logging_mixin.py:190} INFO - Current task name:generate_txn_fact_data state:running start_date:2024-10-21 19:36:02.866074+00:00
[2024-10-21T19:36:03.116+0000] {logging_mixin.py:190} INFO - Dag name:transaction_facts_generator and current dag run status:running
[2024-10-21T19:36:03.118+0000] {taskinstance.py:731} INFO - ::endgroup::
[2024-10-21T19:36:03.124+0000] {conn.py:362} INFO - <BrokerConnection node_id=bootstrap-0 host=kafka_broker:9092 <connecting> [IPv4 ('172.19.0.6', 9092)]>: connecting to kafka_broker:9092 [('172.19.0.6', 9092) IPv4]
[2024-10-21T19:36:03.126+0000] {conn.py:957} INFO - Probing node bootstrap-0 broker version
[2024-10-21T19:36:03.129+0000] {conn.py:393} INFO - <BrokerConnection node_id=bootstrap-0 host=kafka_broker:9092 <connecting> [IPv4 ('172.19.0.6', 9092)]>: Connection complete.
[2024-10-21T19:36:03.236+0000] {conn.py:1019} INFO - Broker version identified as 2.5.0
[2024-10-21T19:36:03.238+0000] {conn.py:1020} INFO - Set configuration api_version=(2, 5, 0) to skip auto check_version requests on startup
[2024-10-21T19:36:03.250+0000] {kafka_operator.py:62} INFO - Produced row: {'transaction_id': 'T000000', 'transaction_type': 'Credit', 'currency': 'USD', 'branch_id': 'B00099', 'transaction_date': 1722195363246, 'transaction_amount': 386.18, 'exchange_rate': 0.8433, 'customer_id': 'C00023', 'account_id': 'A00066'} of 0
[2024-10-21T19:36:03.252+0000] {kafka_operator.py:62} INFO - Produced row: {'transaction_id': 'T000001', 'transaction_type': 'Transfer', 'currency': 'USD', 'branch_id': 'B00082', 'transaction_date': 1717097763252, 'transaction_amount': 7263.22, 'exchange_rate': 0.5694, 'customer_id': 'C00091', 'account_id': 'A00006'} of 1
[2024-10-21T19:36:03.253+0000] {conn.py:362} INFO - <BrokerConnection node_id=0 host=kafka_broker:9092 <connecting> [IPv4 ('172.19.0.6', 9092)]>: connecting to kafka_broker:9092 [('172.19.0.6', 9092) IPv4]
[2024-10-21T19:36:03.254+0000] {kafka_operator.py:62} INFO - Produced row: {'transaction_id': 'T000002', 'transaction_type': 'Deposit', 'currency': 'USD', 'branch_id': 'B00040', 'transaction_date': 1721676963254, 'transaction_amount': 6307.05, 'exchange_rate': 1.3013, 'customer_id': 'C00050', 'account_id': 'A00012'} of 2
[2024-10-21T19:36:03.256+0000] {conn.py:393} INFO - <BrokerConnection node_id=0 host=kafka_broker:9092 <connecting> [IPv4 ('172.19.0.6', 9092)]>: Connection complete.
[2024-10-21T19:36:03.257+0000] {kafka_operator.py:62} INFO - Produced row: {'transaction_id': 'T000003', 'transaction_type': 'Withdrawal', 'currency': 'INR', 'branch_id': 'B00087', 'transaction_date': 1699817763257, 'transaction_amount': 5152.46, 'exchange_rate': 0.5376, 'customer_id': 'C00046', 'account_id': 'A00098'} of 3
[2024-10-21T19:36:03.258+0000] {conn.py:673} INFO - <BrokerConnection node_id=bootstrap-0 host=kafka_broker:9092 <connected> [IPv4 ('172.19.0.6', 9092)]>: Closing connection. 
[2024-10-21T19:36:03.260+0000] {kafka_operator.py:62} INFO - Produced row: {'transaction_id': 'T000004', 'transaction_type': 'Debit', 'currency': 'EUR', 'branch_id': 'B00060', 'transaction_date': 1720294563259, 'transaction_amount': 9750.92, 'exchange_rate': 0.7272, 'customer_id': 'C00019', 'account_id': 'A00067'} of 4
[2024-10-21T19:36:03.264+0000] {kafka_operator.py:62} INFO - Produced row: {'transaction_id': 'T000005', 'transaction_type': 'Deposit', 'currency': 'INR', 'branch_id': 'B00018', 'transaction_date': 1728329763264, 'transaction_amount': 8542.53, 'exchange_rate': 1.3029, 'customer_id': 'C00050', 'account_id': 'A00011'} of 5
[2024-10-21T19:36:03.267+0000] {kafka_operator.py:62} INFO - Produced row: {'transaction_id': 'T000006', 'transaction_type': 'Deposit', 'currency': 'USD', 'branch_id': 'B00053', 'transaction_date': 1708025763267, 'transaction_amount': 5505.08, 'exchange_rate': 0.681, 'customer_id': 'C00094', 'account_id': 'A00059'} of 6
[2024-10-21T19:36:03.269+0000] {kafka_operator.py:62} INFO - Produced row: {'transaction_id': 'T000007', 'transaction_type': 'Transfer', 'currency': 'GBP', 'branch_id': 'B00058', 'transaction_date': 1724182563269, 'transaction_amount': 7406.92, 'exchange_rate': 1.4631, 'customer_id': 'C00042', 'account_id': 'A00088'} of 7
[2024-10-21T19:36:03.271+0000] {kafka_operator.py:62} INFO - Produced row: {'transaction_id': 'T000008', 'transaction_type': 'Deposit', 'currency': 'INR', 'branch_id': 'B00028', 'transaction_date': 1729193763270, 'transaction_amount': 4749.99, 'exchange_rate': 0.7203, 'customer_id': 'C00052', 'account_id': 'A00077'} of 8
[2024-10-21T19:36:03.273+0000] {kafka_operator.py:62} INFO - Produced row: {'transaction_id': 'T000009', 'transaction_type': 'Deposit', 'currency': 'EUR', 'branch_id': 'B00004', 'transaction_date': 1726947363272, 'transaction_amount': 2853.0, 'exchange_rate': 0.5518, 'customer_id': 'C00044', 'account_id': 'A00059'} of 9
[2024-10-21T19:36:03.274+0000] {kafka_operator.py:62} INFO - Produced row: {'transaction_id': 'T000010', 'transaction_type': 'Transfer', 'currency': 'GBP', 'branch_id': 'B00076', 'transaction_date': 1727897763274, 'transaction_amount': 9659.63, 'exchange_rate': 1.4658, 'customer_id': 'C00094', 'account_id': 'A00091'} of 10
[2024-10-21T19:36:03.276+0000] {kafka_operator.py:62} INFO - Produced row: {'transaction_id': 'T000011', 'transaction_type': 'Debit', 'currency': 'GBP', 'branch_id': 'B00097', 'transaction_date': 1721244963276, 'transaction_amount': 3902.77, 'exchange_rate': 0.9111, 'customer_id': 'C00074', 'account_id': 'A00059'} of 11
[2024-10-21T19:36:03.278+0000] {kafka_operator.py:62} INFO - Produced row: {'transaction_id': 'T000012', 'transaction_type': 'Deposit', 'currency': 'EUR', 'branch_id': 'B00074', 'transaction_date': 1728070563278, 'transaction_amount': 1024.85, 'exchange_rate': 1.2223, 'customer_id': 'C00042', 'account_id': 'A00006'} of 12
[2024-10-21T19:36:03.281+0000] {kafka_operator.py:62} INFO - Produced row: {'transaction_id': 'T000013', 'transaction_type': 'Debit', 'currency': 'INR', 'branch_id': 'B00043', 'transaction_date': 1701027363281, 'transaction_amount': 83.61, 'exchange_rate': 1.0658, 'customer_id': 'C00008', 'account_id': 'A00086'} of 13
[2024-10-21T19:36:03.283+0000] {kafka_operator.py:62} INFO - Produced row: {'transaction_id': 'T000014', 'transaction_type': 'Deposit', 'currency': 'GBP', 'branch_id': 'B00002', 'transaction_date': 1718220963283, 'transaction_amount': 2893.34, 'exchange_rate': 1.2082, 'customer_id': 'C00061', 'account_id': 'A00090'} of 14
[2024-10-21T19:36:03.286+0000] {kafka_operator.py:62} INFO - Produced row: {'transaction_id': 'T000015', 'transaction_type': 'Debit', 'currency': 'USD', 'branch_id': 'B00004', 'transaction_date': 1726169763285, 'transaction_amount': 6956.59, 'exchange_rate': 1.2459, 'customer_id': 'C00077', 'account_id': 'A00073'} of 15
[2024-10-21T19:36:03.287+0000] {kafka_operator.py:62} INFO - Produced row: {'transaction_id': 'T000016', 'transaction_type': 'Withdrawal', 'currency': 'EUR', 'branch_id': 'B00092', 'transaction_date': 1707680163287, 'transaction_amount': 976.63, 'exchange_rate': 1.1773, 'customer_id': 'C00081', 'account_id': 'A00056'} of 16
[2024-10-21T19:36:03.289+0000] {kafka_operator.py:62} INFO - Produced row: {'transaction_id': 'T000017', 'transaction_type': 'Credit', 'currency': 'GBP', 'branch_id': 'B00056', 'transaction_date': 1729366563289, 'transaction_amount': 2688.66, 'exchange_rate': 0.9967, 'customer_id': 'C00020', 'account_id': 'A00044'} of 17
[2024-10-21T19:36:03.291+0000] {kafka_operator.py:62} INFO - Produced row: {'transaction_id': 'T000018', 'transaction_type': 'Transfer', 'currency': 'GBP', 'branch_id': 'B00002', 'transaction_date': 1705001763291, 'transaction_amount': 5765.89, 'exchange_rate': 1.4008, 'customer_id': 'C00052', 'account_id': 'A00009'} of 18
[2024-10-21T19:36:03.293+0000] {kafka_operator.py:62} INFO - Produced row: {'transaction_id': 'T000019', 'transaction_type': 'Credit', 'currency': 'EUR', 'branch_id': 'B00063', 'transaction_date': 1727033763292, 'transaction_amount': 990.13, 'exchange_rate': 0.7448, 'customer_id': 'C00040', 'account_id': 'A00089'} of 19
[2024-10-21T19:36:03.295+0000] {kafka_operator.py:62} INFO - Produced row: {'transaction_id': 'T000020', 'transaction_type': 'Withdrawal', 'currency': 'EUR', 'branch_id': 'B00075', 'transaction_date': 1714246563294, 'transaction_amount': 5163.02, 'exchange_rate': 0.5269, 'customer_id': 'C00019', 'account_id': 'A00024'} of 20
[2024-10-21T19:36:03.299+0000] {kafka_operator.py:62} INFO - Produced row: {'transaction_id': 'T000021', 'transaction_type': 'Transfer', 'currency': 'EUR', 'branch_id': 'B00050', 'transaction_date': 1719171363299, 'transaction_amount': 2708.08, 'exchange_rate': 0.8645, 'customer_id': 'C00009', 'account_id': 'A00022'} of 21
[2024-10-21T19:36:03.301+0000] {kafka_operator.py:62} INFO - Produced row: {'transaction_id': 'T000022', 'transaction_type': 'Debit', 'currency': 'EUR', 'branch_id': 'B00001', 'transaction_date': 1708371363300, 'transaction_amount': 5157.05, 'exchange_rate': 0.5891, 'customer_id': 'C00089', 'account_id': 'A00032'} of 22
[2024-10-21T19:36:03.302+0000] {kafka_operator.py:62} INFO - Produced row: {'transaction_id': 'T000023', 'transaction_type': 'Debit', 'currency': 'GBP', 'branch_id': 'B00066', 'transaction_date': 1728156963302, 'transaction_amount': 3970.19, 'exchange_rate': 0.6192, 'customer_id': 'C00073', 'account_id': 'A00088'} of 23
[2024-10-21T19:36:03.304+0000] {kafka_operator.py:62} INFO - Produced row: {'transaction_id': 'T000024', 'transaction_type': 'Deposit', 'currency': 'EUR', 'branch_id': 'B00065', 'transaction_date': 1727552163303, 'transaction_amount': 9995.86, 'exchange_rate': 0.9192, 'customer_id': 'C00064', 'account_id': 'A00015'} of 24
[2024-10-21T19:36:03.305+0000] {kafka_operator.py:62} INFO - Produced row: {'transaction_id': 'T000025', 'transaction_type': 'Debit', 'currency': 'INR', 'branch_id': 'B00080', 'transaction_date': 1718825763305, 'transaction_amount': 9069.99, 'exchange_rate': 0.7504, 'customer_id': 'C00037', 'account_id': 'A00048'} of 25
[2024-10-21T19:36:03.307+0000] {kafka_operator.py:62} INFO - Produced row: {'transaction_id': 'T000026', 'transaction_type': 'Transfer', 'currency': 'GBP', 'branch_id': 'B00025', 'transaction_date': 1700336163307, 'transaction_amount': 1883.39, 'exchange_rate': 1.435, 'customer_id': 'C00082', 'account_id': 'A00049'} of 26
[2024-10-21T19:36:03.309+0000] {kafka_operator.py:62} INFO - Produced row: {'transaction_id': 'T000027', 'transaction_type': 'Deposit', 'currency': 'INR', 'branch_id': 'B00093', 'transaction_date': 1709926563308, 'transaction_amount': 4773.48, 'exchange_rate': 0.9263, 'customer_id': 'C00058', 'account_id': 'A00001'} of 27
[2024-10-21T19:36:03.311+0000] {kafka_operator.py:62} INFO - Produced row: {'transaction_id': 'T000028', 'transaction_type': 'Credit', 'currency': 'INR', 'branch_id': 'B00097', 'transaction_date': 1709321763311, 'transaction_amount': 5989.34, 'exchange_rate': 0.7063, 'customer_id': 'C00001', 'account_id': 'A00036'} of 28
[2024-10-21T19:36:03.314+0000] {kafka_operator.py:62} INFO - Produced row: {'transaction_id': 'T000029', 'transaction_type': 'Debit', 'currency': 'INR', 'branch_id': 'B00041', 'transaction_date': 1708976163313, 'transaction_amount': 6172.38, 'exchange_rate': 1.4649, 'customer_id': 'C00060', 'account_id': 'A00031'} of 29
[2024-10-21T19:36:03.315+0000] {kafka_operator.py:62} INFO - Produced row: {'transaction_id': 'T000030', 'transaction_type': 'Transfer', 'currency': 'GBP', 'branch_id': 'B00001', 'transaction_date': 1707075363315, 'transaction_amount': 5614.93, 'exchange_rate': 0.6328, 'customer_id': 'C00001', 'account_id': 'A00031'} of 30
[2024-10-21T19:36:03.316+0000] {kafka_operator.py:62} INFO - Produced row: {'transaction_id': 'T000031', 'transaction_type': 'Transfer', 'currency': 'INR', 'branch_id': 'B00073', 'transaction_date': 1717961763316, 'transaction_amount': 2953.95, 'exchange_rate': 1.0077, 'customer_id': 'C00100', 'account_id': 'A00010'} of 31
[2024-10-21T19:36:03.318+0000] {kafka_operator.py:62} INFO - Produced row: {'transaction_id': 'T000032', 'transaction_type': 'Deposit', 'currency': 'EUR', 'branch_id': 'B00063', 'transaction_date': 1715024163318, 'transaction_amount': 2215.92, 'exchange_rate': 1.3216, 'customer_id': 'C00041', 'account_id': 'A00079'} of 32
[2024-10-21T19:36:03.321+0000] {kafka_operator.py:62} INFO - Produced row: {'transaction_id': 'T000033', 'transaction_type': 'Credit', 'currency': 'EUR', 'branch_id': 'B00073', 'transaction_date': 1714419363320, 'transaction_amount': 2007.98, 'exchange_rate': 0.8361, 'customer_id': 'C00040', 'account_id': 'A00055'} of 33
[2024-10-21T19:36:03.322+0000] {kafka_operator.py:62} INFO - Produced row: {'transaction_id': 'T000034', 'transaction_type': 'Withdrawal', 'currency': 'INR', 'branch_id': 'B00094', 'transaction_date': 1705520163322, 'transaction_amount': 5049.18, 'exchange_rate': 1.1014, 'customer_id': 'C00069', 'account_id': 'A00053'} of 34
[2024-10-21T19:36:03.323+0000] {kafka_operator.py:62} INFO - Produced row: {'transaction_id': 'T000035', 'transaction_type': 'Credit', 'currency': 'EUR', 'branch_id': 'B00050', 'transaction_date': 1724182563323, 'transaction_amount': 9675.75, 'exchange_rate': 0.5437, 'customer_id': 'C00090', 'account_id': 'A00043'} of 35
[2024-10-21T19:36:03.325+0000] {kafka_operator.py:62} INFO - Produced row: {'transaction_id': 'T000036', 'transaction_type': 'Withdrawal', 'currency': 'GBP', 'branch_id': 'B00055', 'transaction_date': 1711136163325, 'transaction_amount': 1600.14, 'exchange_rate': 1.3181, 'customer_id': 'C00031', 'account_id': 'A00086'} of 36
[2024-10-21T19:36:03.326+0000] {kafka_operator.py:62} INFO - Produced row: {'transaction_id': 'T000037', 'transaction_type': 'Deposit', 'currency': 'INR', 'branch_id': 'B00003', 'transaction_date': 1719862563326, 'transaction_amount': 733.41, 'exchange_rate': 0.8406, 'customer_id': 'C00091', 'account_id': 'A00072'} of 37
[2024-10-21T19:36:03.329+0000] {kafka_operator.py:62} INFO - Produced row: {'transaction_id': 'T000038', 'transaction_type': 'Transfer', 'currency': 'INR', 'branch_id': 'B00020', 'transaction_date': 1705692963328, 'transaction_amount': 7238.06, 'exchange_rate': 1.2844, 'customer_id': 'C00058', 'account_id': 'A00055'} of 38
[2024-10-21T19:36:03.331+0000] {kafka_operator.py:62} INFO - Produced row: {'transaction_id': 'T000039', 'transaction_type': 'Deposit', 'currency': 'USD', 'branch_id': 'B00066', 'transaction_date': 1699299363331, 'transaction_amount': 2609.82, 'exchange_rate': 1.1717, 'customer_id': 'C00097', 'account_id': 'A00037'} of 39
[2024-10-21T19:36:03.333+0000] {kafka_operator.py:62} INFO - Produced row: {'transaction_id': 'T000040', 'transaction_type': 'Deposit', 'currency': 'INR', 'branch_id': 'B00096', 'transaction_date': 1707161763333, 'transaction_amount': 5835.43, 'exchange_rate': 0.7506, 'customer_id': 'C00028', 'account_id': 'A00068'} of 40
[2024-10-21T19:36:03.336+0000] {kafka_operator.py:62} INFO - Produced row: {'transaction_id': 'T000041', 'transaction_type': 'Debit', 'currency': 'GBP', 'branch_id': 'B00038', 'transaction_date': 1701286563335, 'transaction_amount': 8706.9, 'exchange_rate': 0.655, 'customer_id': 'C00014', 'account_id': 'A00035'} of 41
[2024-10-21T19:36:03.337+0000] {kafka_operator.py:62} INFO - Produced row: {'transaction_id': 'T000042', 'transaction_type': 'Debit', 'currency': 'EUR', 'branch_id': 'B00056', 'transaction_date': 1718998563337, 'transaction_amount': 8928.69, 'exchange_rate': 0.6965, 'customer_id': 'C00046', 'account_id': 'A00033'} of 42
[2024-10-21T19:36:03.338+0000] {kafka_operator.py:62} INFO - Produced row: {'transaction_id': 'T000043', 'transaction_type': 'Deposit', 'currency': 'EUR', 'branch_id': 'B00092', 'transaction_date': 1729107363338, 'transaction_amount': 7759.7, 'exchange_rate': 1.1696, 'customer_id': 'C00043', 'account_id': 'A00038'} of 43
[2024-10-21T19:36:03.339+0000] {kafka_operator.py:62} INFO - Produced row: {'transaction_id': 'T000044', 'transaction_type': 'Deposit', 'currency': 'EUR', 'branch_id': 'B00016', 'transaction_date': 1711222563339, 'transaction_amount': 9241.63, 'exchange_rate': 1.4119, 'customer_id': 'C00034', 'account_id': 'A00065'} of 44
[2024-10-21T19:36:03.341+0000] {kafka_operator.py:62} INFO - Produced row: {'transaction_id': 'T000045', 'transaction_type': 'Deposit', 'currency': 'USD', 'branch_id': 'B00071', 'transaction_date': 1722540963340, 'transaction_amount': 17.48, 'exchange_rate': 1.1876, 'customer_id': 'C00036', 'account_id': 'A00072'} of 45
[2024-10-21T19:36:03.342+0000] {kafka_operator.py:62} INFO - Produced row: {'transaction_id': 'T000046', 'transaction_type': 'Credit', 'currency': 'USD', 'branch_id': 'B00028', 'transaction_date': 1712604963342, 'transaction_amount': 7168.64, 'exchange_rate': 1.4925, 'customer_id': 'C00024', 'account_id': 'A00075'} of 46
[2024-10-21T19:36:03.344+0000] {kafka_operator.py:62} INFO - Produced row: {'transaction_id': 'T000047', 'transaction_type': 'Debit', 'currency': 'EUR', 'branch_id': 'B00016', 'transaction_date': 1725478563343, 'transaction_amount': 210.47, 'exchange_rate': 1.1109, 'customer_id': 'C00079', 'account_id': 'A00047'} of 47
[2024-10-21T19:36:03.347+0000] {kafka_operator.py:62} INFO - Produced row: {'transaction_id': 'T000048', 'transaction_type': 'Transfer', 'currency': 'INR', 'branch_id': 'B00068', 'transaction_date': 1727724963345, 'transaction_amount': 5046.0, 'exchange_rate': 0.8007, 'customer_id': 'C00038', 'account_id': 'A00041'} of 48
[2024-10-21T19:36:03.349+0000] {kafka_operator.py:62} INFO - Produced row: {'transaction_id': 'T000049', 'transaction_type': 'Withdrawal', 'currency': 'USD', 'branch_id': 'B00043', 'transaction_date': 1703878563349, 'transaction_amount': 6841.66, 'exchange_rate': 0.8115, 'customer_id': 'C00077', 'account_id': 'A00061'} of 49
[2024-10-21T19:36:03.351+0000] {kafka_operator.py:62} INFO - Produced row: {'transaction_id': 'T000050', 'transaction_type': 'Debit', 'currency': 'USD', 'branch_id': 'B00066', 'transaction_date': 1723145763350, 'transaction_amount': 2575.71, 'exchange_rate': 0.7026, 'customer_id': 'C00041', 'account_id': 'A00035'} of 50
[2024-10-21T19:36:03.352+0000] {kafka_operator.py:62} INFO - Produced row: {'transaction_id': 'T000051', 'transaction_type': 'Deposit', 'currency': 'USD', 'branch_id': 'B00042', 'transaction_date': 1703792163352, 'transaction_amount': 5833.22, 'exchange_rate': 1.4908, 'customer_id': 'C00077', 'account_id': 'A00001'} of 51
[2024-10-21T19:36:03.354+0000] {kafka_operator.py:62} INFO - Produced row: {'transaction_id': 'T000052', 'transaction_type': 'Debit', 'currency': 'INR', 'branch_id': 'B00018', 'transaction_date': 1706038563354, 'transaction_amount': 6658.03, 'exchange_rate': 1.4601, 'customer_id': 'C00041', 'account_id': 'A00079'} of 52
[2024-10-21T19:36:03.355+0000] {kafka_operator.py:62} INFO - Produced row: {'transaction_id': 'T000053', 'transaction_type': 'Transfer', 'currency': 'INR', 'branch_id': 'B00064', 'transaction_date': 1703792163355, 'transaction_amount': 134.21, 'exchange_rate': 0.6704, 'customer_id': 'C00090', 'account_id': 'A00068'} of 53
[2024-10-21T19:36:03.356+0000] {kafka_operator.py:62} INFO - Produced row: {'transaction_id': 'T000054', 'transaction_type': 'Transfer', 'currency': 'GBP', 'branch_id': 'B00021', 'transaction_date': 1706729763356, 'transaction_amount': 8190.87, 'exchange_rate': 1.1851, 'customer_id': 'C00012', 'account_id': 'A00073'} of 54
[2024-10-21T19:36:03.357+0000] {kafka_operator.py:62} INFO - Produced row: {'transaction_id': 'T000055', 'transaction_type': 'Debit', 'currency': 'EUR', 'branch_id': 'B00039', 'transaction_date': 1719344163357, 'transaction_amount': 3294.09, 'exchange_rate': 0.5566, 'customer_id': 'C00046', 'account_id': 'A00045'} of 55
[2024-10-21T19:36:03.358+0000] {kafka_operator.py:62} INFO - Produced row: {'transaction_id': 'T000056', 'transaction_type': 'Credit', 'currency': 'INR', 'branch_id': 'B00091', 'transaction_date': 1704396963358, 'transaction_amount': 8465.62, 'exchange_rate': 1.0742, 'customer_id': 'C00096', 'account_id': 'A00068'} of 56
[2024-10-21T19:36:03.359+0000] {kafka_operator.py:62} INFO - Produced row: {'transaction_id': 'T000057', 'transaction_type': 'Debit', 'currency': 'EUR', 'branch_id': 'B00087', 'transaction_date': 1727465763359, 'transaction_amount': 5866.26, 'exchange_rate': 0.5267, 'customer_id': 'C00050', 'account_id': 'A00008'} of 57
[2024-10-21T19:36:03.361+0000] {kafka_operator.py:62} INFO - Produced row: {'transaction_id': 'T000058', 'transaction_type': 'Credit', 'currency': 'INR', 'branch_id': 'B00016', 'transaction_date': 1722886563361, 'transaction_amount': 4503.06, 'exchange_rate': 0.5836, 'customer_id': 'C00060', 'account_id': 'A00041'} of 58
[2024-10-21T19:36:03.363+0000] {kafka_operator.py:62} INFO - Produced row: {'transaction_id': 'T000059', 'transaction_type': 'Deposit', 'currency': 'INR', 'branch_id': 'B00037', 'transaction_date': 1721936163362, 'transaction_amount': 23.87, 'exchange_rate': 0.619, 'customer_id': 'C00020', 'account_id': 'A00008'} of 59
[2024-10-21T19:36:03.364+0000] {kafka_operator.py:62} INFO - Produced row: {'transaction_id': 'T000060', 'transaction_type': 'Transfer', 'currency': 'INR', 'branch_id': 'B00080', 'transaction_date': 1727120163364, 'transaction_amount': 5919.87, 'exchange_rate': 0.7228, 'customer_id': 'C00054', 'account_id': 'A00044'} of 60
[2024-10-21T19:36:03.366+0000] {kafka_operator.py:62} INFO - Produced row: {'transaction_id': 'T000061', 'transaction_type': 'Deposit', 'currency': 'EUR', 'branch_id': 'B00038', 'transaction_date': 1701459363366, 'transaction_amount': 7924.82, 'exchange_rate': 1.3275, 'customer_id': 'C00065', 'account_id': 'A00050'} of 61
[2024-10-21T19:36:03.369+0000] {kafka_operator.py:62} INFO - Produced row: {'transaction_id': 'T000062', 'transaction_type': 'Credit', 'currency': 'USD', 'branch_id': 'B00082', 'transaction_date': 1722886563369, 'transaction_amount': 1638.56, 'exchange_rate': 1.2255, 'customer_id': 'C00020', 'account_id': 'A00043'} of 62
[2024-10-21T19:36:03.370+0000] {kafka_operator.py:62} INFO - Produced row: {'transaction_id': 'T000063', 'transaction_type': 'Transfer', 'currency': 'USD', 'branch_id': 'B00011', 'transaction_date': 1725046563370, 'transaction_amount': 3283.7, 'exchange_rate': 1.2113, 'customer_id': 'C00067', 'account_id': 'A00016'} of 63
[2024-10-21T19:36:03.372+0000] {kafka_operator.py:62} INFO - Produced row: {'transaction_id': 'T000064', 'transaction_type': 'Deposit', 'currency': 'INR', 'branch_id': 'B00070', 'transaction_date': 1717616163372, 'transaction_amount': 299.57, 'exchange_rate': 1.119, 'customer_id': 'C00037', 'account_id': 'A00049'} of 64
[2024-10-21T19:36:03.374+0000] {kafka_operator.py:62} INFO - Produced row: {'transaction_id': 'T000065', 'transaction_type': 'Withdrawal', 'currency': 'INR', 'branch_id': 'B00021', 'transaction_date': 1703964963374, 'transaction_amount': 7113.15, 'exchange_rate': 0.8542, 'customer_id': 'C00045', 'account_id': 'A00011'} of 65
[2024-10-21T19:36:03.375+0000] {kafka_operator.py:62} INFO - Produced row: {'transaction_id': 'T000066', 'transaction_type': 'Credit', 'currency': 'INR', 'branch_id': 'B00066', 'transaction_date': 1698867363375, 'transaction_amount': 6815.98, 'exchange_rate': 1.005, 'customer_id': 'C00047', 'account_id': 'A00010'} of 66
[2024-10-21T19:36:03.377+0000] {kafka_operator.py:62} INFO - Produced row: {'transaction_id': 'T000067', 'transaction_type': 'Deposit', 'currency': 'INR', 'branch_id': 'B00049', 'transaction_date': 1722108963376, 'transaction_amount': 2226.53, 'exchange_rate': 0.8028, 'customer_id': 'C00087', 'account_id': 'A00004'} of 67
[2024-10-21T19:36:03.379+0000] {kafka_operator.py:62} INFO - Produced row: {'transaction_id': 'T000068', 'transaction_type': 'Transfer', 'currency': 'GBP', 'branch_id': 'B00091', 'transaction_date': 1698521763379, 'transaction_amount': 919.76, 'exchange_rate': 1.4244, 'customer_id': 'C00069', 'account_id': 'A00067'} of 68
[2024-10-21T19:36:03.381+0000] {kafka_operator.py:62} INFO - Produced row: {'transaction_id': 'T000069', 'transaction_type': 'Debit', 'currency': 'USD', 'branch_id': 'B00084', 'transaction_date': 1706297763381, 'transaction_amount': 8067.23, 'exchange_rate': 1.1434, 'customer_id': 'C00070', 'account_id': 'A00003'} of 69
[2024-10-21T19:36:03.383+0000] {kafka_operator.py:62} INFO - Produced row: {'transaction_id': 'T000070', 'transaction_type': 'Deposit', 'currency': 'EUR', 'branch_id': 'B00053', 'transaction_date': 1724009763382, 'transaction_amount': 4550.73, 'exchange_rate': 0.753, 'customer_id': 'C00003', 'account_id': 'A00079'} of 70
[2024-10-21T19:36:03.384+0000] {kafka_operator.py:62} INFO - Produced row: {'transaction_id': 'T000071', 'transaction_type': 'Deposit', 'currency': 'GBP', 'branch_id': 'B00092', 'transaction_date': 1712691363384, 'transaction_amount': 7117.46, 'exchange_rate': 1.1676, 'customer_id': 'C00003', 'account_id': 'A00007'} of 71
[2024-10-21T19:36:03.386+0000] {kafka_operator.py:62} INFO - Produced row: {'transaction_id': 'T000072', 'transaction_type': 'Deposit', 'currency': 'EUR', 'branch_id': 'B00056', 'transaction_date': 1729366563385, 'transaction_amount': 4072.95, 'exchange_rate': 0.7064, 'customer_id': 'C00010', 'account_id': 'A00043'} of 72
[2024-10-21T19:36:03.387+0000] {kafka_operator.py:62} INFO - Produced row: {'transaction_id': 'T000073', 'transaction_type': 'Debit', 'currency': 'USD', 'branch_id': 'B00088', 'transaction_date': 1718739363387, 'transaction_amount': 2290.2, 'exchange_rate': 1.0416, 'customer_id': 'C00005', 'account_id': 'A00001'} of 73
[2024-10-21T19:36:03.389+0000] {kafka_operator.py:62} INFO - Produced row: {'transaction_id': 'T000074', 'transaction_type': 'Debit', 'currency': 'EUR', 'branch_id': 'B00093', 'transaction_date': 1720208163388, 'transaction_amount': 687.37, 'exchange_rate': 0.6716, 'customer_id': 'C00063', 'account_id': 'A00069'} of 74
[2024-10-21T19:36:03.390+0000] {kafka_operator.py:62} INFO - Produced row: {'transaction_id': 'T000075', 'transaction_type': 'Credit', 'currency': 'INR', 'branch_id': 'B00044', 'transaction_date': 1706816163390, 'transaction_amount': 1537.02, 'exchange_rate': 1.4226, 'customer_id': 'C00048', 'account_id': 'A00020'} of 75
[2024-10-21T19:36:03.391+0000] {kafka_operator.py:62} INFO - Produced row: {'transaction_id': 'T000076', 'transaction_type': 'Deposit', 'currency': 'GBP', 'branch_id': 'B00027', 'transaction_date': 1718912163391, 'transaction_amount': 4329.32, 'exchange_rate': 0.9652, 'customer_id': 'C00055', 'account_id': 'A00024'} of 76
[2024-10-21T19:36:03.394+0000] {kafka_operator.py:62} INFO - Produced row: {'transaction_id': 'T000077', 'transaction_type': 'Debit', 'currency': 'EUR', 'branch_id': 'B00034', 'transaction_date': 1704742563394, 'transaction_amount': 5300.8, 'exchange_rate': 0.654, 'customer_id': 'C00002', 'account_id': 'A00011'} of 77
[2024-10-21T19:36:03.397+0000] {kafka_operator.py:62} INFO - Produced row: {'transaction_id': 'T000078', 'transaction_type': 'Deposit', 'currency': 'EUR', 'branch_id': 'B00029', 'transaction_date': 1713123363396, 'transaction_amount': 2919.02, 'exchange_rate': 1.0683, 'customer_id': 'C00057', 'account_id': 'A00014'} of 78
[2024-10-21T19:36:03.399+0000] {kafka_operator.py:62} INFO - Produced row: {'transaction_id': 'T000079', 'transaction_type': 'Credit', 'currency': 'GBP', 'branch_id': 'B00090', 'transaction_date': 1700681763398, 'transaction_amount': 7650.92, 'exchange_rate': 0.7586, 'customer_id': 'C00097', 'account_id': 'A00068'} of 79
[2024-10-21T19:36:03.400+0000] {kafka_operator.py:62} INFO - Produced row: {'transaction_id': 'T000080', 'transaction_type': 'Credit', 'currency': 'INR', 'branch_id': 'B00089', 'transaction_date': 1721331363400, 'transaction_amount': 2718.65, 'exchange_rate': 0.7798, 'customer_id': 'C00080', 'account_id': 'A00013'} of 80
[2024-10-21T19:36:03.403+0000] {kafka_operator.py:62} INFO - Produced row: {'transaction_id': 'T000081', 'transaction_type': 'Transfer', 'currency': 'INR', 'branch_id': 'B00066', 'transaction_date': 1728416163403, 'transaction_amount': 6541.54, 'exchange_rate': 0.5161, 'customer_id': 'C00051', 'account_id': 'A00049'} of 81
[2024-10-21T19:36:03.404+0000] {kafka_operator.py:62} INFO - Produced row: {'transaction_id': 'T000082', 'transaction_type': 'Withdrawal', 'currency': 'USD', 'branch_id': 'B00035', 'transaction_date': 1711913763404, 'transaction_amount': 6173.6, 'exchange_rate': 0.8, 'customer_id': 'C00083', 'account_id': 'A00058'} of 82
[2024-10-21T19:36:03.405+0000] {kafka_operator.py:62} INFO - Produced row: {'transaction_id': 'T000083', 'transaction_type': 'Withdrawal', 'currency': 'EUR', 'branch_id': 'B00083', 'transaction_date': 1727292963405, 'transaction_amount': 8511.77, 'exchange_rate': 1.0062, 'customer_id': 'C00042', 'account_id': 'A00090'} of 83
[2024-10-21T19:36:03.407+0000] {kafka_operator.py:62} INFO - Produced row: {'transaction_id': 'T000084', 'transaction_type': 'Credit', 'currency': 'GBP', 'branch_id': 'B00077', 'transaction_date': 1709840163407, 'transaction_amount': 2752.14, 'exchange_rate': 0.6665, 'customer_id': 'C00062', 'account_id': 'A00080'} of 84
[2024-10-21T19:36:03.408+0000] {kafka_operator.py:62} INFO - Produced row: {'transaction_id': 'T000085', 'transaction_type': 'Deposit', 'currency': 'EUR', 'branch_id': 'B00021', 'transaction_date': 1712950563408, 'transaction_amount': 36.52, 'exchange_rate': 0.9813, 'customer_id': 'C00089', 'account_id': 'A00087'} of 85
[2024-10-21T19:36:03.410+0000] {kafka_operator.py:62} INFO - Produced row: {'transaction_id': 'T000086', 'transaction_type': 'Transfer', 'currency': 'EUR', 'branch_id': 'B00052', 'transaction_date': 1714073763410, 'transaction_amount': 1305.29, 'exchange_rate': 0.8527, 'customer_id': 'C00014', 'account_id': 'A00017'} of 86
[2024-10-21T19:36:03.412+0000] {kafka_operator.py:62} INFO - Produced row: {'transaction_id': 'T000087', 'transaction_type': 'Transfer', 'currency': 'EUR', 'branch_id': 'B00065', 'transaction_date': 1712259363411, 'transaction_amount': 6238.19, 'exchange_rate': 1.4196, 'customer_id': 'C00049', 'account_id': 'A00080'} of 87
[2024-10-21T19:36:03.414+0000] {kafka_operator.py:62} INFO - Produced row: {'transaction_id': 'T000088', 'transaction_type': 'Deposit', 'currency': 'GBP', 'branch_id': 'B00092', 'transaction_date': 1720726563414, 'transaction_amount': 5611.69, 'exchange_rate': 0.8879, 'customer_id': 'C00088', 'account_id': 'A00057'} of 88
[2024-10-21T19:36:03.416+0000] {kafka_operator.py:62} INFO - Produced row: {'transaction_id': 'T000089', 'transaction_type': 'Transfer', 'currency': 'EUR', 'branch_id': 'B00015', 'transaction_date': 1715801763416, 'transaction_amount': 710.67, 'exchange_rate': 1.1478, 'customer_id': 'C00045', 'account_id': 'A00062'} of 89
[2024-10-21T19:36:03.418+0000] {kafka_operator.py:62} INFO - Produced row: {'transaction_id': 'T000090', 'transaction_type': 'Credit', 'currency': 'GBP', 'branch_id': 'B00050', 'transaction_date': 1720294563418, 'transaction_amount': 4469.67, 'exchange_rate': 0.7744, 'customer_id': 'C00073', 'account_id': 'A00084'} of 90
[2024-10-21T19:36:03.420+0000] {kafka_operator.py:62} INFO - Produced row: {'transaction_id': 'T000091', 'transaction_type': 'Deposit', 'currency': 'EUR', 'branch_id': 'B00003', 'transaction_date': 1722281763420, 'transaction_amount': 6481.96, 'exchange_rate': 1.0096, 'customer_id': 'C00060', 'account_id': 'A00019'} of 91
[2024-10-21T19:36:03.423+0000] {kafka_operator.py:62} INFO - Produced row: {'transaction_id': 'T000092', 'transaction_type': 'Credit', 'currency': 'EUR', 'branch_id': 'B00007', 'transaction_date': 1717702563422, 'transaction_amount': 3220.75, 'exchange_rate': 1.1108, 'customer_id': 'C00100', 'account_id': 'A00055'} of 92
[2024-10-21T19:36:03.425+0000] {kafka_operator.py:62} INFO - Produced row: {'transaction_id': 'T000093', 'transaction_type': 'Withdrawal', 'currency': 'EUR', 'branch_id': 'B00079', 'transaction_date': 1707766563425, 'transaction_amount': 5474.53, 'exchange_rate': 1.2432, 'customer_id': 'C00098', 'account_id': 'A00091'} of 93
[2024-10-21T19:36:03.427+0000] {kafka_operator.py:62} INFO - Produced row: {'transaction_id': 'T000094', 'transaction_type': 'Debit', 'currency': 'EUR', 'branch_id': 'B00024', 'transaction_date': 1709753763426, 'transaction_amount': 6074.47, 'exchange_rate': 0.73, 'customer_id': 'C00087', 'account_id': 'A00089'} of 94
[2024-10-21T19:36:03.429+0000] {kafka_operator.py:62} INFO - Produced row: {'transaction_id': 'T000095', 'transaction_type': 'Transfer', 'currency': 'INR', 'branch_id': 'B00029', 'transaction_date': 1706297763428, 'transaction_amount': 4104.51, 'exchange_rate': 0.6064, 'customer_id': 'C00029', 'account_id': 'A00005'} of 95
[2024-10-21T19:36:03.431+0000] {kafka_operator.py:62} INFO - Produced row: {'transaction_id': 'T000096', 'transaction_type': 'Withdrawal', 'currency': 'GBP', 'branch_id': 'B00059', 'transaction_date': 1715196963431, 'transaction_amount': 5428.8, 'exchange_rate': 0.5683, 'customer_id': 'C00087', 'account_id': 'A00051'} of 96
[2024-10-21T19:36:03.433+0000] {kafka_operator.py:62} INFO - Produced row: {'transaction_id': 'T000097', 'transaction_type': 'Transfer', 'currency': 'GBP', 'branch_id': 'B00002', 'transaction_date': 1711222563433, 'transaction_amount': 9335.84, 'exchange_rate': 1.1754, 'customer_id': 'C00099', 'account_id': 'A00010'} of 97
[2024-10-21T19:36:03.434+0000] {kafka_operator.py:62} INFO - Produced row: {'transaction_id': 'T000098', 'transaction_type': 'Credit', 'currency': 'GBP', 'branch_id': 'B00052', 'transaction_date': 1711136163434, 'transaction_amount': 2830.4, 'exchange_rate': 0.6696, 'customer_id': 'C00030', 'account_id': 'A00036'} of 98
[2024-10-21T19:36:03.435+0000] {kafka_operator.py:62} INFO - Produced row: {'transaction_id': 'T000099', 'transaction_type': 'Transfer', 'currency': 'EUR', 'branch_id': 'B00009', 'transaction_date': 1720640163435, 'transaction_amount': 8758.42, 'exchange_rate': 1.2251, 'customer_id': 'C00032', 'account_id': 'A00055'} of 99
[2024-10-21T19:36:03.436+0000] {kafka_operator.py:62} INFO - Produced row: {'transaction_id': 'T000100', 'transaction_type': 'Debit', 'currency': 'GBP', 'branch_id': 'B00082', 'transaction_date': 1726860963436, 'transaction_amount': 8545.96, 'exchange_rate': 1.1271, 'customer_id': 'C00089', 'account_id': 'A00031'} of 100
[2024-10-21T19:36:03.438+0000] {kafka_operator.py:65} INFO - Produced 100 records of transaction which has been sent to the transaction_facts topic!
[2024-10-21T19:36:03.440+0000] {conn.py:673} INFO - <BrokerConnection node_id=0 host=kafka_broker:9092 <connected> [IPv4 ('172.19.0.6', 9092)]>: Closing connection. 
[2024-10-21T19:36:03.455+0000] {taskinstance.py:340} INFO - ::group::Post task execution logs
[2024-10-21T19:36:03.456+0000] {taskinstance.py:352} INFO - Marking task as SUCCESS. dag_id=transaction_facts_generator, task_id=generate_txn_fact_data, run_id=manual__2024-10-21T19:35:59.374267+00:00, execution_date=20241021T193559, start_date=20241021T193602, end_date=20241021T193603
[2024-10-21T19:36:03.472+0000] {logging_mixin.py:190} INFO - Task instance in success state
[2024-10-21T19:36:03.473+0000] {logging_mixin.py:190} INFO -  Previous state of the Task instance: running
[2024-10-21T19:36:03.474+0000] {logging_mixin.py:190} INFO - Dag name:transaction_facts_generator queued_at:2024-10-21 19:35:59.390874+00:00
[2024-10-21T19:36:03.475+0000] {logging_mixin.py:190} INFO - Task hostname:b5877bc8e957 operator:KafkaProduceOperator
[2024-10-21T19:36:03.509+0000] {local_task_job_runner.py:266} INFO - Task exited with return code 0
[2024-10-21T19:36:03.531+0000] {taskinstance.py:3900} INFO - 0 downstream tasks scheduled from follow-on schedule check
[2024-10-21T19:36:03.535+0000] {local_task_job_runner.py:245} INFO - ::endgroup::
