[2024-10-21T20:58:50.398+0000] {local_task_job_runner.py:123} INFO - ::group::Pre task execution logs
[2024-10-21T20:58:50.414+0000] {taskinstance.py:2612} INFO - Dependencies all met for dep_context=non-requeueable deps ti=<TaskInstance: transaction_facts_generator.generate_txn_fact_data manual__2024-10-21T20:58:42.598797+00:00 [queued]>
[2024-10-21T20:58:50.422+0000] {taskinstance.py:2612} INFO - Dependencies all met for dep_context=requeueable deps ti=<TaskInstance: transaction_facts_generator.generate_txn_fact_data manual__2024-10-21T20:58:42.598797+00:00 [queued]>
[2024-10-21T20:58:50.423+0000] {taskinstance.py:2865} INFO - Starting attempt 1 of 1
[2024-10-21T20:58:50.439+0000] {taskinstance.py:2888} INFO - Executing <Task(KafkaProduceOperator): generate_txn_fact_data> on 2024-10-21 20:58:42.598797+00:00
[2024-10-21T20:58:50.450+0000] {warnings.py:112} WARNING - /home/***/.local/lib/python3.12/site-packages/***/task/task_runner/standard_task_runner.py:70: DeprecationWarning: This process (pid=626) is multi-threaded, use of fork() may lead to deadlocks in the child.
  pid = os.fork()

[2024-10-21T20:58:50.452+0000] {standard_task_runner.py:72} INFO - Started process 628 to run task
[2024-10-21T20:58:50.453+0000] {standard_task_runner.py:104} INFO - Running: ['***', 'tasks', 'run', 'transaction_facts_generator', 'generate_txn_fact_data', 'manual__2024-10-21T20:58:42.598797+00:00', '--job-id', '200', '--raw', '--subdir', 'DAGS_FOLDER/transaction_facts_generator.py', '--cfg-path', '/tmp/tmpajvluixg']
[2024-10-21T20:58:50.454+0000] {standard_task_runner.py:105} INFO - Job 200: Subtask generate_txn_fact_data
[2024-10-21T20:58:50.512+0000] {task_command.py:467} INFO - Running <TaskInstance: transaction_facts_generator.generate_txn_fact_data manual__2024-10-21T20:58:42.598797+00:00 [running]> on host d993b9f280d5
[2024-10-21T20:58:50.617+0000] {taskinstance.py:3131} INFO - Exporting env vars: AIRFLOW_CTX_DAG_OWNER='saisunny' AIRFLOW_CTX_DAG_ID='transaction_facts_generator' AIRFLOW_CTX_TASK_ID='generate_txn_fact_data' AIRFLOW_CTX_EXECUTION_DATE='2024-10-21T20:58:42.598797+00:00' AIRFLOW_CTX_TRY_NUMBER='1' AIRFLOW_CTX_DAG_RUN_ID='manual__2024-10-21T20:58:42.598797+00:00'
[2024-10-21T20:58:50.620+0000] {logging_mixin.py:190} INFO - Task instance is in running state
[2024-10-21T20:58:50.621+0000] {logging_mixin.py:190} INFO -  Previous state of the Task instance: queued
[2024-10-21T20:58:50.622+0000] {logging_mixin.py:190} INFO - Current task name:generate_txn_fact_data state:running start_date:2024-10-21 20:58:50.415420+00:00
[2024-10-21T20:58:50.623+0000] {logging_mixin.py:190} INFO - Dag name:transaction_facts_generator and current dag run status:running
[2024-10-21T20:58:50.623+0000] {taskinstance.py:731} INFO - ::endgroup::
[2024-10-21T20:58:50.628+0000] {conn.py:362} INFO - <BrokerConnection node_id=bootstrap-0 host=kafka_broker:9092 <connecting> [IPv4 ('172.19.0.5', 9092)]>: connecting to kafka_broker:9092 [('172.19.0.5', 9092) IPv4]
[2024-10-21T20:58:50.630+0000] {conn.py:957} INFO - Probing node bootstrap-0 broker version
[2024-10-21T20:58:50.631+0000] {conn.py:393} INFO - <BrokerConnection node_id=bootstrap-0 host=kafka_broker:9092 <connecting> [IPv4 ('172.19.0.5', 9092)]>: Connection complete.
[2024-10-21T20:58:50.740+0000] {conn.py:1019} INFO - Broker version identified as 2.5.0
[2024-10-21T20:58:50.741+0000] {conn.py:1020} INFO - Set configuration api_version=(2, 5, 0) to skip auto check_version requests on startup
[2024-10-21T20:58:50.748+0000] {kafka_operator.py:62} INFO - Produced row: {'transaction_id': 'T000000', 'transaction_type': 'Debit', 'currency': 'INR', 'branch_id': 'B00046', 'transaction_date': 1702241930747, 'transaction_amount': 5565.17, 'exchange_rate': 1.4258, 'customer_id': 'C00062', 'account_id': 'A00071'} of 0
[2024-10-21T20:58:50.749+0000] {kafka_operator.py:62} INFO - Produced row: {'transaction_id': 'T000001', 'transaction_type': 'Transfer', 'currency': 'EUR', 'branch_id': 'B00048', 'transaction_date': 1714078730749, 'transaction_amount': 3578.58, 'exchange_rate': 1.2695, 'customer_id': 'C00096', 'account_id': 'A00097'} of 1
[2024-10-21T20:58:50.750+0000] {conn.py:362} INFO - <BrokerConnection node_id=0 host=kafka_broker:9092 <connecting> [IPv4 ('172.19.0.5', 9092)]>: connecting to kafka_broker:9092 [('172.19.0.5', 9092) IPv4]
[2024-10-21T20:58:50.751+0000] {kafka_operator.py:62} INFO - Produced row: {'transaction_id': 'T000002', 'transaction_type': 'Transfer', 'currency': 'USD', 'branch_id': 'B00098', 'transaction_date': 1726433930751, 'transaction_amount': 6400.46, 'exchange_rate': 0.5898, 'customer_id': 'C00039', 'account_id': 'A00080'} of 2
[2024-10-21T20:58:50.752+0000] {conn.py:393} INFO - <BrokerConnection node_id=0 host=kafka_broker:9092 <connecting> [IPv4 ('172.19.0.5', 9092)]>: Connection complete.
[2024-10-21T20:58:50.752+0000] {kafka_operator.py:62} INFO - Produced row: {'transaction_id': 'T000003', 'transaction_type': 'Withdrawal', 'currency': 'GBP', 'branch_id': 'B00052', 'transaction_date': 1703797130752, 'transaction_amount': 7670.02, 'exchange_rate': 0.7626, 'customer_id': 'C00061', 'account_id': 'A00009'} of 3
[2024-10-21T20:58:50.753+0000] {conn.py:673} INFO - <BrokerConnection node_id=bootstrap-0 host=kafka_broker:9092 <connected> [IPv4 ('172.19.0.5', 9092)]>: Closing connection. 
[2024-10-21T20:58:50.754+0000] {kafka_operator.py:62} INFO - Produced row: {'transaction_id': 'T000004', 'transaction_type': 'Credit', 'currency': 'GBP', 'branch_id': 'B00002', 'transaction_date': 1719953930754, 'transaction_amount': 9077.72, 'exchange_rate': 0.9908, 'customer_id': 'C00100', 'account_id': 'A00010'} of 4
[2024-10-21T20:58:50.756+0000] {kafka_operator.py:62} INFO - Produced row: {'transaction_id': 'T000005', 'transaction_type': 'Credit', 'currency': 'USD', 'branch_id': 'B00020', 'transaction_date': 1725310730756, 'transaction_amount': 90.57, 'exchange_rate': 0.8519, 'customer_id': 'C00092', 'account_id': 'A00075'} of 5
[2024-10-21T20:58:50.758+0000] {kafka_operator.py:62} INFO - Produced row: {'transaction_id': 'T000006', 'transaction_type': 'Withdrawal', 'currency': 'EUR', 'branch_id': 'B00042', 'transaction_date': 1713041930757, 'transaction_amount': 7728.71, 'exchange_rate': 1.0715, 'customer_id': 'C00073', 'account_id': 'A00008'} of 6
[2024-10-21T20:58:50.759+0000] {kafka_operator.py:62} INFO - Produced row: {'transaction_id': 'T000007', 'transaction_type': 'Credit', 'currency': 'GBP', 'branch_id': 'B00078', 'transaction_date': 1703105930759, 'transaction_amount': 6026.9, 'exchange_rate': 0.6719, 'customer_id': 'C00070', 'account_id': 'A00096'} of 7
[2024-10-21T20:58:50.760+0000] {kafka_operator.py:62} INFO - Produced row: {'transaction_id': 'T000008', 'transaction_type': 'Withdrawal', 'currency': 'EUR', 'branch_id': 'B00089', 'transaction_date': 1717189130760, 'transaction_amount': 2209.19, 'exchange_rate': 1.2336, 'customer_id': 'C00062', 'account_id': 'A00084'} of 8
[2024-10-21T20:58:50.762+0000] {kafka_operator.py:62} INFO - Produced row: {'transaction_id': 'T000009', 'transaction_type': 'Debit', 'currency': 'EUR', 'branch_id': 'B00008', 'transaction_date': 1727211530761, 'transaction_amount': 1302.26, 'exchange_rate': 1.1475, 'customer_id': 'C00057', 'account_id': 'A00022'} of 9
[2024-10-21T20:58:50.762+0000] {kafka_operator.py:62} INFO - Produced row: {'transaction_id': 'T000010', 'transaction_type': 'Debit', 'currency': 'INR', 'branch_id': 'B00020', 'transaction_date': 1704574730762, 'transaction_amount': 5593.95, 'exchange_rate': 1.4482, 'customer_id': 'C00064', 'account_id': 'A00016'} of 10
[2024-10-21T20:58:50.763+0000] {kafka_operator.py:62} INFO - Produced row: {'transaction_id': 'T000011', 'transaction_type': 'Credit', 'currency': 'GBP', 'branch_id': 'B00059', 'transaction_date': 1712609930763, 'transaction_amount': 6110.64, 'exchange_rate': 0.903, 'customer_id': 'C00006', 'account_id': 'A00081'} of 11
[2024-10-21T20:58:50.764+0000] {kafka_operator.py:62} INFO - Produced row: {'transaction_id': 'T000012', 'transaction_type': 'Withdrawal', 'currency': 'USD', 'branch_id': 'B00046', 'transaction_date': 1709845130764, 'transaction_amount': 7800.49, 'exchange_rate': 0.5418, 'customer_id': 'C00069', 'account_id': 'A00083'} of 12
[2024-10-21T20:58:50.764+0000] {kafka_operator.py:62} INFO - Produced row: {'transaction_id': 'T000013', 'transaction_type': 'Debit', 'currency': 'EUR', 'branch_id': 'B00010', 'transaction_date': 1721422730764, 'transaction_amount': 4114.98, 'exchange_rate': 0.9151, 'customer_id': 'C00021', 'account_id': 'A00083'} of 13
[2024-10-21T20:58:50.765+0000] {kafka_operator.py:62} INFO - Produced row: {'transaction_id': 'T000014', 'transaction_type': 'Credit', 'currency': 'GBP', 'branch_id': 'B00093', 'transaction_date': 1699304330765, 'transaction_amount': 1375.79, 'exchange_rate': 0.9187, 'customer_id': 'C00054', 'account_id': 'A00015'} of 14
[2024-10-21T20:58:50.766+0000] {kafka_operator.py:62} INFO - Produced row: {'transaction_id': 'T000015', 'transaction_type': 'Credit', 'currency': 'USD', 'branch_id': 'B00007', 'transaction_date': 1720126730765, 'transaction_amount': 8082.04, 'exchange_rate': 1.4998, 'customer_id': 'C00024', 'account_id': 'A00005'} of 15
[2024-10-21T20:58:50.766+0000] {kafka_operator.py:62} INFO - Produced row: {'transaction_id': 'T000016', 'transaction_type': 'Transfer', 'currency': 'USD', 'branch_id': 'B00012', 'transaction_date': 1709413130766, 'transaction_amount': 4174.38, 'exchange_rate': 0.7895, 'customer_id': 'C00011', 'account_id': 'A00023'} of 16
[2024-10-21T20:58:50.767+0000] {kafka_operator.py:62} INFO - Produced row: {'transaction_id': 'T000017', 'transaction_type': 'Withdrawal', 'currency': 'USD', 'branch_id': 'B00095', 'transaction_date': 1700168330767, 'transaction_amount': 4762.69, 'exchange_rate': 1.0308, 'customer_id': 'C00056', 'account_id': 'A00073'} of 17
[2024-10-21T20:58:50.767+0000] {kafka_operator.py:62} INFO - Produced row: {'transaction_id': 'T000018', 'transaction_type': 'Deposit', 'currency': 'INR', 'branch_id': 'B00013', 'transaction_date': 1720299530767, 'transaction_amount': 5040.77, 'exchange_rate': 1.3752, 'customer_id': 'C00081', 'account_id': 'A00049'} of 18
[2024-10-21T20:58:50.768+0000] {kafka_operator.py:62} INFO - Produced row: {'transaction_id': 'T000019', 'transaction_type': 'Debit', 'currency': 'INR', 'branch_id': 'B00028', 'transaction_date': 1722373130768, 'transaction_amount': 6638.03, 'exchange_rate': 0.9269, 'customer_id': 'C00026', 'account_id': 'A00037'} of 19
[2024-10-21T20:58:50.769+0000] {kafka_operator.py:62} INFO - Produced row: {'transaction_id': 'T000020', 'transaction_type': 'Credit', 'currency': 'USD', 'branch_id': 'B00010', 'transaction_date': 1716843530769, 'transaction_amount': 5522.62, 'exchange_rate': 1.4262, 'customer_id': 'C00088', 'account_id': 'A00068'} of 20
[2024-10-21T20:58:50.769+0000] {kafka_operator.py:62} INFO - Produced row: {'transaction_id': 'T000021', 'transaction_type': 'Debit', 'currency': 'USD', 'branch_id': 'B00059', 'transaction_date': 1714510730769, 'transaction_amount': 8987.4, 'exchange_rate': 0.6688, 'customer_id': 'C00067', 'account_id': 'A00039'} of 21
[2024-10-21T20:58:50.770+0000] {kafka_operator.py:62} INFO - Produced row: {'transaction_id': 'T000022', 'transaction_type': 'Transfer', 'currency': 'EUR', 'branch_id': 'B00006', 'transaction_date': 1722373130770, 'transaction_amount': 5589.14, 'exchange_rate': 0.7856, 'customer_id': 'C00077', 'account_id': 'A00088'} of 22
[2024-10-21T20:58:50.771+0000] {kafka_operator.py:62} INFO - Produced row: {'transaction_id': 'T000023', 'transaction_type': 'Transfer', 'currency': 'USD', 'branch_id': 'B00073', 'transaction_date': 1711054730771, 'transaction_amount': 4045.45, 'exchange_rate': 1.0721, 'customer_id': 'C00090', 'account_id': 'A00087'} of 23
[2024-10-21T20:58:50.771+0000] {kafka_operator.py:62} INFO - Produced row: {'transaction_id': 'T000024', 'transaction_type': 'Deposit', 'currency': 'INR', 'branch_id': 'B00069', 'transaction_date': 1710449930771, 'transaction_amount': 1976.04, 'exchange_rate': 0.6695, 'customer_id': 'C00085', 'account_id': 'A00088'} of 24
[2024-10-21T20:58:50.772+0000] {kafka_operator.py:62} INFO - Produced row: {'transaction_id': 'T000025', 'transaction_type': 'Withdrawal', 'currency': 'USD', 'branch_id': 'B00083', 'transaction_date': 1718830730772, 'transaction_amount': 4051.27, 'exchange_rate': 0.9679, 'customer_id': 'C00038', 'account_id': 'A00068'} of 25
[2024-10-21T20:58:50.773+0000] {kafka_operator.py:62} INFO - Produced row: {'transaction_id': 'T000026', 'transaction_type': 'Credit', 'currency': 'USD', 'branch_id': 'B00038', 'transaction_date': 1706129930773, 'transaction_amount': 9967.43, 'exchange_rate': 0.6963, 'customer_id': 'C00011', 'account_id': 'A00025'} of 26
[2024-10-21T20:58:50.774+0000] {kafka_operator.py:62} INFO - Produced row: {'transaction_id': 'T000027', 'transaction_type': 'Credit', 'currency': 'USD', 'branch_id': 'B00087', 'transaction_date': 1700254730774, 'transaction_amount': 2690.73, 'exchange_rate': 1.2985, 'customer_id': 'C00009', 'account_id': 'A00008'} of 27
[2024-10-21T20:58:50.774+0000] {kafka_operator.py:62} INFO - Produced row: {'transaction_id': 'T000028', 'transaction_type': 'Debit', 'currency': 'EUR', 'branch_id': 'B00063', 'transaction_date': 1699477130774, 'transaction_amount': 8594.96, 'exchange_rate': 0.5211, 'customer_id': 'C00015', 'account_id': 'A00066'} of 28
[2024-10-21T20:58:50.775+0000] {kafka_operator.py:62} INFO - Produced row: {'transaction_id': 'T000029', 'transaction_type': 'Debit', 'currency': 'USD', 'branch_id': 'B00033', 'transaction_date': 1713214730775, 'transaction_amount': 2222.28, 'exchange_rate': 0.8017, 'customer_id': 'C00033', 'account_id': 'A00052'} of 29
[2024-10-21T20:58:50.776+0000] {kafka_operator.py:62} INFO - Produced row: {'transaction_id': 'T000030', 'transaction_type': 'Debit', 'currency': 'USD', 'branch_id': 'B00063', 'transaction_date': 1714597130776, 'transaction_amount': 7763.39, 'exchange_rate': 1.153, 'customer_id': 'C00037', 'account_id': 'A00097'} of 30
[2024-10-21T20:58:50.777+0000] {kafka_operator.py:62} INFO - Produced row: {'transaction_id': 'T000031', 'transaction_type': 'Deposit', 'currency': 'GBP', 'branch_id': 'B00020', 'transaction_date': 1700168330777, 'transaction_amount': 8073.14, 'exchange_rate': 0.7349, 'customer_id': 'C00043', 'account_id': 'A00099'} of 31
[2024-10-21T20:58:50.778+0000] {kafka_operator.py:62} INFO - Produced row: {'transaction_id': 'T000032', 'transaction_type': 'Debit', 'currency': 'GBP', 'branch_id': 'B00098', 'transaction_date': 1723928330778, 'transaction_amount': 4389.01, 'exchange_rate': 0.8983, 'customer_id': 'C00060', 'account_id': 'A00091'} of 32
[2024-10-21T20:58:50.779+0000] {kafka_operator.py:62} INFO - Produced row: {'transaction_id': 'T000033', 'transaction_type': 'Transfer', 'currency': 'EUR', 'branch_id': 'B00052', 'transaction_date': 1727038730778, 'transaction_amount': 6004.72, 'exchange_rate': 1.0266, 'customer_id': 'C00022', 'account_id': 'A00026'} of 33
[2024-10-21T20:58:50.779+0000] {kafka_operator.py:62} INFO - Produced row: {'transaction_id': 'T000034', 'transaction_type': 'Debit', 'currency': 'EUR', 'branch_id': 'B00082', 'transaction_date': 1726174730779, 'transaction_amount': 2696.59, 'exchange_rate': 0.618, 'customer_id': 'C00047', 'account_id': 'A00056'} of 34
[2024-10-21T20:58:50.780+0000] {kafka_operator.py:62} INFO - Produced row: {'transaction_id': 'T000035', 'transaction_type': 'Debit', 'currency': 'USD', 'branch_id': 'B00035', 'transaction_date': 1712177930780, 'transaction_amount': 8777.8, 'exchange_rate': 1.3072, 'customer_id': 'C00100', 'account_id': 'A00079'} of 35
[2024-10-21T20:58:50.781+0000] {kafka_operator.py:62} INFO - Produced row: {'transaction_id': 'T000036', 'transaction_type': 'Withdrawal', 'currency': 'EUR', 'branch_id': 'B00096', 'transaction_date': 1719521930781, 'transaction_amount': 2915.9, 'exchange_rate': 0.6607, 'customer_id': 'C00075', 'account_id': 'A00037'} of 36
[2024-10-21T20:58:50.781+0000] {kafka_operator.py:62} INFO - Produced row: {'transaction_id': 'T000037', 'transaction_type': 'Transfer', 'currency': 'USD', 'branch_id': 'B00040', 'transaction_date': 1728161930781, 'transaction_amount': 3898.54, 'exchange_rate': 1.254, 'customer_id': 'C00080', 'account_id': 'A00076'} of 37
[2024-10-21T20:58:50.782+0000] {kafka_operator.py:62} INFO - Produced row: {'transaction_id': 'T000038', 'transaction_type': 'Transfer', 'currency': 'GBP', 'branch_id': 'B00013', 'transaction_date': 1719781130782, 'transaction_amount': 9662.59, 'exchange_rate': 0.9337, 'customer_id': 'C00030', 'account_id': 'A00071'} of 38
[2024-10-21T20:58:50.783+0000] {kafka_operator.py:62} INFO - Produced row: {'transaction_id': 'T000039', 'transaction_type': 'Transfer', 'currency': 'EUR', 'branch_id': 'B00074', 'transaction_date': 1709585930782, 'transaction_amount': 4465.0, 'exchange_rate': 1.1422, 'customer_id': 'C00072', 'account_id': 'A00016'} of 39
[2024-10-21T20:58:50.783+0000] {kafka_operator.py:62} INFO - Produced row: {'transaction_id': 'T000040', 'transaction_type': 'Transfer', 'currency': 'INR', 'branch_id': 'B00026', 'transaction_date': 1725829130783, 'transaction_amount': 7379.77, 'exchange_rate': 0.7287, 'customer_id': 'C00027', 'account_id': 'A00031'} of 40
[2024-10-21T20:58:50.784+0000] {kafka_operator.py:62} INFO - Produced row: {'transaction_id': 'T000041', 'transaction_type': 'Withdrawal', 'currency': 'EUR', 'branch_id': 'B00060', 'transaction_date': 1724273930784, 'transaction_amount': 5226.37, 'exchange_rate': 1.0204, 'customer_id': 'C00073', 'account_id': 'A00005'} of 41
[2024-10-21T20:58:50.784+0000] {kafka_operator.py:62} INFO - Produced row: {'transaction_id': 'T000042', 'transaction_type': 'Credit', 'currency': 'GBP', 'branch_id': 'B00083', 'transaction_date': 1723928330784, 'transaction_amount': 1945.35, 'exchange_rate': 0.9525, 'customer_id': 'C00036', 'account_id': 'A00066'} of 42
[2024-10-21T20:58:50.785+0000] {kafka_operator.py:62} INFO - Produced row: {'transaction_id': 'T000043', 'transaction_type': 'Transfer', 'currency': 'USD', 'branch_id': 'B00023', 'transaction_date': 1706648330785, 'transaction_amount': 6447.87, 'exchange_rate': 1.3318, 'customer_id': 'C00078', 'account_id': 'A00014'} of 43
[2024-10-21T20:58:50.785+0000] {kafka_operator.py:62} INFO - Produced row: {'transaction_id': 'T000044', 'transaction_type': 'Credit', 'currency': 'GBP', 'branch_id': 'B00065', 'transaction_date': 1725051530785, 'transaction_amount': 1263.65, 'exchange_rate': 1.1526, 'customer_id': 'C00018', 'account_id': 'A00065'} of 44
[2024-10-21T20:58:50.786+0000] {kafka_operator.py:62} INFO - Produced row: {'transaction_id': 'T000045', 'transaction_type': 'Deposit', 'currency': 'GBP', 'branch_id': 'B00030', 'transaction_date': 1726779530786, 'transaction_amount': 8311.91, 'exchange_rate': 0.6454, 'customer_id': 'C00090', 'account_id': 'A00070'} of 45
[2024-10-21T20:58:50.787+0000] {kafka_operator.py:62} INFO - Produced row: {'transaction_id': 'T000046', 'transaction_type': 'Deposit', 'currency': 'USD', 'branch_id': 'B00053', 'transaction_date': 1703365130786, 'transaction_amount': 4460.52, 'exchange_rate': 1.1186, 'customer_id': 'C00078', 'account_id': 'A00047'} of 46
[2024-10-21T20:58:50.787+0000] {kafka_operator.py:62} INFO - Produced row: {'transaction_id': 'T000047', 'transaction_type': 'Deposit', 'currency': 'GBP', 'branch_id': 'B00097', 'transaction_date': 1721163530787, 'transaction_amount': 5347.85, 'exchange_rate': 0.878, 'customer_id': 'C00088', 'account_id': 'A00062'} of 47
[2024-10-21T20:58:50.791+0000] {kafka_operator.py:62} INFO - Produced row: {'transaction_id': 'T000048', 'transaction_type': 'Debit', 'currency': 'EUR', 'branch_id': 'B00065', 'transaction_date': 1728853130791, 'transaction_amount': 992.46, 'exchange_rate': 0.561, 'customer_id': 'C00093', 'account_id': 'A00071'} of 48
[2024-10-21T20:58:50.792+0000] {kafka_operator.py:62} INFO - Produced row: {'transaction_id': 'T000049', 'transaction_type': 'Withdrawal', 'currency': 'GBP', 'branch_id': 'B00016', 'transaction_date': 1704920330792, 'transaction_amount': 1104.8, 'exchange_rate': 1.4327, 'customer_id': 'C00088', 'account_id': 'A00014'} of 49
[2024-10-21T20:58:50.793+0000] {kafka_operator.py:62} INFO - Produced row: {'transaction_id': 'T000050', 'transaction_type': 'Transfer', 'currency': 'USD', 'branch_id': 'B00028', 'transaction_date': 1727557130793, 'transaction_amount': 7833.73, 'exchange_rate': 0.8939, 'customer_id': 'C00066', 'account_id': 'A00100'} of 50
[2024-10-21T20:58:50.795+0000] {kafka_operator.py:62} INFO - Produced row: {'transaction_id': 'T000051', 'transaction_type': 'Withdrawal', 'currency': 'GBP', 'branch_id': 'B00035', 'transaction_date': 1708894730795, 'transaction_amount': 343.88, 'exchange_rate': 0.8141, 'customer_id': 'C00015', 'account_id': 'A00054'} of 51
[2024-10-21T20:58:50.796+0000] {kafka_operator.py:62} INFO - Produced row: {'transaction_id': 'T000052', 'transaction_type': 'Withdrawal', 'currency': 'GBP', 'branch_id': 'B00001', 'transaction_date': 1724014730796, 'transaction_amount': 5600.89, 'exchange_rate': 1.1597, 'customer_id': 'C00006', 'account_id': 'A00024'} of 52
[2024-10-21T20:58:50.797+0000] {kafka_operator.py:62} INFO - Produced row: {'transaction_id': 'T000053', 'transaction_type': 'Transfer', 'currency': 'USD', 'branch_id': 'B00033', 'transaction_date': 1711313930797, 'transaction_amount': 7538.28, 'exchange_rate': 1.426, 'customer_id': 'C00053', 'account_id': 'A00010'} of 53
[2024-10-21T20:58:50.799+0000] {kafka_operator.py:62} INFO - Produced row: {'transaction_id': 'T000054', 'transaction_type': 'Transfer', 'currency': 'USD', 'branch_id': 'B00092', 'transaction_date': 1721941130799, 'transaction_amount': 657.23, 'exchange_rate': 1.1592, 'customer_id': 'C00041', 'account_id': 'A00061'} of 54
[2024-10-21T20:58:50.801+0000] {kafka_operator.py:62} INFO - Produced row: {'transaction_id': 'T000055', 'transaction_type': 'Withdrawal', 'currency': 'USD', 'branch_id': 'B00094', 'transaction_date': 1727902730800, 'transaction_amount': 7829.2, 'exchange_rate': 1.0187, 'customer_id': 'C00078', 'account_id': 'A00034'} of 55
[2024-10-21T20:58:50.802+0000] {kafka_operator.py:62} INFO - Produced row: {'transaction_id': 'T000056', 'transaction_type': 'Deposit', 'currency': 'EUR', 'branch_id': 'B00068', 'transaction_date': 1720731530802, 'transaction_amount': 4856.37, 'exchange_rate': 0.9254, 'customer_id': 'C00098', 'account_id': 'A00048'} of 56
[2024-10-21T20:58:50.803+0000] {kafka_operator.py:62} INFO - Produced row: {'transaction_id': 'T000057', 'transaction_type': 'Transfer', 'currency': 'INR', 'branch_id': 'B00052', 'transaction_date': 1709153930803, 'transaction_amount': 3566.79, 'exchange_rate': 1.4147, 'customer_id': 'C00074', 'account_id': 'A00059'} of 57
[2024-10-21T20:58:50.804+0000] {kafka_operator.py:62} INFO - Produced row: {'transaction_id': 'T000058', 'transaction_type': 'Withdrawal', 'currency': 'GBP', 'branch_id': 'B00023', 'transaction_date': 1716584330804, 'transaction_amount': 5461.49, 'exchange_rate': 0.7054, 'customer_id': 'C00044', 'account_id': 'A00068'} of 58
[2024-10-21T20:58:50.806+0000] {kafka_operator.py:62} INFO - Produced row: {'transaction_id': 'T000059', 'transaction_type': 'Debit', 'currency': 'GBP', 'branch_id': 'B00028', 'transaction_date': 1704401930806, 'transaction_amount': 4266.73, 'exchange_rate': 0.9315, 'customer_id': 'C00061', 'account_id': 'A00085'} of 59
[2024-10-21T20:58:50.807+0000] {kafka_operator.py:62} INFO - Produced row: {'transaction_id': 'T000060', 'transaction_type': 'Debit', 'currency': 'USD', 'branch_id': 'B00039', 'transaction_date': 1729198730807, 'transaction_amount': 8924.48, 'exchange_rate': 0.9184, 'customer_id': 'C00066', 'account_id': 'A00083'} of 60
[2024-10-21T20:58:50.808+0000] {kafka_operator.py:62} INFO - Produced row: {'transaction_id': 'T000061', 'transaction_type': 'Transfer', 'currency': 'EUR', 'branch_id': 'B00016', 'transaction_date': 1724705930808, 'transaction_amount': 2906.35, 'exchange_rate': 1.4227, 'customer_id': 'C00056', 'account_id': 'A00033'} of 61
[2024-10-21T20:58:50.810+0000] {kafka_operator.py:62} INFO - Produced row: {'transaction_id': 'T000062', 'transaction_type': 'Deposit', 'currency': 'USD', 'branch_id': 'B00020', 'transaction_date': 1706216330810, 'transaction_amount': 86.5, 'exchange_rate': 1.3918, 'customer_id': 'C00012', 'account_id': 'A00026'} of 62
[2024-10-21T20:58:50.812+0000] {kafka_operator.py:62} INFO - Produced row: {'transaction_id': 'T000063', 'transaction_type': 'Credit', 'currency': 'INR', 'branch_id': 'B00062', 'transaction_date': 1698094730812, 'transaction_amount': 3581.14, 'exchange_rate': 1.0755, 'customer_id': 'C00015', 'account_id': 'A00026'} of 63
[2024-10-21T20:58:50.814+0000] {kafka_operator.py:62} INFO - Produced row: {'transaction_id': 'T000064', 'transaction_type': 'Deposit', 'currency': 'GBP', 'branch_id': 'B00081', 'transaction_date': 1707685130813, 'transaction_amount': 4785.46, 'exchange_rate': 1.2504, 'customer_id': 'C00084', 'account_id': 'A00013'} of 64
[2024-10-21T20:58:50.815+0000] {kafka_operator.py:62} INFO - Produced row: {'transaction_id': 'T000065', 'transaction_type': 'Transfer', 'currency': 'EUR', 'branch_id': 'B00074', 'transaction_date': 1708376330815, 'transaction_amount': 5261.42, 'exchange_rate': 1.1898, 'customer_id': 'C00074', 'account_id': 'A00087'} of 65
[2024-10-21T20:58:50.817+0000] {kafka_operator.py:62} INFO - Produced row: {'transaction_id': 'T000066', 'transaction_type': 'Transfer', 'currency': 'GBP', 'branch_id': 'B00096', 'transaction_date': 1713473930817, 'transaction_amount': 3320.03, 'exchange_rate': 1.1346, 'customer_id': 'C00003', 'account_id': 'A00069'} of 66
[2024-10-21T20:58:50.818+0000] {kafka_operator.py:62} INFO - Produced row: {'transaction_id': 'T000067', 'transaction_type': 'Credit', 'currency': 'INR', 'branch_id': 'B00076', 'transaction_date': 1717102730818, 'transaction_amount': 8122.03, 'exchange_rate': 1.4979, 'customer_id': 'C00003', 'account_id': 'A00014'} of 67
[2024-10-21T20:58:50.821+0000] {kafka_operator.py:62} INFO - Produced row: {'transaction_id': 'T000068', 'transaction_type': 'Transfer', 'currency': 'USD', 'branch_id': 'B00099', 'transaction_date': 1715633930820, 'transaction_amount': 7262.66, 'exchange_rate': 0.8336, 'customer_id': 'C00023', 'account_id': 'A00058'} of 68
[2024-10-21T20:58:50.823+0000] {kafka_operator.py:62} INFO - Produced row: {'transaction_id': 'T000069', 'transaction_type': 'Withdrawal', 'currency': 'USD', 'branch_id': 'B00012', 'transaction_date': 1724705930822, 'transaction_amount': 8267.4, 'exchange_rate': 0.5063, 'customer_id': 'C00062', 'account_id': 'A00024'} of 69
[2024-10-21T20:58:50.825+0000] {kafka_operator.py:62} INFO - Produced row: {'transaction_id': 'T000070', 'transaction_type': 'Transfer', 'currency': 'INR', 'branch_id': 'B00041', 'transaction_date': 1722286730824, 'transaction_amount': 6195.33, 'exchange_rate': 0.9193, 'customer_id': 'C00028', 'account_id': 'A00067'} of 70
[2024-10-21T20:58:50.828+0000] {kafka_operator.py:62} INFO - Produced row: {'transaction_id': 'T000071', 'transaction_type': 'Transfer', 'currency': 'INR', 'branch_id': 'B00033', 'transaction_date': 1705957130827, 'transaction_amount': 490.04, 'exchange_rate': 0.7505, 'customer_id': 'C00037', 'account_id': 'A00053'} of 71
[2024-10-21T20:58:50.829+0000] {kafka_operator.py:62} INFO - Produced row: {'transaction_id': 'T000072', 'transaction_type': 'Deposit', 'currency': 'GBP', 'branch_id': 'B00088', 'transaction_date': 1725742730829, 'transaction_amount': 5661.02, 'exchange_rate': 0.679, 'customer_id': 'C00043', 'account_id': 'A00023'} of 72
[2024-10-21T20:58:50.830+0000] {kafka_operator.py:62} INFO - Produced row: {'transaction_id': 'T000073', 'transaction_type': 'Deposit', 'currency': 'INR', 'branch_id': 'B00021', 'transaction_date': 1713214730830, 'transaction_amount': 8901.86, 'exchange_rate': 1.4326, 'customer_id': 'C00055', 'account_id': 'A00096'} of 73
[2024-10-21T20:58:50.832+0000] {kafka_operator.py:62} INFO - Produced row: {'transaction_id': 'T000074', 'transaction_type': 'Deposit', 'currency': 'GBP', 'branch_id': 'B00070', 'transaction_date': 1699390730831, 'transaction_amount': 2105.42, 'exchange_rate': 1.1255, 'customer_id': 'C00091', 'account_id': 'A00032'} of 74
[2024-10-21T20:58:50.833+0000] {kafka_operator.py:62} INFO - Produced row: {'transaction_id': 'T000075', 'transaction_type': 'Withdrawal', 'currency': 'EUR', 'branch_id': 'B00009', 'transaction_date': 1715633930833, 'transaction_amount': 9233.89, 'exchange_rate': 1.2863, 'customer_id': 'C00069', 'account_id': 'A00095'} of 75
[2024-10-21T20:58:50.834+0000] {kafka_operator.py:62} INFO - Produced row: {'transaction_id': 'T000076', 'transaction_type': 'Deposit', 'currency': 'USD', 'branch_id': 'B00080', 'transaction_date': 1708894730834, 'transaction_amount': 6882.53, 'exchange_rate': 1.1073, 'customer_id': 'C00098', 'account_id': 'A00038'} of 76
[2024-10-21T20:58:50.836+0000] {kafka_operator.py:62} INFO - Produced row: {'transaction_id': 'T000077', 'transaction_type': 'Transfer', 'currency': 'GBP', 'branch_id': 'B00095', 'transaction_date': 1703019530836, 'transaction_amount': 8053.28, 'exchange_rate': 1.1826, 'customer_id': 'C00061', 'account_id': 'A00071'} of 77
[2024-10-21T20:58:50.838+0000] {kafka_operator.py:62} INFO - Produced row: {'transaction_id': 'T000078', 'transaction_type': 'Deposit', 'currency': 'EUR', 'branch_id': 'B00031', 'transaction_date': 1710536330837, 'transaction_amount': 6196.95, 'exchange_rate': 0.7723, 'customer_id': 'C00064', 'account_id': 'A00072'} of 78
[2024-10-21T20:58:50.839+0000] {kafka_operator.py:62} INFO - Produced row: {'transaction_id': 'T000079', 'transaction_type': 'Transfer', 'currency': 'GBP', 'branch_id': 'B00031', 'transaction_date': 1715806730839, 'transaction_amount': 3416.79, 'exchange_rate': 0.7133, 'customer_id': 'C00033', 'account_id': 'A00044'} of 79
[2024-10-21T20:58:50.840+0000] {kafka_operator.py:62} INFO - Produced row: {'transaction_id': 'T000080', 'transaction_type': 'Transfer', 'currency': 'INR', 'branch_id': 'B00084', 'transaction_date': 1722200330840, 'transaction_amount': 2822.05, 'exchange_rate': 0.8597, 'customer_id': 'C00039', 'account_id': 'A00033'} of 80
[2024-10-21T20:58:50.842+0000] {kafka_operator.py:62} INFO - Produced row: {'transaction_id': 'T000081', 'transaction_type': 'Withdrawal', 'currency': 'GBP', 'branch_id': 'B00046', 'transaction_date': 1717966730842, 'transaction_amount': 4389.82, 'exchange_rate': 1.4451, 'customer_id': 'C00051', 'account_id': 'A00047'} of 81
[2024-10-21T20:58:50.846+0000] {kafka_operator.py:62} INFO - Produced row: {'transaction_id': 'T000082', 'transaction_type': 'Transfer', 'currency': 'USD', 'branch_id': 'B00099', 'transaction_date': 1713473930843, 'transaction_amount': 1239.89, 'exchange_rate': 0.6594, 'customer_id': 'C00017', 'account_id': 'A00059'} of 82
[2024-10-21T20:58:50.848+0000] {kafka_operator.py:62} INFO - Produced row: {'transaction_id': 'T000083', 'transaction_type': 'Deposit', 'currency': 'USD', 'branch_id': 'B00019', 'transaction_date': 1704142730847, 'transaction_amount': 9176.05, 'exchange_rate': 0.566, 'customer_id': 'C00086', 'account_id': 'A00061'} of 83
[2024-10-21T20:58:50.849+0000] {kafka_operator.py:62} INFO - Produced row: {'transaction_id': 'T000084', 'transaction_type': 'Debit', 'currency': 'EUR', 'branch_id': 'B00012', 'transaction_date': 1725483530849, 'transaction_amount': 310.79, 'exchange_rate': 1.4318, 'customer_id': 'C00048', 'account_id': 'A00039'} of 84
[2024-10-21T20:58:50.850+0000] {kafka_operator.py:62} INFO - Produced row: {'transaction_id': 'T000085', 'transaction_type': 'Transfer', 'currency': 'GBP', 'branch_id': 'B00015', 'transaction_date': 1698008330850, 'transaction_amount': 6102.83, 'exchange_rate': 0.9854, 'customer_id': 'C00086', 'account_id': 'A00083'} of 85
[2024-10-21T20:58:50.853+0000] {kafka_operator.py:62} INFO - Produced row: {'transaction_id': 'T000086', 'transaction_type': 'Debit', 'currency': 'INR', 'branch_id': 'B00016', 'transaction_date': 1719867530853, 'transaction_amount': 4523.28, 'exchange_rate': 0.7439, 'customer_id': 'C00018', 'account_id': 'A00064'} of 86
[2024-10-21T20:58:50.856+0000] {kafka_operator.py:62} INFO - Produced row: {'transaction_id': 'T000087', 'transaction_type': 'Deposit', 'currency': 'USD', 'branch_id': 'B00034', 'transaction_date': 1720299530855, 'transaction_amount': 5437.43, 'exchange_rate': 1.3596, 'customer_id': 'C00025', 'account_id': 'A00045'} of 87
[2024-10-21T20:58:50.858+0000] {kafka_operator.py:62} INFO - Produced row: {'transaction_id': 'T000088', 'transaction_type': 'Deposit', 'currency': 'EUR', 'branch_id': 'B00030', 'transaction_date': 1716238730858, 'transaction_amount': 5609.02, 'exchange_rate': 0.9334, 'customer_id': 'C00040', 'account_id': 'A00042'} of 88
[2024-10-21T20:58:50.861+0000] {kafka_operator.py:62} INFO - Produced row: {'transaction_id': 'T000089', 'transaction_type': 'Withdrawal', 'currency': 'EUR', 'branch_id': 'B00041', 'transaction_date': 1720817930861, 'transaction_amount': 7424.07, 'exchange_rate': 0.889, 'customer_id': 'C00069', 'account_id': 'A00046'} of 89
[2024-10-21T20:58:50.862+0000] {kafka_operator.py:62} INFO - Produced row: {'transaction_id': 'T000090', 'transaction_type': 'Deposit', 'currency': 'INR', 'branch_id': 'B00028', 'transaction_date': 1698872330862, 'transaction_amount': 2839.03, 'exchange_rate': 1.2859, 'customer_id': 'C00100', 'account_id': 'A00096'} of 90
[2024-10-21T20:58:50.864+0000] {kafka_operator.py:62} INFO - Produced row: {'transaction_id': 'T000091', 'transaction_type': 'Withdrawal', 'currency': 'EUR', 'branch_id': 'B00002', 'transaction_date': 1729285130863, 'transaction_amount': 4224.02, 'exchange_rate': 0.7191, 'customer_id': 'C00009', 'account_id': 'A00031'} of 91
[2024-10-21T20:58:50.866+0000] {kafka_operator.py:62} INFO - Produced row: {'transaction_id': 'T000092', 'transaction_type': 'Debit', 'currency': 'USD', 'branch_id': 'B00088', 'transaction_date': 1701550730866, 'transaction_amount': 3577.42, 'exchange_rate': 1.1135, 'customer_id': 'C00041', 'account_id': 'A00009'} of 92
[2024-10-21T20:58:50.868+0000] {kafka_operator.py:62} INFO - Produced row: {'transaction_id': 'T000093', 'transaction_type': 'Credit', 'currency': 'USD', 'branch_id': 'B00068', 'transaction_date': 1698094730867, 'transaction_amount': 6853.29, 'exchange_rate': 1.1091, 'customer_id': 'C00095', 'account_id': 'A00069'} of 93
[2024-10-21T20:58:50.869+0000] {kafka_operator.py:62} INFO - Produced row: {'transaction_id': 'T000094', 'transaction_type': 'Credit', 'currency': 'USD', 'branch_id': 'B00074', 'transaction_date': 1715547530869, 'transaction_amount': 2349.82, 'exchange_rate': 1.1081, 'customer_id': 'C00053', 'account_id': 'A00029'} of 94
[2024-10-21T20:58:50.872+0000] {kafka_operator.py:62} INFO - Produced row: {'transaction_id': 'T000095', 'transaction_type': 'Debit', 'currency': 'GBP', 'branch_id': 'B00019', 'transaction_date': 1711832330872, 'transaction_amount': 687.06, 'exchange_rate': 1.199, 'customer_id': 'C00008', 'account_id': 'A00089'} of 95
[2024-10-21T20:58:50.874+0000] {kafka_operator.py:62} INFO - Produced row: {'transaction_id': 'T000096', 'transaction_type': 'Credit', 'currency': 'EUR', 'branch_id': 'B00085', 'transaction_date': 1717275530873, 'transaction_amount': 3292.71, 'exchange_rate': 0.5628, 'customer_id': 'C00084', 'account_id': 'A00057'} of 96
[2024-10-21T20:58:50.876+0000] {kafka_operator.py:62} INFO - Produced row: {'transaction_id': 'T000097', 'transaction_type': 'Debit', 'currency': 'GBP', 'branch_id': 'B00016', 'transaction_date': 1718053130876, 'transaction_amount': 2703.25, 'exchange_rate': 1.1704, 'customer_id': 'C00045', 'account_id': 'A00045'} of 97
[2024-10-21T20:58:50.879+0000] {kafka_operator.py:62} INFO - Produced row: {'transaction_id': 'T000098', 'transaction_type': 'Deposit', 'currency': 'GBP', 'branch_id': 'B00065', 'transaction_date': 1717016330878, 'transaction_amount': 4807.87, 'exchange_rate': 1.1222, 'customer_id': 'C00082', 'account_id': 'A00072'} of 98
[2024-10-21T20:58:50.881+0000] {kafka_operator.py:62} INFO - Produced row: {'transaction_id': 'T000099', 'transaction_type': 'Transfer', 'currency': 'USD', 'branch_id': 'B00023', 'transaction_date': 1727384330881, 'transaction_amount': 7512.06, 'exchange_rate': 0.6704, 'customer_id': 'C00019', 'account_id': 'A00082'} of 99
[2024-10-21T20:58:50.883+0000] {kafka_operator.py:62} INFO - Produced row: {'transaction_id': 'T000100', 'transaction_type': 'Debit', 'currency': 'INR', 'branch_id': 'B00004', 'transaction_date': 1716411530883, 'transaction_amount': 9798.19, 'exchange_rate': 0.5855, 'customer_id': 'C00062', 'account_id': 'A00036'} of 100
[2024-10-21T20:58:50.893+0000] {kafka_operator.py:65} INFO - Produced 100 records of transaction which has been sent to the transaction_facts topic!
[2024-10-21T20:58:50.895+0000] {conn.py:673} INFO - <BrokerConnection node_id=0 host=kafka_broker:9092 <connected> [IPv4 ('172.19.0.5', 9092)]>: Closing connection. 
[2024-10-21T20:58:50.909+0000] {taskinstance.py:340} INFO - ::group::Post task execution logs
[2024-10-21T20:58:50.910+0000] {taskinstance.py:352} INFO - Marking task as SUCCESS. dag_id=transaction_facts_generator, task_id=generate_txn_fact_data, run_id=manual__2024-10-21T20:58:42.598797+00:00, execution_date=20241021T205842, start_date=20241021T205850, end_date=20241021T205850
[2024-10-21T20:58:50.921+0000] {logging_mixin.py:190} INFO - Task instance in success state
[2024-10-21T20:58:50.922+0000] {logging_mixin.py:190} INFO -  Previous state of the Task instance: running
[2024-10-21T20:58:50.923+0000] {logging_mixin.py:190} INFO - Dag name:transaction_facts_generator queued_at:2024-10-21 20:58:42.625569+00:00
[2024-10-21T20:58:50.923+0000] {logging_mixin.py:190} INFO - Task hostname:d993b9f280d5 operator:KafkaProduceOperator
[2024-10-21T20:58:50.951+0000] {local_task_job_runner.py:266} INFO - Task exited with return code 0
[2024-10-21T20:58:50.969+0000] {taskinstance.py:3900} INFO - 0 downstream tasks scheduled from follow-on schedule check
[2024-10-21T20:58:50.971+0000] {local_task_job_runner.py:245} INFO - ::endgroup::
