[2024-10-21T19:35:39.672+0000] {local_task_job_runner.py:123} INFO - ::group::Pre task execution logs
[2024-10-21T19:35:39.687+0000] {taskinstance.py:2612} INFO - Dependencies all met for dep_context=non-requeueable deps ti=<TaskInstance: transaction_facts_generator.generate_txn_fact_data manual__2024-10-21T19:35:35.742798+00:00 [queued]>
[2024-10-21T19:35:39.695+0000] {taskinstance.py:2612} INFO - Dependencies all met for dep_context=requeueable deps ti=<TaskInstance: transaction_facts_generator.generate_txn_fact_data manual__2024-10-21T19:35:35.742798+00:00 [queued]>
[2024-10-21T19:35:39.697+0000] {taskinstance.py:2865} INFO - Starting attempt 1 of 1
[2024-10-21T19:35:39.711+0000] {taskinstance.py:2888} INFO - Executing <Task(KafkaProduceOperator): generate_txn_fact_data> on 2024-10-21 19:35:35.742798+00:00
[2024-10-21T19:35:39.721+0000] {warnings.py:112} WARNING - /home/***/.local/lib/python3.12/site-packages/***/task/task_runner/standard_task_runner.py:70: DeprecationWarning: This process (pid=206) is multi-threaded, use of fork() may lead to deadlocks in the child.
  pid = os.fork()

[2024-10-21T19:35:39.723+0000] {standard_task_runner.py:72} INFO - Started process 208 to run task
[2024-10-21T19:35:39.724+0000] {standard_task_runner.py:104} INFO - Running: ['***', 'tasks', 'run', 'transaction_facts_generator', 'generate_txn_fact_data', 'manual__2024-10-21T19:35:35.742798+00:00', '--job-id', '186', '--raw', '--subdir', 'DAGS_FOLDER/transaction_facts_generator.py', '--cfg-path', '/tmp/tmpn64m7gel']
[2024-10-21T19:35:39.725+0000] {standard_task_runner.py:105} INFO - Job 186: Subtask generate_txn_fact_data
[2024-10-21T19:35:39.785+0000] {task_command.py:467} INFO - Running <TaskInstance: transaction_facts_generator.generate_txn_fact_data manual__2024-10-21T19:35:35.742798+00:00 [running]> on host b5877bc8e957
[2024-10-21T19:35:39.865+0000] {taskinstance.py:3131} INFO - Exporting env vars: AIRFLOW_CTX_DAG_OWNER='saisunny' AIRFLOW_CTX_DAG_ID='transaction_facts_generator' AIRFLOW_CTX_TASK_ID='generate_txn_fact_data' AIRFLOW_CTX_EXECUTION_DATE='2024-10-21T19:35:35.742798+00:00' AIRFLOW_CTX_TRY_NUMBER='1' AIRFLOW_CTX_DAG_RUN_ID='manual__2024-10-21T19:35:35.742798+00:00'
[2024-10-21T19:35:39.867+0000] {logging_mixin.py:190} INFO - Task instance is in running state
[2024-10-21T19:35:39.869+0000] {logging_mixin.py:190} INFO -  Previous state of the Task instance: queued
[2024-10-21T19:35:39.870+0000] {logging_mixin.py:190} INFO - Current task name:generate_txn_fact_data state:running start_date:2024-10-21 19:35:39.688204+00:00
[2024-10-21T19:35:39.871+0000] {logging_mixin.py:190} INFO - Dag name:transaction_facts_generator and current dag run status:running
[2024-10-21T19:35:39.872+0000] {taskinstance.py:731} INFO - ::endgroup::
[2024-10-21T19:35:39.876+0000] {conn.py:362} INFO - <BrokerConnection node_id=bootstrap-0 host=kafka_broker:9092 <connecting> [IPv4 ('172.19.0.6', 9092)]>: connecting to kafka_broker:9092 [('172.19.0.6', 9092) IPv4]
[2024-10-21T19:35:39.879+0000] {conn.py:957} INFO - Probing node bootstrap-0 broker version
[2024-10-21T19:35:39.882+0000] {conn.py:393} INFO - <BrokerConnection node_id=bootstrap-0 host=kafka_broker:9092 <connecting> [IPv4 ('172.19.0.6', 9092)]>: Connection complete.
[2024-10-21T19:35:39.999+0000] {conn.py:1019} INFO - Broker version identified as 2.5.0
[2024-10-21T19:35:40.000+0000] {conn.py:1020} INFO - Set configuration api_version=(2, 5, 0) to skip auto check_version requests on startup
[2024-10-21T19:35:40.159+0000] {conn.py:362} INFO - <BrokerConnection node_id=0 host=kafka_broker:9092 <connecting> [IPv4 ('172.19.0.6', 9092)]>: connecting to kafka_broker:9092 [('172.19.0.6', 9092) IPv4]
[2024-10-21T19:35:40.162+0000] {conn.py:393} INFO - <BrokerConnection node_id=0 host=kafka_broker:9092 <connecting> [IPv4 ('172.19.0.6', 9092)]>: Connection complete.
[2024-10-21T19:35:40.163+0000] {conn.py:673} INFO - <BrokerConnection node_id=bootstrap-0 host=kafka_broker:9092 <connected> [IPv4 ('172.19.0.6', 9092)]>: Closing connection. 
[2024-10-21T19:35:40.465+0000] {kafka_operator.py:62} INFO - Produced row: {'transaction_id': 'T000000', 'transaction_type': 'Deposit', 'currency': 'EUR', 'branch_id': 'B00052', 'transaction_date': 1720553740005, 'transaction_amount': 8943.79, 'exchange_rate': 0.5737, 'customer_id': 'C00042', 'account_id': 'A00067'} of 0
[2024-10-21T19:35:40.466+0000] {kafka_operator.py:62} INFO - Produced row: {'transaction_id': 'T000001', 'transaction_type': 'Credit', 'currency': 'USD', 'branch_id': 'B00032', 'transaction_date': 1718480140466, 'transaction_amount': 4175.32, 'exchange_rate': 0.8316, 'customer_id': 'C00099', 'account_id': 'A00073'} of 1
[2024-10-21T19:35:40.469+0000] {kafka_operator.py:62} INFO - Produced row: {'transaction_id': 'T000002', 'transaction_type': 'Credit', 'currency': 'EUR', 'branch_id': 'B00057', 'transaction_date': 1722454540468, 'transaction_amount': 9584.36, 'exchange_rate': 1.3939, 'customer_id': 'C00017', 'account_id': 'A00073'} of 2
[2024-10-21T19:35:40.469+0000] {kafka_operator.py:62} INFO - Produced row: {'transaction_id': 'T000003', 'transaction_type': 'Deposit', 'currency': 'INR', 'branch_id': 'B00066', 'transaction_date': 1727552140469, 'transaction_amount': 1881.37, 'exchange_rate': 1.4719, 'customer_id': 'C00080', 'account_id': 'A00091'} of 3
[2024-10-21T19:35:40.471+0000] {kafka_operator.py:62} INFO - Produced row: {'transaction_id': 'T000004', 'transaction_type': 'Credit', 'currency': 'GBP', 'branch_id': 'B00086', 'transaction_date': 1722886540470, 'transaction_amount': 2737.01, 'exchange_rate': 1.0536, 'customer_id': 'C00011', 'account_id': 'A00043'} of 4
[2024-10-21T19:35:40.471+0000] {kafka_operator.py:62} INFO - Produced row: {'transaction_id': 'T000005', 'transaction_type': 'Withdrawal', 'currency': 'INR', 'branch_id': 'B00021', 'transaction_date': 1720985740471, 'transaction_amount': 9941.14, 'exchange_rate': 1.4639, 'customer_id': 'C00088', 'account_id': 'A00020'} of 5
[2024-10-21T19:35:40.472+0000] {kafka_operator.py:62} INFO - Produced row: {'transaction_id': 'T000006', 'transaction_type': 'Debit', 'currency': 'GBP', 'branch_id': 'B00050', 'transaction_date': 1724096140472, 'transaction_amount': 1171.07, 'exchange_rate': 1.3641, 'customer_id': 'C00089', 'account_id': 'A00028'} of 6
[2024-10-21T19:35:40.473+0000] {kafka_operator.py:62} INFO - Produced row: {'transaction_id': 'T000007', 'transaction_type': 'Credit', 'currency': 'INR', 'branch_id': 'B00067', 'transaction_date': 1723923340473, 'transaction_amount': 9178.73, 'exchange_rate': 0.7351, 'customer_id': 'C00083', 'account_id': 'A00070'} of 7
[2024-10-21T19:35:40.474+0000] {kafka_operator.py:62} INFO - Produced row: {'transaction_id': 'T000008', 'transaction_type': 'Transfer', 'currency': 'GBP', 'branch_id': 'B00022', 'transaction_date': 1708889740474, 'transaction_amount': 2968.41, 'exchange_rate': 1.1839, 'customer_id': 'C00042', 'account_id': 'A00069'} of 8
[2024-10-21T19:35:40.476+0000] {kafka_operator.py:62} INFO - Produced row: {'transaction_id': 'T000009', 'transaction_type': 'Deposit', 'currency': 'EUR', 'branch_id': 'B00033', 'transaction_date': 1707852940475, 'transaction_amount': 9618.31, 'exchange_rate': 0.6136, 'customer_id': 'C00061', 'account_id': 'A00072'} of 9
[2024-10-21T19:35:40.477+0000] {kafka_operator.py:62} INFO - Produced row: {'transaction_id': 'T000010', 'transaction_type': 'Transfer', 'currency': 'GBP', 'branch_id': 'B00088', 'transaction_date': 1720812940476, 'transaction_amount': 9987.5, 'exchange_rate': 0.5961, 'customer_id': 'C00038', 'account_id': 'A00020'} of 10
[2024-10-21T19:35:40.478+0000] {kafka_operator.py:62} INFO - Produced row: {'transaction_id': 'T000011', 'transaction_type': 'Debit', 'currency': 'GBP', 'branch_id': 'B00057', 'transaction_date': 1698089740478, 'transaction_amount': 7292.68, 'exchange_rate': 1.2168, 'customer_id': 'C00030', 'account_id': 'A00068'} of 11
[2024-10-21T19:35:40.480+0000] {kafka_operator.py:62} INFO - Produced row: {'transaction_id': 'T000012', 'transaction_type': 'Withdrawal', 'currency': 'EUR', 'branch_id': 'B00083', 'transaction_date': 1717356940479, 'transaction_amount': 9920.49, 'exchange_rate': 1.0725, 'customer_id': 'C00047', 'account_id': 'A00006'} of 12
[2024-10-21T19:35:40.481+0000] {kafka_operator.py:62} INFO - Produced row: {'transaction_id': 'T000013', 'transaction_type': 'Transfer', 'currency': 'USD', 'branch_id': 'B00078', 'transaction_date': 1709062540481, 'transaction_amount': 7891.03, 'exchange_rate': 0.5389, 'customer_id': 'C00025', 'account_id': 'A00090'} of 13
[2024-10-21T19:35:40.482+0000] {kafka_operator.py:62} INFO - Produced row: {'transaction_id': 'T000014', 'transaction_type': 'Withdrawal', 'currency': 'USD', 'branch_id': 'B00011', 'transaction_date': 1714419340482, 'transaction_amount': 5094.64, 'exchange_rate': 1.4287, 'customer_id': 'C00081', 'account_id': 'A00073'} of 14
[2024-10-21T19:35:40.483+0000] {kafka_operator.py:62} INFO - Produced row: {'transaction_id': 'T000015', 'transaction_type': 'Withdrawal', 'currency': 'EUR', 'branch_id': 'B00010', 'transaction_date': 1712259340483, 'transaction_amount': 3859.34, 'exchange_rate': 1.3632, 'customer_id': 'C00024', 'account_id': 'A00037'} of 15
[2024-10-21T19:35:40.484+0000] {kafka_operator.py:62} INFO - Produced row: {'transaction_id': 'T000016', 'transaction_type': 'Credit', 'currency': 'EUR', 'branch_id': 'B00050', 'transaction_date': 1726256140484, 'transaction_amount': 4483.33, 'exchange_rate': 1.3137, 'customer_id': 'C00049', 'account_id': 'A00020'} of 16
[2024-10-21T19:35:40.485+0000] {kafka_operator.py:62} INFO - Produced row: {'transaction_id': 'T000017', 'transaction_type': 'Debit', 'currency': 'EUR', 'branch_id': 'B00078', 'transaction_date': 1702150540485, 'transaction_amount': 5387.61, 'exchange_rate': 1.1954, 'customer_id': 'C00094', 'account_id': 'A00020'} of 17
[2024-10-21T19:35:40.486+0000] {kafka_operator.py:62} INFO - Produced row: {'transaction_id': 'T000018', 'transaction_type': 'Transfer', 'currency': 'USD', 'branch_id': 'B00066', 'transaction_date': 1707680140486, 'transaction_amount': 1321.41, 'exchange_rate': 0.6169, 'customer_id': 'C00058', 'account_id': 'A00070'} of 18
[2024-10-21T19:35:40.487+0000] {kafka_operator.py:62} INFO - Produced row: {'transaction_id': 'T000019', 'transaction_type': 'Withdrawal', 'currency': 'GBP', 'branch_id': 'B00013', 'transaction_date': 1727120140487, 'transaction_amount': 2651.47, 'exchange_rate': 1.4775, 'customer_id': 'C00091', 'account_id': 'A00053'} of 19
[2024-10-21T19:35:40.489+0000] {kafka_operator.py:62} INFO - Produced row: {'transaction_id': 'T000020', 'transaction_type': 'Withdrawal', 'currency': 'EUR', 'branch_id': 'B00082', 'transaction_date': 1715628940488, 'transaction_amount': 8686.77, 'exchange_rate': 1.3701, 'customer_id': 'C00021', 'account_id': 'A00099'} of 20
[2024-10-21T19:35:40.490+0000] {kafka_operator.py:62} INFO - Produced row: {'transaction_id': 'T000021', 'transaction_type': 'Debit', 'currency': 'INR', 'branch_id': 'B00062', 'transaction_date': 1707852940490, 'transaction_amount': 788.46, 'exchange_rate': 1.0747, 'customer_id': 'C00064', 'account_id': 'A00096'} of 21
[2024-10-21T19:35:40.491+0000] {kafka_operator.py:62} INFO - Produced row: {'transaction_id': 'T000022', 'transaction_type': 'Transfer', 'currency': 'GBP', 'branch_id': 'B00027', 'transaction_date': 1706556940491, 'transaction_amount': 6118.97, 'exchange_rate': 1.0453, 'customer_id': 'C00034', 'account_id': 'A00050'} of 22
[2024-10-21T19:35:40.492+0000] {kafka_operator.py:62} INFO - Produced row: {'transaction_id': 'T000023', 'transaction_type': 'Debit', 'currency': 'EUR', 'branch_id': 'B00088', 'transaction_date': 1706297740492, 'transaction_amount': 2922.82, 'exchange_rate': 0.6852, 'customer_id': 'C00092', 'account_id': 'A00074'} of 23
[2024-10-21T19:35:40.493+0000] {kafka_operator.py:62} INFO - Produced row: {'transaction_id': 'T000024', 'transaction_type': 'Withdrawal', 'currency': 'INR', 'branch_id': 'B00085', 'transaction_date': 1707766540493, 'transaction_amount': 2826.58, 'exchange_rate': 0.9044, 'customer_id': 'C00083', 'account_id': 'A00064'} of 24
[2024-10-21T19:35:40.494+0000] {kafka_operator.py:62} INFO - Produced row: {'transaction_id': 'T000025', 'transaction_type': 'Deposit', 'currency': 'USD', 'branch_id': 'B00040', 'transaction_date': 1698003340494, 'transaction_amount': 880.56, 'exchange_rate': 0.9308, 'customer_id': 'C00076', 'account_id': 'A00068'} of 25
[2024-10-21T19:35:40.495+0000] {kafka_operator.py:62} INFO - Produced row: {'transaction_id': 'T000026', 'transaction_type': 'Withdrawal', 'currency': 'INR', 'branch_id': 'B00063', 'transaction_date': 1713900940495, 'transaction_amount': 5725.05, 'exchange_rate': 1.373, 'customer_id': 'C00007', 'account_id': 'A00015'} of 26
[2024-10-21T19:35:40.496+0000] {kafka_operator.py:62} INFO - Produced row: {'transaction_id': 'T000027', 'transaction_type': 'Transfer', 'currency': 'USD', 'branch_id': 'B00093', 'transaction_date': 1705088140496, 'transaction_amount': 2967.16, 'exchange_rate': 0.7961, 'customer_id': 'C00063', 'account_id': 'A00084'} of 27
[2024-10-21T19:35:40.498+0000] {kafka_operator.py:62} INFO - Produced row: {'transaction_id': 'T000028', 'transaction_type': 'Transfer', 'currency': 'INR', 'branch_id': 'B00031', 'transaction_date': 1710617740498, 'transaction_amount': 6630.51, 'exchange_rate': 0.9634, 'customer_id': 'C00071', 'account_id': 'A00078'} of 28
[2024-10-21T19:35:40.499+0000] {kafka_operator.py:62} INFO - Produced row: {'transaction_id': 'T000029', 'transaction_type': 'Credit', 'currency': 'GBP', 'branch_id': 'B00021', 'transaction_date': 1722368140499, 'transaction_amount': 5448.57, 'exchange_rate': 1.3053, 'customer_id': 'C00048', 'account_id': 'A00028'} of 29
[2024-10-21T19:35:40.501+0000] {kafka_operator.py:62} INFO - Produced row: {'transaction_id': 'T000030', 'transaction_type': 'Debit', 'currency': 'GBP', 'branch_id': 'B00060', 'transaction_date': 1701977740501, 'transaction_amount': 4885.83, 'exchange_rate': 1.4743, 'customer_id': 'C00095', 'account_id': 'A00039'} of 30
[2024-10-21T19:35:40.502+0000] {kafka_operator.py:62} INFO - Produced row: {'transaction_id': 'T000031', 'transaction_type': 'Deposit', 'currency': 'USD', 'branch_id': 'B00075', 'transaction_date': 1729280140502, 'transaction_amount': 4990.79, 'exchange_rate': 1.4327, 'customer_id': 'C00015', 'account_id': 'A00025'} of 31
[2024-10-21T19:35:40.503+0000] {kafka_operator.py:62} INFO - Produced row: {'transaction_id': 'T000032', 'transaction_type': 'Deposit', 'currency': 'EUR', 'branch_id': 'B00016', 'transaction_date': 1703705740503, 'transaction_amount': 368.48, 'exchange_rate': 0.8232, 'customer_id': 'C00019', 'account_id': 'A00040'} of 32
[2024-10-21T19:35:40.504+0000] {kafka_operator.py:62} INFO - Produced row: {'transaction_id': 'T000033', 'transaction_type': 'Deposit', 'currency': 'EUR', 'branch_id': 'B00095', 'transaction_date': 1715024140504, 'transaction_amount': 3033.81, 'exchange_rate': 0.9224, 'customer_id': 'C00014', 'account_id': 'A00092'} of 33
[2024-10-21T19:35:40.506+0000] {kafka_operator.py:62} INFO - Produced row: {'transaction_id': 'T000034', 'transaction_type': 'Debit', 'currency': 'USD', 'branch_id': 'B00043', 'transaction_date': 1698435340505, 'transaction_amount': 5257.93, 'exchange_rate': 0.7744, 'customer_id': 'C00031', 'account_id': 'A00008'} of 34
[2024-10-21T19:35:40.507+0000] {kafka_operator.py:62} INFO - Produced row: {'transaction_id': 'T000035', 'transaction_type': 'Withdrawal', 'currency': 'USD', 'branch_id': 'B00049', 'transaction_date': 1707248140506, 'transaction_amount': 3684.43, 'exchange_rate': 1.2977, 'customer_id': 'C00035', 'account_id': 'A00060'} of 35
[2024-10-21T19:35:40.508+0000] {kafka_operator.py:62} INFO - Produced row: {'transaction_id': 'T000036', 'transaction_type': 'Deposit', 'currency': 'INR', 'branch_id': 'B00039', 'transaction_date': 1710185740507, 'transaction_amount': 9668.93, 'exchange_rate': 1.182, 'customer_id': 'C00057', 'account_id': 'A00010'} of 36
[2024-10-21T19:35:40.509+0000] {kafka_operator.py:62} INFO - Produced row: {'transaction_id': 'T000037', 'transaction_type': 'Debit', 'currency': 'INR', 'branch_id': 'B00093', 'transaction_date': 1707852940508, 'transaction_amount': 4828.99, 'exchange_rate': 1.4275, 'customer_id': 'C00066', 'account_id': 'A00025'} of 37
[2024-10-21T19:35:40.509+0000] {kafka_operator.py:62} INFO - Produced row: {'transaction_id': 'T000038', 'transaction_type': 'Credit', 'currency': 'USD', 'branch_id': 'B00038', 'transaction_date': 1717011340509, 'transaction_amount': 750.01, 'exchange_rate': 1.1493, 'customer_id': 'C00060', 'account_id': 'A00040'} of 38
[2024-10-21T19:35:40.510+0000] {kafka_operator.py:62} INFO - Produced row: {'transaction_id': 'T000039', 'transaction_type': 'Debit', 'currency': 'INR', 'branch_id': 'B00048', 'transaction_date': 1717616140510, 'transaction_amount': 50.01, 'exchange_rate': 1.3303, 'customer_id': 'C00052', 'account_id': 'A00070'} of 39
[2024-10-21T19:35:40.511+0000] {kafka_operator.py:62} INFO - Produced row: {'transaction_id': 'T000040', 'transaction_type': 'Transfer', 'currency': 'GBP', 'branch_id': 'B00058', 'transaction_date': 1700595340511, 'transaction_amount': 5516.62, 'exchange_rate': 0.8144, 'customer_id': 'C00026', 'account_id': 'A00017'} of 40
[2024-10-21T19:35:40.512+0000] {kafka_operator.py:62} INFO - Produced row: {'transaction_id': 'T000041', 'transaction_type': 'Withdrawal', 'currency': 'GBP', 'branch_id': 'B00057', 'transaction_date': 1703100940512, 'transaction_amount': 1170.5, 'exchange_rate': 1.2225, 'customer_id': 'C00040', 'account_id': 'A00079'} of 41
[2024-10-21T19:35:40.513+0000] {kafka_operator.py:62} INFO - Produced row: {'transaction_id': 'T000042', 'transaction_type': 'Deposit', 'currency': 'GBP', 'branch_id': 'B00081', 'transaction_date': 1721936140513, 'transaction_amount': 271.3, 'exchange_rate': 0.5274, 'customer_id': 'C00062', 'account_id': 'A00008'} of 42
[2024-10-21T19:35:40.515+0000] {kafka_operator.py:62} INFO - Produced row: {'transaction_id': 'T000043', 'transaction_type': 'Debit', 'currency': 'INR', 'branch_id': 'B00011', 'transaction_date': 1708976140515, 'transaction_amount': 9599.24, 'exchange_rate': 0.8105, 'customer_id': 'C00059', 'account_id': 'A00035'} of 43
[2024-10-21T19:35:40.516+0000] {kafka_operator.py:62} INFO - Produced row: {'transaction_id': 'T000044', 'transaction_type': 'Deposit', 'currency': 'INR', 'branch_id': 'B00056', 'transaction_date': 1729366540516, 'transaction_amount': 8192.43, 'exchange_rate': 0.8534, 'customer_id': 'C00074', 'account_id': 'A00049'} of 44
[2024-10-21T19:35:40.517+0000] {kafka_operator.py:62} INFO - Produced row: {'transaction_id': 'T000045', 'transaction_type': 'Credit', 'currency': 'EUR', 'branch_id': 'B00038', 'transaction_date': 1699212940517, 'transaction_amount': 4169.17, 'exchange_rate': 1.1831, 'customer_id': 'C00075', 'account_id': 'A00018'} of 45
[2024-10-21T19:35:40.518+0000] {kafka_operator.py:62} INFO - Produced row: {'transaction_id': 'T000046', 'transaction_type': 'Deposit', 'currency': 'INR', 'branch_id': 'B00005', 'transaction_date': 1705606540518, 'transaction_amount': 1055.39, 'exchange_rate': 1.4882, 'customer_id': 'C00046', 'account_id': 'A00062'} of 46
[2024-10-21T19:35:40.519+0000] {kafka_operator.py:62} INFO - Produced row: {'transaction_id': 'T000047', 'transaction_type': 'Debit', 'currency': 'GBP', 'branch_id': 'B00090', 'transaction_date': 1722368140518, 'transaction_amount': 3794.52, 'exchange_rate': 0.6106, 'customer_id': 'C00084', 'account_id': 'A00042'} of 47
[2024-10-21T19:35:40.519+0000] {kafka_operator.py:62} INFO - Produced row: {'transaction_id': 'T000048', 'transaction_type': 'Debit', 'currency': 'EUR', 'branch_id': 'B00011', 'transaction_date': 1708371340519, 'transaction_amount': 7425.98, 'exchange_rate': 0.8215, 'customer_id': 'C00064', 'account_id': 'A00027'} of 48
[2024-10-21T19:35:40.520+0000] {kafka_operator.py:62} INFO - Produced row: {'transaction_id': 'T000049', 'transaction_type': 'Withdrawal', 'currency': 'EUR', 'branch_id': 'B00024', 'transaction_date': 1719344140520, 'transaction_amount': 5938.44, 'exchange_rate': 0.654, 'customer_id': 'C00092', 'account_id': 'A00079'} of 49
[2024-10-21T19:35:40.522+0000] {kafka_operator.py:62} INFO - Produced row: {'transaction_id': 'T000050', 'transaction_type': 'Credit', 'currency': 'USD', 'branch_id': 'B00049', 'transaction_date': 1726860940522, 'transaction_amount': 6880.93, 'exchange_rate': 0.5806, 'customer_id': 'C00008', 'account_id': 'A00040'} of 50
[2024-10-21T19:35:40.524+0000] {kafka_operator.py:62} INFO - Produced row: {'transaction_id': 'T000051', 'transaction_type': 'Transfer', 'currency': 'EUR', 'branch_id': 'B00098', 'transaction_date': 1708544140524, 'transaction_amount': 9841.37, 'exchange_rate': 1.1017, 'customer_id': 'C00055', 'account_id': 'A00086'} of 51
[2024-10-21T19:35:40.526+0000] {kafka_operator.py:62} INFO - Produced row: {'transaction_id': 'T000052', 'transaction_type': 'Transfer', 'currency': 'GBP', 'branch_id': 'B00020', 'transaction_date': 1698435340525, 'transaction_amount': 3416.91, 'exchange_rate': 1.2036, 'customer_id': 'C00068', 'account_id': 'A00011'} of 52
[2024-10-21T19:35:40.527+0000] {kafka_operator.py:62} INFO - Produced row: {'transaction_id': 'T000053', 'transaction_type': 'Withdrawal', 'currency': 'EUR', 'branch_id': 'B00060', 'transaction_date': 1699126540527, 'transaction_amount': 7490.14, 'exchange_rate': 1.2358, 'customer_id': 'C00021', 'account_id': 'A00067'} of 53
[2024-10-21T19:35:40.529+0000] {kafka_operator.py:62} INFO - Produced row: {'transaction_id': 'T000054', 'transaction_type': 'Withdrawal', 'currency': 'INR', 'branch_id': 'B00079', 'transaction_date': 1728761740528, 'transaction_amount': 3599.35, 'exchange_rate': 1.067, 'customer_id': 'C00066', 'account_id': 'A00057'} of 54
[2024-10-21T19:35:40.530+0000] {kafka_operator.py:62} INFO - Produced row: {'transaction_id': 'T000055', 'transaction_type': 'Deposit', 'currency': 'USD', 'branch_id': 'B00014', 'transaction_date': 1707852940530, 'transaction_amount': 9821.46, 'exchange_rate': 1.0044, 'customer_id': 'C00085', 'account_id': 'A00072'} of 55
[2024-10-21T19:35:40.532+0000] {kafka_operator.py:62} INFO - Produced row: {'transaction_id': 'T000056', 'transaction_type': 'Withdrawal', 'currency': 'GBP', 'branch_id': 'B00070', 'transaction_date': 1720640140531, 'transaction_amount': 2121.11, 'exchange_rate': 1.0349, 'customer_id': 'C00005', 'account_id': 'A00079'} of 56
[2024-10-21T19:35:40.533+0000] {kafka_operator.py:62} INFO - Produced row: {'transaction_id': 'T000057', 'transaction_type': 'Withdrawal', 'currency': 'INR', 'branch_id': 'B00056', 'transaction_date': 1713814540533, 'transaction_amount': 6843.51, 'exchange_rate': 1.4114, 'customer_id': 'C00047', 'account_id': 'A00091'} of 57
[2024-10-21T19:35:40.535+0000] {kafka_operator.py:62} INFO - Produced row: {'transaction_id': 'T000058', 'transaction_type': 'Deposit', 'currency': 'INR', 'branch_id': 'B00040', 'transaction_date': 1718220940535, 'transaction_amount': 7708.1, 'exchange_rate': 1.4102, 'customer_id': 'C00002', 'account_id': 'A00010'} of 58
[2024-10-21T19:35:40.536+0000] {kafka_operator.py:62} INFO - Produced row: {'transaction_id': 'T000059', 'transaction_type': 'Transfer', 'currency': 'USD', 'branch_id': 'B00034', 'transaction_date': 1717529740536, 'transaction_amount': 7151.01, 'exchange_rate': 1.0954, 'customer_id': 'C00033', 'account_id': 'A00086'} of 59
[2024-10-21T19:35:40.538+0000] {kafka_operator.py:62} INFO - Produced row: {'transaction_id': 'T000060', 'transaction_type': 'Withdrawal', 'currency': 'GBP', 'branch_id': 'B00042', 'transaction_date': 1703964940537, 'transaction_amount': 961.1, 'exchange_rate': 1.1836, 'customer_id': 'C00085', 'account_id': 'A00030'} of 60
[2024-10-21T19:35:40.539+0000] {kafka_operator.py:62} INFO - Produced row: {'transaction_id': 'T000061', 'transaction_type': 'Deposit', 'currency': 'USD', 'branch_id': 'B00069', 'transaction_date': 1699817740539, 'transaction_amount': 6086.29, 'exchange_rate': 0.7856, 'customer_id': 'C00055', 'account_id': 'A00002'} of 61
[2024-10-21T19:35:40.540+0000] {kafka_operator.py:62} INFO - Produced row: {'transaction_id': 'T000062', 'transaction_type': 'Withdrawal', 'currency': 'EUR', 'branch_id': 'B00011', 'transaction_date': 1723923340540, 'transaction_amount': 550.59, 'exchange_rate': 0.9254, 'customer_id': 'C00014', 'account_id': 'A00074'} of 62
[2024-10-21T19:35:40.541+0000] {kafka_operator.py:62} INFO - Produced row: {'transaction_id': 'T000063', 'transaction_type': 'Transfer', 'currency': 'GBP', 'branch_id': 'B00041', 'transaction_date': 1724096140541, 'transaction_amount': 7313.14, 'exchange_rate': 0.8329, 'customer_id': 'C00062', 'account_id': 'A00067'} of 63
[2024-10-21T19:35:40.542+0000] {kafka_operator.py:62} INFO - Produced row: {'transaction_id': 'T000064', 'transaction_type': 'Credit', 'currency': 'USD', 'branch_id': 'B00090', 'transaction_date': 1722886540542, 'transaction_amount': 3982.56, 'exchange_rate': 1.1043, 'customer_id': 'C00049', 'account_id': 'A00081'} of 64
[2024-10-21T19:35:40.543+0000] {kafka_operator.py:62} INFO - Produced row: {'transaction_id': 'T000065', 'transaction_type': 'Withdrawal', 'currency': 'INR', 'branch_id': 'B00012', 'transaction_date': 1710876940543, 'transaction_amount': 8171.37, 'exchange_rate': 0.8768, 'customer_id': 'C00070', 'account_id': 'A00035'} of 65
[2024-10-21T19:35:40.544+0000] {kafka_operator.py:62} INFO - Produced row: {'transaction_id': 'T000066', 'transaction_type': 'Withdrawal', 'currency': 'INR', 'branch_id': 'B00097', 'transaction_date': 1725996940544, 'transaction_amount': 2805.62, 'exchange_rate': 0.5838, 'customer_id': 'C00050', 'account_id': 'A00010'} of 66
[2024-10-21T19:35:40.545+0000] {kafka_operator.py:62} INFO - Produced row: {'transaction_id': 'T000067', 'transaction_type': 'Deposit', 'currency': 'USD', 'branch_id': 'B00059', 'transaction_date': 1726688140545, 'transaction_amount': 1808.82, 'exchange_rate': 0.8345, 'customer_id': 'C00063', 'account_id': 'A00048'} of 67
[2024-10-21T19:35:40.547+0000] {kafka_operator.py:62} INFO - Produced row: {'transaction_id': 'T000068', 'transaction_type': 'Deposit', 'currency': 'INR', 'branch_id': 'B00055', 'transaction_date': 1716060940547, 'transaction_amount': 5051.27, 'exchange_rate': 1.0081, 'customer_id': 'C00010', 'account_id': 'A00023'} of 68
[2024-10-21T19:35:40.548+0000] {kafka_operator.py:62} INFO - Produced row: {'transaction_id': 'T000069', 'transaction_type': 'Credit', 'currency': 'GBP', 'branch_id': 'B00068', 'transaction_date': 1716233740548, 'transaction_amount': 2940.36, 'exchange_rate': 1.2256, 'customer_id': 'C00020', 'account_id': 'A00048'} of 69
[2024-10-21T19:35:40.549+0000] {kafka_operator.py:62} INFO - Produced row: {'transaction_id': 'T000070', 'transaction_type': 'Credit', 'currency': 'USD', 'branch_id': 'B00054', 'transaction_date': 1727379340549, 'transaction_amount': 5057.77, 'exchange_rate': 1.4701, 'customer_id': 'C00098', 'account_id': 'A00021'} of 70
[2024-10-21T19:35:40.550+0000] {kafka_operator.py:62} INFO - Produced row: {'transaction_id': 'T000071', 'transaction_type': 'Debit', 'currency': 'INR', 'branch_id': 'B00024', 'transaction_date': 1711222540550, 'transaction_amount': 9095.5, 'exchange_rate': 1.3222, 'customer_id': 'C00077', 'account_id': 'A00099'} of 71
[2024-10-21T19:35:40.552+0000] {kafka_operator.py:62} INFO - Produced row: {'transaction_id': 'T000072', 'transaction_type': 'Credit', 'currency': 'INR', 'branch_id': 'B00080', 'transaction_date': 1708284940552, 'transaction_amount': 1676.93, 'exchange_rate': 0.983, 'customer_id': 'C00066', 'account_id': 'A00032'} of 72
[2024-10-21T19:35:40.554+0000] {kafka_operator.py:62} INFO - Produced row: {'transaction_id': 'T000073', 'transaction_type': 'Withdrawal', 'currency': 'USD', 'branch_id': 'B00039', 'transaction_date': 1721590540554, 'transaction_amount': 1664.27, 'exchange_rate': 1.2838, 'customer_id': 'C00051', 'account_id': 'A00092'} of 73
[2024-10-21T19:35:40.555+0000] {kafka_operator.py:62} INFO - Produced row: {'transaction_id': 'T000074', 'transaction_type': 'Credit', 'currency': 'EUR', 'branch_id': 'B00025', 'transaction_date': 1724614540555, 'transaction_amount': 7933.68, 'exchange_rate': 0.9126, 'customer_id': 'C00080', 'account_id': 'A00083'} of 74
[2024-10-21T19:35:40.556+0000] {kafka_operator.py:62} INFO - Produced row: {'transaction_id': 'T000075', 'transaction_type': 'Withdrawal', 'currency': 'GBP', 'branch_id': 'B00017', 'transaction_date': 1721936140556, 'transaction_amount': 6695.33, 'exchange_rate': 1.413, 'customer_id': 'C00061', 'account_id': 'A00097'} of 75
[2024-10-21T19:35:40.557+0000] {kafka_operator.py:62} INFO - Produced row: {'transaction_id': 'T000076', 'transaction_type': 'Transfer', 'currency': 'GBP', 'branch_id': 'B00054', 'transaction_date': 1698521740557, 'transaction_amount': 4446.05, 'exchange_rate': 0.5041, 'customer_id': 'C00061', 'account_id': 'A00007'} of 76
[2024-10-21T19:35:40.559+0000] {kafka_operator.py:62} INFO - Produced row: {'transaction_id': 'T000077', 'transaction_type': 'Debit', 'currency': 'INR', 'branch_id': 'B00075', 'transaction_date': 1712086540559, 'transaction_amount': 7582.61, 'exchange_rate': 1.4719, 'customer_id': 'C00046', 'account_id': 'A00043'} of 77
[2024-10-21T19:35:40.561+0000] {kafka_operator.py:62} INFO - Produced row: {'transaction_id': 'T000078', 'transaction_type': 'Withdrawal', 'currency': 'USD', 'branch_id': 'B00043', 'transaction_date': 1700768140560, 'transaction_amount': 3437.92, 'exchange_rate': 0.5205, 'customer_id': 'C00081', 'account_id': 'A00033'} of 78
[2024-10-21T19:35:40.562+0000] {kafka_operator.py:62} INFO - Produced row: {'transaction_id': 'T000079', 'transaction_type': 'Debit', 'currency': 'USD', 'branch_id': 'B00012', 'transaction_date': 1729366540561, 'transaction_amount': 4710.32, 'exchange_rate': 1.0981, 'customer_id': 'C00029', 'account_id': 'A00067'} of 79
[2024-10-21T19:35:40.563+0000] {kafka_operator.py:62} INFO - Produced row: {'transaction_id': 'T000080', 'transaction_type': 'Deposit', 'currency': 'USD', 'branch_id': 'B00044', 'transaction_date': 1727552140563, 'transaction_amount': 4496.67, 'exchange_rate': 1.3559, 'customer_id': 'C00100', 'account_id': 'A00029'} of 80
[2024-10-21T19:35:40.564+0000] {kafka_operator.py:62} INFO - Produced row: {'transaction_id': 'T000081', 'transaction_type': 'Transfer', 'currency': 'EUR', 'branch_id': 'B00065', 'transaction_date': 1716838540564, 'transaction_amount': 4642.93, 'exchange_rate': 1.4828, 'customer_id': 'C00063', 'account_id': 'A00077'} of 81
[2024-10-21T19:35:40.566+0000] {kafka_operator.py:62} INFO - Produced row: {'transaction_id': 'T000082', 'transaction_type': 'Deposit', 'currency': 'USD', 'branch_id': 'B00030', 'transaction_date': 1699904140566, 'transaction_amount': 7485.37, 'exchange_rate': 1.0702, 'customer_id': 'C00029', 'account_id': 'A00053'} of 82
[2024-10-21T19:35:40.567+0000] {kafka_operator.py:62} INFO - Produced row: {'transaction_id': 'T000083', 'transaction_type': 'Deposit', 'currency': 'EUR', 'branch_id': 'B00001', 'transaction_date': 1707075340567, 'transaction_amount': 593.99, 'exchange_rate': 1.2264, 'customer_id': 'C00030', 'account_id': 'A00024'} of 83
[2024-10-21T19:35:40.569+0000] {kafka_operator.py:62} INFO - Produced row: {'transaction_id': 'T000084', 'transaction_type': 'Debit', 'currency': 'USD', 'branch_id': 'B00089', 'transaction_date': 1726860940568, 'transaction_amount': 2843.42, 'exchange_rate': 0.8109, 'customer_id': 'C00031', 'account_id': 'A00026'} of 84
[2024-10-21T19:35:40.570+0000] {kafka_operator.py:62} INFO - Produced row: {'transaction_id': 'T000085', 'transaction_type': 'Credit', 'currency': 'USD', 'branch_id': 'B00100', 'transaction_date': 1715110540570, 'transaction_amount': 3121.86, 'exchange_rate': 1.4453, 'customer_id': 'C00006', 'account_id': 'A00002'} of 85
[2024-10-21T19:35:40.572+0000] {kafka_operator.py:62} INFO - Produced row: {'transaction_id': 'T000086', 'transaction_type': 'Debit', 'currency': 'INR', 'branch_id': 'B00013', 'transaction_date': 1707161740572, 'transaction_amount': 4544.7, 'exchange_rate': 0.698, 'customer_id': 'C00083', 'account_id': 'A00054'} of 86
[2024-10-21T19:35:40.573+0000] {kafka_operator.py:62} INFO - Produced row: {'transaction_id': 'T000087', 'transaction_type': 'Debit', 'currency': 'GBP', 'branch_id': 'B00072', 'transaction_date': 1726860940573, 'transaction_amount': 992.71, 'exchange_rate': 0.8982, 'customer_id': 'C00061', 'account_id': 'A00037'} of 87
[2024-10-21T19:35:40.574+0000] {kafka_operator.py:62} INFO - Produced row: {'transaction_id': 'T000088', 'transaction_type': 'Debit', 'currency': 'EUR', 'branch_id': 'B00034', 'transaction_date': 1699299340574, 'transaction_amount': 5027.77, 'exchange_rate': 1.2679, 'customer_id': 'C00004', 'account_id': 'A00072'} of 88
[2024-10-21T19:35:40.576+0000] {kafka_operator.py:62} INFO - Produced row: {'transaction_id': 'T000089', 'transaction_type': 'Transfer', 'currency': 'GBP', 'branch_id': 'B00090', 'transaction_date': 1715801740575, 'transaction_amount': 54.13, 'exchange_rate': 1.4272, 'customer_id': 'C00084', 'account_id': 'A00022'} of 89
[2024-10-21T19:35:40.577+0000] {kafka_operator.py:62} INFO - Produced row: {'transaction_id': 'T000090', 'transaction_type': 'Debit', 'currency': 'EUR', 'branch_id': 'B00033', 'transaction_date': 1700508940577, 'transaction_amount': 2427.38, 'exchange_rate': 0.541, 'customer_id': 'C00100', 'account_id': 'A00020'} of 90
[2024-10-21T19:35:40.578+0000] {kafka_operator.py:62} INFO - Produced row: {'transaction_id': 'T000091', 'transaction_type': 'Deposit', 'currency': 'INR', 'branch_id': 'B00057', 'transaction_date': 1704915340578, 'transaction_amount': 8836.81, 'exchange_rate': 0.9558, 'customer_id': 'C00045', 'account_id': 'A00092'} of 91
[2024-10-21T19:35:40.579+0000] {kafka_operator.py:62} INFO - Produced row: {'transaction_id': 'T000092', 'transaction_type': 'Debit', 'currency': 'USD', 'branch_id': 'B00047', 'transaction_date': 1698521740579, 'transaction_amount': 6761.95, 'exchange_rate': 1.417, 'customer_id': 'C00083', 'account_id': 'A00096'} of 92
[2024-10-21T19:35:40.581+0000] {kafka_operator.py:62} INFO - Produced row: {'transaction_id': 'T000093', 'transaction_type': 'Credit', 'currency': 'EUR', 'branch_id': 'B00063', 'transaction_date': 1722108940580, 'transaction_amount': 8435.07, 'exchange_rate': 1.1723, 'customer_id': 'C00093', 'account_id': 'A00097'} of 93
[2024-10-21T19:35:40.582+0000] {kafka_operator.py:62} INFO - Produced row: {'transaction_id': 'T000094', 'transaction_type': 'Credit', 'currency': 'USD', 'branch_id': 'B00089', 'transaction_date': 1721244940582, 'transaction_amount': 133.9, 'exchange_rate': 0.7761, 'customer_id': 'C00034', 'account_id': 'A00056'} of 94
[2024-10-21T19:35:40.583+0000] {kafka_operator.py:62} INFO - Produced row: {'transaction_id': 'T000095', 'transaction_type': 'Deposit', 'currency': 'GBP', 'branch_id': 'B00100', 'transaction_date': 1707248140583, 'transaction_amount': 9535.15, 'exchange_rate': 1.4969, 'customer_id': 'C00093', 'account_id': 'A00055'} of 95
[2024-10-21T19:35:40.584+0000] {kafka_operator.py:62} INFO - Produced row: {'transaction_id': 'T000096', 'transaction_type': 'Transfer', 'currency': 'INR', 'branch_id': 'B00038', 'transaction_date': 1714332940584, 'transaction_amount': 2893.87, 'exchange_rate': 1.0776, 'customer_id': 'C00026', 'account_id': 'A00059'} of 96
[2024-10-21T19:35:40.586+0000] {kafka_operator.py:62} INFO - Produced row: {'transaction_id': 'T000097', 'transaction_type': 'Withdrawal', 'currency': 'EUR', 'branch_id': 'B00012', 'transaction_date': 1728675340585, 'transaction_amount': 1211.71, 'exchange_rate': 0.8835, 'customer_id': 'C00087', 'account_id': 'A00034'} of 97
[2024-10-21T19:35:40.587+0000] {kafka_operator.py:62} INFO - Produced row: {'transaction_id': 'T000098', 'transaction_type': 'Deposit', 'currency': 'GBP', 'branch_id': 'B00042', 'transaction_date': 1720294540587, 'transaction_amount': 4700.38, 'exchange_rate': 1.049, 'customer_id': 'C00039', 'account_id': 'A00042'} of 98
[2024-10-21T19:35:40.588+0000] {kafka_operator.py:62} INFO - Produced row: {'transaction_id': 'T000099', 'transaction_type': 'Deposit', 'currency': 'INR', 'branch_id': 'B00072', 'transaction_date': 1710185740588, 'transaction_amount': 4529.83, 'exchange_rate': 0.9671, 'customer_id': 'C00096', 'account_id': 'A00011'} of 99
[2024-10-21T19:35:40.589+0000] {kafka_operator.py:62} INFO - Produced row: {'transaction_id': 'T000100', 'transaction_type': 'Deposit', 'currency': 'INR', 'branch_id': 'B00053', 'transaction_date': 1721676940589, 'transaction_amount': 6553.05, 'exchange_rate': 0.9863, 'customer_id': 'C00040', 'account_id': 'A00035'} of 100
[2024-10-21T19:35:40.590+0000] {kafka_operator.py:65} INFO - Produced 100 records of transaction which has been sent to the transaction_facts topic!
[2024-10-21T19:35:40.592+0000] {conn.py:673} INFO - <BrokerConnection node_id=0 host=kafka_broker:9092 <connected> [IPv4 ('172.19.0.6', 9092)]>: Closing connection. 
[2024-10-21T19:35:40.604+0000] {taskinstance.py:340} INFO - ::group::Post task execution logs
[2024-10-21T19:35:40.605+0000] {taskinstance.py:352} INFO - Marking task as SUCCESS. dag_id=transaction_facts_generator, task_id=generate_txn_fact_data, run_id=manual__2024-10-21T19:35:35.742798+00:00, execution_date=20241021T193535, start_date=20241021T193539, end_date=20241021T193540
[2024-10-21T19:35:40.618+0000] {logging_mixin.py:190} INFO - Task instance in success state
[2024-10-21T19:35:40.619+0000] {logging_mixin.py:190} INFO -  Previous state of the Task instance: running
[2024-10-21T19:35:40.620+0000] {logging_mixin.py:190} INFO - Dag name:transaction_facts_generator queued_at:2024-10-21 19:35:35.761947+00:00
[2024-10-21T19:35:40.620+0000] {logging_mixin.py:190} INFO - Task hostname:b5877bc8e957 operator:KafkaProduceOperator
[2024-10-21T19:35:40.667+0000] {local_task_job_runner.py:266} INFO - Task exited with return code 0
[2024-10-21T19:35:40.687+0000] {taskinstance.py:3900} INFO - 0 downstream tasks scheduled from follow-on schedule check
[2024-10-21T19:35:40.690+0000] {local_task_job_runner.py:245} INFO - ::endgroup::
