[2024-10-20T07:18:23.601+0000] {local_task_job_runner.py:123} INFO - ::group::Pre task execution logs
[2024-10-20T07:18:23.638+0000] {taskinstance.py:2612} INFO - Dependencies all met for dep_context=non-requeueable deps ti=<TaskInstance: account_dim_generator.generate_account_dim_data manual__2024-10-20T07:18:15.548897+00:00 [queued]>
[2024-10-20T07:18:23.665+0000] {taskinstance.py:2612} INFO - Dependencies all met for dep_context=requeueable deps ti=<TaskInstance: account_dim_generator.generate_account_dim_data manual__2024-10-20T07:18:15.548897+00:00 [queued]>
[2024-10-20T07:18:23.667+0000] {taskinstance.py:2865} INFO - Starting attempt 1 of 1
[2024-10-20T07:18:23.695+0000] {taskinstance.py:2888} INFO - Executing <Task(PythonOperator): generate_account_dim_data> on 2024-10-20 07:18:15.548897+00:00
[2024-10-20T07:18:23.713+0000] {warnings.py:112} WARNING - /home/***/.local/lib/python3.12/site-packages/***/task/task_runner/standard_task_runner.py:70: DeprecationWarning: This process (pid=153) is multi-threaded, use of fork() may lead to deadlocks in the child.
  pid = os.fork()

[2024-10-20T07:18:23.717+0000] {standard_task_runner.py:104} INFO - Running: ['***', 'tasks', 'run', 'account_dim_generator', 'generate_account_dim_data', 'manual__2024-10-20T07:18:15.548897+00:00', '--job-id', '109', '--raw', '--subdir', 'DAGS_FOLDER/account_dim_generator.py', '--cfg-path', '/tmp/tmpxelg79w8']
[2024-10-20T07:18:23.718+0000] {standard_task_runner.py:72} INFO - Started process 155 to run task
[2024-10-20T07:18:23.719+0000] {standard_task_runner.py:105} INFO - Job 109: Subtask generate_account_dim_data
[2024-10-20T07:18:23.817+0000] {task_command.py:467} INFO - Running <TaskInstance: account_dim_generator.generate_account_dim_data manual__2024-10-20T07:18:15.548897+00:00 [running]> on host b5fa23871e33
[2024-10-20T07:18:24.022+0000] {taskinstance.py:3131} INFO - Exporting env vars: AIRFLOW_CTX_DAG_OWNER='saisunny' AIRFLOW_CTX_DAG_ID='account_dim_generator' AIRFLOW_CTX_TASK_ID='generate_account_dim_data' AIRFLOW_CTX_EXECUTION_DATE='2024-10-20T07:18:15.548897+00:00' AIRFLOW_CTX_TRY_NUMBER='1' AIRFLOW_CTX_DAG_RUN_ID='manual__2024-10-20T07:18:15.548897+00:00'
[2024-10-20T07:18:24.026+0000] {logging_mixin.py:190} INFO - Task instance is in running state
[2024-10-20T07:18:24.027+0000] {logging_mixin.py:190} INFO -  Previous state of the Task instance: queued
[2024-10-20T07:18:24.028+0000] {logging_mixin.py:190} INFO - Current task name:generate_account_dim_data state:running start_date:2024-10-20 07:18:23.639868+00:00
[2024-10-20T07:18:24.030+0000] {logging_mixin.py:190} INFO - Dag name:account_dim_generator and current dag run status:running
[2024-10-20T07:18:24.032+0000] {taskinstance.py:731} INFO - ::endgroup::
[2024-10-20T07:18:24.073+0000] {logging_mixin.py:190} INFO - CSV file ./account_dim_large_data.csv with 50 rows has been generated successfully!
[2024-10-20T07:18:24.074+0000] {python.py:240} INFO - Done. Returned value was: None
[2024-10-20T07:18:24.098+0000] {taskinstance.py:340} INFO - ::group::Post task execution logs
[2024-10-20T07:18:24.100+0000] {taskinstance.py:352} INFO - Marking task as SUCCESS. dag_id=account_dim_generator, task_id=generate_account_dim_data, run_id=manual__2024-10-20T07:18:15.548897+00:00, execution_date=20241020T071815, start_date=20241020T071823, end_date=20241020T071824
[2024-10-20T07:18:24.126+0000] {logging_mixin.py:190} INFO - Task instance in success state
[2024-10-20T07:18:24.128+0000] {logging_mixin.py:190} INFO -  Previous state of the Task instance: running
[2024-10-20T07:18:24.130+0000] {logging_mixin.py:190} INFO - Dag name:account_dim_generator queued_at:2024-10-20 07:18:15.582197+00:00
[2024-10-20T07:18:24.131+0000] {logging_mixin.py:190} INFO - Task hostname:b5fa23871e33 operator:PythonOperator
[2024-10-20T07:18:24.148+0000] {local_task_job_runner.py:266} INFO - Task exited with return code 0
[2024-10-20T07:18:24.172+0000] {taskinstance.py:3900} INFO - 0 downstream tasks scheduled from follow-on schedule check
[2024-10-20T07:18:24.178+0000] {local_task_job_runner.py:245} INFO - ::endgroup::
