[2024-10-25T07:30:47.777+0000] {local_task_job_runner.py:123} INFO - ::group::Pre task execution logs
[2024-10-25T07:30:47.794+0000] {taskinstance.py:2612} INFO - Dependencies all met for dep_context=non-requeueable deps ti=<TaskInstance: schema_dag.submit_schema manual__2024-10-25T07:30:44.612405+00:00 [queued]>
[2024-10-25T07:30:47.804+0000] {taskinstance.py:2612} INFO - Dependencies all met for dep_context=requeueable deps ti=<TaskInstance: schema_dag.submit_schema manual__2024-10-25T07:30:44.612405+00:00 [queued]>
[2024-10-25T07:30:47.806+0000] {taskinstance.py:2865} INFO - Starting attempt 1 of 1
[2024-10-25T07:30:47.823+0000] {taskinstance.py:2888} INFO - Executing <Task(PinotSchemaSubmitOperator): submit_schema> on 2024-10-25 07:30:44.612405+00:00
[2024-10-25T07:30:47.837+0000] {warnings.py:112} WARNING - /home/***/.local/lib/python3.12/site-packages/***/task/task_runner/standard_task_runner.py:70: DeprecationWarning: This process (pid=413) is multi-threaded, use of fork() may lead to deadlocks in the child.
  pid = os.fork()

[2024-10-25T07:30:47.839+0000] {standard_task_runner.py:72} INFO - Started process 415 to run task
[2024-10-25T07:30:47.839+0000] {standard_task_runner.py:104} INFO - Running: ['***', 'tasks', 'run', 'schema_dag', 'submit_schema', 'manual__2024-10-25T07:30:44.612405+00:00', '--job-id', '229', '--raw', '--subdir', 'DAGS_FOLDER/schema_dag.py', '--cfg-path', '/tmp/tmp2lcp5u_7']
[2024-10-25T07:30:47.841+0000] {standard_task_runner.py:105} INFO - Job 229: Subtask submit_schema
[2024-10-25T07:30:47.917+0000] {task_command.py:467} INFO - Running <TaskInstance: schema_dag.submit_schema manual__2024-10-25T07:30:44.612405+00:00 [running]> on host d993b9f280d5
[2024-10-25T07:30:48.034+0000] {taskinstance.py:3131} INFO - Exporting env vars: AIRFLOW_CTX_DAG_OWNER='saisunny' AIRFLOW_CTX_DAG_ID='schema_dag' AIRFLOW_CTX_TASK_ID='submit_schema' AIRFLOW_CTX_EXECUTION_DATE='2024-10-25T07:30:44.612405+00:00' AIRFLOW_CTX_TRY_NUMBER='1' AIRFLOW_CTX_DAG_RUN_ID='manual__2024-10-25T07:30:44.612405+00:00'
[2024-10-25T07:30:48.075+0000] {logging_mixin.py:190} INFO - Task instance is in running state
[2024-10-25T07:30:48.109+0000] {logging_mixin.py:190} INFO -  Previous state of the Task instance: queued
[2024-10-25T07:30:48.157+0000] {logging_mixin.py:190} INFO - Current task name:submit_schema state:running start_date:2024-10-25 07:30:47.795734+00:00
[2024-10-25T07:30:48.158+0000] {logging_mixin.py:190} INFO - Dag name:schema_dag and current dag run status:running
[2024-10-25T07:30:48.159+0000] {taskinstance.py:731} INFO - ::endgroup::
[2024-10-25T07:30:48.677+0000] {pinot_schema_operator.py:30} INFO - /opt/***/dags/schemas/account_dim_schema.json Schema Successfully Submitted To Apache Pinot!
[2024-10-25T07:30:48.729+0000] {pinot_schema_operator.py:30} INFO - /opt/***/dags/schemas/branch_dim_schema.json Schema Successfully Submitted To Apache Pinot!
[2024-10-25T07:30:48.770+0000] {pinot_schema_operator.py:30} INFO - /opt/***/dags/schemas/customer_dim_schema.json Schema Successfully Submitted To Apache Pinot!
[2024-10-25T07:30:48.823+0000] {pinot_schema_operator.py:30} INFO - /opt/***/dags/schemas/transaction_facts_schema.json Schema Successfully Submitted To Apache Pinot!
[2024-10-25T07:30:48.850+0000] {taskinstance.py:340} INFO - ::group::Post task execution logs
[2024-10-25T07:30:48.851+0000] {taskinstance.py:352} INFO - Marking task as SUCCESS. dag_id=schema_dag, task_id=submit_schema, run_id=manual__2024-10-25T07:30:44.612405+00:00, execution_date=20241025T073044, start_date=20241025T073047, end_date=20241025T073048
[2024-10-25T07:30:48.871+0000] {logging_mixin.py:190} INFO - Task instance in success state
[2024-10-25T07:30:48.872+0000] {logging_mixin.py:190} INFO -  Previous state of the Task instance: running
[2024-10-25T07:30:48.873+0000] {logging_mixin.py:190} INFO - Dag name:schema_dag queued_at:2024-10-25 07:30:44.625247+00:00
[2024-10-25T07:30:48.874+0000] {logging_mixin.py:190} INFO - Task hostname:d993b9f280d5 operator:PinotSchemaSubmitOperator
[2024-10-25T07:30:48.903+0000] {local_task_job_runner.py:266} INFO - Task exited with return code 0
[2024-10-25T07:30:48.923+0000] {local_task_job_runner.py:245} INFO - ::endgroup::
