[2024-10-21T05:32:41.523+0000] {local_task_job_runner.py:123} INFO - ::group::Pre task execution logs
[2024-10-21T05:32:41.605+0000] {taskinstance.py:2612} INFO - Dependencies all met for dep_context=non-requeueable deps ti=<TaskInstance: dimension_batch_ingestion.ingest_branch_data manual__2024-10-21T05:32:38.060613+00:00 [queued]>
[2024-10-21T05:32:41.634+0000] {taskinstance.py:2612} INFO - Dependencies all met for dep_context=requeueable deps ti=<TaskInstance: dimension_batch_ingestion.ingest_branch_data manual__2024-10-21T05:32:38.060613+00:00 [queued]>
[2024-10-21T05:32:41.637+0000] {taskinstance.py:2865} INFO - Starting attempt 1 of 1
[2024-10-21T05:32:41.695+0000] {taskinstance.py:2888} INFO - Executing <Task(BashOperator): ingest_branch_data> on 2024-10-21 05:32:38.060613+00:00
[2024-10-21T05:32:41.734+0000] {warnings.py:112} WARNING - /home/***/.local/lib/python3.12/site-packages/***/task/task_runner/standard_task_runner.py:70: DeprecationWarning: This process (pid=318) is multi-threaded, use of fork() may lead to deadlocks in the child.
  pid = os.fork()

[2024-10-21T05:32:41.754+0000] {standard_task_runner.py:72} INFO - Started process 327 to run task
[2024-10-21T05:32:41.749+0000] {standard_task_runner.py:104} INFO - Running: ['***', 'tasks', 'run', 'dimension_batch_ingestion', 'ingest_branch_data', 'manual__2024-10-21T05:32:38.060613+00:00', '--job-id', '148', '--raw', '--subdir', 'DAGS_FOLDER/loader_dag.py', '--cfg-path', '/tmp/tmp8cc2n471']
[2024-10-21T05:32:41.758+0000] {standard_task_runner.py:105} INFO - Job 148: Subtask ingest_branch_data
[2024-10-21T05:32:42.188+0000] {task_command.py:467} INFO - Running <TaskInstance: dimension_batch_ingestion.ingest_branch_data manual__2024-10-21T05:32:38.060613+00:00 [running]> on host b5fa23871e33
[2024-10-21T05:32:42.493+0000] {taskinstance.py:3131} INFO - Exporting env vars: AIRFLOW_CTX_DAG_OWNER='saisunny' AIRFLOW_CTX_DAG_ID='dimension_batch_ingestion' AIRFLOW_CTX_TASK_ID='ingest_branch_data' AIRFLOW_CTX_EXECUTION_DATE='2024-10-21T05:32:38.060613+00:00' AIRFLOW_CTX_TRY_NUMBER='1' AIRFLOW_CTX_DAG_RUN_ID='manual__2024-10-21T05:32:38.060613+00:00'
[2024-10-21T05:32:42.500+0000] {logging_mixin.py:190} INFO - Task instance is in running state
[2024-10-21T05:32:42.503+0000] {logging_mixin.py:190} INFO -  Previous state of the Task instance: queued
[2024-10-21T05:32:42.505+0000] {logging_mixin.py:190} INFO - Current task name:ingest_branch_data state:running start_date:2024-10-21 05:32:41.607309+00:00
[2024-10-21T05:32:42.507+0000] {logging_mixin.py:190} INFO - Dag name:dimension_batch_ingestion and current dag run status:running
[2024-10-21T05:32:42.510+0000] {taskinstance.py:731} INFO - ::endgroup::
[2024-10-21T05:32:42.514+0000] {subprocess.py:63} INFO - Tmp dir root location: /tmp
[2024-10-21T05:32:42.520+0000] {subprocess.py:75} INFO - Running command: ['/usr/bin/bash', '-c', 'curl -X POST -F file=@/opt/***/branch_dim_large_data.csv -H "Content-Type: multipart/form-data" "http://pinot-controller:9000/ingestFromFile?tableNameWithType=branch_dim_OFFLINE&batchConfigMapStr=%7B%22inputFormat%22%3A%22csv%22%2C%22recordReader.prop.delimiter%22%3A%22%2C%22%7D"']
[2024-10-21T05:32:42.555+0000] {subprocess.py:86} INFO - Output:
[2024-10-21T05:32:42.631+0000] {subprocess.py:93} INFO -   % Total    % Received % Xferd  Average Speed   Time    Time     Time  Current
[2024-10-21T05:32:42.633+0000] {subprocess.py:93} INFO -                                  Dload  Upload   Total   Spent    Left  Speed
[2024-10-21T05:32:51.765+0000] {subprocess.py:93} INFO -   0     0    0     0    0     0      0      0 --:--:-- --:--:-- --:--:--     0100  3869    0     0  100  3869      0   3209  0:00:01  0:00:01 --:--:--  3210100  3869    0     0  100  3869      0   1752  0:00:02  0:00:02 --:--:--  1753100  3869    0     0  100  3869      0   1205  0:00:03  0:00:03 --:--:--  1206100  3869    0     0  100  3869      0    918  0:00:04  0:00:04 --:--:--   918100  3869    0     0  100  3869      0    741  0:00:05  0:00:05 --:--:--   741100  3869    0     0  100  3869      0    622  0:00:06  0:00:06 --:--:--     0100  3869    0     0  100  3869      0    536  0:00:07  0:00:07 --:--:--     0100  3869    0     0  100  3869      0    470  0:00:08  0:00:08 --:--:--     0100  3976  100   107  100  3869     11    423  0:00:09  0:00:09 --:--:--    21100  3976  100   107  100  3869     11    423  0:00:09  0:00:09 --:--:--    27
[2024-10-21T05:32:51.784+0000] {subprocess.py:93} INFO - {"status":"Successfully ingested file into table: branch_dim_OFFLINE as segment: branch_dim_1729488763268"}
[2024-10-21T05:32:51.787+0000] {subprocess.py:97} INFO - Command exited with return code 0
[2024-10-21T05:32:51.929+0000] {taskinstance.py:340} INFO - ::group::Post task execution logs
[2024-10-21T05:32:51.933+0000] {taskinstance.py:352} INFO - Marking task as SUCCESS. dag_id=dimension_batch_ingestion, task_id=ingest_branch_data, run_id=manual__2024-10-21T05:32:38.060613+00:00, execution_date=20241021T053238, start_date=20241021T053241, end_date=20241021T053251
[2024-10-21T05:32:51.995+0000] {logging_mixin.py:190} INFO - Task instance in success state
[2024-10-21T05:32:51.998+0000] {logging_mixin.py:190} INFO -  Previous state of the Task instance: running
[2024-10-21T05:32:52.000+0000] {logging_mixin.py:190} INFO - Dag name:dimension_batch_ingestion queued_at:2024-10-21 05:32:38.120712+00:00
[2024-10-21T05:32:52.002+0000] {logging_mixin.py:190} INFO - Task hostname:b5fa23871e33 operator:BashOperator
[2024-10-21T05:32:52.072+0000] {local_task_job_runner.py:266} INFO - Task exited with return code 0
[2024-10-21T05:32:52.130+0000] {local_task_job_runner.py:245} INFO - ::endgroup::
