[2024-10-25T07:16:07.311+0000] {local_task_job_runner.py:123} INFO - ::group::Pre task execution logs
[2024-10-25T07:16:07.402+0000] {taskinstance.py:2612} INFO - Dependencies all met for dep_context=non-requeueable deps ti=<TaskInstance: dimension_batch_ingestion.ingest_account_data scheduled__2024-10-21T00:00:00+00:00 [queued]>
[2024-10-25T07:16:07.494+0000] {taskinstance.py:2612} INFO - Dependencies all met for dep_context=requeueable deps ti=<TaskInstance: dimension_batch_ingestion.ingest_account_data scheduled__2024-10-21T00:00:00+00:00 [queued]>
[2024-10-25T07:16:07.502+0000] {taskinstance.py:2865} INFO - Starting attempt 1 of 1
[2024-10-25T07:16:07.608+0000] {taskinstance.py:2888} INFO - Executing <Task(BashOperator): ingest_account_data> on 2024-10-21 00:00:00+00:00
[2024-10-25T07:16:07.679+0000] {warnings.py:112} WARNING - /home/***/.local/lib/python3.12/site-packages/***/task/task_runner/standard_task_runner.py:70: DeprecationWarning: This process (pid=120) is multi-threaded, use of fork() may lead to deadlocks in the child.
  pid = os.fork()

[2024-10-25T07:16:07.703+0000] {standard_task_runner.py:72} INFO - Started process 183 to run task
[2024-10-25T07:16:07.779+0000] {standard_task_runner.py:104} INFO - Running: ['***', 'tasks', 'run', 'dimension_batch_ingestion', 'ingest_account_data', 'scheduled__2024-10-21T00:00:00+00:00', '--job-id', '213', '--raw', '--subdir', 'DAGS_FOLDER/loader_dag.py', '--cfg-path', '/tmp/tmpebh28llz']
[2024-10-25T07:16:07.824+0000] {standard_task_runner.py:105} INFO - Job 213: Subtask ingest_account_data
[2024-10-25T07:16:08.394+0000] {task_command.py:467} INFO - Running <TaskInstance: dimension_batch_ingestion.ingest_account_data scheduled__2024-10-21T00:00:00+00:00 [running]> on host d993b9f280d5
[2024-10-25T07:16:09.032+0000] {taskinstance.py:3131} INFO - Exporting env vars: AIRFLOW_CTX_DAG_OWNER='saisunny' AIRFLOW_CTX_DAG_ID='dimension_batch_ingestion' AIRFLOW_CTX_TASK_ID='ingest_account_data' AIRFLOW_CTX_EXECUTION_DATE='2024-10-21T00:00:00+00:00' AIRFLOW_CTX_TRY_NUMBER='1' AIRFLOW_CTX_DAG_RUN_ID='scheduled__2024-10-21T00:00:00+00:00'
[2024-10-25T07:16:09.042+0000] {logging_mixin.py:190} INFO - Task instance is in running state
[2024-10-25T07:16:09.046+0000] {logging_mixin.py:190} INFO -  Previous state of the Task instance: queued
[2024-10-25T07:16:09.049+0000] {logging_mixin.py:190} INFO - Current task name:ingest_account_data state:running start_date:2024-10-25 07:16:07.408981+00:00
[2024-10-25T07:16:09.053+0000] {logging_mixin.py:190} INFO - Dag name:dimension_batch_ingestion and current dag run status:running
[2024-10-25T07:16:09.055+0000] {taskinstance.py:731} INFO - ::endgroup::
[2024-10-25T07:16:09.060+0000] {subprocess.py:63} INFO - Tmp dir root location: /tmp
[2024-10-25T07:16:09.075+0000] {subprocess.py:75} INFO - Running command: ['/usr/bin/bash', '-c', 'curl -X POST -F file=@/opt/***/account_dim_large_data.csv -H "Content-Type: multipart/form-data" "http://pinot-controller:9000/ingestFromFile?tableNameWithType=account_dim_OFFLINE&batchConfigMapStr=%7B%22inputFormat%22%3A%22csv%22%2C%22recordReader.prop.delimiter%22%3A%22%2C%22%7D"']
[2024-10-25T07:16:09.161+0000] {subprocess.py:86} INFO - Output:
[2024-10-25T07:16:09.210+0000] {subprocess.py:93} INFO -   % Total    % Received % Xferd  Average Speed   Time    Time     Time  Current
[2024-10-25T07:16:09.214+0000] {subprocess.py:93} INFO -                                  Dload  Upload   Total   Spent    Left  Speed
[2024-10-25T07:16:13.357+0000] {subprocess.py:93} INFO -   0     0    0     0    0     0      0      0 --:--:-- --:--:-- --:--:--     0100  2897    0     0  100  2897      0  13391 --:--:-- --:--:-- --:--:-- 13412100  2897    0     0  100  2897      0   2380  0:00:01  0:00:01 --:--:--  2380100  2897    0     0  100  2897      0   1304  0:00:02  0:00:02 --:--:--  1304100  2897    0     0  100  2897      0    898  0:00:03  0:00:03 --:--:--   898100  3006  100   109  100  2897     26    698  0:00:04  0:00:04 --:--:--   724100  3006  100   109  100  2897     26    698  0:00:04  0:00:04 --:--:--    27
[2024-10-25T07:16:13.384+0000] {subprocess.py:93} INFO - {"status":"Successfully ingested file into table: account_dim_OFFLINE as segment: account_dim_1729840570185"}
[2024-10-25T07:16:13.399+0000] {subprocess.py:97} INFO - Command exited with return code 0
[2024-10-25T07:16:13.581+0000] {taskinstance.py:340} INFO - ::group::Post task execution logs
[2024-10-25T07:16:13.583+0000] {taskinstance.py:352} INFO - Marking task as SUCCESS. dag_id=dimension_batch_ingestion, task_id=ingest_account_data, run_id=scheduled__2024-10-21T00:00:00+00:00, execution_date=20241021T000000, start_date=20241025T071607, end_date=20241025T071613
[2024-10-25T07:16:13.633+0000] {logging_mixin.py:190} INFO - Task instance in success state
[2024-10-25T07:16:13.635+0000] {logging_mixin.py:190} INFO -  Previous state of the Task instance: running
[2024-10-25T07:16:13.637+0000] {logging_mixin.py:190} INFO - Dag name:dimension_batch_ingestion queued_at:2024-10-25 07:14:40.161673+00:00
[2024-10-25T07:16:13.639+0000] {logging_mixin.py:190} INFO - Task hostname:d993b9f280d5 operator:BashOperator
[2024-10-25T07:16:13.714+0000] {local_task_job_runner.py:266} INFO - Task exited with return code 0
[2024-10-25T07:16:13.807+0000] {taskinstance.py:3900} INFO - 0 downstream tasks scheduled from follow-on schedule check
[2024-10-25T07:16:13.816+0000] {local_task_job_runner.py:245} INFO - ::endgroup::
