[2024-10-25T07:16:12.225+0000] {local_task_job_runner.py:123} INFO - ::group::Pre task execution logs
[2024-10-25T07:16:12.353+0000] {taskinstance.py:2612} INFO - Dependencies all met for dep_context=non-requeueable deps ti=<TaskInstance: customer_dim_generator.generate_customer_dim_data scheduled__2024-10-24T00:00:00+00:00 [queued]>
[2024-10-25T07:16:12.411+0000] {taskinstance.py:2612} INFO - Dependencies all met for dep_context=requeueable deps ti=<TaskInstance: customer_dim_generator.generate_customer_dim_data scheduled__2024-10-24T00:00:00+00:00 [queued]>
[2024-10-25T07:16:12.414+0000] {taskinstance.py:2865} INFO - Starting attempt 1 of 1
[2024-10-25T07:16:12.479+0000] {taskinstance.py:2888} INFO - Executing <Task(PythonOperator): generate_customer_dim_data> on 2024-10-24 00:00:00+00:00
[2024-10-25T07:16:12.504+0000] {warnings.py:112} WARNING - /home/***/.local/lib/python3.12/site-packages/***/task/task_runner/standard_task_runner.py:70: DeprecationWarning: This process (pid=173) is multi-threaded, use of fork() may lead to deadlocks in the child.
  pid = os.fork()

[2024-10-25T07:16:12.510+0000] {standard_task_runner.py:72} INFO - Started process 197 to run task
[2024-10-25T07:16:12.514+0000] {standard_task_runner.py:104} INFO - Running: ['***', 'tasks', 'run', 'customer_dim_generator', 'generate_customer_dim_data', 'scheduled__2024-10-24T00:00:00+00:00', '--job-id', '217', '--raw', '--subdir', 'DAGS_FOLDER/customer_dim_generator.py', '--cfg-path', '/tmp/tmp4f3egdht']
[2024-10-25T07:16:12.517+0000] {standard_task_runner.py:105} INFO - Job 217: Subtask generate_customer_dim_data
[2024-10-25T07:16:12.703+0000] {task_command.py:467} INFO - Running <TaskInstance: customer_dim_generator.generate_customer_dim_data scheduled__2024-10-24T00:00:00+00:00 [running]> on host d993b9f280d5
[2024-10-25T07:16:13.214+0000] {taskinstance.py:3131} INFO - Exporting env vars: AIRFLOW_CTX_DAG_OWNER='saisunny' AIRFLOW_CTX_DAG_ID='customer_dim_generator' AIRFLOW_CTX_TASK_ID='generate_customer_dim_data' AIRFLOW_CTX_EXECUTION_DATE='2024-10-24T00:00:00+00:00' AIRFLOW_CTX_TRY_NUMBER='1' AIRFLOW_CTX_DAG_RUN_ID='scheduled__2024-10-24T00:00:00+00:00'
[2024-10-25T07:16:13.226+0000] {logging_mixin.py:190} INFO - Task instance is in running state
[2024-10-25T07:16:13.234+0000] {logging_mixin.py:190} INFO -  Previous state of the Task instance: queued
[2024-10-25T07:16:13.239+0000] {logging_mixin.py:190} INFO - Current task name:generate_customer_dim_data state:running start_date:2024-10-25 07:16:12.369756+00:00
[2024-10-25T07:16:13.240+0000] {logging_mixin.py:190} INFO - Dag name:customer_dim_generator and current dag run status:running
[2024-10-25T07:16:13.241+0000] {taskinstance.py:731} INFO - ::endgroup::
[2024-10-25T07:16:13.329+0000] {logging_mixin.py:190} INFO - CSV file ./customer_dim_large_data.csv with 100 rows has been generated successfully!
[2024-10-25T07:16:13.331+0000] {python.py:240} INFO - Done. Returned value was: None
[2024-10-25T07:16:13.395+0000] {taskinstance.py:340} INFO - ::group::Post task execution logs
[2024-10-25T07:16:13.408+0000] {taskinstance.py:352} INFO - Marking task as SUCCESS. dag_id=customer_dim_generator, task_id=generate_customer_dim_data, run_id=scheduled__2024-10-24T00:00:00+00:00, execution_date=20241024T000000, start_date=20241025T071612, end_date=20241025T071613
[2024-10-25T07:16:13.538+0000] {logging_mixin.py:190} INFO - Task instance in success state
[2024-10-25T07:16:13.564+0000] {logging_mixin.py:190} INFO -  Previous state of the Task instance: running
[2024-10-25T07:16:13.574+0000] {logging_mixin.py:190} INFO - Dag name:customer_dim_generator queued_at:2024-10-25 07:14:57.265199+00:00
[2024-10-25T07:16:13.576+0000] {logging_mixin.py:190} INFO - Task hostname:d993b9f280d5 operator:PythonOperator
[2024-10-25T07:16:13.614+0000] {local_task_job_runner.py:266} INFO - Task exited with return code 0
[2024-10-25T07:16:13.730+0000] {taskinstance.py:3900} INFO - 0 downstream tasks scheduled from follow-on schedule check
[2024-10-25T07:16:13.743+0000] {local_task_job_runner.py:245} INFO - ::endgroup::
