[2024-10-21T20:59:43.104+0000] {local_task_job_runner.py:123} INFO - ::group::Pre task execution logs
[2024-10-21T20:59:43.127+0000] {taskinstance.py:2612} INFO - Dependencies all met for dep_context=non-requeueable deps ti=<TaskInstance: transaction_facts_generator.generate_txn_fact_data manual__2024-10-21T20:59:37.906315+00:00 [queued]>
[2024-10-21T20:59:43.140+0000] {taskinstance.py:2612} INFO - Dependencies all met for dep_context=requeueable deps ti=<TaskInstance: transaction_facts_generator.generate_txn_fact_data manual__2024-10-21T20:59:37.906315+00:00 [queued]>
[2024-10-21T20:59:43.141+0000] {taskinstance.py:2865} INFO - Starting attempt 1 of 1
[2024-10-21T20:59:43.159+0000] {taskinstance.py:2888} INFO - Executing <Task(KafkaProduceOperator): generate_txn_fact_data> on 2024-10-21 20:59:37.906315+00:00
[2024-10-21T20:59:43.182+0000] {standard_task_runner.py:104} INFO - Running: ['***', 'tasks', 'run', 'transaction_facts_generator', 'generate_txn_fact_data', 'manual__2024-10-21T20:59:37.906315+00:00', '--job-id', '201', '--raw', '--subdir', 'DAGS_FOLDER/transaction_facts_generator.py', '--cfg-path', '/tmp/tmpx7m1pf1n']
[2024-10-21T20:59:43.178+0000] {warnings.py:112} WARNING - /home/***/.local/lib/python3.12/site-packages/***/task/task_runner/standard_task_runner.py:70: DeprecationWarning: This process (pid=638) is multi-threaded, use of fork() may lead to deadlocks in the child.
  pid = os.fork()

[2024-10-21T20:59:43.185+0000] {standard_task_runner.py:105} INFO - Job 201: Subtask generate_txn_fact_data
[2024-10-21T20:59:43.186+0000] {standard_task_runner.py:72} INFO - Started process 640 to run task
[2024-10-21T20:59:43.255+0000] {task_command.py:467} INFO - Running <TaskInstance: transaction_facts_generator.generate_txn_fact_data manual__2024-10-21T20:59:37.906315+00:00 [running]> on host d993b9f280d5
[2024-10-21T20:59:43.350+0000] {taskinstance.py:3131} INFO - Exporting env vars: AIRFLOW_CTX_DAG_OWNER='saisunny' AIRFLOW_CTX_DAG_ID='transaction_facts_generator' AIRFLOW_CTX_TASK_ID='generate_txn_fact_data' AIRFLOW_CTX_EXECUTION_DATE='2024-10-21T20:59:37.906315+00:00' AIRFLOW_CTX_TRY_NUMBER='1' AIRFLOW_CTX_DAG_RUN_ID='manual__2024-10-21T20:59:37.906315+00:00'
[2024-10-21T20:59:43.352+0000] {logging_mixin.py:190} INFO - Task instance is in running state
[2024-10-21T20:59:43.353+0000] {logging_mixin.py:190} INFO -  Previous state of the Task instance: queued
[2024-10-21T20:59:43.354+0000] {logging_mixin.py:190} INFO - Current task name:generate_txn_fact_data state:running start_date:2024-10-21 20:59:43.127776+00:00
[2024-10-21T20:59:43.354+0000] {logging_mixin.py:190} INFO - Dag name:transaction_facts_generator and current dag run status:running
[2024-10-21T20:59:43.355+0000] {taskinstance.py:731} INFO - ::endgroup::
[2024-10-21T20:59:43.358+0000] {conn.py:362} INFO - <BrokerConnection node_id=bootstrap-0 host=kafka_broker:9092 <connecting> [IPv4 ('172.19.0.5', 9092)]>: connecting to kafka_broker:9092 [('172.19.0.5', 9092) IPv4]
[2024-10-21T20:59:43.359+0000] {conn.py:957} INFO - Probing node bootstrap-0 broker version
[2024-10-21T20:59:43.361+0000] {conn.py:393} INFO - <BrokerConnection node_id=bootstrap-0 host=kafka_broker:9092 <connecting> [IPv4 ('172.19.0.5', 9092)]>: Connection complete.
[2024-10-21T20:59:43.475+0000] {conn.py:1019} INFO - Broker version identified as 2.5.0
[2024-10-21T20:59:43.476+0000] {conn.py:1020} INFO - Set configuration api_version=(2, 5, 0) to skip auto check_version requests on startup
[2024-10-21T20:59:43.483+0000] {kafka_operator.py:62} INFO - Produced row: {'transaction_id': 'T000000', 'transaction_type': 'Deposit', 'currency': 'GBP', 'branch_id': 'B00040', 'transaction_date': 1705870783481, 'transaction_amount': 1325.84, 'exchange_rate': 1.4469, 'customer_id': 'C00098', 'account_id': 'A00014'} of 0
[2024-10-21T20:59:43.485+0000] {kafka_operator.py:62} INFO - Produced row: {'transaction_id': 'T000001', 'transaction_type': 'Deposit', 'currency': 'INR', 'branch_id': 'B00078', 'transaction_date': 1698526783484, 'transaction_amount': 8582.6, 'exchange_rate': 0.7921, 'customer_id': 'C00025', 'account_id': 'A00040'} of 1
[2024-10-21T20:59:43.485+0000] {conn.py:362} INFO - <BrokerConnection node_id=0 host=kafka_broker:9092 <connecting> [IPv4 ('172.19.0.5', 9092)]>: connecting to kafka_broker:9092 [('172.19.0.5', 9092) IPv4]
[2024-10-21T20:59:43.486+0000] {kafka_operator.py:62} INFO - Produced row: {'transaction_id': 'T000002', 'transaction_type': 'Transfer', 'currency': 'EUR', 'branch_id': 'B00056', 'transaction_date': 1729544383486, 'transaction_amount': 6625.26, 'exchange_rate': 1.3295, 'customer_id': 'C00005', 'account_id': 'A00010'} of 2
[2024-10-21T20:59:43.487+0000] {conn.py:393} INFO - <BrokerConnection node_id=0 host=kafka_broker:9092 <connecting> [IPv4 ('172.19.0.5', 9092)]>: Connection complete.
[2024-10-21T20:59:43.488+0000] {kafka_operator.py:62} INFO - Produced row: {'transaction_id': 'T000003', 'transaction_type': 'Debit', 'currency': 'GBP', 'branch_id': 'B00047', 'transaction_date': 1728939583487, 'transaction_amount': 2854.23, 'exchange_rate': 0.6125, 'customer_id': 'C00009', 'account_id': 'A00094'} of 3
[2024-10-21T20:59:43.488+0000] {conn.py:673} INFO - <BrokerConnection node_id=bootstrap-0 host=kafka_broker:9092 <connected> [IPv4 ('172.19.0.5', 9092)]>: Closing connection. 
[2024-10-21T20:59:43.489+0000] {kafka_operator.py:62} INFO - Produced row: {'transaction_id': 'T000004', 'transaction_type': 'Deposit', 'currency': 'USD', 'branch_id': 'B00042', 'transaction_date': 1719608383489, 'transaction_amount': 711.94, 'exchange_rate': 0.8294, 'customer_id': 'C00066', 'account_id': 'A00025'} of 4
[2024-10-21T20:59:43.493+0000] {kafka_operator.py:62} INFO - Produced row: {'transaction_id': 'T000005', 'transaction_type': 'Transfer', 'currency': 'USD', 'branch_id': 'B00045', 'transaction_date': 1726865983493, 'transaction_amount': 2223.14, 'exchange_rate': 0.8204, 'customer_id': 'C00054', 'account_id': 'A00050'} of 5
[2024-10-21T20:59:43.495+0000] {kafka_operator.py:62} INFO - Produced row: {'transaction_id': 'T000006', 'transaction_type': 'Debit', 'currency': 'INR', 'branch_id': 'B00076', 'transaction_date': 1726693183495, 'transaction_amount': 1402.65, 'exchange_rate': 0.8584, 'customer_id': 'C00005', 'account_id': 'A00012'} of 6
[2024-10-21T20:59:43.496+0000] {kafka_operator.py:62} INFO - Produced row: {'transaction_id': 'T000007', 'transaction_type': 'Deposit', 'currency': 'INR', 'branch_id': 'B00042', 'transaction_date': 1710536383496, 'transaction_amount': 2791.44, 'exchange_rate': 1.2381, 'customer_id': 'C00019', 'account_id': 'A00082'} of 7
[2024-10-21T20:59:43.497+0000] {kafka_operator.py:62} INFO - Produced row: {'transaction_id': 'T000008', 'transaction_type': 'Deposit', 'currency': 'GBP', 'branch_id': 'B00001', 'transaction_date': 1702241983497, 'transaction_amount': 247.58, 'exchange_rate': 0.741, 'customer_id': 'C00063', 'account_id': 'A00007'} of 8
[2024-10-21T20:59:43.498+0000] {kafka_operator.py:62} INFO - Produced row: {'transaction_id': 'T000009', 'transaction_type': 'Deposit', 'currency': 'GBP', 'branch_id': 'B00034', 'transaction_date': 1701896383498, 'transaction_amount': 5882.26, 'exchange_rate': 1.2851, 'customer_id': 'C00027', 'account_id': 'A00003'} of 9
[2024-10-21T20:59:43.499+0000] {kafka_operator.py:62} INFO - Produced row: {'transaction_id': 'T000010', 'transaction_type': 'Deposit', 'currency': 'USD', 'branch_id': 'B00069', 'transaction_date': 1700600383499, 'transaction_amount': 7391.36, 'exchange_rate': 1.1358, 'customer_id': 'C00035', 'account_id': 'A00091'} of 10
[2024-10-21T20:59:43.500+0000] {kafka_operator.py:62} INFO - Produced row: {'transaction_id': 'T000011', 'transaction_type': 'Debit', 'currency': 'USD', 'branch_id': 'B00030', 'transaction_date': 1706302783500, 'transaction_amount': 2205.39, 'exchange_rate': 0.6389, 'customer_id': 'C00056', 'account_id': 'A00055'} of 11
[2024-10-21T20:59:43.501+0000] {kafka_operator.py:62} INFO - Produced row: {'transaction_id': 'T000012', 'transaction_type': 'Transfer', 'currency': 'GBP', 'branch_id': 'B00046', 'transaction_date': 1701550783501, 'transaction_amount': 5729.99, 'exchange_rate': 1.1142, 'customer_id': 'C00025', 'account_id': 'A00005'} of 12
[2024-10-21T20:59:43.502+0000] {kafka_operator.py:62} INFO - Produced row: {'transaction_id': 'T000013', 'transaction_type': 'Credit', 'currency': 'GBP', 'branch_id': 'B00077', 'transaction_date': 1729544383502, 'transaction_amount': 6267.47, 'exchange_rate': 0.9119, 'customer_id': 'C00055', 'account_id': 'A00098'} of 13
[2024-10-21T20:59:43.504+0000] {kafka_operator.py:62} INFO - Produced row: {'transaction_id': 'T000014', 'transaction_type': 'Deposit', 'currency': 'GBP', 'branch_id': 'B00098', 'transaction_date': 1698267583503, 'transaction_amount': 6369.69, 'exchange_rate': 1.4858, 'customer_id': 'C00033', 'account_id': 'A00020'} of 14
[2024-10-21T20:59:43.504+0000] {kafka_operator.py:62} INFO - Produced row: {'transaction_id': 'T000015', 'transaction_type': 'Debit', 'currency': 'USD', 'branch_id': 'B00077', 'transaction_date': 1720904383504, 'transaction_amount': 4108.58, 'exchange_rate': 1.1913, 'customer_id': 'C00031', 'account_id': 'A00033'} of 15
[2024-10-21T20:59:43.505+0000] {kafka_operator.py:62} INFO - Produced row: {'transaction_id': 'T000016', 'transaction_type': 'Transfer', 'currency': 'USD', 'branch_id': 'B00098', 'transaction_date': 1720385983505, 'transaction_amount': 3151.06, 'exchange_rate': 1.21, 'customer_id': 'C00037', 'account_id': 'A00077'} of 16
[2024-10-21T20:59:43.507+0000] {kafka_operator.py:62} INFO - Produced row: {'transaction_id': 'T000017', 'transaction_type': 'Debit', 'currency': 'EUR', 'branch_id': 'B00094', 'transaction_date': 1723237183507, 'transaction_amount': 3494.41, 'exchange_rate': 0.8676, 'customer_id': 'C00067', 'account_id': 'A00057'} of 17
[2024-10-21T20:59:43.508+0000] {kafka_operator.py:62} INFO - Produced row: {'transaction_id': 'T000018', 'transaction_type': 'Transfer', 'currency': 'INR', 'branch_id': 'B00013', 'transaction_date': 1708289983508, 'transaction_amount': 5288.29, 'exchange_rate': 1.0362, 'customer_id': 'C00062', 'account_id': 'A00085'} of 18
[2024-10-21T20:59:43.509+0000] {kafka_operator.py:62} INFO - Produced row: {'transaction_id': 'T000019', 'transaction_type': 'Withdrawal', 'currency': 'EUR', 'branch_id': 'B00049', 'transaction_date': 1716411583509, 'transaction_amount': 1961.47, 'exchange_rate': 0.5818, 'customer_id': 'C00085', 'account_id': 'A00043'} of 19
[2024-10-21T20:59:43.510+0000] {kafka_operator.py:62} INFO - Produced row: {'transaction_id': 'T000020', 'transaction_type': 'Transfer', 'currency': 'EUR', 'branch_id': 'B00072', 'transaction_date': 1726261183509, 'transaction_amount': 6902.38, 'exchange_rate': 1.373, 'customer_id': 'C00022', 'account_id': 'A00065'} of 20
[2024-10-21T20:59:43.510+0000] {kafka_operator.py:62} INFO - Produced row: {'transaction_id': 'T000021', 'transaction_type': 'Credit', 'currency': 'INR', 'branch_id': 'B00087', 'transaction_date': 1716757183510, 'transaction_amount': 5903.91, 'exchange_rate': 0.8908, 'customer_id': 'C00008', 'account_id': 'A00025'} of 21
[2024-10-21T20:59:43.511+0000] {kafka_operator.py:62} INFO - Produced row: {'transaction_id': 'T000022', 'transaction_type': 'Credit', 'currency': 'INR', 'branch_id': 'B00099', 'transaction_date': 1718657983511, 'transaction_amount': 7177.14, 'exchange_rate': 0.7718, 'customer_id': 'C00083', 'account_id': 'A00056'} of 22
[2024-10-21T20:59:43.512+0000] {kafka_operator.py:62} INFO - Produced row: {'transaction_id': 'T000023', 'transaction_type': 'Debit', 'currency': 'USD', 'branch_id': 'B00043', 'transaction_date': 1712005183512, 'transaction_amount': 2268.3, 'exchange_rate': 0.9144, 'customer_id': 'C00091', 'account_id': 'A00082'} of 23
[2024-10-21T20:59:43.513+0000] {kafka_operator.py:62} INFO - Produced row: {'transaction_id': 'T000024', 'transaction_type': 'Withdrawal', 'currency': 'INR', 'branch_id': 'B00070', 'transaction_date': 1709585983513, 'transaction_amount': 7471.06, 'exchange_rate': 0.703, 'customer_id': 'C00099', 'account_id': 'A00099'} of 24
[2024-10-21T20:59:43.514+0000] {kafka_operator.py:62} INFO - Produced row: {'transaction_id': 'T000025', 'transaction_type': 'Credit', 'currency': 'EUR', 'branch_id': 'B00086', 'transaction_date': 1705697983514, 'transaction_amount': 4485.04, 'exchange_rate': 1.1551, 'customer_id': 'C00081', 'account_id': 'A00095'} of 25
[2024-10-21T20:59:43.515+0000] {kafka_operator.py:62} INFO - Produced row: {'transaction_id': 'T000026', 'transaction_type': 'Transfer', 'currency': 'GBP', 'branch_id': 'B00064', 'transaction_date': 1712523583515, 'transaction_amount': 1127.36, 'exchange_rate': 1.094, 'customer_id': 'C00090', 'account_id': 'A00087'} of 26
[2024-10-21T20:59:43.517+0000] {kafka_operator.py:62} INFO - Produced row: {'transaction_id': 'T000027', 'transaction_type': 'Transfer', 'currency': 'GBP', 'branch_id': 'B00096', 'transaction_date': 1726520383517, 'transaction_amount': 4598.27, 'exchange_rate': 1.4633, 'customer_id': 'C00058', 'account_id': 'A00050'} of 27
[2024-10-21T20:59:43.518+0000] {kafka_operator.py:62} INFO - Produced row: {'transaction_id': 'T000028', 'transaction_type': 'Credit', 'currency': 'EUR', 'branch_id': 'B00032', 'transaction_date': 1715461183518, 'transaction_amount': 8696.18, 'exchange_rate': 0.5885, 'customer_id': 'C00057', 'account_id': 'A00088'} of 28
[2024-10-21T20:59:43.519+0000] {kafka_operator.py:62} INFO - Produced row: {'transaction_id': 'T000029', 'transaction_type': 'Withdrawal', 'currency': 'USD', 'branch_id': 'B00090', 'transaction_date': 1703278783519, 'transaction_amount': 6234.18, 'exchange_rate': 0.6375, 'customer_id': 'C00054', 'account_id': 'A00072'} of 29
[2024-10-21T20:59:43.521+0000] {kafka_operator.py:62} INFO - Produced row: {'transaction_id': 'T000030', 'transaction_type': 'Credit', 'currency': 'USD', 'branch_id': 'B00045', 'transaction_date': 1720299583521, 'transaction_amount': 6025.27, 'exchange_rate': 0.5125, 'customer_id': 'C00017', 'account_id': 'A00069'} of 30
[2024-10-21T20:59:43.522+0000] {kafka_operator.py:62} INFO - Produced row: {'transaction_id': 'T000031', 'transaction_type': 'Credit', 'currency': 'EUR', 'branch_id': 'B00021', 'transaction_date': 1714942783522, 'transaction_amount': 1201.04, 'exchange_rate': 1.4966, 'customer_id': 'C00007', 'account_id': 'A00094'} of 31
[2024-10-21T20:59:43.523+0000] {kafka_operator.py:62} INFO - Produced row: {'transaction_id': 'T000032', 'transaction_type': 'Transfer', 'currency': 'INR', 'branch_id': 'B00010', 'transaction_date': 1702501183523, 'transaction_amount': 4959.08, 'exchange_rate': 1.3956, 'customer_id': 'C00093', 'account_id': 'A00098'} of 32
[2024-10-21T20:59:43.524+0000] {kafka_operator.py:62} INFO - Produced row: {'transaction_id': 'T000033', 'transaction_type': 'Withdrawal', 'currency': 'EUR', 'branch_id': 'B00073', 'transaction_date': 1726001983524, 'transaction_amount': 2759.36, 'exchange_rate': 0.6636, 'customer_id': 'C00038', 'account_id': 'A00029'} of 33
[2024-10-21T20:59:43.525+0000] {kafka_operator.py:62} INFO - Produced row: {'transaction_id': 'T000034', 'transaction_type': 'Withdrawal', 'currency': 'EUR', 'branch_id': 'B00016', 'transaction_date': 1711918783525, 'transaction_amount': 7583.3, 'exchange_rate': 1.4627, 'customer_id': 'C00002', 'account_id': 'A00083'} of 34
[2024-10-21T20:59:43.526+0000] {kafka_operator.py:62} INFO - Produced row: {'transaction_id': 'T000035', 'transaction_type': 'Withdrawal', 'currency': 'INR', 'branch_id': 'B00080', 'transaction_date': 1719521983526, 'transaction_amount': 4338.04, 'exchange_rate': 1.461, 'customer_id': 'C00054', 'account_id': 'A00085'} of 35
[2024-10-21T20:59:43.527+0000] {kafka_operator.py:62} INFO - Produced row: {'transaction_id': 'T000036', 'transaction_type': 'Withdrawal', 'currency': 'USD', 'branch_id': 'B00008', 'transaction_date': 1700341183527, 'transaction_amount': 8529.35, 'exchange_rate': 0.6939, 'customer_id': 'C00004', 'account_id': 'A00035'} of 36
[2024-10-21T20:59:43.528+0000] {kafka_operator.py:62} INFO - Produced row: {'transaction_id': 'T000037', 'transaction_type': 'Credit', 'currency': 'GBP', 'branch_id': 'B00099', 'transaction_date': 1724360383528, 'transaction_amount': 5258.03, 'exchange_rate': 1.1351, 'customer_id': 'C00034', 'account_id': 'A00031'} of 37
[2024-10-21T20:59:43.529+0000] {kafka_operator.py:62} INFO - Produced row: {'transaction_id': 'T000038', 'transaction_type': 'Deposit', 'currency': 'INR', 'branch_id': 'B00095', 'transaction_date': 1722373183529, 'transaction_amount': 703.35, 'exchange_rate': 1.07, 'customer_id': 'C00089', 'account_id': 'A00020'} of 38
[2024-10-21T20:59:43.529+0000] {kafka_operator.py:62} INFO - Produced row: {'transaction_id': 'T000039', 'transaction_type': 'Deposit', 'currency': 'EUR', 'branch_id': 'B00077', 'transaction_date': 1717621183529, 'transaction_amount': 7022.24, 'exchange_rate': 1.2662, 'customer_id': 'C00053', 'account_id': 'A00010'} of 39
[2024-10-21T20:59:43.530+0000] {kafka_operator.py:62} INFO - Produced row: {'transaction_id': 'T000040', 'transaction_type': 'Deposit', 'currency': 'USD', 'branch_id': 'B00040', 'transaction_date': 1698181183530, 'transaction_amount': 6498.83, 'exchange_rate': 0.9979, 'customer_id': 'C00098', 'account_id': 'A00041'} of 40
[2024-10-21T20:59:43.531+0000] {kafka_operator.py:62} INFO - Produced row: {'transaction_id': 'T000041', 'transaction_type': 'Withdrawal', 'currency': 'EUR', 'branch_id': 'B00051', 'transaction_date': 1705870783531, 'transaction_amount': 7144.08, 'exchange_rate': 0.8522, 'customer_id': 'C00071', 'account_id': 'A00021'} of 41
[2024-10-21T20:59:43.533+0000] {kafka_operator.py:62} INFO - Produced row: {'transaction_id': 'T000042', 'transaction_type': 'Debit', 'currency': 'EUR', 'branch_id': 'B00098', 'transaction_date': 1719262783532, 'transaction_amount': 3606.51, 'exchange_rate': 0.9511, 'customer_id': 'C00096', 'account_id': 'A00097'} of 42
[2024-10-21T20:59:43.534+0000] {kafka_operator.py:62} INFO - Produced row: {'transaction_id': 'T000043', 'transaction_type': 'Deposit', 'currency': 'USD', 'branch_id': 'B00055', 'transaction_date': 1712437183533, 'transaction_amount': 9853.2, 'exchange_rate': 1.0012, 'customer_id': 'C00087', 'account_id': 'A00060'} of 43
[2024-10-21T20:59:43.535+0000] {kafka_operator.py:62} INFO - Produced row: {'transaction_id': 'T000044', 'transaction_type': 'Debit', 'currency': 'EUR', 'branch_id': 'B00041', 'transaction_date': 1726693183534, 'transaction_amount': 4535.92, 'exchange_rate': 1.2824, 'customer_id': 'C00010', 'account_id': 'A00012'} of 44
[2024-10-21T20:59:43.536+0000] {kafka_operator.py:62} INFO - Produced row: {'transaction_id': 'T000045', 'transaction_type': 'Debit', 'currency': 'EUR', 'branch_id': 'B00087', 'transaction_date': 1716325183536, 'transaction_amount': 2773.84, 'exchange_rate': 0.9364, 'customer_id': 'C00039', 'account_id': 'A00043'} of 45
[2024-10-21T20:59:43.537+0000] {kafka_operator.py:62} INFO - Produced row: {'transaction_id': 'T000046', 'transaction_type': 'Transfer', 'currency': 'GBP', 'branch_id': 'B00030', 'transaction_date': 1702241983537, 'transaction_amount': 6588.95, 'exchange_rate': 0.7586, 'customer_id': 'C00062', 'account_id': 'A00001'} of 46
[2024-10-21T20:59:43.538+0000] {kafka_operator.py:62} INFO - Produced row: {'transaction_id': 'T000047', 'transaction_type': 'Deposit', 'currency': 'EUR', 'branch_id': 'B00001', 'transaction_date': 1704747583538, 'transaction_amount': 8602.09, 'exchange_rate': 0.7673, 'customer_id': 'C00001', 'account_id': 'A00065'} of 47
[2024-10-21T20:59:43.539+0000] {kafka_operator.py:62} INFO - Produced row: {'transaction_id': 'T000048', 'transaction_type': 'Deposit', 'currency': 'EUR', 'branch_id': 'B00029', 'transaction_date': 1716929983539, 'transaction_amount': 5279.22, 'exchange_rate': 0.7165, 'customer_id': 'C00057', 'account_id': 'A00100'} of 48
[2024-10-21T20:59:43.540+0000] {kafka_operator.py:62} INFO - Produced row: {'transaction_id': 'T000049', 'transaction_type': 'Debit', 'currency': 'USD', 'branch_id': 'B00075', 'transaction_date': 1721854783540, 'transaction_amount': 7179.12, 'exchange_rate': 1.3516, 'customer_id': 'C00045', 'account_id': 'A00093'} of 49
[2024-10-21T20:59:43.541+0000] {kafka_operator.py:62} INFO - Produced row: {'transaction_id': 'T000050', 'transaction_type': 'Debit', 'currency': 'EUR', 'branch_id': 'B00069', 'transaction_date': 1712696383541, 'transaction_amount': 6776.03, 'exchange_rate': 0.8225, 'customer_id': 'C00033', 'account_id': 'A00036'} of 50
[2024-10-21T20:59:43.542+0000] {kafka_operator.py:62} INFO - Produced row: {'transaction_id': 'T000051', 'transaction_type': 'Debit', 'currency': 'EUR', 'branch_id': 'B00029', 'transaction_date': 1711400383542, 'transaction_amount': 8279.66, 'exchange_rate': 0.6902, 'customer_id': 'C00081', 'account_id': 'A00008'} of 51
[2024-10-21T20:59:43.543+0000] {kafka_operator.py:62} INFO - Produced row: {'transaction_id': 'T000052', 'transaction_type': 'Debit', 'currency': 'USD', 'branch_id': 'B00057', 'transaction_date': 1700945983543, 'transaction_amount': 4875.69, 'exchange_rate': 1.4318, 'customer_id': 'C00022', 'account_id': 'A00023'} of 52
[2024-10-21T20:59:43.544+0000] {kafka_operator.py:62} INFO - Produced row: {'transaction_id': 'T000053', 'transaction_type': 'Debit', 'currency': 'INR', 'branch_id': 'B00056', 'transaction_date': 1717275583544, 'transaction_amount': 3346.13, 'exchange_rate': 0.8682, 'customer_id': 'C00089', 'account_id': 'A00092'} of 53
[2024-10-21T20:59:43.545+0000] {kafka_operator.py:62} INFO - Produced row: {'transaction_id': 'T000054', 'transaction_type': 'Credit', 'currency': 'EUR', 'branch_id': 'B00061', 'transaction_date': 1719867583545, 'transaction_amount': 6291.08, 'exchange_rate': 0.9403, 'customer_id': 'C00024', 'account_id': 'A00090'} of 54
[2024-10-21T20:59:43.547+0000] {kafka_operator.py:62} INFO - Produced row: {'transaction_id': 'T000055', 'transaction_type': 'Deposit', 'currency': 'USD', 'branch_id': 'B00054', 'transaction_date': 1719349183546, 'transaction_amount': 9169.31, 'exchange_rate': 0.8188, 'customer_id': 'C00082', 'account_id': 'A00069'} of 55
[2024-10-21T20:59:43.549+0000] {kafka_operator.py:62} INFO - Produced row: {'transaction_id': 'T000056', 'transaction_type': 'Deposit', 'currency': 'GBP', 'branch_id': 'B00097', 'transaction_date': 1725829183549, 'transaction_amount': 3795.7, 'exchange_rate': 0.7118, 'customer_id': 'C00100', 'account_id': 'A00059'} of 56
[2024-10-21T20:59:43.550+0000] {kafka_operator.py:62} INFO - Produced row: {'transaction_id': 'T000057', 'transaction_type': 'Deposit', 'currency': 'GBP', 'branch_id': 'B00049', 'transaction_date': 1701032383550, 'transaction_amount': 5902.48, 'exchange_rate': 1.1236, 'customer_id': 'C00006', 'account_id': 'A00075'} of 57
[2024-10-21T20:59:43.551+0000] {kafka_operator.py:62} INFO - Produced row: {'transaction_id': 'T000058', 'transaction_type': 'Deposit', 'currency': 'USD', 'branch_id': 'B00026', 'transaction_date': 1727816383551, 'transaction_amount': 9436.72, 'exchange_rate': 1.4913, 'customer_id': 'C00078', 'account_id': 'A00006'} of 58
[2024-10-21T20:59:43.552+0000] {kafka_operator.py:62} INFO - Produced row: {'transaction_id': 'T000059', 'transaction_type': 'Deposit', 'currency': 'INR', 'branch_id': 'B00086', 'transaction_date': 1714337983552, 'transaction_amount': 4070.56, 'exchange_rate': 0.8357, 'customer_id': 'C00052', 'account_id': 'A00003'} of 59
[2024-10-21T20:59:43.553+0000] {kafka_operator.py:62} INFO - Produced row: {'transaction_id': 'T000060', 'transaction_type': 'Credit', 'currency': 'USD', 'branch_id': 'B00008', 'transaction_date': 1720213183553, 'transaction_amount': 7426.36, 'exchange_rate': 1.4867, 'customer_id': 'C00092', 'account_id': 'A00032'} of 60
[2024-10-21T20:59:43.555+0000] {kafka_operator.py:62} INFO - Produced row: {'transaction_id': 'T000061', 'transaction_type': 'Withdrawal', 'currency': 'EUR', 'branch_id': 'B00040', 'transaction_date': 1724619583554, 'transaction_amount': 5086.81, 'exchange_rate': 0.8128, 'customer_id': 'C00081', 'account_id': 'A00096'} of 61
[2024-10-21T20:59:43.556+0000] {kafka_operator.py:62} INFO - Produced row: {'transaction_id': 'T000062', 'transaction_type': 'Debit', 'currency': 'EUR', 'branch_id': 'B00033', 'transaction_date': 1710363583556, 'transaction_amount': 2306.17, 'exchange_rate': 0.6672, 'customer_id': 'C00083', 'account_id': 'A00051'} of 62
[2024-10-21T20:59:43.557+0000] {kafka_operator.py:62} INFO - Produced row: {'transaction_id': 'T000063', 'transaction_type': 'Credit', 'currency': 'INR', 'branch_id': 'B00081', 'transaction_date': 1703365183557, 'transaction_amount': 8712.6, 'exchange_rate': 1.1515, 'customer_id': 'C00097', 'account_id': 'A00081'} of 63
[2024-10-21T20:59:43.563+0000] {kafka_operator.py:62} INFO - Produced row: {'transaction_id': 'T000064', 'transaction_type': 'Transfer', 'currency': 'EUR', 'branch_id': 'B00080', 'transaction_date': 1724619583563, 'transaction_amount': 2538.42, 'exchange_rate': 0.7435, 'customer_id': 'C00044', 'account_id': 'A00015'} of 64
[2024-10-21T20:59:43.567+0000] {kafka_operator.py:62} INFO - Produced row: {'transaction_id': 'T000065', 'transaction_type': 'Transfer', 'currency': 'INR', 'branch_id': 'B00006', 'transaction_date': 1699045183566, 'transaction_amount': 9991.92, 'exchange_rate': 0.576, 'customer_id': 'C00017', 'account_id': 'A00087'} of 65
[2024-10-21T20:59:43.569+0000] {kafka_operator.py:62} INFO - Produced row: {'transaction_id': 'T000066', 'transaction_type': 'Debit', 'currency': 'EUR', 'branch_id': 'B00025', 'transaction_date': 1699909183569, 'transaction_amount': 759.74, 'exchange_rate': 1.1495, 'customer_id': 'C00005', 'account_id': 'A00046'} of 66
[2024-10-21T20:59:43.571+0000] {kafka_operator.py:62} INFO - Produced row: {'transaction_id': 'T000067', 'transaction_type': 'Transfer', 'currency': 'EUR', 'branch_id': 'B00084', 'transaction_date': 1706302783571, 'transaction_amount': 1928.72, 'exchange_rate': 1.1932, 'customer_id': 'C00054', 'account_id': 'A00074'} of 67
[2024-10-21T20:59:43.573+0000] {kafka_operator.py:62} INFO - Produced row: {'transaction_id': 'T000068', 'transaction_type': 'Deposit', 'currency': 'USD', 'branch_id': 'B00013', 'transaction_date': 1720904383573, 'transaction_amount': 8656.04, 'exchange_rate': 1.1747, 'customer_id': 'C00012', 'account_id': 'A00063'} of 68
[2024-10-21T20:59:43.575+0000] {kafka_operator.py:62} INFO - Produced row: {'transaction_id': 'T000069', 'transaction_type': 'Credit', 'currency': 'GBP', 'branch_id': 'B00060', 'transaction_date': 1698094783575, 'transaction_amount': 8469.48, 'exchange_rate': 0.6858, 'customer_id': 'C00019', 'account_id': 'A00060'} of 69
[2024-10-21T20:59:43.578+0000] {kafka_operator.py:62} INFO - Produced row: {'transaction_id': 'T000070', 'transaction_type': 'Transfer', 'currency': 'GBP', 'branch_id': 'B00021', 'transaction_date': 1698181183578, 'transaction_amount': 4637.89, 'exchange_rate': 0.6924, 'customer_id': 'C00093', 'account_id': 'A00043'} of 70
[2024-10-21T20:59:43.581+0000] {kafka_operator.py:62} INFO - Produced row: {'transaction_id': 'T000071', 'transaction_type': 'Deposit', 'currency': 'USD', 'branch_id': 'B00039', 'transaction_date': 1714337983580, 'transaction_amount': 7194.74, 'exchange_rate': 0.9793, 'customer_id': 'C00014', 'account_id': 'A00015'} of 71
[2024-10-21T20:59:43.585+0000] {kafka_operator.py:62} INFO - Produced row: {'transaction_id': 'T000072', 'transaction_type': 'Withdrawal', 'currency': 'USD', 'branch_id': 'B00025', 'transaction_date': 1715201983584, 'transaction_amount': 1675.24, 'exchange_rate': 0.5599, 'customer_id': 'C00007', 'account_id': 'A00012'} of 72
[2024-10-21T20:59:43.586+0000] {kafka_operator.py:62} INFO - Produced row: {'transaction_id': 'T000073', 'transaction_type': 'Credit', 'currency': 'GBP', 'branch_id': 'B00063', 'transaction_date': 1724705983586, 'transaction_amount': 8715.4, 'exchange_rate': 0.8891, 'customer_id': 'C00038', 'account_id': 'A00093'} of 73
[2024-10-21T20:59:43.587+0000] {kafka_operator.py:62} INFO - Produced row: {'transaction_id': 'T000074', 'transaction_type': 'Withdrawal', 'currency': 'USD', 'branch_id': 'B00058', 'transaction_date': 1727125183587, 'transaction_amount': 8138.69, 'exchange_rate': 1.4488, 'customer_id': 'C00092', 'account_id': 'A00005'} of 74
[2024-10-21T20:59:43.589+0000] {kafka_operator.py:62} INFO - Produced row: {'transaction_id': 'T000075', 'transaction_type': 'Debit', 'currency': 'USD', 'branch_id': 'B00092', 'transaction_date': 1719694783588, 'transaction_amount': 5861.35, 'exchange_rate': 1.0456, 'customer_id': 'C00023', 'account_id': 'A00028'} of 75
[2024-10-21T20:59:43.589+0000] {kafka_operator.py:62} INFO - Produced row: {'transaction_id': 'T000076', 'transaction_type': 'Transfer', 'currency': 'EUR', 'branch_id': 'B00094', 'transaction_date': 1713733183589, 'transaction_amount': 864.15, 'exchange_rate': 1.359, 'customer_id': 'C00081', 'account_id': 'A00063'} of 76
[2024-10-21T20:59:43.591+0000] {kafka_operator.py:62} INFO - Produced row: {'transaction_id': 'T000077', 'transaction_type': 'Withdrawal', 'currency': 'INR', 'branch_id': 'B00002', 'transaction_date': 1713214783590, 'transaction_amount': 8661.65, 'exchange_rate': 1.2061, 'customer_id': 'C00004', 'account_id': 'A00024'} of 77
[2024-10-21T20:59:43.594+0000] {kafka_operator.py:62} INFO - Produced row: {'transaction_id': 'T000078', 'transaction_type': 'Debit', 'currency': 'GBP', 'branch_id': 'B00080', 'transaction_date': 1727125183593, 'transaction_amount': 6377.97, 'exchange_rate': 1.0964, 'customer_id': 'C00021', 'account_id': 'A00001'} of 78
[2024-10-21T20:59:43.596+0000] {kafka_operator.py:62} INFO - Produced row: {'transaction_id': 'T000079', 'transaction_type': 'Transfer', 'currency': 'INR', 'branch_id': 'B00031', 'transaction_date': 1699649983596, 'transaction_amount': 3398.84, 'exchange_rate': 1.2117, 'customer_id': 'C00014', 'account_id': 'A00069'} of 79
[2024-10-21T20:59:43.597+0000] {kafka_operator.py:62} INFO - Produced row: {'transaction_id': 'T000080', 'transaction_type': 'Deposit', 'currency': 'USD', 'branch_id': 'B00087', 'transaction_date': 1703365183597, 'transaction_amount': 5182.61, 'exchange_rate': 1.3443, 'customer_id': 'C00057', 'account_id': 'A00087'} of 80
[2024-10-21T20:59:43.602+0000] {kafka_operator.py:62} INFO - Produced row: {'transaction_id': 'T000081', 'transaction_type': 'Withdrawal', 'currency': 'INR', 'branch_id': 'B00019', 'transaction_date': 1713992383602, 'transaction_amount': 8488.81, 'exchange_rate': 0.7645, 'customer_id': 'C00091', 'account_id': 'A00029'} of 81
[2024-10-21T20:59:43.606+0000] {kafka_operator.py:62} INFO - Produced row: {'transaction_id': 'T000082', 'transaction_type': 'Transfer', 'currency': 'EUR', 'branch_id': 'B00033', 'transaction_date': 1720904383605, 'transaction_amount': 4022.32, 'exchange_rate': 1.0266, 'customer_id': 'C00058', 'account_id': 'A00030'} of 82
[2024-10-21T20:59:43.609+0000] {kafka_operator.py:62} INFO - Produced row: {'transaction_id': 'T000083', 'transaction_type': 'Withdrawal', 'currency': 'USD', 'branch_id': 'B00058', 'transaction_date': 1727297983609, 'transaction_amount': 9703.43, 'exchange_rate': 1.3849, 'customer_id': 'C00048', 'account_id': 'A00010'} of 83
[2024-10-21T20:59:43.612+0000] {kafka_operator.py:62} INFO - Produced row: {'transaction_id': 'T000084', 'transaction_type': 'Credit', 'currency': 'USD', 'branch_id': 'B00068', 'transaction_date': 1720213183611, 'transaction_amount': 7065.4, 'exchange_rate': 0.8691, 'customer_id': 'C00021', 'account_id': 'A00085'} of 84
[2024-10-21T20:59:43.613+0000] {kafka_operator.py:62} INFO - Produced row: {'transaction_id': 'T000085', 'transaction_type': 'Credit', 'currency': 'INR', 'branch_id': 'B00012', 'transaction_date': 1725051583613, 'transaction_amount': 8383.35, 'exchange_rate': 1.2692, 'customer_id': 'C00083', 'account_id': 'A00052'} of 85
[2024-10-21T20:59:43.616+0000] {kafka_operator.py:62} INFO - Produced row: {'transaction_id': 'T000086', 'transaction_type': 'Transfer', 'currency': 'GBP', 'branch_id': 'B00059', 'transaction_date': 1714251583616, 'transaction_amount': 3165.01, 'exchange_rate': 1.4397, 'customer_id': 'C00002', 'account_id': 'A00008'} of 86
[2024-10-21T20:59:43.618+0000] {kafka_operator.py:62} INFO - Produced row: {'transaction_id': 'T000087', 'transaction_type': 'Transfer', 'currency': 'EUR', 'branch_id': 'B00037', 'transaction_date': 1715806783618, 'transaction_amount': 2996.56, 'exchange_rate': 1.3292, 'customer_id': 'C00036', 'account_id': 'A00055'} of 87
[2024-10-21T20:59:43.624+0000] {kafka_operator.py:62} INFO - Produced row: {'transaction_id': 'T000088', 'transaction_type': 'Credit', 'currency': 'GBP', 'branch_id': 'B00037', 'transaction_date': 1706475583621, 'transaction_amount': 565.95, 'exchange_rate': 1.4888, 'customer_id': 'C00016', 'account_id': 'A00037'} of 88
[2024-10-21T20:59:43.626+0000] {kafka_operator.py:62} INFO - Produced row: {'transaction_id': 'T000089', 'transaction_type': 'Transfer', 'currency': 'GBP', 'branch_id': 'B00081', 'transaction_date': 1703883583625, 'transaction_amount': 494.3, 'exchange_rate': 1.327, 'customer_id': 'C00048', 'account_id': 'A00074'} of 89
[2024-10-21T20:59:43.628+0000] {kafka_operator.py:62} INFO - Produced row: {'transaction_id': 'T000090', 'transaction_type': 'Transfer', 'currency': 'EUR', 'branch_id': 'B00052', 'transaction_date': 1707857983627, 'transaction_amount': 5509.25, 'exchange_rate': 1.1342, 'customer_id': 'C00048', 'account_id': 'A00005'} of 90
[2024-10-21T20:59:43.630+0000] {kafka_operator.py:62} INFO - Produced row: {'transaction_id': 'T000091', 'transaction_type': 'Withdrawal', 'currency': 'EUR', 'branch_id': 'B00084', 'transaction_date': 1718485183629, 'transaction_amount': 7688.71, 'exchange_rate': 1.4752, 'customer_id': 'C00079', 'account_id': 'A00100'} of 91
[2024-10-21T20:59:43.632+0000] {kafka_operator.py:62} INFO - Produced row: {'transaction_id': 'T000092', 'transaction_type': 'Debit', 'currency': 'EUR', 'branch_id': 'B00056', 'transaction_date': 1727297983631, 'transaction_amount': 8366.96, 'exchange_rate': 0.9002, 'customer_id': 'C00059', 'account_id': 'A00028'} of 92
[2024-10-21T20:59:43.634+0000] {kafka_operator.py:62} INFO - Produced row: {'transaction_id': 'T000093', 'transaction_type': 'Debit', 'currency': 'EUR', 'branch_id': 'B00083', 'transaction_date': 1710449983634, 'transaction_amount': 5525.14, 'exchange_rate': 1.1157, 'customer_id': 'C00069', 'account_id': 'A00005'} of 93
[2024-10-21T20:59:43.636+0000] {kafka_operator.py:62} INFO - Produced row: {'transaction_id': 'T000094', 'transaction_type': 'Withdrawal', 'currency': 'INR', 'branch_id': 'B00038', 'transaction_date': 1705265983636, 'transaction_amount': 7741.07, 'exchange_rate': 1.3305, 'customer_id': 'C00083', 'account_id': 'A00086'} of 94
[2024-10-21T20:59:43.639+0000] {kafka_operator.py:62} INFO - Produced row: {'transaction_id': 'T000095', 'transaction_type': 'Debit', 'currency': 'EUR', 'branch_id': 'B00081', 'transaction_date': 1726779583639, 'transaction_amount': 6454.9, 'exchange_rate': 0.8086, 'customer_id': 'C00013', 'account_id': 'A00052'} of 95
[2024-10-21T20:59:43.642+0000] {kafka_operator.py:62} INFO - Produced row: {'transaction_id': 'T000096', 'transaction_type': 'Deposit', 'currency': 'USD', 'branch_id': 'B00037', 'transaction_date': 1701637183641, 'transaction_amount': 1594.67, 'exchange_rate': 0.5446, 'customer_id': 'C00074', 'account_id': 'A00065'} of 96
[2024-10-21T20:59:43.644+0000] {kafka_operator.py:62} INFO - Produced row: {'transaction_id': 'T000097', 'transaction_type': 'Transfer', 'currency': 'EUR', 'branch_id': 'B00021', 'transaction_date': 1700254783644, 'transaction_amount': 7163.15, 'exchange_rate': 0.842, 'customer_id': 'C00095', 'account_id': 'A00027'} of 97
[2024-10-21T20:59:43.647+0000] {kafka_operator.py:62} INFO - Produced row: {'transaction_id': 'T000098', 'transaction_type': 'Debit', 'currency': 'GBP', 'branch_id': 'B00006', 'transaction_date': 1720645183646, 'transaction_amount': 5547.57, 'exchange_rate': 0.6693, 'customer_id': 'C00058', 'account_id': 'A00010'} of 98
[2024-10-21T20:59:43.650+0000] {kafka_operator.py:62} INFO - Produced row: {'transaction_id': 'T000099', 'transaction_type': 'Transfer', 'currency': 'GBP', 'branch_id': 'B00087', 'transaction_date': 1714856383650, 'transaction_amount': 8966.9, 'exchange_rate': 1.4, 'customer_id': 'C00003', 'account_id': 'A00029'} of 99
[2024-10-21T20:59:43.652+0000] {kafka_operator.py:62} INFO - Produced row: {'transaction_id': 'T000100', 'transaction_type': 'Deposit', 'currency': 'INR', 'branch_id': 'B00041', 'transaction_date': 1708462783652, 'transaction_amount': 7715.25, 'exchange_rate': 0.9377, 'customer_id': 'C00020', 'account_id': 'A00096'} of 100
[2024-10-21T20:59:43.656+0000] {kafka_operator.py:65} INFO - Produced 100 records of transaction which has been sent to the transaction_facts topic!
[2024-10-21T20:59:43.659+0000] {conn.py:673} INFO - <BrokerConnection node_id=0 host=kafka_broker:9092 <connected> [IPv4 ('172.19.0.5', 9092)]>: Closing connection. 
[2024-10-21T20:59:43.695+0000] {taskinstance.py:340} INFO - ::group::Post task execution logs
[2024-10-21T20:59:43.696+0000] {taskinstance.py:352} INFO - Marking task as SUCCESS. dag_id=transaction_facts_generator, task_id=generate_txn_fact_data, run_id=manual__2024-10-21T20:59:37.906315+00:00, execution_date=20241021T205937, start_date=20241021T205943, end_date=20241021T205943
[2024-10-21T20:59:43.714+0000] {logging_mixin.py:190} INFO - Task instance in success state
[2024-10-21T20:59:43.715+0000] {logging_mixin.py:190} INFO -  Previous state of the Task instance: running
[2024-10-21T20:59:43.716+0000] {logging_mixin.py:190} INFO - Dag name:transaction_facts_generator queued_at:2024-10-21 20:59:38.077460+00:00
[2024-10-21T20:59:43.717+0000] {logging_mixin.py:190} INFO - Task hostname:d993b9f280d5 operator:KafkaProduceOperator
[2024-10-21T20:59:43.766+0000] {local_task_job_runner.py:266} INFO - Task exited with return code 0
[2024-10-21T20:59:43.796+0000] {taskinstance.py:3900} INFO - 0 downstream tasks scheduled from follow-on schedule check
[2024-10-21T20:59:43.799+0000] {local_task_job_runner.py:245} INFO - ::endgroup::
