[2024-10-25T07:16:21.284+0000] {local_task_job_runner.py:123} INFO - ::group::Pre task execution logs
[2024-10-25T07:16:21.323+0000] {taskinstance.py:2612} INFO - Dependencies all met for dep_context=non-requeueable deps ti=<TaskInstance: table_dag.submit_table scheduled__2024-10-24T00:00:00+00:00 [queued]>
[2024-10-25T07:16:21.346+0000] {taskinstance.py:2612} INFO - Dependencies all met for dep_context=requeueable deps ti=<TaskInstance: table_dag.submit_table scheduled__2024-10-24T00:00:00+00:00 [queued]>
[2024-10-25T07:16:21.348+0000] {taskinstance.py:2865} INFO - Starting attempt 1 of 1
[2024-10-25T07:16:21.384+0000] {taskinstance.py:2888} INFO - Executing <Task(PinotTableSubmitOperator): submit_table> on 2024-10-24 00:00:00+00:00
[2024-10-25T07:16:21.406+0000] {warnings.py:112} WARNING - /home/***/.local/lib/python3.12/site-packages/***/task/task_runner/standard_task_runner.py:70: DeprecationWarning: This process (pid=179) is multi-threaded, use of fork() may lead to deadlocks in the child.
  pid = os.fork()

[2024-10-25T07:16:21.410+0000] {standard_task_runner.py:72} INFO - Started process 211 to run task
[2024-10-25T07:16:21.413+0000] {standard_task_runner.py:104} INFO - Running: ['***', 'tasks', 'run', 'table_dag', 'submit_table', 'scheduled__2024-10-24T00:00:00+00:00', '--job-id', '223', '--raw', '--subdir', 'DAGS_FOLDER/table_dag.py', '--cfg-path', '/tmp/tmp_gi2d9fx']
[2024-10-25T07:16:21.417+0000] {standard_task_runner.py:105} INFO - Job 223: Subtask submit_table
[2024-10-25T07:16:21.554+0000] {task_command.py:467} INFO - Running <TaskInstance: table_dag.submit_table scheduled__2024-10-24T00:00:00+00:00 [running]> on host d993b9f280d5
[2024-10-25T07:16:21.804+0000] {taskinstance.py:3131} INFO - Exporting env vars: AIRFLOW_CTX_DAG_OWNER='saisunny' AIRFLOW_CTX_DAG_ID='table_dag' AIRFLOW_CTX_TASK_ID='submit_table' AIRFLOW_CTX_EXECUTION_DATE='2024-10-24T00:00:00+00:00' AIRFLOW_CTX_TRY_NUMBER='1' AIRFLOW_CTX_DAG_RUN_ID='scheduled__2024-10-24T00:00:00+00:00'
[2024-10-25T07:16:21.811+0000] {logging_mixin.py:190} INFO - Task instance is in running state
[2024-10-25T07:16:21.812+0000] {logging_mixin.py:190} INFO -  Previous state of the Task instance: queued
[2024-10-25T07:16:21.815+0000] {logging_mixin.py:190} INFO - Current task name:submit_table state:running start_date:2024-10-25 07:16:21.325308+00:00
[2024-10-25T07:16:21.816+0000] {logging_mixin.py:190} INFO - Dag name:table_dag and current dag run status:running
[2024-10-25T07:16:21.818+0000] {taskinstance.py:731} INFO - ::endgroup::
[2024-10-25T07:16:21.901+0000] {pinot_table_operator.py:32} ERROR - /opt/***/dags/tables/account_dim.json Table Submission Failed To Submit With 409 - {"code":409,"error":"Table config for account_dim_OFFLINE already exists. If this is unexpected, try deleting the table to remove all metadata associated with it."}
[2024-10-25T07:16:21.903+0000] {pinot_table_operator.py:38} ERROR - An Error Occurred: /opt/***/dags/tables/account_dim.json Table Submission Failed To Submit With 409
[2024-10-25T07:16:21.942+0000] {taskinstance.py:340} INFO - ::group::Post task execution logs
[2024-10-25T07:16:21.944+0000] {taskinstance.py:352} INFO - Marking task as SUCCESS. dag_id=table_dag, task_id=submit_table, run_id=scheduled__2024-10-24T00:00:00+00:00, execution_date=20241024T000000, start_date=20241025T071621, end_date=20241025T071621
[2024-10-25T07:16:21.983+0000] {logging_mixin.py:190} INFO - Task instance in success state
[2024-10-25T07:16:21.986+0000] {logging_mixin.py:190} INFO -  Previous state of the Task instance: running
[2024-10-25T07:16:21.990+0000] {logging_mixin.py:190} INFO - Dag name:table_dag queued_at:2024-10-25 07:14:57.122104+00:00
[2024-10-25T07:16:21.992+0000] {logging_mixin.py:190} INFO - Task hostname:d993b9f280d5 operator:PinotTableSubmitOperator
[2024-10-25T07:16:22.036+0000] {local_task_job_runner.py:266} INFO - Task exited with return code 0
[2024-10-25T07:16:22.140+0000] {taskinstance.py:3900} INFO - 0 downstream tasks scheduled from follow-on schedule check
[2024-10-25T07:16:22.147+0000] {local_task_job_runner.py:245} INFO - ::endgroup::
