[2024-10-21T00:47:59.822+0000] {local_task_job_runner.py:123} INFO - ::group::Pre task execution logs
[2024-10-21T00:47:59.845+0000] {taskinstance.py:2612} INFO - Dependencies all met for dep_context=non-requeueable deps ti=<TaskInstance: dimension_batch_ingestion.ingest_account_data manual__2024-10-21T00:47:57.321349+00:00 [queued]>
[2024-10-21T00:47:59.856+0000] {taskinstance.py:2612} INFO - Dependencies all met for dep_context=requeueable deps ti=<TaskInstance: dimension_batch_ingestion.ingest_account_data manual__2024-10-21T00:47:57.321349+00:00 [queued]>
[2024-10-21T00:47:59.858+0000] {taskinstance.py:2865} INFO - Starting attempt 1 of 1
[2024-10-21T00:47:59.875+0000] {taskinstance.py:2888} INFO - Executing <Task(BashOperator): ingest_account_data> on 2024-10-21 00:47:57.321349+00:00
[2024-10-21T00:47:59.887+0000] {warnings.py:112} WARNING - /home/***/.local/lib/python3.12/site-packages/***/task/task_runner/standard_task_runner.py:70: DeprecationWarning: This process (pid=1526) is multi-threaded, use of fork() may lead to deadlocks in the child.
  pid = os.fork()

[2024-10-21T00:47:59.890+0000] {standard_task_runner.py:72} INFO - Started process 1528 to run task
[2024-10-21T00:47:59.890+0000] {standard_task_runner.py:104} INFO - Running: ['***', 'tasks', 'run', 'dimension_batch_ingestion', 'ingest_account_data', 'manual__2024-10-21T00:47:57.321349+00:00', '--job-id', '134', '--raw', '--subdir', 'DAGS_FOLDER/loader_dag.py', '--cfg-path', '/tmp/tmpzockp2eh']
[2024-10-21T00:47:59.892+0000] {standard_task_runner.py:105} INFO - Job 134: Subtask ingest_account_data
[2024-10-21T00:47:59.958+0000] {task_command.py:467} INFO - Running <TaskInstance: dimension_batch_ingestion.ingest_account_data manual__2024-10-21T00:47:57.321349+00:00 [running]> on host b5fa23871e33
[2024-10-21T00:48:00.068+0000] {taskinstance.py:3131} INFO - Exporting env vars: AIRFLOW_CTX_DAG_OWNER='saisunny' AIRFLOW_CTX_DAG_ID='dimension_batch_ingestion' AIRFLOW_CTX_TASK_ID='ingest_account_data' AIRFLOW_CTX_EXECUTION_DATE='2024-10-21T00:47:57.321349+00:00' AIRFLOW_CTX_TRY_NUMBER='1' AIRFLOW_CTX_DAG_RUN_ID='manual__2024-10-21T00:47:57.321349+00:00'
[2024-10-21T00:48:00.071+0000] {logging_mixin.py:190} INFO - Task instance is in running state
[2024-10-21T00:48:00.072+0000] {logging_mixin.py:190} INFO -  Previous state of the Task instance: queued
[2024-10-21T00:48:00.073+0000] {logging_mixin.py:190} INFO - Current task name:ingest_account_data state:running start_date:2024-10-21 00:47:59.846839+00:00
[2024-10-21T00:48:00.074+0000] {logging_mixin.py:190} INFO - Dag name:dimension_batch_ingestion and current dag run status:running
[2024-10-21T00:48:00.074+0000] {taskinstance.py:731} INFO - ::endgroup::
[2024-10-21T00:48:00.076+0000] {subprocess.py:63} INFO - Tmp dir root location: /tmp
[2024-10-21T00:48:00.077+0000] {subprocess.py:75} INFO - Running command: ['/usr/bin/bash', '-c', 'curl -X POST -F file=@/opt/***/account_dim_large_data.csv -H "Content-Type: multipart/form-data" "http://pinot-controller:9000/ingestFromFile?tableNameWithType=account_dim_OFFLINE&batchConfigMapStr=%7B%22inputFormat%22%3A%22csv%22%2C%22recordReader.prop.delimiter%22%3A%22%2C%22%7D"']
[2024-10-21T00:48:00.096+0000] {subprocess.py:86} INFO - Output:
[2024-10-21T00:48:00.116+0000] {subprocess.py:93} INFO -   % Total    % Received % Xferd  Average Speed   Time    Time     Time  Current
[2024-10-21T00:48:00.118+0000] {subprocess.py:93} INFO -                                  Dload  Upload   Total   Spent    Left  Speed
[2024-10-21T00:48:02.717+0000] {subprocess.py:93} INFO -   0     0    0     0    0     0      0      0 --:--:-- --:--:-- --:--:--     0100  2899    0     0  100  2899      0   2407  0:00:01  0:00:01 --:--:--  2409100  2899    0     0  100  2899      0   1314  0:00:02  0:00:02 --:--:--  1314100  3008  100   109  100  2899     41   1114  0:00:02  0:00:02 --:--:--  1156100  3008  100   109  100  2899     41   1114  0:00:02  0:00:02 --:--:--  1156
[2024-10-21T00:48:02.721+0000] {subprocess.py:93} INFO - {"status":"Successfully ingested file into table: account_dim_OFFLINE as segment: account_dim_1729471680465"}
[2024-10-21T00:48:02.722+0000] {subprocess.py:97} INFO - Command exited with return code 0
[2024-10-21T00:48:02.786+0000] {taskinstance.py:340} INFO - ::group::Post task execution logs
[2024-10-21T00:48:02.788+0000] {taskinstance.py:352} INFO - Marking task as SUCCESS. dag_id=dimension_batch_ingestion, task_id=ingest_account_data, run_id=manual__2024-10-21T00:47:57.321349+00:00, execution_date=20241021T004757, start_date=20241021T004759, end_date=20241021T004802
[2024-10-21T00:48:02.816+0000] {logging_mixin.py:190} INFO - Task instance in success state
[2024-10-21T00:48:02.818+0000] {logging_mixin.py:190} INFO -  Previous state of the Task instance: running
[2024-10-21T00:48:02.819+0000] {logging_mixin.py:190} INFO - Dag name:dimension_batch_ingestion queued_at:2024-10-21 00:47:57.358102+00:00
[2024-10-21T00:48:02.820+0000] {logging_mixin.py:190} INFO - Task hostname:b5fa23871e33 operator:BashOperator
[2024-10-21T00:48:02.843+0000] {local_task_job_runner.py:266} INFO - Task exited with return code 0
[2024-10-21T00:48:02.910+0000] {taskinstance.py:3900} INFO - 1 downstream tasks scheduled from follow-on schedule check
[2024-10-21T00:48:02.914+0000] {local_task_job_runner.py:245} INFO - ::endgroup::
