[2024-10-21T06:08:59.373+0000] {local_task_job_runner.py:123} INFO - ::group::Pre task execution logs
[2024-10-21T06:08:59.438+0000] {taskinstance.py:2612} INFO - Dependencies all met for dep_context=non-requeueable deps ti=<TaskInstance: dimension_batch_ingestion.ingest_branch_data manual__2024-10-21T06:08:35.651875+00:00 [queued]>
[2024-10-21T06:08:59.471+0000] {taskinstance.py:2612} INFO - Dependencies all met for dep_context=requeueable deps ti=<TaskInstance: dimension_batch_ingestion.ingest_branch_data manual__2024-10-21T06:08:35.651875+00:00 [queued]>
[2024-10-21T06:08:59.473+0000] {taskinstance.py:2865} INFO - Starting attempt 1 of 1
[2024-10-21T06:08:59.524+0000] {taskinstance.py:2888} INFO - Executing <Task(BashOperator): ingest_branch_data> on 2024-10-21 06:08:35.651875+00:00
[2024-10-21T06:08:59.548+0000] {warnings.py:112} WARNING - /home/***/.local/lib/python3.12/site-packages/***/task/task_runner/standard_task_runner.py:70: DeprecationWarning: This process (pid=289) is multi-threaded, use of fork() may lead to deadlocks in the child.
  pid = os.fork()

[2024-10-21T06:08:59.560+0000] {standard_task_runner.py:72} INFO - Started process 302 to run task
[2024-10-21T06:08:59.572+0000] {standard_task_runner.py:104} INFO - Running: ['***', 'tasks', 'run', 'dimension_batch_ingestion', 'ingest_branch_data', 'manual__2024-10-21T06:08:35.651875+00:00', '--job-id', '177', '--raw', '--subdir', 'DAGS_FOLDER/loader_dag.py', '--cfg-path', '/tmp/tmpigohqevh']
[2024-10-21T06:08:59.576+0000] {standard_task_runner.py:105} INFO - Job 177: Subtask ingest_branch_data
[2024-10-21T06:08:59.712+0000] {task_command.py:467} INFO - Running <TaskInstance: dimension_batch_ingestion.ingest_branch_data manual__2024-10-21T06:08:35.651875+00:00 [running]> on host b5fa23871e33
[2024-10-21T06:08:59.967+0000] {taskinstance.py:3131} INFO - Exporting env vars: AIRFLOW_CTX_DAG_OWNER='saisunny' AIRFLOW_CTX_DAG_ID='dimension_batch_ingestion' AIRFLOW_CTX_TASK_ID='ingest_branch_data' AIRFLOW_CTX_EXECUTION_DATE='2024-10-21T06:08:35.651875+00:00' AIRFLOW_CTX_TRY_NUMBER='1' AIRFLOW_CTX_DAG_RUN_ID='manual__2024-10-21T06:08:35.651875+00:00'
[2024-10-21T06:08:59.971+0000] {logging_mixin.py:190} INFO - Task instance is in running state
[2024-10-21T06:08:59.973+0000] {logging_mixin.py:190} INFO -  Previous state of the Task instance: queued
[2024-10-21T06:08:59.977+0000] {logging_mixin.py:190} INFO - Current task name:ingest_branch_data state:running start_date:2024-10-21 06:08:59.440297+00:00
[2024-10-21T06:08:59.978+0000] {logging_mixin.py:190} INFO - Dag name:dimension_batch_ingestion and current dag run status:running
[2024-10-21T06:08:59.980+0000] {taskinstance.py:731} INFO - ::endgroup::
[2024-10-21T06:08:59.988+0000] {subprocess.py:63} INFO - Tmp dir root location: /tmp
[2024-10-21T06:08:59.993+0000] {subprocess.py:75} INFO - Running command: ['/usr/bin/bash', '-c', 'curl -X POST -F file=@/opt/***/branch_dim_large_data.csv -H "Content-Type: multipart/form-data" "http://pinot-controller:9000/ingestFromFile?tableNameWithType=branch_dim_OFFLINE&batchConfigMapStr=%7B%22inputFormat%22%3A%22csv%22%2C%22recordReader.prop.delimiter%22%3A%22%2C%22%7D"']
[2024-10-21T06:09:00.041+0000] {subprocess.py:86} INFO - Output:
[2024-10-21T06:09:00.104+0000] {subprocess.py:93} INFO -   % Total    % Received % Xferd  Average Speed   Time    Time     Time  Current
[2024-10-21T06:09:00.106+0000] {subprocess.py:93} INFO -                                  Dload  Upload   Total   Spent    Left  Speed
[2024-10-21T06:09:10.946+0000] {subprocess.py:93} INFO -   0     0    0     0    0     0      0      0 --:--:-- --:--:-- --:--:--     0100  3920    0     0  100  3920      0   3253  0:00:01  0:00:01 --:--:--  3255100  3920    0     0  100  3920      0   1776  0:00:02  0:00:02 --:--:--  1777100  3920    0     0  100  3920      0   1222  0:00:03  0:00:03 --:--:--  1222100  3920    0     0  100  3920      0    931  0:00:04  0:00:04 --:--:--   931100  3920    0     0  100  3920      0    752  0:00:05  0:00:05 --:--:--   752100  3920    0     0  100  3920      0    631  0:00:06  0:00:06 --:--:--     0100  3920    0     0  100  3920      0    543  0:00:07  0:00:07 --:--:--     0100  3920    0     0  100  3920      0    477  0:00:08  0:00:08 --:--:--     0100  3920    0     0  100  3920      0    425  0:00:09  0:00:09 --:--:--     0100  3920    0     0  100  3920      0    383  0:00:10  0:00:10 --:--:--     0100  4027  100   107  100  3920      9    361  0:00:11  0:00:10  0:00:01    23100  4027  100   107  100  3920      9    361  0:00:11  0:00:10  0:00:01    29
[2024-10-21T06:09:11.060+0000] {subprocess.py:93} INFO - {"status":"Successfully ingested file into table: branch_dim_OFFLINE as segment: branch_dim_1729490940497"}
[2024-10-21T06:09:11.063+0000] {subprocess.py:97} INFO - Command exited with return code 0
[2024-10-21T06:09:11.467+0000] {taskinstance.py:340} INFO - ::group::Post task execution logs
[2024-10-21T06:09:11.476+0000] {taskinstance.py:352} INFO - Marking task as SUCCESS. dag_id=dimension_batch_ingestion, task_id=ingest_branch_data, run_id=manual__2024-10-21T06:08:35.651875+00:00, execution_date=20241021T060835, start_date=20241021T060859, end_date=20241021T060911
[2024-10-21T06:09:11.666+0000] {logging_mixin.py:190} INFO - Task instance in success state
[2024-10-21T06:09:11.681+0000] {logging_mixin.py:190} INFO -  Previous state of the Task instance: running
[2024-10-21T06:09:11.699+0000] {logging_mixin.py:190} INFO - Dag name:dimension_batch_ingestion queued_at:2024-10-21 06:08:35.688780+00:00
[2024-10-21T06:09:11.709+0000] {logging_mixin.py:190} INFO - Task hostname:b5fa23871e33 operator:BashOperator
[2024-10-21T06:09:11.900+0000] {local_task_job_runner.py:266} INFO - Task exited with return code 0
[2024-10-21T06:09:12.004+0000] {local_task_job_runner.py:245} INFO - ::endgroup::
