[2024-10-16T06:41:29.433+0000] {local_task_job_runner.py:123} INFO - ::group::Pre task execution logs
[2024-10-16T06:41:29.466+0000] {taskinstance.py:2612} INFO - Dependencies all met for dep_context=non-requeueable deps ti=<TaskInstance: account_dim_generator.generate_account_dim_data manual__2024-10-16T06:41:21.661144+00:00 [queued]>
[2024-10-16T06:41:29.481+0000] {taskinstance.py:2612} INFO - Dependencies all met for dep_context=requeueable deps ti=<TaskInstance: account_dim_generator.generate_account_dim_data manual__2024-10-16T06:41:21.661144+00:00 [queued]>
[2024-10-16T06:41:29.482+0000] {taskinstance.py:2865} INFO - Starting attempt 1 of 4
[2024-10-16T06:41:29.507+0000] {taskinstance.py:2888} INFO - Executing <Task(PythonOperator): generate_account_dim_data> on 2024-10-16 06:41:21.661144+00:00
[2024-10-16T06:41:29.519+0000] {warnings.py:112} WARNING - /home/***/.local/lib/python3.12/site-packages/***/task/task_runner/standard_task_runner.py:70: DeprecationWarning: This process (pid=101) is multi-threaded, use of fork() may lead to deadlocks in the child.
  pid = os.fork()

[2024-10-16T06:41:29.522+0000] {standard_task_runner.py:72} INFO - Started process 103 to run task
[2024-10-16T06:41:29.525+0000] {standard_task_runner.py:104} INFO - Running: ['***', 'tasks', 'run', 'account_dim_generator', 'generate_account_dim_data', 'manual__2024-10-16T06:41:21.661144+00:00', '--job-id', '10', '--raw', '--subdir', 'DAGS_FOLDER/account_dim_generator.py', '--cfg-path', '/tmp/tmphadsiocj']
[2024-10-16T06:41:29.528+0000] {standard_task_runner.py:105} INFO - Job 10: Subtask generate_account_dim_data
[2024-10-16T06:41:29.671+0000] {task_command.py:467} INFO - Running <TaskInstance: account_dim_generator.generate_account_dim_data manual__2024-10-16T06:41:21.661144+00:00 [running]> on host 57eb6949daf5
[2024-10-16T06:41:29.839+0000] {taskinstance.py:3131} INFO - Exporting env vars: AIRFLOW_CTX_DAG_OWNER='saisunny' AIRFLOW_CTX_DAG_ID='account_dim_generator' AIRFLOW_CTX_TASK_ID='generate_account_dim_data' AIRFLOW_CTX_EXECUTION_DATE='2024-10-16T06:41:21.661144+00:00' AIRFLOW_CTX_TRY_NUMBER='1' AIRFLOW_CTX_DAG_RUN_ID='manual__2024-10-16T06:41:21.661144+00:00'
[2024-10-16T06:41:29.843+0000] {logging_mixin.py:190} INFO - Task instance is in running state
[2024-10-16T06:41:29.844+0000] {logging_mixin.py:190} INFO -  Previous state of the Task instance: queued
[2024-10-16T06:41:29.845+0000] {logging_mixin.py:190} INFO - Current task name:generate_account_dim_data state:running start_date:2024-10-16 06:41:29.467477+00:00
[2024-10-16T06:41:29.846+0000] {logging_mixin.py:190} INFO - Dag name:account_dim_generator and current dag run status:running
[2024-10-16T06:41:29.846+0000] {taskinstance.py:731} INFO - ::endgroup::
[2024-10-16T06:41:29.879+0000] {logging_mixin.py:190} INFO - CSV file ./account_dim_large_data.csv with 50 rows has been generated successfully!
[2024-10-16T06:41:29.880+0000] {python.py:240} INFO - Done. Returned value was: None
[2024-10-16T06:41:29.895+0000] {taskinstance.py:340} INFO - ::group::Post task execution logs
[2024-10-16T06:41:29.896+0000] {taskinstance.py:352} INFO - Marking task as SUCCESS. dag_id=account_dim_generator, task_id=generate_account_dim_data, run_id=manual__2024-10-16T06:41:21.661144+00:00, execution_date=20241016T064121, start_date=20241016T064129, end_date=20241016T064129
[2024-10-16T06:41:29.919+0000] {logging_mixin.py:190} INFO - Task instance in success state
[2024-10-16T06:41:29.920+0000] {logging_mixin.py:190} INFO -  Previous state of the Task instance: running
[2024-10-16T06:41:29.922+0000] {logging_mixin.py:190} INFO - Dag name:account_dim_generator queued_at:2024-10-16 06:41:21.700480+00:00
[2024-10-16T06:41:29.923+0000] {logging_mixin.py:190} INFO - Task hostname:57eb6949daf5 operator:PythonOperator
[2024-10-16T06:41:29.944+0000] {local_task_job_runner.py:266} INFO - Task exited with return code 0
[2024-10-16T06:41:29.963+0000] {local_task_job_runner.py:245} INFO - ::endgroup::
