[2024-10-20T07:18:57.496+0000] {local_task_job_runner.py:123} INFO - ::group::Pre task execution logs
[2024-10-20T07:18:57.533+0000] {taskinstance.py:2612} INFO - Dependencies all met for dep_context=non-requeueable deps ti=<TaskInstance: customer_dim_generator.generate_customer_dim_data manual__2024-10-20T07:18:52.816565+00:00 [queued]>
[2024-10-20T07:18:57.553+0000] {taskinstance.py:2612} INFO - Dependencies all met for dep_context=requeueable deps ti=<TaskInstance: customer_dim_generator.generate_customer_dim_data manual__2024-10-20T07:18:52.816565+00:00 [queued]>
[2024-10-20T07:18:57.554+0000] {taskinstance.py:2865} INFO - Starting attempt 1 of 1
[2024-10-20T07:18:57.573+0000] {taskinstance.py:2888} INFO - Executing <Task(PythonOperator): generate_customer_dim_data> on 2024-10-20 07:18:52.816565+00:00
[2024-10-20T07:18:57.586+0000] {warnings.py:112} WARNING - /home/***/.local/lib/python3.12/site-packages/***/task/task_runner/standard_task_runner.py:70: DeprecationWarning: This process (pid=176) is multi-threaded, use of fork() may lead to deadlocks in the child.
  pid = os.fork()

[2024-10-20T07:18:57.588+0000] {standard_task_runner.py:72} INFO - Started process 178 to run task
[2024-10-20T07:18:57.589+0000] {standard_task_runner.py:104} INFO - Running: ['***', 'tasks', 'run', 'customer_dim_generator', 'generate_customer_dim_data', 'manual__2024-10-20T07:18:52.816565+00:00', '--job-id', '113', '--raw', '--subdir', 'DAGS_FOLDER/customer_dim_generator.py', '--cfg-path', '/tmp/tmpbuya_yli']
[2024-10-20T07:18:57.590+0000] {standard_task_runner.py:105} INFO - Job 113: Subtask generate_customer_dim_data
[2024-10-20T07:18:57.658+0000] {task_command.py:467} INFO - Running <TaskInstance: customer_dim_generator.generate_customer_dim_data manual__2024-10-20T07:18:52.816565+00:00 [running]> on host b5fa23871e33
[2024-10-20T07:18:57.782+0000] {taskinstance.py:3131} INFO - Exporting env vars: AIRFLOW_CTX_DAG_OWNER='saisunny' AIRFLOW_CTX_DAG_ID='customer_dim_generator' AIRFLOW_CTX_TASK_ID='generate_customer_dim_data' AIRFLOW_CTX_EXECUTION_DATE='2024-10-20T07:18:52.816565+00:00' AIRFLOW_CTX_TRY_NUMBER='1' AIRFLOW_CTX_DAG_RUN_ID='manual__2024-10-20T07:18:52.816565+00:00'
[2024-10-20T07:18:57.784+0000] {logging_mixin.py:190} INFO - Task instance is in running state
[2024-10-20T07:18:57.785+0000] {logging_mixin.py:190} INFO -  Previous state of the Task instance: queued
[2024-10-20T07:18:57.786+0000] {logging_mixin.py:190} INFO - Current task name:generate_customer_dim_data state:running start_date:2024-10-20 07:18:57.534768+00:00
[2024-10-20T07:18:57.786+0000] {logging_mixin.py:190} INFO - Dag name:customer_dim_generator and current dag run status:running
[2024-10-20T07:18:57.787+0000] {taskinstance.py:731} INFO - ::endgroup::
[2024-10-20T07:18:57.796+0000] {logging_mixin.py:190} INFO - CSV file ./customer_dim_large_data.csv with 100 rows has been generated successfully!
[2024-10-20T07:18:57.797+0000] {python.py:240} INFO - Done. Returned value was: None
[2024-10-20T07:18:57.810+0000] {taskinstance.py:340} INFO - ::group::Post task execution logs
[2024-10-20T07:18:57.811+0000] {taskinstance.py:352} INFO - Marking task as SUCCESS. dag_id=customer_dim_generator, task_id=generate_customer_dim_data, run_id=manual__2024-10-20T07:18:52.816565+00:00, execution_date=20241020T071852, start_date=20241020T071857, end_date=20241020T071857
[2024-10-20T07:18:57.824+0000] {logging_mixin.py:190} INFO - Task instance in success state
[2024-10-20T07:18:57.825+0000] {logging_mixin.py:190} INFO -  Previous state of the Task instance: running
[2024-10-20T07:18:57.826+0000] {logging_mixin.py:190} INFO - Dag name:customer_dim_generator queued_at:2024-10-20 07:18:52.841269+00:00
[2024-10-20T07:18:57.827+0000] {logging_mixin.py:190} INFO - Task hostname:b5fa23871e33 operator:PythonOperator
[2024-10-20T07:18:57.844+0000] {local_task_job_runner.py:266} INFO - Task exited with return code 0
[2024-10-20T07:18:57.868+0000] {taskinstance.py:3900} INFO - 0 downstream tasks scheduled from follow-on schedule check
[2024-10-20T07:18:57.871+0000] {local_task_job_runner.py:245} INFO - ::endgroup::
