[2024-10-25T07:32:44.238+0000] {local_task_job_runner.py:123} INFO - ::group::Pre task execution logs
[2024-10-25T07:32:44.275+0000] {taskinstance.py:2612} INFO - Dependencies all met for dep_context=non-requeueable deps ti=<TaskInstance: dimension_batch_ingestion.ingest_account_data manual__2024-10-25T07:31:54.231090+00:00 [queued]>
[2024-10-25T07:32:44.302+0000] {taskinstance.py:2612} INFO - Dependencies all met for dep_context=requeueable deps ti=<TaskInstance: dimension_batch_ingestion.ingest_account_data manual__2024-10-25T07:31:54.231090+00:00 [queued]>
[2024-10-25T07:32:44.304+0000] {taskinstance.py:2865} INFO - Starting attempt 1 of 1
[2024-10-25T07:32:44.353+0000] {taskinstance.py:2888} INFO - Executing <Task(BashOperator): ingest_account_data> on 2024-10-25 07:31:54.231090+00:00
[2024-10-25T07:32:44.373+0000] {warnings.py:112} WARNING - /home/***/.local/lib/python3.12/site-packages/***/task/task_runner/standard_task_runner.py:70: DeprecationWarning: This process (pid=435) is multi-threaded, use of fork() may lead to deadlocks in the child.
  pid = os.fork()

[2024-10-25T07:32:44.378+0000] {standard_task_runner.py:72} INFO - Started process 447 to run task
[2024-10-25T07:32:44.378+0000] {standard_task_runner.py:104} INFO - Running: ['***', 'tasks', 'run', 'dimension_batch_ingestion', 'ingest_account_data', 'manual__2024-10-25T07:31:54.231090+00:00', '--job-id', '231', '--raw', '--subdir', 'DAGS_FOLDER/loader_dag.py', '--cfg-path', '/tmp/tmprv9yiy0l']
[2024-10-25T07:32:44.384+0000] {standard_task_runner.py:105} INFO - Job 231: Subtask ingest_account_data
[2024-10-25T07:32:44.480+0000] {task_command.py:467} INFO - Running <TaskInstance: dimension_batch_ingestion.ingest_account_data manual__2024-10-25T07:31:54.231090+00:00 [running]> on host d993b9f280d5
[2024-10-25T07:32:44.669+0000] {taskinstance.py:3131} INFO - Exporting env vars: AIRFLOW_CTX_DAG_OWNER='saisunny' AIRFLOW_CTX_DAG_ID='dimension_batch_ingestion' AIRFLOW_CTX_TASK_ID='ingest_account_data' AIRFLOW_CTX_EXECUTION_DATE='2024-10-25T07:31:54.231090+00:00' AIRFLOW_CTX_TRY_NUMBER='1' AIRFLOW_CTX_DAG_RUN_ID='manual__2024-10-25T07:31:54.231090+00:00'
[2024-10-25T07:32:44.672+0000] {logging_mixin.py:190} INFO - Task instance is in running state
[2024-10-25T07:32:44.674+0000] {logging_mixin.py:190} INFO -  Previous state of the Task instance: queued
[2024-10-25T07:32:44.675+0000] {logging_mixin.py:190} INFO - Current task name:ingest_account_data state:running start_date:2024-10-25 07:32:44.277243+00:00
[2024-10-25T07:32:44.678+0000] {logging_mixin.py:190} INFO - Dag name:dimension_batch_ingestion and current dag run status:running
[2024-10-25T07:32:44.680+0000] {taskinstance.py:731} INFO - ::endgroup::
[2024-10-25T07:32:44.683+0000] {subprocess.py:63} INFO - Tmp dir root location: /tmp
[2024-10-25T07:32:44.686+0000] {subprocess.py:75} INFO - Running command: ['/usr/bin/bash', '-c', 'curl -X POST -F file=@/opt/***/account_dim_large_data.csv -H "Content-Type: multipart/form-data" "http://pinot-controller:9000/ingestFromFile?tableNameWithType=account_dim_OFFLINE&batchConfigMapStr=%7B%22inputFormat%22%3A%22csv%22%2C%22recordReader.prop.delimiter%22%3A%22%2C%22%7D"']
[2024-10-25T07:32:44.730+0000] {subprocess.py:86} INFO - Output:
[2024-10-25T07:32:44.796+0000] {subprocess.py:93} INFO -   % Total    % Received % Xferd  Average Speed   Time    Time     Time  Current
[2024-10-25T07:32:44.798+0000] {subprocess.py:93} INFO -                                  Dload  Upload   Total   Spent    Left  Speed
[2024-10-25T07:32:45.521+0000] {subprocess.py:93} INFO -   0     0    0     0    0     0      0      0 --:--:-- --:--:-- --:--:--     0100  2995  100   109  100  2886    150   3982 --:--:-- --:--:-- --:--:--  4131100  2995  100   109  100  2886    150   3982 --:--:-- --:--:-- --:--:--  4131
[2024-10-25T07:32:45.524+0000] {subprocess.py:93} INFO - {"status":"Successfully ingested file into table: account_dim_OFFLINE as segment: account_dim_1729841564902"}
[2024-10-25T07:32:45.528+0000] {subprocess.py:97} INFO - Command exited with return code 0
[2024-10-25T07:32:45.613+0000] {taskinstance.py:340} INFO - ::group::Post task execution logs
[2024-10-25T07:32:45.619+0000] {taskinstance.py:352} INFO - Marking task as SUCCESS. dag_id=dimension_batch_ingestion, task_id=ingest_account_data, run_id=manual__2024-10-25T07:31:54.231090+00:00, execution_date=20241025T073154, start_date=20241025T073244, end_date=20241025T073245
[2024-10-25T07:32:45.655+0000] {logging_mixin.py:190} INFO - Task instance in success state
[2024-10-25T07:32:45.657+0000] {logging_mixin.py:190} INFO -  Previous state of the Task instance: running
[2024-10-25T07:32:45.658+0000] {logging_mixin.py:190} INFO - Dag name:dimension_batch_ingestion queued_at:2024-10-25 07:31:54.254961+00:00
[2024-10-25T07:32:45.659+0000] {logging_mixin.py:190} INFO - Task hostname:d993b9f280d5 operator:BashOperator
[2024-10-25T07:32:45.699+0000] {local_task_job_runner.py:266} INFO - Task exited with return code 0
[2024-10-25T07:32:45.738+0000] {taskinstance.py:3900} INFO - 0 downstream tasks scheduled from follow-on schedule check
[2024-10-25T07:32:45.742+0000] {local_task_job_runner.py:245} INFO - ::endgroup::
