[2024-10-20T07:18:39.449+0000] {local_task_job_runner.py:123} INFO - ::group::Pre task execution logs
[2024-10-20T07:18:39.478+0000] {taskinstance.py:2612} INFO - Dependencies all met for dep_context=non-requeueable deps ti=<TaskInstance: branch_dim_generator.generate_branch_dim_data scheduled__2024-10-19T00:00:00+00:00 [queued]>
[2024-10-20T07:18:39.492+0000] {taskinstance.py:2612} INFO - Dependencies all met for dep_context=requeueable deps ti=<TaskInstance: branch_dim_generator.generate_branch_dim_data scheduled__2024-10-19T00:00:00+00:00 [queued]>
[2024-10-20T07:18:39.496+0000] {taskinstance.py:2865} INFO - Starting attempt 1 of 1
[2024-10-20T07:18:39.519+0000] {taskinstance.py:2888} INFO - Executing <Task(PythonOperator): generate_branch_dim_data> on 2024-10-19 00:00:00+00:00
[2024-10-20T07:18:39.531+0000] {warnings.py:112} WARNING - /home/***/.local/lib/python3.12/site-packages/***/task/task_runner/standard_task_runner.py:70: DeprecationWarning: This process (pid=164) is multi-threaded, use of fork() may lead to deadlocks in the child.
  pid = os.fork()

[2024-10-20T07:18:39.534+0000] {standard_task_runner.py:72} INFO - Started process 166 to run task
[2024-10-20T07:18:39.535+0000] {standard_task_runner.py:104} INFO - Running: ['***', 'tasks', 'run', 'branch_dim_generator', 'generate_branch_dim_data', 'scheduled__2024-10-19T00:00:00+00:00', '--job-id', '110', '--raw', '--subdir', 'DAGS_FOLDER/branch_dim_generator.py', '--cfg-path', '/tmp/tmpppf0ckia']
[2024-10-20T07:18:39.537+0000] {standard_task_runner.py:105} INFO - Job 110: Subtask generate_branch_dim_data
[2024-10-20T07:18:39.624+0000] {task_command.py:467} INFO - Running <TaskInstance: branch_dim_generator.generate_branch_dim_data scheduled__2024-10-19T00:00:00+00:00 [running]> on host b5fa23871e33
[2024-10-20T07:18:39.766+0000] {taskinstance.py:3131} INFO - Exporting env vars: AIRFLOW_CTX_DAG_OWNER='saisunny' AIRFLOW_CTX_DAG_ID='branch_dim_generator' AIRFLOW_CTX_TASK_ID='generate_branch_dim_data' AIRFLOW_CTX_EXECUTION_DATE='2024-10-19T00:00:00+00:00' AIRFLOW_CTX_TRY_NUMBER='1' AIRFLOW_CTX_DAG_RUN_ID='scheduled__2024-10-19T00:00:00+00:00'
[2024-10-20T07:18:39.769+0000] {logging_mixin.py:190} INFO - Task instance is in running state
[2024-10-20T07:18:39.770+0000] {logging_mixin.py:190} INFO -  Previous state of the Task instance: queued
[2024-10-20T07:18:39.771+0000] {logging_mixin.py:190} INFO - Current task name:generate_branch_dim_data state:running start_date:2024-10-20 07:18:39.479216+00:00
[2024-10-20T07:18:39.771+0000] {logging_mixin.py:190} INFO - Dag name:branch_dim_generator and current dag run status:running
[2024-10-20T07:18:39.773+0000] {taskinstance.py:731} INFO - ::endgroup::
[2024-10-20T07:18:39.785+0000] {logging_mixin.py:190} INFO - CSV file './branch_dim_large_data.csv' with 50 rows has been generated successfully.
[2024-10-20T07:18:39.787+0000] {python.py:240} INFO - Done. Returned value was: None
[2024-10-20T07:18:39.803+0000] {taskinstance.py:340} INFO - ::group::Post task execution logs
[2024-10-20T07:18:39.805+0000] {taskinstance.py:352} INFO - Marking task as SUCCESS. dag_id=branch_dim_generator, task_id=generate_branch_dim_data, run_id=scheduled__2024-10-19T00:00:00+00:00, execution_date=20241019T000000, start_date=20241020T071839, end_date=20241020T071839
[2024-10-20T07:18:39.824+0000] {logging_mixin.py:190} INFO - Task instance in success state
[2024-10-20T07:18:39.827+0000] {logging_mixin.py:190} INFO -  Previous state of the Task instance: running
[2024-10-20T07:18:39.828+0000] {logging_mixin.py:190} INFO - Dag name:branch_dim_generator queued_at:2024-10-20 07:18:35.495547+00:00
[2024-10-20T07:18:39.830+0000] {logging_mixin.py:190} INFO - Task hostname:b5fa23871e33 operator:PythonOperator
[2024-10-20T07:18:39.875+0000] {local_task_job_runner.py:266} INFO - Task exited with return code 0
[2024-10-20T07:18:39.907+0000] {taskinstance.py:3900} INFO - 0 downstream tasks scheduled from follow-on schedule check
[2024-10-20T07:18:39.914+0000] {local_task_job_runner.py:245} INFO - ::endgroup::
