[2024-10-21T19:37:54.441+0000] {local_task_job_runner.py:123} INFO - ::group::Pre task execution logs
[2024-10-21T19:37:54.461+0000] {taskinstance.py:2612} INFO - Dependencies all met for dep_context=non-requeueable deps ti=<TaskInstance: dimension_batch_ingestion.ingest_branch_data manual__2024-10-21T19:37:23.865436+00:00 [queued]>
[2024-10-21T19:37:54.474+0000] {taskinstance.py:2612} INFO - Dependencies all met for dep_context=requeueable deps ti=<TaskInstance: dimension_batch_ingestion.ingest_branch_data manual__2024-10-21T19:37:23.865436+00:00 [queued]>
[2024-10-21T19:37:54.475+0000] {taskinstance.py:2865} INFO - Starting attempt 1 of 1
[2024-10-21T19:37:54.496+0000] {taskinstance.py:2888} INFO - Executing <Task(BashOperator): ingest_branch_data> on 2024-10-21 19:37:23.865436+00:00
[2024-10-21T19:37:54.512+0000] {standard_task_runner.py:104} INFO - Running: ['***', 'tasks', 'run', 'dimension_batch_ingestion', 'ingest_branch_data', 'manual__2024-10-21T19:37:23.865436+00:00', '--job-id', '192', '--raw', '--subdir', 'DAGS_FOLDER/loader_dag.py', '--cfg-path', '/tmp/tmpqn3_quq3']
[2024-10-21T19:37:54.511+0000] {warnings.py:112} WARNING - /home/***/.local/lib/python3.12/site-packages/***/task/task_runner/standard_task_runner.py:70: DeprecationWarning: This process (pid=256) is multi-threaded, use of fork() may lead to deadlocks in the child.
  pid = os.fork()

[2024-10-21T19:37:54.533+0000] {standard_task_runner.py:105} INFO - Job 192: Subtask ingest_branch_data
[2024-10-21T19:37:54.534+0000] {standard_task_runner.py:72} INFO - Started process 267 to run task
[2024-10-21T19:37:54.631+0000] {task_command.py:467} INFO - Running <TaskInstance: dimension_batch_ingestion.ingest_branch_data manual__2024-10-21T19:37:23.865436+00:00 [running]> on host b5877bc8e957
[2024-10-21T19:37:54.797+0000] {taskinstance.py:3131} INFO - Exporting env vars: AIRFLOW_CTX_DAG_OWNER='saisunny' AIRFLOW_CTX_DAG_ID='dimension_batch_ingestion' AIRFLOW_CTX_TASK_ID='ingest_branch_data' AIRFLOW_CTX_EXECUTION_DATE='2024-10-21T19:37:23.865436+00:00' AIRFLOW_CTX_TRY_NUMBER='1' AIRFLOW_CTX_DAG_RUN_ID='manual__2024-10-21T19:37:23.865436+00:00'
[2024-10-21T19:37:54.800+0000] {logging_mixin.py:190} INFO - Task instance is in running state
[2024-10-21T19:37:54.801+0000] {logging_mixin.py:190} INFO -  Previous state of the Task instance: queued
[2024-10-21T19:37:54.802+0000] {logging_mixin.py:190} INFO - Current task name:ingest_branch_data state:running start_date:2024-10-21 19:37:54.462890+00:00
[2024-10-21T19:37:54.803+0000] {logging_mixin.py:190} INFO - Dag name:dimension_batch_ingestion and current dag run status:running
[2024-10-21T19:37:54.803+0000] {taskinstance.py:731} INFO - ::endgroup::
[2024-10-21T19:37:54.805+0000] {subprocess.py:63} INFO - Tmp dir root location: /tmp
[2024-10-21T19:37:54.807+0000] {subprocess.py:75} INFO - Running command: ['/usr/bin/bash', '-c', 'curl -X POST -F file=@/opt/***/branch_dim_large_data.csv -H "Content-Type: multipart/form-data" "http://pinot-controller:9000/ingestFromFile?tableNameWithType=branch_dim_OFFLINE&batchConfigMapStr=%7B%22inputFormat%22%3A%22csv%22%2C%22recordReader.prop.delimiter%22%3A%22%2C%22%7D"']
[2024-10-21T19:37:54.828+0000] {subprocess.py:86} INFO - Output:
[2024-10-21T19:37:54.892+0000] {subprocess.py:93} INFO -   % Total    % Received % Xferd  Average Speed   Time    Time     Time  Current
[2024-10-21T19:37:54.893+0000] {subprocess.py:93} INFO -                                  Dload  Upload   Total   Spent    Left  Speed
[2024-10-21T19:37:56.761+0000] {subprocess.py:93} INFO -   0     0    0     0    0     0      0      0 --:--:-- --:--:-- --:--:--     0100  3924    0     0  100  3924      0   3259  0:00:01  0:00:01 --:--:--  3261100  4031  100   107  100  3924     57   2098  0:00:01  0:00:01 --:--:--  2155100  4031  100   107  100  3924     57   2098  0:00:01  0:00:01 --:--:--  2155
[2024-10-21T19:37:56.770+0000] {subprocess.py:93} INFO - {"status":"Successfully ingested file into table: branch_dim_OFFLINE as segment: branch_dim_1729539474921"}
[2024-10-21T19:37:56.772+0000] {subprocess.py:97} INFO - Command exited with return code 0
[2024-10-21T19:37:56.828+0000] {taskinstance.py:340} INFO - ::group::Post task execution logs
[2024-10-21T19:37:56.829+0000] {taskinstance.py:352} INFO - Marking task as SUCCESS. dag_id=dimension_batch_ingestion, task_id=ingest_branch_data, run_id=manual__2024-10-21T19:37:23.865436+00:00, execution_date=20241021T193723, start_date=20241021T193754, end_date=20241021T193756
[2024-10-21T19:37:56.852+0000] {logging_mixin.py:190} INFO - Task instance in success state
[2024-10-21T19:37:56.854+0000] {logging_mixin.py:190} INFO -  Previous state of the Task instance: running
[2024-10-21T19:37:56.855+0000] {logging_mixin.py:190} INFO - Dag name:dimension_batch_ingestion queued_at:2024-10-21 19:37:23.895527+00:00
[2024-10-21T19:37:56.856+0000] {logging_mixin.py:190} INFO - Task hostname:b5877bc8e957 operator:BashOperator
[2024-10-21T19:37:56.883+0000] {local_task_job_runner.py:266} INFO - Task exited with return code 0
[2024-10-21T19:37:56.924+0000] {taskinstance.py:3900} INFO - 0 downstream tasks scheduled from follow-on schedule check
[2024-10-21T19:37:56.927+0000] {local_task_job_runner.py:245} INFO - ::endgroup::
