[2024-10-21T05:36:10.488+0000] {local_task_job_runner.py:123} INFO - ::group::Pre task execution logs
[2024-10-21T05:36:10.507+0000] {taskinstance.py:2612} INFO - Dependencies all met for dep_context=non-requeueable deps ti=<TaskInstance: schema_dag.submit_schema manual__2024-10-21T05:36:06.278755+00:00 [queued]>
[2024-10-21T05:36:10.517+0000] {taskinstance.py:2612} INFO - Dependencies all met for dep_context=requeueable deps ti=<TaskInstance: schema_dag.submit_schema manual__2024-10-21T05:36:06.278755+00:00 [queued]>
[2024-10-21T05:36:10.518+0000] {taskinstance.py:2865} INFO - Starting attempt 1 of 1
[2024-10-21T05:36:10.537+0000] {taskinstance.py:2888} INFO - Executing <Task(PinotSchemaSubmitOperator): submit_schema> on 2024-10-21 05:36:06.278755+00:00
[2024-10-21T05:36:10.550+0000] {warnings.py:112} WARNING - /home/***/.local/lib/python3.12/site-packages/***/task/task_runner/standard_task_runner.py:70: DeprecationWarning: This process (pid=394) is multi-threaded, use of fork() may lead to deadlocks in the child.
  pid = os.fork()

[2024-10-21T05:36:10.552+0000] {standard_task_runner.py:72} INFO - Started process 396 to run task
[2024-10-21T05:36:10.553+0000] {standard_task_runner.py:104} INFO - Running: ['***', 'tasks', 'run', 'schema_dag', 'submit_schema', 'manual__2024-10-21T05:36:06.278755+00:00', '--job-id', '153', '--raw', '--subdir', 'DAGS_FOLDER/schema_dag.py', '--cfg-path', '/tmp/tmp6l7bq0hv']
[2024-10-21T05:36:10.555+0000] {standard_task_runner.py:105} INFO - Job 153: Subtask submit_schema
[2024-10-21T05:36:10.624+0000] {task_command.py:467} INFO - Running <TaskInstance: schema_dag.submit_schema manual__2024-10-21T05:36:06.278755+00:00 [running]> on host b5fa23871e33
[2024-10-21T05:36:10.737+0000] {taskinstance.py:3131} INFO - Exporting env vars: AIRFLOW_CTX_DAG_OWNER='saisunny' AIRFLOW_CTX_DAG_ID='schema_dag' AIRFLOW_CTX_TASK_ID='submit_schema' AIRFLOW_CTX_EXECUTION_DATE='2024-10-21T05:36:06.278755+00:00' AIRFLOW_CTX_TRY_NUMBER='1' AIRFLOW_CTX_DAG_RUN_ID='manual__2024-10-21T05:36:06.278755+00:00'
[2024-10-21T05:36:10.738+0000] {logging_mixin.py:190} INFO - Task instance is in running state
[2024-10-21T05:36:10.739+0000] {logging_mixin.py:190} INFO -  Previous state of the Task instance: queued
[2024-10-21T05:36:10.740+0000] {logging_mixin.py:190} INFO - Current task name:submit_schema state:running start_date:2024-10-21 05:36:10.508407+00:00
[2024-10-21T05:36:10.741+0000] {logging_mixin.py:190} INFO - Dag name:schema_dag and current dag run status:running
[2024-10-21T05:36:10.742+0000] {taskinstance.py:731} INFO - ::endgroup::
[2024-10-21T05:36:10.867+0000] {pinot_schema_operator.py:30} INFO - /opt/***/dags/schemas/account_dim_schema.json Schema Successfully Submitted To Apache Pinot!
[2024-10-21T05:36:10.889+0000] {pinot_schema_operator.py:30} INFO - /opt/***/dags/schemas/branch_dim_schema.json Schema Successfully Submitted To Apache Pinot!
[2024-10-21T05:36:10.911+0000] {pinot_schema_operator.py:30} INFO - /opt/***/dags/schemas/customer_dim_schema.json Schema Successfully Submitted To Apache Pinot!
[2024-10-21T05:36:10.950+0000] {pinot_schema_operator.py:30} INFO - /opt/***/dags/schemas/transaction_facts_schema.json Schema Successfully Submitted To Apache Pinot!
[2024-10-21T05:36:10.965+0000] {taskinstance.py:340} INFO - ::group::Post task execution logs
[2024-10-21T05:36:10.966+0000] {taskinstance.py:352} INFO - Marking task as SUCCESS. dag_id=schema_dag, task_id=submit_schema, run_id=manual__2024-10-21T05:36:06.278755+00:00, execution_date=20241021T053606, start_date=20241021T053610, end_date=20241021T053610
[2024-10-21T05:36:10.981+0000] {logging_mixin.py:190} INFO - Task instance in success state
[2024-10-21T05:36:10.982+0000] {logging_mixin.py:190} INFO -  Previous state of the Task instance: running
[2024-10-21T05:36:10.983+0000] {logging_mixin.py:190} INFO - Dag name:schema_dag queued_at:2024-10-21 05:36:06.298860+00:00
[2024-10-21T05:36:10.984+0000] {logging_mixin.py:190} INFO - Task hostname:b5fa23871e33 operator:PinotSchemaSubmitOperator
[2024-10-21T05:36:11.011+0000] {local_task_job_runner.py:266} INFO - Task exited with return code 0
[2024-10-21T05:36:11.034+0000] {taskinstance.py:3900} INFO - 0 downstream tasks scheduled from follow-on schedule check
[2024-10-21T05:36:11.036+0000] {local_task_job_runner.py:245} INFO - ::endgroup::
