[2024-10-20T07:20:20.817+0000] {local_task_job_runner.py:123} INFO - ::group::Pre task execution logs
[2024-10-20T07:20:20.850+0000] {taskinstance.py:2612} INFO - Dependencies all met for dep_context=non-requeueable deps ti=<TaskInstance: transaction_facts_generator.generate_txn_fact_data manual__2024-10-20T07:20:14.233235+00:00 [queued]>
[2024-10-20T07:20:20.874+0000] {taskinstance.py:2612} INFO - Dependencies all met for dep_context=requeueable deps ti=<TaskInstance: transaction_facts_generator.generate_txn_fact_data manual__2024-10-20T07:20:14.233235+00:00 [queued]>
[2024-10-20T07:20:20.875+0000] {taskinstance.py:2865} INFO - Starting attempt 1 of 1
[2024-10-20T07:20:20.912+0000] {taskinstance.py:2888} INFO - Executing <Task(KafkaProduceOperator): generate_txn_fact_data> on 2024-10-20 07:20:14.233235+00:00
[2024-10-20T07:20:20.929+0000] {warnings.py:112} WARNING - /home/***/.local/lib/python3.12/site-packages/***/task/task_runner/standard_task_runner.py:70: DeprecationWarning: This process (pid=203) is multi-threaded, use of fork() may lead to deadlocks in the child.
  pid = os.fork()

[2024-10-20T07:20:20.930+0000] {standard_task_runner.py:104} INFO - Running: ['***', 'tasks', 'run', 'transaction_facts_generator', 'generate_txn_fact_data', 'manual__2024-10-20T07:20:14.233235+00:00', '--job-id', '115', '--raw', '--subdir', 'DAGS_FOLDER/transaction_facts_generator.py', '--cfg-path', '/tmp/tmp022urwr6']
[2024-10-20T07:20:20.935+0000] {standard_task_runner.py:72} INFO - Started process 208 to run task
[2024-10-20T07:20:20.936+0000] {standard_task_runner.py:105} INFO - Job 115: Subtask generate_txn_fact_data
[2024-10-20T07:20:21.068+0000] {task_command.py:467} INFO - Running <TaskInstance: transaction_facts_generator.generate_txn_fact_data manual__2024-10-20T07:20:14.233235+00:00 [running]> on host b5fa23871e33
[2024-10-20T07:20:21.219+0000] {taskinstance.py:3131} INFO - Exporting env vars: AIRFLOW_CTX_DAG_OWNER='saisunny' AIRFLOW_CTX_DAG_ID='transaction_facts_generator' AIRFLOW_CTX_TASK_ID='generate_txn_fact_data' AIRFLOW_CTX_EXECUTION_DATE='2024-10-20T07:20:14.233235+00:00' AIRFLOW_CTX_TRY_NUMBER='1' AIRFLOW_CTX_DAG_RUN_ID='manual__2024-10-20T07:20:14.233235+00:00'
[2024-10-20T07:20:21.221+0000] {logging_mixin.py:190} INFO - Task instance is in running state
[2024-10-20T07:20:21.222+0000] {logging_mixin.py:190} INFO -  Previous state of the Task instance: queued
[2024-10-20T07:20:21.223+0000] {logging_mixin.py:190} INFO - Current task name:generate_txn_fact_data state:running start_date:2024-10-20 07:20:20.851717+00:00
[2024-10-20T07:20:21.224+0000] {logging_mixin.py:190} INFO - Dag name:transaction_facts_generator and current dag run status:running
[2024-10-20T07:20:21.224+0000] {taskinstance.py:731} INFO - ::endgroup::
[2024-10-20T07:20:21.228+0000] {conn.py:362} INFO - <BrokerConnection node_id=bootstrap-0 host=kafka_broker:9092 <connecting> [IPv4 ('172.20.0.4', 9092)]>: connecting to kafka_broker:9092 [('172.20.0.4', 9092) IPv4]
[2024-10-20T07:20:21.230+0000] {conn.py:957} INFO - Probing node bootstrap-0 broker version
[2024-10-20T07:20:21.234+0000] {conn.py:393} INFO - <BrokerConnection node_id=bootstrap-0 host=kafka_broker:9092 <connecting> [IPv4 ('172.20.0.4', 9092)]>: Connection complete.
[2024-10-20T07:20:21.339+0000] {conn.py:1019} INFO - Broker version identified as 2.5.0
[2024-10-20T07:20:21.340+0000] {conn.py:1020} INFO - Set configuration api_version=(2, 5, 0) to skip auto check_version requests on startup
[2024-10-20T07:20:21.349+0000] {kafka_operator.py:62} INFO - Produced row: {'transaction_id': 'T000000', 'transaction_type': 'Transfer', 'currency': 'GBP', 'branch_id': 'B00094', 'transaction_date': 1716103221347, 'transaction_amount': 1887.26, 'exchange_rate': 0.9401, 'customer_id': 'C00019', 'account_id': 'A00074'} of 0
[2024-10-20T07:20:21.350+0000] {conn.py:362} INFO - <BrokerConnection node_id=0 host=kafka_broker:9092 <connecting> [IPv4 ('172.20.0.4', 9092)]>: connecting to kafka_broker:9092 [('172.20.0.4', 9092) IPv4]
[2024-10-20T07:20:21.351+0000] {kafka_operator.py:62} INFO - Produced row: {'transaction_id': 'T000001', 'transaction_type': 'Credit', 'currency': 'USD', 'branch_id': 'B00075', 'transaction_date': 1712733621351, 'transaction_amount': 3393.78, 'exchange_rate': 1.1417, 'customer_id': 'C00061', 'account_id': 'A00037'} of 1
[2024-10-20T07:20:21.353+0000] {conn.py:393} INFO - <BrokerConnection node_id=0 host=kafka_broker:9092 <connecting> [IPv4 ('172.20.0.4', 9092)]>: Connection complete.
[2024-10-20T07:20:21.353+0000] {kafka_operator.py:62} INFO - Produced row: {'transaction_id': 'T000002', 'transaction_type': 'Transfer', 'currency': 'EUR', 'branch_id': 'B00021', 'transaction_date': 1721632821353, 'transaction_amount': 5382.78, 'exchange_rate': 1.1975, 'customer_id': 'C00071', 'account_id': 'A00026'} of 2
[2024-10-20T07:20:21.355+0000] {conn.py:673} INFO - <BrokerConnection node_id=bootstrap-0 host=kafka_broker:9092 <connected> [IPv4 ('172.20.0.4', 9092)]>: Closing connection. 
[2024-10-20T07:20:21.355+0000] {kafka_operator.py:62} INFO - Produced row: {'transaction_id': 'T000003', 'transaction_type': 'Withdrawal', 'currency': 'USD', 'branch_id': 'B00076', 'transaction_date': 1719472821355, 'transaction_amount': 7722.15, 'exchange_rate': 0.8357, 'customer_id': 'C00046', 'account_id': 'A00089'} of 3
[2024-10-20T07:20:21.359+0000] {kafka_operator.py:62} INFO - Produced row: {'transaction_id': 'T000004', 'transaction_type': 'Transfer', 'currency': 'EUR', 'branch_id': 'B00069', 'transaction_date': 1709018421358, 'transaction_amount': 9171.66, 'exchange_rate': 0.7376, 'customer_id': 'C00054', 'account_id': 'A00099'} of 4
[2024-10-20T07:20:21.362+0000] {kafka_operator.py:62} INFO - Produced row: {'transaction_id': 'T000005', 'transaction_type': 'Credit', 'currency': 'USD', 'branch_id': 'B00038', 'transaction_date': 1707895221362, 'transaction_amount': 786.49, 'exchange_rate': 1.038, 'customer_id': 'C00035', 'account_id': 'A00024'} of 5
[2024-10-20T07:20:21.363+0000] {kafka_operator.py:62} INFO - Produced row: {'transaction_id': 'T000006', 'transaction_type': 'Deposit', 'currency': 'GBP', 'branch_id': 'B00035', 'transaction_date': 1715325621363, 'transaction_amount': 123.22, 'exchange_rate': 0.5071, 'customer_id': 'C00077', 'account_id': 'A00031'} of 6
[2024-10-20T07:20:21.365+0000] {kafka_operator.py:62} INFO - Produced row: {'transaction_id': 'T000007', 'transaction_type': 'Credit', 'currency': 'EUR', 'branch_id': 'B00016', 'transaction_date': 1698736821365, 'transaction_amount': 5271.67, 'exchange_rate': 1.0002, 'customer_id': 'C00030', 'account_id': 'A00025'} of 7
[2024-10-20T07:20:21.367+0000] {kafka_operator.py:62} INFO - Produced row: {'transaction_id': 'T000008', 'transaction_type': 'Transfer', 'currency': 'INR', 'branch_id': 'B00041', 'transaction_date': 1705476021366, 'transaction_amount': 8377.68, 'exchange_rate': 1.0688, 'customer_id': 'C00071', 'account_id': 'A00086'} of 8
[2024-10-20T07:20:21.369+0000] {kafka_operator.py:62} INFO - Produced row: {'transaction_id': 'T000009', 'transaction_type': 'Credit', 'currency': 'GBP', 'branch_id': 'B00075', 'transaction_date': 1704784821368, 'transaction_amount': 1534.55, 'exchange_rate': 1.4222, 'customer_id': 'C00097', 'account_id': 'A00077'} of 9
[2024-10-20T07:20:21.372+0000] {kafka_operator.py:62} INFO - Produced row: {'transaction_id': 'T000010', 'transaction_type': 'Transfer', 'currency': 'INR', 'branch_id': 'B00042', 'transaction_date': 1719300021371, 'transaction_amount': 8875.77, 'exchange_rate': 1.1312, 'customer_id': 'C00091', 'account_id': 'A00010'} of 10
[2024-10-20T07:20:21.373+0000] {kafka_operator.py:62} INFO - Produced row: {'transaction_id': 'T000011', 'transaction_type': 'Withdrawal', 'currency': 'USD', 'branch_id': 'B00055', 'transaction_date': 1706685621373, 'transaction_amount': 5052.27, 'exchange_rate': 0.911, 'customer_id': 'C00016', 'account_id': 'A00037'} of 11
[2024-10-20T07:20:21.375+0000] {kafka_operator.py:62} INFO - Produced row: {'transaction_id': 'T000012', 'transaction_type': 'Deposit', 'currency': 'INR', 'branch_id': 'B00065', 'transaction_date': 1708068021375, 'transaction_amount': 9419.14, 'exchange_rate': 1.1357, 'customer_id': 'C00010', 'account_id': 'A00022'} of 12
[2024-10-20T07:20:21.377+0000] {kafka_operator.py:62} INFO - Produced row: {'transaction_id': 'T000013', 'transaction_type': 'Deposit', 'currency': 'INR', 'branch_id': 'B00009', 'transaction_date': 1729149621377, 'transaction_amount': 2024.68, 'exchange_rate': 0.8907, 'customer_id': 'C00047', 'account_id': 'A00009'} of 13
[2024-10-20T07:20:21.380+0000] {kafka_operator.py:62} INFO - Produced row: {'transaction_id': 'T000014', 'transaction_type': 'Debit', 'currency': 'INR', 'branch_id': 'B00070', 'transaction_date': 1703488821379, 'transaction_amount': 6582.44, 'exchange_rate': 0.6524, 'customer_id': 'C00056', 'account_id': 'A00016'} of 14
[2024-10-20T07:20:21.384+0000] {kafka_operator.py:62} INFO - Produced row: {'transaction_id': 'T000015', 'transaction_type': 'Deposit', 'currency': 'GBP', 'branch_id': 'B00022', 'transaction_date': 1698650421383, 'transaction_amount': 4390.0, 'exchange_rate': 0.9389, 'customer_id': 'C00056', 'account_id': 'A00075'} of 15
[2024-10-20T07:20:21.387+0000] {kafka_operator.py:62} INFO - Produced row: {'transaction_id': 'T000016', 'transaction_type': 'Deposit', 'currency': 'INR', 'branch_id': 'B00005', 'transaction_date': 1722496821386, 'transaction_amount': 1106.64, 'exchange_rate': 1.3554, 'customer_id': 'C00025', 'account_id': 'A00067'} of 16
[2024-10-20T07:20:21.389+0000] {kafka_operator.py:62} INFO - Produced row: {'transaction_id': 'T000017', 'transaction_type': 'Transfer', 'currency': 'INR', 'branch_id': 'B00042', 'transaction_date': 1720682421389, 'transaction_amount': 7678.75, 'exchange_rate': 1.2474, 'customer_id': 'C00060', 'account_id': 'A00086'} of 17
[2024-10-20T07:20:21.391+0000] {kafka_operator.py:62} INFO - Produced row: {'transaction_id': 'T000018', 'transaction_type': 'Transfer', 'currency': 'USD', 'branch_id': 'B00067', 'transaction_date': 1720596021391, 'transaction_amount': 3120.42, 'exchange_rate': 1.4305, 'customer_id': 'C00016', 'account_id': 'A00072'} of 18
[2024-10-20T07:20:21.393+0000] {kafka_operator.py:62} INFO - Produced row: {'transaction_id': 'T000019', 'transaction_type': 'Deposit', 'currency': 'EUR', 'branch_id': 'B00017', 'transaction_date': 1720682421392, 'transaction_amount': 9259.49, 'exchange_rate': 0.9786, 'customer_id': 'C00095', 'account_id': 'A00013'} of 19
[2024-10-20T07:20:21.395+0000] {kafka_operator.py:62} INFO - Produced row: {'transaction_id': 'T000020', 'transaction_type': 'Transfer', 'currency': 'EUR', 'branch_id': 'B00011', 'transaction_date': 1718436021395, 'transaction_amount': 5440.3, 'exchange_rate': 0.9107, 'customer_id': 'C00010', 'account_id': 'A00002'} of 20
[2024-10-20T07:20:21.397+0000] {kafka_operator.py:62} INFO - Produced row: {'transaction_id': 'T000021', 'transaction_type': 'Debit', 'currency': 'INR', 'branch_id': 'B00072', 'transaction_date': 1711524021397, 'transaction_amount': 6738.11, 'exchange_rate': 1.1454, 'customer_id': 'C00079', 'account_id': 'A00057'} of 21
[2024-10-20T07:20:21.399+0000] {kafka_operator.py:62} INFO - Produced row: {'transaction_id': 'T000022', 'transaction_type': 'Transfer', 'currency': 'USD', 'branch_id': 'B00093', 'transaction_date': 1712388021399, 'transaction_amount': 7834.01, 'exchange_rate': 0.9465, 'customer_id': 'C00006', 'account_id': 'A00043'} of 22
[2024-10-20T07:20:21.402+0000] {kafka_operator.py:62} INFO - Produced row: {'transaction_id': 'T000023', 'transaction_type': 'Withdrawal', 'currency': 'USD', 'branch_id': 'B00057', 'transaction_date': 1708154421401, 'transaction_amount': 5221.08, 'exchange_rate': 0.7416, 'customer_id': 'C00024', 'account_id': 'A00074'} of 23
[2024-10-20T07:20:21.405+0000] {kafka_operator.py:62} INFO - Produced row: {'transaction_id': 'T000024', 'transaction_type': 'Withdrawal', 'currency': 'INR', 'branch_id': 'B00051', 'transaction_date': 1725261621405, 'transaction_amount': 8272.76, 'exchange_rate': 1.4404, 'customer_id': 'C00033', 'account_id': 'A00037'} of 24
[2024-10-20T07:20:21.407+0000] {kafka_operator.py:62} INFO - Produced row: {'transaction_id': 'T000025', 'transaction_type': 'Withdrawal', 'currency': 'EUR', 'branch_id': 'B00076', 'transaction_date': 1720164021406, 'transaction_amount': 4144.31, 'exchange_rate': 0.6253, 'customer_id': 'C00044', 'account_id': 'A00078'} of 25
[2024-10-20T07:20:21.409+0000] {kafka_operator.py:62} INFO - Produced row: {'transaction_id': 'T000026', 'transaction_type': 'Deposit', 'currency': 'GBP', 'branch_id': 'B00060', 'transaction_date': 1702624821408, 'transaction_amount': 5597.47, 'exchange_rate': 0.5416, 'customer_id': 'C00066', 'account_id': 'A00093'} of 26
[2024-10-20T07:20:21.411+0000] {kafka_operator.py:62} INFO - Produced row: {'transaction_id': 'T000027', 'transaction_type': 'Withdrawal', 'currency': 'USD', 'branch_id': 'B00003', 'transaction_date': 1707981621411, 'transaction_amount': 5218.23, 'exchange_rate': 1.391, 'customer_id': 'C00081', 'account_id': 'A00024'} of 27
[2024-10-20T07:20:21.413+0000] {kafka_operator.py:62} INFO - Produced row: {'transaction_id': 'T000028', 'transaction_type': 'Credit', 'currency': 'GBP', 'branch_id': 'B00096', 'transaction_date': 1719386421412, 'transaction_amount': 8867.17, 'exchange_rate': 1.0331, 'customer_id': 'C00023', 'account_id': 'A00060'} of 28
[2024-10-20T07:20:21.414+0000] {kafka_operator.py:62} INFO - Produced row: {'transaction_id': 'T000029', 'transaction_type': 'Deposit', 'currency': 'GBP', 'branch_id': 'B00094', 'transaction_date': 1699600821414, 'transaction_amount': 1663.26, 'exchange_rate': 1.0104, 'customer_id': 'C00001', 'account_id': 'A00100'} of 29
[2024-10-20T07:20:21.416+0000] {kafka_operator.py:62} INFO - Produced row: {'transaction_id': 'T000030', 'transaction_type': 'Transfer', 'currency': 'EUR', 'branch_id': 'B00042', 'transaction_date': 1709536821415, 'transaction_amount': 593.56, 'exchange_rate': 1.4297, 'customer_id': 'C00083', 'account_id': 'A00053'} of 30
[2024-10-20T07:20:21.417+0000] {kafka_operator.py:62} INFO - Produced row: {'transaction_id': 'T000031', 'transaction_type': 'Withdrawal', 'currency': 'GBP', 'branch_id': 'B00006', 'transaction_date': 1727940021417, 'transaction_amount': 8299.73, 'exchange_rate': 0.7378, 'customer_id': 'C00010', 'account_id': 'A00080'} of 31
[2024-10-20T07:20:21.419+0000] {kafka_operator.py:62} INFO - Produced row: {'transaction_id': 'T000032', 'transaction_type': 'Transfer', 'currency': 'INR', 'branch_id': 'B00094', 'transaction_date': 1724224821419, 'transaction_amount': 4383.38, 'exchange_rate': 0.7758, 'customer_id': 'C00052', 'account_id': 'A00048'} of 32
[2024-10-20T07:20:21.420+0000] {kafka_operator.py:62} INFO - Produced row: {'transaction_id': 'T000033', 'transaction_type': 'Debit', 'currency': 'USD', 'branch_id': 'B00051', 'transaction_date': 1726384821420, 'transaction_amount': 614.15, 'exchange_rate': 1.1844, 'customer_id': 'C00099', 'account_id': 'A00037'} of 33
[2024-10-20T07:20:21.423+0000] {kafka_operator.py:62} INFO - Produced row: {'transaction_id': 'T000034', 'transaction_type': 'Transfer', 'currency': 'GBP', 'branch_id': 'B00073', 'transaction_date': 1703056821422, 'transaction_amount': 4714.16, 'exchange_rate': 1.2403, 'customer_id': 'C00090', 'account_id': 'A00079'} of 34
[2024-10-20T07:20:21.425+0000] {kafka_operator.py:62} INFO - Produced row: {'transaction_id': 'T000035', 'transaction_type': 'Deposit', 'currency': 'INR', 'branch_id': 'B00090', 'transaction_date': 1715671221425, 'transaction_amount': 7790.61, 'exchange_rate': 0.5539, 'customer_id': 'C00038', 'account_id': 'A00093'} of 35
[2024-10-20T07:20:21.426+0000] {kafka_operator.py:62} INFO - Produced row: {'transaction_id': 'T000036', 'transaction_type': 'Deposit', 'currency': 'USD', 'branch_id': 'B00062', 'transaction_date': 1698132021426, 'transaction_amount': 2854.39, 'exchange_rate': 0.9289, 'customer_id': 'C00073', 'account_id': 'A00085'} of 36
[2024-10-20T07:20:21.428+0000] {kafka_operator.py:62} INFO - Produced row: {'transaction_id': 'T000037', 'transaction_type': 'Withdrawal', 'currency': 'INR', 'branch_id': 'B00069', 'transaction_date': 1717485621428, 'transaction_amount': 131.01, 'exchange_rate': 0.6997, 'customer_id': 'C00066', 'account_id': 'A00045'} of 37
[2024-10-20T07:20:21.430+0000] {kafka_operator.py:62} INFO - Produced row: {'transaction_id': 'T000038', 'transaction_type': 'Credit', 'currency': 'INR', 'branch_id': 'B00097', 'transaction_date': 1706685621430, 'transaction_amount': 4281.4, 'exchange_rate': 1.1316, 'customer_id': 'C00023', 'account_id': 'A00040'} of 38
[2024-10-20T07:20:21.432+0000] {kafka_operator.py:62} INFO - Produced row: {'transaction_id': 'T000039', 'transaction_type': 'Transfer', 'currency': 'USD', 'branch_id': 'B00064', 'transaction_date': 1725002421432, 'transaction_amount': 3073.46, 'exchange_rate': 0.6021, 'customer_id': 'C00072', 'account_id': 'A00006'} of 39
[2024-10-20T07:20:21.434+0000] {kafka_operator.py:62} INFO - Produced row: {'transaction_id': 'T000040', 'transaction_type': 'Credit', 'currency': 'INR', 'branch_id': 'B00014', 'transaction_date': 1700292021434, 'transaction_amount': 5354.35, 'exchange_rate': 1.3942, 'customer_id': 'C00087', 'account_id': 'A00020'} of 40
[2024-10-20T07:20:21.436+0000] {kafka_operator.py:62} INFO - Produced row: {'transaction_id': 'T000041', 'transaction_type': 'Credit', 'currency': 'EUR', 'branch_id': 'B00014', 'transaction_date': 1727076021436, 'transaction_amount': 3642.55, 'exchange_rate': 0.687, 'customer_id': 'C00071', 'account_id': 'A00089'} of 41
[2024-10-20T07:20:21.438+0000] {kafka_operator.py:62} INFO - Produced row: {'transaction_id': 'T000042', 'transaction_type': 'Withdrawal', 'currency': 'USD', 'branch_id': 'B00036', 'transaction_date': 1715152821437, 'transaction_amount': 2915.3, 'exchange_rate': 1.3207, 'customer_id': 'C00063', 'account_id': 'A00090'} of 42
[2024-10-20T07:20:21.440+0000] {kafka_operator.py:62} INFO - Produced row: {'transaction_id': 'T000043', 'transaction_type': 'Transfer', 'currency': 'USD', 'branch_id': 'B00094', 'transaction_date': 1722583221439, 'transaction_amount': 4526.73, 'exchange_rate': 0.8213, 'customer_id': 'C00081', 'account_id': 'A00098'} of 43
[2024-10-20T07:20:21.441+0000] {kafka_operator.py:62} INFO - Produced row: {'transaction_id': 'T000044', 'transaction_type': 'Debit', 'currency': 'INR', 'branch_id': 'B00046', 'transaction_date': 1701933621441, 'transaction_amount': 1058.82, 'exchange_rate': 0.6531, 'customer_id': 'C00026', 'account_id': 'A00040'} of 44
[2024-10-20T07:20:21.442+0000] {kafka_operator.py:62} INFO - Produced row: {'transaction_id': 'T000045', 'transaction_type': 'Debit', 'currency': 'USD', 'branch_id': 'B00015', 'transaction_date': 1728717621442, 'transaction_amount': 4224.64, 'exchange_rate': 0.7174, 'customer_id': 'C00068', 'account_id': 'A00097'} of 45
[2024-10-20T07:20:21.444+0000] {kafka_operator.py:62} INFO - Produced row: {'transaction_id': 'T000046', 'transaction_type': 'Deposit', 'currency': 'GBP', 'branch_id': 'B00089', 'transaction_date': 1711956021444, 'transaction_amount': 3716.72, 'exchange_rate': 0.7088, 'customer_id': 'C00083', 'account_id': 'A00049'} of 46
[2024-10-20T07:20:21.448+0000] {kafka_operator.py:62} INFO - Produced row: {'transaction_id': 'T000047', 'transaction_type': 'Credit', 'currency': 'GBP', 'branch_id': 'B00037', 'transaction_date': 1711351221447, 'transaction_amount': 3048.17, 'exchange_rate': 1.395, 'customer_id': 'C00002', 'account_id': 'A00048'} of 47
[2024-10-20T07:20:21.450+0000] {kafka_operator.py:62} INFO - Produced row: {'transaction_id': 'T000048', 'transaction_type': 'Deposit', 'currency': 'GBP', 'branch_id': 'B00040', 'transaction_date': 1697872821450, 'transaction_amount': 3112.4, 'exchange_rate': 1.4726, 'customer_id': 'C00083', 'account_id': 'A00064'} of 48
[2024-10-20T07:20:21.453+0000] {kafka_operator.py:62} INFO - Produced row: {'transaction_id': 'T000049', 'transaction_type': 'Deposit', 'currency': 'GBP', 'branch_id': 'B00097', 'transaction_date': 1712906421453, 'transaction_amount': 1059.28, 'exchange_rate': 0.8617, 'customer_id': 'C00021', 'account_id': 'A00088'} of 49
[2024-10-20T07:20:21.455+0000] {kafka_operator.py:62} INFO - Produced row: {'transaction_id': 'T000050', 'transaction_type': 'Deposit', 'currency': 'EUR', 'branch_id': 'B00062', 'transaction_date': 1702365621455, 'transaction_amount': 7468.25, 'exchange_rate': 0.832, 'customer_id': 'C00036', 'account_id': 'A00002'} of 50
[2024-10-20T07:20:21.458+0000] {kafka_operator.py:62} INFO - Produced row: {'transaction_id': 'T000051', 'transaction_type': 'Credit', 'currency': 'GBP', 'branch_id': 'B00011', 'transaction_date': 1698996021458, 'transaction_amount': 8792.63, 'exchange_rate': 0.9117, 'customer_id': 'C00012', 'account_id': 'A00084'} of 51
[2024-10-20T07:20:21.461+0000] {kafka_operator.py:62} INFO - Produced row: {'transaction_id': 'T000052', 'transaction_type': 'Credit', 'currency': 'USD', 'branch_id': 'B00100', 'transaction_date': 1709104821461, 'transaction_amount': 8966.33, 'exchange_rate': 1.1672, 'customer_id': 'C00055', 'account_id': 'A00054'} of 52
[2024-10-20T07:20:21.462+0000] {kafka_operator.py:62} INFO - Produced row: {'transaction_id': 'T000053', 'transaction_type': 'Debit', 'currency': 'GBP', 'branch_id': 'B00006', 'transaction_date': 1705735221462, 'transaction_amount': 4403.18, 'exchange_rate': 0.6902, 'customer_id': 'C00068', 'account_id': 'A00061'} of 53
[2024-10-20T07:20:21.465+0000] {kafka_operator.py:62} INFO - Produced row: {'transaction_id': 'T000054', 'transaction_type': 'Deposit', 'currency': 'GBP', 'branch_id': 'B00079', 'transaction_date': 1724052021465, 'transaction_amount': 8563.05, 'exchange_rate': 0.5722, 'customer_id': 'C00092', 'account_id': 'A00056'} of 54
[2024-10-20T07:20:21.467+0000] {kafka_operator.py:62} INFO - Produced row: {'transaction_id': 'T000055', 'transaction_type': 'Transfer', 'currency': 'INR', 'branch_id': 'B00013', 'transaction_date': 1725088821467, 'transaction_amount': 8840.19, 'exchange_rate': 0.851, 'customer_id': 'C00033', 'account_id': 'A00096'} of 55
[2024-10-20T07:20:21.469+0000] {kafka_operator.py:62} INFO - Produced row: {'transaction_id': 'T000056', 'transaction_type': 'Debit', 'currency': 'GBP', 'branch_id': 'B00011', 'transaction_date': 1713597621469, 'transaction_amount': 2985.75, 'exchange_rate': 0.665, 'customer_id': 'C00029', 'account_id': 'A00025'} of 56
[2024-10-20T07:20:21.471+0000] {kafka_operator.py:62} INFO - Produced row: {'transaction_id': 'T000057', 'transaction_type': 'Debit', 'currency': 'GBP', 'branch_id': 'B00035', 'transaction_date': 1721632821471, 'transaction_amount': 303.52, 'exchange_rate': 1.3832, 'customer_id': 'C00006', 'account_id': 'A00034'} of 57
[2024-10-20T07:20:21.474+0000] {kafka_operator.py:62} INFO - Produced row: {'transaction_id': 'T000058', 'transaction_type': 'Withdrawal', 'currency': 'EUR', 'branch_id': 'B00005', 'transaction_date': 1713597621474, 'transaction_amount': 1778.45, 'exchange_rate': 1.3125, 'customer_id': 'C00072', 'account_id': 'A00033'} of 58
[2024-10-20T07:20:21.475+0000] {kafka_operator.py:62} INFO - Produced row: {'transaction_id': 'T000059', 'transaction_type': 'Credit', 'currency': 'GBP', 'branch_id': 'B00006', 'transaction_date': 1720423221475, 'transaction_amount': 4089.87, 'exchange_rate': 1.0803, 'customer_id': 'C00029', 'account_id': 'A00074'} of 59
[2024-10-20T07:20:21.477+0000] {kafka_operator.py:62} INFO - Produced row: {'transaction_id': 'T000060', 'transaction_type': 'Credit', 'currency': 'USD', 'branch_id': 'B00045', 'transaction_date': 1704007221477, 'transaction_amount': 6279.27, 'exchange_rate': 1.4981, 'customer_id': 'C00034', 'account_id': 'A00082'} of 60
[2024-10-20T07:20:21.479+0000] {kafka_operator.py:62} INFO - Produced row: {'transaction_id': 'T000061', 'transaction_type': 'Transfer', 'currency': 'GBP', 'branch_id': 'B00016', 'transaction_date': 1716880821478, 'transaction_amount': 9764.31, 'exchange_rate': 1.034, 'customer_id': 'C00066', 'account_id': 'A00030'} of 61
[2024-10-20T07:20:21.481+0000] {kafka_operator.py:62} INFO - Produced row: {'transaction_id': 'T000062', 'transaction_type': 'Withdrawal', 'currency': 'EUR', 'branch_id': 'B00018', 'transaction_date': 1723274421481, 'transaction_amount': 4217.92, 'exchange_rate': 0.6484, 'customer_id': 'C00086', 'account_id': 'A00069'} of 62
[2024-10-20T07:20:21.483+0000] {kafka_operator.py:62} INFO - Produced row: {'transaction_id': 'T000063', 'transaction_type': 'Transfer', 'currency': 'GBP', 'branch_id': 'B00025', 'transaction_date': 1709450421482, 'transaction_amount': 8153.55, 'exchange_rate': 1.2338, 'customer_id': 'C00075', 'account_id': 'A00037'} of 63
[2024-10-20T07:20:21.485+0000] {kafka_operator.py:62} INFO - Produced row: {'transaction_id': 'T000064', 'transaction_type': 'Credit', 'currency': 'GBP', 'branch_id': 'B00015', 'transaction_date': 1707290421485, 'transaction_amount': 8002.97, 'exchange_rate': 1.1562, 'customer_id': 'C00071', 'account_id': 'A00015'} of 64
[2024-10-20T07:20:21.487+0000] {kafka_operator.py:62} INFO - Produced row: {'transaction_id': 'T000065', 'transaction_type': 'Debit', 'currency': 'USD', 'branch_id': 'B00054', 'transaction_date': 1726298421486, 'transaction_amount': 9386.67, 'exchange_rate': 1.407, 'customer_id': 'C00098', 'account_id': 'A00089'} of 65
[2024-10-20T07:20:21.489+0000] {kafka_operator.py:62} INFO - Produced row: {'transaction_id': 'T000066', 'transaction_type': 'Transfer', 'currency': 'EUR', 'branch_id': 'B00030', 'transaction_date': 1721892021489, 'transaction_amount': 927.41, 'exchange_rate': 0.6756, 'customer_id': 'C00032', 'account_id': 'A00058'} of 66
[2024-10-20T07:20:21.491+0000] {kafka_operator.py:62} INFO - Produced row: {'transaction_id': 'T000067', 'transaction_type': 'Withdrawal', 'currency': 'USD', 'branch_id': 'B00051', 'transaction_date': 1705994421491, 'transaction_amount': 3782.14, 'exchange_rate': 0.7099, 'customer_id': 'C00039', 'account_id': 'A00029'} of 67
[2024-10-20T07:20:21.493+0000] {kafka_operator.py:62} INFO - Produced row: {'transaction_id': 'T000068', 'transaction_type': 'Deposit', 'currency': 'EUR', 'branch_id': 'B00076', 'transaction_date': 1722928821493, 'transaction_amount': 6227.06, 'exchange_rate': 0.8613, 'customer_id': 'C00100', 'account_id': 'A00099'} of 68
[2024-10-20T07:20:21.495+0000] {kafka_operator.py:62} INFO - Produced row: {'transaction_id': 'T000069', 'transaction_type': 'Withdrawal', 'currency': 'USD', 'branch_id': 'B00030', 'transaction_date': 1729322421495, 'transaction_amount': 9183.63, 'exchange_rate': 1.3739, 'customer_id': 'C00092', 'account_id': 'A00071'} of 69
[2024-10-20T07:20:21.497+0000] {kafka_operator.py:62} INFO - Produced row: {'transaction_id': 'T000070', 'transaction_type': 'Credit', 'currency': 'USD', 'branch_id': 'B00044', 'transaction_date': 1699514421496, 'transaction_amount': 9236.74, 'exchange_rate': 0.6499, 'customer_id': 'C00069', 'account_id': 'A00033'} of 70
[2024-10-20T07:20:21.499+0000] {kafka_operator.py:62} INFO - Produced row: {'transaction_id': 'T000071', 'transaction_type': 'Credit', 'currency': 'EUR', 'branch_id': 'B00036', 'transaction_date': 1708932021498, 'transaction_amount': 6239.58, 'exchange_rate': 0.762, 'customer_id': 'C00078', 'account_id': 'A00029'} of 71
[2024-10-20T07:20:21.501+0000] {kafka_operator.py:62} INFO - Produced row: {'transaction_id': 'T000072', 'transaction_type': 'Withdrawal', 'currency': 'USD', 'branch_id': 'B00090', 'transaction_date': 1718176821500, 'transaction_amount': 2038.27, 'exchange_rate': 1.3335, 'customer_id': 'C00088', 'account_id': 'A00037'} of 72
[2024-10-20T07:20:21.503+0000] {kafka_operator.py:62} INFO - Produced row: {'transaction_id': 'T000073', 'transaction_type': 'Credit', 'currency': 'GBP', 'branch_id': 'B00073', 'transaction_date': 1702452021502, 'transaction_amount': 9629.33, 'exchange_rate': 1.3729, 'customer_id': 'C00047', 'account_id': 'A00069'} of 73
[2024-10-20T07:20:21.505+0000] {kafka_operator.py:62} INFO - Produced row: {'transaction_id': 'T000074', 'transaction_type': 'Debit', 'currency': 'GBP', 'branch_id': 'B00029', 'transaction_date': 1704352821504, 'transaction_amount': 9776.73, 'exchange_rate': 0.6206, 'customer_id': 'C00052', 'account_id': 'A00100'} of 74
[2024-10-20T07:20:21.507+0000] {kafka_operator.py:62} INFO - Produced row: {'transaction_id': 'T000075', 'transaction_type': 'Transfer', 'currency': 'USD', 'branch_id': 'B00007', 'transaction_date': 1723533621507, 'transaction_amount': 9258.87, 'exchange_rate': 0.6326, 'customer_id': 'C00068', 'account_id': 'A00030'} of 75
[2024-10-20T07:20:21.509+0000] {kafka_operator.py:62} INFO - Produced row: {'transaction_id': 'T000076', 'transaction_type': 'Deposit', 'currency': 'INR', 'branch_id': 'B00014', 'transaction_date': 1720077621509, 'transaction_amount': 6530.42, 'exchange_rate': 0.5527, 'customer_id': 'C00026', 'account_id': 'A00088'} of 76
[2024-10-20T07:20:21.511+0000] {kafka_operator.py:62} INFO - Produced row: {'transaction_id': 'T000077', 'transaction_type': 'Deposit', 'currency': 'USD', 'branch_id': 'B00009', 'transaction_date': 1712560821510, 'transaction_amount': 7923.7, 'exchange_rate': 1.1018, 'customer_id': 'C00054', 'account_id': 'A00089'} of 77
[2024-10-20T07:20:21.513+0000] {kafka_operator.py:62} INFO - Produced row: {'transaction_id': 'T000078', 'transaction_type': 'Transfer', 'currency': 'USD', 'branch_id': 'B00008', 'transaction_date': 1709623221513, 'transaction_amount': 6843.3, 'exchange_rate': 0.5271, 'customer_id': 'C00015', 'account_id': 'A00055'} of 78
[2024-10-20T07:20:21.515+0000] {kafka_operator.py:62} INFO - Produced row: {'transaction_id': 'T000079', 'transaction_type': 'Debit', 'currency': 'EUR', 'branch_id': 'B00031', 'transaction_date': 1725607221515, 'transaction_amount': 8506.98, 'exchange_rate': 1.4915, 'customer_id': 'C00072', 'account_id': 'A00089'} of 79
[2024-10-20T07:20:21.517+0000] {kafka_operator.py:62} INFO - Produced row: {'transaction_id': 'T000080', 'transaction_type': 'Debit', 'currency': 'USD', 'branch_id': 'B00048', 'transaction_date': 1707117621517, 'transaction_amount': 7104.4, 'exchange_rate': 1.2998, 'customer_id': 'C00037', 'account_id': 'A00099'} of 80
[2024-10-20T07:20:21.519+0000] {kafka_operator.py:62} INFO - Produced row: {'transaction_id': 'T000081', 'transaction_type': 'Transfer', 'currency': 'USD', 'branch_id': 'B00063', 'transaction_date': 1703316021519, 'transaction_amount': 2918.73, 'exchange_rate': 1.1234, 'customer_id': 'C00091', 'account_id': 'A00027'} of 81
[2024-10-20T07:20:21.521+0000] {kafka_operator.py:62} INFO - Produced row: {'transaction_id': 'T000082', 'transaction_type': 'Credit', 'currency': 'INR', 'branch_id': 'B00079', 'transaction_date': 1727853621521, 'transaction_amount': 1855.76, 'exchange_rate': 1.3581, 'customer_id': 'C00036', 'account_id': 'A00088'} of 82
[2024-10-20T07:20:21.524+0000] {kafka_operator.py:62} INFO - Produced row: {'transaction_id': 'T000083', 'transaction_type': 'Debit', 'currency': 'EUR', 'branch_id': 'B00097', 'transaction_date': 1716189621523, 'transaction_amount': 3932.82, 'exchange_rate': 1.0398, 'customer_id': 'C00031', 'account_id': 'A00025'} of 83
[2024-10-20T07:20:21.528+0000] {kafka_operator.py:62} INFO - Produced row: {'transaction_id': 'T000084', 'transaction_type': 'Transfer', 'currency': 'INR', 'branch_id': 'B00054', 'transaction_date': 1719732021527, 'transaction_amount': 3213.89, 'exchange_rate': 0.6253, 'customer_id': 'C00039', 'account_id': 'A00006'} of 84
[2024-10-20T07:20:21.531+0000] {kafka_operator.py:62} INFO - Produced row: {'transaction_id': 'T000085', 'transaction_type': 'Transfer', 'currency': 'GBP', 'branch_id': 'B00089', 'transaction_date': 1718954421531, 'transaction_amount': 2814.15, 'exchange_rate': 1.0476, 'customer_id': 'C00017', 'account_id': 'A00095'} of 85
[2024-10-20T07:20:21.534+0000] {kafka_operator.py:62} INFO - Produced row: {'transaction_id': 'T000086', 'transaction_type': 'Credit', 'currency': 'GBP', 'branch_id': 'B00097', 'transaction_date': 1725952821534, 'transaction_amount': 2281.18, 'exchange_rate': 0.8367, 'customer_id': 'C00013', 'account_id': 'A00001'} of 86
[2024-10-20T07:20:21.535+0000] {kafka_operator.py:62} INFO - Produced row: {'transaction_id': 'T000087', 'transaction_type': 'Withdrawal', 'currency': 'GBP', 'branch_id': 'B00001', 'transaction_date': 1723965621535, 'transaction_amount': 3287.57, 'exchange_rate': 0.9487, 'customer_id': 'C00022', 'account_id': 'A00024'} of 87
[2024-10-20T07:20:21.537+0000] {kafka_operator.py:62} INFO - Produced row: {'transaction_id': 'T000088', 'transaction_type': 'Debit', 'currency': 'GBP', 'branch_id': 'B00046', 'transaction_date': 1717485621537, 'transaction_amount': 643.09, 'exchange_rate': 0.557, 'customer_id': 'C00028', 'account_id': 'A00010'} of 88
[2024-10-20T07:20:21.539+0000] {kafka_operator.py:62} INFO - Produced row: {'transaction_id': 'T000089', 'transaction_type': 'Debit', 'currency': 'EUR', 'branch_id': 'B00025', 'transaction_date': 1721200821539, 'transaction_amount': 8223.24, 'exchange_rate': 1.3335, 'customer_id': 'C00090', 'account_id': 'A00057'} of 89
[2024-10-20T07:20:21.541+0000] {kafka_operator.py:62} INFO - Produced row: {'transaction_id': 'T000090', 'transaction_type': 'Debit', 'currency': 'EUR', 'branch_id': 'B00092', 'transaction_date': 1704352821541, 'transaction_amount': 6989.17, 'exchange_rate': 0.9702, 'customer_id': 'C00025', 'account_id': 'A00087'} of 90
[2024-10-20T07:20:21.543+0000] {kafka_operator.py:62} INFO - Produced row: {'transaction_id': 'T000091', 'transaction_type': 'Debit', 'currency': 'USD', 'branch_id': 'B00059', 'transaction_date': 1729322421543, 'transaction_amount': 2191.72, 'exchange_rate': 0.7561, 'customer_id': 'C00082', 'account_id': 'A00018'} of 91
[2024-10-20T07:20:21.545+0000] {kafka_operator.py:62} INFO - Produced row: {'transaction_id': 'T000092', 'transaction_type': 'Credit', 'currency': 'INR', 'branch_id': 'B00070', 'transaction_date': 1704007221545, 'transaction_amount': 738.55, 'exchange_rate': 1.2051, 'customer_id': 'C00054', 'account_id': 'A00021'} of 92
[2024-10-20T07:20:21.548+0000] {kafka_operator.py:62} INFO - Produced row: {'transaction_id': 'T000093', 'transaction_type': 'Transfer', 'currency': 'USD', 'branch_id': 'B00089', 'transaction_date': 1726989621547, 'transaction_amount': 9565.32, 'exchange_rate': 0.5168, 'customer_id': 'C00015', 'account_id': 'A00046'} of 93
[2024-10-20T07:20:21.551+0000] {kafka_operator.py:62} INFO - Produced row: {'transaction_id': 'T000094', 'transaction_type': 'Withdrawal', 'currency': 'INR', 'branch_id': 'B00038', 'transaction_date': 1707463221550, 'transaction_amount': 4243.98, 'exchange_rate': 0.585, 'customer_id': 'C00031', 'account_id': 'A00083'} of 94
[2024-10-20T07:20:21.552+0000] {kafka_operator.py:62} INFO - Produced row: {'transaction_id': 'T000095', 'transaction_type': 'Withdrawal', 'currency': 'GBP', 'branch_id': 'B00096', 'transaction_date': 1716448821552, 'transaction_amount': 8973.93, 'exchange_rate': 1.2163, 'customer_id': 'C00067', 'account_id': 'A00070'} of 95
[2024-10-20T07:20:21.554+0000] {kafka_operator.py:62} INFO - Produced row: {'transaction_id': 'T000096', 'transaction_type': 'Debit', 'currency': 'EUR', 'branch_id': 'B00055', 'transaction_date': 1728631221554, 'transaction_amount': 4506.69, 'exchange_rate': 1.441, 'customer_id': 'C00048', 'account_id': 'A00003'} of 96
[2024-10-20T07:20:21.556+0000] {kafka_operator.py:62} INFO - Produced row: {'transaction_id': 'T000097', 'transaction_type': 'Withdrawal', 'currency': 'EUR', 'branch_id': 'B00074', 'transaction_date': 1717744821555, 'transaction_amount': 7973.35, 'exchange_rate': 1.4736, 'customer_id': 'C00087', 'account_id': 'A00018'} of 97
[2024-10-20T07:20:21.558+0000] {kafka_operator.py:62} INFO - Produced row: {'transaction_id': 'T000098', 'transaction_type': 'Transfer', 'currency': 'EUR', 'branch_id': 'B00022', 'transaction_date': 1715498421557, 'transaction_amount': 3770.68, 'exchange_rate': 0.95, 'customer_id': 'C00004', 'account_id': 'A00034'} of 98
[2024-10-20T07:20:21.559+0000] {kafka_operator.py:62} INFO - Produced row: {'transaction_id': 'T000099', 'transaction_type': 'Debit', 'currency': 'EUR', 'branch_id': 'B00062', 'transaction_date': 1704439221559, 'transaction_amount': 7967.75, 'exchange_rate': 0.6058, 'customer_id': 'C00077', 'account_id': 'A00070'} of 99
[2024-10-20T07:20:21.561+0000] {kafka_operator.py:62} INFO - Produced row: {'transaction_id': 'T000100', 'transaction_type': 'Credit', 'currency': 'EUR', 'branch_id': 'B00033', 'transaction_date': 1724484021561, 'transaction_amount': 5459.75, 'exchange_rate': 0.5272, 'customer_id': 'C00023', 'account_id': 'A00035'} of 100
[2024-10-20T07:20:21.563+0000] {kafka_operator.py:65} INFO - Produced 100 records of transaction which has been sent to the transaction_facts topic!
[2024-10-20T07:20:21.565+0000] {conn.py:673} INFO - <BrokerConnection node_id=0 host=kafka_broker:9092 <connected> [IPv4 ('172.20.0.4', 9092)]>: Closing connection. 
[2024-10-20T07:20:21.579+0000] {taskinstance.py:340} INFO - ::group::Post task execution logs
[2024-10-20T07:20:21.581+0000] {taskinstance.py:352} INFO - Marking task as SUCCESS. dag_id=transaction_facts_generator, task_id=generate_txn_fact_data, run_id=manual__2024-10-20T07:20:14.233235+00:00, execution_date=20241020T072014, start_date=20241020T072020, end_date=20241020T072021
[2024-10-20T07:20:21.598+0000] {logging_mixin.py:190} INFO - Task instance in success state
[2024-10-20T07:20:21.600+0000] {logging_mixin.py:190} INFO -  Previous state of the Task instance: running
[2024-10-20T07:20:21.601+0000] {logging_mixin.py:190} INFO - Dag name:transaction_facts_generator queued_at:2024-10-20 07:20:14.254733+00:00
[2024-10-20T07:20:21.602+0000] {logging_mixin.py:190} INFO - Task hostname:b5fa23871e33 operator:KafkaProduceOperator
[2024-10-20T07:20:21.646+0000] {local_task_job_runner.py:266} INFO - Task exited with return code 0
[2024-10-20T07:20:21.669+0000] {taskinstance.py:3900} INFO - 0 downstream tasks scheduled from follow-on schedule check
[2024-10-20T07:20:21.672+0000] {local_task_job_runner.py:245} INFO - ::endgroup::
