[2024-10-21T00:50:01.153+0000] {local_task_job_runner.py:123} INFO - ::group::Pre task execution logs
[2024-10-21T00:50:01.200+0000] {taskinstance.py:2612} INFO - Dependencies all met for dep_context=non-requeueable deps ti=<TaskInstance: dimension_batch_ingestion.ingest_branch_data manual__2024-10-21T00:49:56.887615+00:00 [queued]>
[2024-10-21T00:50:01.224+0000] {taskinstance.py:2612} INFO - Dependencies all met for dep_context=requeueable deps ti=<TaskInstance: dimension_batch_ingestion.ingest_branch_data manual__2024-10-21T00:49:56.887615+00:00 [queued]>
[2024-10-21T00:50:01.226+0000] {taskinstance.py:2865} INFO - Starting attempt 1 of 1
[2024-10-21T00:50:01.252+0000] {taskinstance.py:2888} INFO - Executing <Task(BashOperator): ingest_branch_data> on 2024-10-21 00:49:56.887615+00:00
[2024-10-21T00:50:01.275+0000] {warnings.py:112} WARNING - /home/***/.local/lib/python3.12/site-packages/***/task/task_runner/standard_task_runner.py:70: DeprecationWarning: This process (pid=1564) is multi-threaded, use of fork() may lead to deadlocks in the child.
  pid = os.fork()

[2024-10-21T00:50:01.278+0000] {standard_task_runner.py:72} INFO - Started process 1577 to run task
[2024-10-21T00:50:01.280+0000] {standard_task_runner.py:104} INFO - Running: ['***', 'tasks', 'run', 'dimension_batch_ingestion', 'ingest_branch_data', 'manual__2024-10-21T00:49:56.887615+00:00', '--job-id', '137', '--raw', '--subdir', 'DAGS_FOLDER/loader_dag.py', '--cfg-path', '/tmp/tmpfen2xfeu']
[2024-10-21T00:50:01.282+0000] {standard_task_runner.py:105} INFO - Job 137: Subtask ingest_branch_data
[2024-10-21T00:50:01.379+0000] {task_command.py:467} INFO - Running <TaskInstance: dimension_batch_ingestion.ingest_branch_data manual__2024-10-21T00:49:56.887615+00:00 [running]> on host b5fa23871e33
[2024-10-21T00:50:01.552+0000] {taskinstance.py:3131} INFO - Exporting env vars: AIRFLOW_CTX_DAG_OWNER='saisunny' AIRFLOW_CTX_DAG_ID='dimension_batch_ingestion' AIRFLOW_CTX_TASK_ID='ingest_branch_data' AIRFLOW_CTX_EXECUTION_DATE='2024-10-21T00:49:56.887615+00:00' AIRFLOW_CTX_TRY_NUMBER='1' AIRFLOW_CTX_DAG_RUN_ID='manual__2024-10-21T00:49:56.887615+00:00'
[2024-10-21T00:50:01.556+0000] {logging_mixin.py:190} INFO - Task instance is in running state
[2024-10-21T00:50:01.557+0000] {logging_mixin.py:190} INFO -  Previous state of the Task instance: queued
[2024-10-21T00:50:01.558+0000] {logging_mixin.py:190} INFO - Current task name:ingest_branch_data state:running start_date:2024-10-21 00:50:01.201619+00:00
[2024-10-21T00:50:01.559+0000] {logging_mixin.py:190} INFO - Dag name:dimension_batch_ingestion and current dag run status:running
[2024-10-21T00:50:01.561+0000] {taskinstance.py:731} INFO - ::endgroup::
[2024-10-21T00:50:01.568+0000] {subprocess.py:63} INFO - Tmp dir root location: /tmp
[2024-10-21T00:50:01.573+0000] {subprocess.py:75} INFO - Running command: ['/usr/bin/bash', '-c', 'curl -X POST -F file=@/opt/***/branch_dim_large_data.csv -H "Content-Type: multipart/form-data" "http://pinot-controller:9000/ingestFromFile?tableNameWithType=branch_dim_OFFLINE&batchConfigMapStr=%7B%22inputFormat%22%3A%22csv%22%2C%22recordReader.prop.delimiter%22%3A%22%2C%22%7D"']
[2024-10-21T00:50:01.608+0000] {subprocess.py:86} INFO - Output:
[2024-10-21T00:50:01.719+0000] {subprocess.py:93} INFO -   % Total    % Received % Xferd  Average Speed   Time    Time     Time  Current
[2024-10-21T00:50:01.721+0000] {subprocess.py:93} INFO -                                  Dload  Upload   Total   Spent    Left  Speed
[2024-10-21T00:50:02.056+0000] {subprocess.py:93} INFO -   0     0    0     0    0     0      0      0 --:--:-- --:--:-- --:--:--     0100  3975  100   107  100  3868    317  11464 --:--:-- --:--:-- --:--:-- 11795
[2024-10-21T00:50:02.081+0000] {subprocess.py:93} INFO - {"status":"Successfully ingested file into table: branch_dim_OFFLINE as segment: branch_dim_1729471801777"}
[2024-10-21T00:50:02.082+0000] {subprocess.py:97} INFO - Command exited with return code 0
[2024-10-21T00:50:02.554+0000] {taskinstance.py:340} INFO - ::group::Post task execution logs
[2024-10-21T00:50:02.564+0000] {taskinstance.py:352} INFO - Marking task as SUCCESS. dag_id=dimension_batch_ingestion, task_id=ingest_branch_data, run_id=manual__2024-10-21T00:49:56.887615+00:00, execution_date=20241021T004956, start_date=20241021T005001, end_date=20241021T005002
[2024-10-21T00:50:02.649+0000] {logging_mixin.py:190} INFO - Task instance in success state
[2024-10-21T00:50:02.651+0000] {logging_mixin.py:190} INFO -  Previous state of the Task instance: running
[2024-10-21T00:50:02.653+0000] {logging_mixin.py:190} INFO - Dag name:dimension_batch_ingestion queued_at:2024-10-21 00:49:56.916644+00:00
[2024-10-21T00:50:02.654+0000] {logging_mixin.py:190} INFO - Task hostname:b5fa23871e33 operator:BashOperator
[2024-10-21T00:50:02.761+0000] {local_task_job_runner.py:266} INFO - Task exited with return code 0
[2024-10-21T00:50:02.910+0000] {taskinstance.py:3900} INFO - 0 downstream tasks scheduled from follow-on schedule check
[2024-10-21T00:50:02.927+0000] {local_task_job_runner.py:245} INFO - ::endgroup::
