[2024-10-25T07:14:50.384+0000] {processor.py:186} INFO - Started process (PID=116) to work on /opt/airflow/dags/account_dim_generator.py
[2024-10-25T07:14:50.394+0000] {processor.py:914} INFO - Processing file /opt/airflow/dags/account_dim_generator.py for tasks to queue
[2024-10-25T07:14:50.411+0000] {logging_mixin.py:190} INFO - [2024-10-25T07:14:50.410+0000] {dagbag.py:588} INFO - Filling up the DagBag from /opt/airflow/dags/account_dim_generator.py
[2024-10-25T07:14:50.557+0000] {processor.py:925} INFO - DAG(s) 'account_dim_generator' retrieved from /opt/airflow/dags/account_dim_generator.py
[2024-10-25T07:14:50.770+0000] {logging_mixin.py:190} INFO - [2024-10-25T07:14:50.760+0000] {dag.py:3239} INFO - Sync 1 DAGs
[2024-10-25T07:14:51.130+0000] {logging_mixin.py:190} INFO - [2024-10-25T07:14:51.130+0000] {dag.py:4180} INFO - Setting next_dagrun for account_dim_generator to 2024-10-24 00:00:00+00:00, run_after=2024-10-25 00:00:00+00:00
[2024-10-25T07:14:51.338+0000] {processor.py:208} INFO - Processing /opt/airflow/dags/account_dim_generator.py took 0.974 seconds
[2024-10-25T07:16:04.896+0000] {processor.py:186} INFO - Started process (PID=259) to work on /opt/airflow/dags/account_dim_generator.py
[2024-10-25T07:16:04.900+0000] {processor.py:914} INFO - Processing file /opt/airflow/dags/account_dim_generator.py for tasks to queue
[2024-10-25T07:16:04.923+0000] {logging_mixin.py:190} INFO - [2024-10-25T07:16:04.922+0000] {dagbag.py:588} INFO - Filling up the DagBag from /opt/airflow/dags/account_dim_generator.py
[2024-10-25T07:16:05.071+0000] {processor.py:925} INFO - DAG(s) 'account_dim_generator' retrieved from /opt/airflow/dags/account_dim_generator.py
[2024-10-25T07:16:05.178+0000] {logging_mixin.py:190} INFO - [2024-10-25T07:16:05.175+0000] {dag.py:3239} INFO - Sync 1 DAGs
[2024-10-25T07:16:05.303+0000] {logging_mixin.py:190} INFO - [2024-10-25T07:16:05.303+0000] {dag.py:4180} INFO - Setting next_dagrun for account_dim_generator to 2024-10-25 00:00:00+00:00, run_after=2024-10-26 00:00:00+00:00
[2024-10-25T07:16:05.419+0000] {processor.py:208} INFO - Processing /opt/airflow/dags/account_dim_generator.py took 0.582 seconds
[2024-10-25T07:16:35.606+0000] {processor.py:186} INFO - Started process (PID=328) to work on /opt/airflow/dags/account_dim_generator.py
[2024-10-25T07:16:35.612+0000] {processor.py:914} INFO - Processing file /opt/airflow/dags/account_dim_generator.py for tasks to queue
[2024-10-25T07:16:35.620+0000] {logging_mixin.py:190} INFO - [2024-10-25T07:16:35.619+0000] {dagbag.py:588} INFO - Filling up the DagBag from /opt/airflow/dags/account_dim_generator.py
[2024-10-25T07:16:35.681+0000] {processor.py:925} INFO - DAG(s) 'account_dim_generator' retrieved from /opt/airflow/dags/account_dim_generator.py
[2024-10-25T07:16:35.773+0000] {logging_mixin.py:190} INFO - [2024-10-25T07:16:35.773+0000] {dag.py:3239} INFO - Sync 1 DAGs
[2024-10-25T07:16:35.847+0000] {logging_mixin.py:190} INFO - [2024-10-25T07:16:35.846+0000] {dag.py:4180} INFO - Setting next_dagrun for account_dim_generator to 2024-10-25 00:00:00+00:00, run_after=2024-10-26 00:00:00+00:00
[2024-10-25T07:16:35.908+0000] {processor.py:208} INFO - Processing /opt/airflow/dags/account_dim_generator.py took 0.323 seconds
[2024-10-25T07:17:06.000+0000] {processor.py:186} INFO - Started process (PID=397) to work on /opt/airflow/dags/account_dim_generator.py
[2024-10-25T07:17:06.003+0000] {processor.py:914} INFO - Processing file /opt/airflow/dags/account_dim_generator.py for tasks to queue
[2024-10-25T07:17:06.009+0000] {logging_mixin.py:190} INFO - [2024-10-25T07:17:06.008+0000] {dagbag.py:588} INFO - Filling up the DagBag from /opt/airflow/dags/account_dim_generator.py
[2024-10-25T07:17:06.054+0000] {processor.py:925} INFO - DAG(s) 'account_dim_generator' retrieved from /opt/airflow/dags/account_dim_generator.py
[2024-10-25T07:17:06.109+0000] {logging_mixin.py:190} INFO - [2024-10-25T07:17:06.108+0000] {dag.py:3239} INFO - Sync 1 DAGs
[2024-10-25T07:17:06.170+0000] {logging_mixin.py:190} INFO - [2024-10-25T07:17:06.169+0000] {dag.py:4180} INFO - Setting next_dagrun for account_dim_generator to 2024-10-25 00:00:00+00:00, run_after=2024-10-26 00:00:00+00:00
[2024-10-25T07:17:06.220+0000] {processor.py:208} INFO - Processing /opt/airflow/dags/account_dim_generator.py took 0.234 seconds
[2024-10-25T07:17:36.996+0000] {processor.py:186} INFO - Started process (PID=467) to work on /opt/airflow/dags/account_dim_generator.py
[2024-10-25T07:17:36.998+0000] {processor.py:914} INFO - Processing file /opt/airflow/dags/account_dim_generator.py for tasks to queue
[2024-10-25T07:17:37.002+0000] {logging_mixin.py:190} INFO - [2024-10-25T07:17:37.001+0000] {dagbag.py:588} INFO - Filling up the DagBag from /opt/airflow/dags/account_dim_generator.py
[2024-10-25T07:17:37.036+0000] {processor.py:925} INFO - DAG(s) 'account_dim_generator' retrieved from /opt/airflow/dags/account_dim_generator.py
[2024-10-25T07:17:37.078+0000] {logging_mixin.py:190} INFO - [2024-10-25T07:17:37.078+0000] {dag.py:3239} INFO - Sync 1 DAGs
[2024-10-25T07:17:37.130+0000] {logging_mixin.py:190} INFO - [2024-10-25T07:17:37.130+0000] {dag.py:4180} INFO - Setting next_dagrun for account_dim_generator to 2024-10-25 00:00:00+00:00, run_after=2024-10-26 00:00:00+00:00
[2024-10-25T07:17:37.157+0000] {processor.py:208} INFO - Processing /opt/airflow/dags/account_dim_generator.py took 0.168 seconds
[2024-10-25T07:18:07.329+0000] {processor.py:186} INFO - Started process (PID=536) to work on /opt/airflow/dags/account_dim_generator.py
[2024-10-25T07:18:07.331+0000] {processor.py:914} INFO - Processing file /opt/airflow/dags/account_dim_generator.py for tasks to queue
[2024-10-25T07:18:07.336+0000] {logging_mixin.py:190} INFO - [2024-10-25T07:18:07.336+0000] {dagbag.py:588} INFO - Filling up the DagBag from /opt/airflow/dags/account_dim_generator.py
[2024-10-25T07:18:07.369+0000] {processor.py:925} INFO - DAG(s) 'account_dim_generator' retrieved from /opt/airflow/dags/account_dim_generator.py
[2024-10-25T07:18:07.397+0000] {logging_mixin.py:190} INFO - [2024-10-25T07:18:07.397+0000] {dag.py:3239} INFO - Sync 1 DAGs
[2024-10-25T07:18:07.436+0000] {logging_mixin.py:190} INFO - [2024-10-25T07:18:07.436+0000] {dag.py:4180} INFO - Setting next_dagrun for account_dim_generator to 2024-10-25 00:00:00+00:00, run_after=2024-10-26 00:00:00+00:00
[2024-10-25T07:18:07.488+0000] {processor.py:208} INFO - Processing /opt/airflow/dags/account_dim_generator.py took 0.171 seconds
[2024-10-25T07:18:37.810+0000] {processor.py:186} INFO - Started process (PID=604) to work on /opt/airflow/dags/account_dim_generator.py
[2024-10-25T07:18:37.817+0000] {processor.py:914} INFO - Processing file /opt/airflow/dags/account_dim_generator.py for tasks to queue
[2024-10-25T07:18:37.823+0000] {logging_mixin.py:190} INFO - [2024-10-25T07:18:37.822+0000] {dagbag.py:588} INFO - Filling up the DagBag from /opt/airflow/dags/account_dim_generator.py
[2024-10-25T07:18:37.881+0000] {processor.py:925} INFO - DAG(s) 'account_dim_generator' retrieved from /opt/airflow/dags/account_dim_generator.py
[2024-10-25T07:18:37.916+0000] {logging_mixin.py:190} INFO - [2024-10-25T07:18:37.916+0000] {dag.py:3239} INFO - Sync 1 DAGs
[2024-10-25T07:18:37.971+0000] {logging_mixin.py:190} INFO - [2024-10-25T07:18:37.970+0000] {dag.py:4180} INFO - Setting next_dagrun for account_dim_generator to 2024-10-25 00:00:00+00:00, run_after=2024-10-26 00:00:00+00:00
[2024-10-25T07:18:38.010+0000] {processor.py:208} INFO - Processing /opt/airflow/dags/account_dim_generator.py took 0.211 seconds
[2024-10-25T07:19:08.772+0000] {processor.py:186} INFO - Started process (PID=673) to work on /opt/airflow/dags/account_dim_generator.py
[2024-10-25T07:19:08.774+0000] {processor.py:914} INFO - Processing file /opt/airflow/dags/account_dim_generator.py for tasks to queue
[2024-10-25T07:19:08.778+0000] {logging_mixin.py:190} INFO - [2024-10-25T07:19:08.778+0000] {dagbag.py:588} INFO - Filling up the DagBag from /opt/airflow/dags/account_dim_generator.py
[2024-10-25T07:19:08.819+0000] {processor.py:925} INFO - DAG(s) 'account_dim_generator' retrieved from /opt/airflow/dags/account_dim_generator.py
[2024-10-25T07:19:08.852+0000] {logging_mixin.py:190} INFO - [2024-10-25T07:19:08.852+0000] {dag.py:3239} INFO - Sync 1 DAGs
[2024-10-25T07:19:08.889+0000] {logging_mixin.py:190} INFO - [2024-10-25T07:19:08.889+0000] {dag.py:4180} INFO - Setting next_dagrun for account_dim_generator to 2024-10-25 00:00:00+00:00, run_after=2024-10-26 00:00:00+00:00
[2024-10-25T07:19:08.925+0000] {processor.py:208} INFO - Processing /opt/airflow/dags/account_dim_generator.py took 0.162 seconds
[2024-10-25T07:19:39.505+0000] {processor.py:186} INFO - Started process (PID=742) to work on /opt/airflow/dags/account_dim_generator.py
[2024-10-25T07:19:39.506+0000] {processor.py:914} INFO - Processing file /opt/airflow/dags/account_dim_generator.py for tasks to queue
[2024-10-25T07:19:39.510+0000] {logging_mixin.py:190} INFO - [2024-10-25T07:19:39.509+0000] {dagbag.py:588} INFO - Filling up the DagBag from /opt/airflow/dags/account_dim_generator.py
[2024-10-25T07:19:39.543+0000] {processor.py:925} INFO - DAG(s) 'account_dim_generator' retrieved from /opt/airflow/dags/account_dim_generator.py
[2024-10-25T07:19:39.570+0000] {logging_mixin.py:190} INFO - [2024-10-25T07:19:39.570+0000] {dag.py:3239} INFO - Sync 1 DAGs
[2024-10-25T07:19:39.596+0000] {logging_mixin.py:190} INFO - [2024-10-25T07:19:39.596+0000] {dag.py:4180} INFO - Setting next_dagrun for account_dim_generator to 2024-10-25 00:00:00+00:00, run_after=2024-10-26 00:00:00+00:00
[2024-10-25T07:19:39.627+0000] {processor.py:208} INFO - Processing /opt/airflow/dags/account_dim_generator.py took 0.129 seconds
[2024-10-25T07:20:09.901+0000] {processor.py:186} INFO - Started process (PID=810) to work on /opt/airflow/dags/account_dim_generator.py
[2024-10-25T07:20:09.902+0000] {processor.py:914} INFO - Processing file /opt/airflow/dags/account_dim_generator.py for tasks to queue
[2024-10-25T07:20:09.905+0000] {logging_mixin.py:190} INFO - [2024-10-25T07:20:09.905+0000] {dagbag.py:588} INFO - Filling up the DagBag from /opt/airflow/dags/account_dim_generator.py
[2024-10-25T07:20:09.938+0000] {processor.py:925} INFO - DAG(s) 'account_dim_generator' retrieved from /opt/airflow/dags/account_dim_generator.py
[2024-10-25T07:20:09.958+0000] {logging_mixin.py:190} INFO - [2024-10-25T07:20:09.957+0000] {dag.py:3239} INFO - Sync 1 DAGs
[2024-10-25T07:20:09.976+0000] {logging_mixin.py:190} INFO - [2024-10-25T07:20:09.976+0000] {dag.py:4180} INFO - Setting next_dagrun for account_dim_generator to 2024-10-25 00:00:00+00:00, run_after=2024-10-26 00:00:00+00:00
[2024-10-25T07:20:09.998+0000] {processor.py:208} INFO - Processing /opt/airflow/dags/account_dim_generator.py took 0.103 seconds
[2024-10-25T07:20:40.095+0000] {processor.py:186} INFO - Started process (PID=879) to work on /opt/airflow/dags/account_dim_generator.py
[2024-10-25T07:20:40.097+0000] {processor.py:914} INFO - Processing file /opt/airflow/dags/account_dim_generator.py for tasks to queue
[2024-10-25T07:20:40.099+0000] {logging_mixin.py:190} INFO - [2024-10-25T07:20:40.099+0000] {dagbag.py:588} INFO - Filling up the DagBag from /opt/airflow/dags/account_dim_generator.py
[2024-10-25T07:20:40.141+0000] {processor.py:925} INFO - DAG(s) 'account_dim_generator' retrieved from /opt/airflow/dags/account_dim_generator.py
[2024-10-25T07:20:40.159+0000] {logging_mixin.py:190} INFO - [2024-10-25T07:20:40.159+0000] {dag.py:3239} INFO - Sync 1 DAGs
[2024-10-25T07:20:40.180+0000] {logging_mixin.py:190} INFO - [2024-10-25T07:20:40.180+0000] {dag.py:4180} INFO - Setting next_dagrun for account_dim_generator to 2024-10-25 00:00:00+00:00, run_after=2024-10-26 00:00:00+00:00
[2024-10-25T07:20:40.200+0000] {processor.py:208} INFO - Processing /opt/airflow/dags/account_dim_generator.py took 0.109 seconds
[2024-10-25T07:21:10.598+0000] {processor.py:186} INFO - Started process (PID=948) to work on /opt/airflow/dags/account_dim_generator.py
[2024-10-25T07:21:10.602+0000] {processor.py:914} INFO - Processing file /opt/airflow/dags/account_dim_generator.py for tasks to queue
[2024-10-25T07:21:10.610+0000] {logging_mixin.py:190} INFO - [2024-10-25T07:21:10.609+0000] {dagbag.py:588} INFO - Filling up the DagBag from /opt/airflow/dags/account_dim_generator.py
[2024-10-25T07:21:10.644+0000] {processor.py:925} INFO - DAG(s) 'account_dim_generator' retrieved from /opt/airflow/dags/account_dim_generator.py
[2024-10-25T07:21:10.676+0000] {logging_mixin.py:190} INFO - [2024-10-25T07:21:10.675+0000] {dag.py:3239} INFO - Sync 1 DAGs
[2024-10-25T07:21:10.709+0000] {logging_mixin.py:190} INFO - [2024-10-25T07:21:10.709+0000] {dag.py:4180} INFO - Setting next_dagrun for account_dim_generator to 2024-10-25 00:00:00+00:00, run_after=2024-10-26 00:00:00+00:00
[2024-10-25T07:21:10.733+0000] {processor.py:208} INFO - Processing /opt/airflow/dags/account_dim_generator.py took 0.150 seconds
[2024-10-25T07:21:41.051+0000] {processor.py:186} INFO - Started process (PID=1017) to work on /opt/airflow/dags/account_dim_generator.py
[2024-10-25T07:21:41.052+0000] {processor.py:914} INFO - Processing file /opt/airflow/dags/account_dim_generator.py for tasks to queue
[2024-10-25T07:21:41.055+0000] {logging_mixin.py:190} INFO - [2024-10-25T07:21:41.055+0000] {dagbag.py:588} INFO - Filling up the DagBag from /opt/airflow/dags/account_dim_generator.py
[2024-10-25T07:21:41.102+0000] {processor.py:925} INFO - DAG(s) 'account_dim_generator' retrieved from /opt/airflow/dags/account_dim_generator.py
[2024-10-25T07:21:41.121+0000] {logging_mixin.py:190} INFO - [2024-10-25T07:21:41.121+0000] {dag.py:3239} INFO - Sync 1 DAGs
[2024-10-25T07:21:41.139+0000] {logging_mixin.py:190} INFO - [2024-10-25T07:21:41.139+0000] {dag.py:4180} INFO - Setting next_dagrun for account_dim_generator to 2024-10-25 00:00:00+00:00, run_after=2024-10-26 00:00:00+00:00
[2024-10-25T07:21:41.161+0000] {processor.py:208} INFO - Processing /opt/airflow/dags/account_dim_generator.py took 0.115 seconds
[2024-10-25T07:22:12.145+0000] {processor.py:186} INFO - Started process (PID=1086) to work on /opt/airflow/dags/account_dim_generator.py
[2024-10-25T07:22:12.151+0000] {processor.py:914} INFO - Processing file /opt/airflow/dags/account_dim_generator.py for tasks to queue
[2024-10-25T07:22:12.158+0000] {logging_mixin.py:190} INFO - [2024-10-25T07:22:12.156+0000] {dagbag.py:588} INFO - Filling up the DagBag from /opt/airflow/dags/account_dim_generator.py
[2024-10-25T07:22:12.205+0000] {processor.py:925} INFO - DAG(s) 'account_dim_generator' retrieved from /opt/airflow/dags/account_dim_generator.py
[2024-10-25T07:22:12.245+0000] {logging_mixin.py:190} INFO - [2024-10-25T07:22:12.244+0000] {dag.py:3239} INFO - Sync 1 DAGs
[2024-10-25T07:22:12.303+0000] {logging_mixin.py:190} INFO - [2024-10-25T07:22:12.303+0000] {dag.py:4180} INFO - Setting next_dagrun for account_dim_generator to 2024-10-25 00:00:00+00:00, run_after=2024-10-26 00:00:00+00:00
[2024-10-25T07:22:12.345+0000] {processor.py:208} INFO - Processing /opt/airflow/dags/account_dim_generator.py took 0.215 seconds
[2024-10-25T07:22:42.760+0000] {processor.py:186} INFO - Started process (PID=1155) to work on /opt/airflow/dags/account_dim_generator.py
[2024-10-25T07:22:42.762+0000] {processor.py:914} INFO - Processing file /opt/airflow/dags/account_dim_generator.py for tasks to queue
[2024-10-25T07:22:42.765+0000] {logging_mixin.py:190} INFO - [2024-10-25T07:22:42.765+0000] {dagbag.py:588} INFO - Filling up the DagBag from /opt/airflow/dags/account_dim_generator.py
[2024-10-25T07:22:42.803+0000] {processor.py:925} INFO - DAG(s) 'account_dim_generator' retrieved from /opt/airflow/dags/account_dim_generator.py
[2024-10-25T07:22:42.836+0000] {logging_mixin.py:190} INFO - [2024-10-25T07:22:42.836+0000] {dag.py:3239} INFO - Sync 1 DAGs
[2024-10-25T07:22:42.864+0000] {logging_mixin.py:190} INFO - [2024-10-25T07:22:42.864+0000] {dag.py:4180} INFO - Setting next_dagrun for account_dim_generator to 2024-10-25 00:00:00+00:00, run_after=2024-10-26 00:00:00+00:00
[2024-10-25T07:22:42.896+0000] {processor.py:208} INFO - Processing /opt/airflow/dags/account_dim_generator.py took 0.142 seconds
[2024-10-25T07:23:13.426+0000] {processor.py:186} INFO - Started process (PID=1224) to work on /opt/airflow/dags/account_dim_generator.py
[2024-10-25T07:23:13.428+0000] {processor.py:914} INFO - Processing file /opt/airflow/dags/account_dim_generator.py for tasks to queue
[2024-10-25T07:23:13.430+0000] {logging_mixin.py:190} INFO - [2024-10-25T07:23:13.430+0000] {dagbag.py:588} INFO - Filling up the DagBag from /opt/airflow/dags/account_dim_generator.py
[2024-10-25T07:23:13.456+0000] {processor.py:925} INFO - DAG(s) 'account_dim_generator' retrieved from /opt/airflow/dags/account_dim_generator.py
[2024-10-25T07:23:13.475+0000] {logging_mixin.py:190} INFO - [2024-10-25T07:23:13.475+0000] {dag.py:3239} INFO - Sync 1 DAGs
[2024-10-25T07:23:13.499+0000] {logging_mixin.py:190} INFO - [2024-10-25T07:23:13.499+0000] {dag.py:4180} INFO - Setting next_dagrun for account_dim_generator to 2024-10-25 00:00:00+00:00, run_after=2024-10-26 00:00:00+00:00
[2024-10-25T07:23:13.524+0000] {processor.py:208} INFO - Processing /opt/airflow/dags/account_dim_generator.py took 0.103 seconds
[2024-10-25T07:23:44.308+0000] {processor.py:186} INFO - Started process (PID=1293) to work on /opt/airflow/dags/account_dim_generator.py
[2024-10-25T07:23:44.309+0000] {processor.py:914} INFO - Processing file /opt/airflow/dags/account_dim_generator.py for tasks to queue
[2024-10-25T07:23:44.312+0000] {logging_mixin.py:190} INFO - [2024-10-25T07:23:44.311+0000] {dagbag.py:588} INFO - Filling up the DagBag from /opt/airflow/dags/account_dim_generator.py
[2024-10-25T07:23:44.343+0000] {processor.py:925} INFO - DAG(s) 'account_dim_generator' retrieved from /opt/airflow/dags/account_dim_generator.py
[2024-10-25T07:23:44.362+0000] {logging_mixin.py:190} INFO - [2024-10-25T07:23:44.362+0000] {dag.py:3239} INFO - Sync 1 DAGs
[2024-10-25T07:23:44.383+0000] {logging_mixin.py:190} INFO - [2024-10-25T07:23:44.383+0000] {dag.py:4180} INFO - Setting next_dagrun for account_dim_generator to 2024-10-25 00:00:00+00:00, run_after=2024-10-26 00:00:00+00:00
[2024-10-25T07:23:44.416+0000] {processor.py:208} INFO - Processing /opt/airflow/dags/account_dim_generator.py took 0.114 seconds
[2024-10-25T07:24:15.098+0000] {processor.py:186} INFO - Started process (PID=1362) to work on /opt/airflow/dags/account_dim_generator.py
[2024-10-25T07:24:15.100+0000] {processor.py:914} INFO - Processing file /opt/airflow/dags/account_dim_generator.py for tasks to queue
[2024-10-25T07:24:15.102+0000] {logging_mixin.py:190} INFO - [2024-10-25T07:24:15.102+0000] {dagbag.py:588} INFO - Filling up the DagBag from /opt/airflow/dags/account_dim_generator.py
[2024-10-25T07:24:15.131+0000] {processor.py:925} INFO - DAG(s) 'account_dim_generator' retrieved from /opt/airflow/dags/account_dim_generator.py
[2024-10-25T07:24:15.160+0000] {logging_mixin.py:190} INFO - [2024-10-25T07:24:15.160+0000] {dag.py:3239} INFO - Sync 1 DAGs
[2024-10-25T07:24:15.182+0000] {logging_mixin.py:190} INFO - [2024-10-25T07:24:15.181+0000] {dag.py:4180} INFO - Setting next_dagrun for account_dim_generator to 2024-10-25 00:00:00+00:00, run_after=2024-10-26 00:00:00+00:00
[2024-10-25T07:24:15.296+0000] {processor.py:208} INFO - Processing /opt/airflow/dags/account_dim_generator.py took 0.202 seconds
[2024-10-25T07:24:45.776+0000] {processor.py:186} INFO - Started process (PID=1431) to work on /opt/airflow/dags/account_dim_generator.py
[2024-10-25T07:24:45.778+0000] {processor.py:914} INFO - Processing file /opt/airflow/dags/account_dim_generator.py for tasks to queue
[2024-10-25T07:24:45.782+0000] {logging_mixin.py:190} INFO - [2024-10-25T07:24:45.782+0000] {dagbag.py:588} INFO - Filling up the DagBag from /opt/airflow/dags/account_dim_generator.py
[2024-10-25T07:24:45.828+0000] {processor.py:925} INFO - DAG(s) 'account_dim_generator' retrieved from /opt/airflow/dags/account_dim_generator.py
[2024-10-25T07:24:45.870+0000] {logging_mixin.py:190} INFO - [2024-10-25T07:24:45.870+0000] {dag.py:3239} INFO - Sync 1 DAGs
[2024-10-25T07:24:45.909+0000] {logging_mixin.py:190} INFO - [2024-10-25T07:24:45.909+0000] {dag.py:4180} INFO - Setting next_dagrun for account_dim_generator to 2024-10-25 00:00:00+00:00, run_after=2024-10-26 00:00:00+00:00
[2024-10-25T07:24:45.957+0000] {processor.py:208} INFO - Processing /opt/airflow/dags/account_dim_generator.py took 0.187 seconds
[2024-10-25T07:25:16.595+0000] {processor.py:186} INFO - Started process (PID=1500) to work on /opt/airflow/dags/account_dim_generator.py
[2024-10-25T07:25:16.597+0000] {processor.py:914} INFO - Processing file /opt/airflow/dags/account_dim_generator.py for tasks to queue
[2024-10-25T07:25:16.601+0000] {logging_mixin.py:190} INFO - [2024-10-25T07:25:16.601+0000] {dagbag.py:588} INFO - Filling up the DagBag from /opt/airflow/dags/account_dim_generator.py
[2024-10-25T07:25:16.639+0000] {processor.py:925} INFO - DAG(s) 'account_dim_generator' retrieved from /opt/airflow/dags/account_dim_generator.py
[2024-10-25T07:25:16.663+0000] {logging_mixin.py:190} INFO - [2024-10-25T07:25:16.663+0000] {dag.py:3239} INFO - Sync 1 DAGs
[2024-10-25T07:25:16.686+0000] {logging_mixin.py:190} INFO - [2024-10-25T07:25:16.686+0000] {dag.py:4180} INFO - Setting next_dagrun for account_dim_generator to 2024-10-25 00:00:00+00:00, run_after=2024-10-26 00:00:00+00:00
[2024-10-25T07:25:16.734+0000] {processor.py:208} INFO - Processing /opt/airflow/dags/account_dim_generator.py took 0.145 seconds
[2024-10-25T07:25:47.038+0000] {processor.py:186} INFO - Started process (PID=1569) to work on /opt/airflow/dags/account_dim_generator.py
[2024-10-25T07:25:47.039+0000] {processor.py:914} INFO - Processing file /opt/airflow/dags/account_dim_generator.py for tasks to queue
[2024-10-25T07:25:47.041+0000] {logging_mixin.py:190} INFO - [2024-10-25T07:25:47.041+0000] {dagbag.py:588} INFO - Filling up the DagBag from /opt/airflow/dags/account_dim_generator.py
[2024-10-25T07:25:47.068+0000] {processor.py:925} INFO - DAG(s) 'account_dim_generator' retrieved from /opt/airflow/dags/account_dim_generator.py
[2024-10-25T07:25:47.088+0000] {logging_mixin.py:190} INFO - [2024-10-25T07:25:47.087+0000] {dag.py:3239} INFO - Sync 1 DAGs
[2024-10-25T07:25:47.109+0000] {logging_mixin.py:190} INFO - [2024-10-25T07:25:47.109+0000] {dag.py:4180} INFO - Setting next_dagrun for account_dim_generator to 2024-10-25 00:00:00+00:00, run_after=2024-10-26 00:00:00+00:00
[2024-10-25T07:25:47.196+0000] {processor.py:208} INFO - Processing /opt/airflow/dags/account_dim_generator.py took 0.163 seconds
[2024-10-25T07:26:17.769+0000] {processor.py:186} INFO - Started process (PID=1638) to work on /opt/airflow/dags/account_dim_generator.py
[2024-10-25T07:26:17.772+0000] {processor.py:914} INFO - Processing file /opt/airflow/dags/account_dim_generator.py for tasks to queue
[2024-10-25T07:26:17.775+0000] {logging_mixin.py:190} INFO - [2024-10-25T07:26:17.774+0000] {dagbag.py:588} INFO - Filling up the DagBag from /opt/airflow/dags/account_dim_generator.py
[2024-10-25T07:26:17.821+0000] {processor.py:925} INFO - DAG(s) 'account_dim_generator' retrieved from /opt/airflow/dags/account_dim_generator.py
[2024-10-25T07:26:17.854+0000] {logging_mixin.py:190} INFO - [2024-10-25T07:26:17.854+0000] {dag.py:3239} INFO - Sync 1 DAGs
[2024-10-25T07:26:17.880+0000] {logging_mixin.py:190} INFO - [2024-10-25T07:26:17.880+0000] {dag.py:4180} INFO - Setting next_dagrun for account_dim_generator to 2024-10-25 00:00:00+00:00, run_after=2024-10-26 00:00:00+00:00
[2024-10-25T07:26:17.907+0000] {processor.py:208} INFO - Processing /opt/airflow/dags/account_dim_generator.py took 0.142 seconds
[2024-10-25T07:26:48.064+0000] {processor.py:186} INFO - Started process (PID=1708) to work on /opt/airflow/dags/account_dim_generator.py
[2024-10-25T07:26:48.066+0000] {processor.py:914} INFO - Processing file /opt/airflow/dags/account_dim_generator.py for tasks to queue
[2024-10-25T07:26:48.069+0000] {logging_mixin.py:190} INFO - [2024-10-25T07:26:48.068+0000] {dagbag.py:588} INFO - Filling up the DagBag from /opt/airflow/dags/account_dim_generator.py
[2024-10-25T07:26:48.110+0000] {processor.py:925} INFO - DAG(s) 'account_dim_generator' retrieved from /opt/airflow/dags/account_dim_generator.py
[2024-10-25T07:26:48.142+0000] {logging_mixin.py:190} INFO - [2024-10-25T07:26:48.141+0000] {dag.py:3239} INFO - Sync 1 DAGs
[2024-10-25T07:26:48.176+0000] {logging_mixin.py:190} INFO - [2024-10-25T07:26:48.175+0000] {dag.py:4180} INFO - Setting next_dagrun for account_dim_generator to 2024-10-25 00:00:00+00:00, run_after=2024-10-26 00:00:00+00:00
[2024-10-25T07:26:48.219+0000] {processor.py:208} INFO - Processing /opt/airflow/dags/account_dim_generator.py took 0.161 seconds
[2024-10-25T07:27:18.616+0000] {processor.py:186} INFO - Started process (PID=1777) to work on /opt/airflow/dags/account_dim_generator.py
[2024-10-25T07:27:18.618+0000] {processor.py:914} INFO - Processing file /opt/airflow/dags/account_dim_generator.py for tasks to queue
[2024-10-25T07:27:18.622+0000] {logging_mixin.py:190} INFO - [2024-10-25T07:27:18.622+0000] {dagbag.py:588} INFO - Filling up the DagBag from /opt/airflow/dags/account_dim_generator.py
[2024-10-25T07:27:18.663+0000] {processor.py:925} INFO - DAG(s) 'account_dim_generator' retrieved from /opt/airflow/dags/account_dim_generator.py
[2024-10-25T07:27:18.688+0000] {logging_mixin.py:190} INFO - [2024-10-25T07:27:18.688+0000] {dag.py:3239} INFO - Sync 1 DAGs
[2024-10-25T07:27:18.719+0000] {logging_mixin.py:190} INFO - [2024-10-25T07:27:18.718+0000] {dag.py:4180} INFO - Setting next_dagrun for account_dim_generator to 2024-10-25 00:00:00+00:00, run_after=2024-10-26 00:00:00+00:00
[2024-10-25T07:27:18.744+0000] {processor.py:208} INFO - Processing /opt/airflow/dags/account_dim_generator.py took 0.135 seconds
[2024-10-25T07:27:49.423+0000] {processor.py:186} INFO - Started process (PID=1845) to work on /opt/airflow/dags/account_dim_generator.py
[2024-10-25T07:27:49.424+0000] {processor.py:914} INFO - Processing file /opt/airflow/dags/account_dim_generator.py for tasks to queue
[2024-10-25T07:27:49.428+0000] {logging_mixin.py:190} INFO - [2024-10-25T07:27:49.427+0000] {dagbag.py:588} INFO - Filling up the DagBag from /opt/airflow/dags/account_dim_generator.py
[2024-10-25T07:27:49.459+0000] {processor.py:925} INFO - DAG(s) 'account_dim_generator' retrieved from /opt/airflow/dags/account_dim_generator.py
[2024-10-25T07:27:49.481+0000] {logging_mixin.py:190} INFO - [2024-10-25T07:27:49.481+0000] {dag.py:3239} INFO - Sync 1 DAGs
[2024-10-25T07:27:49.555+0000] {logging_mixin.py:190} INFO - [2024-10-25T07:27:49.555+0000] {dag.py:4180} INFO - Setting next_dagrun for account_dim_generator to 2024-10-25 00:00:00+00:00, run_after=2024-10-26 00:00:00+00:00
[2024-10-25T07:27:49.583+0000] {processor.py:208} INFO - Processing /opt/airflow/dags/account_dim_generator.py took 0.168 seconds
[2024-10-25T07:28:19.716+0000] {processor.py:186} INFO - Started process (PID=1914) to work on /opt/airflow/dags/account_dim_generator.py
[2024-10-25T07:28:19.719+0000] {processor.py:914} INFO - Processing file /opt/airflow/dags/account_dim_generator.py for tasks to queue
[2024-10-25T07:28:19.725+0000] {logging_mixin.py:190} INFO - [2024-10-25T07:28:19.725+0000] {dagbag.py:588} INFO - Filling up the DagBag from /opt/airflow/dags/account_dim_generator.py
[2024-10-25T07:28:19.778+0000] {processor.py:925} INFO - DAG(s) 'account_dim_generator' retrieved from /opt/airflow/dags/account_dim_generator.py
[2024-10-25T07:28:19.811+0000] {logging_mixin.py:190} INFO - [2024-10-25T07:28:19.810+0000] {dag.py:3239} INFO - Sync 1 DAGs
[2024-10-25T07:28:19.853+0000] {logging_mixin.py:190} INFO - [2024-10-25T07:28:19.853+0000] {dag.py:4180} INFO - Setting next_dagrun for account_dim_generator to 2024-10-25 00:00:00+00:00, run_after=2024-10-26 00:00:00+00:00
[2024-10-25T07:28:19.894+0000] {processor.py:208} INFO - Processing /opt/airflow/dags/account_dim_generator.py took 0.188 seconds
[2024-10-25T07:28:50.059+0000] {processor.py:186} INFO - Started process (PID=1983) to work on /opt/airflow/dags/account_dim_generator.py
[2024-10-25T07:28:50.060+0000] {processor.py:914} INFO - Processing file /opt/airflow/dags/account_dim_generator.py for tasks to queue
[2024-10-25T07:28:50.064+0000] {logging_mixin.py:190} INFO - [2024-10-25T07:28:50.063+0000] {dagbag.py:588} INFO - Filling up the DagBag from /opt/airflow/dags/account_dim_generator.py
[2024-10-25T07:28:50.111+0000] {processor.py:925} INFO - DAG(s) 'account_dim_generator' retrieved from /opt/airflow/dags/account_dim_generator.py
[2024-10-25T07:28:50.138+0000] {logging_mixin.py:190} INFO - [2024-10-25T07:28:50.137+0000] {dag.py:3239} INFO - Sync 1 DAGs
[2024-10-25T07:28:50.163+0000] {logging_mixin.py:190} INFO - [2024-10-25T07:28:50.163+0000] {dag.py:4180} INFO - Setting next_dagrun for account_dim_generator to 2024-10-25 00:00:00+00:00, run_after=2024-10-26 00:00:00+00:00
[2024-10-25T07:28:50.202+0000] {processor.py:208} INFO - Processing /opt/airflow/dags/account_dim_generator.py took 0.150 seconds
[2024-10-25T07:29:21.123+0000] {processor.py:186} INFO - Started process (PID=2052) to work on /opt/airflow/dags/account_dim_generator.py
[2024-10-25T07:29:21.124+0000] {processor.py:914} INFO - Processing file /opt/airflow/dags/account_dim_generator.py for tasks to queue
[2024-10-25T07:29:21.126+0000] {logging_mixin.py:190} INFO - [2024-10-25T07:29:21.126+0000] {dagbag.py:588} INFO - Filling up the DagBag from /opt/airflow/dags/account_dim_generator.py
[2024-10-25T07:29:21.156+0000] {processor.py:925} INFO - DAG(s) 'account_dim_generator' retrieved from /opt/airflow/dags/account_dim_generator.py
[2024-10-25T07:29:21.181+0000] {logging_mixin.py:190} INFO - [2024-10-25T07:29:21.181+0000] {dag.py:3239} INFO - Sync 1 DAGs
[2024-10-25T07:29:21.204+0000] {logging_mixin.py:190} INFO - [2024-10-25T07:29:21.204+0000] {dag.py:4180} INFO - Setting next_dagrun for account_dim_generator to 2024-10-25 00:00:00+00:00, run_after=2024-10-26 00:00:00+00:00
[2024-10-25T07:29:21.228+0000] {processor.py:208} INFO - Processing /opt/airflow/dags/account_dim_generator.py took 0.110 seconds
[2024-10-25T07:29:51.581+0000] {processor.py:186} INFO - Started process (PID=2121) to work on /opt/airflow/dags/account_dim_generator.py
[2024-10-25T07:29:51.582+0000] {processor.py:914} INFO - Processing file /opt/airflow/dags/account_dim_generator.py for tasks to queue
[2024-10-25T07:29:51.585+0000] {logging_mixin.py:190} INFO - [2024-10-25T07:29:51.584+0000] {dagbag.py:588} INFO - Filling up the DagBag from /opt/airflow/dags/account_dim_generator.py
[2024-10-25T07:29:51.618+0000] {processor.py:925} INFO - DAG(s) 'account_dim_generator' retrieved from /opt/airflow/dags/account_dim_generator.py
[2024-10-25T07:29:51.641+0000] {logging_mixin.py:190} INFO - [2024-10-25T07:29:51.641+0000] {dag.py:3239} INFO - Sync 1 DAGs
[2024-10-25T07:29:51.666+0000] {logging_mixin.py:190} INFO - [2024-10-25T07:29:51.666+0000] {dag.py:4180} INFO - Setting next_dagrun for account_dim_generator to 2024-10-25 00:00:00+00:00, run_after=2024-10-26 00:00:00+00:00
[2024-10-25T07:29:51.717+0000] {processor.py:208} INFO - Processing /opt/airflow/dags/account_dim_generator.py took 0.141 seconds
[2024-10-25T07:30:21.889+0000] {processor.py:186} INFO - Started process (PID=2189) to work on /opt/airflow/dags/account_dim_generator.py
[2024-10-25T07:30:21.890+0000] {processor.py:914} INFO - Processing file /opt/airflow/dags/account_dim_generator.py for tasks to queue
[2024-10-25T07:30:21.893+0000] {logging_mixin.py:190} INFO - [2024-10-25T07:30:21.893+0000] {dagbag.py:588} INFO - Filling up the DagBag from /opt/airflow/dags/account_dim_generator.py
[2024-10-25T07:30:21.928+0000] {processor.py:925} INFO - DAG(s) 'account_dim_generator' retrieved from /opt/airflow/dags/account_dim_generator.py
[2024-10-25T07:30:21.948+0000] {logging_mixin.py:190} INFO - [2024-10-25T07:30:21.948+0000] {dag.py:3239} INFO - Sync 1 DAGs
[2024-10-25T07:30:21.969+0000] {logging_mixin.py:190} INFO - [2024-10-25T07:30:21.969+0000] {dag.py:4180} INFO - Setting next_dagrun for account_dim_generator to 2024-10-25 00:00:00+00:00, run_after=2024-10-26 00:00:00+00:00
[2024-10-25T07:30:21.995+0000] {processor.py:208} INFO - Processing /opt/airflow/dags/account_dim_generator.py took 0.111 seconds
[2024-10-25T07:30:52.618+0000] {processor.py:186} INFO - Started process (PID=2257) to work on /opt/airflow/dags/account_dim_generator.py
[2024-10-25T07:30:52.620+0000] {processor.py:914} INFO - Processing file /opt/airflow/dags/account_dim_generator.py for tasks to queue
[2024-10-25T07:30:52.622+0000] {logging_mixin.py:190} INFO - [2024-10-25T07:30:52.622+0000] {dagbag.py:588} INFO - Filling up the DagBag from /opt/airflow/dags/account_dim_generator.py
[2024-10-25T07:30:52.651+0000] {processor.py:925} INFO - DAG(s) 'account_dim_generator' retrieved from /opt/airflow/dags/account_dim_generator.py
[2024-10-25T07:30:52.674+0000] {logging_mixin.py:190} INFO - [2024-10-25T07:30:52.673+0000] {dag.py:3239} INFO - Sync 1 DAGs
[2024-10-25T07:30:52.697+0000] {logging_mixin.py:190} INFO - [2024-10-25T07:30:52.697+0000] {dag.py:4180} INFO - Setting next_dagrun for account_dim_generator to 2024-10-25 00:00:00+00:00, run_after=2024-10-26 00:00:00+00:00
[2024-10-25T07:30:52.723+0000] {processor.py:208} INFO - Processing /opt/airflow/dags/account_dim_generator.py took 0.110 seconds
[2024-10-25T07:31:23.242+0000] {processor.py:186} INFO - Started process (PID=2326) to work on /opt/airflow/dags/account_dim_generator.py
[2024-10-25T07:31:23.244+0000] {processor.py:914} INFO - Processing file /opt/airflow/dags/account_dim_generator.py for tasks to queue
[2024-10-25T07:31:23.246+0000] {logging_mixin.py:190} INFO - [2024-10-25T07:31:23.246+0000] {dagbag.py:588} INFO - Filling up the DagBag from /opt/airflow/dags/account_dim_generator.py
[2024-10-25T07:31:23.281+0000] {processor.py:925} INFO - DAG(s) 'account_dim_generator' retrieved from /opt/airflow/dags/account_dim_generator.py
[2024-10-25T07:31:23.304+0000] {logging_mixin.py:190} INFO - [2024-10-25T07:31:23.304+0000] {dag.py:3239} INFO - Sync 1 DAGs
[2024-10-25T07:31:23.326+0000] {logging_mixin.py:190} INFO - [2024-10-25T07:31:23.326+0000] {dag.py:4180} INFO - Setting next_dagrun for account_dim_generator to 2024-10-25 00:00:00+00:00, run_after=2024-10-26 00:00:00+00:00
[2024-10-25T07:31:23.500+0000] {processor.py:208} INFO - Processing /opt/airflow/dags/account_dim_generator.py took 0.264 seconds
[2024-10-25T07:31:53.997+0000] {processor.py:186} INFO - Started process (PID=2395) to work on /opt/airflow/dags/account_dim_generator.py
[2024-10-25T07:31:53.998+0000] {processor.py:914} INFO - Processing file /opt/airflow/dags/account_dim_generator.py for tasks to queue
[2024-10-25T07:31:54.002+0000] {logging_mixin.py:190} INFO - [2024-10-25T07:31:54.002+0000] {dagbag.py:588} INFO - Filling up the DagBag from /opt/airflow/dags/account_dim_generator.py
[2024-10-25T07:31:54.037+0000] {processor.py:925} INFO - DAG(s) 'account_dim_generator' retrieved from /opt/airflow/dags/account_dim_generator.py
[2024-10-25T07:31:54.061+0000] {logging_mixin.py:190} INFO - [2024-10-25T07:31:54.061+0000] {dag.py:3239} INFO - Sync 1 DAGs
[2024-10-25T07:31:54.083+0000] {logging_mixin.py:190} INFO - [2024-10-25T07:31:54.083+0000] {dag.py:4180} INFO - Setting next_dagrun for account_dim_generator to 2024-10-25 00:00:00+00:00, run_after=2024-10-26 00:00:00+00:00
[2024-10-25T07:31:54.109+0000] {processor.py:208} INFO - Processing /opt/airflow/dags/account_dim_generator.py took 0.120 seconds
[2024-10-25T07:32:45.379+0000] {processor.py:186} INFO - Started process (PID=2421) to work on /opt/airflow/dags/account_dim_generator.py
[2024-10-25T07:32:45.384+0000] {processor.py:914} INFO - Processing file /opt/airflow/dags/account_dim_generator.py for tasks to queue
[2024-10-25T07:32:45.392+0000] {logging_mixin.py:190} INFO - [2024-10-25T07:32:45.391+0000] {dagbag.py:588} INFO - Filling up the DagBag from /opt/airflow/dags/account_dim_generator.py
[2024-10-25T07:32:45.442+0000] {processor.py:925} INFO - DAG(s) 'account_dim_generator' retrieved from /opt/airflow/dags/account_dim_generator.py
[2024-10-25T07:32:45.494+0000] {logging_mixin.py:190} INFO - [2024-10-25T07:32:45.492+0000] {dag.py:3239} INFO - Sync 1 DAGs
[2024-10-25T07:32:45.573+0000] {logging_mixin.py:190} INFO - [2024-10-25T07:32:45.572+0000] {dag.py:4180} INFO - Setting next_dagrun for account_dim_generator to 2024-10-25 00:00:00+00:00, run_after=2024-10-26 00:00:00+00:00
[2024-10-25T07:32:45.653+0000] {processor.py:208} INFO - Processing /opt/airflow/dags/account_dim_generator.py took 0.287 seconds
[2024-10-25T07:33:16.048+0000] {processor.py:186} INFO - Started process (PID=2490) to work on /opt/airflow/dags/account_dim_generator.py
[2024-10-25T07:33:16.050+0000] {processor.py:914} INFO - Processing file /opt/airflow/dags/account_dim_generator.py for tasks to queue
[2024-10-25T07:33:16.052+0000] {logging_mixin.py:190} INFO - [2024-10-25T07:33:16.052+0000] {dagbag.py:588} INFO - Filling up the DagBag from /opt/airflow/dags/account_dim_generator.py
[2024-10-25T07:33:16.084+0000] {processor.py:925} INFO - DAG(s) 'account_dim_generator' retrieved from /opt/airflow/dags/account_dim_generator.py
[2024-10-25T07:33:16.106+0000] {logging_mixin.py:190} INFO - [2024-10-25T07:33:16.106+0000] {dag.py:3239} INFO - Sync 1 DAGs
[2024-10-25T07:33:16.327+0000] {logging_mixin.py:190} INFO - [2024-10-25T07:33:16.326+0000] {dag.py:4180} INFO - Setting next_dagrun for account_dim_generator to 2024-10-25 00:00:00+00:00, run_after=2024-10-26 00:00:00+00:00
[2024-10-25T07:33:16.350+0000] {processor.py:208} INFO - Processing /opt/airflow/dags/account_dim_generator.py took 0.307 seconds
[2024-10-25T07:33:46.722+0000] {processor.py:186} INFO - Started process (PID=2559) to work on /opt/airflow/dags/account_dim_generator.py
[2024-10-25T07:33:46.723+0000] {processor.py:914} INFO - Processing file /opt/airflow/dags/account_dim_generator.py for tasks to queue
[2024-10-25T07:33:46.725+0000] {logging_mixin.py:190} INFO - [2024-10-25T07:33:46.724+0000] {dagbag.py:588} INFO - Filling up the DagBag from /opt/airflow/dags/account_dim_generator.py
[2024-10-25T07:33:46.749+0000] {processor.py:925} INFO - DAG(s) 'account_dim_generator' retrieved from /opt/airflow/dags/account_dim_generator.py
[2024-10-25T07:33:46.771+0000] {logging_mixin.py:190} INFO - [2024-10-25T07:33:46.771+0000] {dag.py:3239} INFO - Sync 1 DAGs
[2024-10-25T07:33:46.973+0000] {logging_mixin.py:190} INFO - [2024-10-25T07:33:46.972+0000] {dag.py:4180} INFO - Setting next_dagrun for account_dim_generator to 2024-10-25 00:00:00+00:00, run_after=2024-10-26 00:00:00+00:00
[2024-10-25T07:33:46.997+0000] {processor.py:208} INFO - Processing /opt/airflow/dags/account_dim_generator.py took 0.281 seconds
[2024-10-25T07:34:17.771+0000] {processor.py:186} INFO - Started process (PID=2628) to work on /opt/airflow/dags/account_dim_generator.py
[2024-10-25T07:34:17.773+0000] {processor.py:914} INFO - Processing file /opt/airflow/dags/account_dim_generator.py for tasks to queue
[2024-10-25T07:34:17.774+0000] {logging_mixin.py:190} INFO - [2024-10-25T07:34:17.774+0000] {dagbag.py:588} INFO - Filling up the DagBag from /opt/airflow/dags/account_dim_generator.py
[2024-10-25T07:34:17.802+0000] {processor.py:925} INFO - DAG(s) 'account_dim_generator' retrieved from /opt/airflow/dags/account_dim_generator.py
[2024-10-25T07:34:17.825+0000] {logging_mixin.py:190} INFO - [2024-10-25T07:34:17.825+0000] {dag.py:3239} INFO - Sync 1 DAGs
[2024-10-25T07:34:17.846+0000] {logging_mixin.py:190} INFO - [2024-10-25T07:34:17.846+0000] {dag.py:4180} INFO - Setting next_dagrun for account_dim_generator to 2024-10-25 00:00:00+00:00, run_after=2024-10-26 00:00:00+00:00
[2024-10-25T07:34:18.055+0000] {processor.py:208} INFO - Processing /opt/airflow/dags/account_dim_generator.py took 0.289 seconds
[2024-10-25T07:34:48.883+0000] {processor.py:186} INFO - Started process (PID=2697) to work on /opt/airflow/dags/account_dim_generator.py
[2024-10-25T07:34:48.885+0000] {processor.py:914} INFO - Processing file /opt/airflow/dags/account_dim_generator.py for tasks to queue
[2024-10-25T07:34:48.888+0000] {logging_mixin.py:190} INFO - [2024-10-25T07:34:48.888+0000] {dagbag.py:588} INFO - Filling up the DagBag from /opt/airflow/dags/account_dim_generator.py
[2024-10-25T07:34:48.921+0000] {processor.py:925} INFO - DAG(s) 'account_dim_generator' retrieved from /opt/airflow/dags/account_dim_generator.py
[2024-10-25T07:34:48.948+0000] {logging_mixin.py:190} INFO - [2024-10-25T07:34:48.948+0000] {dag.py:3239} INFO - Sync 1 DAGs
[2024-10-25T07:34:48.979+0000] {logging_mixin.py:190} INFO - [2024-10-25T07:34:48.979+0000] {dag.py:4180} INFO - Setting next_dagrun for account_dim_generator to 2024-10-25 00:00:00+00:00, run_after=2024-10-26 00:00:00+00:00
[2024-10-25T07:34:49.010+0000] {processor.py:208} INFO - Processing /opt/airflow/dags/account_dim_generator.py took 0.136 seconds
[2024-10-25T07:35:19.922+0000] {processor.py:186} INFO - Started process (PID=2766) to work on /opt/airflow/dags/account_dim_generator.py
[2024-10-25T07:35:19.923+0000] {processor.py:914} INFO - Processing file /opt/airflow/dags/account_dim_generator.py for tasks to queue
[2024-10-25T07:35:19.925+0000] {logging_mixin.py:190} INFO - [2024-10-25T07:35:19.924+0000] {dagbag.py:588} INFO - Filling up the DagBag from /opt/airflow/dags/account_dim_generator.py
[2024-10-25T07:35:19.957+0000] {processor.py:925} INFO - DAG(s) 'account_dim_generator' retrieved from /opt/airflow/dags/account_dim_generator.py
[2024-10-25T07:35:19.977+0000] {logging_mixin.py:190} INFO - [2024-10-25T07:35:19.976+0000] {dag.py:3239} INFO - Sync 1 DAGs
[2024-10-25T07:35:19.998+0000] {logging_mixin.py:190} INFO - [2024-10-25T07:35:19.998+0000] {dag.py:4180} INFO - Setting next_dagrun for account_dim_generator to 2024-10-25 00:00:00+00:00, run_after=2024-10-26 00:00:00+00:00
[2024-10-25T07:35:20.028+0000] {processor.py:208} INFO - Processing /opt/airflow/dags/account_dim_generator.py took 0.111 seconds
[2024-10-25T07:37:25.218+0000] {logging_mixin.py:190} INFO - [2024-10-25T07:37:25.216+0000] {process_utils.py:266} INFO - Waiting up to 5 seconds for processes to exit...
[2024-10-25T07:37:52.663+0000] {processor.py:186} INFO - Started process (PID=57) to work on /opt/airflow/dags/account_dim_generator.py
[2024-10-25T07:37:52.666+0000] {processor.py:914} INFO - Processing file /opt/airflow/dags/account_dim_generator.py for tasks to queue
[2024-10-25T07:37:52.670+0000] {logging_mixin.py:190} INFO - [2024-10-25T07:37:52.670+0000] {dagbag.py:588} INFO - Filling up the DagBag from /opt/airflow/dags/account_dim_generator.py
[2024-10-25T07:37:52.719+0000] {processor.py:925} INFO - DAG(s) 'account_dim_generator' retrieved from /opt/airflow/dags/account_dim_generator.py
[2024-10-25T07:37:52.747+0000] {logging_mixin.py:190} INFO - [2024-10-25T07:37:52.747+0000] {dag.py:3239} INFO - Sync 1 DAGs
[2024-10-25T07:37:52.773+0000] {logging_mixin.py:190} INFO - [2024-10-25T07:37:52.773+0000] {dag.py:4180} INFO - Setting next_dagrun for account_dim_generator to 2024-10-25 00:00:00+00:00, run_after=2024-10-26 00:00:00+00:00
[2024-10-25T07:37:52.799+0000] {processor.py:208} INFO - Processing /opt/airflow/dags/account_dim_generator.py took 0.143 seconds
[2024-10-25T07:38:23.112+0000] {processor.py:186} INFO - Started process (PID=127) to work on /opt/airflow/dags/account_dim_generator.py
[2024-10-25T07:38:23.120+0000] {processor.py:914} INFO - Processing file /opt/airflow/dags/account_dim_generator.py for tasks to queue
[2024-10-25T07:38:23.127+0000] {logging_mixin.py:190} INFO - [2024-10-25T07:38:23.126+0000] {dagbag.py:588} INFO - Filling up the DagBag from /opt/airflow/dags/account_dim_generator.py
[2024-10-25T07:38:23.171+0000] {processor.py:925} INFO - DAG(s) 'account_dim_generator' retrieved from /opt/airflow/dags/account_dim_generator.py
[2024-10-25T07:38:23.203+0000] {logging_mixin.py:190} INFO - [2024-10-25T07:38:23.203+0000] {dag.py:3239} INFO - Sync 1 DAGs
[2024-10-25T07:38:23.228+0000] {logging_mixin.py:190} INFO - [2024-10-25T07:38:23.228+0000] {dag.py:4180} INFO - Setting next_dagrun for account_dim_generator to 2024-10-25 00:00:00+00:00, run_after=2024-10-26 00:00:00+00:00
[2024-10-25T07:38:23.256+0000] {processor.py:208} INFO - Processing /opt/airflow/dags/account_dim_generator.py took 0.152 seconds
