[2024-10-25T07:14:42.010+0000] {processor.py:186} INFO - Started process (PID=96) to work on /opt/airflow/dags/branch_dim_generator.py
[2024-10-25T07:14:42.023+0000] {processor.py:914} INFO - Processing file /opt/airflow/dags/branch_dim_generator.py for tasks to queue
[2024-10-25T07:14:42.064+0000] {logging_mixin.py:190} INFO - [2024-10-25T07:14:42.058+0000] {dagbag.py:588} INFO - Filling up the DagBag from /opt/airflow/dags/branch_dim_generator.py
[2024-10-25T07:14:42.533+0000] {processor.py:925} INFO - DAG(s) 'branch_dim_generator' retrieved from /opt/airflow/dags/branch_dim_generator.py
[2024-10-25T07:14:42.887+0000] {logging_mixin.py:190} INFO - [2024-10-25T07:14:42.875+0000] {dag.py:3239} INFO - Sync 1 DAGs
[2024-10-25T07:14:43.765+0000] {logging_mixin.py:190} INFO - [2024-10-25T07:14:43.765+0000] {dag.py:4180} INFO - Setting next_dagrun for branch_dim_generator to 2024-10-22 00:00:00+00:00, run_after=2024-10-23 00:00:00+00:00
[2024-10-25T07:14:44.748+0000] {processor.py:208} INFO - Processing /opt/airflow/dags/branch_dim_generator.py took 2.906 seconds
[2024-10-25T07:16:01.315+0000] {processor.py:186} INFO - Started process (PID=254) to work on /opt/airflow/dags/branch_dim_generator.py
[2024-10-25T07:16:01.353+0000] {processor.py:914} INFO - Processing file /opt/airflow/dags/branch_dim_generator.py for tasks to queue
[2024-10-25T07:16:01.510+0000] {logging_mixin.py:190} INFO - [2024-10-25T07:16:01.509+0000] {dagbag.py:588} INFO - Filling up the DagBag from /opt/airflow/dags/branch_dim_generator.py
[2024-10-25T07:16:02.571+0000] {processor.py:925} INFO - DAG(s) 'branch_dim_generator' retrieved from /opt/airflow/dags/branch_dim_generator.py
[2024-10-25T07:16:02.738+0000] {logging_mixin.py:190} INFO - [2024-10-25T07:16:02.737+0000] {dag.py:3239} INFO - Sync 1 DAGs
[2024-10-25T07:16:02.882+0000] {logging_mixin.py:190} INFO - [2024-10-25T07:16:02.881+0000] {dag.py:4180} INFO - Setting next_dagrun for branch_dim_generator to 2024-10-25 00:00:00+00:00, run_after=2024-10-26 00:00:00+00:00
[2024-10-25T07:16:03.016+0000] {processor.py:208} INFO - Processing /opt/airflow/dags/branch_dim_generator.py took 1.821 seconds
[2024-10-25T07:16:33.500+0000] {processor.py:186} INFO - Started process (PID=324) to work on /opt/airflow/dags/branch_dim_generator.py
[2024-10-25T07:16:33.503+0000] {processor.py:914} INFO - Processing file /opt/airflow/dags/branch_dim_generator.py for tasks to queue
[2024-10-25T07:16:33.508+0000] {logging_mixin.py:190} INFO - [2024-10-25T07:16:33.507+0000] {dagbag.py:588} INFO - Filling up the DagBag from /opt/airflow/dags/branch_dim_generator.py
[2024-10-25T07:16:33.544+0000] {processor.py:925} INFO - DAG(s) 'branch_dim_generator' retrieved from /opt/airflow/dags/branch_dim_generator.py
[2024-10-25T07:16:33.589+0000] {logging_mixin.py:190} INFO - [2024-10-25T07:16:33.589+0000] {dag.py:3239} INFO - Sync 1 DAGs
[2024-10-25T07:16:33.641+0000] {logging_mixin.py:190} INFO - [2024-10-25T07:16:33.641+0000] {dag.py:4180} INFO - Setting next_dagrun for branch_dim_generator to 2024-10-25 00:00:00+00:00, run_after=2024-10-26 00:00:00+00:00
[2024-10-25T07:16:33.690+0000] {processor.py:208} INFO - Processing /opt/airflow/dags/branch_dim_generator.py took 0.202 seconds
[2024-10-25T07:17:04.286+0000] {processor.py:186} INFO - Started process (PID=392) to work on /opt/airflow/dags/branch_dim_generator.py
[2024-10-25T07:17:04.288+0000] {processor.py:914} INFO - Processing file /opt/airflow/dags/branch_dim_generator.py for tasks to queue
[2024-10-25T07:17:04.293+0000] {logging_mixin.py:190} INFO - [2024-10-25T07:17:04.292+0000] {dagbag.py:588} INFO - Filling up the DagBag from /opt/airflow/dags/branch_dim_generator.py
[2024-10-25T07:17:04.326+0000] {processor.py:925} INFO - DAG(s) 'branch_dim_generator' retrieved from /opt/airflow/dags/branch_dim_generator.py
[2024-10-25T07:17:04.361+0000] {logging_mixin.py:190} INFO - [2024-10-25T07:17:04.361+0000] {dag.py:3239} INFO - Sync 1 DAGs
[2024-10-25T07:17:04.408+0000] {logging_mixin.py:190} INFO - [2024-10-25T07:17:04.408+0000] {dag.py:4180} INFO - Setting next_dagrun for branch_dim_generator to 2024-10-25 00:00:00+00:00, run_after=2024-10-26 00:00:00+00:00
[2024-10-25T07:17:04.441+0000] {processor.py:208} INFO - Processing /opt/airflow/dags/branch_dim_generator.py took 0.166 seconds
[2024-10-25T07:17:35.269+0000] {processor.py:186} INFO - Started process (PID=462) to work on /opt/airflow/dags/branch_dim_generator.py
[2024-10-25T07:17:35.273+0000] {processor.py:914} INFO - Processing file /opt/airflow/dags/branch_dim_generator.py for tasks to queue
[2024-10-25T07:17:35.277+0000] {logging_mixin.py:190} INFO - [2024-10-25T07:17:35.276+0000] {dagbag.py:588} INFO - Filling up the DagBag from /opt/airflow/dags/branch_dim_generator.py
[2024-10-25T07:17:35.321+0000] {processor.py:925} INFO - DAG(s) 'branch_dim_generator' retrieved from /opt/airflow/dags/branch_dim_generator.py
[2024-10-25T07:17:35.361+0000] {logging_mixin.py:190} INFO - [2024-10-25T07:17:35.361+0000] {dag.py:3239} INFO - Sync 1 DAGs
[2024-10-25T07:17:35.425+0000] {logging_mixin.py:190} INFO - [2024-10-25T07:17:35.424+0000] {dag.py:4180} INFO - Setting next_dagrun for branch_dim_generator to 2024-10-25 00:00:00+00:00, run_after=2024-10-26 00:00:00+00:00
[2024-10-25T07:17:35.468+0000] {processor.py:208} INFO - Processing /opt/airflow/dags/branch_dim_generator.py took 0.211 seconds
[2024-10-25T07:18:05.633+0000] {processor.py:186} INFO - Started process (PID=531) to work on /opt/airflow/dags/branch_dim_generator.py
[2024-10-25T07:18:05.635+0000] {processor.py:914} INFO - Processing file /opt/airflow/dags/branch_dim_generator.py for tasks to queue
[2024-10-25T07:18:05.638+0000] {logging_mixin.py:190} INFO - [2024-10-25T07:18:05.638+0000] {dagbag.py:588} INFO - Filling up the DagBag from /opt/airflow/dags/branch_dim_generator.py
[2024-10-25T07:18:05.668+0000] {processor.py:925} INFO - DAG(s) 'branch_dim_generator' retrieved from /opt/airflow/dags/branch_dim_generator.py
[2024-10-25T07:18:05.704+0000] {logging_mixin.py:190} INFO - [2024-10-25T07:18:05.703+0000] {dag.py:3239} INFO - Sync 1 DAGs
[2024-10-25T07:18:05.740+0000] {logging_mixin.py:190} INFO - [2024-10-25T07:18:05.740+0000] {dag.py:4180} INFO - Setting next_dagrun for branch_dim_generator to 2024-10-25 00:00:00+00:00, run_after=2024-10-26 00:00:00+00:00
[2024-10-25T07:18:05.776+0000] {processor.py:208} INFO - Processing /opt/airflow/dags/branch_dim_generator.py took 0.151 seconds
[2024-10-25T07:18:35.911+0000] {processor.py:186} INFO - Started process (PID=599) to work on /opt/airflow/dags/branch_dim_generator.py
[2024-10-25T07:18:35.913+0000] {processor.py:914} INFO - Processing file /opt/airflow/dags/branch_dim_generator.py for tasks to queue
[2024-10-25T07:18:35.919+0000] {logging_mixin.py:190} INFO - [2024-10-25T07:18:35.919+0000] {dagbag.py:588} INFO - Filling up the DagBag from /opt/airflow/dags/branch_dim_generator.py
[2024-10-25T07:18:35.973+0000] {processor.py:925} INFO - DAG(s) 'branch_dim_generator' retrieved from /opt/airflow/dags/branch_dim_generator.py
[2024-10-25T07:18:36.028+0000] {logging_mixin.py:190} INFO - [2024-10-25T07:18:36.027+0000] {dag.py:3239} INFO - Sync 1 DAGs
[2024-10-25T07:18:36.070+0000] {logging_mixin.py:190} INFO - [2024-10-25T07:18:36.070+0000] {dag.py:4180} INFO - Setting next_dagrun for branch_dim_generator to 2024-10-25 00:00:00+00:00, run_after=2024-10-26 00:00:00+00:00
[2024-10-25T07:18:36.117+0000] {processor.py:208} INFO - Processing /opt/airflow/dags/branch_dim_generator.py took 0.215 seconds
[2024-10-25T07:19:06.223+0000] {processor.py:186} INFO - Started process (PID=668) to work on /opt/airflow/dags/branch_dim_generator.py
[2024-10-25T07:19:06.225+0000] {processor.py:914} INFO - Processing file /opt/airflow/dags/branch_dim_generator.py for tasks to queue
[2024-10-25T07:19:06.229+0000] {logging_mixin.py:190} INFO - [2024-10-25T07:19:06.229+0000] {dagbag.py:588} INFO - Filling up the DagBag from /opt/airflow/dags/branch_dim_generator.py
[2024-10-25T07:19:06.256+0000] {processor.py:925} INFO - DAG(s) 'branch_dim_generator' retrieved from /opt/airflow/dags/branch_dim_generator.py
[2024-10-25T07:19:06.287+0000] {logging_mixin.py:190} INFO - [2024-10-25T07:19:06.287+0000] {dag.py:3239} INFO - Sync 1 DAGs
[2024-10-25T07:19:06.329+0000] {logging_mixin.py:190} INFO - [2024-10-25T07:19:06.328+0000] {dag.py:4180} INFO - Setting next_dagrun for branch_dim_generator to 2024-10-25 00:00:00+00:00, run_after=2024-10-26 00:00:00+00:00
[2024-10-25T07:19:06.366+0000] {processor.py:208} INFO - Processing /opt/airflow/dags/branch_dim_generator.py took 0.151 seconds
[2024-10-25T07:19:36.853+0000] {processor.py:186} INFO - Started process (PID=737) to work on /opt/airflow/dags/branch_dim_generator.py
[2024-10-25T07:19:36.855+0000] {processor.py:914} INFO - Processing file /opt/airflow/dags/branch_dim_generator.py for tasks to queue
[2024-10-25T07:19:36.857+0000] {logging_mixin.py:190} INFO - [2024-10-25T07:19:36.857+0000] {dagbag.py:588} INFO - Filling up the DagBag from /opt/airflow/dags/branch_dim_generator.py
[2024-10-25T07:19:36.885+0000] {processor.py:925} INFO - DAG(s) 'branch_dim_generator' retrieved from /opt/airflow/dags/branch_dim_generator.py
[2024-10-25T07:19:36.904+0000] {logging_mixin.py:190} INFO - [2024-10-25T07:19:36.904+0000] {dag.py:3239} INFO - Sync 1 DAGs
[2024-10-25T07:19:36.930+0000] {logging_mixin.py:190} INFO - [2024-10-25T07:19:36.930+0000] {dag.py:4180} INFO - Setting next_dagrun for branch_dim_generator to 2024-10-25 00:00:00+00:00, run_after=2024-10-26 00:00:00+00:00
[2024-10-25T07:19:36.959+0000] {processor.py:208} INFO - Processing /opt/airflow/dags/branch_dim_generator.py took 0.110 seconds
[2024-10-25T07:20:07.054+0000] {processor.py:186} INFO - Started process (PID=805) to work on /opt/airflow/dags/branch_dim_generator.py
[2024-10-25T07:20:07.055+0000] {processor.py:914} INFO - Processing file /opt/airflow/dags/branch_dim_generator.py for tasks to queue
[2024-10-25T07:20:07.058+0000] {logging_mixin.py:190} INFO - [2024-10-25T07:20:07.058+0000] {dagbag.py:588} INFO - Filling up the DagBag from /opt/airflow/dags/branch_dim_generator.py
[2024-10-25T07:20:07.088+0000] {processor.py:925} INFO - DAG(s) 'branch_dim_generator' retrieved from /opt/airflow/dags/branch_dim_generator.py
[2024-10-25T07:20:07.112+0000] {logging_mixin.py:190} INFO - [2024-10-25T07:20:07.112+0000] {dag.py:3239} INFO - Sync 1 DAGs
[2024-10-25T07:20:07.133+0000] {logging_mixin.py:190} INFO - [2024-10-25T07:20:07.132+0000] {dag.py:4180} INFO - Setting next_dagrun for branch_dim_generator to 2024-10-25 00:00:00+00:00, run_after=2024-10-26 00:00:00+00:00
[2024-10-25T07:20:07.161+0000] {processor.py:208} INFO - Processing /opt/airflow/dags/branch_dim_generator.py took 0.113 seconds
[2024-10-25T07:20:37.489+0000] {processor.py:186} INFO - Started process (PID=874) to work on /opt/airflow/dags/branch_dim_generator.py
[2024-10-25T07:20:37.491+0000] {processor.py:914} INFO - Processing file /opt/airflow/dags/branch_dim_generator.py for tasks to queue
[2024-10-25T07:20:37.494+0000] {logging_mixin.py:190} INFO - [2024-10-25T07:20:37.494+0000] {dagbag.py:588} INFO - Filling up the DagBag from /opt/airflow/dags/branch_dim_generator.py
[2024-10-25T07:20:37.522+0000] {processor.py:925} INFO - DAG(s) 'branch_dim_generator' retrieved from /opt/airflow/dags/branch_dim_generator.py
[2024-10-25T07:20:37.551+0000] {logging_mixin.py:190} INFO - [2024-10-25T07:20:37.550+0000] {dag.py:3239} INFO - Sync 1 DAGs
[2024-10-25T07:20:37.584+0000] {logging_mixin.py:190} INFO - [2024-10-25T07:20:37.583+0000] {dag.py:4180} INFO - Setting next_dagrun for branch_dim_generator to 2024-10-25 00:00:00+00:00, run_after=2024-10-26 00:00:00+00:00
[2024-10-25T07:20:37.615+0000] {processor.py:208} INFO - Processing /opt/airflow/dags/branch_dim_generator.py took 0.135 seconds
[2024-10-25T07:21:07.693+0000] {processor.py:186} INFO - Started process (PID=942) to work on /opt/airflow/dags/branch_dim_generator.py
[2024-10-25T07:21:07.695+0000] {processor.py:914} INFO - Processing file /opt/airflow/dags/branch_dim_generator.py for tasks to queue
[2024-10-25T07:21:07.697+0000] {logging_mixin.py:190} INFO - [2024-10-25T07:21:07.697+0000] {dagbag.py:588} INFO - Filling up the DagBag from /opt/airflow/dags/branch_dim_generator.py
[2024-10-25T07:21:07.737+0000] {processor.py:925} INFO - DAG(s) 'branch_dim_generator' retrieved from /opt/airflow/dags/branch_dim_generator.py
[2024-10-25T07:21:07.773+0000] {logging_mixin.py:190} INFO - [2024-10-25T07:21:07.773+0000] {dag.py:3239} INFO - Sync 1 DAGs
[2024-10-25T07:21:07.810+0000] {logging_mixin.py:190} INFO - [2024-10-25T07:21:07.809+0000] {dag.py:4180} INFO - Setting next_dagrun for branch_dim_generator to 2024-10-25 00:00:00+00:00, run_after=2024-10-26 00:00:00+00:00
[2024-10-25T07:21:07.845+0000] {processor.py:208} INFO - Processing /opt/airflow/dags/branch_dim_generator.py took 0.157 seconds
[2024-10-25T07:21:38.220+0000] {processor.py:186} INFO - Started process (PID=1011) to work on /opt/airflow/dags/branch_dim_generator.py
[2024-10-25T07:21:38.223+0000] {processor.py:914} INFO - Processing file /opt/airflow/dags/branch_dim_generator.py for tasks to queue
[2024-10-25T07:21:38.227+0000] {logging_mixin.py:190} INFO - [2024-10-25T07:21:38.227+0000] {dagbag.py:588} INFO - Filling up the DagBag from /opt/airflow/dags/branch_dim_generator.py
[2024-10-25T07:21:38.271+0000] {processor.py:925} INFO - DAG(s) 'branch_dim_generator' retrieved from /opt/airflow/dags/branch_dim_generator.py
[2024-10-25T07:21:38.307+0000] {logging_mixin.py:190} INFO - [2024-10-25T07:21:38.306+0000] {dag.py:3239} INFO - Sync 1 DAGs
[2024-10-25T07:21:38.350+0000] {logging_mixin.py:190} INFO - [2024-10-25T07:21:38.349+0000] {dag.py:4180} INFO - Setting next_dagrun for branch_dim_generator to 2024-10-25 00:00:00+00:00, run_after=2024-10-26 00:00:00+00:00
[2024-10-25T07:21:38.393+0000] {processor.py:208} INFO - Processing /opt/airflow/dags/branch_dim_generator.py took 0.179 seconds
[2024-10-25T07:22:08.754+0000] {processor.py:186} INFO - Started process (PID=1080) to work on /opt/airflow/dags/branch_dim_generator.py
[2024-10-25T07:22:08.760+0000] {processor.py:914} INFO - Processing file /opt/airflow/dags/branch_dim_generator.py for tasks to queue
[2024-10-25T07:22:08.847+0000] {logging_mixin.py:190} INFO - [2024-10-25T07:22:08.846+0000] {dagbag.py:588} INFO - Filling up the DagBag from /opt/airflow/dags/branch_dim_generator.py
[2024-10-25T07:22:08.945+0000] {processor.py:925} INFO - DAG(s) 'branch_dim_generator' retrieved from /opt/airflow/dags/branch_dim_generator.py
[2024-10-25T07:22:09.041+0000] {logging_mixin.py:190} INFO - [2024-10-25T07:22:09.039+0000] {dag.py:3239} INFO - Sync 1 DAGs
[2024-10-25T07:22:09.131+0000] {logging_mixin.py:190} INFO - [2024-10-25T07:22:09.130+0000] {dag.py:4180} INFO - Setting next_dagrun for branch_dim_generator to 2024-10-25 00:00:00+00:00, run_after=2024-10-26 00:00:00+00:00
[2024-10-25T07:22:09.176+0000] {processor.py:208} INFO - Processing /opt/airflow/dags/branch_dim_generator.py took 0.446 seconds
[2024-10-25T07:22:40.081+0000] {processor.py:186} INFO - Started process (PID=1149) to work on /opt/airflow/dags/branch_dim_generator.py
[2024-10-25T07:22:40.083+0000] {processor.py:914} INFO - Processing file /opt/airflow/dags/branch_dim_generator.py for tasks to queue
[2024-10-25T07:22:40.086+0000] {logging_mixin.py:190} INFO - [2024-10-25T07:22:40.086+0000] {dagbag.py:588} INFO - Filling up the DagBag from /opt/airflow/dags/branch_dim_generator.py
[2024-10-25T07:22:40.117+0000] {processor.py:925} INFO - DAG(s) 'branch_dim_generator' retrieved from /opt/airflow/dags/branch_dim_generator.py
[2024-10-25T07:22:40.144+0000] {logging_mixin.py:190} INFO - [2024-10-25T07:22:40.144+0000] {dag.py:3239} INFO - Sync 1 DAGs
[2024-10-25T07:22:40.172+0000] {logging_mixin.py:190} INFO - [2024-10-25T07:22:40.171+0000] {dag.py:4180} INFO - Setting next_dagrun for branch_dim_generator to 2024-10-25 00:00:00+00:00, run_after=2024-10-26 00:00:00+00:00
[2024-10-25T07:22:40.202+0000] {processor.py:208} INFO - Processing /opt/airflow/dags/branch_dim_generator.py took 0.127 seconds
[2024-10-25T07:23:10.488+0000] {processor.py:186} INFO - Started process (PID=1218) to work on /opt/airflow/dags/branch_dim_generator.py
[2024-10-25T07:23:10.491+0000] {processor.py:914} INFO - Processing file /opt/airflow/dags/branch_dim_generator.py for tasks to queue
[2024-10-25T07:23:10.500+0000] {logging_mixin.py:190} INFO - [2024-10-25T07:23:10.498+0000] {dagbag.py:588} INFO - Filling up the DagBag from /opt/airflow/dags/branch_dim_generator.py
[2024-10-25T07:23:10.553+0000] {processor.py:925} INFO - DAG(s) 'branch_dim_generator' retrieved from /opt/airflow/dags/branch_dim_generator.py
[2024-10-25T07:23:10.631+0000] {logging_mixin.py:190} INFO - [2024-10-25T07:23:10.630+0000] {dag.py:3239} INFO - Sync 1 DAGs
[2024-10-25T07:23:10.716+0000] {logging_mixin.py:190} INFO - [2024-10-25T07:23:10.715+0000] {dag.py:4180} INFO - Setting next_dagrun for branch_dim_generator to 2024-10-25 00:00:00+00:00, run_after=2024-10-26 00:00:00+00:00
[2024-10-25T07:23:10.768+0000] {processor.py:208} INFO - Processing /opt/airflow/dags/branch_dim_generator.py took 0.298 seconds
[2024-10-25T07:23:41.500+0000] {processor.py:186} INFO - Started process (PID=1287) to work on /opt/airflow/dags/branch_dim_generator.py
[2024-10-25T07:23:41.502+0000] {processor.py:914} INFO - Processing file /opt/airflow/dags/branch_dim_generator.py for tasks to queue
[2024-10-25T07:23:41.508+0000] {logging_mixin.py:190} INFO - [2024-10-25T07:23:41.506+0000] {dagbag.py:588} INFO - Filling up the DagBag from /opt/airflow/dags/branch_dim_generator.py
[2024-10-25T07:23:41.549+0000] {processor.py:925} INFO - DAG(s) 'branch_dim_generator' retrieved from /opt/airflow/dags/branch_dim_generator.py
[2024-10-25T07:23:41.572+0000] {logging_mixin.py:190} INFO - [2024-10-25T07:23:41.571+0000] {dag.py:3239} INFO - Sync 1 DAGs
[2024-10-25T07:23:41.594+0000] {logging_mixin.py:190} INFO - [2024-10-25T07:23:41.594+0000] {dag.py:4180} INFO - Setting next_dagrun for branch_dim_generator to 2024-10-25 00:00:00+00:00, run_after=2024-10-26 00:00:00+00:00
[2024-10-25T07:23:41.630+0000] {processor.py:208} INFO - Processing /opt/airflow/dags/branch_dim_generator.py took 0.138 seconds
[2024-10-25T07:24:12.222+0000] {processor.py:186} INFO - Started process (PID=1356) to work on /opt/airflow/dags/branch_dim_generator.py
[2024-10-25T07:24:12.224+0000] {processor.py:914} INFO - Processing file /opt/airflow/dags/branch_dim_generator.py for tasks to queue
[2024-10-25T07:24:12.227+0000] {logging_mixin.py:190} INFO - [2024-10-25T07:24:12.227+0000] {dagbag.py:588} INFO - Filling up the DagBag from /opt/airflow/dags/branch_dim_generator.py
[2024-10-25T07:24:12.274+0000] {processor.py:925} INFO - DAG(s) 'branch_dim_generator' retrieved from /opt/airflow/dags/branch_dim_generator.py
[2024-10-25T07:24:12.304+0000] {logging_mixin.py:190} INFO - [2024-10-25T07:24:12.304+0000] {dag.py:3239} INFO - Sync 1 DAGs
[2024-10-25T07:24:12.335+0000] {logging_mixin.py:190} INFO - [2024-10-25T07:24:12.335+0000] {dag.py:4180} INFO - Setting next_dagrun for branch_dim_generator to 2024-10-25 00:00:00+00:00, run_after=2024-10-26 00:00:00+00:00
[2024-10-25T07:24:12.441+0000] {processor.py:208} INFO - Processing /opt/airflow/dags/branch_dim_generator.py took 0.227 seconds
[2024-10-25T07:24:42.947+0000] {processor.py:186} INFO - Started process (PID=1425) to work on /opt/airflow/dags/branch_dim_generator.py
[2024-10-25T07:24:42.948+0000] {processor.py:914} INFO - Processing file /opt/airflow/dags/branch_dim_generator.py for tasks to queue
[2024-10-25T07:24:42.950+0000] {logging_mixin.py:190} INFO - [2024-10-25T07:24:42.950+0000] {dagbag.py:588} INFO - Filling up the DagBag from /opt/airflow/dags/branch_dim_generator.py
[2024-10-25T07:24:42.983+0000] {processor.py:925} INFO - DAG(s) 'branch_dim_generator' retrieved from /opt/airflow/dags/branch_dim_generator.py
[2024-10-25T07:24:43.005+0000] {logging_mixin.py:190} INFO - [2024-10-25T07:24:43.005+0000] {dag.py:3239} INFO - Sync 1 DAGs
[2024-10-25T07:24:43.028+0000] {logging_mixin.py:190} INFO - [2024-10-25T07:24:43.027+0000] {dag.py:4180} INFO - Setting next_dagrun for branch_dim_generator to 2024-10-25 00:00:00+00:00, run_after=2024-10-26 00:00:00+00:00
[2024-10-25T07:24:43.088+0000] {processor.py:208} INFO - Processing /opt/airflow/dags/branch_dim_generator.py took 0.148 seconds
[2024-10-25T07:25:13.880+0000] {processor.py:186} INFO - Started process (PID=1494) to work on /opt/airflow/dags/branch_dim_generator.py
[2024-10-25T07:25:13.892+0000] {processor.py:914} INFO - Processing file /opt/airflow/dags/branch_dim_generator.py for tasks to queue
[2024-10-25T07:25:13.895+0000] {logging_mixin.py:190} INFO - [2024-10-25T07:25:13.895+0000] {dagbag.py:588} INFO - Filling up the DagBag from /opt/airflow/dags/branch_dim_generator.py
[2024-10-25T07:25:13.926+0000] {processor.py:925} INFO - DAG(s) 'branch_dim_generator' retrieved from /opt/airflow/dags/branch_dim_generator.py
[2024-10-25T07:25:13.948+0000] {logging_mixin.py:190} INFO - [2024-10-25T07:25:13.948+0000] {dag.py:3239} INFO - Sync 1 DAGs
[2024-10-25T07:25:13.970+0000] {logging_mixin.py:190} INFO - [2024-10-25T07:25:13.970+0000] {dag.py:4180} INFO - Setting next_dagrun for branch_dim_generator to 2024-10-25 00:00:00+00:00, run_after=2024-10-26 00:00:00+00:00
[2024-10-25T07:25:13.996+0000] {processor.py:208} INFO - Processing /opt/airflow/dags/branch_dim_generator.py took 0.120 seconds
[2024-10-25T07:25:44.114+0000] {processor.py:186} INFO - Started process (PID=1563) to work on /opt/airflow/dags/branch_dim_generator.py
[2024-10-25T07:25:44.116+0000] {processor.py:914} INFO - Processing file /opt/airflow/dags/branch_dim_generator.py for tasks to queue
[2024-10-25T07:25:44.119+0000] {logging_mixin.py:190} INFO - [2024-10-25T07:25:44.119+0000] {dagbag.py:588} INFO - Filling up the DagBag from /opt/airflow/dags/branch_dim_generator.py
[2024-10-25T07:25:44.155+0000] {processor.py:925} INFO - DAG(s) 'branch_dim_generator' retrieved from /opt/airflow/dags/branch_dim_generator.py
[2024-10-25T07:25:44.178+0000] {logging_mixin.py:190} INFO - [2024-10-25T07:25:44.178+0000] {dag.py:3239} INFO - Sync 1 DAGs
[2024-10-25T07:25:44.208+0000] {logging_mixin.py:190} INFO - [2024-10-25T07:25:44.208+0000] {dag.py:4180} INFO - Setting next_dagrun for branch_dim_generator to 2024-10-25 00:00:00+00:00, run_after=2024-10-26 00:00:00+00:00
[2024-10-25T07:25:44.296+0000] {processor.py:208} INFO - Processing /opt/airflow/dags/branch_dim_generator.py took 0.188 seconds
[2024-10-25T07:26:14.824+0000] {processor.py:186} INFO - Started process (PID=1632) to work on /opt/airflow/dags/branch_dim_generator.py
[2024-10-25T07:26:14.826+0000] {processor.py:914} INFO - Processing file /opt/airflow/dags/branch_dim_generator.py for tasks to queue
[2024-10-25T07:26:14.830+0000] {logging_mixin.py:190} INFO - [2024-10-25T07:26:14.829+0000] {dagbag.py:588} INFO - Filling up the DagBag from /opt/airflow/dags/branch_dim_generator.py
[2024-10-25T07:26:14.867+0000] {processor.py:925} INFO - DAG(s) 'branch_dim_generator' retrieved from /opt/airflow/dags/branch_dim_generator.py
[2024-10-25T07:26:14.890+0000] {logging_mixin.py:190} INFO - [2024-10-25T07:26:14.889+0000] {dag.py:3239} INFO - Sync 1 DAGs
[2024-10-25T07:26:14.913+0000] {logging_mixin.py:190} INFO - [2024-10-25T07:26:14.912+0000] {dag.py:4180} INFO - Setting next_dagrun for branch_dim_generator to 2024-10-25 00:00:00+00:00, run_after=2024-10-26 00:00:00+00:00
[2024-10-25T07:26:14.951+0000] {processor.py:208} INFO - Processing /opt/airflow/dags/branch_dim_generator.py took 0.133 seconds
[2024-10-25T07:26:45.704+0000] {processor.py:186} INFO - Started process (PID=1702) to work on /opt/airflow/dags/branch_dim_generator.py
[2024-10-25T07:26:45.706+0000] {processor.py:914} INFO - Processing file /opt/airflow/dags/branch_dim_generator.py for tasks to queue
[2024-10-25T07:26:45.708+0000] {logging_mixin.py:190} INFO - [2024-10-25T07:26:45.708+0000] {dagbag.py:588} INFO - Filling up the DagBag from /opt/airflow/dags/branch_dim_generator.py
[2024-10-25T07:26:45.739+0000] {processor.py:925} INFO - DAG(s) 'branch_dim_generator' retrieved from /opt/airflow/dags/branch_dim_generator.py
[2024-10-25T07:26:45.762+0000] {logging_mixin.py:190} INFO - [2024-10-25T07:26:45.762+0000] {dag.py:3239} INFO - Sync 1 DAGs
[2024-10-25T07:26:45.790+0000] {logging_mixin.py:190} INFO - [2024-10-25T07:26:45.790+0000] {dag.py:4180} INFO - Setting next_dagrun for branch_dim_generator to 2024-10-25 00:00:00+00:00, run_after=2024-10-26 00:00:00+00:00
[2024-10-25T07:26:45.858+0000] {processor.py:208} INFO - Processing /opt/airflow/dags/branch_dim_generator.py took 0.159 seconds
[2024-10-25T07:27:16.458+0000] {processor.py:186} INFO - Started process (PID=1771) to work on /opt/airflow/dags/branch_dim_generator.py
[2024-10-25T07:27:16.459+0000] {processor.py:914} INFO - Processing file /opt/airflow/dags/branch_dim_generator.py for tasks to queue
[2024-10-25T07:27:16.463+0000] {logging_mixin.py:190} INFO - [2024-10-25T07:27:16.462+0000] {dagbag.py:588} INFO - Filling up the DagBag from /opt/airflow/dags/branch_dim_generator.py
[2024-10-25T07:27:16.505+0000] {processor.py:925} INFO - DAG(s) 'branch_dim_generator' retrieved from /opt/airflow/dags/branch_dim_generator.py
[2024-10-25T07:27:16.529+0000] {logging_mixin.py:190} INFO - [2024-10-25T07:27:16.529+0000] {dag.py:3239} INFO - Sync 1 DAGs
[2024-10-25T07:27:16.557+0000] {logging_mixin.py:190} INFO - [2024-10-25T07:27:16.556+0000] {dag.py:4180} INFO - Setting next_dagrun for branch_dim_generator to 2024-10-25 00:00:00+00:00, run_after=2024-10-26 00:00:00+00:00
[2024-10-25T07:27:16.584+0000] {processor.py:208} INFO - Processing /opt/airflow/dags/branch_dim_generator.py took 0.133 seconds
[2024-10-25T07:27:46.679+0000] {processor.py:186} INFO - Started process (PID=1840) to work on /opt/airflow/dags/branch_dim_generator.py
[2024-10-25T07:27:46.680+0000] {processor.py:914} INFO - Processing file /opt/airflow/dags/branch_dim_generator.py for tasks to queue
[2024-10-25T07:27:46.684+0000] {logging_mixin.py:190} INFO - [2024-10-25T07:27:46.683+0000] {dagbag.py:588} INFO - Filling up the DagBag from /opt/airflow/dags/branch_dim_generator.py
[2024-10-25T07:27:46.721+0000] {processor.py:925} INFO - DAG(s) 'branch_dim_generator' retrieved from /opt/airflow/dags/branch_dim_generator.py
[2024-10-25T07:27:46.747+0000] {logging_mixin.py:190} INFO - [2024-10-25T07:27:46.747+0000] {dag.py:3239} INFO - Sync 1 DAGs
[2024-10-25T07:27:46.773+0000] {logging_mixin.py:190} INFO - [2024-10-25T07:27:46.773+0000] {dag.py:4180} INFO - Setting next_dagrun for branch_dim_generator to 2024-10-25 00:00:00+00:00, run_after=2024-10-26 00:00:00+00:00
[2024-10-25T07:27:46.791+0000] {processor.py:208} INFO - Processing /opt/airflow/dags/branch_dim_generator.py took 0.117 seconds
[2024-10-25T07:28:16.991+0000] {processor.py:186} INFO - Started process (PID=1909) to work on /opt/airflow/dags/branch_dim_generator.py
[2024-10-25T07:28:16.992+0000] {processor.py:914} INFO - Processing file /opt/airflow/dags/branch_dim_generator.py for tasks to queue
[2024-10-25T07:28:16.998+0000] {logging_mixin.py:190} INFO - [2024-10-25T07:28:16.998+0000] {dagbag.py:588} INFO - Filling up the DagBag from /opt/airflow/dags/branch_dim_generator.py
[2024-10-25T07:28:17.046+0000] {processor.py:925} INFO - DAG(s) 'branch_dim_generator' retrieved from /opt/airflow/dags/branch_dim_generator.py
[2024-10-25T07:28:17.073+0000] {logging_mixin.py:190} INFO - [2024-10-25T07:28:17.073+0000] {dag.py:3239} INFO - Sync 1 DAGs
[2024-10-25T07:28:17.099+0000] {logging_mixin.py:190} INFO - [2024-10-25T07:28:17.099+0000] {dag.py:4180} INFO - Setting next_dagrun for branch_dim_generator to 2024-10-25 00:00:00+00:00, run_after=2024-10-26 00:00:00+00:00
[2024-10-25T07:28:17.125+0000] {processor.py:208} INFO - Processing /opt/airflow/dags/branch_dim_generator.py took 0.141 seconds
[2024-10-25T07:28:47.234+0000] {processor.py:186} INFO - Started process (PID=1978) to work on /opt/airflow/dags/branch_dim_generator.py
[2024-10-25T07:28:47.236+0000] {processor.py:914} INFO - Processing file /opt/airflow/dags/branch_dim_generator.py for tasks to queue
[2024-10-25T07:28:47.239+0000] {logging_mixin.py:190} INFO - [2024-10-25T07:28:47.239+0000] {dagbag.py:588} INFO - Filling up the DagBag from /opt/airflow/dags/branch_dim_generator.py
[2024-10-25T07:28:47.291+0000] {processor.py:925} INFO - DAG(s) 'branch_dim_generator' retrieved from /opt/airflow/dags/branch_dim_generator.py
[2024-10-25T07:28:47.320+0000] {logging_mixin.py:190} INFO - [2024-10-25T07:28:47.320+0000] {dag.py:3239} INFO - Sync 1 DAGs
[2024-10-25T07:28:47.348+0000] {logging_mixin.py:190} INFO - [2024-10-25T07:28:47.348+0000] {dag.py:4180} INFO - Setting next_dagrun for branch_dim_generator to 2024-10-25 00:00:00+00:00, run_after=2024-10-26 00:00:00+00:00
[2024-10-25T07:28:47.382+0000] {processor.py:208} INFO - Processing /opt/airflow/dags/branch_dim_generator.py took 0.152 seconds
[2024-10-25T07:29:17.545+0000] {processor.py:186} INFO - Started process (PID=2047) to work on /opt/airflow/dags/branch_dim_generator.py
[2024-10-25T07:29:17.547+0000] {processor.py:914} INFO - Processing file /opt/airflow/dags/branch_dim_generator.py for tasks to queue
[2024-10-25T07:29:17.551+0000] {logging_mixin.py:190} INFO - [2024-10-25T07:29:17.551+0000] {dagbag.py:588} INFO - Filling up the DagBag from /opt/airflow/dags/branch_dim_generator.py
[2024-10-25T07:29:17.587+0000] {processor.py:925} INFO - DAG(s) 'branch_dim_generator' retrieved from /opt/airflow/dags/branch_dim_generator.py
[2024-10-25T07:29:17.610+0000] {logging_mixin.py:190} INFO - [2024-10-25T07:29:17.610+0000] {dag.py:3239} INFO - Sync 1 DAGs
[2024-10-25T07:29:17.634+0000] {logging_mixin.py:190} INFO - [2024-10-25T07:29:17.634+0000] {dag.py:4180} INFO - Setting next_dagrun for branch_dim_generator to 2024-10-25 00:00:00+00:00, run_after=2024-10-26 00:00:00+00:00
[2024-10-25T07:29:17.664+0000] {processor.py:208} INFO - Processing /opt/airflow/dags/branch_dim_generator.py took 0.126 seconds
[2024-10-25T07:29:48.251+0000] {processor.py:186} INFO - Started process (PID=2116) to work on /opt/airflow/dags/branch_dim_generator.py
[2024-10-25T07:29:48.253+0000] {processor.py:914} INFO - Processing file /opt/airflow/dags/branch_dim_generator.py for tasks to queue
[2024-10-25T07:29:48.255+0000] {logging_mixin.py:190} INFO - [2024-10-25T07:29:48.255+0000] {dagbag.py:588} INFO - Filling up the DagBag from /opt/airflow/dags/branch_dim_generator.py
[2024-10-25T07:29:48.290+0000] {processor.py:925} INFO - DAG(s) 'branch_dim_generator' retrieved from /opt/airflow/dags/branch_dim_generator.py
[2024-10-25T07:29:48.310+0000] {logging_mixin.py:190} INFO - [2024-10-25T07:29:48.310+0000] {dag.py:3239} INFO - Sync 1 DAGs
[2024-10-25T07:29:48.331+0000] {logging_mixin.py:190} INFO - [2024-10-25T07:29:48.330+0000] {dag.py:4180} INFO - Setting next_dagrun for branch_dim_generator to 2024-10-25 00:00:00+00:00, run_after=2024-10-26 00:00:00+00:00
[2024-10-25T07:29:48.360+0000] {processor.py:208} INFO - Processing /opt/airflow/dags/branch_dim_generator.py took 0.113 seconds
[2024-10-25T07:30:19.409+0000] {processor.py:186} INFO - Started process (PID=2184) to work on /opt/airflow/dags/branch_dim_generator.py
[2024-10-25T07:30:19.410+0000] {processor.py:914} INFO - Processing file /opt/airflow/dags/branch_dim_generator.py for tasks to queue
[2024-10-25T07:30:19.413+0000] {logging_mixin.py:190} INFO - [2024-10-25T07:30:19.412+0000] {dagbag.py:588} INFO - Filling up the DagBag from /opt/airflow/dags/branch_dim_generator.py
[2024-10-25T07:30:19.453+0000] {processor.py:925} INFO - DAG(s) 'branch_dim_generator' retrieved from /opt/airflow/dags/branch_dim_generator.py
[2024-10-25T07:30:19.477+0000] {logging_mixin.py:190} INFO - [2024-10-25T07:30:19.477+0000] {dag.py:3239} INFO - Sync 1 DAGs
[2024-10-25T07:30:19.500+0000] {logging_mixin.py:190} INFO - [2024-10-25T07:30:19.500+0000] {dag.py:4180} INFO - Setting next_dagrun for branch_dim_generator to 2024-10-25 00:00:00+00:00, run_after=2024-10-26 00:00:00+00:00
[2024-10-25T07:30:19.522+0000] {processor.py:208} INFO - Processing /opt/airflow/dags/branch_dim_generator.py took 0.117 seconds
[2024-10-25T07:30:50.262+0000] {processor.py:186} INFO - Started process (PID=2252) to work on /opt/airflow/dags/branch_dim_generator.py
[2024-10-25T07:30:50.263+0000] {processor.py:914} INFO - Processing file /opt/airflow/dags/branch_dim_generator.py for tasks to queue
[2024-10-25T07:30:50.266+0000] {logging_mixin.py:190} INFO - [2024-10-25T07:30:50.266+0000] {dagbag.py:588} INFO - Filling up the DagBag from /opt/airflow/dags/branch_dim_generator.py
[2024-10-25T07:30:50.323+0000] {processor.py:925} INFO - DAG(s) 'branch_dim_generator' retrieved from /opt/airflow/dags/branch_dim_generator.py
[2024-10-25T07:30:50.344+0000] {logging_mixin.py:190} INFO - [2024-10-25T07:30:50.344+0000] {dag.py:3239} INFO - Sync 1 DAGs
[2024-10-25T07:30:50.367+0000] {logging_mixin.py:190} INFO - [2024-10-25T07:30:50.367+0000] {dag.py:4180} INFO - Setting next_dagrun for branch_dim_generator to 2024-10-25 00:00:00+00:00, run_after=2024-10-26 00:00:00+00:00
[2024-10-25T07:30:50.387+0000] {processor.py:208} INFO - Processing /opt/airflow/dags/branch_dim_generator.py took 0.132 seconds
[2024-10-25T07:31:20.543+0000] {processor.py:186} INFO - Started process (PID=2321) to work on /opt/airflow/dags/branch_dim_generator.py
[2024-10-25T07:31:20.546+0000] {processor.py:914} INFO - Processing file /opt/airflow/dags/branch_dim_generator.py for tasks to queue
[2024-10-25T07:31:20.555+0000] {logging_mixin.py:190} INFO - [2024-10-25T07:31:20.553+0000] {dagbag.py:588} INFO - Filling up the DagBag from /opt/airflow/dags/branch_dim_generator.py
[2024-10-25T07:31:20.631+0000] {processor.py:925} INFO - DAG(s) 'branch_dim_generator' retrieved from /opt/airflow/dags/branch_dim_generator.py
[2024-10-25T07:31:20.888+0000] {logging_mixin.py:190} INFO - [2024-10-25T07:31:20.887+0000] {dag.py:3239} INFO - Sync 1 DAGs
[2024-10-25T07:31:20.957+0000] {logging_mixin.py:190} INFO - [2024-10-25T07:31:20.956+0000] {dag.py:4180} INFO - Setting next_dagrun for branch_dim_generator to 2024-10-25 00:00:00+00:00, run_after=2024-10-26 00:00:00+00:00
[2024-10-25T07:31:21.512+0000] {processor.py:208} INFO - Processing /opt/airflow/dags/branch_dim_generator.py took 0.986 seconds
[2024-10-25T07:31:51.735+0000] {processor.py:186} INFO - Started process (PID=2390) to work on /opt/airflow/dags/branch_dim_generator.py
[2024-10-25T07:31:51.737+0000] {processor.py:914} INFO - Processing file /opt/airflow/dags/branch_dim_generator.py for tasks to queue
[2024-10-25T07:31:51.739+0000] {logging_mixin.py:190} INFO - [2024-10-25T07:31:51.739+0000] {dagbag.py:588} INFO - Filling up the DagBag from /opt/airflow/dags/branch_dim_generator.py
[2024-10-25T07:31:51.777+0000] {processor.py:925} INFO - DAG(s) 'branch_dim_generator' retrieved from /opt/airflow/dags/branch_dim_generator.py
[2024-10-25T07:31:51.799+0000] {logging_mixin.py:190} INFO - [2024-10-25T07:31:51.799+0000] {dag.py:3239} INFO - Sync 1 DAGs
[2024-10-25T07:31:51.824+0000] {logging_mixin.py:190} INFO - [2024-10-25T07:31:51.824+0000] {dag.py:4180} INFO - Setting next_dagrun for branch_dim_generator to 2024-10-25 00:00:00+00:00, run_after=2024-10-26 00:00:00+00:00
[2024-10-25T07:31:51.847+0000] {processor.py:208} INFO - Processing /opt/airflow/dags/branch_dim_generator.py took 0.116 seconds
[2024-10-25T07:32:42.374+0000] {processor.py:186} INFO - Started process (PID=2411) to work on /opt/airflow/dags/branch_dim_generator.py
[2024-10-25T07:32:42.380+0000] {processor.py:914} INFO - Processing file /opt/airflow/dags/branch_dim_generator.py for tasks to queue
[2024-10-25T07:32:42.401+0000] {logging_mixin.py:190} INFO - [2024-10-25T07:32:42.397+0000] {dagbag.py:588} INFO - Filling up the DagBag from /opt/airflow/dags/branch_dim_generator.py
[2024-10-25T07:32:42.590+0000] {processor.py:925} INFO - DAG(s) 'branch_dim_generator' retrieved from /opt/airflow/dags/branch_dim_generator.py
[2024-10-25T07:32:43.081+0000] {logging_mixin.py:190} INFO - [2024-10-25T07:32:43.080+0000] {dag.py:3239} INFO - Sync 1 DAGs
[2024-10-25T07:32:44.122+0000] {logging_mixin.py:190} INFO - [2024-10-25T07:32:44.121+0000] {dag.py:4180} INFO - Setting next_dagrun for branch_dim_generator to 2024-10-25 00:00:00+00:00, run_after=2024-10-26 00:00:00+00:00
[2024-10-25T07:32:44.183+0000] {processor.py:208} INFO - Processing /opt/airflow/dags/branch_dim_generator.py took 1.864 seconds
[2024-10-25T07:33:14.570+0000] {processor.py:186} INFO - Started process (PID=2484) to work on /opt/airflow/dags/branch_dim_generator.py
[2024-10-25T07:33:14.572+0000] {processor.py:914} INFO - Processing file /opt/airflow/dags/branch_dim_generator.py for tasks to queue
[2024-10-25T07:33:14.574+0000] {logging_mixin.py:190} INFO - [2024-10-25T07:33:14.573+0000] {dagbag.py:588} INFO - Filling up the DagBag from /opt/airflow/dags/branch_dim_generator.py
[2024-10-25T07:33:14.614+0000] {processor.py:925} INFO - DAG(s) 'branch_dim_generator' retrieved from /opt/airflow/dags/branch_dim_generator.py
[2024-10-25T07:33:14.641+0000] {logging_mixin.py:190} INFO - [2024-10-25T07:33:14.641+0000] {dag.py:3239} INFO - Sync 1 DAGs
[2024-10-25T07:33:14.884+0000] {logging_mixin.py:190} INFO - [2024-10-25T07:33:14.883+0000] {dag.py:4180} INFO - Setting next_dagrun for branch_dim_generator to 2024-10-25 00:00:00+00:00, run_after=2024-10-26 00:00:00+00:00
[2024-10-25T07:33:14.913+0000] {processor.py:208} INFO - Processing /opt/airflow/dags/branch_dim_generator.py took 0.350 seconds
[2024-10-25T07:33:45.127+0000] {processor.py:186} INFO - Started process (PID=2553) to work on /opt/airflow/dags/branch_dim_generator.py
[2024-10-25T07:33:45.128+0000] {processor.py:914} INFO - Processing file /opt/airflow/dags/branch_dim_generator.py for tasks to queue
[2024-10-25T07:33:45.129+0000] {logging_mixin.py:190} INFO - [2024-10-25T07:33:45.129+0000] {dagbag.py:588} INFO - Filling up the DagBag from /opt/airflow/dags/branch_dim_generator.py
[2024-10-25T07:33:45.168+0000] {processor.py:925} INFO - DAG(s) 'branch_dim_generator' retrieved from /opt/airflow/dags/branch_dim_generator.py
[2024-10-25T07:33:45.194+0000] {logging_mixin.py:190} INFO - [2024-10-25T07:33:45.194+0000] {dag.py:3239} INFO - Sync 1 DAGs
[2024-10-25T07:33:45.453+0000] {logging_mixin.py:190} INFO - [2024-10-25T07:33:45.453+0000] {dag.py:4180} INFO - Setting next_dagrun for branch_dim_generator to 2024-10-25 00:00:00+00:00, run_after=2024-10-26 00:00:00+00:00
[2024-10-25T07:33:45.474+0000] {processor.py:208} INFO - Processing /opt/airflow/dags/branch_dim_generator.py took 0.352 seconds
[2024-10-25T07:34:15.687+0000] {processor.py:186} INFO - Started process (PID=2622) to work on /opt/airflow/dags/branch_dim_generator.py
[2024-10-25T07:34:15.689+0000] {processor.py:914} INFO - Processing file /opt/airflow/dags/branch_dim_generator.py for tasks to queue
[2024-10-25T07:34:15.690+0000] {logging_mixin.py:190} INFO - [2024-10-25T07:34:15.690+0000] {dagbag.py:588} INFO - Filling up the DagBag from /opt/airflow/dags/branch_dim_generator.py
[2024-10-25T07:34:15.727+0000] {processor.py:925} INFO - DAG(s) 'branch_dim_generator' retrieved from /opt/airflow/dags/branch_dim_generator.py
[2024-10-25T07:34:15.754+0000] {logging_mixin.py:190} INFO - [2024-10-25T07:34:15.753+0000] {dag.py:3239} INFO - Sync 1 DAGs
[2024-10-25T07:34:15.780+0000] {logging_mixin.py:190} INFO - [2024-10-25T07:34:15.779+0000] {dag.py:4180} INFO - Setting next_dagrun for branch_dim_generator to 2024-10-25 00:00:00+00:00, run_after=2024-10-26 00:00:00+00:00
[2024-10-25T07:34:15.964+0000] {processor.py:208} INFO - Processing /opt/airflow/dags/branch_dim_generator.py took 0.283 seconds
[2024-10-25T07:34:46.064+0000] {processor.py:186} INFO - Started process (PID=2691) to work on /opt/airflow/dags/branch_dim_generator.py
[2024-10-25T07:34:46.066+0000] {processor.py:914} INFO - Processing file /opt/airflow/dags/branch_dim_generator.py for tasks to queue
[2024-10-25T07:34:46.067+0000] {logging_mixin.py:190} INFO - [2024-10-25T07:34:46.067+0000] {dagbag.py:588} INFO - Filling up the DagBag from /opt/airflow/dags/branch_dim_generator.py
[2024-10-25T07:34:46.110+0000] {processor.py:925} INFO - DAG(s) 'branch_dim_generator' retrieved from /opt/airflow/dags/branch_dim_generator.py
[2024-10-25T07:34:46.136+0000] {logging_mixin.py:190} INFO - [2024-10-25T07:34:46.135+0000] {dag.py:3239} INFO - Sync 1 DAGs
[2024-10-25T07:34:46.162+0000] {logging_mixin.py:190} INFO - [2024-10-25T07:34:46.162+0000] {dag.py:4180} INFO - Setting next_dagrun for branch_dim_generator to 2024-10-25 00:00:00+00:00, run_after=2024-10-26 00:00:00+00:00
[2024-10-25T07:34:46.187+0000] {processor.py:208} INFO - Processing /opt/airflow/dags/branch_dim_generator.py took 0.130 seconds
[2024-10-25T07:35:17.064+0000] {processor.py:186} INFO - Started process (PID=2760) to work on /opt/airflow/dags/branch_dim_generator.py
[2024-10-25T07:35:17.065+0000] {processor.py:914} INFO - Processing file /opt/airflow/dags/branch_dim_generator.py for tasks to queue
[2024-10-25T07:35:17.066+0000] {logging_mixin.py:190} INFO - [2024-10-25T07:35:17.066+0000] {dagbag.py:588} INFO - Filling up the DagBag from /opt/airflow/dags/branch_dim_generator.py
[2024-10-25T07:35:17.101+0000] {processor.py:925} INFO - DAG(s) 'branch_dim_generator' retrieved from /opt/airflow/dags/branch_dim_generator.py
[2024-10-25T07:35:17.125+0000] {logging_mixin.py:190} INFO - [2024-10-25T07:35:17.124+0000] {dag.py:3239} INFO - Sync 1 DAGs
[2024-10-25T07:35:17.149+0000] {logging_mixin.py:190} INFO - [2024-10-25T07:35:17.149+0000] {dag.py:4180} INFO - Setting next_dagrun for branch_dim_generator to 2024-10-25 00:00:00+00:00, run_after=2024-10-26 00:00:00+00:00
[2024-10-25T07:35:17.177+0000] {processor.py:208} INFO - Processing /opt/airflow/dags/branch_dim_generator.py took 0.118 seconds
[2024-10-25T07:35:48.363+0000] {processor.py:186} INFO - Started process (PID=2834) to work on /opt/airflow/dags/branch_dim_generator.py
[2024-10-25T07:35:48.378+0000] {processor.py:914} INFO - Processing file /opt/airflow/dags/branch_dim_generator.py for tasks to queue
[2024-10-25T07:35:48.390+0000] {logging_mixin.py:190} INFO - [2024-10-25T07:35:48.382+0000] {dagbag.py:588} INFO - Filling up the DagBag from /opt/airflow/dags/branch_dim_generator.py
[2024-10-25T07:35:48.539+0000] {processor.py:925} INFO - DAG(s) 'branch_dim_generator' retrieved from /opt/airflow/dags/branch_dim_generator.py
[2024-10-25T07:36:20.574+0000] {processor.py:211} ERROR - Got an exception! Propagating...
Traceback (most recent call last):
  File "/home/airflow/.local/lib/python3.12/site-packages/sqlalchemy/engine/base.py", line 3371, in _wrap_pool_connect
    return fn()
           ^^^^
  File "/home/airflow/.local/lib/python3.12/site-packages/sqlalchemy/pool/base.py", line 327, in connect
    return _ConnectionFairy._checkout(self)
           ^^^^^^^^^^^^^^^^^^^^^^^^^^^^^^^^
  File "/home/airflow/.local/lib/python3.12/site-packages/sqlalchemy/pool/base.py", line 894, in _checkout
    fairy = _ConnectionRecord.checkout(pool)
            ^^^^^^^^^^^^^^^^^^^^^^^^^^^^^^^^
  File "/home/airflow/.local/lib/python3.12/site-packages/sqlalchemy/pool/base.py", line 493, in checkout
    rec = pool._do_get()
          ^^^^^^^^^^^^^^
  File "/home/airflow/.local/lib/python3.12/site-packages/sqlalchemy/pool/impl.py", line 145, in _do_get
    with util.safe_reraise():
         ^^^^^^^^^^^^^^^^^^^
  File "/home/airflow/.local/lib/python3.12/site-packages/sqlalchemy/util/langhelpers.py", line 70, in __exit__
    compat.raise_(
  File "/home/airflow/.local/lib/python3.12/site-packages/sqlalchemy/util/compat.py", line 211, in raise_
    raise exception
  File "/home/airflow/.local/lib/python3.12/site-packages/sqlalchemy/pool/impl.py", line 143, in _do_get
    return self._create_connection()
           ^^^^^^^^^^^^^^^^^^^^^^^^^
  File "/home/airflow/.local/lib/python3.12/site-packages/sqlalchemy/pool/base.py", line 273, in _create_connection
    return _ConnectionRecord(self)
           ^^^^^^^^^^^^^^^^^^^^^^^
  File "/home/airflow/.local/lib/python3.12/site-packages/sqlalchemy/pool/base.py", line 388, in __init__
    self.__connect()
  File "/home/airflow/.local/lib/python3.12/site-packages/sqlalchemy/pool/base.py", line 690, in __connect
    with util.safe_reraise():
         ^^^^^^^^^^^^^^^^^^^
  File "/home/airflow/.local/lib/python3.12/site-packages/sqlalchemy/util/langhelpers.py", line 70, in __exit__
    compat.raise_(
  File "/home/airflow/.local/lib/python3.12/site-packages/sqlalchemy/util/compat.py", line 211, in raise_
    raise exception
  File "/home/airflow/.local/lib/python3.12/site-packages/sqlalchemy/pool/base.py", line 686, in __connect
    self.dbapi_connection = connection = pool._invoke_creator(self)
                                         ^^^^^^^^^^^^^^^^^^^^^^^^^^
  File "/home/airflow/.local/lib/python3.12/site-packages/sqlalchemy/engine/create.py", line 574, in connect
    return dialect.connect(*cargs, **cparams)
           ^^^^^^^^^^^^^^^^^^^^^^^^^^^^^^^^^^
  File "/home/airflow/.local/lib/python3.12/site-packages/sqlalchemy/engine/default.py", line 598, in connect
    return self.dbapi.connect(*cargs, **cparams)
           ^^^^^^^^^^^^^^^^^^^^^^^^^^^^^^^^^^^^^
  File "/home/airflow/.local/lib/python3.12/site-packages/psycopg2/__init__.py", line 122, in connect
    conn = _connect(dsn, connection_factory=connection_factory, **kwasync)
           ^^^^^^^^^^^^^^^^^^^^^^^^^^^^^^^^^^^^^^^^^^^^^^^^^^^^^^^^^^^^^^^
psycopg2.OperationalError: could not translate host name "postgres" to address: Temporary failure in name resolution


The above exception was the direct cause of the following exception:

Traceback (most recent call last):
  File "/home/airflow/.local/lib/python3.12/site-packages/airflow/dag_processing/processor.py", line 207, in _run_file_processor
    _handle_dag_file_processing()
  File "/home/airflow/.local/lib/python3.12/site-packages/airflow/dag_processing/processor.py", line 188, in _handle_dag_file_processing
    result: tuple[int, int, int] = dag_file_processor.process_file(
                                   ^^^^^^^^^^^^^^^^^^^^^^^^^^^^^^^^
  File "/home/airflow/.local/lib/python3.12/site-packages/airflow/utils/session.py", line 97, in wrapper
    return func(*args, session=session, **kwargs)
           ^^^^^^^^^^^^^^^^^^^^^^^^^^^^^^^^^^^^^^
  File "/home/airflow/.local/lib/python3.12/site-packages/airflow/dag_processing/processor.py", line 942, in process_file
    serialize_errors = DagFileProcessor.save_dag_to_db(
                       ^^^^^^^^^^^^^^^^^^^^^^^^^^^^^^^^
  File "/home/airflow/.local/lib/python3.12/site-packages/airflow/api_internal/internal_api_call.py", line 139, in wrapper
    return func(*args, **kwargs)
           ^^^^^^^^^^^^^^^^^^^^^
  File "/home/airflow/.local/lib/python3.12/site-packages/airflow/utils/session.py", line 97, in wrapper
    return func(*args, session=session, **kwargs)
           ^^^^^^^^^^^^^^^^^^^^^^^^^^^^^^^^^^^^^^
  File "/home/airflow/.local/lib/python3.12/site-packages/airflow/dag_processing/processor.py", line 982, in save_dag_to_db
    import_errors = DagBag._sync_to_db(dags=dags, processor_subdir=dag_directory, session=session)
                    ^^^^^^^^^^^^^^^^^^^^^^^^^^^^^^^^^^^^^^^^^^^^^^^^^^^^^^^^^^^^^^^^^^^^^^^^^^^^^^
  File "/home/airflow/.local/lib/python3.12/site-packages/airflow/utils/session.py", line 94, in wrapper
    return func(*args, **kwargs)
           ^^^^^^^^^^^^^^^^^^^^^
  File "/home/airflow/.local/lib/python3.12/site-packages/airflow/models/dagbag.py", line 708, in _sync_to_db
    for attempt in run_with_db_retries(logger=log):
                   ^^^^^^^^^^^^^^^^^^^^^^^^^^^^^^^
  File "/home/airflow/.local/lib/python3.12/site-packages/tenacity/__init__.py", line 443, in __iter__
    do = self.iter(retry_state=retry_state)
         ^^^^^^^^^^^^^^^^^^^^^^^^^^^^^^^^^^
  File "/home/airflow/.local/lib/python3.12/site-packages/tenacity/__init__.py", line 376, in iter
    result = action(retry_state)
             ^^^^^^^^^^^^^^^^^^^
  File "/home/airflow/.local/lib/python3.12/site-packages/tenacity/__init__.py", line 418, in exc_check
    raise retry_exc.reraise()
          ^^^^^^^^^^^^^^^^^^^
  File "/home/airflow/.local/lib/python3.12/site-packages/tenacity/__init__.py", line 185, in reraise
    raise self.last_attempt.result()
          ^^^^^^^^^^^^^^^^^^^^^^^^^^
  File "/usr/local/lib/python3.12/concurrent/futures/_base.py", line 449, in result
    return self.__get_result()
           ^^^^^^^^^^^^^^^^^^^
  File "/usr/local/lib/python3.12/concurrent/futures/_base.py", line 401, in __get_result
    raise self._exception
  File "/home/airflow/.local/lib/python3.12/site-packages/airflow/models/dagbag.py", line 721, in _sync_to_db
    _serialize_dag_capturing_errors(dag, session, processor_subdir)
  File "/home/airflow/.local/lib/python3.12/site-packages/airflow/models/dagbag.py", line 686, in _serialize_dag_capturing_errors
    dag_was_updated = SerializedDagModel.write_dag(
                      ^^^^^^^^^^^^^^^^^^^^^^^^^^^^^
  File "/home/airflow/.local/lib/python3.12/site-packages/airflow/utils/session.py", line 94, in wrapper
    return func(*args, **kwargs)
           ^^^^^^^^^^^^^^^^^^^^^
  File "/home/airflow/.local/lib/python3.12/site-packages/airflow/models/serialized_dag.py", line 160, in write_dag
    if session.scalar(
       ^^^^^^^^^^^^^^^
  File "/home/airflow/.local/lib/python3.12/site-packages/sqlalchemy/orm/session.py", line 1747, in scalar
    return self.execute(
           ^^^^^^^^^^^^^
  File "/home/airflow/.local/lib/python3.12/site-packages/sqlalchemy/orm/session.py", line 1716, in execute
    conn = self._connection_for_bind(bind)
           ^^^^^^^^^^^^^^^^^^^^^^^^^^^^^^^
  File "/home/airflow/.local/lib/python3.12/site-packages/sqlalchemy/orm/session.py", line 1555, in _connection_for_bind
    return self._transaction._connection_for_bind(
           ^^^^^^^^^^^^^^^^^^^^^^^^^^^^^^^^^^^^^^^
  File "/home/airflow/.local/lib/python3.12/site-packages/sqlalchemy/orm/session.py", line 750, in _connection_for_bind
    conn = bind.connect()
           ^^^^^^^^^^^^^^
  File "/home/airflow/.local/lib/python3.12/site-packages/sqlalchemy/future/engine.py", line 412, in connect
    return super(Engine, self).connect()
           ^^^^^^^^^^^^^^^^^^^^^^^^^^^^^
  File "/home/airflow/.local/lib/python3.12/site-packages/sqlalchemy/engine/base.py", line 3325, in connect
    return self._connection_cls(self, close_with_result=close_with_result)
           ^^^^^^^^^^^^^^^^^^^^^^^^^^^^^^^^^^^^^^^^^^^^^^^^^^^^^^^^^^^^^^^
  File "/home/airflow/.local/lib/python3.12/site-packages/sqlalchemy/engine/base.py", line 96, in __init__
    else engine.raw_connection()
         ^^^^^^^^^^^^^^^^^^^^^^^
  File "/home/airflow/.local/lib/python3.12/site-packages/sqlalchemy/engine/base.py", line 3404, in raw_connection
    return self._wrap_pool_connect(self.pool.connect, _connection)
           ^^^^^^^^^^^^^^^^^^^^^^^^^^^^^^^^^^^^^^^^^^^^^^^^^^^^^^^
  File "/home/airflow/.local/lib/python3.12/site-packages/sqlalchemy/engine/base.py", line 3374, in _wrap_pool_connect
    Connection._handle_dbapi_exception_noconnection(
  File "/home/airflow/.local/lib/python3.12/site-packages/sqlalchemy/engine/base.py", line 2208, in _handle_dbapi_exception_noconnection
    util.raise_(
  File "/home/airflow/.local/lib/python3.12/site-packages/sqlalchemy/util/compat.py", line 211, in raise_
    raise exception
  File "/home/airflow/.local/lib/python3.12/site-packages/sqlalchemy/engine/base.py", line 3371, in _wrap_pool_connect
    return fn()
           ^^^^
  File "/home/airflow/.local/lib/python3.12/site-packages/sqlalchemy/pool/base.py", line 327, in connect
    return _ConnectionFairy._checkout(self)
           ^^^^^^^^^^^^^^^^^^^^^^^^^^^^^^^^
  File "/home/airflow/.local/lib/python3.12/site-packages/sqlalchemy/pool/base.py", line 894, in _checkout
    fairy = _ConnectionRecord.checkout(pool)
            ^^^^^^^^^^^^^^^^^^^^^^^^^^^^^^^^
  File "/home/airflow/.local/lib/python3.12/site-packages/sqlalchemy/pool/base.py", line 493, in checkout
    rec = pool._do_get()
          ^^^^^^^^^^^^^^
  File "/home/airflow/.local/lib/python3.12/site-packages/sqlalchemy/pool/impl.py", line 145, in _do_get
    with util.safe_reraise():
         ^^^^^^^^^^^^^^^^^^^
  File "/home/airflow/.local/lib/python3.12/site-packages/sqlalchemy/util/langhelpers.py", line 70, in __exit__
    compat.raise_(
  File "/home/airflow/.local/lib/python3.12/site-packages/sqlalchemy/util/compat.py", line 211, in raise_
    raise exception
  File "/home/airflow/.local/lib/python3.12/site-packages/sqlalchemy/pool/impl.py", line 143, in _do_get
    return self._create_connection()
           ^^^^^^^^^^^^^^^^^^^^^^^^^
  File "/home/airflow/.local/lib/python3.12/site-packages/sqlalchemy/pool/base.py", line 273, in _create_connection
    return _ConnectionRecord(self)
           ^^^^^^^^^^^^^^^^^^^^^^^
  File "/home/airflow/.local/lib/python3.12/site-packages/sqlalchemy/pool/base.py", line 388, in __init__
    self.__connect()
  File "/home/airflow/.local/lib/python3.12/site-packages/sqlalchemy/pool/base.py", line 690, in __connect
    with util.safe_reraise():
         ^^^^^^^^^^^^^^^^^^^
  File "/home/airflow/.local/lib/python3.12/site-packages/sqlalchemy/util/langhelpers.py", line 70, in __exit__
    compat.raise_(
  File "/home/airflow/.local/lib/python3.12/site-packages/sqlalchemy/util/compat.py", line 211, in raise_
    raise exception
  File "/home/airflow/.local/lib/python3.12/site-packages/sqlalchemy/pool/base.py", line 686, in __connect
    self.dbapi_connection = connection = pool._invoke_creator(self)
                                         ^^^^^^^^^^^^^^^^^^^^^^^^^^
  File "/home/airflow/.local/lib/python3.12/site-packages/sqlalchemy/engine/create.py", line 574, in connect
    return dialect.connect(*cargs, **cparams)
           ^^^^^^^^^^^^^^^^^^^^^^^^^^^^^^^^^^
  File "/home/airflow/.local/lib/python3.12/site-packages/sqlalchemy/engine/default.py", line 598, in connect
    return self.dbapi.connect(*cargs, **cparams)
           ^^^^^^^^^^^^^^^^^^^^^^^^^^^^^^^^^^^^^
  File "/home/airflow/.local/lib/python3.12/site-packages/psycopg2/__init__.py", line 122, in connect
    conn = _connect(dsn, connection_factory=connection_factory, **kwasync)
           ^^^^^^^^^^^^^^^^^^^^^^^^^^^^^^^^^^^^^^^^^^^^^^^^^^^^^^^^^^^^^^^
sqlalchemy.exc.OperationalError: (psycopg2.OperationalError) could not translate host name "postgres" to address: Temporary failure in name resolution

(Background on this error at: https://sqlalche.me/e/14/e3q8)
[2024-10-25T07:37:51.457+0000] {processor.py:186} INFO - Started process (PID=52) to work on /opt/airflow/dags/branch_dim_generator.py
[2024-10-25T07:37:51.458+0000] {processor.py:914} INFO - Processing file /opt/airflow/dags/branch_dim_generator.py for tasks to queue
[2024-10-25T07:37:51.462+0000] {logging_mixin.py:190} INFO - [2024-10-25T07:37:51.461+0000] {dagbag.py:588} INFO - Filling up the DagBag from /opt/airflow/dags/branch_dim_generator.py
[2024-10-25T07:37:51.489+0000] {processor.py:925} INFO - DAG(s) 'branch_dim_generator' retrieved from /opt/airflow/dags/branch_dim_generator.py
[2024-10-25T07:37:52.080+0000] {logging_mixin.py:190} INFO - [2024-10-25T07:37:52.079+0000] {dag.py:3239} INFO - Sync 1 DAGs
[2024-10-25T07:37:52.126+0000] {logging_mixin.py:190} INFO - [2024-10-25T07:37:52.125+0000] {dag.py:4180} INFO - Setting next_dagrun for branch_dim_generator to 2024-10-25 00:00:00+00:00, run_after=2024-10-26 00:00:00+00:00
[2024-10-25T07:37:52.174+0000] {processor.py:208} INFO - Processing /opt/airflow/dags/branch_dim_generator.py took 0.725 seconds
[2024-10-25T07:38:22.445+0000] {processor.py:186} INFO - Started process (PID=122) to work on /opt/airflow/dags/branch_dim_generator.py
[2024-10-25T07:38:22.447+0000] {processor.py:914} INFO - Processing file /opt/airflow/dags/branch_dim_generator.py for tasks to queue
[2024-10-25T07:38:22.453+0000] {logging_mixin.py:190} INFO - [2024-10-25T07:38:22.452+0000] {dagbag.py:588} INFO - Filling up the DagBag from /opt/airflow/dags/branch_dim_generator.py
[2024-10-25T07:38:22.504+0000] {processor.py:925} INFO - DAG(s) 'branch_dim_generator' retrieved from /opt/airflow/dags/branch_dim_generator.py
[2024-10-25T07:38:22.549+0000] {logging_mixin.py:190} INFO - [2024-10-25T07:38:22.548+0000] {dag.py:3239} INFO - Sync 1 DAGs
[2024-10-25T07:38:22.597+0000] {logging_mixin.py:190} INFO - [2024-10-25T07:38:22.596+0000] {dag.py:4180} INFO - Setting next_dagrun for branch_dim_generator to 2024-10-25 00:00:00+00:00, run_after=2024-10-26 00:00:00+00:00
[2024-10-25T07:38:22.637+0000] {processor.py:208} INFO - Processing /opt/airflow/dags/branch_dim_generator.py took 0.205 seconds
