[2024-10-25T07:14:50.977+0000] {processor.py:186} INFO - Started process (PID=117) to work on /opt/airflow/dags/customer_dim_generator.py
[2024-10-25T07:14:51.025+0000] {processor.py:914} INFO - Processing file /opt/airflow/dags/customer_dim_generator.py for tasks to queue
[2024-10-25T07:14:51.085+0000] {logging_mixin.py:190} INFO - [2024-10-25T07:14:51.082+0000] {dagbag.py:588} INFO - Filling up the DagBag from /opt/airflow/dags/customer_dim_generator.py
[2024-10-25T07:14:51.413+0000] {processor.py:925} INFO - DAG(s) 'customer_dim_generator' retrieved from /opt/airflow/dags/customer_dim_generator.py
[2024-10-25T07:14:51.735+0000] {logging_mixin.py:190} INFO - [2024-10-25T07:14:51.734+0000] {dag.py:3239} INFO - Sync 1 DAGs
[2024-10-25T07:14:52.147+0000] {logging_mixin.py:190} INFO - [2024-10-25T07:14:52.147+0000] {dag.py:4180} INFO - Setting next_dagrun for customer_dim_generator to 2024-10-24 00:00:00+00:00, run_after=2024-10-25 00:00:00+00:00
[2024-10-25T07:14:52.498+0000] {processor.py:208} INFO - Processing /opt/airflow/dags/customer_dim_generator.py took 1.626 seconds
[2024-10-25T07:16:05.123+0000] {processor.py:186} INFO - Started process (PID=260) to work on /opt/airflow/dags/customer_dim_generator.py
[2024-10-25T07:16:05.131+0000] {processor.py:914} INFO - Processing file /opt/airflow/dags/customer_dim_generator.py for tasks to queue
[2024-10-25T07:16:05.154+0000] {logging_mixin.py:190} INFO - [2024-10-25T07:16:05.153+0000] {dagbag.py:588} INFO - Filling up the DagBag from /opt/airflow/dags/customer_dim_generator.py
[2024-10-25T07:16:05.327+0000] {processor.py:925} INFO - DAG(s) 'customer_dim_generator' retrieved from /opt/airflow/dags/customer_dim_generator.py
[2024-10-25T07:16:05.489+0000] {logging_mixin.py:190} INFO - [2024-10-25T07:16:05.488+0000] {dag.py:3239} INFO - Sync 1 DAGs
[2024-10-25T07:16:05.673+0000] {logging_mixin.py:190} INFO - [2024-10-25T07:16:05.673+0000] {dag.py:4180} INFO - Setting next_dagrun for customer_dim_generator to 2024-10-25 00:00:00+00:00, run_after=2024-10-26 00:00:00+00:00
[2024-10-25T07:16:05.823+0000] {processor.py:208} INFO - Processing /opt/airflow/dags/customer_dim_generator.py took 0.735 seconds
[2024-10-25T07:16:36.018+0000] {processor.py:186} INFO - Started process (PID=329) to work on /opt/airflow/dags/customer_dim_generator.py
[2024-10-25T07:16:36.020+0000] {processor.py:914} INFO - Processing file /opt/airflow/dags/customer_dim_generator.py for tasks to queue
[2024-10-25T07:16:36.023+0000] {logging_mixin.py:190} INFO - [2024-10-25T07:16:36.023+0000] {dagbag.py:588} INFO - Filling up the DagBag from /opt/airflow/dags/customer_dim_generator.py
[2024-10-25T07:16:36.066+0000] {processor.py:925} INFO - DAG(s) 'customer_dim_generator' retrieved from /opt/airflow/dags/customer_dim_generator.py
[2024-10-25T07:16:36.101+0000] {logging_mixin.py:190} INFO - [2024-10-25T07:16:36.100+0000] {dag.py:3239} INFO - Sync 1 DAGs
[2024-10-25T07:16:36.139+0000] {logging_mixin.py:190} INFO - [2024-10-25T07:16:36.139+0000] {dag.py:4180} INFO - Setting next_dagrun for customer_dim_generator to 2024-10-25 00:00:00+00:00, run_after=2024-10-26 00:00:00+00:00
[2024-10-25T07:16:36.182+0000] {processor.py:208} INFO - Processing /opt/airflow/dags/customer_dim_generator.py took 0.173 seconds
[2024-10-25T07:17:06.338+0000] {processor.py:186} INFO - Started process (PID=398) to work on /opt/airflow/dags/customer_dim_generator.py
[2024-10-25T07:17:06.341+0000] {processor.py:914} INFO - Processing file /opt/airflow/dags/customer_dim_generator.py for tasks to queue
[2024-10-25T07:17:06.348+0000] {logging_mixin.py:190} INFO - [2024-10-25T07:17:06.347+0000] {dagbag.py:588} INFO - Filling up the DagBag from /opt/airflow/dags/customer_dim_generator.py
[2024-10-25T07:17:06.397+0000] {processor.py:925} INFO - DAG(s) 'customer_dim_generator' retrieved from /opt/airflow/dags/customer_dim_generator.py
[2024-10-25T07:17:06.447+0000] {logging_mixin.py:190} INFO - [2024-10-25T07:17:06.446+0000] {dag.py:3239} INFO - Sync 1 DAGs
[2024-10-25T07:17:06.497+0000] {logging_mixin.py:190} INFO - [2024-10-25T07:17:06.497+0000] {dag.py:4180} INFO - Setting next_dagrun for customer_dim_generator to 2024-10-25 00:00:00+00:00, run_after=2024-10-26 00:00:00+00:00
[2024-10-25T07:17:06.536+0000] {processor.py:208} INFO - Processing /opt/airflow/dags/customer_dim_generator.py took 0.213 seconds
[2024-10-25T07:17:37.246+0000] {processor.py:186} INFO - Started process (PID=468) to work on /opt/airflow/dags/customer_dim_generator.py
[2024-10-25T07:17:37.248+0000] {processor.py:914} INFO - Processing file /opt/airflow/dags/customer_dim_generator.py for tasks to queue
[2024-10-25T07:17:37.252+0000] {logging_mixin.py:190} INFO - [2024-10-25T07:17:37.251+0000] {dagbag.py:588} INFO - Filling up the DagBag from /opt/airflow/dags/customer_dim_generator.py
[2024-10-25T07:17:37.291+0000] {processor.py:925} INFO - DAG(s) 'customer_dim_generator' retrieved from /opt/airflow/dags/customer_dim_generator.py
[2024-10-25T07:17:37.322+0000] {logging_mixin.py:190} INFO - [2024-10-25T07:17:37.321+0000] {dag.py:3239} INFO - Sync 1 DAGs
[2024-10-25T07:17:37.363+0000] {logging_mixin.py:190} INFO - [2024-10-25T07:17:37.363+0000] {dag.py:4180} INFO - Setting next_dagrun for customer_dim_generator to 2024-10-25 00:00:00+00:00, run_after=2024-10-26 00:00:00+00:00
[2024-10-25T07:17:37.395+0000] {processor.py:208} INFO - Processing /opt/airflow/dags/customer_dim_generator.py took 0.158 seconds
[2024-10-25T07:18:07.581+0000] {processor.py:186} INFO - Started process (PID=537) to work on /opt/airflow/dags/customer_dim_generator.py
[2024-10-25T07:18:07.582+0000] {processor.py:914} INFO - Processing file /opt/airflow/dags/customer_dim_generator.py for tasks to queue
[2024-10-25T07:18:07.586+0000] {logging_mixin.py:190} INFO - [2024-10-25T07:18:07.586+0000] {dagbag.py:588} INFO - Filling up the DagBag from /opt/airflow/dags/customer_dim_generator.py
[2024-10-25T07:18:07.630+0000] {processor.py:925} INFO - DAG(s) 'customer_dim_generator' retrieved from /opt/airflow/dags/customer_dim_generator.py
[2024-10-25T07:18:07.668+0000] {logging_mixin.py:190} INFO - [2024-10-25T07:18:07.667+0000] {dag.py:3239} INFO - Sync 1 DAGs
[2024-10-25T07:18:07.708+0000] {logging_mixin.py:190} INFO - [2024-10-25T07:18:07.707+0000] {dag.py:4180} INFO - Setting next_dagrun for customer_dim_generator to 2024-10-25 00:00:00+00:00, run_after=2024-10-26 00:00:00+00:00
[2024-10-25T07:18:07.738+0000] {processor.py:208} INFO - Processing /opt/airflow/dags/customer_dim_generator.py took 0.167 seconds
[2024-10-25T07:18:38.127+0000] {processor.py:186} INFO - Started process (PID=605) to work on /opt/airflow/dags/customer_dim_generator.py
[2024-10-25T07:18:38.129+0000] {processor.py:914} INFO - Processing file /opt/airflow/dags/customer_dim_generator.py for tasks to queue
[2024-10-25T07:18:38.133+0000] {logging_mixin.py:190} INFO - [2024-10-25T07:18:38.132+0000] {dagbag.py:588} INFO - Filling up the DagBag from /opt/airflow/dags/customer_dim_generator.py
[2024-10-25T07:18:38.194+0000] {processor.py:925} INFO - DAG(s) 'customer_dim_generator' retrieved from /opt/airflow/dags/customer_dim_generator.py
[2024-10-25T07:18:38.236+0000] {logging_mixin.py:190} INFO - [2024-10-25T07:18:38.235+0000] {dag.py:3239} INFO - Sync 1 DAGs
[2024-10-25T07:18:38.276+0000] {logging_mixin.py:190} INFO - [2024-10-25T07:18:38.276+0000] {dag.py:4180} INFO - Setting next_dagrun for customer_dim_generator to 2024-10-25 00:00:00+00:00, run_after=2024-10-26 00:00:00+00:00
[2024-10-25T07:18:38.315+0000] {processor.py:208} INFO - Processing /opt/airflow/dags/customer_dim_generator.py took 0.199 seconds
[2024-10-25T07:19:09.013+0000] {processor.py:186} INFO - Started process (PID=674) to work on /opt/airflow/dags/customer_dim_generator.py
[2024-10-25T07:19:09.015+0000] {processor.py:914} INFO - Processing file /opt/airflow/dags/customer_dim_generator.py for tasks to queue
[2024-10-25T07:19:09.020+0000] {logging_mixin.py:190} INFO - [2024-10-25T07:19:09.018+0000] {dagbag.py:588} INFO - Filling up the DagBag from /opt/airflow/dags/customer_dim_generator.py
[2024-10-25T07:19:09.058+0000] {processor.py:925} INFO - DAG(s) 'customer_dim_generator' retrieved from /opt/airflow/dags/customer_dim_generator.py
[2024-10-25T07:19:09.089+0000] {logging_mixin.py:190} INFO - [2024-10-25T07:19:09.089+0000] {dag.py:3239} INFO - Sync 1 DAGs
[2024-10-25T07:19:09.122+0000] {logging_mixin.py:190} INFO - [2024-10-25T07:19:09.121+0000] {dag.py:4180} INFO - Setting next_dagrun for customer_dim_generator to 2024-10-25 00:00:00+00:00, run_after=2024-10-26 00:00:00+00:00
[2024-10-25T07:19:09.159+0000] {processor.py:208} INFO - Processing /opt/airflow/dags/customer_dim_generator.py took 0.156 seconds
[2024-10-25T07:19:40.115+0000] {processor.py:186} INFO - Started process (PID=743) to work on /opt/airflow/dags/customer_dim_generator.py
[2024-10-25T07:19:40.116+0000] {processor.py:914} INFO - Processing file /opt/airflow/dags/customer_dim_generator.py for tasks to queue
[2024-10-25T07:19:40.120+0000] {logging_mixin.py:190} INFO - [2024-10-25T07:19:40.119+0000] {dagbag.py:588} INFO - Filling up the DagBag from /opt/airflow/dags/customer_dim_generator.py
[2024-10-25T07:19:40.158+0000] {processor.py:925} INFO - DAG(s) 'customer_dim_generator' retrieved from /opt/airflow/dags/customer_dim_generator.py
[2024-10-25T07:19:40.191+0000] {logging_mixin.py:190} INFO - [2024-10-25T07:19:40.190+0000] {dag.py:3239} INFO - Sync 1 DAGs
[2024-10-25T07:19:40.219+0000] {logging_mixin.py:190} INFO - [2024-10-25T07:19:40.219+0000] {dag.py:4180} INFO - Setting next_dagrun for customer_dim_generator to 2024-10-25 00:00:00+00:00, run_after=2024-10-26 00:00:00+00:00
[2024-10-25T07:19:40.250+0000] {processor.py:208} INFO - Processing /opt/airflow/dags/customer_dim_generator.py took 0.141 seconds
[2024-10-25T07:20:10.928+0000] {processor.py:186} INFO - Started process (PID=811) to work on /opt/airflow/dags/customer_dim_generator.py
[2024-10-25T07:20:10.930+0000] {processor.py:914} INFO - Processing file /opt/airflow/dags/customer_dim_generator.py for tasks to queue
[2024-10-25T07:20:10.932+0000] {logging_mixin.py:190} INFO - [2024-10-25T07:20:10.932+0000] {dagbag.py:588} INFO - Filling up the DagBag from /opt/airflow/dags/customer_dim_generator.py
[2024-10-25T07:20:10.964+0000] {processor.py:925} INFO - DAG(s) 'customer_dim_generator' retrieved from /opt/airflow/dags/customer_dim_generator.py
[2024-10-25T07:20:10.985+0000] {logging_mixin.py:190} INFO - [2024-10-25T07:20:10.985+0000] {dag.py:3239} INFO - Sync 1 DAGs
[2024-10-25T07:20:11.008+0000] {logging_mixin.py:190} INFO - [2024-10-25T07:20:11.008+0000] {dag.py:4180} INFO - Setting next_dagrun for customer_dim_generator to 2024-10-25 00:00:00+00:00, run_after=2024-10-26 00:00:00+00:00
[2024-10-25T07:20:11.032+0000] {processor.py:208} INFO - Processing /opt/airflow/dags/customer_dim_generator.py took 0.109 seconds
[2024-10-25T07:20:41.139+0000] {processor.py:186} INFO - Started process (PID=880) to work on /opt/airflow/dags/customer_dim_generator.py
[2024-10-25T07:20:41.140+0000] {processor.py:914} INFO - Processing file /opt/airflow/dags/customer_dim_generator.py for tasks to queue
[2024-10-25T07:20:41.142+0000] {logging_mixin.py:190} INFO - [2024-10-25T07:20:41.142+0000] {dagbag.py:588} INFO - Filling up the DagBag from /opt/airflow/dags/customer_dim_generator.py
[2024-10-25T07:20:41.174+0000] {processor.py:925} INFO - DAG(s) 'customer_dim_generator' retrieved from /opt/airflow/dags/customer_dim_generator.py
[2024-10-25T07:20:41.195+0000] {logging_mixin.py:190} INFO - [2024-10-25T07:20:41.195+0000] {dag.py:3239} INFO - Sync 1 DAGs
[2024-10-25T07:20:41.217+0000] {logging_mixin.py:190} INFO - [2024-10-25T07:20:41.217+0000] {dag.py:4180} INFO - Setting next_dagrun for customer_dim_generator to 2024-10-25 00:00:00+00:00, run_after=2024-10-26 00:00:00+00:00
[2024-10-25T07:20:41.241+0000] {processor.py:208} INFO - Processing /opt/airflow/dags/customer_dim_generator.py took 0.107 seconds
[2024-10-25T07:21:11.618+0000] {processor.py:186} INFO - Started process (PID=949) to work on /opt/airflow/dags/customer_dim_generator.py
[2024-10-25T07:21:11.620+0000] {processor.py:914} INFO - Processing file /opt/airflow/dags/customer_dim_generator.py for tasks to queue
[2024-10-25T07:21:11.626+0000] {logging_mixin.py:190} INFO - [2024-10-25T07:21:11.625+0000] {dagbag.py:588} INFO - Filling up the DagBag from /opt/airflow/dags/customer_dim_generator.py
[2024-10-25T07:21:11.675+0000] {processor.py:925} INFO - DAG(s) 'customer_dim_generator' retrieved from /opt/airflow/dags/customer_dim_generator.py
[2024-10-25T07:21:11.704+0000] {logging_mixin.py:190} INFO - [2024-10-25T07:21:11.703+0000] {dag.py:3239} INFO - Sync 1 DAGs
[2024-10-25T07:21:11.732+0000] {logging_mixin.py:190} INFO - [2024-10-25T07:21:11.731+0000] {dag.py:4180} INFO - Setting next_dagrun for customer_dim_generator to 2024-10-25 00:00:00+00:00, run_after=2024-10-26 00:00:00+00:00
[2024-10-25T07:21:11.760+0000] {processor.py:208} INFO - Processing /opt/airflow/dags/customer_dim_generator.py took 0.155 seconds
[2024-10-25T07:21:42.101+0000] {processor.py:186} INFO - Started process (PID=1018) to work on /opt/airflow/dags/customer_dim_generator.py
[2024-10-25T07:21:42.103+0000] {processor.py:914} INFO - Processing file /opt/airflow/dags/customer_dim_generator.py for tasks to queue
[2024-10-25T07:21:42.105+0000] {logging_mixin.py:190} INFO - [2024-10-25T07:21:42.105+0000] {dagbag.py:588} INFO - Filling up the DagBag from /opt/airflow/dags/customer_dim_generator.py
[2024-10-25T07:21:42.149+0000] {processor.py:925} INFO - DAG(s) 'customer_dim_generator' retrieved from /opt/airflow/dags/customer_dim_generator.py
[2024-10-25T07:21:42.177+0000] {logging_mixin.py:190} INFO - [2024-10-25T07:21:42.177+0000] {dag.py:3239} INFO - Sync 1 DAGs
[2024-10-25T07:21:42.207+0000] {logging_mixin.py:190} INFO - [2024-10-25T07:21:42.207+0000] {dag.py:4180} INFO - Setting next_dagrun for customer_dim_generator to 2024-10-25 00:00:00+00:00, run_after=2024-10-26 00:00:00+00:00
[2024-10-25T07:21:42.233+0000] {processor.py:208} INFO - Processing /opt/airflow/dags/customer_dim_generator.py took 0.140 seconds
[2024-10-25T07:22:12.426+0000] {processor.py:186} INFO - Started process (PID=1087) to work on /opt/airflow/dags/customer_dim_generator.py
[2024-10-25T07:22:12.428+0000] {processor.py:914} INFO - Processing file /opt/airflow/dags/customer_dim_generator.py for tasks to queue
[2024-10-25T07:22:12.434+0000] {logging_mixin.py:190} INFO - [2024-10-25T07:22:12.434+0000] {dagbag.py:588} INFO - Filling up the DagBag from /opt/airflow/dags/customer_dim_generator.py
[2024-10-25T07:22:12.482+0000] {processor.py:925} INFO - DAG(s) 'customer_dim_generator' retrieved from /opt/airflow/dags/customer_dim_generator.py
[2024-10-25T07:22:12.525+0000] {logging_mixin.py:190} INFO - [2024-10-25T07:22:12.525+0000] {dag.py:3239} INFO - Sync 1 DAGs
[2024-10-25T07:22:12.565+0000] {logging_mixin.py:190} INFO - [2024-10-25T07:22:12.564+0000] {dag.py:4180} INFO - Setting next_dagrun for customer_dim_generator to 2024-10-25 00:00:00+00:00, run_after=2024-10-26 00:00:00+00:00
[2024-10-25T07:22:12.605+0000] {processor.py:208} INFO - Processing /opt/airflow/dags/customer_dim_generator.py took 0.190 seconds
[2024-10-25T07:22:42.775+0000] {processor.py:186} INFO - Started process (PID=1156) to work on /opt/airflow/dags/customer_dim_generator.py
[2024-10-25T07:22:42.776+0000] {processor.py:914} INFO - Processing file /opt/airflow/dags/customer_dim_generator.py for tasks to queue
[2024-10-25T07:22:42.779+0000] {logging_mixin.py:190} INFO - [2024-10-25T07:22:42.779+0000] {dagbag.py:588} INFO - Filling up the DagBag from /opt/airflow/dags/customer_dim_generator.py
[2024-10-25T07:22:42.823+0000] {processor.py:925} INFO - DAG(s) 'customer_dim_generator' retrieved from /opt/airflow/dags/customer_dim_generator.py
[2024-10-25T07:22:42.852+0000] {logging_mixin.py:190} INFO - [2024-10-25T07:22:42.852+0000] {dag.py:3239} INFO - Sync 1 DAGs
[2024-10-25T07:22:42.881+0000] {logging_mixin.py:190} INFO - [2024-10-25T07:22:42.880+0000] {dag.py:4180} INFO - Setting next_dagrun for customer_dim_generator to 2024-10-25 00:00:00+00:00, run_after=2024-10-26 00:00:00+00:00
[2024-10-25T07:22:42.911+0000] {processor.py:208} INFO - Processing /opt/airflow/dags/customer_dim_generator.py took 0.142 seconds
[2024-10-25T07:23:13.439+0000] {processor.py:186} INFO - Started process (PID=1225) to work on /opt/airflow/dags/customer_dim_generator.py
[2024-10-25T07:23:13.441+0000] {processor.py:914} INFO - Processing file /opt/airflow/dags/customer_dim_generator.py for tasks to queue
[2024-10-25T07:23:13.444+0000] {logging_mixin.py:190} INFO - [2024-10-25T07:23:13.444+0000] {dagbag.py:588} INFO - Filling up the DagBag from /opt/airflow/dags/customer_dim_generator.py
[2024-10-25T07:23:13.475+0000] {processor.py:925} INFO - DAG(s) 'customer_dim_generator' retrieved from /opt/airflow/dags/customer_dim_generator.py
[2024-10-25T07:23:13.499+0000] {logging_mixin.py:190} INFO - [2024-10-25T07:23:13.499+0000] {dag.py:3239} INFO - Sync 1 DAGs
[2024-10-25T07:23:13.521+0000] {logging_mixin.py:190} INFO - [2024-10-25T07:23:13.521+0000] {dag.py:4180} INFO - Setting next_dagrun for customer_dim_generator to 2024-10-25 00:00:00+00:00, run_after=2024-10-26 00:00:00+00:00
[2024-10-25T07:23:13.548+0000] {processor.py:208} INFO - Processing /opt/airflow/dags/customer_dim_generator.py took 0.115 seconds
[2024-10-25T07:23:44.317+0000] {processor.py:186} INFO - Started process (PID=1294) to work on /opt/airflow/dags/customer_dim_generator.py
[2024-10-25T07:23:44.318+0000] {processor.py:914} INFO - Processing file /opt/airflow/dags/customer_dim_generator.py for tasks to queue
[2024-10-25T07:23:44.322+0000] {logging_mixin.py:190} INFO - [2024-10-25T07:23:44.321+0000] {dagbag.py:588} INFO - Filling up the DagBag from /opt/airflow/dags/customer_dim_generator.py
[2024-10-25T07:23:44.355+0000] {processor.py:925} INFO - DAG(s) 'customer_dim_generator' retrieved from /opt/airflow/dags/customer_dim_generator.py
[2024-10-25T07:23:44.379+0000] {logging_mixin.py:190} INFO - [2024-10-25T07:23:44.379+0000] {dag.py:3239} INFO - Sync 1 DAGs
[2024-10-25T07:23:44.401+0000] {logging_mixin.py:190} INFO - [2024-10-25T07:23:44.401+0000] {dag.py:4180} INFO - Setting next_dagrun for customer_dim_generator to 2024-10-25 00:00:00+00:00, run_after=2024-10-26 00:00:00+00:00
[2024-10-25T07:23:44.422+0000] {processor.py:208} INFO - Processing /opt/airflow/dags/customer_dim_generator.py took 0.110 seconds
[2024-10-25T07:24:15.108+0000] {processor.py:186} INFO - Started process (PID=1363) to work on /opt/airflow/dags/customer_dim_generator.py
[2024-10-25T07:24:15.109+0000] {processor.py:914} INFO - Processing file /opt/airflow/dags/customer_dim_generator.py for tasks to queue
[2024-10-25T07:24:15.112+0000] {logging_mixin.py:190} INFO - [2024-10-25T07:24:15.112+0000] {dagbag.py:588} INFO - Filling up the DagBag from /opt/airflow/dags/customer_dim_generator.py
[2024-10-25T07:24:15.145+0000] {processor.py:925} INFO - DAG(s) 'customer_dim_generator' retrieved from /opt/airflow/dags/customer_dim_generator.py
[2024-10-25T07:24:15.168+0000] {logging_mixin.py:190} INFO - [2024-10-25T07:24:15.168+0000] {dag.py:3239} INFO - Sync 1 DAGs
[2024-10-25T07:24:15.193+0000] {logging_mixin.py:190} INFO - [2024-10-25T07:24:15.193+0000] {dag.py:4180} INFO - Setting next_dagrun for customer_dim_generator to 2024-10-25 00:00:00+00:00, run_after=2024-10-26 00:00:00+00:00
[2024-10-25T07:24:15.301+0000] {processor.py:208} INFO - Processing /opt/airflow/dags/customer_dim_generator.py took 0.198 seconds
[2024-10-25T07:24:45.790+0000] {processor.py:186} INFO - Started process (PID=1432) to work on /opt/airflow/dags/customer_dim_generator.py
[2024-10-25T07:24:45.792+0000] {processor.py:914} INFO - Processing file /opt/airflow/dags/customer_dim_generator.py for tasks to queue
[2024-10-25T07:24:45.795+0000] {logging_mixin.py:190} INFO - [2024-10-25T07:24:45.794+0000] {dagbag.py:588} INFO - Filling up the DagBag from /opt/airflow/dags/customer_dim_generator.py
[2024-10-25T07:24:45.872+0000] {processor.py:925} INFO - DAG(s) 'customer_dim_generator' retrieved from /opt/airflow/dags/customer_dim_generator.py
[2024-10-25T07:24:45.906+0000] {logging_mixin.py:190} INFO - [2024-10-25T07:24:45.906+0000] {dag.py:3239} INFO - Sync 1 DAGs
[2024-10-25T07:24:45.932+0000] {logging_mixin.py:190} INFO - [2024-10-25T07:24:45.931+0000] {dag.py:4180} INFO - Setting next_dagrun for customer_dim_generator to 2024-10-25 00:00:00+00:00, run_after=2024-10-26 00:00:00+00:00
[2024-10-25T07:24:45.958+0000] {processor.py:208} INFO - Processing /opt/airflow/dags/customer_dim_generator.py took 0.173 seconds
[2024-10-25T07:25:16.613+0000] {processor.py:186} INFO - Started process (PID=1501) to work on /opt/airflow/dags/customer_dim_generator.py
[2024-10-25T07:25:16.615+0000] {processor.py:914} INFO - Processing file /opt/airflow/dags/customer_dim_generator.py for tasks to queue
[2024-10-25T07:25:16.618+0000] {logging_mixin.py:190} INFO - [2024-10-25T07:25:16.617+0000] {dagbag.py:588} INFO - Filling up the DagBag from /opt/airflow/dags/customer_dim_generator.py
[2024-10-25T07:25:16.655+0000] {processor.py:925} INFO - DAG(s) 'customer_dim_generator' retrieved from /opt/airflow/dags/customer_dim_generator.py
[2024-10-25T07:25:16.678+0000] {logging_mixin.py:190} INFO - [2024-10-25T07:25:16.678+0000] {dag.py:3239} INFO - Sync 1 DAGs
[2024-10-25T07:25:16.702+0000] {logging_mixin.py:190} INFO - [2024-10-25T07:25:16.701+0000] {dag.py:4180} INFO - Setting next_dagrun for customer_dim_generator to 2024-10-25 00:00:00+00:00, run_after=2024-10-26 00:00:00+00:00
[2024-10-25T07:25:16.735+0000] {processor.py:208} INFO - Processing /opt/airflow/dags/customer_dim_generator.py took 0.127 seconds
[2024-10-25T07:25:47.050+0000] {processor.py:186} INFO - Started process (PID=1570) to work on /opt/airflow/dags/customer_dim_generator.py
[2024-10-25T07:25:47.051+0000] {processor.py:914} INFO - Processing file /opt/airflow/dags/customer_dim_generator.py for tasks to queue
[2024-10-25T07:25:47.054+0000] {logging_mixin.py:190} INFO - [2024-10-25T07:25:47.053+0000] {dagbag.py:588} INFO - Filling up the DagBag from /opt/airflow/dags/customer_dim_generator.py
[2024-10-25T07:25:47.083+0000] {processor.py:925} INFO - DAG(s) 'customer_dim_generator' retrieved from /opt/airflow/dags/customer_dim_generator.py
[2024-10-25T07:25:47.104+0000] {logging_mixin.py:190} INFO - [2024-10-25T07:25:47.104+0000] {dag.py:3239} INFO - Sync 1 DAGs
[2024-10-25T07:25:47.124+0000] {logging_mixin.py:190} INFO - [2024-10-25T07:25:47.124+0000] {dag.py:4180} INFO - Setting next_dagrun for customer_dim_generator to 2024-10-25 00:00:00+00:00, run_after=2024-10-26 00:00:00+00:00
[2024-10-25T07:25:47.197+0000] {processor.py:208} INFO - Processing /opt/airflow/dags/customer_dim_generator.py took 0.152 seconds
[2024-10-25T07:26:17.785+0000] {processor.py:186} INFO - Started process (PID=1639) to work on /opt/airflow/dags/customer_dim_generator.py
[2024-10-25T07:26:17.787+0000] {processor.py:914} INFO - Processing file /opt/airflow/dags/customer_dim_generator.py for tasks to queue
[2024-10-25T07:26:17.790+0000] {logging_mixin.py:190} INFO - [2024-10-25T07:26:17.790+0000] {dagbag.py:588} INFO - Filling up the DagBag from /opt/airflow/dags/customer_dim_generator.py
[2024-10-25T07:26:17.846+0000] {processor.py:925} INFO - DAG(s) 'customer_dim_generator' retrieved from /opt/airflow/dags/customer_dim_generator.py
[2024-10-25T07:26:17.871+0000] {logging_mixin.py:190} INFO - [2024-10-25T07:26:17.871+0000] {dag.py:3239} INFO - Sync 1 DAGs
[2024-10-25T07:26:17.895+0000] {logging_mixin.py:190} INFO - [2024-10-25T07:26:17.895+0000] {dag.py:4180} INFO - Setting next_dagrun for customer_dim_generator to 2024-10-25 00:00:00+00:00, run_after=2024-10-26 00:00:00+00:00
[2024-10-25T07:26:17.921+0000] {processor.py:208} INFO - Processing /opt/airflow/dags/customer_dim_generator.py took 0.142 seconds
[2024-10-25T07:26:48.080+0000] {processor.py:186} INFO - Started process (PID=1709) to work on /opt/airflow/dags/customer_dim_generator.py
[2024-10-25T07:26:48.082+0000] {processor.py:914} INFO - Processing file /opt/airflow/dags/customer_dim_generator.py for tasks to queue
[2024-10-25T07:26:48.085+0000] {logging_mixin.py:190} INFO - [2024-10-25T07:26:48.084+0000] {dagbag.py:588} INFO - Filling up the DagBag from /opt/airflow/dags/customer_dim_generator.py
[2024-10-25T07:26:48.127+0000] {processor.py:925} INFO - DAG(s) 'customer_dim_generator' retrieved from /opt/airflow/dags/customer_dim_generator.py
[2024-10-25T07:26:48.162+0000] {logging_mixin.py:190} INFO - [2024-10-25T07:26:48.161+0000] {dag.py:3239} INFO - Sync 1 DAGs
[2024-10-25T07:26:48.196+0000] {logging_mixin.py:190} INFO - [2024-10-25T07:26:48.196+0000] {dag.py:4180} INFO - Setting next_dagrun for customer_dim_generator to 2024-10-25 00:00:00+00:00, run_after=2024-10-26 00:00:00+00:00
[2024-10-25T07:26:48.228+0000] {processor.py:208} INFO - Processing /opt/airflow/dags/customer_dim_generator.py took 0.154 seconds
[2024-10-25T07:27:18.714+0000] {processor.py:186} INFO - Started process (PID=1778) to work on /opt/airflow/dags/customer_dim_generator.py
[2024-10-25T07:27:18.716+0000] {processor.py:914} INFO - Processing file /opt/airflow/dags/customer_dim_generator.py for tasks to queue
[2024-10-25T07:27:18.721+0000] {logging_mixin.py:190} INFO - [2024-10-25T07:27:18.720+0000] {dagbag.py:588} INFO - Filling up the DagBag from /opt/airflow/dags/customer_dim_generator.py
[2024-10-25T07:27:18.761+0000] {processor.py:925} INFO - DAG(s) 'customer_dim_generator' retrieved from /opt/airflow/dags/customer_dim_generator.py
[2024-10-25T07:27:18.789+0000] {logging_mixin.py:190} INFO - [2024-10-25T07:27:18.788+0000] {dag.py:3239} INFO - Sync 1 DAGs
[2024-10-25T07:27:18.815+0000] {logging_mixin.py:190} INFO - [2024-10-25T07:27:18.815+0000] {dag.py:4180} INFO - Setting next_dagrun for customer_dim_generator to 2024-10-25 00:00:00+00:00, run_after=2024-10-26 00:00:00+00:00
[2024-10-25T07:27:18.847+0000] {processor.py:208} INFO - Processing /opt/airflow/dags/customer_dim_generator.py took 0.139 seconds
[2024-10-25T07:27:49.650+0000] {processor.py:186} INFO - Started process (PID=1846) to work on /opt/airflow/dags/customer_dim_generator.py
[2024-10-25T07:27:49.652+0000] {processor.py:914} INFO - Processing file /opt/airflow/dags/customer_dim_generator.py for tasks to queue
[2024-10-25T07:27:49.656+0000] {logging_mixin.py:190} INFO - [2024-10-25T07:27:49.655+0000] {dagbag.py:588} INFO - Filling up the DagBag from /opt/airflow/dags/customer_dim_generator.py
[2024-10-25T07:27:49.697+0000] {processor.py:925} INFO - DAG(s) 'customer_dim_generator' retrieved from /opt/airflow/dags/customer_dim_generator.py
[2024-10-25T07:27:49.722+0000] {logging_mixin.py:190} INFO - [2024-10-25T07:27:49.721+0000] {dag.py:3239} INFO - Sync 1 DAGs
[2024-10-25T07:27:49.746+0000] {logging_mixin.py:190} INFO - [2024-10-25T07:27:49.746+0000] {dag.py:4180} INFO - Setting next_dagrun for customer_dim_generator to 2024-10-25 00:00:00+00:00, run_after=2024-10-26 00:00:00+00:00
[2024-10-25T07:27:49.774+0000] {processor.py:208} INFO - Processing /opt/airflow/dags/customer_dim_generator.py took 0.130 seconds
[2024-10-25T07:28:19.978+0000] {processor.py:186} INFO - Started process (PID=1915) to work on /opt/airflow/dags/customer_dim_generator.py
[2024-10-25T07:28:19.980+0000] {processor.py:914} INFO - Processing file /opt/airflow/dags/customer_dim_generator.py for tasks to queue
[2024-10-25T07:28:19.986+0000] {logging_mixin.py:190} INFO - [2024-10-25T07:28:19.985+0000] {dagbag.py:588} INFO - Filling up the DagBag from /opt/airflow/dags/customer_dim_generator.py
[2024-10-25T07:28:20.026+0000] {processor.py:925} INFO - DAG(s) 'customer_dim_generator' retrieved from /opt/airflow/dags/customer_dim_generator.py
[2024-10-25T07:28:20.057+0000] {logging_mixin.py:190} INFO - [2024-10-25T07:28:20.057+0000] {dag.py:3239} INFO - Sync 1 DAGs
[2024-10-25T07:28:20.095+0000] {logging_mixin.py:190} INFO - [2024-10-25T07:28:20.095+0000] {dag.py:4180} INFO - Setting next_dagrun for customer_dim_generator to 2024-10-25 00:00:00+00:00, run_after=2024-10-26 00:00:00+00:00
[2024-10-25T07:28:20.133+0000] {processor.py:208} INFO - Processing /opt/airflow/dags/customer_dim_generator.py took 0.163 seconds
[2024-10-25T07:28:50.274+0000] {processor.py:186} INFO - Started process (PID=1984) to work on /opt/airflow/dags/customer_dim_generator.py
[2024-10-25T07:28:50.276+0000] {processor.py:914} INFO - Processing file /opt/airflow/dags/customer_dim_generator.py for tasks to queue
[2024-10-25T07:28:50.280+0000] {logging_mixin.py:190} INFO - [2024-10-25T07:28:50.279+0000] {dagbag.py:588} INFO - Filling up the DagBag from /opt/airflow/dags/customer_dim_generator.py
[2024-10-25T07:28:50.321+0000] {processor.py:925} INFO - DAG(s) 'customer_dim_generator' retrieved from /opt/airflow/dags/customer_dim_generator.py
[2024-10-25T07:28:50.353+0000] {logging_mixin.py:190} INFO - [2024-10-25T07:28:50.353+0000] {dag.py:3239} INFO - Sync 1 DAGs
[2024-10-25T07:28:50.382+0000] {logging_mixin.py:190} INFO - [2024-10-25T07:28:50.382+0000] {dag.py:4180} INFO - Setting next_dagrun for customer_dim_generator to 2024-10-25 00:00:00+00:00, run_after=2024-10-26 00:00:00+00:00
[2024-10-25T07:28:50.411+0000] {processor.py:208} INFO - Processing /opt/airflow/dags/customer_dim_generator.py took 0.143 seconds
[2024-10-25T07:29:21.276+0000] {processor.py:186} INFO - Started process (PID=2053) to work on /opt/airflow/dags/customer_dim_generator.py
[2024-10-25T07:29:21.277+0000] {processor.py:914} INFO - Processing file /opt/airflow/dags/customer_dim_generator.py for tasks to queue
[2024-10-25T07:29:21.280+0000] {logging_mixin.py:190} INFO - [2024-10-25T07:29:21.280+0000] {dagbag.py:588} INFO - Filling up the DagBag from /opt/airflow/dags/customer_dim_generator.py
[2024-10-25T07:29:21.308+0000] {processor.py:925} INFO - DAG(s) 'customer_dim_generator' retrieved from /opt/airflow/dags/customer_dim_generator.py
[2024-10-25T07:29:21.325+0000] {logging_mixin.py:190} INFO - [2024-10-25T07:29:21.325+0000] {dag.py:3239} INFO - Sync 1 DAGs
[2024-10-25T07:29:21.344+0000] {logging_mixin.py:190} INFO - [2024-10-25T07:29:21.344+0000] {dag.py:4180} INFO - Setting next_dagrun for customer_dim_generator to 2024-10-25 00:00:00+00:00, run_after=2024-10-26 00:00:00+00:00
[2024-10-25T07:29:21.365+0000] {processor.py:208} INFO - Processing /opt/airflow/dags/customer_dim_generator.py took 0.094 seconds
[2024-10-25T07:29:51.789+0000] {processor.py:186} INFO - Started process (PID=2122) to work on /opt/airflow/dags/customer_dim_generator.py
[2024-10-25T07:29:51.791+0000] {processor.py:914} INFO - Processing file /opt/airflow/dags/customer_dim_generator.py for tasks to queue
[2024-10-25T07:29:51.794+0000] {logging_mixin.py:190} INFO - [2024-10-25T07:29:51.794+0000] {dagbag.py:588} INFO - Filling up the DagBag from /opt/airflow/dags/customer_dim_generator.py
[2024-10-25T07:29:51.837+0000] {processor.py:925} INFO - DAG(s) 'customer_dim_generator' retrieved from /opt/airflow/dags/customer_dim_generator.py
[2024-10-25T07:29:51.859+0000] {logging_mixin.py:190} INFO - [2024-10-25T07:29:51.859+0000] {dag.py:3239} INFO - Sync 1 DAGs
[2024-10-25T07:29:51.882+0000] {logging_mixin.py:190} INFO - [2024-10-25T07:29:51.882+0000] {dag.py:4180} INFO - Setting next_dagrun for customer_dim_generator to 2024-10-25 00:00:00+00:00, run_after=2024-10-26 00:00:00+00:00
[2024-10-25T07:29:51.906+0000] {processor.py:208} INFO - Processing /opt/airflow/dags/customer_dim_generator.py took 0.121 seconds
[2024-10-25T07:30:22.081+0000] {processor.py:186} INFO - Started process (PID=2190) to work on /opt/airflow/dags/customer_dim_generator.py
[2024-10-25T07:30:22.082+0000] {processor.py:914} INFO - Processing file /opt/airflow/dags/customer_dim_generator.py for tasks to queue
[2024-10-25T07:30:22.085+0000] {logging_mixin.py:190} INFO - [2024-10-25T07:30:22.085+0000] {dagbag.py:588} INFO - Filling up the DagBag from /opt/airflow/dags/customer_dim_generator.py
[2024-10-25T07:30:22.127+0000] {processor.py:925} INFO - DAG(s) 'customer_dim_generator' retrieved from /opt/airflow/dags/customer_dim_generator.py
[2024-10-25T07:30:22.149+0000] {logging_mixin.py:190} INFO - [2024-10-25T07:30:22.149+0000] {dag.py:3239} INFO - Sync 1 DAGs
[2024-10-25T07:30:22.168+0000] {logging_mixin.py:190} INFO - [2024-10-25T07:30:22.168+0000] {dag.py:4180} INFO - Setting next_dagrun for customer_dim_generator to 2024-10-25 00:00:00+00:00, run_after=2024-10-26 00:00:00+00:00
[2024-10-25T07:30:22.208+0000] {processor.py:208} INFO - Processing /opt/airflow/dags/customer_dim_generator.py took 0.131 seconds
[2024-10-25T07:30:52.779+0000] {processor.py:186} INFO - Started process (PID=2258) to work on /opt/airflow/dags/customer_dim_generator.py
[2024-10-25T07:30:52.781+0000] {processor.py:914} INFO - Processing file /opt/airflow/dags/customer_dim_generator.py for tasks to queue
[2024-10-25T07:30:52.784+0000] {logging_mixin.py:190} INFO - [2024-10-25T07:30:52.783+0000] {dagbag.py:588} INFO - Filling up the DagBag from /opt/airflow/dags/customer_dim_generator.py
[2024-10-25T07:30:52.831+0000] {processor.py:925} INFO - DAG(s) 'customer_dim_generator' retrieved from /opt/airflow/dags/customer_dim_generator.py
[2024-10-25T07:30:52.852+0000] {logging_mixin.py:190} INFO - [2024-10-25T07:30:52.852+0000] {dag.py:3239} INFO - Sync 1 DAGs
[2024-10-25T07:30:52.878+0000] {logging_mixin.py:190} INFO - [2024-10-25T07:30:52.878+0000] {dag.py:4180} INFO - Setting next_dagrun for customer_dim_generator to 2024-10-25 00:00:00+00:00, run_after=2024-10-26 00:00:00+00:00
[2024-10-25T07:30:52.903+0000] {processor.py:208} INFO - Processing /opt/airflow/dags/customer_dim_generator.py took 0.130 seconds
[2024-10-25T07:31:23.405+0000] {processor.py:186} INFO - Started process (PID=2327) to work on /opt/airflow/dags/customer_dim_generator.py
[2024-10-25T07:31:23.406+0000] {processor.py:914} INFO - Processing file /opt/airflow/dags/customer_dim_generator.py for tasks to queue
[2024-10-25T07:31:23.410+0000] {logging_mixin.py:190} INFO - [2024-10-25T07:31:23.409+0000] {dagbag.py:588} INFO - Filling up the DagBag from /opt/airflow/dags/customer_dim_generator.py
[2024-10-25T07:31:23.462+0000] {processor.py:925} INFO - DAG(s) 'customer_dim_generator' retrieved from /opt/airflow/dags/customer_dim_generator.py
[2024-10-25T07:31:23.485+0000] {logging_mixin.py:190} INFO - [2024-10-25T07:31:23.485+0000] {dag.py:3239} INFO - Sync 1 DAGs
[2024-10-25T07:31:23.508+0000] {logging_mixin.py:190} INFO - [2024-10-25T07:31:23.508+0000] {dag.py:4180} INFO - Setting next_dagrun for customer_dim_generator to 2024-10-25 00:00:00+00:00, run_after=2024-10-26 00:00:00+00:00
[2024-10-25T07:31:23.533+0000] {processor.py:208} INFO - Processing /opt/airflow/dags/customer_dim_generator.py took 0.134 seconds
[2024-10-25T07:31:54.163+0000] {processor.py:186} INFO - Started process (PID=2396) to work on /opt/airflow/dags/customer_dim_generator.py
[2024-10-25T07:31:54.164+0000] {processor.py:914} INFO - Processing file /opt/airflow/dags/customer_dim_generator.py for tasks to queue
[2024-10-25T07:31:54.166+0000] {logging_mixin.py:190} INFO - [2024-10-25T07:31:54.166+0000] {dagbag.py:588} INFO - Filling up the DagBag from /opt/airflow/dags/customer_dim_generator.py
[2024-10-25T07:31:54.198+0000] {processor.py:925} INFO - DAG(s) 'customer_dim_generator' retrieved from /opt/airflow/dags/customer_dim_generator.py
[2024-10-25T07:31:54.228+0000] {logging_mixin.py:190} INFO - [2024-10-25T07:31:54.228+0000] {dag.py:3239} INFO - Sync 1 DAGs
[2024-10-25T07:31:54.256+0000] {logging_mixin.py:190} INFO - [2024-10-25T07:31:54.256+0000] {dag.py:4180} INFO - Setting next_dagrun for customer_dim_generator to 2024-10-25 00:00:00+00:00, run_after=2024-10-26 00:00:00+00:00
[2024-10-25T07:31:54.285+0000] {processor.py:208} INFO - Processing /opt/airflow/dags/customer_dim_generator.py took 0.127 seconds
[2024-10-25T07:32:45.406+0000] {processor.py:186} INFO - Started process (PID=2422) to work on /opt/airflow/dags/customer_dim_generator.py
[2024-10-25T07:32:45.411+0000] {processor.py:914} INFO - Processing file /opt/airflow/dags/customer_dim_generator.py for tasks to queue
[2024-10-25T07:32:45.419+0000] {logging_mixin.py:190} INFO - [2024-10-25T07:32:45.418+0000] {dagbag.py:588} INFO - Filling up the DagBag from /opt/airflow/dags/customer_dim_generator.py
[2024-10-25T07:32:45.471+0000] {processor.py:925} INFO - DAG(s) 'customer_dim_generator' retrieved from /opt/airflow/dags/customer_dim_generator.py
[2024-10-25T07:32:45.524+0000] {logging_mixin.py:190} INFO - [2024-10-25T07:32:45.523+0000] {dag.py:3239} INFO - Sync 1 DAGs
[2024-10-25T07:32:45.605+0000] {logging_mixin.py:190} INFO - [2024-10-25T07:32:45.602+0000] {dag.py:4180} INFO - Setting next_dagrun for customer_dim_generator to 2024-10-25 00:00:00+00:00, run_after=2024-10-26 00:00:00+00:00
[2024-10-25T07:32:45.668+0000] {processor.py:208} INFO - Processing /opt/airflow/dags/customer_dim_generator.py took 0.281 seconds
[2024-10-25T07:33:16.061+0000] {processor.py:186} INFO - Started process (PID=2491) to work on /opt/airflow/dags/customer_dim_generator.py
[2024-10-25T07:33:16.062+0000] {processor.py:914} INFO - Processing file /opt/airflow/dags/customer_dim_generator.py for tasks to queue
[2024-10-25T07:33:16.064+0000] {logging_mixin.py:190} INFO - [2024-10-25T07:33:16.063+0000] {dagbag.py:588} INFO - Filling up the DagBag from /opt/airflow/dags/customer_dim_generator.py
[2024-10-25T07:33:16.098+0000] {processor.py:925} INFO - DAG(s) 'customer_dim_generator' retrieved from /opt/airflow/dags/customer_dim_generator.py
[2024-10-25T07:33:16.125+0000] {logging_mixin.py:190} INFO - [2024-10-25T07:33:16.124+0000] {dag.py:3239} INFO - Sync 1 DAGs
[2024-10-25T07:33:16.354+0000] {logging_mixin.py:190} INFO - [2024-10-25T07:33:16.354+0000] {dag.py:4180} INFO - Setting next_dagrun for customer_dim_generator to 2024-10-25 00:00:00+00:00, run_after=2024-10-26 00:00:00+00:00
[2024-10-25T07:33:16.383+0000] {processor.py:208} INFO - Processing /opt/airflow/dags/customer_dim_generator.py took 0.328 seconds
[2024-10-25T07:33:46.733+0000] {processor.py:186} INFO - Started process (PID=2560) to work on /opt/airflow/dags/customer_dim_generator.py
[2024-10-25T07:33:46.734+0000] {processor.py:914} INFO - Processing file /opt/airflow/dags/customer_dim_generator.py for tasks to queue
[2024-10-25T07:33:46.736+0000] {logging_mixin.py:190} INFO - [2024-10-25T07:33:46.735+0000] {dagbag.py:588} INFO - Filling up the DagBag from /opt/airflow/dags/customer_dim_generator.py
[2024-10-25T07:33:46.759+0000] {processor.py:925} INFO - DAG(s) 'customer_dim_generator' retrieved from /opt/airflow/dags/customer_dim_generator.py
[2024-10-25T07:33:46.781+0000] {logging_mixin.py:190} INFO - [2024-10-25T07:33:46.780+0000] {dag.py:3239} INFO - Sync 1 DAGs
[2024-10-25T07:33:46.807+0000] {logging_mixin.py:190} INFO - [2024-10-25T07:33:46.807+0000] {dag.py:4180} INFO - Setting next_dagrun for customer_dim_generator to 2024-10-25 00:00:00+00:00, run_after=2024-10-26 00:00:00+00:00
[2024-10-25T07:33:47.036+0000] {processor.py:208} INFO - Processing /opt/airflow/dags/customer_dim_generator.py took 0.310 seconds
[2024-10-25T07:34:17.781+0000] {processor.py:186} INFO - Started process (PID=2629) to work on /opt/airflow/dags/customer_dim_generator.py
[2024-10-25T07:34:17.782+0000] {processor.py:914} INFO - Processing file /opt/airflow/dags/customer_dim_generator.py for tasks to queue
[2024-10-25T07:34:17.784+0000] {logging_mixin.py:190} INFO - [2024-10-25T07:34:17.783+0000] {dagbag.py:588} INFO - Filling up the DagBag from /opt/airflow/dags/customer_dim_generator.py
[2024-10-25T07:34:17.815+0000] {processor.py:925} INFO - DAG(s) 'customer_dim_generator' retrieved from /opt/airflow/dags/customer_dim_generator.py
[2024-10-25T07:34:17.839+0000] {logging_mixin.py:190} INFO - [2024-10-25T07:34:17.839+0000] {dag.py:3239} INFO - Sync 1 DAGs
[2024-10-25T07:34:17.861+0000] {logging_mixin.py:190} INFO - [2024-10-25T07:34:17.860+0000] {dag.py:4180} INFO - Setting next_dagrun for customer_dim_generator to 2024-10-25 00:00:00+00:00, run_after=2024-10-26 00:00:00+00:00
[2024-10-25T07:34:18.082+0000] {processor.py:208} INFO - Processing /opt/airflow/dags/customer_dim_generator.py took 0.306 seconds
[2024-10-25T07:34:48.901+0000] {processor.py:186} INFO - Started process (PID=2698) to work on /opt/airflow/dags/customer_dim_generator.py
[2024-10-25T07:34:48.903+0000] {processor.py:914} INFO - Processing file /opt/airflow/dags/customer_dim_generator.py for tasks to queue
[2024-10-25T07:34:48.905+0000] {logging_mixin.py:190} INFO - [2024-10-25T07:34:48.904+0000] {dagbag.py:588} INFO - Filling up the DagBag from /opt/airflow/dags/customer_dim_generator.py
[2024-10-25T07:34:48.932+0000] {processor.py:925} INFO - DAG(s) 'customer_dim_generator' retrieved from /opt/airflow/dags/customer_dim_generator.py
[2024-10-25T07:34:48.961+0000] {logging_mixin.py:190} INFO - [2024-10-25T07:34:48.960+0000] {dag.py:3239} INFO - Sync 1 DAGs
[2024-10-25T07:34:48.992+0000] {logging_mixin.py:190} INFO - [2024-10-25T07:34:48.991+0000] {dag.py:4180} INFO - Setting next_dagrun for customer_dim_generator to 2024-10-25 00:00:00+00:00, run_after=2024-10-26 00:00:00+00:00
[2024-10-25T07:34:49.021+0000] {processor.py:208} INFO - Processing /opt/airflow/dags/customer_dim_generator.py took 0.127 seconds
[2024-10-25T07:35:19.933+0000] {processor.py:186} INFO - Started process (PID=2767) to work on /opt/airflow/dags/customer_dim_generator.py
[2024-10-25T07:35:19.935+0000] {processor.py:914} INFO - Processing file /opt/airflow/dags/customer_dim_generator.py for tasks to queue
[2024-10-25T07:35:19.936+0000] {logging_mixin.py:190} INFO - [2024-10-25T07:35:19.936+0000] {dagbag.py:588} INFO - Filling up the DagBag from /opt/airflow/dags/customer_dim_generator.py
[2024-10-25T07:35:19.972+0000] {processor.py:925} INFO - DAG(s) 'customer_dim_generator' retrieved from /opt/airflow/dags/customer_dim_generator.py
[2024-10-25T07:35:19.994+0000] {logging_mixin.py:190} INFO - [2024-10-25T07:35:19.994+0000] {dag.py:3239} INFO - Sync 1 DAGs
[2024-10-25T07:35:20.020+0000] {logging_mixin.py:190} INFO - [2024-10-25T07:35:20.020+0000] {dag.py:4180} INFO - Setting next_dagrun for customer_dim_generator to 2024-10-25 00:00:00+00:00, run_after=2024-10-26 00:00:00+00:00
[2024-10-25T07:35:20.048+0000] {processor.py:208} INFO - Processing /opt/airflow/dags/customer_dim_generator.py took 0.119 seconds
[2024-10-25T07:37:52.873+0000] {processor.py:186} INFO - Started process (PID=58) to work on /opt/airflow/dags/customer_dim_generator.py
[2024-10-25T07:37:52.875+0000] {processor.py:914} INFO - Processing file /opt/airflow/dags/customer_dim_generator.py for tasks to queue
[2024-10-25T07:37:52.878+0000] {logging_mixin.py:190} INFO - [2024-10-25T07:37:52.878+0000] {dagbag.py:588} INFO - Filling up the DagBag from /opt/airflow/dags/customer_dim_generator.py
[2024-10-25T07:37:52.929+0000] {processor.py:925} INFO - DAG(s) 'customer_dim_generator' retrieved from /opt/airflow/dags/customer_dim_generator.py
[2024-10-25T07:37:52.958+0000] {logging_mixin.py:190} INFO - [2024-10-25T07:37:52.957+0000] {dag.py:3239} INFO - Sync 1 DAGs
[2024-10-25T07:37:52.986+0000] {logging_mixin.py:190} INFO - [2024-10-25T07:37:52.986+0000] {dag.py:4180} INFO - Setting next_dagrun for customer_dim_generator to 2024-10-25 00:00:00+00:00, run_after=2024-10-26 00:00:00+00:00
[2024-10-25T07:37:53.020+0000] {processor.py:208} INFO - Processing /opt/airflow/dags/customer_dim_generator.py took 0.152 seconds
[2024-10-25T07:38:23.342+0000] {processor.py:186} INFO - Started process (PID=128) to work on /opt/airflow/dags/customer_dim_generator.py
[2024-10-25T07:38:23.344+0000] {processor.py:914} INFO - Processing file /opt/airflow/dags/customer_dim_generator.py for tasks to queue
[2024-10-25T07:38:23.347+0000] {logging_mixin.py:190} INFO - [2024-10-25T07:38:23.347+0000] {dagbag.py:588} INFO - Filling up the DagBag from /opt/airflow/dags/customer_dim_generator.py
[2024-10-25T07:38:23.386+0000] {processor.py:925} INFO - DAG(s) 'customer_dim_generator' retrieved from /opt/airflow/dags/customer_dim_generator.py
[2024-10-25T07:38:23.421+0000] {logging_mixin.py:190} INFO - [2024-10-25T07:38:23.420+0000] {dag.py:3239} INFO - Sync 1 DAGs
[2024-10-25T07:38:23.453+0000] {logging_mixin.py:190} INFO - [2024-10-25T07:38:23.452+0000] {dag.py:4180} INFO - Setting next_dagrun for customer_dim_generator to 2024-10-25 00:00:00+00:00, run_after=2024-10-26 00:00:00+00:00
[2024-10-25T07:38:23.486+0000] {processor.py:208} INFO - Processing /opt/airflow/dags/customer_dim_generator.py took 0.150 seconds
