[2024-10-25T07:14:48.617+0000] {processor.py:186} INFO - Started process (PID=106) to work on /opt/airflow/dags/schema_dag.py
[2024-10-25T07:14:48.637+0000] {processor.py:914} INFO - Processing file /opt/airflow/dags/schema_dag.py for tasks to queue
[2024-10-25T07:14:48.672+0000] {logging_mixin.py:190} INFO - [2024-10-25T07:14:48.668+0000] {dagbag.py:588} INFO - Filling up the DagBag from /opt/airflow/dags/schema_dag.py
[2024-10-25T07:14:49.046+0000] {processor.py:925} INFO - DAG(s) 'schema_dag' retrieved from /opt/airflow/dags/schema_dag.py
[2024-10-25T07:14:49.675+0000] {logging_mixin.py:190} INFO - [2024-10-25T07:14:49.674+0000] {dag.py:3239} INFO - Sync 1 DAGs
[2024-10-25T07:14:50.052+0000] {logging_mixin.py:190} INFO - [2024-10-25T07:14:50.051+0000] {dag.py:4180} INFO - Setting next_dagrun for schema_dag to 2024-10-23 00:00:00+00:00, run_after=2024-10-24 00:00:00+00:00
[2024-10-25T07:14:50.181+0000] {processor.py:208} INFO - Processing /opt/airflow/dags/schema_dag.py took 1.663 seconds
[2024-10-25T07:16:03.897+0000] {processor.py:186} INFO - Started process (PID=257) to work on /opt/airflow/dags/schema_dag.py
[2024-10-25T07:16:03.904+0000] {processor.py:914} INFO - Processing file /opt/airflow/dags/schema_dag.py for tasks to queue
[2024-10-25T07:16:03.915+0000] {logging_mixin.py:190} INFO - [2024-10-25T07:16:03.914+0000] {dagbag.py:588} INFO - Filling up the DagBag from /opt/airflow/dags/schema_dag.py
[2024-10-25T07:16:04.001+0000] {processor.py:925} INFO - DAG(s) 'schema_dag' retrieved from /opt/airflow/dags/schema_dag.py
[2024-10-25T07:16:04.137+0000] {logging_mixin.py:190} INFO - [2024-10-25T07:16:04.133+0000] {dag.py:3239} INFO - Sync 1 DAGs
[2024-10-25T07:16:04.428+0000] {logging_mixin.py:190} INFO - [2024-10-25T07:16:04.426+0000] {dag.py:4180} INFO - Setting next_dagrun for schema_dag to 2024-10-25 00:00:00+00:00, run_after=2024-10-26 00:00:00+00:00
[2024-10-25T07:16:04.571+0000] {processor.py:208} INFO - Processing /opt/airflow/dags/schema_dag.py took 0.732 seconds
[2024-10-25T07:16:34.871+0000] {processor.py:186} INFO - Started process (PID=326) to work on /opt/airflow/dags/schema_dag.py
[2024-10-25T07:16:34.876+0000] {processor.py:914} INFO - Processing file /opt/airflow/dags/schema_dag.py for tasks to queue
[2024-10-25T07:16:34.891+0000] {logging_mixin.py:190} INFO - [2024-10-25T07:16:34.886+0000] {dagbag.py:588} INFO - Filling up the DagBag from /opt/airflow/dags/schema_dag.py
[2024-10-25T07:16:34.967+0000] {processor.py:925} INFO - DAG(s) 'schema_dag' retrieved from /opt/airflow/dags/schema_dag.py
[2024-10-25T07:16:35.062+0000] {logging_mixin.py:190} INFO - [2024-10-25T07:16:35.061+0000] {dag.py:3239} INFO - Sync 1 DAGs
[2024-10-25T07:16:35.204+0000] {logging_mixin.py:190} INFO - [2024-10-25T07:16:35.202+0000] {dag.py:4180} INFO - Setting next_dagrun for schema_dag to 2024-10-25 00:00:00+00:00, run_after=2024-10-26 00:00:00+00:00
[2024-10-25T07:16:35.317+0000] {processor.py:208} INFO - Processing /opt/airflow/dags/schema_dag.py took 0.479 seconds
[2024-10-25T07:17:05.562+0000] {processor.py:186} INFO - Started process (PID=395) to work on /opt/airflow/dags/schema_dag.py
[2024-10-25T07:17:05.564+0000] {processor.py:914} INFO - Processing file /opt/airflow/dags/schema_dag.py for tasks to queue
[2024-10-25T07:17:05.567+0000] {logging_mixin.py:190} INFO - [2024-10-25T07:17:05.567+0000] {dagbag.py:588} INFO - Filling up the DagBag from /opt/airflow/dags/schema_dag.py
[2024-10-25T07:17:05.600+0000] {processor.py:925} INFO - DAG(s) 'schema_dag' retrieved from /opt/airflow/dags/schema_dag.py
[2024-10-25T07:17:05.646+0000] {logging_mixin.py:190} INFO - [2024-10-25T07:17:05.645+0000] {dag.py:3239} INFO - Sync 1 DAGs
[2024-10-25T07:17:05.685+0000] {logging_mixin.py:190} INFO - [2024-10-25T07:17:05.685+0000] {dag.py:4180} INFO - Setting next_dagrun for schema_dag to 2024-10-25 00:00:00+00:00, run_after=2024-10-26 00:00:00+00:00
[2024-10-25T07:17:05.720+0000] {processor.py:208} INFO - Processing /opt/airflow/dags/schema_dag.py took 0.166 seconds
[2024-10-25T07:17:36.594+0000] {processor.py:186} INFO - Started process (PID=465) to work on /opt/airflow/dags/schema_dag.py
[2024-10-25T07:17:36.596+0000] {processor.py:914} INFO - Processing file /opt/airflow/dags/schema_dag.py for tasks to queue
[2024-10-25T07:17:36.600+0000] {logging_mixin.py:190} INFO - [2024-10-25T07:17:36.599+0000] {dagbag.py:588} INFO - Filling up the DagBag from /opt/airflow/dags/schema_dag.py
[2024-10-25T07:17:36.638+0000] {processor.py:925} INFO - DAG(s) 'schema_dag' retrieved from /opt/airflow/dags/schema_dag.py
[2024-10-25T07:17:36.667+0000] {logging_mixin.py:190} INFO - [2024-10-25T07:17:36.666+0000] {dag.py:3239} INFO - Sync 1 DAGs
[2024-10-25T07:17:36.710+0000] {logging_mixin.py:190} INFO - [2024-10-25T07:17:36.710+0000] {dag.py:4180} INFO - Setting next_dagrun for schema_dag to 2024-10-25 00:00:00+00:00, run_after=2024-10-26 00:00:00+00:00
[2024-10-25T07:17:36.743+0000] {processor.py:208} INFO - Processing /opt/airflow/dags/schema_dag.py took 0.159 seconds
[2024-10-25T07:18:06.910+0000] {processor.py:186} INFO - Started process (PID=534) to work on /opt/airflow/dags/schema_dag.py
[2024-10-25T07:18:06.913+0000] {processor.py:914} INFO - Processing file /opt/airflow/dags/schema_dag.py for tasks to queue
[2024-10-25T07:18:06.917+0000] {logging_mixin.py:190} INFO - [2024-10-25T07:18:06.916+0000] {dagbag.py:588} INFO - Filling up the DagBag from /opt/airflow/dags/schema_dag.py
[2024-10-25T07:18:06.945+0000] {processor.py:925} INFO - DAG(s) 'schema_dag' retrieved from /opt/airflow/dags/schema_dag.py
[2024-10-25T07:18:06.973+0000] {logging_mixin.py:190} INFO - [2024-10-25T07:18:06.972+0000] {dag.py:3239} INFO - Sync 1 DAGs
[2024-10-25T07:18:07.007+0000] {logging_mixin.py:190} INFO - [2024-10-25T07:18:07.007+0000] {dag.py:4180} INFO - Setting next_dagrun for schema_dag to 2024-10-25 00:00:00+00:00, run_after=2024-10-26 00:00:00+00:00
[2024-10-25T07:18:07.038+0000] {processor.py:208} INFO - Processing /opt/airflow/dags/schema_dag.py took 0.136 seconds
[2024-10-25T07:18:37.345+0000] {processor.py:186} INFO - Started process (PID=602) to work on /opt/airflow/dags/schema_dag.py
[2024-10-25T07:18:37.347+0000] {processor.py:914} INFO - Processing file /opt/airflow/dags/schema_dag.py for tasks to queue
[2024-10-25T07:18:37.350+0000] {logging_mixin.py:190} INFO - [2024-10-25T07:18:37.350+0000] {dagbag.py:588} INFO - Filling up the DagBag from /opt/airflow/dags/schema_dag.py
[2024-10-25T07:18:37.404+0000] {processor.py:925} INFO - DAG(s) 'schema_dag' retrieved from /opt/airflow/dags/schema_dag.py
[2024-10-25T07:18:37.438+0000] {logging_mixin.py:190} INFO - [2024-10-25T07:18:37.437+0000] {dag.py:3239} INFO - Sync 1 DAGs
[2024-10-25T07:18:37.483+0000] {logging_mixin.py:190} INFO - [2024-10-25T07:18:37.483+0000] {dag.py:4180} INFO - Setting next_dagrun for schema_dag to 2024-10-25 00:00:00+00:00, run_after=2024-10-26 00:00:00+00:00
[2024-10-25T07:18:37.521+0000] {processor.py:208} INFO - Processing /opt/airflow/dags/schema_dag.py took 0.189 seconds
[2024-10-25T07:19:08.318+0000] {processor.py:186} INFO - Started process (PID=671) to work on /opt/airflow/dags/schema_dag.py
[2024-10-25T07:19:08.320+0000] {processor.py:914} INFO - Processing file /opt/airflow/dags/schema_dag.py for tasks to queue
[2024-10-25T07:19:08.326+0000] {logging_mixin.py:190} INFO - [2024-10-25T07:19:08.326+0000] {dagbag.py:588} INFO - Filling up the DagBag from /opt/airflow/dags/schema_dag.py
[2024-10-25T07:19:08.365+0000] {processor.py:925} INFO - DAG(s) 'schema_dag' retrieved from /opt/airflow/dags/schema_dag.py
[2024-10-25T07:19:08.409+0000] {logging_mixin.py:190} INFO - [2024-10-25T07:19:08.408+0000] {dag.py:3239} INFO - Sync 1 DAGs
[2024-10-25T07:19:08.458+0000] {logging_mixin.py:190} INFO - [2024-10-25T07:19:08.458+0000] {dag.py:4180} INFO - Setting next_dagrun for schema_dag to 2024-10-25 00:00:00+00:00, run_after=2024-10-26 00:00:00+00:00
[2024-10-25T07:19:08.501+0000] {processor.py:208} INFO - Processing /opt/airflow/dags/schema_dag.py took 0.194 seconds
[2024-10-25T07:19:39.124+0000] {processor.py:186} INFO - Started process (PID=740) to work on /opt/airflow/dags/schema_dag.py
[2024-10-25T07:19:39.126+0000] {processor.py:914} INFO - Processing file /opt/airflow/dags/schema_dag.py for tasks to queue
[2024-10-25T07:19:39.130+0000] {logging_mixin.py:190} INFO - [2024-10-25T07:19:39.129+0000] {dagbag.py:588} INFO - Filling up the DagBag from /opt/airflow/dags/schema_dag.py
[2024-10-25T07:19:39.180+0000] {processor.py:925} INFO - DAG(s) 'schema_dag' retrieved from /opt/airflow/dags/schema_dag.py
[2024-10-25T07:19:39.208+0000] {logging_mixin.py:190} INFO - [2024-10-25T07:19:39.208+0000] {dag.py:3239} INFO - Sync 1 DAGs
[2024-10-25T07:19:39.235+0000] {logging_mixin.py:190} INFO - [2024-10-25T07:19:39.235+0000] {dag.py:4180} INFO - Setting next_dagrun for schema_dag to 2024-10-25 00:00:00+00:00, run_after=2024-10-26 00:00:00+00:00
[2024-10-25T07:19:39.269+0000] {processor.py:208} INFO - Processing /opt/airflow/dags/schema_dag.py took 0.152 seconds
[2024-10-25T07:20:09.511+0000] {processor.py:186} INFO - Started process (PID=808) to work on /opt/airflow/dags/schema_dag.py
[2024-10-25T07:20:09.512+0000] {processor.py:914} INFO - Processing file /opt/airflow/dags/schema_dag.py for tasks to queue
[2024-10-25T07:20:09.516+0000] {logging_mixin.py:190} INFO - [2024-10-25T07:20:09.515+0000] {dagbag.py:588} INFO - Filling up the DagBag from /opt/airflow/dags/schema_dag.py
[2024-10-25T07:20:09.558+0000] {processor.py:925} INFO - DAG(s) 'schema_dag' retrieved from /opt/airflow/dags/schema_dag.py
[2024-10-25T07:20:09.578+0000] {logging_mixin.py:190} INFO - [2024-10-25T07:20:09.578+0000] {dag.py:3239} INFO - Sync 1 DAGs
[2024-10-25T07:20:09.598+0000] {logging_mixin.py:190} INFO - [2024-10-25T07:20:09.598+0000] {dag.py:4180} INFO - Setting next_dagrun for schema_dag to 2024-10-25 00:00:00+00:00, run_after=2024-10-26 00:00:00+00:00
[2024-10-25T07:20:09.620+0000] {processor.py:208} INFO - Processing /opt/airflow/dags/schema_dag.py took 0.116 seconds
[2024-10-25T07:20:39.740+0000] {processor.py:186} INFO - Started process (PID=877) to work on /opt/airflow/dags/schema_dag.py
[2024-10-25T07:20:39.741+0000] {processor.py:914} INFO - Processing file /opt/airflow/dags/schema_dag.py for tasks to queue
[2024-10-25T07:20:39.744+0000] {logging_mixin.py:190} INFO - [2024-10-25T07:20:39.744+0000] {dagbag.py:588} INFO - Filling up the DagBag from /opt/airflow/dags/schema_dag.py
[2024-10-25T07:20:39.773+0000] {processor.py:925} INFO - DAG(s) 'schema_dag' retrieved from /opt/airflow/dags/schema_dag.py
[2024-10-25T07:20:39.794+0000] {logging_mixin.py:190} INFO - [2024-10-25T07:20:39.794+0000] {dag.py:3239} INFO - Sync 1 DAGs
[2024-10-25T07:20:39.815+0000] {logging_mixin.py:190} INFO - [2024-10-25T07:20:39.814+0000] {dag.py:4180} INFO - Setting next_dagrun for schema_dag to 2024-10-25 00:00:00+00:00, run_after=2024-10-26 00:00:00+00:00
[2024-10-25T07:20:39.838+0000] {processor.py:208} INFO - Processing /opt/airflow/dags/schema_dag.py took 0.102 seconds
[2024-10-25T07:21:10.150+0000] {processor.py:186} INFO - Started process (PID=946) to work on /opt/airflow/dags/schema_dag.py
[2024-10-25T07:21:10.152+0000] {processor.py:914} INFO - Processing file /opt/airflow/dags/schema_dag.py for tasks to queue
[2024-10-25T07:21:10.155+0000] {logging_mixin.py:190} INFO - [2024-10-25T07:21:10.155+0000] {dagbag.py:588} INFO - Filling up the DagBag from /opt/airflow/dags/schema_dag.py
[2024-10-25T07:21:10.201+0000] {processor.py:925} INFO - DAG(s) 'schema_dag' retrieved from /opt/airflow/dags/schema_dag.py
[2024-10-25T07:21:10.235+0000] {logging_mixin.py:190} INFO - [2024-10-25T07:21:10.235+0000] {dag.py:3239} INFO - Sync 1 DAGs
[2024-10-25T07:21:10.267+0000] {logging_mixin.py:190} INFO - [2024-10-25T07:21:10.267+0000] {dag.py:4180} INFO - Setting next_dagrun for schema_dag to 2024-10-25 00:00:00+00:00, run_after=2024-10-26 00:00:00+00:00
[2024-10-25T07:21:10.302+0000] {processor.py:208} INFO - Processing /opt/airflow/dags/schema_dag.py took 0.159 seconds
[2024-10-25T07:21:40.679+0000] {processor.py:186} INFO - Started process (PID=1015) to work on /opt/airflow/dags/schema_dag.py
[2024-10-25T07:21:40.681+0000] {processor.py:914} INFO - Processing file /opt/airflow/dags/schema_dag.py for tasks to queue
[2024-10-25T07:21:40.685+0000] {logging_mixin.py:190} INFO - [2024-10-25T07:21:40.684+0000] {dagbag.py:588} INFO - Filling up the DagBag from /opt/airflow/dags/schema_dag.py
[2024-10-25T07:21:40.725+0000] {processor.py:925} INFO - DAG(s) 'schema_dag' retrieved from /opt/airflow/dags/schema_dag.py
[2024-10-25T07:21:40.749+0000] {logging_mixin.py:190} INFO - [2024-10-25T07:21:40.748+0000] {dag.py:3239} INFO - Sync 1 DAGs
[2024-10-25T07:21:40.770+0000] {logging_mixin.py:190} INFO - [2024-10-25T07:21:40.770+0000] {dag.py:4180} INFO - Setting next_dagrun for schema_dag to 2024-10-25 00:00:00+00:00, run_after=2024-10-26 00:00:00+00:00
[2024-10-25T07:21:40.795+0000] {processor.py:208} INFO - Processing /opt/airflow/dags/schema_dag.py took 0.122 seconds
[2024-10-25T07:22:11.510+0000] {processor.py:186} INFO - Started process (PID=1084) to work on /opt/airflow/dags/schema_dag.py
[2024-10-25T07:22:11.513+0000] {processor.py:914} INFO - Processing file /opt/airflow/dags/schema_dag.py for tasks to queue
[2024-10-25T07:22:11.520+0000] {logging_mixin.py:190} INFO - [2024-10-25T07:22:11.519+0000] {dagbag.py:588} INFO - Filling up the DagBag from /opt/airflow/dags/schema_dag.py
[2024-10-25T07:22:11.581+0000] {processor.py:925} INFO - DAG(s) 'schema_dag' retrieved from /opt/airflow/dags/schema_dag.py
[2024-10-25T07:22:11.669+0000] {logging_mixin.py:190} INFO - [2024-10-25T07:22:11.668+0000] {dag.py:3239} INFO - Sync 1 DAGs
[2024-10-25T07:22:11.759+0000] {logging_mixin.py:190} INFO - [2024-10-25T07:22:11.759+0000] {dag.py:4180} INFO - Setting next_dagrun for schema_dag to 2024-10-25 00:00:00+00:00, run_after=2024-10-26 00:00:00+00:00
[2024-10-25T07:22:11.810+0000] {processor.py:208} INFO - Processing /opt/airflow/dags/schema_dag.py took 0.311 seconds
[2024-10-25T07:22:42.341+0000] {processor.py:186} INFO - Started process (PID=1153) to work on /opt/airflow/dags/schema_dag.py
[2024-10-25T07:22:42.343+0000] {processor.py:914} INFO - Processing file /opt/airflow/dags/schema_dag.py for tasks to queue
[2024-10-25T07:22:42.348+0000] {logging_mixin.py:190} INFO - [2024-10-25T07:22:42.347+0000] {dagbag.py:588} INFO - Filling up the DagBag from /opt/airflow/dags/schema_dag.py
[2024-10-25T07:22:42.399+0000] {processor.py:925} INFO - DAG(s) 'schema_dag' retrieved from /opt/airflow/dags/schema_dag.py
[2024-10-25T07:22:42.446+0000] {logging_mixin.py:190} INFO - [2024-10-25T07:22:42.446+0000] {dag.py:3239} INFO - Sync 1 DAGs
[2024-10-25T07:22:42.482+0000] {logging_mixin.py:190} INFO - [2024-10-25T07:22:42.482+0000] {dag.py:4180} INFO - Setting next_dagrun for schema_dag to 2024-10-25 00:00:00+00:00, run_after=2024-10-26 00:00:00+00:00
[2024-10-25T07:22:42.510+0000] {processor.py:208} INFO - Processing /opt/airflow/dags/schema_dag.py took 0.175 seconds
[2024-10-25T07:23:12.923+0000] {processor.py:186} INFO - Started process (PID=1222) to work on /opt/airflow/dags/schema_dag.py
[2024-10-25T07:23:12.925+0000] {processor.py:914} INFO - Processing file /opt/airflow/dags/schema_dag.py for tasks to queue
[2024-10-25T07:23:12.929+0000] {logging_mixin.py:190} INFO - [2024-10-25T07:23:12.928+0000] {dagbag.py:588} INFO - Filling up the DagBag from /opt/airflow/dags/schema_dag.py
[2024-10-25T07:23:12.962+0000] {processor.py:925} INFO - DAG(s) 'schema_dag' retrieved from /opt/airflow/dags/schema_dag.py
[2024-10-25T07:23:12.993+0000] {logging_mixin.py:190} INFO - [2024-10-25T07:23:12.993+0000] {dag.py:3239} INFO - Sync 1 DAGs
[2024-10-25T07:23:13.026+0000] {logging_mixin.py:190} INFO - [2024-10-25T07:23:13.026+0000] {dag.py:4180} INFO - Setting next_dagrun for schema_dag to 2024-10-25 00:00:00+00:00, run_after=2024-10-26 00:00:00+00:00
[2024-10-25T07:23:13.063+0000] {processor.py:208} INFO - Processing /opt/airflow/dags/schema_dag.py took 0.148 seconds
[2024-10-25T07:23:43.893+0000] {processor.py:186} INFO - Started process (PID=1291) to work on /opt/airflow/dags/schema_dag.py
[2024-10-25T07:23:43.894+0000] {processor.py:914} INFO - Processing file /opt/airflow/dags/schema_dag.py for tasks to queue
[2024-10-25T07:23:43.897+0000] {logging_mixin.py:190} INFO - [2024-10-25T07:23:43.897+0000] {dagbag.py:588} INFO - Filling up the DagBag from /opt/airflow/dags/schema_dag.py
[2024-10-25T07:23:43.926+0000] {processor.py:925} INFO - DAG(s) 'schema_dag' retrieved from /opt/airflow/dags/schema_dag.py
[2024-10-25T07:23:43.952+0000] {logging_mixin.py:190} INFO - [2024-10-25T07:23:43.951+0000] {dag.py:3239} INFO - Sync 1 DAGs
[2024-10-25T07:23:43.981+0000] {logging_mixin.py:190} INFO - [2024-10-25T07:23:43.980+0000] {dag.py:4180} INFO - Setting next_dagrun for schema_dag to 2024-10-25 00:00:00+00:00, run_after=2024-10-26 00:00:00+00:00
[2024-10-25T07:23:44.022+0000] {processor.py:208} INFO - Processing /opt/airflow/dags/schema_dag.py took 0.134 seconds
[2024-10-25T07:24:14.659+0000] {processor.py:186} INFO - Started process (PID=1360) to work on /opt/airflow/dags/schema_dag.py
[2024-10-25T07:24:14.660+0000] {processor.py:914} INFO - Processing file /opt/airflow/dags/schema_dag.py for tasks to queue
[2024-10-25T07:24:14.663+0000] {logging_mixin.py:190} INFO - [2024-10-25T07:24:14.663+0000] {dagbag.py:588} INFO - Filling up the DagBag from /opt/airflow/dags/schema_dag.py
[2024-10-25T07:24:14.696+0000] {processor.py:925} INFO - DAG(s) 'schema_dag' retrieved from /opt/airflow/dags/schema_dag.py
[2024-10-25T07:24:14.724+0000] {logging_mixin.py:190} INFO - [2024-10-25T07:24:14.724+0000] {dag.py:3239} INFO - Sync 1 DAGs
[2024-10-25T07:24:14.753+0000] {logging_mixin.py:190} INFO - [2024-10-25T07:24:14.753+0000] {dag.py:4180} INFO - Setting next_dagrun for schema_dag to 2024-10-25 00:00:00+00:00, run_after=2024-10-26 00:00:00+00:00
[2024-10-25T07:24:14.785+0000] {processor.py:208} INFO - Processing /opt/airflow/dags/schema_dag.py took 0.131 seconds
[2024-10-25T07:24:45.311+0000] {processor.py:186} INFO - Started process (PID=1429) to work on /opt/airflow/dags/schema_dag.py
[2024-10-25T07:24:45.312+0000] {processor.py:914} INFO - Processing file /opt/airflow/dags/schema_dag.py for tasks to queue
[2024-10-25T07:24:45.315+0000] {logging_mixin.py:190} INFO - [2024-10-25T07:24:45.315+0000] {dagbag.py:588} INFO - Filling up the DagBag from /opt/airflow/dags/schema_dag.py
[2024-10-25T07:24:45.344+0000] {processor.py:925} INFO - DAG(s) 'schema_dag' retrieved from /opt/airflow/dags/schema_dag.py
[2024-10-25T07:24:45.365+0000] {logging_mixin.py:190} INFO - [2024-10-25T07:24:45.365+0000] {dag.py:3239} INFO - Sync 1 DAGs
[2024-10-25T07:24:45.388+0000] {logging_mixin.py:190} INFO - [2024-10-25T07:24:45.387+0000] {dag.py:4180} INFO - Setting next_dagrun for schema_dag to 2024-10-25 00:00:00+00:00, run_after=2024-10-26 00:00:00+00:00
[2024-10-25T07:24:45.492+0000] {processor.py:208} INFO - Processing /opt/airflow/dags/schema_dag.py took 0.186 seconds
[2024-10-25T07:25:16.218+0000] {processor.py:186} INFO - Started process (PID=1498) to work on /opt/airflow/dags/schema_dag.py
[2024-10-25T07:25:16.220+0000] {processor.py:914} INFO - Processing file /opt/airflow/dags/schema_dag.py for tasks to queue
[2024-10-25T07:25:16.222+0000] {logging_mixin.py:190} INFO - [2024-10-25T07:25:16.222+0000] {dagbag.py:588} INFO - Filling up the DagBag from /opt/airflow/dags/schema_dag.py
[2024-10-25T07:25:16.250+0000] {processor.py:925} INFO - DAG(s) 'schema_dag' retrieved from /opt/airflow/dags/schema_dag.py
[2024-10-25T07:25:16.270+0000] {logging_mixin.py:190} INFO - [2024-10-25T07:25:16.270+0000] {dag.py:3239} INFO - Sync 1 DAGs
[2024-10-25T07:25:16.291+0000] {logging_mixin.py:190} INFO - [2024-10-25T07:25:16.290+0000] {dag.py:4180} INFO - Setting next_dagrun for schema_dag to 2024-10-25 00:00:00+00:00, run_after=2024-10-26 00:00:00+00:00
[2024-10-25T07:25:16.363+0000] {processor.py:208} INFO - Processing /opt/airflow/dags/schema_dag.py took 0.149 seconds
[2024-10-25T07:25:46.617+0000] {processor.py:186} INFO - Started process (PID=1567) to work on /opt/airflow/dags/schema_dag.py
[2024-10-25T07:25:46.619+0000] {processor.py:914} INFO - Processing file /opt/airflow/dags/schema_dag.py for tasks to queue
[2024-10-25T07:25:46.622+0000] {logging_mixin.py:190} INFO - [2024-10-25T07:25:46.621+0000] {dagbag.py:588} INFO - Filling up the DagBag from /opt/airflow/dags/schema_dag.py
[2024-10-25T07:25:46.678+0000] {processor.py:925} INFO - DAG(s) 'schema_dag' retrieved from /opt/airflow/dags/schema_dag.py
[2024-10-25T07:25:46.702+0000] {logging_mixin.py:190} INFO - [2024-10-25T07:25:46.702+0000] {dag.py:3239} INFO - Sync 1 DAGs
[2024-10-25T07:25:46.721+0000] {logging_mixin.py:190} INFO - [2024-10-25T07:25:46.721+0000] {dag.py:4180} INFO - Setting next_dagrun for schema_dag to 2024-10-25 00:00:00+00:00, run_after=2024-10-26 00:00:00+00:00
[2024-10-25T07:25:46.744+0000] {processor.py:208} INFO - Processing /opt/airflow/dags/schema_dag.py took 0.131 seconds
[2024-10-25T07:26:17.285+0000] {processor.py:186} INFO - Started process (PID=1636) to work on /opt/airflow/dags/schema_dag.py
[2024-10-25T07:26:17.287+0000] {processor.py:914} INFO - Processing file /opt/airflow/dags/schema_dag.py for tasks to queue
[2024-10-25T07:26:17.292+0000] {logging_mixin.py:190} INFO - [2024-10-25T07:26:17.292+0000] {dagbag.py:588} INFO - Filling up the DagBag from /opt/airflow/dags/schema_dag.py
[2024-10-25T07:26:17.322+0000] {processor.py:925} INFO - DAG(s) 'schema_dag' retrieved from /opt/airflow/dags/schema_dag.py
[2024-10-25T07:26:17.367+0000] {logging_mixin.py:190} INFO - [2024-10-25T07:26:17.367+0000] {dag.py:3239} INFO - Sync 1 DAGs
[2024-10-25T07:26:17.421+0000] {logging_mixin.py:190} INFO - [2024-10-25T07:26:17.420+0000] {dag.py:4180} INFO - Setting next_dagrun for schema_dag to 2024-10-25 00:00:00+00:00, run_after=2024-10-26 00:00:00+00:00
[2024-10-25T07:26:17.456+0000] {processor.py:208} INFO - Processing /opt/airflow/dags/schema_dag.py took 0.179 seconds
[2024-10-25T07:26:47.606+0000] {processor.py:186} INFO - Started process (PID=1706) to work on /opt/airflow/dags/schema_dag.py
[2024-10-25T07:26:47.608+0000] {processor.py:914} INFO - Processing file /opt/airflow/dags/schema_dag.py for tasks to queue
[2024-10-25T07:26:47.611+0000] {logging_mixin.py:190} INFO - [2024-10-25T07:26:47.611+0000] {dagbag.py:588} INFO - Filling up the DagBag from /opt/airflow/dags/schema_dag.py
[2024-10-25T07:26:47.660+0000] {processor.py:925} INFO - DAG(s) 'schema_dag' retrieved from /opt/airflow/dags/schema_dag.py
[2024-10-25T07:26:47.697+0000] {logging_mixin.py:190} INFO - [2024-10-25T07:26:47.697+0000] {dag.py:3239} INFO - Sync 1 DAGs
[2024-10-25T07:26:47.730+0000] {logging_mixin.py:190} INFO - [2024-10-25T07:26:47.729+0000] {dag.py:4180} INFO - Setting next_dagrun for schema_dag to 2024-10-25 00:00:00+00:00, run_after=2024-10-26 00:00:00+00:00
[2024-10-25T07:26:47.768+0000] {processor.py:208} INFO - Processing /opt/airflow/dags/schema_dag.py took 0.168 seconds
[2024-10-25T07:27:18.396+0000] {processor.py:186} INFO - Started process (PID=1775) to work on /opt/airflow/dags/schema_dag.py
[2024-10-25T07:27:18.398+0000] {processor.py:914} INFO - Processing file /opt/airflow/dags/schema_dag.py for tasks to queue
[2024-10-25T07:27:18.401+0000] {logging_mixin.py:190} INFO - [2024-10-25T07:27:18.401+0000] {dagbag.py:588} INFO - Filling up the DagBag from /opt/airflow/dags/schema_dag.py
[2024-10-25T07:27:18.434+0000] {processor.py:925} INFO - DAG(s) 'schema_dag' retrieved from /opt/airflow/dags/schema_dag.py
[2024-10-25T07:27:18.470+0000] {logging_mixin.py:190} INFO - [2024-10-25T07:27:18.470+0000] {dag.py:3239} INFO - Sync 1 DAGs
[2024-10-25T07:27:18.501+0000] {logging_mixin.py:190} INFO - [2024-10-25T07:27:18.501+0000] {dag.py:4180} INFO - Setting next_dagrun for schema_dag to 2024-10-25 00:00:00+00:00, run_after=2024-10-26 00:00:00+00:00
[2024-10-25T07:27:18.535+0000] {processor.py:208} INFO - Processing /opt/airflow/dags/schema_dag.py took 0.146 seconds
[2024-10-25T07:27:49.195+0000] {processor.py:186} INFO - Started process (PID=1843) to work on /opt/airflow/dags/schema_dag.py
[2024-10-25T07:27:49.197+0000] {processor.py:914} INFO - Processing file /opt/airflow/dags/schema_dag.py for tasks to queue
[2024-10-25T07:27:49.202+0000] {logging_mixin.py:190} INFO - [2024-10-25T07:27:49.201+0000] {dagbag.py:588} INFO - Filling up the DagBag from /opt/airflow/dags/schema_dag.py
[2024-10-25T07:27:49.231+0000] {processor.py:925} INFO - DAG(s) 'schema_dag' retrieved from /opt/airflow/dags/schema_dag.py
[2024-10-25T07:27:49.264+0000] {logging_mixin.py:190} INFO - [2024-10-25T07:27:49.263+0000] {dag.py:3239} INFO - Sync 1 DAGs
[2024-10-25T07:27:49.295+0000] {logging_mixin.py:190} INFO - [2024-10-25T07:27:49.295+0000] {dag.py:4180} INFO - Setting next_dagrun for schema_dag to 2024-10-25 00:00:00+00:00, run_after=2024-10-26 00:00:00+00:00
[2024-10-25T07:27:49.366+0000] {processor.py:208} INFO - Processing /opt/airflow/dags/schema_dag.py took 0.179 seconds
[2024-10-25T07:28:19.471+0000] {processor.py:186} INFO - Started process (PID=1912) to work on /opt/airflow/dags/schema_dag.py
[2024-10-25T07:28:19.473+0000] {processor.py:914} INFO - Processing file /opt/airflow/dags/schema_dag.py for tasks to queue
[2024-10-25T07:28:19.476+0000] {logging_mixin.py:190} INFO - [2024-10-25T07:28:19.476+0000] {dagbag.py:588} INFO - Filling up the DagBag from /opt/airflow/dags/schema_dag.py
[2024-10-25T07:28:19.513+0000] {processor.py:925} INFO - DAG(s) 'schema_dag' retrieved from /opt/airflow/dags/schema_dag.py
[2024-10-25T07:28:19.537+0000] {logging_mixin.py:190} INFO - [2024-10-25T07:28:19.537+0000] {dag.py:3239} INFO - Sync 1 DAGs
[2024-10-25T07:28:19.562+0000] {logging_mixin.py:190} INFO - [2024-10-25T07:28:19.562+0000] {dag.py:4180} INFO - Setting next_dagrun for schema_dag to 2024-10-25 00:00:00+00:00, run_after=2024-10-26 00:00:00+00:00
[2024-10-25T07:28:19.599+0000] {processor.py:208} INFO - Processing /opt/airflow/dags/schema_dag.py took 0.133 seconds
[2024-10-25T07:28:49.787+0000] {processor.py:186} INFO - Started process (PID=1981) to work on /opt/airflow/dags/schema_dag.py
[2024-10-25T07:28:49.789+0000] {processor.py:914} INFO - Processing file /opt/airflow/dags/schema_dag.py for tasks to queue
[2024-10-25T07:28:49.792+0000] {logging_mixin.py:190} INFO - [2024-10-25T07:28:49.792+0000] {dagbag.py:588} INFO - Filling up the DagBag from /opt/airflow/dags/schema_dag.py
[2024-10-25T07:28:49.833+0000] {processor.py:925} INFO - DAG(s) 'schema_dag' retrieved from /opt/airflow/dags/schema_dag.py
[2024-10-25T07:28:49.857+0000] {logging_mixin.py:190} INFO - [2024-10-25T07:28:49.856+0000] {dag.py:3239} INFO - Sync 1 DAGs
[2024-10-25T07:28:49.880+0000] {logging_mixin.py:190} INFO - [2024-10-25T07:28:49.879+0000] {dag.py:4180} INFO - Setting next_dagrun for schema_dag to 2024-10-25 00:00:00+00:00, run_after=2024-10-26 00:00:00+00:00
[2024-10-25T07:28:49.938+0000] {processor.py:208} INFO - Processing /opt/airflow/dags/schema_dag.py took 0.157 seconds
[2024-10-25T07:29:20.049+0000] {processor.py:186} INFO - Started process (PID=2050) to work on /opt/airflow/dags/schema_dag.py
[2024-10-25T07:29:20.050+0000] {processor.py:914} INFO - Processing file /opt/airflow/dags/schema_dag.py for tasks to queue
[2024-10-25T07:29:20.052+0000] {logging_mixin.py:190} INFO - [2024-10-25T07:29:20.052+0000] {dagbag.py:588} INFO - Filling up the DagBag from /opt/airflow/dags/schema_dag.py
[2024-10-25T07:29:20.083+0000] {processor.py:925} INFO - DAG(s) 'schema_dag' retrieved from /opt/airflow/dags/schema_dag.py
[2024-10-25T07:29:20.104+0000] {logging_mixin.py:190} INFO - [2024-10-25T07:29:20.104+0000] {dag.py:3239} INFO - Sync 1 DAGs
[2024-10-25T07:29:20.124+0000] {logging_mixin.py:190} INFO - [2024-10-25T07:29:20.124+0000] {dag.py:4180} INFO - Setting next_dagrun for schema_dag to 2024-10-25 00:00:00+00:00, run_after=2024-10-26 00:00:00+00:00
[2024-10-25T07:29:20.148+0000] {processor.py:208} INFO - Processing /opt/airflow/dags/schema_dag.py took 0.104 seconds
[2024-10-25T07:29:50.519+0000] {processor.py:186} INFO - Started process (PID=2119) to work on /opt/airflow/dags/schema_dag.py
[2024-10-25T07:29:50.520+0000] {processor.py:914} INFO - Processing file /opt/airflow/dags/schema_dag.py for tasks to queue
[2024-10-25T07:29:50.523+0000] {logging_mixin.py:190} INFO - [2024-10-25T07:29:50.523+0000] {dagbag.py:588} INFO - Filling up the DagBag from /opt/airflow/dags/schema_dag.py
[2024-10-25T07:29:50.551+0000] {processor.py:925} INFO - DAG(s) 'schema_dag' retrieved from /opt/airflow/dags/schema_dag.py
[2024-10-25T07:29:50.569+0000] {logging_mixin.py:190} INFO - [2024-10-25T07:29:50.569+0000] {dag.py:3239} INFO - Sync 1 DAGs
[2024-10-25T07:29:50.588+0000] {logging_mixin.py:190} INFO - [2024-10-25T07:29:50.588+0000] {dag.py:4180} INFO - Setting next_dagrun for schema_dag to 2024-10-25 00:00:00+00:00, run_after=2024-10-26 00:00:00+00:00
[2024-10-25T07:29:50.620+0000] {processor.py:208} INFO - Processing /opt/airflow/dags/schema_dag.py took 0.106 seconds
[2024-10-25T07:30:20.837+0000] {processor.py:186} INFO - Started process (PID=2187) to work on /opt/airflow/dags/schema_dag.py
[2024-10-25T07:30:20.838+0000] {processor.py:914} INFO - Processing file /opt/airflow/dags/schema_dag.py for tasks to queue
[2024-10-25T07:30:20.841+0000] {logging_mixin.py:190} INFO - [2024-10-25T07:30:20.841+0000] {dagbag.py:588} INFO - Filling up the DagBag from /opt/airflow/dags/schema_dag.py
[2024-10-25T07:30:20.885+0000] {processor.py:925} INFO - DAG(s) 'schema_dag' retrieved from /opt/airflow/dags/schema_dag.py
[2024-10-25T07:30:20.904+0000] {logging_mixin.py:190} INFO - [2024-10-25T07:30:20.904+0000] {dag.py:3239} INFO - Sync 1 DAGs
[2024-10-25T07:30:20.922+0000] {logging_mixin.py:190} INFO - [2024-10-25T07:30:20.922+0000] {dag.py:4180} INFO - Setting next_dagrun for schema_dag to 2024-10-25 00:00:00+00:00, run_after=2024-10-26 00:00:00+00:00
[2024-10-25T07:30:20.970+0000] {processor.py:208} INFO - Processing /opt/airflow/dags/schema_dag.py took 0.139 seconds
[2024-10-25T07:30:51.555+0000] {processor.py:186} INFO - Started process (PID=2255) to work on /opt/airflow/dags/schema_dag.py
[2024-10-25T07:30:51.557+0000] {processor.py:914} INFO - Processing file /opt/airflow/dags/schema_dag.py for tasks to queue
[2024-10-25T07:30:51.561+0000] {logging_mixin.py:190} INFO - [2024-10-25T07:30:51.560+0000] {dagbag.py:588} INFO - Filling up the DagBag from /opt/airflow/dags/schema_dag.py
[2024-10-25T07:30:51.585+0000] {processor.py:925} INFO - DAG(s) 'schema_dag' retrieved from /opt/airflow/dags/schema_dag.py
[2024-10-25T07:30:51.605+0000] {logging_mixin.py:190} INFO - [2024-10-25T07:30:51.604+0000] {dag.py:3239} INFO - Sync 1 DAGs
[2024-10-25T07:30:51.626+0000] {logging_mixin.py:190} INFO - [2024-10-25T07:30:51.625+0000] {dag.py:4180} INFO - Setting next_dagrun for schema_dag to 2024-10-25 00:00:00+00:00, run_after=2024-10-26 00:00:00+00:00
[2024-10-25T07:30:51.654+0000] {processor.py:208} INFO - Processing /opt/airflow/dags/schema_dag.py took 0.103 seconds
[2024-10-25T07:31:21.991+0000] {processor.py:186} INFO - Started process (PID=2324) to work on /opt/airflow/dags/schema_dag.py
[2024-10-25T07:31:21.993+0000] {processor.py:914} INFO - Processing file /opt/airflow/dags/schema_dag.py for tasks to queue
[2024-10-25T07:31:21.996+0000] {logging_mixin.py:190} INFO - [2024-10-25T07:31:21.995+0000] {dagbag.py:588} INFO - Filling up the DagBag from /opt/airflow/dags/schema_dag.py
[2024-10-25T07:31:22.025+0000] {processor.py:925} INFO - DAG(s) 'schema_dag' retrieved from /opt/airflow/dags/schema_dag.py
[2024-10-25T07:31:22.057+0000] {logging_mixin.py:190} INFO - [2024-10-25T07:31:22.057+0000] {dag.py:3239} INFO - Sync 1 DAGs
[2024-10-25T07:31:22.097+0000] {logging_mixin.py:190} INFO - [2024-10-25T07:31:22.097+0000] {dag.py:4180} INFO - Setting next_dagrun for schema_dag to 2024-10-25 00:00:00+00:00, run_after=2024-10-26 00:00:00+00:00
[2024-10-25T07:31:22.369+0000] {processor.py:208} INFO - Processing /opt/airflow/dags/schema_dag.py took 0.386 seconds
[2024-10-25T07:31:52.928+0000] {processor.py:186} INFO - Started process (PID=2393) to work on /opt/airflow/dags/schema_dag.py
[2024-10-25T07:31:52.929+0000] {processor.py:914} INFO - Processing file /opt/airflow/dags/schema_dag.py for tasks to queue
[2024-10-25T07:31:52.932+0000] {logging_mixin.py:190} INFO - [2024-10-25T07:31:52.932+0000] {dagbag.py:588} INFO - Filling up the DagBag from /opt/airflow/dags/schema_dag.py
[2024-10-25T07:31:52.987+0000] {processor.py:925} INFO - DAG(s) 'schema_dag' retrieved from /opt/airflow/dags/schema_dag.py
[2024-10-25T07:31:53.019+0000] {logging_mixin.py:190} INFO - [2024-10-25T07:31:53.019+0000] {dag.py:3239} INFO - Sync 1 DAGs
[2024-10-25T07:31:53.045+0000] {logging_mixin.py:190} INFO - [2024-10-25T07:31:53.045+0000] {dag.py:4180} INFO - Setting next_dagrun for schema_dag to 2024-10-25 00:00:00+00:00, run_after=2024-10-26 00:00:00+00:00
[2024-10-25T07:31:53.070+0000] {processor.py:208} INFO - Processing /opt/airflow/dags/schema_dag.py took 0.148 seconds
[2024-10-25T07:32:44.609+0000] {processor.py:186} INFO - Started process (PID=2419) to work on /opt/airflow/dags/schema_dag.py
[2024-10-25T07:32:44.613+0000] {processor.py:914} INFO - Processing file /opt/airflow/dags/schema_dag.py for tasks to queue
[2024-10-25T07:32:44.628+0000] {logging_mixin.py:190} INFO - [2024-10-25T07:32:44.626+0000] {dagbag.py:588} INFO - Filling up the DagBag from /opt/airflow/dags/schema_dag.py
[2024-10-25T07:32:44.686+0000] {processor.py:925} INFO - DAG(s) 'schema_dag' retrieved from /opt/airflow/dags/schema_dag.py
[2024-10-25T07:32:44.760+0000] {logging_mixin.py:190} INFO - [2024-10-25T07:32:44.759+0000] {dag.py:3239} INFO - Sync 1 DAGs
[2024-10-25T07:32:44.878+0000] {logging_mixin.py:190} INFO - [2024-10-25T07:32:44.877+0000] {dag.py:4180} INFO - Setting next_dagrun for schema_dag to 2024-10-25 00:00:00+00:00, run_after=2024-10-26 00:00:00+00:00
[2024-10-25T07:32:44.958+0000] {processor.py:208} INFO - Processing /opt/airflow/dags/schema_dag.py took 0.367 seconds
[2024-10-25T07:33:15.353+0000] {processor.py:186} INFO - Started process (PID=2488) to work on /opt/airflow/dags/schema_dag.py
[2024-10-25T07:33:15.354+0000] {processor.py:914} INFO - Processing file /opt/airflow/dags/schema_dag.py for tasks to queue
[2024-10-25T07:33:15.356+0000] {logging_mixin.py:190} INFO - [2024-10-25T07:33:15.356+0000] {dagbag.py:588} INFO - Filling up the DagBag from /opt/airflow/dags/schema_dag.py
[2024-10-25T07:33:15.394+0000] {processor.py:925} INFO - DAG(s) 'schema_dag' retrieved from /opt/airflow/dags/schema_dag.py
[2024-10-25T07:33:15.418+0000] {logging_mixin.py:190} INFO - [2024-10-25T07:33:15.417+0000] {dag.py:3239} INFO - Sync 1 DAGs
[2024-10-25T07:33:15.636+0000] {logging_mixin.py:190} INFO - [2024-10-25T07:33:15.636+0000] {dag.py:4180} INFO - Setting next_dagrun for schema_dag to 2024-10-25 00:00:00+00:00, run_after=2024-10-26 00:00:00+00:00
[2024-10-25T07:33:15.665+0000] {processor.py:208} INFO - Processing /opt/airflow/dags/schema_dag.py took 0.317 seconds
[2024-10-25T07:33:45.901+0000] {processor.py:186} INFO - Started process (PID=2557) to work on /opt/airflow/dags/schema_dag.py
[2024-10-25T07:33:45.902+0000] {processor.py:914} INFO - Processing file /opt/airflow/dags/schema_dag.py for tasks to queue
[2024-10-25T07:33:45.904+0000] {logging_mixin.py:190} INFO - [2024-10-25T07:33:45.904+0000] {dagbag.py:588} INFO - Filling up the DagBag from /opt/airflow/dags/schema_dag.py
[2024-10-25T07:33:45.940+0000] {processor.py:925} INFO - DAG(s) 'schema_dag' retrieved from /opt/airflow/dags/schema_dag.py
[2024-10-25T07:33:45.968+0000] {logging_mixin.py:190} INFO - [2024-10-25T07:33:45.967+0000] {dag.py:3239} INFO - Sync 1 DAGs
[2024-10-25T07:33:45.991+0000] {logging_mixin.py:190} INFO - [2024-10-25T07:33:45.991+0000] {dag.py:4180} INFO - Setting next_dagrun for schema_dag to 2024-10-25 00:00:00+00:00, run_after=2024-10-26 00:00:00+00:00
[2024-10-25T07:33:46.205+0000] {processor.py:208} INFO - Processing /opt/airflow/dags/schema_dag.py took 0.310 seconds
[2024-10-25T07:34:16.408+0000] {processor.py:186} INFO - Started process (PID=2626) to work on /opt/airflow/dags/schema_dag.py
[2024-10-25T07:34:16.410+0000] {processor.py:914} INFO - Processing file /opt/airflow/dags/schema_dag.py for tasks to queue
[2024-10-25T07:34:16.411+0000] {logging_mixin.py:190} INFO - [2024-10-25T07:34:16.411+0000] {dagbag.py:588} INFO - Filling up the DagBag from /opt/airflow/dags/schema_dag.py
[2024-10-25T07:34:16.438+0000] {processor.py:925} INFO - DAG(s) 'schema_dag' retrieved from /opt/airflow/dags/schema_dag.py
[2024-10-25T07:34:16.460+0000] {logging_mixin.py:190} INFO - [2024-10-25T07:34:16.460+0000] {dag.py:3239} INFO - Sync 1 DAGs
[2024-10-25T07:34:16.480+0000] {logging_mixin.py:190} INFO - [2024-10-25T07:34:16.480+0000] {dag.py:4180} INFO - Setting next_dagrun for schema_dag to 2024-10-25 00:00:00+00:00, run_after=2024-10-26 00:00:00+00:00
[2024-10-25T07:34:16.677+0000] {processor.py:208} INFO - Processing /opt/airflow/dags/schema_dag.py took 0.273 seconds
[2024-10-25T07:34:47.517+0000] {processor.py:186} INFO - Started process (PID=2695) to work on /opt/airflow/dags/schema_dag.py
[2024-10-25T07:34:47.519+0000] {processor.py:914} INFO - Processing file /opt/airflow/dags/schema_dag.py for tasks to queue
[2024-10-25T07:34:47.521+0000] {logging_mixin.py:190} INFO - [2024-10-25T07:34:47.520+0000] {dagbag.py:588} INFO - Filling up the DagBag from /opt/airflow/dags/schema_dag.py
[2024-10-25T07:34:47.551+0000] {processor.py:925} INFO - DAG(s) 'schema_dag' retrieved from /opt/airflow/dags/schema_dag.py
[2024-10-25T07:34:47.579+0000] {logging_mixin.py:190} INFO - [2024-10-25T07:34:47.578+0000] {dag.py:3239} INFO - Sync 1 DAGs
[2024-10-25T07:34:47.602+0000] {logging_mixin.py:190} INFO - [2024-10-25T07:34:47.601+0000] {dag.py:4180} INFO - Setting next_dagrun for schema_dag to 2024-10-25 00:00:00+00:00, run_after=2024-10-26 00:00:00+00:00
[2024-10-25T07:34:47.623+0000] {processor.py:208} INFO - Processing /opt/airflow/dags/schema_dag.py took 0.112 seconds
[2024-10-25T07:35:18.694+0000] {processor.py:186} INFO - Started process (PID=2764) to work on /opt/airflow/dags/schema_dag.py
[2024-10-25T07:35:18.696+0000] {processor.py:914} INFO - Processing file /opt/airflow/dags/schema_dag.py for tasks to queue
[2024-10-25T07:35:18.698+0000] {logging_mixin.py:190} INFO - [2024-10-25T07:35:18.698+0000] {dagbag.py:588} INFO - Filling up the DagBag from /opt/airflow/dags/schema_dag.py
[2024-10-25T07:35:18.739+0000] {processor.py:925} INFO - DAG(s) 'schema_dag' retrieved from /opt/airflow/dags/schema_dag.py
[2024-10-25T07:35:18.761+0000] {logging_mixin.py:190} INFO - [2024-10-25T07:35:18.761+0000] {dag.py:3239} INFO - Sync 1 DAGs
[2024-10-25T07:35:18.784+0000] {logging_mixin.py:190} INFO - [2024-10-25T07:35:18.783+0000] {dag.py:4180} INFO - Setting next_dagrun for schema_dag to 2024-10-25 00:00:00+00:00, run_after=2024-10-26 00:00:00+00:00
[2024-10-25T07:35:18.808+0000] {processor.py:208} INFO - Processing /opt/airflow/dags/schema_dag.py took 0.121 seconds
[2024-10-25T07:37:23.166+0000] {processor.py:186} INFO - Started process (PID=2838) to work on /opt/airflow/dags/schema_dag.py
[2024-10-25T07:37:23.169+0000] {processor.py:914} INFO - Processing file /opt/airflow/dags/schema_dag.py for tasks to queue
[2024-10-25T07:37:23.177+0000] {logging_mixin.py:190} INFO - [2024-10-25T07:37:23.176+0000] {dagbag.py:588} INFO - Filling up the DagBag from /opt/airflow/dags/schema_dag.py
[2024-10-25T07:37:23.250+0000] {processor.py:925} INFO - DAG(s) 'schema_dag' retrieved from /opt/airflow/dags/schema_dag.py
[2024-10-25T07:37:23.343+0000] {logging_mixin.py:190} INFO - [2024-10-25T07:37:23.342+0000] {dag.py:3239} INFO - Sync 1 DAGs
[2024-10-25T07:37:23.432+0000] {logging_mixin.py:190} INFO - [2024-10-25T07:37:23.431+0000] {dag.py:4180} INFO - Setting next_dagrun for schema_dag to 2024-10-25 00:00:00+00:00, run_after=2024-10-26 00:00:00+00:00
[2024-10-25T07:37:23.544+0000] {processor.py:208} INFO - Processing /opt/airflow/dags/schema_dag.py took 0.406 seconds
[2024-10-25T07:37:52.443+0000] {processor.py:186} INFO - Started process (PID=55) to work on /opt/airflow/dags/schema_dag.py
[2024-10-25T07:37:52.445+0000] {processor.py:914} INFO - Processing file /opt/airflow/dags/schema_dag.py for tasks to queue
[2024-10-25T07:37:52.448+0000] {logging_mixin.py:190} INFO - [2024-10-25T07:37:52.447+0000] {dagbag.py:588} INFO - Filling up the DagBag from /opt/airflow/dags/schema_dag.py
[2024-10-25T07:37:52.492+0000] {processor.py:925} INFO - DAG(s) 'schema_dag' retrieved from /opt/airflow/dags/schema_dag.py
[2024-10-25T07:37:52.523+0000] {logging_mixin.py:190} INFO - [2024-10-25T07:37:52.522+0000] {dag.py:3239} INFO - Sync 1 DAGs
[2024-10-25T07:37:52.564+0000] {logging_mixin.py:190} INFO - [2024-10-25T07:37:52.564+0000] {dag.py:4180} INFO - Setting next_dagrun for schema_dag to 2024-10-25 00:00:00+00:00, run_after=2024-10-26 00:00:00+00:00
[2024-10-25T07:37:52.593+0000] {processor.py:208} INFO - Processing /opt/airflow/dags/schema_dag.py took 0.155 seconds
[2024-10-25T07:38:22.891+0000] {processor.py:186} INFO - Started process (PID=125) to work on /opt/airflow/dags/schema_dag.py
[2024-10-25T07:38:22.893+0000] {processor.py:914} INFO - Processing file /opt/airflow/dags/schema_dag.py for tasks to queue
[2024-10-25T07:38:22.896+0000] {logging_mixin.py:190} INFO - [2024-10-25T07:38:22.895+0000] {dagbag.py:588} INFO - Filling up the DagBag from /opt/airflow/dags/schema_dag.py
[2024-10-25T07:38:22.930+0000] {processor.py:925} INFO - DAG(s) 'schema_dag' retrieved from /opt/airflow/dags/schema_dag.py
[2024-10-25T07:38:22.961+0000] {logging_mixin.py:190} INFO - [2024-10-25T07:38:22.961+0000] {dag.py:3239} INFO - Sync 1 DAGs
[2024-10-25T07:38:22.990+0000] {logging_mixin.py:190} INFO - [2024-10-25T07:38:22.990+0000] {dag.py:4180} INFO - Setting next_dagrun for schema_dag to 2024-10-25 00:00:00+00:00, run_after=2024-10-26 00:00:00+00:00
[2024-10-25T07:38:23.019+0000] {processor.py:208} INFO - Processing /opt/airflow/dags/schema_dag.py took 0.134 seconds
