[2024-10-25T07:14:45.432+0000] {processor.py:186} INFO - Started process (PID=98) to work on /opt/airflow/dags/table_dag.py
[2024-10-25T07:14:45.435+0000] {processor.py:914} INFO - Processing file /opt/airflow/dags/table_dag.py for tasks to queue
[2024-10-25T07:14:45.509+0000] {logging_mixin.py:190} INFO - [2024-10-25T07:14:45.496+0000] {dagbag.py:588} INFO - Filling up the DagBag from /opt/airflow/dags/table_dag.py
[2024-10-25T07:14:46.368+0000] {processor.py:925} INFO - DAG(s) 'table_dag' retrieved from /opt/airflow/dags/table_dag.py
[2024-10-25T07:14:48.669+0000] {logging_mixin.py:190} INFO - [2024-10-25T07:14:48.668+0000] {dag.py:3239} INFO - Sync 1 DAGs
[2024-10-25T07:14:49.307+0000] {logging_mixin.py:190} INFO - [2024-10-25T07:14:49.306+0000] {dag.py:4180} INFO - Setting next_dagrun for table_dag to 2024-10-23 00:00:00+00:00, run_after=2024-10-24 00:00:00+00:00
[2024-10-25T07:14:49.616+0000] {processor.py:208} INFO - Processing /opt/airflow/dags/table_dag.py took 4.323 seconds
[2024-10-25T07:16:03.329+0000] {processor.py:186} INFO - Started process (PID=256) to work on /opt/airflow/dags/table_dag.py
[2024-10-25T07:16:03.347+0000] {processor.py:914} INFO - Processing file /opt/airflow/dags/table_dag.py for tasks to queue
[2024-10-25T07:16:03.358+0000] {logging_mixin.py:190} INFO - [2024-10-25T07:16:03.357+0000] {dagbag.py:588} INFO - Filling up the DagBag from /opt/airflow/dags/table_dag.py
[2024-10-25T07:16:03.470+0000] {processor.py:925} INFO - DAG(s) 'table_dag' retrieved from /opt/airflow/dags/table_dag.py
[2024-10-25T07:16:03.630+0000] {logging_mixin.py:190} INFO - [2024-10-25T07:16:03.630+0000] {dag.py:3239} INFO - Sync 1 DAGs
[2024-10-25T07:16:03.774+0000] {logging_mixin.py:190} INFO - [2024-10-25T07:16:03.772+0000] {dag.py:4180} INFO - Setting next_dagrun for table_dag to 2024-10-25 00:00:00+00:00, run_after=2024-10-26 00:00:00+00:00
[2024-10-25T07:16:03.862+0000] {processor.py:208} INFO - Processing /opt/airflow/dags/table_dag.py took 0.623 seconds
[2024-10-25T07:16:34.557+0000] {processor.py:186} INFO - Started process (PID=325) to work on /opt/airflow/dags/table_dag.py
[2024-10-25T07:16:34.561+0000] {processor.py:914} INFO - Processing file /opt/airflow/dags/table_dag.py for tasks to queue
[2024-10-25T07:16:34.570+0000] {logging_mixin.py:190} INFO - [2024-10-25T07:16:34.569+0000] {dagbag.py:588} INFO - Filling up the DagBag from /opt/airflow/dags/table_dag.py
[2024-10-25T07:16:34.618+0000] {processor.py:925} INFO - DAG(s) 'table_dag' retrieved from /opt/airflow/dags/table_dag.py
[2024-10-25T07:16:34.697+0000] {logging_mixin.py:190} INFO - [2024-10-25T07:16:34.696+0000] {dag.py:3239} INFO - Sync 1 DAGs
[2024-10-25T07:16:34.833+0000] {logging_mixin.py:190} INFO - [2024-10-25T07:16:34.832+0000] {dag.py:4180} INFO - Setting next_dagrun for table_dag to 2024-10-25 00:00:00+00:00, run_after=2024-10-26 00:00:00+00:00
[2024-10-25T07:16:34.941+0000] {processor.py:208} INFO - Processing /opt/airflow/dags/table_dag.py took 0.403 seconds
[2024-10-25T07:17:05.544+0000] {processor.py:186} INFO - Started process (PID=394) to work on /opt/airflow/dags/table_dag.py
[2024-10-25T07:17:05.547+0000] {processor.py:914} INFO - Processing file /opt/airflow/dags/table_dag.py for tasks to queue
[2024-10-25T07:17:05.551+0000] {logging_mixin.py:190} INFO - [2024-10-25T07:17:05.551+0000] {dagbag.py:588} INFO - Filling up the DagBag from /opt/airflow/dags/table_dag.py
[2024-10-25T07:17:05.588+0000] {processor.py:925} INFO - DAG(s) 'table_dag' retrieved from /opt/airflow/dags/table_dag.py
[2024-10-25T07:17:05.626+0000] {logging_mixin.py:190} INFO - [2024-10-25T07:17:05.625+0000] {dag.py:3239} INFO - Sync 1 DAGs
[2024-10-25T07:17:05.671+0000] {logging_mixin.py:190} INFO - [2024-10-25T07:17:05.671+0000] {dag.py:4180} INFO - Setting next_dagrun for table_dag to 2024-10-25 00:00:00+00:00, run_after=2024-10-26 00:00:00+00:00
[2024-10-25T07:17:05.705+0000] {processor.py:208} INFO - Processing /opt/airflow/dags/table_dag.py took 0.169 seconds
[2024-10-25T07:17:36.585+0000] {processor.py:186} INFO - Started process (PID=464) to work on /opt/airflow/dags/table_dag.py
[2024-10-25T07:17:36.586+0000] {processor.py:914} INFO - Processing file /opt/airflow/dags/table_dag.py for tasks to queue
[2024-10-25T07:17:36.590+0000] {logging_mixin.py:190} INFO - [2024-10-25T07:17:36.590+0000] {dagbag.py:588} INFO - Filling up the DagBag from /opt/airflow/dags/table_dag.py
[2024-10-25T07:17:36.624+0000] {processor.py:925} INFO - DAG(s) 'table_dag' retrieved from /opt/airflow/dags/table_dag.py
[2024-10-25T07:17:36.655+0000] {logging_mixin.py:190} INFO - [2024-10-25T07:17:36.654+0000] {dag.py:3239} INFO - Sync 1 DAGs
[2024-10-25T07:17:36.698+0000] {logging_mixin.py:190} INFO - [2024-10-25T07:17:36.697+0000] {dag.py:4180} INFO - Setting next_dagrun for table_dag to 2024-10-25 00:00:00+00:00, run_after=2024-10-26 00:00:00+00:00
[2024-10-25T07:17:36.733+0000] {processor.py:208} INFO - Processing /opt/airflow/dags/table_dag.py took 0.161 seconds
[2024-10-25T07:18:06.898+0000] {processor.py:186} INFO - Started process (PID=533) to work on /opt/airflow/dags/table_dag.py
[2024-10-25T07:18:06.900+0000] {processor.py:914} INFO - Processing file /opt/airflow/dags/table_dag.py for tasks to queue
[2024-10-25T07:18:06.904+0000] {logging_mixin.py:190} INFO - [2024-10-25T07:18:06.903+0000] {dagbag.py:588} INFO - Filling up the DagBag from /opt/airflow/dags/table_dag.py
[2024-10-25T07:18:06.933+0000] {processor.py:925} INFO - DAG(s) 'table_dag' retrieved from /opt/airflow/dags/table_dag.py
[2024-10-25T07:18:06.963+0000] {logging_mixin.py:190} INFO - [2024-10-25T07:18:06.962+0000] {dag.py:3239} INFO - Sync 1 DAGs
[2024-10-25T07:18:06.995+0000] {logging_mixin.py:190} INFO - [2024-10-25T07:18:06.994+0000] {dag.py:4180} INFO - Setting next_dagrun for table_dag to 2024-10-25 00:00:00+00:00, run_after=2024-10-26 00:00:00+00:00
[2024-10-25T07:18:07.036+0000] {processor.py:208} INFO - Processing /opt/airflow/dags/table_dag.py took 0.147 seconds
[2024-10-25T07:18:37.325+0000] {processor.py:186} INFO - Started process (PID=601) to work on /opt/airflow/dags/table_dag.py
[2024-10-25T07:18:37.327+0000] {processor.py:914} INFO - Processing file /opt/airflow/dags/table_dag.py for tasks to queue
[2024-10-25T07:18:37.331+0000] {logging_mixin.py:190} INFO - [2024-10-25T07:18:37.330+0000] {dagbag.py:588} INFO - Filling up the DagBag from /opt/airflow/dags/table_dag.py
[2024-10-25T07:18:37.366+0000] {processor.py:925} INFO - DAG(s) 'table_dag' retrieved from /opt/airflow/dags/table_dag.py
[2024-10-25T07:18:37.404+0000] {logging_mixin.py:190} INFO - [2024-10-25T07:18:37.403+0000] {dag.py:3239} INFO - Sync 1 DAGs
[2024-10-25T07:18:37.441+0000] {logging_mixin.py:190} INFO - [2024-10-25T07:18:37.441+0000] {dag.py:4180} INFO - Setting next_dagrun for table_dag to 2024-10-25 00:00:00+00:00, run_after=2024-10-26 00:00:00+00:00
[2024-10-25T07:18:37.489+0000] {processor.py:208} INFO - Processing /opt/airflow/dags/table_dag.py took 0.171 seconds
[2024-10-25T07:19:08.301+0000] {processor.py:186} INFO - Started process (PID=670) to work on /opt/airflow/dags/table_dag.py
[2024-10-25T07:19:08.303+0000] {processor.py:914} INFO - Processing file /opt/airflow/dags/table_dag.py for tasks to queue
[2024-10-25T07:19:08.309+0000] {logging_mixin.py:190} INFO - [2024-10-25T07:19:08.308+0000] {dagbag.py:588} INFO - Filling up the DagBag from /opt/airflow/dags/table_dag.py
[2024-10-25T07:19:08.348+0000] {processor.py:925} INFO - DAG(s) 'table_dag' retrieved from /opt/airflow/dags/table_dag.py
[2024-10-25T07:19:08.384+0000] {logging_mixin.py:190} INFO - [2024-10-25T07:19:08.383+0000] {dag.py:3239} INFO - Sync 1 DAGs
[2024-10-25T07:19:08.438+0000] {logging_mixin.py:190} INFO - [2024-10-25T07:19:08.437+0000] {dag.py:4180} INFO - Setting next_dagrun for table_dag to 2024-10-25 00:00:00+00:00, run_after=2024-10-26 00:00:00+00:00
[2024-10-25T07:19:08.476+0000] {processor.py:208} INFO - Processing /opt/airflow/dags/table_dag.py took 0.184 seconds
[2024-10-25T07:19:39.110+0000] {processor.py:186} INFO - Started process (PID=739) to work on /opt/airflow/dags/table_dag.py
[2024-10-25T07:19:39.112+0000] {processor.py:914} INFO - Processing file /opt/airflow/dags/table_dag.py for tasks to queue
[2024-10-25T07:19:39.115+0000] {logging_mixin.py:190} INFO - [2024-10-25T07:19:39.115+0000] {dagbag.py:588} INFO - Filling up the DagBag from /opt/airflow/dags/table_dag.py
[2024-10-25T07:19:39.161+0000] {processor.py:925} INFO - DAG(s) 'table_dag' retrieved from /opt/airflow/dags/table_dag.py
[2024-10-25T07:19:39.195+0000] {logging_mixin.py:190} INFO - [2024-10-25T07:19:39.194+0000] {dag.py:3239} INFO - Sync 1 DAGs
[2024-10-25T07:19:39.224+0000] {logging_mixin.py:190} INFO - [2024-10-25T07:19:39.223+0000] {dag.py:4180} INFO - Setting next_dagrun for table_dag to 2024-10-25 00:00:00+00:00, run_after=2024-10-26 00:00:00+00:00
[2024-10-25T07:19:39.257+0000] {processor.py:208} INFO - Processing /opt/airflow/dags/table_dag.py took 0.154 seconds
[2024-10-25T07:20:09.496+0000] {processor.py:186} INFO - Started process (PID=807) to work on /opt/airflow/dags/table_dag.py
[2024-10-25T07:20:09.498+0000] {processor.py:914} INFO - Processing file /opt/airflow/dags/table_dag.py for tasks to queue
[2024-10-25T07:20:09.503+0000] {logging_mixin.py:190} INFO - [2024-10-25T07:20:09.502+0000] {dagbag.py:588} INFO - Filling up the DagBag from /opt/airflow/dags/table_dag.py
[2024-10-25T07:20:09.547+0000] {processor.py:925} INFO - DAG(s) 'table_dag' retrieved from /opt/airflow/dags/table_dag.py
[2024-10-25T07:20:09.568+0000] {logging_mixin.py:190} INFO - [2024-10-25T07:20:09.568+0000] {dag.py:3239} INFO - Sync 1 DAGs
[2024-10-25T07:20:09.588+0000] {logging_mixin.py:190} INFO - [2024-10-25T07:20:09.588+0000] {dag.py:4180} INFO - Setting next_dagrun for table_dag to 2024-10-25 00:00:00+00:00, run_after=2024-10-26 00:00:00+00:00
[2024-10-25T07:20:09.610+0000] {processor.py:208} INFO - Processing /opt/airflow/dags/table_dag.py took 0.122 seconds
[2024-10-25T07:20:39.733+0000] {processor.py:186} INFO - Started process (PID=876) to work on /opt/airflow/dags/table_dag.py
[2024-10-25T07:20:39.734+0000] {processor.py:914} INFO - Processing file /opt/airflow/dags/table_dag.py for tasks to queue
[2024-10-25T07:20:39.737+0000] {logging_mixin.py:190} INFO - [2024-10-25T07:20:39.737+0000] {dagbag.py:588} INFO - Filling up the DagBag from /opt/airflow/dags/table_dag.py
[2024-10-25T07:20:39.769+0000] {processor.py:925} INFO - DAG(s) 'table_dag' retrieved from /opt/airflow/dags/table_dag.py
[2024-10-25T07:20:39.790+0000] {logging_mixin.py:190} INFO - [2024-10-25T07:20:39.790+0000] {dag.py:3239} INFO - Sync 1 DAGs
[2024-10-25T07:20:39.811+0000] {logging_mixin.py:190} INFO - [2024-10-25T07:20:39.810+0000] {dag.py:4180} INFO - Setting next_dagrun for table_dag to 2024-10-25 00:00:00+00:00, run_after=2024-10-26 00:00:00+00:00
[2024-10-25T07:20:39.838+0000] {processor.py:208} INFO - Processing /opt/airflow/dags/table_dag.py took 0.110 seconds
[2024-10-25T07:21:10.134+0000] {processor.py:186} INFO - Started process (PID=945) to work on /opt/airflow/dags/table_dag.py
[2024-10-25T07:21:10.135+0000] {processor.py:914} INFO - Processing file /opt/airflow/dags/table_dag.py for tasks to queue
[2024-10-25T07:21:10.139+0000] {logging_mixin.py:190} INFO - [2024-10-25T07:21:10.138+0000] {dagbag.py:588} INFO - Filling up the DagBag from /opt/airflow/dags/table_dag.py
[2024-10-25T07:21:10.185+0000] {processor.py:925} INFO - DAG(s) 'table_dag' retrieved from /opt/airflow/dags/table_dag.py
[2024-10-25T07:21:10.215+0000] {logging_mixin.py:190} INFO - [2024-10-25T07:21:10.215+0000] {dag.py:3239} INFO - Sync 1 DAGs
[2024-10-25T07:21:10.249+0000] {logging_mixin.py:190} INFO - [2024-10-25T07:21:10.249+0000] {dag.py:4180} INFO - Setting next_dagrun for table_dag to 2024-10-25 00:00:00+00:00, run_after=2024-10-26 00:00:00+00:00
[2024-10-25T07:21:10.282+0000] {processor.py:208} INFO - Processing /opt/airflow/dags/table_dag.py took 0.157 seconds
[2024-10-25T07:21:40.665+0000] {processor.py:186} INFO - Started process (PID=1014) to work on /opt/airflow/dags/table_dag.py
[2024-10-25T07:21:40.667+0000] {processor.py:914} INFO - Processing file /opt/airflow/dags/table_dag.py for tasks to queue
[2024-10-25T07:21:40.670+0000] {logging_mixin.py:190} INFO - [2024-10-25T07:21:40.670+0000] {dagbag.py:588} INFO - Filling up the DagBag from /opt/airflow/dags/table_dag.py
[2024-10-25T07:21:40.713+0000] {processor.py:925} INFO - DAG(s) 'table_dag' retrieved from /opt/airflow/dags/table_dag.py
[2024-10-25T07:21:40.737+0000] {logging_mixin.py:190} INFO - [2024-10-25T07:21:40.736+0000] {dag.py:3239} INFO - Sync 1 DAGs
[2024-10-25T07:21:40.759+0000] {logging_mixin.py:190} INFO - [2024-10-25T07:21:40.759+0000] {dag.py:4180} INFO - Setting next_dagrun for table_dag to 2024-10-25 00:00:00+00:00, run_after=2024-10-26 00:00:00+00:00
[2024-10-25T07:21:40.783+0000] {processor.py:208} INFO - Processing /opt/airflow/dags/table_dag.py took 0.126 seconds
[2024-10-25T07:22:11.512+0000] {processor.py:186} INFO - Started process (PID=1083) to work on /opt/airflow/dags/table_dag.py
[2024-10-25T07:22:11.514+0000] {processor.py:914} INFO - Processing file /opt/airflow/dags/table_dag.py for tasks to queue
[2024-10-25T07:22:11.520+0000] {logging_mixin.py:190} INFO - [2024-10-25T07:22:11.520+0000] {dagbag.py:588} INFO - Filling up the DagBag from /opt/airflow/dags/table_dag.py
[2024-10-25T07:22:11.570+0000] {processor.py:925} INFO - DAG(s) 'table_dag' retrieved from /opt/airflow/dags/table_dag.py
[2024-10-25T07:22:11.661+0000] {logging_mixin.py:190} INFO - [2024-10-25T07:22:11.660+0000] {dag.py:3239} INFO - Sync 1 DAGs
[2024-10-25T07:22:11.752+0000] {logging_mixin.py:190} INFO - [2024-10-25T07:22:11.752+0000] {dag.py:4180} INFO - Setting next_dagrun for table_dag to 2024-10-25 00:00:00+00:00, run_after=2024-10-26 00:00:00+00:00
[2024-10-25T07:22:11.807+0000] {processor.py:208} INFO - Processing /opt/airflow/dags/table_dag.py took 0.305 seconds
[2024-10-25T07:22:42.329+0000] {processor.py:186} INFO - Started process (PID=1152) to work on /opt/airflow/dags/table_dag.py
[2024-10-25T07:22:42.331+0000] {processor.py:914} INFO - Processing file /opt/airflow/dags/table_dag.py for tasks to queue
[2024-10-25T07:22:42.334+0000] {logging_mixin.py:190} INFO - [2024-10-25T07:22:42.333+0000] {dagbag.py:588} INFO - Filling up the DagBag from /opt/airflow/dags/table_dag.py
[2024-10-25T07:22:42.388+0000] {processor.py:925} INFO - DAG(s) 'table_dag' retrieved from /opt/airflow/dags/table_dag.py
[2024-10-25T07:22:42.433+0000] {logging_mixin.py:190} INFO - [2024-10-25T07:22:42.433+0000] {dag.py:3239} INFO - Sync 1 DAGs
[2024-10-25T07:22:42.482+0000] {logging_mixin.py:190} INFO - [2024-10-25T07:22:42.482+0000] {dag.py:4180} INFO - Setting next_dagrun for table_dag to 2024-10-25 00:00:00+00:00, run_after=2024-10-26 00:00:00+00:00
[2024-10-25T07:22:42.513+0000] {processor.py:208} INFO - Processing /opt/airflow/dags/table_dag.py took 0.189 seconds
[2024-10-25T07:23:12.909+0000] {processor.py:186} INFO - Started process (PID=1221) to work on /opt/airflow/dags/table_dag.py
[2024-10-25T07:23:12.910+0000] {processor.py:914} INFO - Processing file /opt/airflow/dags/table_dag.py for tasks to queue
[2024-10-25T07:23:12.914+0000] {logging_mixin.py:190} INFO - [2024-10-25T07:23:12.914+0000] {dagbag.py:588} INFO - Filling up the DagBag from /opt/airflow/dags/table_dag.py
[2024-10-25T07:23:12.948+0000] {processor.py:925} INFO - DAG(s) 'table_dag' retrieved from /opt/airflow/dags/table_dag.py
[2024-10-25T07:23:12.977+0000] {logging_mixin.py:190} INFO - [2024-10-25T07:23:12.977+0000] {dag.py:3239} INFO - Sync 1 DAGs
[2024-10-25T07:23:13.012+0000] {logging_mixin.py:190} INFO - [2024-10-25T07:23:13.012+0000] {dag.py:4180} INFO - Setting next_dagrun for table_dag to 2024-10-25 00:00:00+00:00, run_after=2024-10-26 00:00:00+00:00
[2024-10-25T07:23:13.044+0000] {processor.py:208} INFO - Processing /opt/airflow/dags/table_dag.py took 0.144 seconds
[2024-10-25T07:23:43.889+0000] {processor.py:186} INFO - Started process (PID=1290) to work on /opt/airflow/dags/table_dag.py
[2024-10-25T07:23:43.891+0000] {processor.py:914} INFO - Processing file /opt/airflow/dags/table_dag.py for tasks to queue
[2024-10-25T07:23:43.894+0000] {logging_mixin.py:190} INFO - [2024-10-25T07:23:43.893+0000] {dagbag.py:588} INFO - Filling up the DagBag from /opt/airflow/dags/table_dag.py
[2024-10-25T07:23:43.928+0000] {processor.py:925} INFO - DAG(s) 'table_dag' retrieved from /opt/airflow/dags/table_dag.py
[2024-10-25T07:23:43.953+0000] {logging_mixin.py:190} INFO - [2024-10-25T07:23:43.953+0000] {dag.py:3239} INFO - Sync 1 DAGs
[2024-10-25T07:23:43.982+0000] {logging_mixin.py:190} INFO - [2024-10-25T07:23:43.981+0000] {dag.py:4180} INFO - Setting next_dagrun for table_dag to 2024-10-25 00:00:00+00:00, run_after=2024-10-26 00:00:00+00:00
[2024-10-25T07:23:44.021+0000] {processor.py:208} INFO - Processing /opt/airflow/dags/table_dag.py took 0.136 seconds
[2024-10-25T07:24:14.647+0000] {processor.py:186} INFO - Started process (PID=1359) to work on /opt/airflow/dags/table_dag.py
[2024-10-25T07:24:14.649+0000] {processor.py:914} INFO - Processing file /opt/airflow/dags/table_dag.py for tasks to queue
[2024-10-25T07:24:14.652+0000] {logging_mixin.py:190} INFO - [2024-10-25T07:24:14.651+0000] {dagbag.py:588} INFO - Filling up the DagBag from /opt/airflow/dags/table_dag.py
[2024-10-25T07:24:14.687+0000] {processor.py:925} INFO - DAG(s) 'table_dag' retrieved from /opt/airflow/dags/table_dag.py
[2024-10-25T07:24:14.716+0000] {logging_mixin.py:190} INFO - [2024-10-25T07:24:14.716+0000] {dag.py:3239} INFO - Sync 1 DAGs
[2024-10-25T07:24:14.743+0000] {logging_mixin.py:190} INFO - [2024-10-25T07:24:14.743+0000] {dag.py:4180} INFO - Setting next_dagrun for table_dag to 2024-10-25 00:00:00+00:00, run_after=2024-10-26 00:00:00+00:00
[2024-10-25T07:24:14.776+0000] {processor.py:208} INFO - Processing /opt/airflow/dags/table_dag.py took 0.135 seconds
[2024-10-25T07:24:45.306+0000] {processor.py:186} INFO - Started process (PID=1428) to work on /opt/airflow/dags/table_dag.py
[2024-10-25T07:24:45.307+0000] {processor.py:914} INFO - Processing file /opt/airflow/dags/table_dag.py for tasks to queue
[2024-10-25T07:24:45.310+0000] {logging_mixin.py:190} INFO - [2024-10-25T07:24:45.310+0000] {dagbag.py:588} INFO - Filling up the DagBag from /opt/airflow/dags/table_dag.py
[2024-10-25T07:24:45.342+0000] {processor.py:925} INFO - DAG(s) 'table_dag' retrieved from /opt/airflow/dags/table_dag.py
[2024-10-25T07:24:45.365+0000] {logging_mixin.py:190} INFO - [2024-10-25T07:24:45.365+0000] {dag.py:3239} INFO - Sync 1 DAGs
[2024-10-25T07:24:45.388+0000] {logging_mixin.py:190} INFO - [2024-10-25T07:24:45.387+0000] {dag.py:4180} INFO - Setting next_dagrun for table_dag to 2024-10-25 00:00:00+00:00, run_after=2024-10-26 00:00:00+00:00
[2024-10-25T07:24:45.492+0000] {processor.py:208} INFO - Processing /opt/airflow/dags/table_dag.py took 0.193 seconds
[2024-10-25T07:25:16.207+0000] {processor.py:186} INFO - Started process (PID=1497) to work on /opt/airflow/dags/table_dag.py
[2024-10-25T07:25:16.208+0000] {processor.py:914} INFO - Processing file /opt/airflow/dags/table_dag.py for tasks to queue
[2024-10-25T07:25:16.210+0000] {logging_mixin.py:190} INFO - [2024-10-25T07:25:16.210+0000] {dagbag.py:588} INFO - Filling up the DagBag from /opt/airflow/dags/table_dag.py
[2024-10-25T07:25:16.241+0000] {processor.py:925} INFO - DAG(s) 'table_dag' retrieved from /opt/airflow/dags/table_dag.py
[2024-10-25T07:25:16.261+0000] {logging_mixin.py:190} INFO - [2024-10-25T07:25:16.261+0000] {dag.py:3239} INFO - Sync 1 DAGs
[2024-10-25T07:25:16.281+0000] {logging_mixin.py:190} INFO - [2024-10-25T07:25:16.281+0000] {dag.py:4180} INFO - Setting next_dagrun for table_dag to 2024-10-25 00:00:00+00:00, run_after=2024-10-26 00:00:00+00:00
[2024-10-25T07:25:16.367+0000] {processor.py:208} INFO - Processing /opt/airflow/dags/table_dag.py took 0.165 seconds
[2024-10-25T07:25:46.607+0000] {processor.py:186} INFO - Started process (PID=1566) to work on /opt/airflow/dags/table_dag.py
[2024-10-25T07:25:46.608+0000] {processor.py:914} INFO - Processing file /opt/airflow/dags/table_dag.py for tasks to queue
[2024-10-25T07:25:46.611+0000] {logging_mixin.py:190} INFO - [2024-10-25T07:25:46.610+0000] {dagbag.py:588} INFO - Filling up the DagBag from /opt/airflow/dags/table_dag.py
[2024-10-25T07:25:46.666+0000] {processor.py:925} INFO - DAG(s) 'table_dag' retrieved from /opt/airflow/dags/table_dag.py
[2024-10-25T07:25:46.690+0000] {logging_mixin.py:190} INFO - [2024-10-25T07:25:46.690+0000] {dag.py:3239} INFO - Sync 1 DAGs
[2024-10-25T07:25:46.712+0000] {logging_mixin.py:190} INFO - [2024-10-25T07:25:46.712+0000] {dag.py:4180} INFO - Setting next_dagrun for table_dag to 2024-10-25 00:00:00+00:00, run_after=2024-10-26 00:00:00+00:00
[2024-10-25T07:25:46.736+0000] {processor.py:208} INFO - Processing /opt/airflow/dags/table_dag.py took 0.134 seconds
[2024-10-25T07:26:17.278+0000] {processor.py:186} INFO - Started process (PID=1635) to work on /opt/airflow/dags/table_dag.py
[2024-10-25T07:26:17.280+0000] {processor.py:914} INFO - Processing file /opt/airflow/dags/table_dag.py for tasks to queue
[2024-10-25T07:26:17.285+0000] {logging_mixin.py:190} INFO - [2024-10-25T07:26:17.284+0000] {dagbag.py:588} INFO - Filling up the DagBag from /opt/airflow/dags/table_dag.py
[2024-10-25T07:26:17.316+0000] {processor.py:925} INFO - DAG(s) 'table_dag' retrieved from /opt/airflow/dags/table_dag.py
[2024-10-25T07:26:17.358+0000] {logging_mixin.py:190} INFO - [2024-10-25T07:26:17.358+0000] {dag.py:3239} INFO - Sync 1 DAGs
[2024-10-25T07:26:17.406+0000] {logging_mixin.py:190} INFO - [2024-10-25T07:26:17.406+0000] {dag.py:4180} INFO - Setting next_dagrun for table_dag to 2024-10-25 00:00:00+00:00, run_after=2024-10-26 00:00:00+00:00
[2024-10-25T07:26:17.448+0000] {processor.py:208} INFO - Processing /opt/airflow/dags/table_dag.py took 0.180 seconds
[2024-10-25T07:26:47.593+0000] {processor.py:186} INFO - Started process (PID=1705) to work on /opt/airflow/dags/table_dag.py
[2024-10-25T07:26:47.595+0000] {processor.py:914} INFO - Processing file /opt/airflow/dags/table_dag.py for tasks to queue
[2024-10-25T07:26:47.599+0000] {logging_mixin.py:190} INFO - [2024-10-25T07:26:47.598+0000] {dagbag.py:588} INFO - Filling up the DagBag from /opt/airflow/dags/table_dag.py
[2024-10-25T07:26:47.628+0000] {processor.py:925} INFO - DAG(s) 'table_dag' retrieved from /opt/airflow/dags/table_dag.py
[2024-10-25T07:26:47.662+0000] {logging_mixin.py:190} INFO - [2024-10-25T07:26:47.661+0000] {dag.py:3239} INFO - Sync 1 DAGs
[2024-10-25T07:26:47.702+0000] {logging_mixin.py:190} INFO - [2024-10-25T07:26:47.702+0000] {dag.py:4180} INFO - Setting next_dagrun for table_dag to 2024-10-25 00:00:00+00:00, run_after=2024-10-26 00:00:00+00:00
[2024-10-25T07:26:47.741+0000] {processor.py:208} INFO - Processing /opt/airflow/dags/table_dag.py took 0.156 seconds
[2024-10-25T07:27:18.193+0000] {processor.py:186} INFO - Started process (PID=1774) to work on /opt/airflow/dags/table_dag.py
[2024-10-25T07:27:18.195+0000] {processor.py:914} INFO - Processing file /opt/airflow/dags/table_dag.py for tasks to queue
[2024-10-25T07:27:18.199+0000] {logging_mixin.py:190} INFO - [2024-10-25T07:27:18.198+0000] {dagbag.py:588} INFO - Filling up the DagBag from /opt/airflow/dags/table_dag.py
[2024-10-25T07:27:18.229+0000] {processor.py:925} INFO - DAG(s) 'table_dag' retrieved from /opt/airflow/dags/table_dag.py
[2024-10-25T07:27:18.267+0000] {logging_mixin.py:190} INFO - [2024-10-25T07:27:18.267+0000] {dag.py:3239} INFO - Sync 1 DAGs
[2024-10-25T07:27:18.312+0000] {logging_mixin.py:190} INFO - [2024-10-25T07:27:18.312+0000] {dag.py:4180} INFO - Setting next_dagrun for table_dag to 2024-10-25 00:00:00+00:00, run_after=2024-10-26 00:00:00+00:00
[2024-10-25T07:27:18.342+0000] {processor.py:208} INFO - Processing /opt/airflow/dags/table_dag.py took 0.160 seconds
[2024-10-25T07:27:49.010+0000] {processor.py:186} INFO - Started process (PID=1842) to work on /opt/airflow/dags/table_dag.py
[2024-10-25T07:27:49.012+0000] {processor.py:914} INFO - Processing file /opt/airflow/dags/table_dag.py for tasks to queue
[2024-10-25T07:27:49.015+0000] {logging_mixin.py:190} INFO - [2024-10-25T07:27:49.014+0000] {dagbag.py:588} INFO - Filling up the DagBag from /opt/airflow/dags/table_dag.py
[2024-10-25T07:27:49.042+0000] {processor.py:925} INFO - DAG(s) 'table_dag' retrieved from /opt/airflow/dags/table_dag.py
[2024-10-25T07:27:49.061+0000] {logging_mixin.py:190} INFO - [2024-10-25T07:27:49.061+0000] {dag.py:3239} INFO - Sync 1 DAGs
[2024-10-25T07:27:49.092+0000] {logging_mixin.py:190} INFO - [2024-10-25T07:27:49.091+0000] {dag.py:4180} INFO - Setting next_dagrun for table_dag to 2024-10-25 00:00:00+00:00, run_after=2024-10-26 00:00:00+00:00
[2024-10-25T07:27:49.127+0000] {processor.py:208} INFO - Processing /opt/airflow/dags/table_dag.py took 0.122 seconds
[2024-10-25T07:28:19.264+0000] {processor.py:186} INFO - Started process (PID=1911) to work on /opt/airflow/dags/table_dag.py
[2024-10-25T07:28:19.266+0000] {processor.py:914} INFO - Processing file /opt/airflow/dags/table_dag.py for tasks to queue
[2024-10-25T07:28:19.269+0000] {logging_mixin.py:190} INFO - [2024-10-25T07:28:19.269+0000] {dagbag.py:588} INFO - Filling up the DagBag from /opt/airflow/dags/table_dag.py
[2024-10-25T07:28:19.307+0000] {processor.py:925} INFO - DAG(s) 'table_dag' retrieved from /opt/airflow/dags/table_dag.py
[2024-10-25T07:28:19.333+0000] {logging_mixin.py:190} INFO - [2024-10-25T07:28:19.333+0000] {dag.py:3239} INFO - Sync 1 DAGs
[2024-10-25T07:28:19.361+0000] {logging_mixin.py:190} INFO - [2024-10-25T07:28:19.360+0000] {dag.py:4180} INFO - Setting next_dagrun for table_dag to 2024-10-25 00:00:00+00:00, run_after=2024-10-26 00:00:00+00:00
[2024-10-25T07:28:19.387+0000] {processor.py:208} INFO - Processing /opt/airflow/dags/table_dag.py took 0.130 seconds
[2024-10-25T07:28:49.549+0000] {processor.py:186} INFO - Started process (PID=1980) to work on /opt/airflow/dags/table_dag.py
[2024-10-25T07:28:49.550+0000] {processor.py:914} INFO - Processing file /opt/airflow/dags/table_dag.py for tasks to queue
[2024-10-25T07:28:49.553+0000] {logging_mixin.py:190} INFO - [2024-10-25T07:28:49.553+0000] {dagbag.py:588} INFO - Filling up the DagBag from /opt/airflow/dags/table_dag.py
[2024-10-25T07:28:49.595+0000] {processor.py:925} INFO - DAG(s) 'table_dag' retrieved from /opt/airflow/dags/table_dag.py
[2024-10-25T07:28:49.641+0000] {logging_mixin.py:190} INFO - [2024-10-25T07:28:49.641+0000] {dag.py:3239} INFO - Sync 1 DAGs
[2024-10-25T07:28:49.666+0000] {logging_mixin.py:190} INFO - [2024-10-25T07:28:49.666+0000] {dag.py:4180} INFO - Setting next_dagrun for table_dag to 2024-10-25 00:00:00+00:00, run_after=2024-10-26 00:00:00+00:00
[2024-10-25T07:28:49.693+0000] {processor.py:208} INFO - Processing /opt/airflow/dags/table_dag.py took 0.149 seconds
[2024-10-25T07:29:20.041+0000] {processor.py:186} INFO - Started process (PID=2049) to work on /opt/airflow/dags/table_dag.py
[2024-10-25T07:29:20.042+0000] {processor.py:914} INFO - Processing file /opt/airflow/dags/table_dag.py for tasks to queue
[2024-10-25T07:29:20.044+0000] {logging_mixin.py:190} INFO - [2024-10-25T07:29:20.044+0000] {dagbag.py:588} INFO - Filling up the DagBag from /opt/airflow/dags/table_dag.py
[2024-10-25T07:29:20.073+0000] {processor.py:925} INFO - DAG(s) 'table_dag' retrieved from /opt/airflow/dags/table_dag.py
[2024-10-25T07:29:20.095+0000] {logging_mixin.py:190} INFO - [2024-10-25T07:29:20.095+0000] {dag.py:3239} INFO - Sync 1 DAGs
[2024-10-25T07:29:20.115+0000] {logging_mixin.py:190} INFO - [2024-10-25T07:29:20.115+0000] {dag.py:4180} INFO - Setting next_dagrun for table_dag to 2024-10-25 00:00:00+00:00, run_after=2024-10-26 00:00:00+00:00
[2024-10-25T07:29:20.138+0000] {processor.py:208} INFO - Processing /opt/airflow/dags/table_dag.py took 0.101 seconds
[2024-10-25T07:29:50.343+0000] {processor.py:186} INFO - Started process (PID=2118) to work on /opt/airflow/dags/table_dag.py
[2024-10-25T07:29:50.345+0000] {processor.py:914} INFO - Processing file /opt/airflow/dags/table_dag.py for tasks to queue
[2024-10-25T07:29:50.348+0000] {logging_mixin.py:190} INFO - [2024-10-25T07:29:50.348+0000] {dagbag.py:588} INFO - Filling up the DagBag from /opt/airflow/dags/table_dag.py
[2024-10-25T07:29:50.380+0000] {processor.py:925} INFO - DAG(s) 'table_dag' retrieved from /opt/airflow/dags/table_dag.py
[2024-10-25T07:29:50.404+0000] {logging_mixin.py:190} INFO - [2024-10-25T07:29:50.404+0000] {dag.py:3239} INFO - Sync 1 DAGs
[2024-10-25T07:29:50.430+0000] {logging_mixin.py:190} INFO - [2024-10-25T07:29:50.429+0000] {dag.py:4180} INFO - Setting next_dagrun for table_dag to 2024-10-25 00:00:00+00:00, run_after=2024-10-26 00:00:00+00:00
[2024-10-25T07:29:50.454+0000] {processor.py:208} INFO - Processing /opt/airflow/dags/table_dag.py took 0.116 seconds
[2024-10-25T07:30:20.638+0000] {processor.py:186} INFO - Started process (PID=2186) to work on /opt/airflow/dags/table_dag.py
[2024-10-25T07:30:20.640+0000] {processor.py:914} INFO - Processing file /opt/airflow/dags/table_dag.py for tasks to queue
[2024-10-25T07:30:20.643+0000] {logging_mixin.py:190} INFO - [2024-10-25T07:30:20.642+0000] {dagbag.py:588} INFO - Filling up the DagBag from /opt/airflow/dags/table_dag.py
[2024-10-25T07:30:20.678+0000] {processor.py:925} INFO - DAG(s) 'table_dag' retrieved from /opt/airflow/dags/table_dag.py
[2024-10-25T07:30:20.702+0000] {logging_mixin.py:190} INFO - [2024-10-25T07:30:20.702+0000] {dag.py:3239} INFO - Sync 1 DAGs
[2024-10-25T07:30:20.724+0000] {logging_mixin.py:190} INFO - [2024-10-25T07:30:20.724+0000] {dag.py:4180} INFO - Setting next_dagrun for table_dag to 2024-10-25 00:00:00+00:00, run_after=2024-10-26 00:00:00+00:00
[2024-10-25T07:30:20.747+0000] {processor.py:208} INFO - Processing /opt/airflow/dags/table_dag.py took 0.114 seconds
[2024-10-25T07:30:51.380+0000] {processor.py:186} INFO - Started process (PID=2254) to work on /opt/airflow/dags/table_dag.py
[2024-10-25T07:30:51.382+0000] {processor.py:914} INFO - Processing file /opt/airflow/dags/table_dag.py for tasks to queue
[2024-10-25T07:30:51.386+0000] {logging_mixin.py:190} INFO - [2024-10-25T07:30:51.386+0000] {dagbag.py:588} INFO - Filling up the DagBag from /opt/airflow/dags/table_dag.py
[2024-10-25T07:30:51.421+0000] {processor.py:925} INFO - DAG(s) 'table_dag' retrieved from /opt/airflow/dags/table_dag.py
[2024-10-25T07:30:51.445+0000] {logging_mixin.py:190} INFO - [2024-10-25T07:30:51.445+0000] {dag.py:3239} INFO - Sync 1 DAGs
[2024-10-25T07:30:51.469+0000] {logging_mixin.py:190} INFO - [2024-10-25T07:30:51.469+0000] {dag.py:4180} INFO - Setting next_dagrun for table_dag to 2024-10-25 00:00:00+00:00, run_after=2024-10-26 00:00:00+00:00
[2024-10-25T07:30:51.496+0000] {processor.py:208} INFO - Processing /opt/airflow/dags/table_dag.py took 0.122 seconds
[2024-10-25T07:31:21.985+0000] {processor.py:186} INFO - Started process (PID=2323) to work on /opt/airflow/dags/table_dag.py
[2024-10-25T07:31:21.987+0000] {processor.py:914} INFO - Processing file /opt/airflow/dags/table_dag.py for tasks to queue
[2024-10-25T07:31:21.991+0000] {logging_mixin.py:190} INFO - [2024-10-25T07:31:21.991+0000] {dagbag.py:588} INFO - Filling up the DagBag from /opt/airflow/dags/table_dag.py
[2024-10-25T07:31:22.025+0000] {processor.py:925} INFO - DAG(s) 'table_dag' retrieved from /opt/airflow/dags/table_dag.py
[2024-10-25T07:31:22.058+0000] {logging_mixin.py:190} INFO - [2024-10-25T07:31:22.057+0000] {dag.py:3239} INFO - Sync 1 DAGs
[2024-10-25T07:31:22.097+0000] {logging_mixin.py:190} INFO - [2024-10-25T07:31:22.097+0000] {dag.py:4180} INFO - Setting next_dagrun for table_dag to 2024-10-25 00:00:00+00:00, run_after=2024-10-26 00:00:00+00:00
[2024-10-25T07:31:22.135+0000] {processor.py:208} INFO - Processing /opt/airflow/dags/table_dag.py took 0.159 seconds
[2024-10-25T07:31:52.766+0000] {processor.py:186} INFO - Started process (PID=2392) to work on /opt/airflow/dags/table_dag.py
[2024-10-25T07:31:52.768+0000] {processor.py:914} INFO - Processing file /opt/airflow/dags/table_dag.py for tasks to queue
[2024-10-25T07:31:52.770+0000] {logging_mixin.py:190} INFO - [2024-10-25T07:31:52.770+0000] {dagbag.py:588} INFO - Filling up the DagBag from /opt/airflow/dags/table_dag.py
[2024-10-25T07:31:52.805+0000] {processor.py:925} INFO - DAG(s) 'table_dag' retrieved from /opt/airflow/dags/table_dag.py
[2024-10-25T07:31:52.827+0000] {logging_mixin.py:190} INFO - [2024-10-25T07:31:52.826+0000] {dag.py:3239} INFO - Sync 1 DAGs
[2024-10-25T07:31:52.847+0000] {logging_mixin.py:190} INFO - [2024-10-25T07:31:52.847+0000] {dag.py:4180} INFO - Setting next_dagrun for table_dag to 2024-10-25 00:00:00+00:00, run_after=2024-10-26 00:00:00+00:00
[2024-10-25T07:31:52.872+0000] {processor.py:208} INFO - Processing /opt/airflow/dags/table_dag.py took 0.110 seconds
[2024-10-25T07:32:44.594+0000] {processor.py:186} INFO - Started process (PID=2418) to work on /opt/airflow/dags/table_dag.py
[2024-10-25T07:32:44.597+0000] {processor.py:914} INFO - Processing file /opt/airflow/dags/table_dag.py for tasks to queue
[2024-10-25T07:32:44.606+0000] {logging_mixin.py:190} INFO - [2024-10-25T07:32:44.605+0000] {dagbag.py:588} INFO - Filling up the DagBag from /opt/airflow/dags/table_dag.py
[2024-10-25T07:32:44.674+0000] {processor.py:925} INFO - DAG(s) 'table_dag' retrieved from /opt/airflow/dags/table_dag.py
[2024-10-25T07:32:44.743+0000] {logging_mixin.py:190} INFO - [2024-10-25T07:32:44.742+0000] {dag.py:3239} INFO - Sync 1 DAGs
[2024-10-25T07:32:44.839+0000] {logging_mixin.py:190} INFO - [2024-10-25T07:32:44.837+0000] {dag.py:4180} INFO - Setting next_dagrun for table_dag to 2024-10-25 00:00:00+00:00, run_after=2024-10-26 00:00:00+00:00
[2024-10-25T07:32:44.926+0000] {processor.py:208} INFO - Processing /opt/airflow/dags/table_dag.py took 0.351 seconds
[2024-10-25T07:33:15.337+0000] {processor.py:186} INFO - Started process (PID=2487) to work on /opt/airflow/dags/table_dag.py
[2024-10-25T07:33:15.339+0000] {processor.py:914} INFO - Processing file /opt/airflow/dags/table_dag.py for tasks to queue
[2024-10-25T07:33:15.341+0000] {logging_mixin.py:190} INFO - [2024-10-25T07:33:15.341+0000] {dagbag.py:588} INFO - Filling up the DagBag from /opt/airflow/dags/table_dag.py
[2024-10-25T07:33:15.382+0000] {processor.py:925} INFO - DAG(s) 'table_dag' retrieved from /opt/airflow/dags/table_dag.py
[2024-10-25T07:33:15.404+0000] {logging_mixin.py:190} INFO - [2024-10-25T07:33:15.403+0000] {dag.py:3239} INFO - Sync 1 DAGs
[2024-10-25T07:33:15.616+0000] {logging_mixin.py:190} INFO - [2024-10-25T07:33:15.616+0000] {dag.py:4180} INFO - Setting next_dagrun for table_dag to 2024-10-25 00:00:00+00:00, run_after=2024-10-26 00:00:00+00:00
[2024-10-25T07:33:15.636+0000] {processor.py:208} INFO - Processing /opt/airflow/dags/table_dag.py took 0.305 seconds
[2024-10-25T07:33:45.891+0000] {processor.py:186} INFO - Started process (PID=2556) to work on /opt/airflow/dags/table_dag.py
[2024-10-25T07:33:45.892+0000] {processor.py:914} INFO - Processing file /opt/airflow/dags/table_dag.py for tasks to queue
[2024-10-25T07:33:45.894+0000] {logging_mixin.py:190} INFO - [2024-10-25T07:33:45.894+0000] {dagbag.py:588} INFO - Filling up the DagBag from /opt/airflow/dags/table_dag.py
[2024-10-25T07:33:45.932+0000] {processor.py:925} INFO - DAG(s) 'table_dag' retrieved from /opt/airflow/dags/table_dag.py
[2024-10-25T07:33:45.953+0000] {logging_mixin.py:190} INFO - [2024-10-25T07:33:45.953+0000] {dag.py:3239} INFO - Sync 1 DAGs
[2024-10-25T07:33:45.977+0000] {logging_mixin.py:190} INFO - [2024-10-25T07:33:45.977+0000] {dag.py:4180} INFO - Setting next_dagrun for table_dag to 2024-10-25 00:00:00+00:00, run_after=2024-10-26 00:00:00+00:00
[2024-10-25T07:33:46.187+0000] {processor.py:208} INFO - Processing /opt/airflow/dags/table_dag.py took 0.303 seconds
[2024-10-25T07:34:16.396+0000] {processor.py:186} INFO - Started process (PID=2625) to work on /opt/airflow/dags/table_dag.py
[2024-10-25T07:34:16.398+0000] {processor.py:914} INFO - Processing file /opt/airflow/dags/table_dag.py for tasks to queue
[2024-10-25T07:34:16.399+0000] {logging_mixin.py:190} INFO - [2024-10-25T07:34:16.399+0000] {dagbag.py:588} INFO - Filling up the DagBag from /opt/airflow/dags/table_dag.py
[2024-10-25T07:34:16.428+0000] {processor.py:925} INFO - DAG(s) 'table_dag' retrieved from /opt/airflow/dags/table_dag.py
[2024-10-25T07:34:16.447+0000] {logging_mixin.py:190} INFO - [2024-10-25T07:34:16.447+0000] {dag.py:3239} INFO - Sync 1 DAGs
[2024-10-25T07:34:16.469+0000] {logging_mixin.py:190} INFO - [2024-10-25T07:34:16.468+0000] {dag.py:4180} INFO - Setting next_dagrun for table_dag to 2024-10-25 00:00:00+00:00, run_after=2024-10-26 00:00:00+00:00
[2024-10-25T07:34:16.657+0000] {processor.py:208} INFO - Processing /opt/airflow/dags/table_dag.py took 0.265 seconds
[2024-10-25T07:34:47.277+0000] {processor.py:186} INFO - Started process (PID=2694) to work on /opt/airflow/dags/table_dag.py
[2024-10-25T07:34:47.279+0000] {processor.py:914} INFO - Processing file /opt/airflow/dags/table_dag.py for tasks to queue
[2024-10-25T07:34:47.281+0000] {logging_mixin.py:190} INFO - [2024-10-25T07:34:47.281+0000] {dagbag.py:588} INFO - Filling up the DagBag from /opt/airflow/dags/table_dag.py
[2024-10-25T07:34:47.328+0000] {processor.py:925} INFO - DAG(s) 'table_dag' retrieved from /opt/airflow/dags/table_dag.py
[2024-10-25T07:34:47.360+0000] {logging_mixin.py:190} INFO - [2024-10-25T07:34:47.360+0000] {dag.py:3239} INFO - Sync 1 DAGs
[2024-10-25T07:34:47.396+0000] {logging_mixin.py:190} INFO - [2024-10-25T07:34:47.395+0000] {dag.py:4180} INFO - Setting next_dagrun for table_dag to 2024-10-25 00:00:00+00:00, run_after=2024-10-26 00:00:00+00:00
[2024-10-25T07:34:47.446+0000] {processor.py:208} INFO - Processing /opt/airflow/dags/table_dag.py took 0.175 seconds
[2024-10-25T07:35:18.268+0000] {processor.py:186} INFO - Started process (PID=2763) to work on /opt/airflow/dags/table_dag.py
[2024-10-25T07:35:18.270+0000] {processor.py:914} INFO - Processing file /opt/airflow/dags/table_dag.py for tasks to queue
[2024-10-25T07:35:18.271+0000] {logging_mixin.py:190} INFO - [2024-10-25T07:35:18.271+0000] {dagbag.py:588} INFO - Filling up the DagBag from /opt/airflow/dags/table_dag.py
[2024-10-25T07:35:18.303+0000] {processor.py:925} INFO - DAG(s) 'table_dag' retrieved from /opt/airflow/dags/table_dag.py
[2024-10-25T07:35:18.325+0000] {logging_mixin.py:190} INFO - [2024-10-25T07:35:18.325+0000] {dag.py:3239} INFO - Sync 1 DAGs
[2024-10-25T07:35:18.349+0000] {logging_mixin.py:190} INFO - [2024-10-25T07:35:18.349+0000] {dag.py:4180} INFO - Setting next_dagrun for table_dag to 2024-10-25 00:00:00+00:00, run_after=2024-10-26 00:00:00+00:00
[2024-10-25T07:35:18.376+0000] {processor.py:208} INFO - Processing /opt/airflow/dags/table_dag.py took 0.113 seconds
[2024-10-25T07:37:20.790+0000] {processor.py:186} INFO - Started process (PID=2837) to work on /opt/airflow/dags/table_dag.py
[2024-10-25T07:37:20.819+0000] {processor.py:914} INFO - Processing file /opt/airflow/dags/table_dag.py for tasks to queue
[2024-10-25T07:37:20.842+0000] {logging_mixin.py:190} INFO - [2024-10-25T07:37:20.841+0000] {dagbag.py:588} INFO - Filling up the DagBag from /opt/airflow/dags/table_dag.py
[2024-10-25T07:37:21.105+0000] {processor.py:925} INFO - DAG(s) 'table_dag' retrieved from /opt/airflow/dags/table_dag.py
[2024-10-25T07:37:22.713+0000] {logging_mixin.py:190} INFO - [2024-10-25T07:37:22.708+0000] {dag.py:3239} INFO - Sync 1 DAGs
[2024-10-25T07:37:22.848+0000] {logging_mixin.py:190} INFO - [2024-10-25T07:37:22.848+0000] {dag.py:4180} INFO - Setting next_dagrun for table_dag to 2024-10-25 00:00:00+00:00, run_after=2024-10-26 00:00:00+00:00
[2024-10-25T07:37:22.960+0000] {processor.py:208} INFO - Processing /opt/airflow/dags/table_dag.py took 1.636 seconds
[2024-10-25T07:37:52.240+0000] {processor.py:186} INFO - Started process (PID=54) to work on /opt/airflow/dags/table_dag.py
[2024-10-25T07:37:52.241+0000] {processor.py:914} INFO - Processing file /opt/airflow/dags/table_dag.py for tasks to queue
[2024-10-25T07:37:52.244+0000] {logging_mixin.py:190} INFO - [2024-10-25T07:37:52.243+0000] {dagbag.py:588} INFO - Filling up the DagBag from /opt/airflow/dags/table_dag.py
[2024-10-25T07:37:52.276+0000] {processor.py:925} INFO - DAG(s) 'table_dag' retrieved from /opt/airflow/dags/table_dag.py
[2024-10-25T07:37:52.310+0000] {logging_mixin.py:190} INFO - [2024-10-25T07:37:52.309+0000] {dag.py:3239} INFO - Sync 1 DAGs
[2024-10-25T07:37:52.336+0000] {logging_mixin.py:190} INFO - [2024-10-25T07:37:52.336+0000] {dag.py:4180} INFO - Setting next_dagrun for table_dag to 2024-10-25 00:00:00+00:00, run_after=2024-10-26 00:00:00+00:00
[2024-10-25T07:37:52.361+0000] {processor.py:208} INFO - Processing /opt/airflow/dags/table_dag.py took 0.125 seconds
[2024-10-25T07:38:22.702+0000] {processor.py:186} INFO - Started process (PID=124) to work on /opt/airflow/dags/table_dag.py
[2024-10-25T07:38:22.704+0000] {processor.py:914} INFO - Processing file /opt/airflow/dags/table_dag.py for tasks to queue
[2024-10-25T07:38:22.707+0000] {logging_mixin.py:190} INFO - [2024-10-25T07:38:22.706+0000] {dagbag.py:588} INFO - Filling up the DagBag from /opt/airflow/dags/table_dag.py
[2024-10-25T07:38:22.733+0000] {processor.py:925} INFO - DAG(s) 'table_dag' retrieved from /opt/airflow/dags/table_dag.py
[2024-10-25T07:38:22.753+0000] {logging_mixin.py:190} INFO - [2024-10-25T07:38:22.753+0000] {dag.py:3239} INFO - Sync 1 DAGs
[2024-10-25T07:38:22.774+0000] {logging_mixin.py:190} INFO - [2024-10-25T07:38:22.774+0000] {dag.py:4180} INFO - Setting next_dagrun for table_dag to 2024-10-25 00:00:00+00:00, run_after=2024-10-26 00:00:00+00:00
[2024-10-25T07:38:22.815+0000] {processor.py:208} INFO - Processing /opt/airflow/dags/table_dag.py took 0.119 seconds
