[2024-10-25T07:16:15.392+0000] {local_task_job_runner.py:123} INFO - ::group::Pre task execution logs
[2024-10-25T07:16:15.454+0000] {taskinstance.py:2612} INFO - Dependencies all met for dep_context=non-requeueable deps ti=<TaskInstance: table_dag.submit_table scheduled__2024-10-22T00:00:00+00:00 [queued]>
[2024-10-25T07:16:15.485+0000] {taskinstance.py:2612} INFO - Dependencies all met for dep_context=requeueable deps ti=<TaskInstance: table_dag.submit_table scheduled__2024-10-22T00:00:00+00:00 [queued]>
[2024-10-25T07:16:15.489+0000] {taskinstance.py:2865} INFO - Starting attempt 1 of 1
[2024-10-25T07:16:15.567+0000] {taskinstance.py:2888} INFO - Executing <Task(PinotTableSubmitOperator): submit_table> on 2024-10-22 00:00:00+00:00
[2024-10-25T07:16:15.610+0000] {standard_task_runner.py:104} INFO - Running: ['***', 'tasks', 'run', 'table_dag', 'submit_table', 'scheduled__2024-10-22T00:00:00+00:00', '--job-id', '220', '--raw', '--subdir', 'DAGS_FOLDER/table_dag.py', '--cfg-path', '/tmp/tmpqdyx1t61']
[2024-10-25T07:16:15.614+0000] {standard_task_runner.py:105} INFO - Job 220: Subtask submit_table
[2024-10-25T07:16:15.605+0000] {warnings.py:112} WARNING - /home/***/.local/lib/python3.12/site-packages/***/task/task_runner/standard_task_runner.py:70: DeprecationWarning: This process (pid=117) is multi-threaded, use of fork() may lead to deadlocks in the child.
  pid = os.fork()

[2024-10-25T07:16:15.622+0000] {standard_task_runner.py:72} INFO - Started process 203 to run task
[2024-10-25T07:16:15.854+0000] {task_command.py:467} INFO - Running <TaskInstance: table_dag.submit_table scheduled__2024-10-22T00:00:00+00:00 [running]> on host d993b9f280d5
[2024-10-25T07:16:16.747+0000] {taskinstance.py:3131} INFO - Exporting env vars: AIRFLOW_CTX_DAG_OWNER='saisunny' AIRFLOW_CTX_DAG_ID='table_dag' AIRFLOW_CTX_TASK_ID='submit_table' AIRFLOW_CTX_EXECUTION_DATE='2024-10-22T00:00:00+00:00' AIRFLOW_CTX_TRY_NUMBER='1' AIRFLOW_CTX_DAG_RUN_ID='scheduled__2024-10-22T00:00:00+00:00'
[2024-10-25T07:16:16.780+0000] {logging_mixin.py:190} INFO - Task instance is in running state
[2024-10-25T07:16:16.825+0000] {logging_mixin.py:190} INFO -  Previous state of the Task instance: queued
[2024-10-25T07:16:16.851+0000] {logging_mixin.py:190} INFO - Current task name:submit_table state:running start_date:2024-10-25 07:16:15.456781+00:00
[2024-10-25T07:16:16.871+0000] {logging_mixin.py:190} INFO - Dag name:table_dag and current dag run status:running
[2024-10-25T07:16:16.911+0000] {taskinstance.py:731} INFO - ::endgroup::
[2024-10-25T07:16:17.874+0000] {pinot_table_operator.py:32} ERROR - /opt/***/dags/tables/account_dim.json Table Submission Failed To Submit With 409 - {"code":409,"error":"Table config for account_dim_OFFLINE already exists. If this is unexpected, try deleting the table to remove all metadata associated with it."}
[2024-10-25T07:16:17.880+0000] {pinot_table_operator.py:38} ERROR - An Error Occurred: /opt/***/dags/tables/account_dim.json Table Submission Failed To Submit With 409
[2024-10-25T07:16:17.918+0000] {taskinstance.py:340} INFO - ::group::Post task execution logs
[2024-10-25T07:16:17.921+0000] {taskinstance.py:352} INFO - Marking task as SUCCESS. dag_id=table_dag, task_id=submit_table, run_id=scheduled__2024-10-22T00:00:00+00:00, execution_date=20241022T000000, start_date=20241025T071615, end_date=20241025T071617
[2024-10-25T07:16:17.966+0000] {logging_mixin.py:190} INFO - Task instance in success state
[2024-10-25T07:16:17.968+0000] {logging_mixin.py:190} INFO -  Previous state of the Task instance: running
[2024-10-25T07:16:17.970+0000] {logging_mixin.py:190} INFO - Dag name:table_dag queued_at:2024-10-25 07:14:43.913794+00:00
[2024-10-25T07:16:17.972+0000] {logging_mixin.py:190} INFO - Task hostname:d993b9f280d5 operator:PinotTableSubmitOperator
[2024-10-25T07:16:18.025+0000] {local_task_job_runner.py:266} INFO - Task exited with return code 0
[2024-10-25T07:16:18.123+0000] {local_task_job_runner.py:245} INFO - ::endgroup::
