[2024-10-21T05:32:41.475+0000] {local_task_job_runner.py:123} INFO - ::group::Pre task execution logs
[2024-10-21T05:32:41.554+0000] {taskinstance.py:2612} INFO - Dependencies all met for dep_context=non-requeueable deps ti=<TaskInstance: dimension_batch_ingestion.ingest_account_data manual__2024-10-21T05:32:38.060613+00:00 [queued]>
[2024-10-21T05:32:41.584+0000] {taskinstance.py:2612} INFO - Dependencies all met for dep_context=requeueable deps ti=<TaskInstance: dimension_batch_ingestion.ingest_account_data manual__2024-10-21T05:32:38.060613+00:00 [queued]>
[2024-10-21T05:32:41.587+0000] {taskinstance.py:2865} INFO - Starting attempt 1 of 1
[2024-10-21T05:32:41.625+0000] {taskinstance.py:2888} INFO - Executing <Task(BashOperator): ingest_account_data> on 2024-10-21 05:32:38.060613+00:00
[2024-10-21T05:32:41.653+0000] {warnings.py:112} WARNING - /home/***/.local/lib/python3.12/site-packages/***/task/task_runner/standard_task_runner.py:70: DeprecationWarning: This process (pid=317) is multi-threaded, use of fork() may lead to deadlocks in the child.
  pid = os.fork()

[2024-10-21T05:32:41.658+0000] {standard_task_runner.py:72} INFO - Started process 324 to run task
[2024-10-21T05:32:41.658+0000] {standard_task_runner.py:104} INFO - Running: ['***', 'tasks', 'run', 'dimension_batch_ingestion', 'ingest_account_data', 'manual__2024-10-21T05:32:38.060613+00:00', '--job-id', '147', '--raw', '--subdir', 'DAGS_FOLDER/loader_dag.py', '--cfg-path', '/tmp/tmpidr3clbe']
[2024-10-21T05:32:41.662+0000] {standard_task_runner.py:105} INFO - Job 147: Subtask ingest_account_data
[2024-10-21T05:32:42.118+0000] {task_command.py:467} INFO - Running <TaskInstance: dimension_batch_ingestion.ingest_account_data manual__2024-10-21T05:32:38.060613+00:00 [running]> on host b5fa23871e33
[2024-10-21T05:32:42.419+0000] {taskinstance.py:3131} INFO - Exporting env vars: AIRFLOW_CTX_DAG_OWNER='saisunny' AIRFLOW_CTX_DAG_ID='dimension_batch_ingestion' AIRFLOW_CTX_TASK_ID='ingest_account_data' AIRFLOW_CTX_EXECUTION_DATE='2024-10-21T05:32:38.060613+00:00' AIRFLOW_CTX_TRY_NUMBER='1' AIRFLOW_CTX_DAG_RUN_ID='manual__2024-10-21T05:32:38.060613+00:00'
[2024-10-21T05:32:42.427+0000] {logging_mixin.py:190} INFO - Task instance is in running state
[2024-10-21T05:32:42.429+0000] {logging_mixin.py:190} INFO -  Previous state of the Task instance: queued
[2024-10-21T05:32:42.432+0000] {logging_mixin.py:190} INFO - Current task name:ingest_account_data state:running start_date:2024-10-21 05:32:41.556617+00:00
[2024-10-21T05:32:42.433+0000] {logging_mixin.py:190} INFO - Dag name:dimension_batch_ingestion and current dag run status:running
[2024-10-21T05:32:42.436+0000] {taskinstance.py:731} INFO - ::endgroup::
[2024-10-21T05:32:42.441+0000] {subprocess.py:63} INFO - Tmp dir root location: /tmp
[2024-10-21T05:32:42.448+0000] {subprocess.py:75} INFO - Running command: ['/usr/bin/bash', '-c', 'curl -X POST -F file=@/opt/***/account_dim_large_data.csv -H "Content-Type: multipart/form-data" "http://pinot-controller:9000/ingestFromFile?tableNameWithType=account_dim_OFFLINE&batchConfigMapStr=%7B%22inputFormat%22%3A%22csv%22%2C%22recordReader.prop.delimiter%22%3A%22%2C%22%7D"']
[2024-10-21T05:32:42.497+0000] {subprocess.py:86} INFO - Output:
[2024-10-21T05:32:42.635+0000] {subprocess.py:93} INFO -   % Total    % Received % Xferd  Average Speed   Time    Time     Time  Current
[2024-10-21T05:32:42.639+0000] {subprocess.py:93} INFO -                                  Dload  Upload   Total   Spent    Left  Speed
[2024-10-21T05:32:51.907+0000] {subprocess.py:93} INFO -   0     0    0     0    0     0      0      0 --:--:-- --:--:-- --:--:--     0100  2888    0     0  100  2888      0   2392  0:00:01  0:00:01 --:--:--  2394100  2888    0     0  100  2888      0   1307  0:00:02  0:00:02 --:--:--  1307100  2888    0     0  100  2888      0    899  0:00:03  0:00:03 --:--:--   899100  2888    0     0  100  2888      0    685  0:00:04  0:00:04 --:--:--   685100  2888    0     0  100  2888      0    553  0:00:05  0:00:05 --:--:--   553100  2888    0     0  100  2888      0    464  0:00:06  0:00:06 --:--:--     0100  2888    0     0  100  2888      0    399  0:00:07  0:00:07 --:--:--     0100  2888    0     0  100  2888      0    351  0:00:08  0:00:08 --:--:--     0100  2888    0     0  100  2888      0    313  0:00:09  0:00:09 --:--:--     0100  2997  100   109  100  2888     11    311  0:00:09  0:00:09 --:--:--    26100  2997  100   109  100  2888     11    311  0:00:09  0:00:09 --:--:--    35
[2024-10-21T05:32:51.915+0000] {subprocess.py:93} INFO - {"status":"Successfully ingested file into table: account_dim_OFFLINE as segment: account_dim_1729488763269"}
[2024-10-21T05:32:51.919+0000] {subprocess.py:97} INFO - Command exited with return code 0
[2024-10-21T05:32:52.069+0000] {taskinstance.py:340} INFO - ::group::Post task execution logs
[2024-10-21T05:32:52.071+0000] {taskinstance.py:352} INFO - Marking task as SUCCESS. dag_id=dimension_batch_ingestion, task_id=ingest_account_data, run_id=manual__2024-10-21T05:32:38.060613+00:00, execution_date=20241021T053238, start_date=20241021T053241, end_date=20241021T053252
[2024-10-21T05:32:52.121+0000] {logging_mixin.py:190} INFO - Task instance in success state
[2024-10-21T05:32:52.124+0000] {logging_mixin.py:190} INFO -  Previous state of the Task instance: running
[2024-10-21T05:32:52.126+0000] {logging_mixin.py:190} INFO - Dag name:dimension_batch_ingestion queued_at:2024-10-21 05:32:38.120712+00:00
[2024-10-21T05:32:52.129+0000] {logging_mixin.py:190} INFO - Task hostname:b5fa23871e33 operator:BashOperator
[2024-10-21T05:32:52.205+0000] {local_task_job_runner.py:266} INFO - Task exited with return code 0
[2024-10-21T05:32:52.347+0000] {taskinstance.py:3900} INFO - 0 downstream tasks scheduled from follow-on schedule check
[2024-10-21T05:32:52.376+0000] {local_task_job_runner.py:245} INFO - ::endgroup::
