[2024-10-21T19:35:09.579+0000] {local_task_job_runner.py:123} INFO - ::group::Pre task execution logs
[2024-10-21T19:35:09.606+0000] {taskinstance.py:2612} INFO - Dependencies all met for dep_context=non-requeueable deps ti=<TaskInstance: customer_dim_generator.generate_customer_dim_data manual__2024-10-21T19:35:04.404796+00:00 [queued]>
[2024-10-21T19:35:09.620+0000] {taskinstance.py:2612} INFO - Dependencies all met for dep_context=requeueable deps ti=<TaskInstance: customer_dim_generator.generate_customer_dim_data manual__2024-10-21T19:35:04.404796+00:00 [queued]>
[2024-10-21T19:35:09.621+0000] {taskinstance.py:2865} INFO - Starting attempt 1 of 1
[2024-10-21T19:35:09.639+0000] {taskinstance.py:2888} INFO - Executing <Task(PythonOperator): generate_customer_dim_data> on 2024-10-21 19:35:04.404796+00:00
[2024-10-21T19:35:09.650+0000] {warnings.py:112} WARNING - /home/***/.local/lib/python3.12/site-packages/***/task/task_runner/standard_task_runner.py:70: DeprecationWarning: This process (pid=202) is multi-threaded, use of fork() may lead to deadlocks in the child.
  pid = os.fork()

[2024-10-21T19:35:09.652+0000] {standard_task_runner.py:104} INFO - Running: ['***', 'tasks', 'run', 'customer_dim_generator', 'generate_customer_dim_data', 'manual__2024-10-21T19:35:04.404796+00:00', '--job-id', '185', '--raw', '--subdir', 'DAGS_FOLDER/customer_dim_generator.py', '--cfg-path', '/tmp/tmpvdmnd7l0']
[2024-10-21T19:35:09.653+0000] {standard_task_runner.py:72} INFO - Started process 204 to run task
[2024-10-21T19:35:09.654+0000] {standard_task_runner.py:105} INFO - Job 185: Subtask generate_customer_dim_data
[2024-10-21T19:35:09.728+0000] {task_command.py:467} INFO - Running <TaskInstance: customer_dim_generator.generate_customer_dim_data manual__2024-10-21T19:35:04.404796+00:00 [running]> on host b5877bc8e957
[2024-10-21T19:35:09.842+0000] {taskinstance.py:3131} INFO - Exporting env vars: AIRFLOW_CTX_DAG_OWNER='saisunny' AIRFLOW_CTX_DAG_ID='customer_dim_generator' AIRFLOW_CTX_TASK_ID='generate_customer_dim_data' AIRFLOW_CTX_EXECUTION_DATE='2024-10-21T19:35:04.404796+00:00' AIRFLOW_CTX_TRY_NUMBER='1' AIRFLOW_CTX_DAG_RUN_ID='manual__2024-10-21T19:35:04.404796+00:00'
[2024-10-21T19:35:09.845+0000] {logging_mixin.py:190} INFO - Task instance is in running state
[2024-10-21T19:35:09.847+0000] {logging_mixin.py:190} INFO -  Previous state of the Task instance: queued
[2024-10-21T19:35:09.848+0000] {logging_mixin.py:190} INFO - Current task name:generate_customer_dim_data state:running start_date:2024-10-21 19:35:09.607220+00:00
[2024-10-21T19:35:09.850+0000] {logging_mixin.py:190} INFO - Dag name:customer_dim_generator and current dag run status:running
[2024-10-21T19:35:09.851+0000] {taskinstance.py:731} INFO - ::endgroup::
[2024-10-21T19:35:09.886+0000] {logging_mixin.py:190} INFO - CSV file ./customer_dim_large_data.csv with 100 rows has been generated successfully!
[2024-10-21T19:35:09.887+0000] {python.py:240} INFO - Done. Returned value was: None
[2024-10-21T19:35:09.902+0000] {taskinstance.py:340} INFO - ::group::Post task execution logs
[2024-10-21T19:35:09.904+0000] {taskinstance.py:352} INFO - Marking task as SUCCESS. dag_id=customer_dim_generator, task_id=generate_customer_dim_data, run_id=manual__2024-10-21T19:35:04.404796+00:00, execution_date=20241021T193504, start_date=20241021T193509, end_date=20241021T193509
[2024-10-21T19:35:09.920+0000] {logging_mixin.py:190} INFO - Task instance in success state
[2024-10-21T19:35:09.921+0000] {logging_mixin.py:190} INFO -  Previous state of the Task instance: running
[2024-10-21T19:35:09.922+0000] {logging_mixin.py:190} INFO - Dag name:customer_dim_generator queued_at:2024-10-21 19:35:04.419718+00:00
[2024-10-21T19:35:09.924+0000] {logging_mixin.py:190} INFO - Task hostname:b5877bc8e957 operator:PythonOperator
[2024-10-21T19:35:09.953+0000] {local_task_job_runner.py:266} INFO - Task exited with return code 0
[2024-10-21T19:35:09.981+0000] {taskinstance.py:3900} INFO - 0 downstream tasks scheduled from follow-on schedule check
[2024-10-21T19:35:09.983+0000] {local_task_job_runner.py:245} INFO - ::endgroup::
