[2024-10-21T06:00:52.507+0000] {local_task_job_runner.py:123} INFO - ::group::Pre task execution logs
[2024-10-21T06:00:52.561+0000] {taskinstance.py:2612} INFO - Dependencies all met for dep_context=non-requeueable deps ti=<TaskInstance: branch_dim_generator.generate_branch_dim_data manual__2024-10-21T06:00:46.071304+00:00 [queued]>
[2024-10-21T06:00:52.582+0000] {taskinstance.py:2612} INFO - Dependencies all met for dep_context=requeueable deps ti=<TaskInstance: branch_dim_generator.generate_branch_dim_data manual__2024-10-21T06:00:46.071304+00:00 [queued]>
[2024-10-21T06:00:52.585+0000] {taskinstance.py:2865} INFO - Starting attempt 1 of 1
[2024-10-21T06:00:52.630+0000] {taskinstance.py:2888} INFO - Executing <Task(PythonOperator): generate_branch_dim_data> on 2024-10-21 06:00:46.071304+00:00
[2024-10-21T06:00:52.653+0000] {warnings.py:112} WARNING - /home/***/.local/lib/python3.12/site-packages/***/task/task_runner/standard_task_runner.py:70: DeprecationWarning: This process (pid=182) is multi-threaded, use of fork() may lead to deadlocks in the child.
  pid = os.fork()

[2024-10-21T06:00:52.660+0000] {standard_task_runner.py:72} INFO - Started process 184 to run task
[2024-10-21T06:00:52.660+0000] {standard_task_runner.py:104} INFO - Running: ['***', 'tasks', 'run', 'branch_dim_generator', 'generate_branch_dim_data', 'manual__2024-10-21T06:00:46.071304+00:00', '--job-id', '172', '--raw', '--subdir', 'DAGS_FOLDER/branch_dim_generator.py', '--cfg-path', '/tmp/tmpb5nalzzd']
[2024-10-21T06:00:52.667+0000] {standard_task_runner.py:105} INFO - Job 172: Subtask generate_branch_dim_data
[2024-10-21T06:00:52.869+0000] {task_command.py:467} INFO - Running <TaskInstance: branch_dim_generator.generate_branch_dim_data manual__2024-10-21T06:00:46.071304+00:00 [running]> on host b5fa23871e33
[2024-10-21T06:00:53.136+0000] {taskinstance.py:3131} INFO - Exporting env vars: AIRFLOW_CTX_DAG_OWNER='saisunny' AIRFLOW_CTX_DAG_ID='branch_dim_generator' AIRFLOW_CTX_TASK_ID='generate_branch_dim_data' AIRFLOW_CTX_EXECUTION_DATE='2024-10-21T06:00:46.071304+00:00' AIRFLOW_CTX_TRY_NUMBER='1' AIRFLOW_CTX_DAG_RUN_ID='manual__2024-10-21T06:00:46.071304+00:00'
[2024-10-21T06:00:53.139+0000] {logging_mixin.py:190} INFO - Task instance is in running state
[2024-10-21T06:00:53.140+0000] {logging_mixin.py:190} INFO -  Previous state of the Task instance: queued
[2024-10-21T06:00:53.142+0000] {logging_mixin.py:190} INFO - Current task name:generate_branch_dim_data state:running start_date:2024-10-21 06:00:52.563036+00:00
[2024-10-21T06:00:53.144+0000] {logging_mixin.py:190} INFO - Dag name:branch_dim_generator and current dag run status:running
[2024-10-21T06:00:53.146+0000] {taskinstance.py:731} INFO - ::endgroup::
[2024-10-21T06:00:53.169+0000] {logging_mixin.py:190} INFO - CSV file './branch_dim_large_data.csv' with 50 rows has been generated successfully.
[2024-10-21T06:00:53.171+0000] {python.py:240} INFO - Done. Returned value was: None
[2024-10-21T06:00:53.201+0000] {taskinstance.py:340} INFO - ::group::Post task execution logs
[2024-10-21T06:00:53.203+0000] {taskinstance.py:352} INFO - Marking task as SUCCESS. dag_id=branch_dim_generator, task_id=generate_branch_dim_data, run_id=manual__2024-10-21T06:00:46.071304+00:00, execution_date=20241021T060046, start_date=20241021T060052, end_date=20241021T060053
[2024-10-21T06:00:53.226+0000] {logging_mixin.py:190} INFO - Task instance in success state
[2024-10-21T06:00:53.228+0000] {logging_mixin.py:190} INFO -  Previous state of the Task instance: running
[2024-10-21T06:00:53.230+0000] {logging_mixin.py:190} INFO - Dag name:branch_dim_generator queued_at:2024-10-21 06:00:46.092054+00:00
[2024-10-21T06:00:53.232+0000] {logging_mixin.py:190} INFO - Task hostname:b5fa23871e33 operator:PythonOperator
[2024-10-21T06:00:53.289+0000] {local_task_job_runner.py:266} INFO - Task exited with return code 0
[2024-10-21T06:00:53.348+0000] {taskinstance.py:3900} INFO - 0 downstream tasks scheduled from follow-on schedule check
[2024-10-21T06:00:53.353+0000] {local_task_job_runner.py:245} INFO - ::endgroup::
