[2024-10-19T21:31:43.439+0000] {local_task_job_runner.py:123} INFO - ::group::Pre task execution logs
[2024-10-19T21:31:43.497+0000] {taskinstance.py:2612} INFO - Dependencies all met for dep_context=non-requeueable deps ti=<TaskInstance: branch_dim_generator.generate_branch_dim_data scheduled__2024-10-17T00:00:00+00:00 [queued]>
[2024-10-19T21:31:43.523+0000] {taskinstance.py:2612} INFO - Dependencies all met for dep_context=requeueable deps ti=<TaskInstance: branch_dim_generator.generate_branch_dim_data scheduled__2024-10-17T00:00:00+00:00 [queued]>
[2024-10-19T21:31:43.525+0000] {taskinstance.py:2865} INFO - Starting attempt 1 of 1
[2024-10-19T21:31:43.586+0000] {taskinstance.py:2888} INFO - Executing <Task(PythonOperator): generate_branch_dim_data> on 2024-10-17 00:00:00+00:00
[2024-10-19T21:31:43.618+0000] {warnings.py:112} WARNING - /home/***/.local/lib/python3.12/site-packages/***/task/task_runner/standard_task_runner.py:70: DeprecationWarning: This process (pid=80) is multi-threaded, use of fork() may lead to deadlocks in the child.
  pid = os.fork()

[2024-10-19T21:31:43.644+0000] {standard_task_runner.py:72} INFO - Started process 94 to run task
[2024-10-19T21:31:43.647+0000] {standard_task_runner.py:104} INFO - Running: ['***', 'tasks', 'run', 'branch_dim_generator', 'generate_branch_dim_data', 'scheduled__2024-10-17T00:00:00+00:00', '--job-id', '22', '--raw', '--subdir', 'DAGS_FOLDER/branch_dim_generator.py', '--cfg-path', '/tmp/tmpl4rq2o6q']
[2024-10-19T21:31:43.661+0000] {standard_task_runner.py:105} INFO - Job 22: Subtask generate_branch_dim_data
[2024-10-19T21:31:43.996+0000] {task_command.py:467} INFO - Running <TaskInstance: branch_dim_generator.generate_branch_dim_data scheduled__2024-10-17T00:00:00+00:00 [running]> on host 04154260680e
[2024-10-19T21:31:45.194+0000] {taskinstance.py:3131} INFO - Exporting env vars: AIRFLOW_CTX_DAG_OWNER='saisunny' AIRFLOW_CTX_DAG_ID='branch_dim_generator' AIRFLOW_CTX_TASK_ID='generate_branch_dim_data' AIRFLOW_CTX_EXECUTION_DATE='2024-10-17T00:00:00+00:00' AIRFLOW_CTX_TRY_NUMBER='1' AIRFLOW_CTX_DAG_RUN_ID='scheduled__2024-10-17T00:00:00+00:00'
[2024-10-19T21:31:45.197+0000] {logging_mixin.py:190} INFO - Task instance is in running state
[2024-10-19T21:31:45.200+0000] {logging_mixin.py:190} INFO -  Previous state of the Task instance: queued
[2024-10-19T21:31:45.202+0000] {logging_mixin.py:190} INFO - Current task name:generate_branch_dim_data state:running start_date:2024-10-19 21:31:43.499732+00:00
[2024-10-19T21:31:45.205+0000] {logging_mixin.py:190} INFO - Dag name:branch_dim_generator and current dag run status:running
[2024-10-19T21:31:45.207+0000] {taskinstance.py:731} INFO - ::endgroup::
[2024-10-19T21:31:45.300+0000] {logging_mixin.py:190} INFO - CSV file './branch_dim_large_data.csv' with 50 rows has been generated successfully.
[2024-10-19T21:31:45.311+0000] {python.py:240} INFO - Done. Returned value was: None
[2024-10-19T21:31:45.407+0000] {taskinstance.py:340} INFO - ::group::Post task execution logs
[2024-10-19T21:31:45.412+0000] {taskinstance.py:352} INFO - Marking task as SUCCESS. dag_id=branch_dim_generator, task_id=generate_branch_dim_data, run_id=scheduled__2024-10-17T00:00:00+00:00, execution_date=20241017T000000, start_date=20241019T213143, end_date=20241019T213145
[2024-10-19T21:31:45.521+0000] {logging_mixin.py:190} INFO - Task instance in success state
[2024-10-19T21:31:45.525+0000] {logging_mixin.py:190} INFO -  Previous state of the Task instance: running
[2024-10-19T21:31:45.531+0000] {logging_mixin.py:190} INFO - Dag name:branch_dim_generator queued_at:2024-10-19 21:31:17.257288+00:00
[2024-10-19T21:31:45.534+0000] {logging_mixin.py:190} INFO - Task hostname:04154260680e operator:PythonOperator
[2024-10-19T21:31:45.628+0000] {local_task_job_runner.py:266} INFO - Task exited with return code 0
[2024-10-19T21:31:45.709+0000] {local_task_job_runner.py:245} INFO - ::endgroup::
