[2024-10-25T07:15:52.114+0000] {local_task_job_runner.py:123} INFO - ::group::Pre task execution logs
[2024-10-25T07:15:52.508+0000] {taskinstance.py:2612} INFO - Dependencies all met for dep_context=non-requeueable deps ti=<TaskInstance: customer_dim_generator.generate_customer_dim_data scheduled__2024-10-21T00:00:00+00:00 [queued]>
[2024-10-25T07:15:52.736+0000] {taskinstance.py:2612} INFO - Dependencies all met for dep_context=requeueable deps ti=<TaskInstance: customer_dim_generator.generate_customer_dim_data scheduled__2024-10-21T00:00:00+00:00 [queued]>
[2024-10-25T07:15:52.769+0000] {taskinstance.py:2865} INFO - Starting attempt 1 of 1
[2024-10-25T07:15:53.227+0000] {taskinstance.py:2888} INFO - Executing <Task(PythonOperator): generate_customer_dim_data> on 2024-10-21 00:00:00+00:00
[2024-10-25T07:15:53.480+0000] {warnings.py:112} WARNING - /home/***/.local/lib/python3.12/site-packages/***/task/task_runner/standard_task_runner.py:70: DeprecationWarning: This process (pid=121) is multi-threaded, use of fork() may lead to deadlocks in the child.
  pid = os.fork()

[2024-10-25T07:15:53.582+0000] {standard_task_runner.py:104} INFO - Running: ['***', 'tasks', 'run', 'customer_dim_generator', 'generate_customer_dim_data', 'scheduled__2024-10-21T00:00:00+00:00', '--job-id', '211', '--raw', '--subdir', 'DAGS_FOLDER/customer_dim_generator.py', '--cfg-path', '/tmp/tmpo3aw21jo']
[2024-10-25T07:15:53.660+0000] {standard_task_runner.py:105} INFO - Job 211: Subtask generate_customer_dim_data
[2024-10-25T07:15:53.613+0000] {standard_task_runner.py:72} INFO - Started process 169 to run task
[2024-10-25T07:15:54.554+0000] {task_command.py:467} INFO - Running <TaskInstance: customer_dim_generator.generate_customer_dim_data scheduled__2024-10-21T00:00:00+00:00 [running]> on host d993b9f280d5
[2024-10-25T07:15:55.095+0000] {taskinstance.py:3131} INFO - Exporting env vars: AIRFLOW_CTX_DAG_OWNER='saisunny' AIRFLOW_CTX_DAG_ID='customer_dim_generator' AIRFLOW_CTX_TASK_ID='generate_customer_dim_data' AIRFLOW_CTX_EXECUTION_DATE='2024-10-21T00:00:00+00:00' AIRFLOW_CTX_TRY_NUMBER='1' AIRFLOW_CTX_DAG_RUN_ID='scheduled__2024-10-21T00:00:00+00:00'
[2024-10-25T07:15:55.112+0000] {logging_mixin.py:190} INFO - Task instance is in running state
[2024-10-25T07:15:55.131+0000] {logging_mixin.py:190} INFO -  Previous state of the Task instance: queued
[2024-10-25T07:15:55.132+0000] {logging_mixin.py:190} INFO - Current task name:generate_customer_dim_data state:running start_date:2024-10-25 07:15:52.541044+00:00
[2024-10-25T07:15:55.135+0000] {logging_mixin.py:190} INFO - Dag name:customer_dim_generator and current dag run status:running
[2024-10-25T07:15:55.138+0000] {taskinstance.py:731} INFO - ::endgroup::
[2024-10-25T07:15:55.226+0000] {logging_mixin.py:190} INFO - CSV file ./customer_dim_large_data.csv with 100 rows has been generated successfully!
[2024-10-25T07:15:55.232+0000] {python.py:240} INFO - Done. Returned value was: None
[2024-10-25T07:15:55.312+0000] {taskinstance.py:340} INFO - ::group::Post task execution logs
[2024-10-25T07:15:55.314+0000] {taskinstance.py:352} INFO - Marking task as SUCCESS. dag_id=customer_dim_generator, task_id=generate_customer_dim_data, run_id=scheduled__2024-10-21T00:00:00+00:00, execution_date=20241021T000000, start_date=20241025T071552, end_date=20241025T071555
[2024-10-25T07:15:55.421+0000] {logging_mixin.py:190} INFO - Task instance in success state
[2024-10-25T07:15:55.431+0000] {logging_mixin.py:190} INFO -  Previous state of the Task instance: running
[2024-10-25T07:15:55.450+0000] {logging_mixin.py:190} INFO - Dag name:customer_dim_generator queued_at:2024-10-25 07:14:39.884162+00:00
[2024-10-25T07:15:55.460+0000] {logging_mixin.py:190} INFO - Task hostname:d993b9f280d5 operator:PythonOperator
[2024-10-25T07:15:55.543+0000] {local_task_job_runner.py:266} INFO - Task exited with return code 0
[2024-10-25T07:15:55.668+0000] {taskinstance.py:3900} INFO - 0 downstream tasks scheduled from follow-on schedule check
[2024-10-25T07:15:55.689+0000] {local_task_job_runner.py:245} INFO - ::endgroup::
