[2024-10-21T00:18:32.769+0000] {local_task_job_runner.py:123} INFO - ::group::Pre task execution logs
[2024-10-21T00:18:32.897+0000] {taskinstance.py:2612} INFO - Dependencies all met for dep_context=non-requeueable deps ti=<TaskInstance: table_dag.submit_table scheduled__2024-10-20T00:00:00+00:00 [queued]>
[2024-10-21T00:18:32.971+0000] {taskinstance.py:2612} INFO - Dependencies all met for dep_context=requeueable deps ti=<TaskInstance: table_dag.submit_table scheduled__2024-10-20T00:00:00+00:00 [queued]>
[2024-10-21T00:18:32.974+0000] {taskinstance.py:2865} INFO - Starting attempt 1 of 1
[2024-10-21T00:18:33.081+0000] {taskinstance.py:2888} INFO - Executing <Task(PinotTableSubmitOperator): submit_table> on 2024-10-20 00:00:00+00:00
[2024-10-21T00:18:33.125+0000] {warnings.py:112} WARNING - /home/***/.local/lib/python3.12/site-packages/***/task/task_runner/standard_task_runner.py:70: DeprecationWarning: This process (pid=1113) is multi-threaded, use of fork() may lead to deadlocks in the child.
  pid = os.fork()

[2024-10-21T00:18:33.142+0000] {standard_task_runner.py:72} INFO - Started process 1132 to run task
[2024-10-21T00:18:33.139+0000] {standard_task_runner.py:104} INFO - Running: ['***', 'tasks', 'run', 'table_dag', 'submit_table', 'scheduled__2024-10-20T00:00:00+00:00', '--job-id', '123', '--raw', '--subdir', 'DAGS_FOLDER/table_dag.py', '--cfg-path', '/tmp/tmpjpk5eui8']
[2024-10-21T00:18:33.149+0000] {standard_task_runner.py:105} INFO - Job 123: Subtask submit_table
[2024-10-21T00:18:33.574+0000] {task_command.py:467} INFO - Running <TaskInstance: table_dag.submit_table scheduled__2024-10-20T00:00:00+00:00 [running]> on host b5fa23871e33
[2024-10-21T00:18:34.459+0000] {taskinstance.py:3131} INFO - Exporting env vars: AIRFLOW_CTX_DAG_OWNER='saisunny' AIRFLOW_CTX_DAG_ID='table_dag' AIRFLOW_CTX_TASK_ID='submit_table' AIRFLOW_CTX_EXECUTION_DATE='2024-10-20T00:00:00+00:00' AIRFLOW_CTX_TRY_NUMBER='1' AIRFLOW_CTX_DAG_RUN_ID='scheduled__2024-10-20T00:00:00+00:00'
[2024-10-21T00:18:34.475+0000] {logging_mixin.py:190} INFO - Task instance is in running state
[2024-10-21T00:18:34.479+0000] {logging_mixin.py:190} INFO -  Previous state of the Task instance: queued
[2024-10-21T00:18:34.486+0000] {logging_mixin.py:190} INFO - Current task name:submit_table state:running start_date:2024-10-21 00:18:32.907279+00:00
[2024-10-21T00:18:34.492+0000] {logging_mixin.py:190} INFO - Dag name:table_dag and current dag run status:running
[2024-10-21T00:18:34.513+0000] {taskinstance.py:731} INFO - ::endgroup::
[2024-10-21T00:18:37.674+0000] {pinot_table_operator.py:30} INFO - /opt/***/dags/tables/account_dim.json Table Successfully Submitted To Apache Pinot!
[2024-10-21T00:18:38.248+0000] {pinot_table_operator.py:30} INFO - /opt/***/dags/tables/branch_dim.json Table Successfully Submitted To Apache Pinot!
[2024-10-21T00:18:39.015+0000] {pinot_table_operator.py:30} INFO - /opt/***/dags/tables/customer_dim.json Table Successfully Submitted To Apache Pinot!
[2024-10-21T00:19:12.610+0000] {job.py:229} INFO - Heartbeat recovered after 29.45 seconds
[2024-10-21T00:19:24.815+0000] {pinot_table_operator.py:32} ERROR - /opt/***/dags/tables/transaction_facts.json Table Submission Failed To Submit With 500 - {"code":500,"error":"org.apache.pinot.spi.stream.TransientConsumerException: org.apache.pinot.shaded.org.apache.kafka.common.errors.TimeoutException: Timeout expired while fetching topic metadata"}
[2024-10-21T00:19:24.819+0000] {pinot_table_operator.py:38} ERROR - An Error Occurred: /opt/***/dags/tables/transaction_facts.json Table Submission Failed To Submit With 500
[2024-10-21T00:19:24.854+0000] {taskinstance.py:340} INFO - ::group::Post task execution logs
[2024-10-21T00:19:24.856+0000] {taskinstance.py:352} INFO - Marking task as SUCCESS. dag_id=table_dag, task_id=submit_table, run_id=scheduled__2024-10-20T00:00:00+00:00, execution_date=20241020T000000, start_date=20241021T001832, end_date=20241021T001924
[2024-10-21T00:19:24.886+0000] {logging_mixin.py:190} INFO - Task instance in success state
[2024-10-21T00:19:24.888+0000] {logging_mixin.py:190} INFO -  Previous state of the Task instance: running
[2024-10-21T00:19:24.889+0000] {logging_mixin.py:190} INFO - Dag name:table_dag queued_at:2024-10-21 00:18:13.307705+00:00
[2024-10-21T00:19:24.891+0000] {logging_mixin.py:190} INFO - Task hostname:b5fa23871e33 operator:PinotTableSubmitOperator
[2024-10-21T00:19:24.934+0000] {local_task_job_runner.py:266} INFO - Task exited with return code 0
[2024-10-21T00:19:25.014+0000] {taskinstance.py:3900} INFO - 0 downstream tasks scheduled from follow-on schedule check
[2024-10-21T00:19:25.023+0000] {local_task_job_runner.py:245} INFO - ::endgroup::
