[2024-10-25T07:34:13.689+0000] {local_task_job_runner.py:123} INFO - ::group::Pre task execution logs
[2024-10-25T07:34:13.710+0000] {taskinstance.py:2612} INFO - Dependencies all met for dep_context=non-requeueable deps ti=<TaskInstance: table_dag.submit_table manual__2024-10-25T07:34:09.065811+00:00 [queued]>
[2024-10-25T07:34:13.720+0000] {taskinstance.py:2612} INFO - Dependencies all met for dep_context=requeueable deps ti=<TaskInstance: table_dag.submit_table manual__2024-10-25T07:34:09.065811+00:00 [queued]>
[2024-10-25T07:34:13.722+0000] {taskinstance.py:2865} INFO - Starting attempt 1 of 1
[2024-10-25T07:34:13.737+0000] {taskinstance.py:2888} INFO - Executing <Task(PinotTableSubmitOperator): submit_table> on 2024-10-25 07:34:09.065811+00:00
[2024-10-25T07:34:13.748+0000] {warnings.py:112} WARNING - /home/***/.local/lib/python3.12/site-packages/***/task/task_runner/standard_task_runner.py:70: DeprecationWarning: This process (pid=474) is multi-threaded, use of fork() may lead to deadlocks in the child.
  pid = os.fork()

[2024-10-25T07:34:13.750+0000] {standard_task_runner.py:72} INFO - Started process 476 to run task
[2024-10-25T07:34:13.750+0000] {standard_task_runner.py:104} INFO - Running: ['***', 'tasks', 'run', 'table_dag', 'submit_table', 'manual__2024-10-25T07:34:09.065811+00:00', '--job-id', '234', '--raw', '--subdir', 'DAGS_FOLDER/table_dag.py', '--cfg-path', '/tmp/tmp1a_og3oa']
[2024-10-25T07:34:13.751+0000] {standard_task_runner.py:105} INFO - Job 234: Subtask submit_table
[2024-10-25T07:34:13.808+0000] {task_command.py:467} INFO - Running <TaskInstance: table_dag.submit_table manual__2024-10-25T07:34:09.065811+00:00 [running]> on host d993b9f280d5
[2024-10-25T07:34:13.904+0000] {taskinstance.py:3131} INFO - Exporting env vars: AIRFLOW_CTX_DAG_OWNER='saisunny' AIRFLOW_CTX_DAG_ID='table_dag' AIRFLOW_CTX_TASK_ID='submit_table' AIRFLOW_CTX_EXECUTION_DATE='2024-10-25T07:34:09.065811+00:00' AIRFLOW_CTX_TRY_NUMBER='1' AIRFLOW_CTX_DAG_RUN_ID='manual__2024-10-25T07:34:09.065811+00:00'
[2024-10-25T07:34:13.907+0000] {logging_mixin.py:190} INFO - Task instance is in running state
[2024-10-25T07:34:13.907+0000] {logging_mixin.py:190} INFO -  Previous state of the Task instance: queued
[2024-10-25T07:34:13.908+0000] {logging_mixin.py:190} INFO - Current task name:submit_table state:running start_date:2024-10-25 07:34:13.712032+00:00
[2024-10-25T07:34:13.909+0000] {logging_mixin.py:190} INFO - Dag name:table_dag and current dag run status:running
[2024-10-25T07:34:13.910+0000] {taskinstance.py:731} INFO - ::endgroup::
[2024-10-25T07:34:14.008+0000] {pinot_table_operator.py:30} INFO - /opt/***/dags/tables/account_dim.json Table Successfully Submitted To Apache Pinot!
[2024-10-25T07:34:14.131+0000] {pinot_table_operator.py:30} INFO - /opt/***/dags/tables/branch_dim.json Table Successfully Submitted To Apache Pinot!
[2024-10-25T07:34:14.236+0000] {pinot_table_operator.py:30} INFO - /opt/***/dags/tables/customer_dim.json Table Successfully Submitted To Apache Pinot!
[2024-10-25T07:34:14.616+0000] {pinot_table_operator.py:30} INFO - /opt/***/dags/tables/transaction_facts.json Table Successfully Submitted To Apache Pinot!
[2024-10-25T07:34:14.657+0000] {taskinstance.py:340} INFO - ::group::Post task execution logs
[2024-10-25T07:34:14.659+0000] {taskinstance.py:352} INFO - Marking task as SUCCESS. dag_id=table_dag, task_id=submit_table, run_id=manual__2024-10-25T07:34:09.065811+00:00, execution_date=20241025T073409, start_date=20241025T073413, end_date=20241025T073414
[2024-10-25T07:34:14.693+0000] {logging_mixin.py:190} INFO - Task instance in success state
[2024-10-25T07:34:14.694+0000] {logging_mixin.py:190} INFO -  Previous state of the Task instance: running
[2024-10-25T07:34:14.695+0000] {logging_mixin.py:190} INFO - Dag name:table_dag queued_at:2024-10-25 07:34:09.091177+00:00
[2024-10-25T07:34:14.697+0000] {logging_mixin.py:190} INFO - Task hostname:d993b9f280d5 operator:PinotTableSubmitOperator
[2024-10-25T07:34:14.744+0000] {local_task_job_runner.py:266} INFO - Task exited with return code 0
[2024-10-25T07:34:14.799+0000] {taskinstance.py:3900} INFO - 0 downstream tasks scheduled from follow-on schedule check
[2024-10-25T07:34:14.804+0000] {local_task_job_runner.py:245} INFO - ::endgroup::
